<client>
  <version>59</version>
  <baseCurrency>EUR</baseCurrency>
  <securities>
    <security>
      <uuid>0152978e-2ea2-436f-b07a-0333b988ea8b</uuid>
      <name>share-1</name>
      <currencyCode>EUR</currencyCode>
      <tickerSymbol>DTE.DE</tickerSymbol>
      <feed>YAHOO</feed>
      <prices>
        <price t="2013-06-10" v="897500000"/>
        <price t="2013-06-11" v="889500000"/>
        <price t="2013-06-12" v="879800000"/>
        <price t="2013-06-13" v="877400000"/>
        <price t="2013-06-14" v="875700000"/>
        <price t="2013-06-17" v="884700000"/>
        <price t="2013-06-18" v="886200000"/>
        <price t="2013-06-19" v="881700000"/>
        <price t="2013-06-20" v="862900000"/>
        <price t="2013-06-21" v="859300000"/>
        <price t="2013-06-24" v="843100000"/>
        <price t="2013-06-25" v="862000000"/>
        <price t="2013-06-26" v="879900000"/>
        <price t="2013-06-27" v="891900000"/>
        <price t="2013-06-28" v="896400000"/>
        <price t="2013-07-01" v="893200000"/>
        <price t="2013-07-02" v="894200000"/>
        <price t="2013-07-03" v="889400000"/>
        <price t="2013-07-04" v="903200000"/>
        <price t="2013-07-05" v="881000000"/>
        <price t="2013-07-08" v="888200000"/>
        <price t="2013-07-09" v="890600000"/>
        <price t="2013-07-10" v="885700000"/>
        <price t="2013-07-11" v="895100000"/>
        <price t="2013-07-12" v="900000000"/>
        <price t="2013-07-15" v="897000000"/>
        <price t="2013-07-16" v="888300000"/>
        <price t="2013-07-17" v="888000000"/>
        <price t="2013-07-18" v="895000000"/>
        <price t="2013-07-19" v="895500000"/>
        <price t="2013-07-22" v="914600000"/>
        <price t="2013-07-23" v="929800000"/>
        <price t="2013-07-24" v="931200000"/>
        <price t="2013-07-25" v="923900000"/>
        <price t="2013-07-26" v="920000000"/>
        <price t="2013-07-29" v="920100000"/>
        <price t="2013-07-30" v="922400000"/>
        <price t="2013-07-31" v="914800000"/>
        <price t="2013-08-01" v="925300000"/>
        <price t="2013-08-02" v="919000000"/>
        <price t="2013-08-05" v="919100000"/>
        <price t="2013-08-06" v="903000000"/>
        <price t="2013-08-07" v="905200000"/>
        <price t="2013-08-08" v="975000000"/>
        <price t="2013-08-09" v="971900000"/>
        <price t="2013-08-12" v="990000000"/>
        <price t="2013-08-13" v="993500000"/>
        <price t="2013-08-14" v="993000000"/>
        <price t="2013-08-15" v="972200000"/>
        <price t="2013-08-16" v="977300000"/>
        <price t="2013-08-19" v="966300000"/>
        <price t="2013-08-20" v="956900000"/>
        <price t="2013-08-21" v="962000000"/>
        <price t="2013-08-22" v="974000000"/>
        <price t="2013-08-23" v="974400000"/>
        <price t="2013-08-26" v="976400000"/>
        <price t="2013-08-27" v="958400000"/>
        <price t="2013-08-28" v="956400000"/>
        <price t="2013-08-29" v="969100000"/>
        <price t="2013-08-30" v="969200000"/>
        <price t="2013-09-02" v="981600000"/>
        <price t="2013-09-03" v="982800000"/>
        <price t="2013-09-04" v="980000000"/>
        <price t="2013-09-05" v="982000000"/>
        <price t="2013-09-06" v="963400000"/>
        <price t="2013-09-09" v="963400000"/>
        <price t="2013-09-10" v="972000000"/>
        <price t="2013-09-11" v="980900000"/>
        <price t="2013-09-12" v="989800000"/>
        <price t="2013-09-13" v="989300000"/>
        <price t="2013-09-16" v="998500000"/>
        <price t="2013-09-17" v="994000000"/>
        <price t="2013-09-18" v="1000000000"/>
        <price t="2013-09-19" v="1012000000"/>
        <price t="2013-09-20" v="1032000000"/>
        <price t="2013-09-23" v="1034500000"/>
        <price t="2013-09-24" v="1048500000"/>
        <price t="2013-09-25" v="1057000000"/>
        <price t="2013-09-26" v="1081000000"/>
        <price t="2013-09-27" v="1078000000"/>
        <price t="2013-09-30" v="1071500000"/>
        <price t="2013-10-01" v="1082000000"/>
        <price t="2013-10-02" v="1073500000"/>
        <price t="2013-10-04" v="1119000000"/>
        <price t="2013-10-07" v="1131000000"/>
        <price t="2013-10-08" v="1114000000"/>
        <price t="2013-10-09" v="1111500000"/>
        <price t="2013-10-10" v="1145000000"/>
        <price t="2013-10-11" v="1130000000"/>
        <price t="2013-10-14" v="1146500000"/>
        <price t="2013-10-15" v="1171500000"/>
        <price t="2013-10-16" v="1193000000"/>
        <price t="2013-10-17" v="1171000000"/>
        <price t="2013-10-18" v="1167500000"/>
        <price t="2013-10-21" v="1163500000"/>
        <price t="2013-10-22" v="1158500000"/>
        <price t="2013-10-23" v="1144000000"/>
        <price t="2013-10-24" v="1159000000"/>
        <price t="2013-10-25" v="1135500000"/>
        <price t="2013-10-28" v="1158500000"/>
        <price t="2013-10-29" v="1178500000"/>
        <price t="2013-10-30" v="1153000000"/>
        <price t="2013-10-31" v="1160000000"/>
        <price t="2013-11-01" v="1162500000"/>
        <price t="2013-11-04" v="1175000000"/>
        <price t="2013-11-05" v="1171500000"/>
        <price t="2013-11-06" v="1160500000"/>
        <price t="2013-11-07" v="1134000000"/>
        <price t="2013-11-08" v="1134500000"/>
        <price t="2013-11-11" v="1124000000"/>
        <price t="2013-11-12" v="1115000000"/>
        <price t="2013-11-13" v="1113000000"/>
        <price t="2013-11-14" v="1118000000"/>
        <price t="2013-11-15" v="1118000000"/>
        <price t="2013-11-18" v="1124000000"/>
        <price t="2013-11-19" v="1121000000"/>
        <price t="2013-11-20" v="1118000000"/>
        <price t="2013-11-21" v="1128000000"/>
        <price t="2013-11-22" v="1128000000"/>
        <price t="2013-11-25" v="1138000000"/>
        <price t="2013-11-26" v="1161500000"/>
        <price t="2013-11-27" v="1165000000"/>
        <price t="2013-11-28" v="1165500000"/>
        <price t="2013-11-29" v="1168500000"/>
        <price t="2013-12-02" v="1162000000"/>
        <price t="2013-12-03" v="1137500000"/>
        <price t="2013-12-04" v="1136000000"/>
        <price t="2013-12-05" v="1134500000"/>
        <price t="2013-12-06" v="1154000000"/>
        <price t="2013-12-09" v="1157000000"/>
        <price t="2013-12-10" v="1149500000"/>
        <price t="2013-12-11" v="1143500000"/>
        <price t="2013-12-12" v="1138500000"/>
        <price t="2013-12-13" v="1135500000"/>
        <price t="2013-12-16" v="1178500000"/>
        <price t="2013-12-17" v="1174000000"/>
        <price t="2013-12-18" v="1198000000"/>
        <price t="2013-12-19" v="1237000000"/>
        <price t="2013-12-20" v="1238000000"/>
        <price t="2013-12-23" v="1243500000"/>
        <price t="2013-12-27" v="1260000000"/>
        <price t="2013-12-30" v="1243000000"/>
        <price t="2014-01-02" v="1213000000"/>
        <price t="2014-01-03" v="1227000000"/>
        <price t="2014-01-06" v="1219000000"/>
        <price t="2014-01-07" v="1225000000"/>
        <price t="2014-01-08" v="1222500000"/>
        <price t="2014-01-09" v="1225000000"/>
        <price t="2014-01-10" v="1222000000"/>
        <price t="2014-01-13" v="1220500000"/>
        <price t="2014-01-14" v="1242000000"/>
        <price t="2014-01-15" v="1264000000"/>
        <price t="2014-01-16" v="1244500000"/>
        <price t="2014-01-17" v="1246000000"/>
        <price t="2014-01-20" v="1256500000"/>
        <price t="2014-01-21" v="1266500000"/>
        <price t="2014-01-22" v="1282500000"/>
        <price t="2014-01-23" v="1282000000"/>
        <price t="2014-01-24" v="1259000000"/>
        <price t="2014-01-27" v="1248500000"/>
        <price t="2014-01-28" v="1240500000"/>
        <price t="2014-01-29" v="1225000000"/>
        <price t="2014-01-30" v="1219500000"/>
        <price t="2014-01-31" v="1200000000"/>
        <price t="2014-02-03" v="1168000000"/>
        <price t="2014-02-04" v="1150000000"/>
        <price t="2014-02-05" v="1147000000"/>
        <price t="2014-02-06" v="1169000000"/>
        <price t="2014-02-07" v="1175500000"/>
        <price t="2014-02-10" v="1165500000"/>
        <price t="2014-02-11" v="1178500000"/>
        <price t="2014-02-12" v="1183000000"/>
        <price t="2014-02-13" v="1206000000"/>
        <price t="2014-02-14" v="1206500000"/>
        <price t="2014-02-17" v="1216000000"/>
        <price t="2014-02-18" v="1222000000"/>
        <price t="2014-02-19" v="1220500000"/>
        <price t="2014-02-20" v="1221000000"/>
        <price t="2014-02-21" v="1228000000"/>
        <price t="2014-02-24" v="1251000000"/>
        <price t="2014-02-25" v="1263000000"/>
        <price t="2014-02-26" v="1237500000"/>
        <price t="2014-02-27" v="1231500000"/>
        <price t="2014-02-28" v="1229500000"/>
        <price t="2014-03-03" v="1195000000"/>
        <price t="2014-03-04" v="1222500000"/>
        <price t="2014-03-05" v="1220000000"/>
        <price t="2014-03-06" v="1176000000"/>
        <price t="2014-03-07" v="1153500000"/>
        <price t="2014-03-10" v="1143500000"/>
        <price t="2014-03-11" v="1165000000"/>
        <price t="2014-03-12" v="1162500000"/>
        <price t="2014-03-13" v="1131500000"/>
        <price t="2014-03-14" v="1124500000"/>
        <price t="2014-03-17" v="1136500000"/>
        <price t="2014-03-18" v="1146500000"/>
        <price t="2014-03-19" v="1151000000"/>
        <price t="2014-03-20" v="1147000000"/>
        <price t="2014-03-21" v="1150000000"/>
        <price t="2014-03-24" v="1131500000"/>
        <price t="2014-03-25" v="1149500000"/>
        <price t="2014-03-26" v="1162000000"/>
        <price t="2014-03-27" v="1158500000"/>
        <price t="2014-03-28" v="1175000000"/>
        <price t="2014-03-31" v="1173000000"/>
        <price t="2014-04-01" v="1165000000"/>
        <price t="2014-04-02" v="1165500000"/>
        <price t="2014-04-03" v="1159000000"/>
        <price t="2014-04-04" v="1166000000"/>
        <price t="2014-04-07" v="1149500000"/>
        <price t="2014-04-08" v="1140000000"/>
        <price t="2014-04-09" v="1138000000"/>
        <price t="2014-04-10" v="1128000000"/>
        <price t="2014-04-11" v="1122500000"/>
        <price t="2014-04-14" v="1135000000"/>
        <price t="2014-04-15" v="1105000000"/>
        <price t="2014-04-16" v="1133000000"/>
        <price t="2014-04-17" v="1139000000"/>
        <price t="2014-04-22" v="1159500000"/>
        <price t="2014-04-23" v="1154000000"/>
        <price t="2014-04-24" v="1165000000"/>
        <price t="2014-04-25" v="1145000000"/>
        <price t="2014-04-28" v="1153000000"/>
        <price t="2014-04-29" v="1182000000"/>
        <price t="2014-04-30" v="1208500000"/>
        <price t="2014-05-02" v="1221500000"/>
        <price t="2014-05-05" v="1226500000"/>
        <price t="2014-05-06" v="1225000000"/>
        <price t="2014-05-07" v="1246000000"/>
        <price t="2014-05-08" v="1249000000"/>
        <price t="2014-05-09" v="1266000000"/>
        <price t="2014-05-12" v="1280000000"/>
        <price t="2014-05-13" v="1291000000"/>
        <price t="2014-05-14" v="1286000000"/>
        <price t="2014-05-15" v="1311500000"/>
        <price t="2014-05-16" v="1254500000"/>
        <price t="2014-05-19" v="1251500000"/>
        <price t="2014-05-20" v="1241500000"/>
        <price t="2014-05-21" v="1240000000"/>
        <price t="2014-05-22" v="1241500000"/>
        <price t="2014-05-23" v="1241500000"/>
        <price t="2014-05-26" v="1245000000"/>
        <price t="2014-05-27" v="1234000000"/>
        <price t="2014-05-28" v="1223000000"/>
        <price t="2014-05-29" v="1219000000"/>
        <price t="2014-05-30" v="1232500000"/>
        <price t="2014-06-02" v="1243500000"/>
        <price t="2014-06-03" v="1232500000"/>
        <price t="2014-06-04" v="1241000000"/>
        <price t="2014-06-05" v="1249000000"/>
        <price t="2014-06-06" v="1260500000"/>
        <price t="2014-06-09" v="1268500000"/>
        <price t="2014-06-10" v="1271000000"/>
        <price t="2014-06-11" v="1258500000"/>
        <price t="2014-06-12" v="1262000000"/>
        <price t="2014-06-13" v="1266500000"/>
        <price t="2014-06-16" v="1257000000"/>
        <price t="2014-06-17" v="1258500000"/>
        <price t="2014-06-18" v="1266000000"/>
        <price t="2014-06-19" v="1280000000"/>
        <price t="2014-06-20" v="1273500000"/>
        <price t="2014-06-23" v="1267500000"/>
        <price t="2014-06-24" v="1275000000"/>
        <price t="2014-06-25" v="1280000000"/>
        <price t="2014-06-26" v="1277500000"/>
        <price t="2014-06-27" v="1278500000"/>
        <price t="2014-06-30" v="1280000000"/>
        <price t="2014-07-01" v="1289500000"/>
        <price t="2014-07-02" v="1247500000"/>
        <price t="2014-07-03" v="1259000000"/>
        <price t="2014-07-04" v="1246500000"/>
        <price t="2014-07-07" v="1233500000"/>
        <price t="2014-07-08" v="1219000000"/>
        <price t="2014-07-09" v="1220000000"/>
        <price t="2014-07-10" v="1207000000"/>
        <price t="2014-07-11" v="1207500000"/>
        <price t="2014-07-14" v="1226500000"/>
        <price t="2014-07-15" v="1216000000"/>
        <price t="2014-07-16" v="1242500000"/>
        <price t="2014-07-17" v="1223500000"/>
        <price t="2014-07-18" v="1212000000"/>
        <price t="2014-07-21" v="1206000000"/>
        <price t="2014-07-22" v="1226000000"/>
        <price t="2014-07-23" v="1216500000"/>
        <price t="2014-07-24" v="1222000000"/>
        <price t="2014-07-25" v="1213500000"/>
        <price t="2014-07-28" v="1219000000"/>
        <price t="2014-07-29" v="1233500000"/>
        <price t="2014-07-30" v="1227500000"/>
        <price t="2014-07-31" v="1210500000"/>
        <price t="2014-08-01" v="1209000000"/>
        <price t="2014-08-04" v="1188000000"/>
        <price t="2014-08-05" v="1186500000"/>
        <price t="2014-08-06" v="1153500000"/>
        <price t="2014-08-07" v="1136000000"/>
        <price t="2014-08-08" v="1109000000"/>
        <price t="2014-08-11" v="1134000000"/>
        <price t="2014-08-12" v="1116000000"/>
        <price t="2014-08-13" v="1133000000"/>
        <price t="2014-08-14" v="1124000000"/>
        <price t="2014-08-15" v="1111000000"/>
        <price t="2014-08-18" v="1124500000"/>
        <price t="2014-08-19" v="1119500000"/>
        <price t="2014-08-20" v="1115500000"/>
        <price t="2014-08-21" v="1131500000"/>
        <price t="2014-08-22" v="1119500000"/>
        <price t="2014-08-25" v="1135500000"/>
        <price t="2014-08-26" v="1138500000"/>
        <price t="2014-08-27" v="1153000000"/>
        <price t="2014-08-28" v="1143000000"/>
        <price t="2014-08-29" v="1138000000"/>
        <price t="2014-09-01" v="1147000000"/>
        <price t="2014-09-02" v="1155500000"/>
        <price t="2014-09-03" v="1164000000"/>
        <price t="2014-09-04" v="1168000000"/>
        <price t="2014-09-05" v="1173000000"/>
        <price t="2014-09-08" v="1174500000"/>
        <price t="2014-09-09" v="1173000000"/>
        <price t="2014-09-10" v="1162000000"/>
        <price t="2014-09-11" v="1165000000"/>
        <price t="2014-09-12" v="1156500000"/>
        <price t="2014-09-15" v="1156000000"/>
        <price t="2014-09-16" v="1157500000"/>
        <price t="2014-09-17" v="1157000000"/>
        <price t="2014-09-18" v="1165000000"/>
        <price t="2014-09-19" v="1209000000"/>
        <price t="2014-09-22" v="1212000000"/>
        <price t="2014-09-23" v="1192500000"/>
        <price t="2014-09-24" v="1216500000"/>
        <price t="2014-09-25" v="1191000000"/>
        <price t="2014-09-26" v="1196000000"/>
        <price t="2014-09-29" v="1191000000"/>
        <price t="2014-09-30" v="1200000000"/>
        <price t="2014-10-01" v="1186000000"/>
        <price t="2014-10-02" v="1159500000"/>
        <price t="2014-10-06" v="1159000000"/>
        <price t="2014-10-07" v="1138500000"/>
        <price t="2014-10-08" v="1127000000"/>
        <price t="2014-10-09" v="1118000000"/>
        <price t="2014-10-10" v="1087000000"/>
        <price t="2014-10-13" v="1090500000"/>
        <price t="2014-10-14" v="1080000000"/>
        <price t="2014-10-15" v="1049000000"/>
        <price t="2014-10-16" v="1035000000"/>
        <price t="2014-10-17" v="1068000000"/>
        <price t="2014-10-20" v="1065000000"/>
        <price t="2014-10-21" v="1085000000"/>
        <price t="2014-10-22" v="1086500000"/>
        <price t="2014-10-23" v="1089500000"/>
        <price t="2014-10-24" v="1117500000"/>
        <price t="2014-10-27" v="1109500000"/>
        <price t="2014-10-28" v="1150000000"/>
        <price t="2014-10-29" v="1162500000"/>
        <price t="2014-10-30" v="1167500000"/>
        <price t="2014-10-31" v="1202000000"/>
        <price t="2014-11-03" v="1189500000"/>
        <price t="2014-11-04" v="1177000000"/>
        <price t="2014-11-05" v="1203500000"/>
        <price t="2014-11-06" v="1203000000"/>
        <price t="2014-11-07" v="1204500000"/>
        <price t="2014-11-10" v="1225500000"/>
        <price t="2014-11-11" v="1253000000"/>
        <price t="2014-11-12" v="1230500000"/>
        <price t="2014-11-13" v="1244500000"/>
        <price t="2014-11-14" v="1251500000"/>
        <price t="2014-11-17" v="1264000000"/>
        <price t="2014-11-18" v="1278000000"/>
        <price t="2014-11-19" v="1289500000"/>
        <price t="2014-11-20" v="1300000000"/>
        <price t="2014-11-21" v="1316000000"/>
        <price t="2014-11-24" v="1331000000"/>
        <price t="2014-11-25" v="1333500000"/>
        <price t="2014-11-26" v="1352500000"/>
        <price t="2014-11-27" v="1347500000"/>
        <price t="2014-11-28" v="1370000000"/>
        <price t="2014-12-01" v="1358000000"/>
        <price t="2014-12-02" v="1348500000"/>
        <price t="2014-12-03" v="1339000000"/>
        <price t="2014-12-04" v="1333000000"/>
        <price t="2014-12-05" v="1370500000"/>
        <price t="2014-12-08" v="1370500000"/>
        <price t="2014-12-09" v="1323500000"/>
        <price t="2014-12-10" v="1291500000"/>
        <price t="2014-12-11" v="1303000000"/>
        <price t="2014-12-12" v="1270500000"/>
        <price t="2014-12-15" v="1247500000"/>
        <price t="2014-12-16" v="1285500000"/>
        <price t="2014-12-17" v="1293000000"/>
        <price t="2014-12-18" v="1346000000"/>
        <price t="2014-12-19" v="1331500000"/>
        <price t="2014-12-22" v="1350000000"/>
        <price t="2014-12-23" v="1359500000"/>
        <price t="2014-12-29" v="1353500000"/>
        <price t="2014-12-30" v="1325000000"/>
        <price t="2015-01-02" v="1318500000"/>
        <price t="2015-01-05" v="1278000000"/>
        <price t="2015-01-06" v="1263000000"/>
        <price t="2015-01-07" v="1299000000"/>
        <price t="2015-01-08" v="1363000000"/>
        <price t="2015-01-09" v="1327000000"/>
        <price t="2015-01-12" v="1360500000"/>
        <price t="2015-01-13" v="1385500000"/>
        <price t="2015-01-14" v="1374500000"/>
        <price t="2015-01-15" v="1391500000"/>
        <price t="2015-01-16" v="1405000000"/>
        <price t="2015-01-19" v="1419500000"/>
        <price t="2015-01-20" v="1429500000"/>
        <price t="2015-01-21" v="1435000000"/>
        <price t="2015-01-22" v="1463000000"/>
        <price t="2015-01-23" v="1489500000"/>
        <price t="2015-01-26" v="1517000000"/>
        <price t="2015-01-27" v="1500000000"/>
        <price t="2015-01-28" v="1523500000"/>
        <price t="2015-01-29" v="1549000000"/>
        <price t="2015-01-30" v="1528500000"/>
        <price t="2015-02-02" v="1555500000"/>
        <price t="2015-02-03" v="1569500000"/>
        <price t="2015-02-04" v="1579000000"/>
        <price t="2015-02-05" v="1584000000"/>
        <price t="2015-02-06" v="1589500000"/>
        <price t="2015-02-09" v="1555500000"/>
        <price t="2015-02-10" v="1577500000"/>
        <price t="2015-02-11" v="1564000000"/>
        <price t="2015-02-12" v="1580500000"/>
        <price t="2015-02-13" v="1594000000"/>
        <price t="2015-02-16" v="1584000000"/>
        <price t="2015-02-17" v="1576000000"/>
        <price t="2015-02-18" v="1560000000"/>
        <price t="2015-02-19" v="1565000000"/>
        <price t="2015-02-20" v="1591500000"/>
        <price t="2015-02-23" v="1582000000"/>
        <price t="2015-02-24" v="1609500000"/>
        <price t="2015-02-25" v="1613000000"/>
        <price t="2015-02-26" v="1619000000"/>
        <price t="2015-02-27" v="1667000000"/>
        <price t="2015-03-02" v="1666500000"/>
        <price t="2015-03-03" v="1632500000"/>
        <price t="2015-03-04" v="1672000000"/>
        <price t="2015-03-05" v="1674000000"/>
        <price t="2015-03-06" v="1676000000"/>
        <price t="2015-03-09" v="1682500000"/>
        <price t="2015-03-10" v="1641500000"/>
        <price t="2015-03-11" v="1680000000"/>
        <price t="2015-03-12" v="1712000000"/>
        <price t="2015-03-13" v="1715000000"/>
        <price t="2015-03-16" v="1718500000"/>
        <price t="2015-03-17" v="1690000000"/>
        <price t="2015-03-18" v="1675000000"/>
        <price t="2015-03-19" v="1673000000"/>
        <price t="2015-03-20" v="1698500000"/>
        <price t="2015-03-23" v="1695500000"/>
        <price t="2015-03-24" v="1716500000"/>
        <price t="2015-03-25" v="1707000000"/>
        <price t="2015-03-26" v="1713500000"/>
        <price t="2015-03-27" v="1702500000"/>
        <price t="2015-03-30" v="1732000000"/>
        <price t="2015-03-31" v="1705000000"/>
        <price t="2015-04-01" v="1704500000"/>
        <price t="2015-04-02" v="1703000000"/>
        <price t="2015-04-07" v="1738000000"/>
        <price t="2015-04-08" v="1716000000"/>
        <price t="2015-04-09" v="1734000000"/>
        <price t="2015-04-10" v="1749000000"/>
        <price t="2015-04-13" v="1760000000"/>
        <price t="2015-04-14" v="1748500000"/>
        <price t="2015-04-15" v="1733500000"/>
        <price t="2015-04-16" v="1680500000"/>
        <price t="2015-04-17" v="1632500000"/>
        <price t="2015-04-20" v="1675000000"/>
        <price t="2015-04-21" v="1679000000"/>
        <price t="2015-04-22" v="1693500000"/>
        <price t="2015-04-23" v="1665500000"/>
        <price t="2015-04-24" v="1700500000"/>
        <price t="2015-04-27" v="1732500000"/>
        <price t="2015-04-28" v="1709500000"/>
        <price t="2015-04-29" v="1650000000"/>
        <price t="2015-04-30" v="1647500000"/>
        <price t="2015-05-04" v="1698000000"/>
        <price t="2015-05-05" v="1644500000"/>
        <price t="2015-05-06" v="1647500000"/>
        <price t="2015-05-07" v="1641500000"/>
        <price t="2015-05-08" v="1692500000"/>
        <price t="2015-05-11" v="1686000000"/>
        <price t="2015-05-12" v="1660000000"/>
        <price t="2015-05-13" v="1600500000"/>
        <price t="2015-05-14" v="1627500000"/>
        <price t="2015-05-15" v="1598000000"/>
        <price t="2015-05-18" v="1644000000"/>
        <price t="2015-05-19" v="1693500000"/>
        <price t="2015-05-20" v="1696000000"/>
        <price t="2015-05-21" v="1703000000"/>
        <price t="2015-05-22" v="1625500000"/>
        <price t="2015-05-26" v="1579500000"/>
        <price t="2015-05-27" v="1608500000"/>
        <price t="2015-05-28" v="1608500000"/>
        <price t="2015-05-29" v="1564500000"/>
        <price t="2015-06-01" v="1564500000"/>
        <price t="2015-06-02" v="1545500000"/>
        <price t="2015-06-03" v="1554500000"/>
        <price t="2015-06-04" v="1575000000"/>
        <price t="2015-06-05" v="1550000000"/>
        <price t="2015-06-08" v="1543000000"/>
        <price t="2015-06-09" v="1501500000"/>
        <price t="2015-06-10" v="1534000000"/>
        <price t="2015-06-11" v="1546000000"/>
        <price t="2015-06-12" v="1540500000"/>
        <price t="2015-06-15" v="1502500000"/>
        <price t="2015-06-16" v="1503000000"/>
        <price t="2015-06-17" v="1519000000"/>
        <price t="2015-06-18" v="1540500000"/>
        <price t="2015-06-19" v="1534000000"/>
        <price t="2015-06-22" v="1616000000"/>
        <price t="2015-06-23" v="1634500000"/>
        <price t="2015-06-24" v="1627500000"/>
        <price t="2015-06-25" v="1639000000"/>
        <price t="2015-06-26" v="1628500000"/>
        <price t="2015-06-29" v="1565500000"/>
        <price t="2015-06-30" v="1545000000"/>
        <price t="2015-07-01" v="1560500000"/>
        <price t="2015-07-02" v="1550000000"/>
        <price t="2015-07-03" v="1539500000"/>
        <price t="2015-07-06" v="1502000000"/>
        <price t="2015-07-07" v="1482500000"/>
        <price t="2015-07-08" v="1498500000"/>
        <price t="2015-07-09" v="1559000000"/>
        <price t="2015-07-10" v="1637500000"/>
        <price t="2015-07-13" v="1655000000"/>
        <price t="2015-07-14" v="1668000000"/>
        <price t="2015-07-15" v="1683500000"/>
        <price t="2015-07-16" v="1710500000"/>
        <price t="2015-07-17" v="1697500000"/>
        <price t="2015-07-20" v="1711500000"/>
        <price t="2015-07-21" v="1685000000"/>
        <price t="2015-07-22" v="1684500000"/>
        <price t="2015-07-23" v="1694000000"/>
        <price t="2015-07-24" v="1685000000"/>
        <price t="2015-07-27" v="1635500000"/>
        <price t="2015-07-28" v="1649000000"/>
        <price t="2015-07-29" v="1669000000"/>
        <price t="2015-07-30" v="1643000000"/>
        <price t="2015-07-31" v="1645000000"/>
        <price t="2015-08-03" v="1695000000"/>
        <price t="2015-08-04" v="1701500000"/>
        <price t="2015-08-05" v="1729000000"/>
        <price t="2015-08-06" v="1699000000"/>
        <price t="2015-08-07" v="1686500000"/>
        <price t="2015-08-10" v="1720000000"/>
        <price t="2015-08-11" v="1704000000"/>
        <price t="2015-08-12" v="1642000000"/>
        <price t="2015-08-13" v="1655000000"/>
        <price t="2015-08-14" v="1641500000"/>
        <price t="2015-08-17" v="1625000000"/>
        <price t="2015-08-18" v="1624000000"/>
        <price t="2015-08-19" v="1583000000"/>
        <price t="2015-08-20" v="1526500000"/>
        <price t="2015-08-21" v="1489500000"/>
        <price t="2015-08-24" v="1404000000"/>
        <price t="2015-08-25" v="1494000000"/>
        <price t="2015-08-26" v="1473500000"/>
        <price t="2015-08-27" v="1533500000"/>
        <price t="2015-08-28" v="1521500000"/>
        <price t="2015-08-31" v="1524500000"/>
        <price t="2015-09-01" v="1483000000"/>
        <price t="2015-09-02" v="1511000000"/>
        <price t="2015-09-03" v="1566500000"/>
        <price t="2015-09-04" v="1546000000"/>
        <price t="2015-09-07" v="1564500000"/>
        <price t="2015-09-08" v="1590500000"/>
        <price t="2015-09-09" v="1602000000"/>
        <price t="2015-09-10" v="1581500000"/>
        <price t="2015-09-11" v="1556500000"/>
        <price t="2015-09-14" v="1565000000"/>
        <price t="2015-09-15" v="1585000000"/>
        <price t="2015-09-16" v="1593500000"/>
        <price t="2015-09-17" v="1598000000"/>
        <price t="2015-09-18" v="1574500000"/>
        <price t="2015-09-21" v="1603000000"/>
        <price t="2015-09-22" v="1562000000"/>
        <price t="2015-09-23" v="1567500000"/>
        <price t="2015-09-24" v="1534500000"/>
        <price t="2015-09-25" v="1602500000"/>
        <price t="2015-09-28" v="1584000000"/>
        <price t="2015-09-29" v="1552000000"/>
        <price t="2015-09-30" v="1588500000"/>
        <price t="2015-10-01" v="1505500000"/>
        <price t="2015-10-02" v="1500000000"/>
        <price t="2015-10-05" v="1549500000"/>
        <price t="2015-10-06" v="1559500000"/>
        <price t="2015-10-07" v="1544500000"/>
        <price t="2015-10-08" v="1526000000"/>
        <price t="2015-10-09" v="1520500000"/>
        <price t="2015-10-12" v="1508500000"/>
        <price t="2015-10-13" v="1488000000"/>
        <price t="2015-10-14" v="1462500000"/>
        <price t="2015-10-15" v="1501000000"/>
        <price t="2015-10-16" v="1519000000"/>
        <price t="2015-10-19" v="1534500000"/>
        <price t="2015-10-20" v="1568000000"/>
        <price t="2015-10-21" v="1573500000"/>
        <price t="2015-10-22" v="1642500000"/>
        <price t="2015-10-23" v="1697000000"/>
        <price t="2015-10-26" v="1708000000"/>
        <price t="2015-10-27" v="1685500000"/>
        <price t="2015-10-28" v="1698500000"/>
        <price t="2015-10-29" v="1700000000"/>
        <price t="2015-10-30" v="1700500000"/>
        <price t="2015-11-02" v="1700000000"/>
        <price t="2015-11-03" v="1697000000"/>
        <price t="2015-11-04" v="1682000000"/>
        <price t="2015-11-05" v="1655000000"/>
        <price t="2015-11-06" v="1678000000"/>
        <price t="2015-11-09" v="1637000000"/>
        <price t="2015-11-10" v="1655000000"/>
        <price t="2015-11-11" v="1681500000"/>
        <price t="2015-11-12" v="1659500000"/>
        <price t="2015-11-13" v="1658000000"/>
        <price t="2015-11-16" v="1662000000"/>
        <price t="2015-11-17" v="1720000000"/>
        <price t="2015-11-18" v="1714500000"/>
        <price t="2015-11-19" v="1715500000"/>
        <price t="2015-11-20" v="1719500000"/>
        <price t="2015-11-23" v="1720000000"/>
        <price t="2015-11-24" v="1696000000"/>
        <price t="2015-11-25" v="1735500000"/>
        <price t="2015-11-26" v="1745500000"/>
        <price t="2015-11-27" v="1748000000"/>
        <price t="2015-11-30" v="1745500000"/>
        <price t="2015-12-01" v="1730500000"/>
        <price t="2015-12-02" v="1729000000"/>
        <price t="2015-12-03" v="1647000000"/>
        <price t="2015-12-04" v="1619000000"/>
        <price t="2015-12-07" v="1660000000"/>
        <price t="2015-12-08" v="1631000000"/>
        <price t="2015-12-09" v="1627000000"/>
        <price t="2015-12-10" v="1623500000"/>
        <price t="2015-12-11" v="1588500000"/>
        <price t="2015-12-14" v="1548000000"/>
        <price t="2015-12-15" v="1625000000"/>
        <price t="2015-12-16" v="1617500000"/>
        <price t="2015-12-17" v="1670500000"/>
        <price t="2015-12-18" v="1649000000"/>
        <price t="2015-12-21" v="1631000000"/>
        <price t="2015-12-22" v="1621500000"/>
        <price t="2015-12-23" v="1661500000"/>
        <price t="2015-12-25" v="1661500000"/>
        <price t="2015-12-28" v="1654500000"/>
        <price t="2015-12-29" v="1697000000"/>
        <price t="2015-12-30" v="1669000000"/>
        <price t="2016-01-04" v="1604000000"/>
        <price t="2016-01-05" v="1599000000"/>
        <price t="2016-01-06" v="1609000000"/>
        <price t="2016-01-07" v="1599000000"/>
        <price t="2016-01-08" v="1575500000"/>
        <price t="2016-01-11" v="1566500000"/>
        <price t="2016-01-12" v="1589000000"/>
        <price t="2016-01-13" v="1591000000"/>
        <price t="2016-01-14" v="1568500000"/>
        <price t="2016-01-15" v="1538500000"/>
        <price t="2016-01-18" v="1525500000"/>
        <price t="2016-01-19" v="1554500000"/>
        <price t="2016-01-20" v="1489500000"/>
        <price t="2016-01-21" v="1536000000"/>
        <price t="2016-01-22" v="1584500000"/>
        <price t="2016-01-25" v="1592500000"/>
        <price t="2016-01-26" v="1584000000"/>
        <price t="2016-01-27" v="1610000000"/>
        <price t="2016-01-28" v="1554500000"/>
        <price t="2016-01-29" v="1601500000"/>
        <price t="2016-02-01" v="1601500000"/>
        <price t="2016-02-02" v="1593500000"/>
        <price t="2016-02-03" v="1564000000"/>
        <price t="2016-02-04" v="1548500000"/>
        <price t="2016-02-05" v="1489000000"/>
        <price t="2016-02-08" v="1430000000"/>
        <price t="2016-02-09" v="1444500000"/>
        <price t="2016-02-10" v="1459000000"/>
        <price t="2016-02-11" v="1427000000"/>
        <price t="2016-02-12" v="1457000000"/>
        <price t="2016-02-15" v="1466000000"/>
        <price t="2016-02-16" v="1458000000"/>
        <price t="2016-02-17" v="1502000000"/>
        <price t="2016-02-18" v="1537000000"/>
        <price t="2016-02-19" v="1523500000"/>
        <price t="2016-02-22" v="1566000000"/>
        <price t="2016-02-23" v="1535500000"/>
        <price t="2016-02-24" v="1502000000"/>
        <price t="2016-02-25" v="1534000000"/>
        <price t="2016-02-26" v="1535000000"/>
        <price t="2016-02-29" v="1547000000"/>
        <price t="2016-03-01" v="1585000000"/>
        <price t="2016-03-02" v="1570500000"/>
        <price t="2016-03-03" v="1538000000"/>
        <price t="2016-03-04" v="1545500000"/>
        <price t="2016-03-07" v="1538000000"/>
        <price t="2016-03-08" v="1530000000"/>
        <price t="2016-03-09" v="1536000000"/>
        <price t="2016-03-10" v="1529500000"/>
        <price t="2016-03-11" v="1583000000"/>
        <price t="2016-03-14" v="1596500000"/>
        <price t="2016-03-15" v="1588500000"/>
        <price t="2016-03-16" v="1597500000"/>
        <price t="2016-03-17" v="1579500000"/>
        <price t="2016-03-18" v="1581500000"/>
        <price t="2016-03-21" v="1574000000"/>
        <price t="2016-03-22" v="1565500000"/>
        <price t="2016-03-23" v="1579500000"/>
        <price t="2016-03-24" v="1548000000"/>
        <price t="2016-03-29" v="1568500000"/>
        <price t="2016-03-30" v="1594500000"/>
        <price t="2016-03-31" v="1577500000"/>
        <price t="2016-04-01" v="1544500000"/>
        <price t="2016-04-04" v="1530500000"/>
        <price t="2016-04-05" v="1496500000"/>
        <price t="2016-04-06" v="1514500000"/>
        <price t="2016-04-07" v="1510000000"/>
        <price t="2016-04-08" v="1510500000"/>
        <price t="2016-04-11" v="1516000000"/>
        <price t="2016-04-12" v="1532000000"/>
        <price t="2016-04-13" v="1551000000"/>
        <price t="2016-04-14" v="1560500000"/>
        <price t="2016-04-15" v="1567500000"/>
        <price t="2016-04-18" v="1571000000"/>
        <price t="2016-04-19" v="1612500000"/>
        <price t="2016-04-20" v="1608500000"/>
        <price t="2016-04-21" v="1592000000"/>
        <price t="2016-04-22" v="1579000000"/>
        <price t="2016-04-25" v="1575000000"/>
        <price t="2016-04-26" v="1571500000"/>
        <price t="2016-04-27" v="1576000000"/>
        <price t="2016-04-28" v="1577000000"/>
        <price t="2016-04-29" v="1528500000"/>
        <price t="2016-05-02" v="1541000000"/>
        <price t="2016-05-03" v="1518000000"/>
        <price t="2016-05-04" v="1485500000"/>
        <price t="2016-05-05" v="1500000000"/>
        <price t="2016-05-06" v="1499500000"/>
        <price t="2016-05-09" v="1543500000"/>
        <price t="2016-05-10" v="1563000000"/>
        <price t="2016-05-11" v="1564500000"/>
        <price t="2016-05-12" v="1565500000"/>
        <price t="2016-05-13" v="1593000000"/>
        <price t="2016-05-17" v="1601500000"/>
        <price t="2016-05-18" v="1598500000"/>
        <price t="2016-05-19" v="1577500000"/>
        <price t="2016-05-20" v="1590500000"/>
        <price t="2016-05-23" v="1584500000"/>
        <price t="2016-05-24" v="1610000000"/>
        <price t="2016-05-25" v="1643000000"/>
        <price t="2016-05-26" v="1596500000"/>
        <price t="2016-05-27" v="1589500000"/>
        <price t="2016-05-30" v="1600000000"/>
        <price t="2016-05-31" v="1587000000"/>
        <price t="2016-06-01" v="1578000000"/>
        <price t="2016-06-02" v="1578000000"/>
        <price t="2016-06-03" v="1564500000"/>
        <price t="2016-06-06" v="1552500000"/>
        <price t="2016-06-07" v="1566500000"/>
        <price t="2016-06-08" v="1550000000"/>
        <price t="2016-06-09" v="1495000000"/>
        <price t="2016-06-10" v="1473000000"/>
        <price t="2016-06-13" v="1459500000"/>
        <price t="2016-06-14" v="1434500000"/>
        <price t="2016-06-15" v="1445000000"/>
        <price t="2016-06-16" v="1433000000"/>
        <price t="2016-06-17" v="1422500000"/>
        <price t="2016-06-20" v="1454000000"/>
        <price t="2016-06-21" v="1445000000"/>
        <price t="2016-06-22" v="1446000000"/>
        <price t="2016-06-23" v="1482500000"/>
        <price t="2016-06-24" v="1405500000"/>
        <price t="2016-06-27" v="1397500000"/>
        <price t="2016-06-28" v="1440000000"/>
        <price t="2016-06-29" v="1501500000"/>
        <price t="2016-06-30" v="1528000000"/>
        <price t="2016-07-01" v="1524500000"/>
        <price t="2016-07-04" v="1514000000"/>
        <price t="2016-07-05" v="1487000000"/>
        <price t="2016-07-06" v="1450000000"/>
        <price t="2016-07-07" v="1465500000"/>
        <price t="2016-07-08" v="1481500000"/>
        <price t="2016-07-11" v="1498000000"/>
        <price t="2016-07-12" v="1511000000"/>
        <price t="2016-07-13" v="1508000000"/>
        <price t="2016-07-14" v="1539500000"/>
        <price t="2016-07-15" v="1545500000"/>
        <price t="2016-07-18" v="1531500000"/>
        <price t="2016-07-19" v="1525000000"/>
        <price t="2016-07-20" v="1524500000"/>
        <price t="2016-07-21" v="1517500000"/>
        <price t="2016-07-22" v="1530000000"/>
        <price t="2016-07-25" v="1530000000"/>
        <price t="2016-07-26" v="1514000000"/>
        <price t="2016-07-27" v="1516000000"/>
        <price t="2016-07-28" v="1517500000"/>
        <price t="2016-07-29" v="1522500000"/>
        <price t="2016-08-01" v="1528000000"/>
        <price t="2016-08-02" v="1517500000"/>
        <price t="2016-08-03" v="1520000000"/>
        <price t="2016-08-04" v="1522500000"/>
        <price t="2016-08-05" v="1551500000"/>
        <price t="2016-08-08" v="1551000000"/>
        <price t="2016-08-09" v="1576000000"/>
        <price t="2016-08-10" v="1565500000"/>
        <price t="2016-08-11" v="1575500000"/>
        <price t="2016-08-12" v="1563500000"/>
        <price t="2016-08-15" v="1560000000"/>
        <price t="2016-08-16" v="1549000000"/>
        <price t="2016-08-17" v="1530500000"/>
        <price t="2016-08-18" v="1539500000"/>
        <price t="2016-08-19" v="1520500000"/>
        <price t="2016-08-22" v="1517000000"/>
        <price t="2016-08-23" v="1512000000"/>
        <price t="2016-08-24" v="1507500000"/>
        <price t="2016-08-25" v="1499500000"/>
        <price t="2016-08-26" v="1507500000"/>
        <price t="2016-08-29" v="1505000000"/>
        <price t="2016-08-30" v="1507500000"/>
        <price t="2016-08-31" v="1497000000"/>
        <price t="2016-09-01" v="1487500000"/>
        <price t="2016-09-02" v="1507000000"/>
        <price t="2016-09-05" v="1505000000"/>
        <price t="2016-09-06" v="1504000000"/>
        <price t="2016-09-07" v="1504000000"/>
        <price t="2016-09-08" v="1502000000"/>
        <price t="2016-09-09" v="1478000000"/>
        <price t="2016-09-12" v="1455000000"/>
        <price t="2016-09-13" v="1441500000"/>
        <price t="2016-09-14" v="1436000000"/>
        <price t="2016-09-15" v="1438500000"/>
        <price t="2016-09-16" v="1443500000"/>
        <price t="2016-09-19" v="1451000000"/>
        <price t="2016-09-20" v="1450000000"/>
        <price t="2016-09-21" v="1478500000"/>
        <price t="2016-09-22" v="1532500000"/>
        <price t="2016-09-23" v="1527500000"/>
        <price t="2016-09-26" v="1497000000"/>
        <price t="2016-09-27" v="1493000000"/>
        <price t="2016-09-28" v="1487000000"/>
        <price t="2016-09-29" v="1495000000"/>
        <price t="2016-09-30" v="1492000000"/>
        <price t="2016-10-04" v="1502500000"/>
        <price t="2016-10-05" v="1475500000"/>
        <price t="2016-10-06" v="1445500000"/>
        <price t="2016-10-07" v="1436000000"/>
        <price t="2016-10-10" v="1452000000"/>
        <price t="2016-10-11" v="1452000000"/>
        <price t="2016-10-12" v="1432000000"/>
        <price t="2016-10-13" v="1418000000"/>
        <price t="2016-10-14" v="1435000000"/>
        <price t="2016-10-17" v="1431000000"/>
        <price t="2016-10-18" v="1452500000"/>
        <price t="2016-10-19" v="1442000000"/>
        <price t="2016-10-20" v="1448500000"/>
        <price t="2016-10-21" v="1452500000"/>
        <price t="2016-10-24" v="1468500000"/>
        <price t="2016-10-25" v="1514000000"/>
        <price t="2016-10-26" v="1507000000"/>
        <price t="2016-10-27" v="1501500000"/>
        <price t="2016-10-28" v="1491500000"/>
        <price t="2016-10-31" v="1484500000"/>
        <price t="2016-11-01" v="1465000000"/>
        <price t="2016-11-02" v="1449000000"/>
        <price t="2016-11-03" v="1446500000"/>
        <price t="2016-11-04" v="1435000000"/>
        <price t="2016-11-07" v="1450000000"/>
        <price t="2016-11-08" v="1456000000"/>
        <price t="2016-11-09" v="1455000000"/>
        <price t="2016-11-10" v="1428500000"/>
        <price t="2016-11-11" v="1437000000"/>
        <price t="2016-11-14" v="1431000000"/>
        <price t="2016-11-15" v="1438500000"/>
        <price t="2016-11-16" v="1440500000"/>
        <price t="2016-11-17" v="1451500000"/>
        <price t="2016-11-18" v="1441000000"/>
        <price t="2016-11-21" v="1441000000"/>
        <price t="2016-11-22" v="1465000000"/>
        <price t="2016-11-23" v="1466500000"/>
        <price t="2016-11-24" v="1471000000"/>
        <price t="2016-11-25" v="1477500000"/>
        <price t="2016-11-28" v="1466000000"/>
        <price t="2016-11-29" v="1478000000"/>
        <price t="2016-11-30" v="1486500000"/>
        <price t="2016-12-01" v="1464500000"/>
        <price t="2016-12-02" v="1473000000"/>
        <price t="2016-12-05" v="1490000000"/>
        <price t="2016-12-06" v="1506000000"/>
        <price t="2016-12-07" v="1525500000"/>
        <price t="2016-12-08" v="1563500000"/>
        <price t="2016-12-09" v="1573500000"/>
        <price t="2016-12-12" v="1564500000"/>
        <price t="2016-12-13" v="1587500000"/>
        <price t="2016-12-14" v="1586000000"/>
        <price t="2016-12-15" v="1595000000"/>
        <price t="2016-12-16" v="1600000000"/>
        <price t="2016-12-19" v="1607500000"/>
        <price t="2016-12-20" v="1616000000"/>
        <price t="2016-12-21" v="1606500000"/>
        <price t="2016-12-22" v="1606500000"/>
        <price t="2016-12-23" v="1612000000"/>
        <price t="2016-12-27" v="1619000000"/>
        <price t="2016-12-28" v="1616500000"/>
        <price t="2016-12-29" v="1630000000"/>
        <price t="2016-12-30" v="1635500000"/>
        <price t="2017-01-02" v="1642500000"/>
        <price t="2017-01-03" v="1636500000"/>
        <price t="2017-01-04" v="1656000000"/>
        <price t="2017-01-05" v="1661000000"/>
        <price t="2017-01-06" v="1655000000"/>
        <price t="2017-01-09" v="1639000000"/>
        <price t="2017-01-10" v="1624500000"/>
        <price t="2017-01-11" v="1636500000"/>
        <price t="2017-01-12" v="1623500000"/>
        <price t="2017-01-13" v="1635500000"/>
        <price t="2017-01-16" v="1625500000"/>
        <price t="2017-01-17" v="1625000000"/>
        <price t="2017-01-18" v="1628000000"/>
        <price t="2017-01-19" v="1622000000"/>
        <price t="2017-01-20" v="1642500000"/>
        <price t="2017-01-23" v="1632000000"/>
        <price t="2017-01-24" v="1619000000"/>
        <price t="2017-01-25" v="1632500000"/>
        <price t="2017-01-26" v="1646000000"/>
        <price t="2017-01-27" v="1635000000"/>
        <price t="2017-01-30" v="1626500000"/>
        <price t="2017-01-31" v="1616000000"/>
        <price t="2017-02-01" v="1602500000"/>
        <price t="2017-02-02" v="1593000000"/>
        <price t="2017-02-03" v="1599500000"/>
        <price t="2017-02-06" v="1582500000"/>
        <price t="2017-02-07" v="1570000000"/>
        <price t="2017-02-08" v="1576500000"/>
        <price t="2017-02-09" v="1593000000"/>
        <price t="2017-02-10" v="1595000000"/>
        <price t="2017-02-13" v="1586500000"/>
        <price t="2017-02-14" v="1579500000"/>
        <price t="2017-02-15" v="1589000000"/>
        <price t="2017-02-16" v="1593500000"/>
        <price t="2017-02-17" v="1586000000"/>
        <price t="2017-02-20" v="1625000000"/>
        <price t="2017-02-21" v="1629500000"/>
        <price t="2017-02-22" v="1648500000"/>
        <price t="2017-02-23" v="1648500000"/>
        <price t="2017-02-24" v="1643000000"/>
        <price t="2017-02-27" v="1633500000"/>
        <price t="2017-02-28" v="1631000000"/>
        <price t="2017-03-01" v="1647000000"/>
        <price t="2017-03-02" v="1627500000"/>
        <price t="2017-03-03" v="1617000000"/>
        <price t="2017-03-06" v="1604000000"/>
        <price t="2017-03-07" v="1604500000"/>
        <price t="2017-03-08" v="1596000000"/>
        <price t="2017-03-09" v="1607000000"/>
        <price t="2017-03-10" v="1608000000"/>
        <price t="2017-03-13" v="1598500000"/>
        <price t="2017-03-14" v="1602000000"/>
        <price t="2017-03-15" v="1599000000"/>
        <price t="2017-03-16" v="1607000000"/>
        <price t="2017-03-17" v="1610500000"/>
        <price t="2017-03-20" v="1600000000"/>
        <price t="2017-03-21" v="1595500000"/>
        <price t="2017-03-22" v="1595500000"/>
        <price t="2017-03-23" v="1613000000"/>
        <price t="2017-03-24" v="1614500000"/>
        <price t="2017-03-27" v="1618500000"/>
        <price t="2017-03-28" v="1631500000"/>
        <price t="2017-03-29" v="1636000000"/>
        <price t="2017-03-30" v="1627500000"/>
        <price t="2017-03-31" v="1642500000"/>
        <price t="2017-04-03" v="1640000000"/>
        <price t="2017-04-04" v="1637000000"/>
        <price t="2017-04-05" v="1625500000"/>
        <price t="2017-04-06" v="1623000000"/>
        <price t="2017-04-07" v="1618000000"/>
        <price t="2017-04-10" v="1620000000"/>
        <price t="2017-04-11" v="1615000000"/>
        <price t="2017-04-12" v="1613500000"/>
        <price t="2017-04-13" v="1605500000"/>
        <price t="2017-04-18" v="1598000000"/>
        <price t="2017-04-19" v="1596000000"/>
        <price t="2017-04-20" v="1591500000"/>
        <price t="2017-04-21" v="1593000000"/>
        <price t="2017-04-24" v="1635500000"/>
        <price t="2017-04-25" v="1646000000"/>
        <price t="2017-04-26" v="1640000000"/>
        <price t="2017-04-27" v="1618500000"/>
        <price t="2017-04-28" v="1610000000"/>
        <price t="2017-05-02" v="1630000000"/>
        <price t="2017-05-03" v="1640500000"/>
        <price t="2017-05-04" v="1653000000"/>
        <price t="2017-05-05" v="1661000000"/>
        <price t="2017-05-08" v="1681000000"/>
        <price t="2017-05-09" v="1685500000"/>
        <price t="2017-05-10" v="1685500000"/>
        <price t="2017-05-11" v="1671500000"/>
        <price t="2017-05-12" v="1753000000"/>
        <price t="2017-05-15" v="1748000000"/>
        <price t="2017-05-16" v="1765000000"/>
        <price t="2017-05-17" v="1746500000"/>
        <price t="2017-05-18" v="1738500000"/>
        <price t="2017-05-19" v="1780000000"/>
        <price t="2017-05-22" v="1804500000"/>
        <price t="2017-05-23" v="1800000000"/>
        <price t="2017-05-24" v="1784500000"/>
        <price t="2017-05-25" v="1785000000"/>
        <price t="2017-05-26" v="1791000000"/>
        <price t="2017-05-29" v="1794500000"/>
        <price t="2017-05-30" v="1778000000"/>
        <price t="2017-05-31" v="1772500000"/>
        <price t="2017-06-01" v="1728000000"/>
        <price t="2017-06-02" v="1738000000"/>
        <price t="2017-06-05" v="1738000000"/>
        <price t="2017-06-06" v="1722500000"/>
        <price t="2017-06-07" v="1730500000"/>
        <price t="2017-06-08" v="1709500000"/>
        <price t="2017-06-09" v="1712500000"/>
        <price t="2017-06-12" v="1695500000"/>
        <price t="2017-06-13" v="1688000000"/>
        <price t="2017-06-14" v="1679500000"/>
        <price t="2017-06-15" v="1639500000"/>
        <price t="2017-06-16" v="1669000000"/>
        <price t="2017-06-19" v="1680500000"/>
        <price t="2017-06-20" v="1679000000"/>
        <price t="2017-06-21" v="1678000000"/>
        <price t="2017-06-22" v="1669500000"/>
        <price t="2017-06-23" v="1666000000"/>
        <price t="2017-06-26" v="1662000000"/>
        <price t="2017-06-27" v="1624000000"/>
        <price t="2017-06-28" v="1624500000"/>
        <price t="2017-06-29" v="1590500000"/>
        <price t="2017-06-30" v="1572000000"/>
        <price t="2017-07-03" v="1582500000"/>
        <price t="2017-07-04" v="1567500000"/>
        <price t="2017-07-05" v="1555500000"/>
        <price t="2017-07-06" v="1555000000"/>
        <price t="2017-07-07" v="1557000000"/>
        <price t="2017-07-10" v="1569500000"/>
        <price t="2017-07-11" v="1565000000"/>
        <price t="2017-07-12" v="1585500000"/>
        <price t="2017-07-13" v="1594000000"/>
        <price t="2017-07-14" v="1584000000"/>
        <price t="2017-07-17" v="1573500000"/>
        <price t="2017-07-18" v="1556000000"/>
        <price t="2017-07-19" v="1564500000"/>
        <price t="2017-07-20" v="1573500000"/>
        <price t="2017-07-21" v="1557500000"/>
        <price t="2017-07-24" v="1553500000"/>
        <price t="2017-07-25" v="1546500000"/>
        <price t="2017-07-26" v="1552500000"/>
        <price t="2017-07-27" v="1565000000"/>
        <price t="2017-07-28" v="1556500000"/>
        <price t="2017-07-31" v="1544500000"/>
        <price t="2017-08-01" v="1559500000"/>
        <price t="2017-08-02" v="1553500000"/>
        <price t="2017-08-03" v="1555500000"/>
        <price t="2017-08-04" v="1575000000"/>
        <price t="2017-08-07" v="1594500000"/>
        <price t="2017-08-08" v="1597500000"/>
        <price t="2017-08-09" v="1584500000"/>
        <price t="2017-08-10" v="1563000000"/>
        <price t="2017-08-11" v="1550000000"/>
        <price t="2017-08-14" v="1576500000"/>
        <price t="2017-08-15" v="1569500000"/>
        <price t="2017-08-16" v="1561500000"/>
        <price t="2017-08-17" v="1556500000"/>
        <price t="2017-08-18" v="1551000000"/>
        <price t="2017-08-21" v="1543000000"/>
        <price t="2017-08-22" v="1556000000"/>
        <price t="2017-08-23" v="1543000000"/>
        <price t="2017-08-24" v="1537500000"/>
        <price t="2017-08-25" v="1530000000"/>
        <price t="2017-08-28" v="1526000000"/>
        <price t="2017-08-29" v="1510500000"/>
        <price t="2017-08-30" v="1512000000"/>
        <price t="2017-08-31" v="1516000000"/>
        <price t="2017-09-01" v="1511500000"/>
        <price t="2017-09-04" v="1509000000"/>
        <price t="2017-09-05" v="1500000000"/>
        <price t="2017-09-06" v="1500000000"/>
        <price t="2017-09-07" v="1509000000"/>
        <price t="2017-09-08" v="1503000000"/>
        <price t="2017-09-11" v="1514500000"/>
        <price t="2017-09-12" v="1511000000"/>
        <price t="2017-09-13" v="1501000000"/>
        <price t="2017-09-14" v="1499000000"/>
        <price t="2017-09-15" v="1500500000"/>
        <price t="2017-09-18" v="1508500000"/>
        <price t="2017-09-19" v="1555500000"/>
        <price t="2017-09-20" v="1568000000"/>
        <price t="2017-09-21" v="1534000000"/>
        <price t="2017-09-22" v="1546000000"/>
        <price t="2017-09-25" v="1561000000"/>
        <price t="2017-09-26" v="1572500000"/>
        <price t="2017-09-27" v="1570000000"/>
        <price t="2017-09-28" v="1570500000"/>
        <price t="2017-09-29" v="1578500000"/>
        <price t="2017-10-02" v="1573500000"/>
        <price t="2017-10-03" v="1573500000"/>
        <price t="2017-10-04" v="1566500000"/>
        <price t="2017-10-05" v="1569500000"/>
        <price t="2017-10-06" v="1569500000"/>
        <price t="2017-10-09" v="1570500000"/>
        <price t="2017-10-10" v="1567000000"/>
        <price t="2017-10-11" v="1565500000"/>
        <price t="2017-10-12" v="1543000000"/>
        <price t="2017-10-13" v="1545000000"/>
        <price t="2017-10-16" v="1555500000"/>
        <price t="2017-10-17" v="1542500000"/>
        <price t="2017-10-18" v="1555000000"/>
        <price t="2017-10-19" v="1535000000"/>
        <price t="2017-10-20" v="1540500000"/>
        <price t="2017-10-23" v="1542000000"/>
        <price t="2017-10-24" v="1552000000"/>
        <price t="2017-10-25" v="1540500000"/>
        <price t="2017-10-26" v="1550000000"/>
        <price t="2017-10-27" v="1560000000"/>
        <price t="2017-10-30" v="1564000000"/>
        <price t="2017-10-31" v="1564000000"/>
        <price t="2017-11-01" v="1535000000"/>
        <price t="2017-11-02" v="1545000000"/>
        <price t="2017-11-03" v="1564000000"/>
        <price t="2017-11-06" v="1523000000"/>
        <price t="2017-11-07" v="1514500000"/>
        <price t="2017-11-08" v="1504500000"/>
        <price t="2017-11-09" v="1508000000"/>
        <price t="2017-11-10" v="1507500000"/>
        <price t="2017-11-13" v="1503000000"/>
        <price t="2017-11-14" v="1501500000"/>
        <price t="2017-11-15" v="1507500000"/>
        <price t="2017-11-16" v="1510000000"/>
        <price t="2017-11-17" v="1496000000"/>
        <price t="2017-11-20" v="1500000000"/>
        <price t="2017-11-21" v="1494500000"/>
        <price t="2017-11-22" v="1478000000"/>
        <price t="2017-11-23" v="1483000000"/>
        <price t="2017-11-24" v="1480500000"/>
        <price t="2017-11-27" v="1476000000"/>
        <price t="2017-11-28" v="1483500000"/>
        <price t="2017-11-29" v="1481000000"/>
        <price t="2017-11-30" v="1501000000"/>
        <price t="2017-12-01" v="1497500000"/>
        <price t="2017-12-04" v="1524500000"/>
        <price t="2017-12-05" v="1527500000"/>
        <price t="2017-12-06" v="1536000000"/>
        <price t="2017-12-07" v="1562000000"/>
        <price t="2017-12-08" v="1552000000"/>
        <price t="2017-12-11" v="1533000000"/>
        <price t="2017-12-12" v="1528000000"/>
        <price t="2017-12-13" v="1520000000"/>
        <price t="2017-12-14" v="1517500000"/>
        <price t="2017-12-15" v="1506500000"/>
        <price t="2017-12-18" v="1524500000"/>
        <price t="2017-12-19" v="1510500000"/>
        <price t="2017-12-20" v="1500000000"/>
        <price t="2017-12-21" v="1504500000"/>
        <price t="2017-12-22" v="1500500000"/>
        <price t="2017-12-27" v="1499500000"/>
        <price t="2017-12-28" v="1483000000"/>
        <price t="2017-12-29" v="1479500000"/>
        <price t="2018-01-02" v="1482500000"/>
        <price t="2018-01-03" v="1479000000"/>
        <price t="2018-01-04" v="1487000000"/>
        <price t="2018-01-05" v="1495000000"/>
        <price t="2018-01-08" v="1503000000"/>
        <price t="2018-01-09" v="1498500000"/>
        <price t="2018-01-10" v="1474000000"/>
        <price t="2018-01-11" v="1440500000"/>
        <price t="2018-01-12" v="1446000000"/>
        <price t="2018-01-15" v="1446000000"/>
        <price t="2018-01-16" v="1456500000"/>
        <price t="2018-01-17" v="1444500000"/>
        <price t="2018-01-18" v="1443000000"/>
        <price t="2018-01-19" v="1443000000"/>
        <price t="2018-01-22" v="1473500000"/>
        <price t="2018-01-23" v="1482500000"/>
        <price t="2018-01-24" v="1470000000"/>
        <price t="2018-01-25" v="1458000000"/>
        <price t="2018-01-26" v="1457500000"/>
        <price t="2018-01-29" v="1447000000"/>
        <price t="2018-01-30" v="1419500000"/>
        <price t="2018-01-31" v="1412500000"/>
        <price t="2018-02-01" v="1395500000"/>
        <price t="2018-02-02" v="1380500000"/>
        <price t="2018-02-05" v="1367000000"/>
        <price t="2018-02-06" v="1330000000"/>
        <price t="2018-02-07" v="1348000000"/>
        <price t="2018-02-08" v="1312000000"/>
        <price t="2018-02-09" v="1296000000"/>
        <price t="2018-02-12" v="1322500000"/>
        <price t="2018-02-13" v="1301500000"/>
        <price t="2018-02-14" v="1307000000"/>
        <price t="2018-02-15" v="1302000000"/>
        <price t="2018-02-16" v="1316000000"/>
        <price t="2018-02-19" v="1318000000"/>
        <price t="2018-02-20" v="1329000000"/>
        <price t="2018-02-21" v="1328500000"/>
        <price t="2018-02-22" v="1297000000"/>
        <price t="2018-02-23" v="1339500000"/>
        <price t="2018-02-26" v="1347000000"/>
        <price t="2018-02-27" v="1328500000"/>
        <price t="2018-02-28" v="1326000000"/>
        <price t="2018-03-01" v="1307500000"/>
        <price t="2018-03-02" v="1287500000"/>
        <price t="2018-03-05" v="1306000000"/>
        <price t="2018-03-06" v="1320000000"/>
        <price t="2018-03-07" v="1316000000"/>
        <price t="2018-03-08" v="1325500000"/>
        <price t="2018-03-09" v="1322500000"/>
        <price t="2018-03-12" v="1325000000"/>
        <price t="2018-03-13" v="1310000000"/>
        <price t="2018-03-14" v="1312000000"/>
        <price t="2018-03-15" v="1315000000"/>
        <price t="2018-03-16" v="1341000000"/>
        <price t="2018-03-19" v="1327000000"/>
        <price t="2018-03-20" v="1319500000"/>
        <price t="2018-03-21" v="1314000000"/>
        <price t="2018-03-22" v="1291000000"/>
        <price t="2018-03-23" v="1295000000"/>
        <price t="2018-03-26" v="1280500000"/>
        <price t="2018-03-27" v="1298000000"/>
        <price t="2018-03-28" v="1305000000"/>
        <price t="2018-03-29" v="1325000000"/>
        <price t="2018-04-03" v="1313000000"/>
        <price t="2018-04-04" v="1311500000"/>
        <price t="2018-04-05" v="1345500000"/>
        <price t="2018-04-06" v="1345000000"/>
        <price t="2018-04-09" v="1351500000"/>
        <price t="2018-04-10" v="1355500000"/>
        <price t="2018-04-11" v="1385000000"/>
        <price t="2018-04-12" v="1387000000"/>
        <price t="2018-04-13" v="1395000000"/>
        <price t="2018-04-16" v="1387000000"/>
        <price t="2018-04-17" v="1404500000"/>
        <price t="2018-04-18" v="1399500000"/>
        <price t="2018-04-19" v="1395500000"/>
        <price t="2018-04-20" v="1404500000"/>
        <price t="2018-04-23" v="1421500000"/>
        <price t="2018-04-24" v="1411500000"/>
        <price t="2018-04-25" v="1409000000"/>
        <price t="2018-04-26" v="1433500000"/>
        <price t="2018-04-27" v="1454000000"/>
        <price t="2018-04-30" v="1449500000"/>
        <price t="2018-05-02" v="1454500000"/>
        <price t="2018-05-03" v="1436500000"/>
        <price t="2018-05-04" v="1450000000"/>
        <price t="2018-05-07" v="1456500000"/>
        <price t="2018-05-08" v="1450500000"/>
        <price t="2018-05-09" v="1430000000"/>
        <price t="2018-05-10" v="1431000000"/>
        <price t="2018-05-11" v="1427000000"/>
        <price t="2018-05-14" v="1422000000"/>
        <price t="2018-05-15" v="1415500000"/>
        <price t="2018-05-16" v="1415000000"/>
        <price t="2018-05-17" v="1414000000"/>
        <price t="2018-05-18" v="1344500000"/>
        <price t="2018-05-21" v="1344500000"/>
        <price t="2018-05-22" v="1353500000"/>
        <price t="2018-05-23" v="1352000000"/>
        <price t="2018-05-24" v="1331500000"/>
        <price t="2018-05-25" v="1337000000"/>
        <price t="2018-05-28" v="1329500000"/>
        <price t="2018-05-29" v="1316000000"/>
        <price t="2018-05-30" v="1333000000"/>
        <price t="2018-05-31" v="1322000000"/>
        <price t="2018-06-01" v="1323000000"/>
        <price t="2018-06-04" v="1333000000"/>
        <price t="2018-06-05" v="1339500000"/>
        <price t="2018-06-06" v="1345000000"/>
        <price t="2018-06-07" v="1345500000"/>
        <price t="2018-06-08" v="1333500000"/>
        <price t="2018-06-11" v="1364500000"/>
        <price t="2018-06-12" v="1378500000"/>
        <price t="2018-06-13" v="1362000000"/>
        <price t="2018-06-14" v="1385000000"/>
        <price t="2018-06-15" v="1380500000"/>
        <price t="2018-06-18" v="1360500000"/>
        <price t="2018-06-19" v="1350000000"/>
        <price t="2018-06-20" v="1347000000"/>
        <price t="2018-06-21" v="1338500000"/>
        <price t="2018-06-22" v="1354000000"/>
        <price t="2018-06-25" v="1331500000"/>
        <price t="2018-06-26" v="1320000000"/>
        <price t="2018-06-27" v="1332500000"/>
        <price t="2018-06-28" v="1325500000"/>
        <price t="2018-06-29" v="1327000000"/>
        <price t="2018-07-02" v="1328500000"/>
        <price t="2018-07-03" v="1354000000"/>
        <price t="2018-07-04" v="1374000000"/>
        <price t="2018-07-05" v="1378500000"/>
        <price t="2018-07-06" v="1383500000"/>
        <price t="2018-07-09" v="1384500000"/>
        <price t="2018-07-10" v="1389000000"/>
        <price t="2018-07-11" v="1381000000"/>
        <price t="2018-07-12" v="1386500000"/>
        <price t="2018-07-13" v="1376000000"/>
        <price t="2018-07-16" v="1372500000"/>
        <price t="2018-07-17" v="1371000000"/>
        <price t="2018-07-18" v="1378000000"/>
        <price t="2018-07-19" v="1378000000"/>
        <price t="2018-07-20" v="1374500000"/>
        <price t="2018-07-23" v="1369500000"/>
        <price t="2018-07-24" v="1360500000"/>
        <price t="2018-07-25" v="1362500000"/>
        <price t="2018-07-26" v="1386500000"/>
        <price t="2018-07-27" v="1414500000"/>
        <price t="2018-07-30" v="1418000000"/>
        <price t="2018-07-31" v="1415000000"/>
        <price t="2018-08-01" v="1417000000"/>
        <price t="2018-08-02" v="1402500000"/>
        <price t="2018-08-03" v="1423500000"/>
        <price t="2018-08-06" v="1424000000"/>
        <price t="2018-08-07" v="1427000000"/>
        <price t="2018-08-08" v="1429000000"/>
        <price t="2018-08-09" v="1428000000"/>
        <price t="2018-08-10" v="1395000000"/>
        <price t="2018-08-13" v="1402000000"/>
        <price t="2018-08-14" v="1407500000"/>
        <price t="2018-08-15" v="1391500000"/>
        <price t="2018-08-16" v="1400000000"/>
        <price t="2018-08-17" v="1394500000"/>
        <price t="2018-08-20" v="1398000000"/>
        <price t="2018-08-21" v="1399000000"/>
        <price t="2018-08-22" v="1413500000"/>
        <price t="2018-08-23" v="1417000000"/>
        <price t="2018-08-24" v="1411500000"/>
        <price t="2018-08-27" v="1418000000"/>
        <price t="2018-08-28" v="1405500000"/>
        <price t="2018-08-29" v="1411000000"/>
        <price t="2018-08-30" v="1397000000"/>
        <price t="2018-08-31" v="1391000000"/>
        <price t="2018-09-03" v="1397500000"/>
        <price t="2018-09-04" v="1374000000"/>
        <price t="2018-09-05" v="1344500000"/>
        <price t="2018-09-06" v="1343500000"/>
        <price t="2018-09-07" v="1358500000"/>
        <price t="2018-09-10" v="1364500000"/>
        <price t="2018-09-11" v="1370000000"/>
        <price t="2018-09-12" v="1366000000"/>
        <price t="2018-09-13" v="1370000000"/>
        <price t="2018-09-14" v="1374500000"/>
        <price t="2018-09-17" v="1376500000"/>
        <price t="2018-09-18" v="1389500000"/>
        <price t="2018-09-19" v="1374500000"/>
        <price t="2018-09-20" v="1384000000"/>
        <price t="2018-09-21" v="1390000000"/>
        <price t="2018-09-24" v="1380000000"/>
        <price t="2018-09-25" v="1384500000"/>
        <price t="2018-09-26" v="1397000000"/>
        <price t="2018-09-27" v="1407500000"/>
        <price t="2018-09-28" v="1388500000"/>
        <price t="2018-10-01" v="1389000000"/>
        <price t="2018-10-02" v="1385500000"/>
        <price t="2018-10-04" v="1406500000"/>
        <price t="2018-10-05" v="1401500000"/>
        <price t="2018-10-08" v="1395000000"/>
        <price t="2018-10-09" v="1391000000"/>
        <price t="2018-10-10" v="1428500000"/>
        <price t="2018-10-11" v="1400000000"/>
        <price t="2018-10-12" v="1385500000"/>
        <price t="2018-10-15" v="1414500000"/>
        <price t="2018-10-16" v="1426000000"/>
        <price t="2018-10-17" v="1439500000"/>
        <price t="2018-10-18" v="1455000000"/>
        <price t="2018-10-19" v="1465500000"/>
        <price t="2018-10-22" v="1456500000"/>
        <price t="2018-10-23" v="1442000000"/>
        <price t="2018-10-24" v="1455000000"/>
        <price t="2018-10-25" v="1443500000"/>
        <price t="2018-10-26" v="1420000000"/>
        <price t="2018-10-29" v="1421500000"/>
        <price t="2018-10-30" v="1438500000"/>
        <price t="2018-10-31" v="1449500000"/>
        <price t="2018-11-01" v="1445000000"/>
        <price t="2018-11-02" v="1439000000"/>
        <price t="2018-11-05" v="1447000000"/>
        <price t="2018-11-06" v="1450500000"/>
        <price t="2018-11-07" v="1468000000"/>
        <price t="2018-11-08" v="1466000000"/>
        <price t="2018-11-09" v="1469500000"/>
        <price t="2018-11-12" v="1468500000"/>
        <price t="2018-11-13" v="1491500000"/>
        <price t="2018-11-14" v="1496500000"/>
        <price t="2018-11-15" v="1493000000"/>
        <price t="2018-11-16" v="1513000000"/>
        <price t="2018-11-19" v="1517000000"/>
        <price t="2018-11-20" v="1518500000"/>
        <price t="2018-11-21" v="1530500000"/>
        <price t="2018-11-22" v="1511000000"/>
        <price t="2018-11-23" v="1522000000"/>
        <price t="2018-11-26" v="1537500000"/>
        <price t="2018-11-27" v="1548000000"/>
        <price t="2018-11-28" v="1538000000"/>
        <price t="2018-11-29" v="1538500000"/>
        <price t="2018-11-30" v="1548500000"/>
        <price t="2018-12-03" v="1544500000"/>
        <price t="2018-12-04" v="1543000000"/>
        <price t="2018-12-05" v="1532000000"/>
        <price t="2018-12-06" v="1503000000"/>
        <price t="2018-12-07" v="1511000000"/>
        <price t="2018-12-10" v="1498500000"/>
        <price t="2018-12-11" v="1507500000"/>
        <price t="2018-12-12" v="1519000000"/>
        <price t="2018-12-13" v="1507500000"/>
        <price t="2018-12-14" v="1510500000"/>
        <price t="2018-12-17" v="1521500000"/>
        <price t="2018-12-18" v="1514000000"/>
        <price t="2018-12-19" v="1537500000"/>
        <price t="2018-12-20" v="1512500000"/>
        <price t="2018-12-21" v="1501000000"/>
        <price t="2018-12-27" v="1459000000"/>
        <price t="2018-12-28" v="1482000000"/>
        <price t="2019-01-02" v="1482000000"/>
        <price t="2019-01-03" v="1493000000"/>
        <price t="2019-01-04" v="1504500000"/>
        <price t="2019-01-07" v="1506500000"/>
        <price t="2019-01-08" v="1486500000"/>
        <price t="2019-01-09" v="1477000000"/>
        <price t="2019-01-10" v="1478000000"/>
        <price t="2019-01-11" v="1473500000"/>
        <price t="2019-01-14" v="1470500000"/>
        <price t="2019-01-15" v="1468500000"/>
        <price t="2019-01-16" v="1467500000"/>
        <price t="2019-01-17" v="1459000000"/>
        <price t="2019-01-18" v="1489000000"/>
        <price t="2019-01-21" v="1453000000"/>
        <price t="2019-01-22" v="1454000000"/>
        <price t="2019-01-23" v="1445500000"/>
        <price t="2019-01-24" v="1419000000"/>
        <price t="2019-01-25" v="1409500000"/>
        <price t="2019-01-28" v="1420000000"/>
        <price t="2019-01-29" v="1428500000"/>
        <price t="2019-01-30" v="1423500000"/>
        <price t="2019-01-31" v="1419000000"/>
        <price t="2019-02-01" v="1421000000"/>
        <price t="2019-02-04" v="1415500000"/>
        <price t="2019-02-05" v="1448500000"/>
        <price t="2019-02-06" v="1434000000"/>
        <price t="2019-02-07" v="1418500000"/>
        <price t="2019-02-08" v="1414000000"/>
        <price t="2019-02-11" v="1416000000"/>
        <price t="2019-02-12" v="1415500000"/>
        <price t="2019-02-13" v="1416500000"/>
        <price t="2019-02-14" v="1414500000"/>
        <price t="2019-02-15" v="1426000000"/>
        <price t="2019-02-18" v="1438000000"/>
        <price t="2019-02-19" v="1448000000"/>
        <price t="2019-02-20" v="1458000000"/>
        <price t="2019-02-21" v="1463500000"/>
        <price t="2019-02-22" v="1468000000"/>
        <price t="2019-02-25" v="1458000000"/>
        <price t="2019-02-26" v="1449500000"/>
        <price t="2019-02-27" v="1448000000"/>
        <price t="2019-02-28" v="1448500000"/>
        <price t="2019-03-01" v="1452500000"/>
        <price t="2019-03-04" v="1458500000"/>
        <price t="2019-03-05" v="1469000000"/>
        <price t="2019-03-06" v="1468500000"/>
        <price t="2019-03-07" v="1487000000"/>
        <price t="2019-03-08" v="1486500000"/>
        <price t="2019-03-11" v="1496500000"/>
        <price t="2019-03-12" v="1500500000"/>
        <price t="2019-03-13" v="1511000000"/>
        <price t="2019-03-14" v="1519000000"/>
        <price t="2019-03-15" v="1546000000"/>
        <price t="2019-03-18" v="1565000000"/>
        <price t="2019-03-19" v="1569000000"/>
        <price t="2019-03-20" v="1566500000"/>
        <price t="2019-03-21" v="1580000000"/>
        <price t="2019-03-22" v="1564500000"/>
        <price t="2019-03-25" v="1555000000"/>
        <price t="2019-03-26" v="1563500000"/>
        <price t="2019-03-27" v="1563500000"/>
        <price t="2019-03-28" v="1553000000"/>
        <price t="2019-03-29" v="1479500000"/>
        <price t="2019-04-01" v="1483400000"/>
        <price t="2019-04-02" v="1482400000"/>
        <price t="2019-04-03" v="1494600000"/>
        <price t="2019-04-04" v="1505200000"/>
        <price t="2019-04-05" v="1498400000"/>
        <price t="2019-04-08" v="1497400000"/>
        <price t="2019-04-09" v="1496800000"/>
        <price t="2019-04-10" v="1492600000"/>
        <price t="2019-04-11" v="1486000000"/>
        <price t="2019-04-12" v="1482800000"/>
        <price t="2019-04-15" v="1495200000"/>
        <price t="2019-04-16" v="1495000000"/>
        <price t="2019-04-17" v="1478000000"/>
        <price t="2019-04-18" v="1488800000"/>
        <price t="2019-04-23" v="1500000000"/>
        <price t="2019-04-24" v="1482400000"/>
        <price t="2019-04-25" v="1492000000"/>
        <price t="2019-04-26" v="1496000000"/>
        <price t="2019-04-29" v="1495000000"/>
        <price t="2019-04-30" v="1491400000"/>
        <price t="2019-05-02" v="1499000000"/>
        <price t="2019-05-03" v="1491800000"/>
        <price t="2019-05-06" v="1489400000"/>
        <price t="2019-05-07" v="1486200000"/>
        <price t="2019-05-08" v="1493000000"/>
        <price t="2019-05-09" v="1484600000"/>
        <price t="2019-05-10" v="1491400000"/>
        <price t="2019-05-13" v="1464000000"/>
        <price t="2019-05-14" v="1486800000"/>
        <price t="2019-05-15" v="1486600000"/>
        <price t="2019-05-16" v="1520600000"/>
        <price t="2019-05-17" v="1521000000"/>
        <price t="2019-05-20" v="1528600000"/>
        <price t="2019-05-21" v="1511800000"/>
        <price t="2019-05-22" v="1509000000"/>
        <price t="2019-05-23" v="1504600000"/>
        <price t="2019-05-24" v="1507000000"/>
        <price t="2019-05-27" v="1521600000"/>
        <price t="2019-05-28" v="1526000000"/>
        <price t="2019-05-29" v="1516400000"/>
        <price t="2019-05-30" v="1520400000"/>
        <price t="2019-05-31" v="1511000000"/>
        <price t="2019-06-03" v="1522400000"/>
        <price t="2019-06-04" v="1523400000"/>
        <price t="2019-06-05" v="1529600000"/>
        <price t="2019-06-06" v="1535400000"/>
        <price t="2019-06-07" v="1538800000"/>
        <price t="2019-06-11" v="1532800000"/>
        <price t="2019-06-12" v="1547000000"/>
        <price t="2019-06-13" v="1546000000"/>
        <price t="2019-06-14" v="1539000000"/>
        <price t="2019-06-17" v="1535400000"/>
        <price t="2019-06-18" v="1557800000"/>
        <price t="2019-06-19" v="1552000000"/>
        <price t="2019-06-20" v="1545400000"/>
        <price t="2019-06-21" v="1541200000"/>
        <price t="2019-06-24" v="1535600000"/>
        <price t="2019-06-25" v="1535600000"/>
        <price t="2019-06-26" v="1527000000"/>
        <price t="2019-06-27" v="1517000000"/>
        <price t="2019-06-28" v="1521200000"/>
        <price t="2019-07-01" v="1523800000"/>
        <price t="2019-07-02" v="1522600000"/>
        <price t="2019-07-03" v="1536600000"/>
        <price t="2019-07-04" v="1552000000"/>
        <price t="2019-07-05" v="1546000000"/>
        <price t="2019-07-08" v="1544800000"/>
        <price t="2019-07-09" v="1546000000"/>
        <price t="2019-07-10" v="1541000000"/>
        <price t="2019-07-11" v="1531200000"/>
        <price t="2019-07-12" v="1524600000"/>
        <price t="2019-07-15" v="1506000000"/>
        <price t="2019-07-16" v="1500000000"/>
        <price t="2019-07-17" v="1487200000"/>
        <price t="2019-07-18" v="1477000000"/>
        <price t="2019-07-19" v="1468400000"/>
        <price t="2019-07-22" v="1470000000"/>
        <price t="2019-07-23" v="1473800000"/>
        <price t="2019-07-24" v="1481400000"/>
        <price t="2019-07-25" v="1465600000"/>
        <price t="2019-07-26" v="1484400000"/>
        <price t="2019-07-29" v="1514200000"/>
        <price t="2019-07-30" v="1488800000"/>
        <price t="2019-07-31" v="1488000000"/>
        <price t="2019-08-01" v="1505200000"/>
        <price t="2019-08-02" v="1482800000"/>
        <price t="2019-08-05" v="1465800000"/>
        <price t="2019-08-06" v="1460000000"/>
        <price t="2019-08-07" v="1462600000"/>
        <price t="2019-08-08" v="1454800000"/>
        <price t="2019-08-09" v="1445200000"/>
        <price t="2019-08-12" v="1446200000"/>
        <price t="2019-08-13" v="1458800000"/>
        <price t="2019-08-14" v="1453800000"/>
        <price t="2019-08-15" v="1464800000"/>
        <price t="2019-08-16" v="1488200000"/>
        <price t="2019-08-19" v="1498200000"/>
        <price t="2019-08-20" v="1496400000"/>
        <price t="2019-08-21" v="1488000000"/>
        <price t="2019-08-22" v="1482600000"/>
        <price t="2019-08-23" v="1477400000"/>
        <price t="2019-08-26" v="1481200000"/>
        <price t="2019-08-27" v="1490000000"/>
        <price t="2019-08-28" v="1492800000"/>
        <price t="2019-08-29" v="1514000000"/>
        <price t="2019-08-30" v="1517600000"/>
        <price t="2019-09-02" v="1525000000"/>
        <price t="2019-09-03" v="1519200000"/>
        <price t="2019-09-04" v="1519600000"/>
        <price t="2019-09-05" v="1508000000"/>
        <price t="2019-09-06" v="1509200000"/>
        <price t="2019-09-09" v="1503400000"/>
        <price t="2019-09-10" v="1505200000"/>
        <price t="2019-09-11" v="1509000000"/>
        <price t="2019-09-12" v="1517600000"/>
        <price t="2019-09-13" v="1513600000"/>
        <price t="2019-09-16" v="1513200000"/>
        <price t="2019-09-17" v="1513400000"/>
        <price t="2019-09-18" v="1520600000"/>
        <price t="2019-09-19" v="1524800000"/>
        <price t="2019-09-20" v="1537800000"/>
        <price t="2019-09-23" v="1542400000"/>
        <price t="2019-09-24" v="1533400000"/>
        <price t="2019-09-25" v="1529600000"/>
        <price t="2019-09-26" v="1542400000"/>
        <price t="2019-09-27" v="1536200000"/>
        <price t="2019-09-30" v="1539400000"/>
        <price t="2019-10-01" v="1533800000"/>
        <price t="2019-10-02" v="1505200000"/>
        <price t="2019-10-04" v="1513200000"/>
        <price t="2019-10-07" v="1525000000"/>
        <price t="2019-10-08" v="1527200000"/>
        <price t="2019-10-09" v="1535000000"/>
        <price t="2019-10-10" v="1530400000"/>
        <price t="2019-10-11" v="1545600000"/>
        <price t="2019-10-14" v="1549600000"/>
        <price t="2019-10-15" v="1572200000"/>
        <price t="2019-10-16" v="1570800000"/>
        <price t="2019-10-17" v="1584200000"/>
        <price t="2019-10-18" v="1593200000"/>
        <price t="2019-10-21" v="1598200000"/>
        <price t="2019-10-22" v="1614200000"/>
        <price t="2019-10-23" v="1625400000"/>
        <price t="2019-10-24" v="1599200000"/>
        <price t="2019-10-25" v="1600600000"/>
        <price t="2019-10-28" v="1590400000"/>
        <price t="2019-10-29" v="1566000000"/>
        <price t="2019-10-30" v="1571800000"/>
        <price t="2019-10-31" v="1576800000"/>
        <price t="2019-11-01" v="1561600000"/>
        <price t="2019-11-04" v="1566600000"/>
        <price t="2019-11-05" v="1563600000"/>
        <price t="2019-11-06" v="1567600000"/>
        <price t="2019-11-07" v="1535600000"/>
        <price t="2019-11-08" v="1544000000"/>
        <price t="2019-11-11" v="1529800000"/>
        <price t="2019-11-12" v="1535200000"/>
        <price t="2019-11-13" v="1528000000"/>
        <price t="2019-11-14" v="1512800000"/>
        <price t="2019-11-15" v="1519400000"/>
        <price t="2019-11-18" v="1520800000"/>
        <price t="2019-11-19" v="1515600000"/>
        <price t="2019-11-20" v="1510000000"/>
        <price t="2019-11-21" v="1506000000"/>
        <price t="2019-11-22" v="1509800000"/>
        <price t="2019-11-25" v="1507800000"/>
        <price t="2019-11-26" v="1505200000"/>
        <price t="2019-11-27" v="1525200000"/>
        <price t="2019-11-28" v="1521200000"/>
        <price t="2019-11-29" v="1523600000"/>
        <price t="2019-12-02" v="1490600000"/>
        <price t="2019-12-03" v="1491800000"/>
        <price t="2019-12-04" v="1503200000"/>
        <price t="2019-12-05" v="1501000000"/>
        <price t="2019-12-06" v="1506400000"/>
        <price t="2019-12-09" v="1502400000"/>
        <price t="2019-12-10" v="1489200000"/>
        <price t="2019-12-11" v="1489600000"/>
        <price t="2019-12-12" v="1477800000"/>
        <price t="2019-12-13" v="1476200000"/>
        <price t="2019-12-16" v="1488400000"/>
        <price t="2019-12-17" v="1486000000"/>
        <price t="2019-12-18" v="1474200000"/>
        <price t="2019-12-19" v="1473400000"/>
        <price t="2019-12-20" v="1480200000"/>
        <price t="2019-12-23" v="1472000000"/>
        <price t="2019-12-27" v="1471600000"/>
        <price t="2019-12-30" v="1457000000"/>
        <price t="2020-01-02" v="1461000000"/>
        <price t="2020-01-03" v="1461400000"/>
        <price t="2020-01-06" v="1457800000"/>
        <price t="2020-01-07" v="1460600000"/>
        <price t="2020-01-08" v="1454800000"/>
        <price t="2020-01-09" v="1485000000"/>
        <price t="2020-01-10" v="1476200000"/>
        <price t="2020-01-13" v="1465200000"/>
        <price t="2020-01-14" v="1464000000"/>
        <price t="2020-01-15" v="1468000000"/>
        <price t="2020-01-16" v="1469600000"/>
        <price t="2020-01-17" v="1468000000"/>
        <price t="2020-01-20" v="1476000000"/>
        <price t="2020-01-21" v="1483200000"/>
        <price t="2020-01-22" v="1486800000"/>
        <price t="2020-01-23" v="1466800000"/>
        <price t="2020-01-24" v="1480000000"/>
        <price t="2020-01-27" v="1456400000"/>
        <price t="2020-01-28" v="1491000000"/>
        <price t="2020-01-29" v="1485800000"/>
        <price t="2020-01-30" v="1467800000"/>
        <price t="2020-01-31" v="1460600000"/>
        <price t="2020-02-03" v="1463800000"/>
        <price t="2020-02-04" v="1467400000"/>
        <price t="2020-02-05" v="1473000000"/>
        <price t="2020-02-06" v="1484800000"/>
        <price t="2020-02-07" v="1490200000"/>
        <price t="2020-02-10" v="1486400000"/>
        <price t="2020-02-11" v="1542200000"/>
        <price t="2020-02-12" v="1561200000"/>
        <price t="2020-02-13" v="1556000000"/>
        <price t="2020-02-14" v="1563000000"/>
        <price t="2020-02-17" v="1567800000"/>
        <price t="2020-02-18" v="1589000000"/>
        <price t="2020-02-19" v="1655000000"/>
        <price t="2020-02-20" v="1662600000"/>
        <price t="2020-02-21" v="1650000000"/>
        <price t="2020-02-24" v="1616000000"/>
        <price t="2020-02-25" v="1578200000"/>
        <price t="2020-02-26" v="1573600000"/>
        <price t="2020-02-27" v="1532400000"/>
        <price t="2020-02-28" v="1475600000"/>
        <price t="2020-03-02" v="1473600000"/>
        <price t="2020-03-03" v="1476600000"/>
        <price t="2020-03-04" v="1503600000"/>
        <price t="2020-03-05" v="1497400000"/>
        <price t="2020-03-06" v="1463200000"/>
        <price t="2020-03-09" v="1366200000"/>
        <price t="2020-03-10" v="1308200000"/>
        <price t="2020-03-11" v="1293200000"/>
        <price t="2020-03-12" v="1155400000"/>
        <price t="2020-03-13" v="1152000000"/>
        <price t="2020-03-16" v="1094200000"/>
        <price t="2020-03-17" v="1144200000"/>
        <price t="2020-03-18" v="1083200000"/>
        <price t="2020-03-19" v="1153800000"/>
        <price t="2020-03-20" v="1208600000"/>
        <price t="2020-03-23" v="1146200000"/>
        <price t="2020-03-24" v="1203400000"/>
        <price t="2020-03-25" v="1199000000"/>
        <price t="2020-03-26" v="1197200000"/>
        <price t="2020-03-27" v="1170200000"/>
        <price t="2020-03-30" v="1198600000"/>
        <price t="2020-03-31" v="1181400000"/>
        <price t="2020-04-01" v="1152000000"/>
        <price t="2020-04-02" v="1165000000"/>
        <price t="2020-04-03" v="1164000000"/>
        <price t="2020-04-06" v="1218500000"/>
        <price t="2020-04-07" v="1238500000"/>
        <price t="2020-04-08" v="1236500000"/>
        <price t="2020-04-09" v="1236500000"/>
        <price t="2020-04-14" v="1251500000"/>
        <price t="2020-04-15" v="1219500000"/>
        <price t="2020-04-16" v="1221000000"/>
        <price t="2020-04-17" v="1251000000"/>
        <price t="2020-04-20" v="1267000000"/>
        <price t="2020-04-21" v="1221000000"/>
        <price t="2020-04-22" v="1256500000"/>
        <price t="2020-04-23" v="1258000000"/>
        <price t="2020-04-24" v="1258500000"/>
        <price t="2020-04-27" v="1296000000"/>
        <price t="2020-04-28" v="1290000000"/>
        <price t="2020-04-29" v="1338500000"/>
        <price t="2020-04-30" v="1332500000"/>
        <price t="2020-05-04" v="1288500000"/>
        <price t="2020-05-05" v="1298500000"/>
        <price t="2020-05-06" v="1290000000"/>
        <price t="2020-05-07" v="1328500000"/>
        <price t="2020-05-08" v="1366000000"/>
        <price t="2020-05-11" v="1351500000"/>
        <price t="2020-05-12" v="1375000000"/>
        <price t="2020-05-13" v="1351500000"/>
        <price t="2020-05-14" v="1369500000"/>
        <price t="2020-05-15" v="1364000000"/>
        <price t="2020-05-18" v="1395000000"/>
        <price t="2020-05-19" v="1364500000"/>
        <price t="2020-05-20" v="1372000000"/>
        <price t="2020-05-21" v="1364000000"/>
        <price t="2020-05-22" v="1363500000"/>
        <price t="2020-05-25" v="1383000000"/>
        <price t="2020-05-26" v="1381500000"/>
        <price t="2020-05-27" v="1409500000"/>
        <price t="2020-05-28" v="1433000000"/>
        <price t="2020-05-29" v="1417500000"/>
        <price t="2020-06-02" v="1465500000"/>
        <price t="2020-06-03" v="1501500000"/>
        <price t="2020-06-04" v="1500500000"/>
        <price t="2020-06-05" v="1521000000"/>
        <price t="2020-06-08" v="1518500000"/>
        <price t="2020-06-09" v="1519000000"/>
        <price t="2020-06-10" v="1512000000"/>
        <price t="2020-06-11" v="1470500000"/>
        <price t="2020-06-12" v="1459000000"/>
        <price t="2020-06-15" v="1469000000"/>
        <price t="2020-06-16" v="1512500000"/>
        <price t="2020-06-17" v="1529500000"/>
        <price t="2020-06-18" v="1530500000"/>
        <price t="2020-06-19" v="1535500000"/>
        <price t="2020-06-22" v="1470000000"/>
        <price t="2020-06-23" v="1501000000"/>
        <price t="2020-06-24" v="1463000000"/>
        <price t="2020-06-25" v="1475500000"/>
        <price t="2020-06-26" v="1455500000"/>
        <price t="2020-06-29" v="1480500000"/>
        <price t="2020-06-30" v="1494500000"/>
        <price t="2020-07-01" v="1487000000"/>
        <price t="2020-07-02" v="1511500000"/>
        <price t="2020-07-03" v="1499000000"/>
        <price t="2020-07-06" v="1504000000"/>
        <price t="2020-07-07" v="1495000000"/>
        <price t="2020-07-08" v="1486500000"/>
        <price t="2020-07-09" v="1474500000"/>
        <price t="2020-07-10" v="1491000000"/>
        <price t="2020-07-13" v="1511000000"/>
        <price t="2020-07-14" v="1516000000"/>
        <price t="2020-07-15" v="1519500000"/>
        <price t="2020-07-16" v="1529000000"/>
        <price t="2020-07-17" v="1527500000"/>
        <price t="2020-07-20" v="1541000000"/>
        <price t="2020-07-21" v="1542000000"/>
        <price t="2020-07-22" v="1527500000"/>
        <price t="2020-07-23" v="1523000000"/>
        <price t="2020-07-24" v="1488000000"/>
        <price t="2020-07-27" v="1471500000"/>
        <price t="2020-07-28" v="1473000000"/>
        <price t="2020-07-29" v="1466500000"/>
        <price t="2020-07-30" v="1436000000"/>
        <price t="2020-07-31" v="1416500000"/>
        <price t="2020-08-03" v="1445000000"/>
        <price t="2020-08-04" v="1460000000"/>
        <price t="2020-08-05" v="1456500000"/>
        <price t="2020-08-06" v="1445500000"/>
        <price t="2020-08-07" v="1484000000"/>
        <price t="2020-08-10" v="1486500000"/>
        <price t="2020-08-11" v="1498500000"/>
        <price t="2020-08-12" v="1511000000"/>
        <price t="2020-08-13" v="1531000000"/>
        <price t="2020-08-14" v="1534000000"/>
        <price t="2020-08-17" v="1515500000"/>
        <price t="2020-08-18" v="1500000000"/>
        <price t="2020-08-19" v="1517000000"/>
        <price t="2020-08-20" v="1495500000"/>
        <price t="2020-08-21" v="1484000000"/>
        <price t="2020-08-24" v="1516500000"/>
        <price t="2020-08-25" v="1516500000"/>
        <price t="2020-08-26" v="1514000000"/>
        <price t="2020-08-27" v="1514000000"/>
        <price t="2020-08-28" v="1498000000"/>
        <price t="2020-08-31" v="1475000000"/>
        <price t="2020-09-01" v="1463000000"/>
        <price t="2020-09-02" v="1539500000"/>
        <price t="2020-09-03" v="1527000000"/>
        <price t="2020-09-04" v="1497500000"/>
        <price t="2020-09-07" v="1517500000"/>
        <price t="2020-09-08" v="1498500000"/>
        <price t="2020-09-09" v="1540500000"/>
        <price t="2020-09-10" v="1535500000"/>
        <price t="2020-09-11" v="1530000000"/>
        <price t="2020-09-14" v="1524500000"/>
        <price t="2020-09-15" v="1525000000"/>
        <price t="2020-09-16" v="1523000000"/>
        <price t="2020-09-17" v="1519000000"/>
        <price t="2020-09-18" v="1494000000"/>
        <price t="2020-09-21" v="1450000000"/>
        <price t="2020-09-22" v="1445500000"/>
        <price t="2020-09-23" v="1439000000"/>
        <price t="2020-09-24" v="1432000000"/>
        <price t="2020-09-25" v="1419000000"/>
        <price t="2020-09-28" v="1434000000"/>
        <price t="2020-09-29" v="1427500000"/>
        <price t="2020-09-30" v="1429000000"/>
        <price t="2020-10-01" v="1447000000"/>
        <price t="2020-10-02" v="1451000000"/>
        <price t="2020-10-05" v="1469000000"/>
        <price t="2020-10-06" v="1470000000"/>
        <price t="2020-10-07" v="1446500000"/>
        <price t="2020-10-08" v="1445000000"/>
        <price t="2020-10-09" v="1439500000"/>
        <price t="2020-10-12" v="1449000000"/>
        <price t="2020-10-13" v="1453500000"/>
        <price t="2020-10-14" v="1447500000"/>
        <price t="2020-10-15" v="1402000000"/>
        <price t="2020-10-16" v="1404000000"/>
        <price t="2020-10-19" v="1395000000"/>
        <price t="2020-10-20" v="1368000000"/>
        <price t="2020-10-21" v="1348000000"/>
        <price t="2020-10-22" v="1342500000"/>
        <price t="2020-10-23" v="1346500000"/>
        <price t="2020-10-26" v="1325000000"/>
        <price t="2020-10-27" v="1307000000"/>
        <price t="2020-10-28" v="1281500000"/>
        <price t="2020-10-29" v="1313500000"/>
        <price t="2020-10-30" v="1307000000"/>
        <price t="2020-11-02" v="1337500000"/>
        <price t="2020-11-03" v="1353500000"/>
        <price t="2020-11-04" v="1371000000"/>
        <price t="2020-11-05" v="1390500000"/>
        <price t="2020-11-06" v="1417500000"/>
        <price t="2020-11-09" v="1469000000"/>
        <price t="2020-11-10" v="1477500000"/>
        <price t="2020-11-11" v="1498500000"/>
        <price t="2020-11-12" v="1504000000"/>
        <price t="2020-11-13" v="1491500000"/>
        <price t="2020-11-16" v="1482000000"/>
        <price t="2020-11-17" v="1496000000"/>
        <price t="2020-11-18" v="1491500000"/>
        <price t="2020-11-19" v="1485000000"/>
        <price t="2020-11-20" v="1486500000"/>
        <price t="2020-11-23" v="1476000000"/>
        <price t="2020-11-24" v="1484500000"/>
        <price t="2020-11-25" v="1509500000"/>
        <price t="2020-11-26" v="1512500000"/>
        <price t="2020-11-27" v="1515500000"/>
        <price t="2020-11-30" v="1511500000"/>
        <price t="2020-12-01" v="1513000000"/>
        <price t="2020-12-02" v="1514000000"/>
        <price t="2020-12-03" v="1504000000"/>
        <price t="2020-12-04" v="1521000000"/>
        <price t="2020-12-07" v="1517500000"/>
        <price t="2020-12-08" v="1511000000"/>
        <price t="2020-12-09" v="1505500000"/>
        <price t="2020-12-10" v="1499000000"/>
        <price t="2020-12-11" v="1468000000"/>
        <price t="2020-12-14" v="1479000000"/>
        <price t="2020-12-15" v="1484000000"/>
        <price t="2020-12-16" v="1502500000"/>
        <price t="2020-12-17" v="1503500000"/>
        <price t="2020-12-18" v="1509500000"/>
        <price t="2020-12-21" v="1464000000"/>
        <price t="2020-12-22" v="1464000000"/>
        <price t="2020-12-23" v="1480000000"/>
        <price t="2020-12-28" v="1508000000"/>
        <price t="2020-12-29" v="1510500000"/>
        <price t="2020-12-30" v="1495500000"/>
        <price t="2021-01-04" v="1516000000"/>
        <price t="2021-01-05" v="1499000000"/>
        <price t="2021-01-06" v="1510500000"/>
        <price t="2021-01-07" v="1535000000"/>
        <price t="2021-01-08" v="1519500000"/>
        <price t="2021-01-11" v="1519000000"/>
        <price t="2021-01-12" v="1512000000"/>
        <price t="2021-01-13" v="1518000000"/>
        <price t="2021-01-14" v="1521000000"/>
        <price t="2021-01-15" v="1505000000"/>
        <price t="2021-01-18" v="1494000000"/>
        <price t="2021-01-19" v="1506500000"/>
        <price t="2021-01-20" v="1514000000"/>
        <price t="2021-01-21" v="1510500000"/>
        <price t="2021-01-22" v="1506500000"/>
        <price t="2021-01-25" v="1492000000"/>
        <price t="2021-01-26" v="1499000000"/>
        <price t="2021-01-27" v="1508500000"/>
        <price t="2021-01-28" v="1497500000"/>
        <price t="2021-01-29" v="1470000000"/>
        <price t="2021-02-01" v="1483500000"/>
        <price t="2021-02-02" v="1498500000"/>
        <price t="2021-02-03" v="1525500000"/>
        <price t="2021-02-04" v="1529500000"/>
        <price t="2021-02-05" v="1506500000"/>
        <price t="2021-02-08" v="1503000000"/>
        <price t="2021-02-09" v="1489500000"/>
        <price t="2021-02-10" v="1487000000"/>
        <price t="2021-02-11" v="1479500000"/>
        <price t="2021-02-12" v="1484500000"/>
        <price t="2021-02-15" v="1491500000"/>
        <price t="2021-02-16" v="1479000000"/>
        <price t="2021-02-17" v="1476000000"/>
        <price t="2021-02-18" v="1470000000"/>
        <price t="2021-02-19" v="1483000000"/>
        <price t="2021-02-22" v="1480500000"/>
        <price t="2021-02-23" v="1472000000"/>
        <price t="2021-02-24" v="1477000000"/>
        <price t="2021-02-25" v="1497000000"/>
        <price t="2021-02-26" v="1503000000"/>
        <price t="2021-03-01" v="1502500000"/>
        <price t="2021-03-02" v="1500000000"/>
        <price t="2021-03-03" v="1490500000"/>
        <price t="2021-03-04" v="1498500000"/>
        <price t="2021-03-05" v="1500000000"/>
        <price t="2021-03-08" v="1531500000"/>
        <price t="2021-03-09" v="1541500000"/>
        <price t="2021-03-10" v="1620000000"/>
        <price t="2021-03-11" v="1622000000"/>
        <price t="2021-03-12" v="1648500000"/>
        <price t="2021-03-15" v="1662500000"/>
        <price t="2021-03-16" v="1648500000"/>
        <price t="2021-03-17" v="1662500000"/>
        <price t="2021-03-18" v="1675500000"/>
        <price t="2021-03-19" v="1647000000"/>
        <price t="2021-03-22" v="1644500000"/>
        <price t="2021-03-23" v="1675000000"/>
        <price t="2021-03-24" v="1672500000"/>
        <price t="2021-03-25" v="1673500000"/>
        <price t="2021-03-26" v="1684000000"/>
        <price t="2021-03-29" v="1713500000"/>
        <price t="2021-03-30" v="1711500000"/>
        <price t="2021-03-31" v="1717000000"/>
        <price t="2021-04-01" v="1725000000"/>
        <price t="2021-04-06" v="1657000000"/>
        <price t="2021-04-07" v="1657400000"/>
        <price t="2021-04-08" v="1663800000"/>
        <price t="2021-04-09" v="1645200000"/>
        <price t="2021-04-12" v="1630200000"/>
        <price t="2021-04-13" v="1609600000"/>
        <price t="2021-04-14" v="1607000000"/>
        <price t="2021-04-15" v="1599200000"/>
        <price t="2021-04-16" v="1612400000"/>
        <price t="2021-04-19" v="1619400000"/>
        <price t="2021-04-20" v="1604800000"/>
        <price t="2021-04-21" v="1603200000"/>
        <price t="2021-04-22" v="1615200000"/>
        <price t="2021-04-23" v="1608200000"/>
        <price t="2021-04-26" v="1604400000"/>
        <price t="2021-04-27" v="1599800000"/>
        <price t="2021-04-28" v="1598000000"/>
        <price t="2021-04-29" v="1595000000"/>
        <price t="2021-04-30" v="1600000000"/>
        <price t="2021-05-03" v="1609800000"/>
        <price t="2021-05-04" v="1609200000"/>
        <price t="2021-05-05" v="1641200000"/>
        <price t="2021-05-06" v="1653200000"/>
        <price t="2021-05-07" v="1653400000"/>
        <price t="2021-05-10" v="1664800000"/>
        <price t="2021-05-11" v="1635000000"/>
        <price t="2021-05-12" v="1671200000"/>
        <price t="2021-05-13" v="1661800000"/>
        <price t="2021-05-14" v="1681200000"/>
        <price t="2021-05-17" v="1727200000"/>
        <price t="2021-05-18" v="1706800000"/>
        <price t="2021-05-19" v="1659200000"/>
        <price t="2021-05-20" v="1700800000"/>
        <price t="2021-05-21" v="1717000000"/>
        <price t="2021-05-25" v="1717000000"/>
        <price t="2021-05-26" v="1709200000"/>
        <price t="2021-05-27" v="1701400000"/>
        <price t="2021-05-28" v="1708400000"/>
        <price t="2021-05-31" v="1699400000"/>
        <price t="2021-06-01" v="1717600000"/>
        <price t="2021-06-02" v="1724600000"/>
        <price t="2021-06-03" v="1726000000"/>
        <price t="2021-06-04" v="1728200000"/>
        <price t="2021-06-07" v="1744200000"/>
        <price t="2021-06-08" v="1742000000"/>
        <price t="2021-06-09" v="1738600000"/>
        <price t="2021-06-10" v="1769600000"/>
        <price t="2021-06-11" v="1779400000"/>
        <price t="2021-06-14" v="1778800000"/>
        <price t="2021-06-15" v="1787200000"/>
        <price t="2021-06-16" v="1781000000"/>
        <price t="2021-06-17" v="1775800000"/>
        <price t="2021-06-18" v="1759600000"/>
        <price t="2021-06-21" v="1781200000"/>
        <price t="2021-06-22" v="1797600000"/>
        <price t="2021-06-23" v="1774000000"/>
        <price t="2021-06-24" v="1787200000"/>
        <price t="2021-06-25" v="1787800000"/>
        <price t="2021-06-28" v="1791600000"/>
        <price t="2021-06-29" v="1799800000"/>
        <price t="2021-06-30" v="1781200000"/>
        <price t="2021-07-01" v="1787200000"/>
        <price t="2021-07-02" v="1797000000"/>
        <price t="2021-07-05" v="1793400000"/>
        <price t="2021-07-06" v="1782200000"/>
        <price t="2021-07-07" v="1800200000"/>
        <price t="2021-07-08" v="1779200000"/>
        <price t="2021-07-09" v="1800000000"/>
        <price t="2021-07-12" v="1827200000"/>
        <price t="2021-07-13" v="1841600000"/>
        <price t="2021-07-14" v="1831200000"/>
        <price t="2021-07-15" v="1822000000"/>
        <price t="2021-07-16" v="1834400000"/>
        <price t="2021-07-19" v="1754200000"/>
        <price t="2021-07-20" v="1753400000"/>
        <price t="2021-07-21" v="1788600000"/>
        <price t="2021-07-22" v="1767000000"/>
        <price t="2021-07-23" v="1788400000"/>
        <price t="2021-07-26" v="1783400000"/>
        <price t="2021-07-27" v="1783600000"/>
        <price t="2021-07-28" v="1780600000"/>
        <price t="2021-07-29" v="1768400000"/>
        <price t="2021-07-30" v="1750600000"/>
        <price t="2021-08-02" v="1742800000"/>
        <price t="2021-08-03" v="1760200000"/>
        <price t="2021-08-04" v="1753200000"/>
        <price t="2021-08-05" v="1754800000"/>
        <price t="2021-08-06" v="1768600000"/>
        <price t="2021-08-09" v="1783200000"/>
        <price t="2021-08-10" v="1788000000"/>
        <price t="2021-08-11" v="1790200000"/>
        <price t="2021-08-12" v="1840400000"/>
        <price t="2021-08-13" v="1855200000"/>
        <price t="2021-08-16" v="1859800000"/>
        <price t="2021-08-17" v="1874600000"/>
        <price t="2021-08-18" v="1891600000"/>
        <price t="2021-08-19" v="1857400000"/>
        <price t="2021-08-20" v="1881400000"/>
        <price t="2021-08-23" v="1882000000"/>
        <price t="2021-08-24" v="1861400000"/>
        <price t="2021-08-25" v="1858000000"/>
        <price t="2021-08-26" v="1844400000"/>
        <price t="2021-08-27" v="1847000000"/>
        <price t="2021-08-30" v="1840400000"/>
        <price t="2021-08-31" v="1800800000"/>
        <price t="2021-09-01" v="1806400000"/>
        <price t="2021-09-02" v="1795400000"/>
        <price t="2021-09-03" v="1780400000"/>
        <price t="2021-09-06" v="1790400000"/>
        <price t="2021-09-07" v="1791400000"/>
        <price t="2021-09-08" v="1797600000"/>
        <price t="2021-09-09" v="1773200000"/>
        <price t="2021-09-10" v="1734200000"/>
        <price t="2021-09-13" v="1751600000"/>
        <price t="2021-09-14" v="1741600000"/>
        <price t="2021-09-15" v="1740400000"/>
        <price t="2021-09-16" v="1742000000"/>
        <price t="2021-09-17" v="1735200000"/>
        <price t="2021-09-20" v="1696200000"/>
        <price t="2021-09-21" v="1722000000"/>
        <price t="2021-09-22" v="1740800000"/>
        <price t="2021-09-23" v="1766600000"/>
        <price t="2021-09-24" v="1745000000"/>
        <price t="2021-09-27" v="1757000000"/>
        <price t="2021-09-28" v="1731000000"/>
        <price t="2021-09-29" v="1753600000"/>
        <price t="2021-09-30" v="1739600000"/>
        <price t="2021-10-01" v="1736200000"/>
        <price t="2021-10-04" v="1738000000"/>
        <price t="2021-10-05" v="1760800000"/>
        <price t="2021-10-06" v="1666200000"/>
        <price t="2021-10-07" v="1686400000"/>
        <price t="2021-10-08" v="1676600000"/>
        <price t="2021-10-11" v="1671600000"/>
        <price t="2021-10-12" v="1638000000"/>
        <price t="2021-10-13" v="1638000000"/>
        <price t="2021-10-14" v="1653000000"/>
        <price t="2021-10-15" v="1652600000"/>
        <price t="2021-10-18" v="1648600000"/>
        <price t="2021-10-19" v="1639400000"/>
        <price t="2021-10-20" v="1653000000"/>
        <price t="2021-10-21" v="1651000000"/>
        <price t="2021-10-22" v="1639400000"/>
        <price t="2021-10-25" v="1628200000"/>
        <price t="2021-10-26" v="1638000000"/>
        <price t="2021-10-27" v="1625200000"/>
        <price t="2021-10-28" v="1603200000"/>
        <price t="2021-10-29" v="1607800000"/>
        <price t="2021-11-01" v="1624600000"/>
        <price t="2021-11-02" v="1638200000"/>
        <price t="2021-11-03" v="1663800000"/>
        <price t="2021-11-04" v="1661200000"/>
        <price t="2021-11-05" v="1683200000"/>
        <price t="2021-11-08" v="1660200000"/>
        <price t="2021-11-09" v="1653800000"/>
        <price t="2021-11-10" v="1671800000"/>
        <price t="2021-11-11" v="1670200000"/>
        <price t="2021-11-12" v="1703600000"/>
        <price t="2021-11-15" v="1673800000"/>
        <price t="2021-11-16" v="1672000000"/>
        <price t="2021-11-17" v="1681000000"/>
        <price t="2021-11-18" v="1671400000"/>
        <price t="2021-11-19" v="1648200000"/>
        <price t="2021-11-22" v="1691000000"/>
        <price t="2021-11-23" v="1693400000"/>
        <price t="2021-11-24" v="1687000000"/>
        <price t="2021-11-25" v="1685000000"/>
        <price t="2021-11-26" v="1614800000"/>
        <price t="2021-11-29" v="1604000000"/>
        <price t="2021-11-30" v="1558800000"/>
        <price t="2021-12-01" v="1598200000"/>
        <price t="2021-12-02" v="1558800000"/>
        <price t="2021-12-03" v="1546200000"/>
        <price t="2021-12-06" v="1587600000"/>
        <price t="2021-12-07" v="1587600000"/>
        <price t="2021-12-08" v="1607000000"/>
        <price t="2021-12-09" v="1591600000"/>
        <price t="2021-12-10" v="1585200000"/>
        <price t="2021-12-13" v="1599800000"/>
        <price t="2021-12-14" v="1615400000"/>
        <price t="2021-12-15" v="1605000000"/>
        <price t="2021-12-16" v="1615800000"/>
        <price t="2021-12-17" v="1605000000"/>
        <price t="2021-12-20" v="1569800000"/>
        <price t="2021-12-21" v="1592400000"/>
        <price t="2021-12-22" v="1594400000"/>
        <price t="2021-12-23" v="1620400000"/>
        <price t="2021-12-27" v="1624800000"/>
        <price t="2021-12-28" v="1648600000"/>
        <price t="2021-12-29" v="1621800000"/>
        <price t="2021-12-30" v="1630000000"/>
        <price t="2022-01-03" v="1654600000"/>
        <price t="2022-01-04" v="1653000000"/>
        <price t="2022-01-05" v="1647000000"/>
        <price t="2022-01-06" v="1646400000"/>
        <price t="2022-01-07" v="1617800000"/>
        <price t="2022-01-10" v="1552800000"/>
        <price t="2022-01-11" v="1585800000"/>
        <price t="2022-01-12" v="1601600000"/>
        <price t="2022-01-13" v="1602600000"/>
        <price t="2022-01-14" v="1596200000"/>
        <price t="2022-01-17" v="1594600000"/>
        <price t="2022-01-18" v="1595800000"/>
        <price t="2022-01-19" v="1619800000"/>
        <price t="2022-01-20" v="1632000000"/>
        <price t="2022-01-21" v="1608600000"/>
        <price t="2022-01-24" v="1572000000"/>
        <price t="2022-01-25" v="1596000000"/>
        <price t="2022-01-26" v="1620800000"/>
        <price t="2022-01-27" v="1672200000"/>
        <price t="2022-01-28" v="1668600000"/>
        <price t="2022-01-31" v="1667200000"/>
        <price t="2022-02-01" v="1680000000"/>
        <price t="2022-02-02" v="1687600000"/>
        <price t="2022-02-03" v="1731000000"/>
        <price t="2022-02-04" v="1702800000"/>
        <price t="2022-02-07" v="1708600000"/>
        <price t="2022-02-08" v="1735000000"/>
        <price t="2022-02-09" v="1771000000"/>
        <price t="2022-02-10" v="1755400000"/>
        <price t="2022-02-11" v="1776600000"/>
        <price t="2022-02-14" v="1733800000"/>
        <price t="2022-02-15" v="1754200000"/>
        <price t="2022-02-16" v="1750000000"/>
        <price t="2022-02-17" v="1723600000"/>
        <price t="2022-02-18" v="1707600000"/>
        <price t="2022-02-21" v="1675000000"/>
        <price t="2022-02-22" v="1663000000"/>
        <price t="2022-02-23" v="1647600000"/>
        <price t="2022-02-24" v="1558600000"/>
        <price t="2022-02-25" v="1618000000"/>
        <price t="2022-02-28" v="1603000000"/>
        <price t="2022-03-01" v="1557000000"/>
        <price t="2022-03-02" v="1606000000"/>
        <price t="2022-03-03" v="1582600000"/>
        <price t="2022-03-04" v="1535400000"/>
        <price t="2022-03-07" v="1526200000"/>
        <price t="2022-03-08" v="1510000000"/>
        <price t="2022-03-09" v="1606600000"/>
        <price t="2022-03-10" v="1579400000"/>
        <price t="2022-03-11" v="1605600000"/>
        <price t="2022-03-14" v="1644400000"/>
        <price t="2022-03-15" v="1657000000"/>
        <price t="2022-03-16" v="1680000000"/>
        <price t="2022-03-17" v="1691400000"/>
        <price t="2022-03-18" v="1670000000"/>
        <price t="2022-03-21" v="1659600000"/>
        <price t="2022-03-22" v="1669000000"/>
        <price t="2022-03-23" v="1659800000"/>
        <price t="2022-03-24" v="1674400000"/>
        <price t="2022-03-25" v="1692600000"/>
        <price t="2022-03-28" v="1708000000"/>
        <price t="2022-03-29" v="1731400000"/>
        <price t="2022-03-30" v="1721000000"/>
        <price t="2022-03-31" v="1693200000"/>
        <price t="2022-04-01" v="1724400000"/>
        <price t="2022-04-04" v="1736800000"/>
        <price t="2022-04-05" v="1759200000"/>
        <price t="2022-04-06" v="1761000000"/>
        <price t="2022-04-07" v="1756400000"/>
        <price t="2022-04-08" v="1713000000"/>
        <price t="2022-04-11" v="1714000000"/>
        <price t="2022-04-12" v="1705600000"/>
        <price t="2022-04-13" v="1730000000"/>
        <price t="2022-04-14" v="1730000000"/>
        <price t="2022-04-19" v="1713600000"/>
        <price t="2022-04-20" v="1730000000"/>
        <price t="2022-04-21" v="1730000000"/>
        <price t="2022-04-22" v="1730000000"/>
        <price t="2022-04-25" v="1715200000"/>
        <price t="2022-04-26" v="1719000000"/>
        <price t="2022-04-27" v="1719000000"/>
        <price t="2022-04-28" v="1770800000"/>
        <price t="2022-04-29" v="1757000000"/>
        <price t="2022-05-02" v="1729000000"/>
        <price t="2022-05-03" v="1737600000"/>
        <price t="2022-05-04" v="1753000000"/>
        <price t="2022-05-05" v="1759200000"/>
        <price t="2022-05-06" v="1759200000"/>
        <price t="2022-05-09" v="1714200000"/>
        <price t="2022-05-10" v="1728000000"/>
        <price t="2022-05-11" v="1751000000"/>
        <price t="2022-05-12" v="1794800000"/>
        <price t="2022-05-13" v="1794800000"/>
        <price t="2022-05-16" v="1807800000"/>
        <price t="2022-05-17" v="1812600000"/>
        <price t="2022-05-18" v="1810000000"/>
        <price t="2022-05-19" v="1808000000"/>
        <price t="2022-05-20" v="1832000000"/>
        <price t="2022-05-23" v="1849000000"/>
        <price t="2022-05-24" v="1860000000"/>
        <price t="2022-05-25" v="1860000000"/>
        <price t="2022-05-26" v="1893600000"/>
        <price t="2022-05-27" v="1893600000"/>
        <price t="2022-05-30" v="1893600000"/>
        <price t="2022-05-31" v="1912400000"/>
        <price t="2022-06-01" v="1911800000"/>
        <price t="2022-06-02" v="1911800000"/>
        <price t="2022-06-03" v="1911800000"/>
        <price t="2022-06-06" v="1925000000"/>
        <price t="2022-06-07" v="1915000000"/>
        <price t="2022-06-08" v="1868000000"/>
        <price t="2022-06-09" v="1856000000"/>
        <price t="2022-06-10" v="1815000000"/>
        <price t="2022-06-13" v="1781200000"/>
        <price t="2022-06-14" v="1781800000"/>
        <price t="2022-06-15" v="1800000000"/>
        <price t="2022-06-16" v="1780400000"/>
        <price t="2022-06-17" v="1809600000"/>
        <price t="2022-06-20" v="1852400000"/>
        <price t="2022-06-21" v="1835200000"/>
        <price t="2022-06-22" v="1866600000"/>
        <price t="2022-06-23" v="1865800000"/>
        <price t="2022-06-24" v="1888000000"/>
        <price t="2022-06-27" v="1884200000"/>
        <price t="2022-06-28" v="1906800000"/>
        <price t="2022-06-29" v="1903400000"/>
        <price t="2022-06-30" v="1894600000"/>
        <price t="2022-07-01" v="1921600000"/>
        <price t="2022-07-04" v="1926600000"/>
        <price t="2022-07-05" v="1886400000"/>
        <price t="2022-07-06" v="1901600000"/>
        <price t="2022-07-07" v="1920200000"/>
        <price t="2022-07-08" v="1921600000"/>
        <price t="2022-07-11" v="1922200000"/>
        <price t="2022-07-12" v="1922200000"/>
        <price t="2022-07-13" v="1919000000"/>
        <price t="2022-07-14" v="1876200000"/>
        <price t="2022-07-15" v="1908200000"/>
        <price t="2022-07-18" v="1894000000"/>
        <price t="2022-07-19" v="1908200000"/>
        <price t="2022-07-20" v="1886400000"/>
        <price t="2022-07-21" v="1873400000"/>
        <price t="2022-07-22" v="1816400000"/>
        <price t="2022-07-25" v="1818200000"/>
        <price t="2022-07-26" v="1813000000"/>
        <price t="2022-07-27" v="1849600000"/>
        <price t="2022-07-28" v="1839200000"/>
        <price t="2022-07-29" v="1850600000"/>
        <price t="2022-08-01" v="1865200000"/>
        <price t="2022-08-02" v="1885800000"/>
        <price t="2022-08-03" v="1866000000"/>
        <price t="2022-08-04" v="1861800000"/>
        <price t="2022-08-05" v="1878200000"/>
        <price t="2022-08-08" v="1877400000"/>
        <price t="2022-08-09" v="1898600000"/>
        <price t="2022-08-10" v="1885600000"/>
        <price t="2022-08-11" v="1893800000"/>
        <price t="2022-08-12" v="1868400000"/>
        <price t="2022-08-15" v="1875800000"/>
        <price t="2022-08-16" v="1911200000"/>
        <price t="2022-08-17" v="1886600000"/>
        <price t="2022-08-18" v="1879600000"/>
        <price t="2022-08-19" v="1889600000"/>
        <price t="2022-08-22" v="1898800000"/>
        <price t="2022-08-23" v="1877000000"/>
        <price t="2022-08-24" v="1873000000"/>
        <price t="2022-08-25" v="1887800000"/>
        <price t="2022-08-26" v="1867600000"/>
        <price t="2022-08-29" v="1877200000"/>
        <price t="2022-08-30" v="1884800000"/>
        <price t="2022-08-31" v="1878800000"/>
        <price t="2022-09-01" v="1869800000"/>
        <price t="2022-09-02" v="1898400000"/>
        <price t="2022-09-05" v="1890200000"/>
        <price t="2022-09-06" v="1882800000"/>
        <price t="2022-09-07" v="1889000000"/>
        <price t="2022-09-08" v="1882400000"/>
        <price t="2022-09-09" v="1955000000"/>
        <price t="2022-09-12" v="1938200000"/>
        <price t="2022-09-13" v="1924800000"/>
        <price t="2022-09-14" v="1905000000"/>
        <price t="2022-09-15" v="1908600000"/>
        <price t="2022-09-16" v="1887000000"/>
        <price t="2022-09-19" v="1898600000"/>
        <price t="2022-09-20" v="1873800000"/>
        <price t="2022-09-21" v="1868800000"/>
        <price t="2022-09-22" v="1857800000"/>
        <price t="2022-09-23" v="1831600000"/>
        <price t="2022-09-26" v="1783400000"/>
        <price t="2022-09-27" v="1781200000"/>
        <price t="2022-09-28" v="1788400000"/>
        <price t="2022-09-29" v="1763800000"/>
        <price t="2022-09-30" v="1749200000"/>
        <price t="2022-10-03" v="1785600000"/>
        <price t="2022-10-04" v="1840600000"/>
        <price t="2022-10-05" v="1795200000"/>
        <price t="2022-10-06" v="1764600000"/>
        <price t="2022-10-07" v="1760200000"/>
        <price t="2022-10-10" v="1771000000"/>
        <price t="2022-10-11" v="1770400000"/>
        <price t="2022-10-12" v="1772800000"/>
        <price t="2022-10-13" v="1756600000"/>
        <price t="2022-10-14" v="1783600000"/>
        <price t="2022-10-17" v="1809400000"/>
        <price t="2022-10-18" v="1807200000"/>
        <price t="2022-10-19" v="1823000000"/>
        <price t="2022-10-20" v="1819000000"/>
        <price t="2022-10-21" v="1805600000"/>
        <price t="2022-10-24" v="1830600000"/>
        <price t="2022-10-25" v="1852200000"/>
        <price t="2022-10-26" v="1864200000"/>
        <price t="2022-10-27" v="1866800000"/>
        <price t="2022-10-28" v="1930000000"/>
        <price t="2022-10-31" v="1916400000"/>
        <price t="2022-11-01" v="1935000000"/>
        <price t="2022-11-02" v="1950000000"/>
        <price t="2022-11-03" v="1940400000"/>
        <price t="2022-11-04" v="1960800000"/>
        <price t="2022-11-07" v="1964600000"/>
        <price t="2022-11-08" v="1967200000"/>
        <price t="2022-11-09" v="1971000000"/>
        <price t="2022-11-10" v="1940800000"/>
        <price t="2022-11-11" v="1886000000"/>
        <price t="2022-11-14" v="1887800000"/>
        <price t="2022-11-15" v="1896200000"/>
        <price t="2022-11-16" v="1901800000"/>
        <price t="2022-11-17" v="1890800000"/>
        <price t="2022-11-18" v="1933200000"/>
        <price t="2022-11-21" v="1953000000"/>
        <price t="2022-11-22" v="1960200000"/>
        <price t="2022-11-23" v="1956000000"/>
        <price t="2022-11-24" v="1970200000"/>
        <price t="2022-11-25" v="1976600000"/>
        <price t="2022-11-28" v="1969400000"/>
        <price t="2022-11-29" v="1946400000"/>
        <price t="2022-11-30" v="1940600000"/>
        <price t="2022-12-01" v="1967000000"/>
        <price t="2022-12-02" v="1964800000"/>
        <price t="2022-12-05" v="1952200000"/>
        <price t="2022-12-06" v="1940000000"/>
        <price t="2022-12-07" v="1936800000"/>
        <price t="2022-12-08" v="1930000000"/>
        <price t="2022-12-09" v="1932400000"/>
        <price t="2022-12-12" v="1913400000"/>
        <price t="2022-12-13" v="1920400000"/>
        <price t="2022-12-14" v="1916600000"/>
        <price t="2022-12-15" v="1889800000"/>
        <price t="2022-12-16" v="1885000000"/>
        <price t="2022-12-19" v="1894600000"/>
        <price t="2022-12-20" v="1888400000"/>
        <price t="2022-12-21" v="1909800000"/>
        <price t="2022-12-22" v="1895800000"/>
        <price t="2022-12-23" v="1886800000"/>
        <price t="2022-12-27" v="1894000000"/>
        <price t="2022-12-28" v="1892800000"/>
        <price t="2022-12-29" v="1908400000"/>
        <price t="2022-12-30" v="1863800000"/>
        <price t="2023-01-02" v="1893400000"/>
        <price t="2023-01-03" v="1904000000"/>
        <price t="2023-01-04" v="1922400000"/>
        <price t="2023-01-05" v="1953400000"/>
        <price t="2023-01-06" v="1978000000"/>
        <price t="2023-01-09" v="1985600000"/>
        <price t="2023-01-10" v="1997000000"/>
        <price t="2023-01-11" v="2011000000"/>
        <price t="2023-01-12" v="2031000000"/>
        <price t="2023-01-13" v="2035500000"/>
        <price t="2023-01-16" v="2057000000"/>
        <price t="2023-01-17" v="2058500000"/>
        <price t="2023-01-18" v="2029500000"/>
        <price t="2023-01-19" v="2018500000"/>
        <price t="2023-01-20" v="2017000000"/>
        <price t="2023-01-23" v="2028000000"/>
        <price t="2023-01-24" v="2012500000"/>
        <price t="2023-01-25" v="2032000000"/>
        <price t="2023-01-26" v="2029500000"/>
        <price t="2023-01-27" v="2029500000"/>
        <price t="2023-01-30" v="2035500000"/>
        <price t="2023-01-31" v="2045000000"/>
        <price t="2023-02-01" v="2046500000"/>
        <price t="2023-02-02" v="2056000000"/>
        <price t="2023-02-03" v="2015500000"/>
        <price t="2023-02-06" v="2013500000"/>
        <price t="2023-02-07" v="2009000000"/>
        <price t="2023-02-08" v="2015500000"/>
        <price t="2023-02-09" v="2016000000"/>
        <price t="2023-02-10" v="2014500000"/>
        <price t="2023-02-13" v="2033500000"/>
        <price t="2023-02-14" v="2051000000"/>
        <price t="2023-02-15" v="2058500000"/>
        <price t="2023-02-16" v="2052000000"/>
        <price t="2023-02-17" v="2076000000"/>
        <price t="2023-02-20" v="2080500000"/>
        <price t="2023-02-21" v="2091000000"/>
        <price t="2023-02-22" v="2110500000"/>
        <price t="2023-02-23" v="2120000000"/>
        <price t="2023-02-24" v="2094500000"/>
        <price t="2023-02-27" v="2126500000"/>
        <price t="2023-02-28" v="2123500000"/>
        <price t="2023-03-01" v="2114500000"/>
        <price t="2023-03-02" v="2120500000"/>
        <price t="2023-03-03" v="2126000000"/>
        <price t="2023-03-06" v="2146000000"/>
        <price t="2023-03-07" v="2141000000"/>
        <price t="2023-03-08" v="2152000000"/>
        <price t="2023-03-09" v="2157000000"/>
        <price t="2023-03-10" v="2153000000"/>
        <price t="2023-03-13" v="2137000000"/>
        <price t="2023-03-14" v="2162500000"/>
        <price t="2023-03-15" v="2167000000"/>
        <price t="2023-03-16" v="2173500000"/>
        <price t="2023-03-17" v="2148000000"/>
        <price t="2023-03-20" v="2188000000"/>
        <price t="2023-03-21" v="2199500000"/>
        <price t="2023-03-22" v="2179000000"/>
        <price t="2023-03-23" v="2184000000"/>
        <price t="2023-03-24" v="2172000000"/>
        <price t="2023-03-27" v="2183000000"/>
        <price t="2023-03-28" v="2190500000"/>
        <price t="2023-03-29" v="2211000000"/>
        <price t="2023-03-30" v="2213000000"/>
        <price t="2023-03-31" v="2235000000"/>
        <price t="2023-04-03" v="2235500000"/>
        <price t="2023-04-04" v="2237500000"/>
        <price t="2023-04-05" v="2304500000"/>
        <price t="2023-04-06" v="2260000000"/>
        <price t="2023-04-12" v="2240000000"/>
        <price t="2023-04-13" v="2230500000"/>
        <price t="2023-04-14" v="2221500000"/>
        <price t="2023-04-17" v="2234500000"/>
        <price t="2023-04-18" v="2245500000"/>
        <price t="2023-04-19" v="2250500000"/>
        <price t="2023-04-20" v="2248000000"/>
        <price t="2023-04-21" v="2238000000"/>
        <price t="2023-04-24" v="2206000000"/>
        <price t="2023-04-25" v="2223000000"/>
        <price t="2023-04-26" v="2223000000"/>
        <price t="2023-04-27" v="2226000000"/>
        <price t="2023-04-28" v="2188000000"/>
        <price t="2023-05-02" v="2137000000"/>
        <price t="2023-05-03" v="2128000000"/>
        <price t="2023-05-04" v="2136500000"/>
        <price t="2023-05-05" v="2141000000"/>
        <price t="2023-05-08" v="2130000000"/>
        <price t="2023-05-09" v="2138500000"/>
        <price t="2023-05-10" v="2125000000"/>
        <price t="2023-05-11" v="2154000000"/>
        <price t="2023-05-12" v="2166000000"/>
        <price t="2023-05-15" v="2184000000"/>
        <price t="2023-05-16" v="2201000000"/>
        <price t="2023-05-17" v="2183500000"/>
        <price t="2023-05-18" v="2179000000"/>
        <price t="2023-05-19" v="2185500000"/>
        <price t="2023-05-22" v="2173000000"/>
        <price t="2023-05-24" v="2174000000"/>
        <price t="2023-05-25" v="2114000000"/>
        <price t="2023-05-26" v="2104000000"/>
        <price t="2023-05-29" v="2105500000"/>
        <price t="2023-05-30" v="2077000000"/>
        <price t="2023-05-31" v="2074500000"/>
        <price t="2023-06-02" v="1913800000"/>
        <price t="2023-06-05" v="1943600000"/>
        <price t="2023-06-06" v="1925400000"/>
        <price t="2023-06-07" v="1900000000"/>
        <price t="2023-06-08" v="1885800000"/>
        <price t="2023-06-09" v="1904600000"/>
        <price t="2023-06-12" v="1900600000"/>
        <price t="2023-06-13" v="1890200000"/>
        <price t="2023-06-14" v="1914200000"/>
        <price t="2023-06-15" v="1936400000"/>
        <price t="2023-06-16" v="1942400000"/>
        <price t="2023-06-19" v="1931000000"/>
        <price t="2023-06-20" v="1924200000"/>
        <price t="2023-06-21" v="1923600000"/>
        <price t="2023-06-22" v="1943400000"/>
        <price t="2023-06-23" v="1955800000"/>
        <price t="2023-06-26" v="1969600000"/>
        <price t="2023-06-27" v="1990600000"/>
        <price t="2023-06-28" v="2003000000"/>
        <price t="2023-06-29" v="1993000000"/>
        <price t="2023-06-30" v="1997600000"/>
        <price t="2023-07-03" v="1994600000"/>
        <price t="2023-07-04" v="1996000000"/>
        <price t="2023-07-05" v="1993800000"/>
        <price t="2023-07-06" v="1961600000"/>
        <price t="2023-07-07" v="1950000000"/>
        <price t="2023-07-10" v="1948000000"/>
        <price t="2023-07-11" v="1945000000"/>
        <price t="2023-07-12" v="1963000000"/>
        <price t="2023-07-13" v="1976800000"/>
        <price t="2023-07-14" v="1988000000"/>
        <price t="2023-07-17" v="1975200000"/>
        <price t="2023-07-18" v="1939800000"/>
        <price t="2023-07-19" v="1948200000"/>
        <price t="2023-07-20" v="1962800000"/>
        <price t="2023-07-21" v="1966800000"/>
        <price t="2023-07-24" v="1989400000"/>
        <price t="2023-07-25" v="1980200000"/>
        <price t="2023-07-26" v="1957200000"/>
        <price t="2023-07-27" v="1980000000"/>
        <price t="2023-07-28" v="1990400000"/>
        <price t="2023-07-31" v="1984200000"/>
        <price t="2023-08-01" v="1966400000"/>
        <price t="2023-08-02" v="1917400000"/>
        <price t="2023-08-03" v="1894200000"/>
        <price t="2023-08-04" v="1885200000"/>
        <price t="2023-08-08" v="1855600000"/>
        <price t="2023-08-09" v="1888200000"/>
        <price t="2023-08-10" v="1888800000"/>
        <price t="2023-08-11" v="1878600000"/>
        <price t="2023-08-14" v="1901200000"/>
        <price t="2023-08-15" v="1896400000"/>
        <price t="2023-08-16" v="1902000000"/>
        <price t="2023-08-17" v="1901400000"/>
        <price t="2023-08-18" v="1900800000"/>
        <price t="2023-08-21" v="1909600000"/>
        <price t="2023-08-22" v="1909600000"/>
        <price t="2023-08-23" v="1930800000"/>
        <price t="2023-08-24" v="1915400000"/>
        <price t="2023-08-25" v="1925600000"/>
        <price t="2023-08-28" v="1946200000"/>
        <price t="2023-08-29" v="1956200000"/>
        <price t="2023-08-30" v="1954800000"/>
        <price t="2023-08-31" v="1974200000"/>
        <price t="2023-09-01" v="1972600000"/>
        <price t="2023-09-04" v="1965600000"/>
        <price t="2023-09-05" v="1986800000"/>
        <price t="2023-09-06" v="1994200000"/>
        <price t="2023-09-07" v="2001500000"/>
        <price t="2023-09-08" v="2014000000"/>
        <price t="2023-09-11" v="2043000000"/>
        <price t="2023-09-12" v="2054000000"/>
        <price t="2023-09-13" v="2047500000"/>
        <price t="2023-09-14" v="2072000000"/>
        <price t="2023-09-15" v="2064500000"/>
        <price t="2023-09-18" v="2062500000"/>
        <price t="2023-09-19" v="2065000000"/>
        <price t="2023-09-20" v="2075500000"/>
        <price t="2023-09-21" v="2062000000"/>
        <price t="2023-09-22" v="2056500000"/>
        <price t="2023-09-25" v="2019500000"/>
        <price t="2023-09-26" v="1999600000"/>
        <price t="2023-09-27" v="1971400000"/>
        <price t="2023-09-28" v="1985000000"/>
        <price t="2023-09-29" v="1986800000"/>
        <price t="2023-10-02" v="1992600000"/>
        <price t="2023-10-03" v="1968000000"/>
        <price t="2023-10-04" v="1967400000"/>
        <price t="2023-10-05" v="1982200000"/>
        <price t="2023-10-06" v="2009000000"/>
        <price t="2023-10-09" v="2032000000"/>
        <price t="2023-10-10" v="2048000000"/>
        <price t="2023-10-11" v="2055000000"/>
        <price t="2023-10-12" v="2047000000"/>
        <price t="2023-10-13" v="2039500000"/>
        <price t="2023-10-16" v="2036000000"/>
        <price t="2023-10-17" v="2034500000"/>
        <price t="2023-10-18" v="2047000000"/>
        <price t="2023-10-19" v="2035000000"/>
        <price t="2023-10-20" v="2020500000"/>
        <price t="2023-10-23" v="2018500000"/>
        <price t="2023-10-24" v="2021500000"/>
        <price t="2023-10-25" v="2048500000"/>
        <price t="2023-10-26" v="2038500000"/>
        <price t="2023-10-27" v="2038500000"/>
        <price t="2023-10-30" v="2047500000"/>
        <price t="2023-10-31" v="2047500000"/>
        <price t="2023-11-01" v="2075000000"/>
        <price t="2023-11-02" v="2137500000"/>
        <price t="2023-11-03" v="2139000000"/>
        <price t="2023-11-06" v="2135000000"/>
        <price t="2023-11-07" v="2123000000"/>
        <price t="2023-11-08" v="2133500000"/>
        <price t="2023-11-09" v="2152000000"/>
        <price t="2023-11-10" v="2143500000"/>
        <price t="2023-11-13" v="2164500000"/>
        <price t="2023-11-14" v="2155000000"/>
        <price t="2023-11-15" v="2141000000"/>
        <price t="2023-11-16" v="2146500000"/>
        <price t="2023-11-17" v="2155500000"/>
        <price t="2023-11-20" v="2162000000"/>
        <price t="2023-11-21" v="2159000000"/>
        <price t="2023-11-22" v="2174000000"/>
        <price t="2023-11-23" v="2180000000"/>
        <price t="2023-11-24" v="2190000000"/>
        <price t="2023-11-27" v="2195500000"/>
        <price t="2023-11-28" v="2187500000"/>
        <price t="2023-11-29" v="2193500000"/>
        <price t="2023-11-30" v="2197500000"/>
        <price t="2023-12-01" v="2224500000"/>
        <price t="2023-12-04" v="2235000000"/>
        <price t="2023-12-05" v="2259000000"/>
        <price t="2023-12-06" v="2263500000"/>
        <price t="2023-12-07" v="2260000000"/>
        <price t="2023-12-08" v="2261500000"/>
        <price t="2023-12-11" v="2278500000"/>
        <price t="2023-12-12" v="2278000000"/>
        <price t="2023-12-13" v="2255500000"/>
        <price t="2023-12-14" v="2174000000"/>
        <price t="2023-12-15" v="2159000000"/>
        <price t="2023-12-18" v="2153500000"/>
        <price t="2023-12-19" v="2148000000"/>
        <price t="2023-12-20" v="2167000000"/>
        <price t="2023-12-21" v="2165500000"/>
        <price t="2023-12-22" v="2178000000"/>
        <price t="2023-12-27" v="2165000000"/>
        <price t="2023-12-28" v="2161500000"/>
        <price t="2023-12-29" v="2175000000"/>
        <price t="2024-01-02" v="2196500000"/>
        <price t="2024-01-03" v="2228500000"/>
        <price t="2024-01-04" v="2246500000"/>
        <price t="2024-01-05" v="2243500000"/>
        <price t="2024-01-08" v="2254000000"/>
        <price t="2024-01-09" v="2251000000"/>
        <price t="2024-01-10" v="2245500000"/>
        <price t="2024-01-11" v="2236000000"/>
        <price t="2024-01-12" v="2250500000"/>
      </prices>
      <latest t="2024-01-12" v="2250500000">
        <high>-1</high>
        <low>-1</low>
        <volume>-1</volume>
      </latest>
      <attributes>
        <map/>
      </attributes>
      <events/>
      <isRetired>false</isRetired>
      <updatedAt>2023-06-11T08:26:58.426438Z</updatedAt>
    </security>
    <security>
      <uuid>245661d8-6510-40d7-96cc-3f05f7a679ad</uuid>
      <name>share-2</name>
      <currencyCode>EUR</currencyCode>
      <tickerSymbol>TMV.DE</tickerSymbol>
      <feed>YAHOO</feed>
      <prices>
        <price t="2019-09-25" v="2530000000"/>
        <price t="2019-09-26" v="2342000000"/>
        <price t="2019-09-27" v="2410000000"/>
        <price t="2019-09-30" v="2469000000"/>
        <price t="2019-10-01" v="2550000000"/>
        <price t="2019-10-02" v="2503000000"/>
        <price t="2019-10-04" v="2457000000"/>
        <price t="2019-10-07" v="2375000000"/>
        <price t="2019-10-08" v="2275000000"/>
        <price t="2019-10-09" v="2180000000"/>
        <price t="2019-10-10" v="2240000000"/>
        <price t="2019-10-11" v="2320000000"/>
        <price t="2019-10-14" v="2376000000"/>
        <price t="2019-10-15" v="2417000000"/>
        <price t="2019-10-16" v="2430000000"/>
        <price t="2019-10-17" v="2416000000"/>
        <price t="2019-10-18" v="2410000000"/>
        <price t="2019-10-21" v="2393000000"/>
        <price t="2019-10-22" v="2385000000"/>
        <price t="2019-10-23" v="2349000000"/>
        <price t="2019-10-24" v="2305000000"/>
        <price t="2019-10-25" v="2253000000"/>
        <price t="2019-10-28" v="2315000000"/>
        <price t="2019-10-29" v="2350000000"/>
        <price t="2019-10-30" v="2356000000"/>
        <price t="2019-10-31" v="2366000000"/>
        <price t="2019-11-01" v="2421000000"/>
        <price t="2019-11-04" v="2471000000"/>
        <price t="2019-11-05" v="2431000000"/>
        <price t="2019-11-06" v="2455000000"/>
        <price t="2019-11-07" v="2500000000"/>
        <price t="2019-11-08" v="2510000000"/>
        <price t="2019-11-11" v="2600000000"/>
        <price t="2019-11-12" v="2657000000"/>
        <price t="2019-11-13" v="2665000000"/>
        <price t="2019-11-14" v="2580000000"/>
        <price t="2019-11-15" v="2600000000"/>
        <price t="2019-11-18" v="2486000000"/>
        <price t="2019-11-19" v="2550000000"/>
        <price t="2019-11-20" v="2458000000"/>
        <price t="2019-11-21" v="2467000000"/>
        <price t="2019-11-22" v="2503000000"/>
        <price t="2019-11-25" v="2526000000"/>
        <price t="2019-11-26" v="2521000000"/>
        <price t="2019-11-27" v="2575000000"/>
        <price t="2019-11-28" v="2590000000"/>
        <price t="2019-11-29" v="2593000000"/>
        <price t="2019-12-02" v="2547000000"/>
        <price t="2019-12-03" v="2528000000"/>
        <price t="2019-12-04" v="2602000000"/>
        <price t="2019-12-05" v="2589000000"/>
        <price t="2019-12-06" v="2628000000"/>
        <price t="2019-12-09" v="2711000000"/>
        <price t="2019-12-10" v="2795000000"/>
        <price t="2019-12-11" v="2889000000"/>
        <price t="2019-12-12" v="2880000000"/>
        <price t="2019-12-13" v="2854000000"/>
        <price t="2019-12-16" v="2905000000"/>
        <price t="2019-12-17" v="2946000000"/>
        <price t="2019-12-18" v="2979000000"/>
        <price t="2019-12-19" v="2990000000"/>
        <price t="2019-12-20" v="3027000000"/>
        <price t="2019-12-23" v="3099000000"/>
        <price t="2019-12-27" v="3265000000"/>
        <price t="2019-12-30" v="3188000000"/>
        <price t="2020-01-02" v="3133000000"/>
        <price t="2020-01-03" v="3051000000"/>
        <price t="2020-01-06" v="2940000000"/>
        <price t="2020-01-07" v="2953000000"/>
        <price t="2020-01-08" v="2973000000"/>
        <price t="2020-01-09" v="3063000000"/>
        <price t="2020-01-10" v="3122000000"/>
        <price t="2020-01-13" v="3093000000"/>
        <price t="2020-01-14" v="3061000000"/>
        <price t="2020-01-15" v="3180000000"/>
        <price t="2020-01-16" v="3209000000"/>
        <price t="2020-01-17" v="3200000000"/>
        <price t="2020-01-20" v="3183000000"/>
        <price t="2020-01-21" v="3205000000"/>
        <price t="2020-01-22" v="3300000000"/>
        <price t="2020-01-23" v="3219000000"/>
        <price t="2020-01-24" v="3287000000"/>
        <price t="2020-01-27" v="3195000000"/>
        <price t="2020-01-28" v="3178000000"/>
        <price t="2020-01-29" v="3232000000"/>
        <price t="2020-01-30" v="3228000000"/>
        <price t="2020-01-31" v="3241000000"/>
        <price t="2020-02-03" v="3177000000"/>
        <price t="2020-02-04" v="3276000000"/>
        <price t="2020-02-05" v="3272000000"/>
        <price t="2020-02-06" v="3190000000"/>
        <price t="2020-02-07" v="3160000000"/>
        <price t="2020-02-10" v="3174000000"/>
        <price t="2020-02-11" v="3239000000"/>
        <price t="2020-02-12" v="3238000000"/>
        <price t="2020-02-13" v="3210000000"/>
        <price t="2020-02-14" v="3192000000"/>
        <price t="2020-02-17" v="3170000000"/>
        <price t="2020-02-18" v="3118000000"/>
        <price t="2020-02-19" v="3153000000"/>
        <price t="2020-02-20" v="3060000000"/>
        <price t="2020-02-21" v="3004000000"/>
        <price t="2020-02-24" v="3001000000"/>
        <price t="2020-02-25" v="2910000000"/>
        <price t="2020-02-26" v="2910000000"/>
        <price t="2020-02-27" v="2988000000"/>
        <price t="2020-02-28" v="3215000000"/>
        <price t="2020-03-02" v="3569000000"/>
        <price t="2020-03-03" v="3494000000"/>
        <price t="2020-03-04" v="3425000000"/>
        <price t="2020-03-05" v="3502000000"/>
        <price t="2020-03-06" v="3317000000"/>
        <price t="2020-03-09" v="3109000000"/>
        <price t="2020-03-10" v="2907000000"/>
        <price t="2020-03-11" v="2924000000"/>
        <price t="2020-03-12" v="2577000000"/>
        <price t="2020-03-13" v="2601000000"/>
        <price t="2020-03-16" v="2638000000"/>
        <price t="2020-03-17" v="2481000000"/>
        <price t="2020-03-18" v="2553000000"/>
        <price t="2020-03-19" v="2956000000"/>
        <price t="2020-03-20" v="3047000000"/>
        <price t="2020-03-23" v="2951000000"/>
        <price t="2020-03-24" v="3163000000"/>
        <price t="2020-03-25" v="3170000000"/>
        <price t="2020-03-26" v="3391000000"/>
        <price t="2020-03-27" v="3450000000"/>
        <price t="2020-03-30" v="3680000000"/>
        <price t="2020-03-31" v="3639000000"/>
        <price t="2020-04-01" v="3740000000"/>
        <price t="2020-04-02" v="3839500000"/>
        <price t="2020-04-03" v="3892000000"/>
        <price t="2020-04-06" v="3713500000"/>
        <price t="2020-04-07" v="3549000000"/>
        <price t="2020-04-08" v="3760000000"/>
        <price t="2020-04-09" v="3675000000"/>
        <price t="2020-04-14" v="3830500000"/>
        <price t="2020-04-15" v="3943000000"/>
        <price t="2020-04-16" v="4094500000"/>
        <price t="2020-04-17" v="3975000000"/>
        <price t="2020-04-20" v="4187500000"/>
        <price t="2020-04-21" v="3917000000"/>
        <price t="2020-04-22" v="4217500000"/>
        <price t="2020-04-23" v="4176000000"/>
        <price t="2020-04-24" v="4163500000"/>
        <price t="2020-04-27" v="4200500000"/>
        <price t="2020-04-28" v="4134000000"/>
        <price t="2020-04-29" v="3982500000"/>
        <price t="2020-04-30" v="3960000000"/>
        <price t="2020-05-04" v="4032000000"/>
        <price t="2020-05-05" v="4153000000"/>
        <price t="2020-05-06" v="4271500000"/>
        <price t="2020-05-07" v="4326000000"/>
        <price t="2020-05-08" v="4266000000"/>
        <price t="2020-05-11" v="4300000000"/>
        <price t="2020-05-12" v="4400000000"/>
        <price t="2020-05-13" v="4516000000"/>
        <price t="2020-05-14" v="4150000000"/>
        <price t="2020-05-15" v="4242500000"/>
        <price t="2020-05-18" v="4196500000"/>
        <price t="2020-05-19" v="4255000000"/>
        <price t="2020-05-20" v="4355500000"/>
        <price t="2020-05-21" v="4375000000"/>
        <price t="2020-05-22" v="4470000000"/>
        <price t="2020-05-25" v="4588500000"/>
        <price t="2020-05-26" v="4521500000"/>
        <price t="2020-05-27" v="4242000000"/>
        <price t="2020-05-28" v="4431000000"/>
        <price t="2020-05-29" v="4575500000"/>
        <price t="2020-06-02" v="4807000000"/>
        <price t="2020-06-03" v="4663500000"/>
        <price t="2020-06-04" v="4616500000"/>
        <price t="2020-06-05" v="4352500000"/>
        <price t="2020-06-08" v="4340000000"/>
        <price t="2020-06-09" v="4401500000"/>
        <price t="2020-06-10" v="4417000000"/>
        <price t="2020-06-11" v="4355000000"/>
        <price t="2020-06-12" v="4253000000"/>
        <price t="2020-06-15" v="4346000000"/>
        <price t="2020-06-16" v="4537000000"/>
        <price t="2020-06-17" v="4631000000"/>
        <price t="2020-06-18" v="4705000000"/>
        <price t="2020-06-19" v="4744000000"/>
        <price t="2020-06-22" v="4740000000"/>
        <price t="2020-06-23" v="4762000000"/>
        <price t="2020-06-24" v="4774000000"/>
        <price t="2020-06-25" v="4809000000"/>
        <price t="2020-06-26" v="4764000000"/>
        <price t="2020-06-29" v="4586000000"/>
        <price t="2020-06-30" v="4860000000"/>
        <price t="2020-07-01" v="4947000000"/>
        <price t="2020-07-02" v="5120000000"/>
        <price t="2020-07-03" v="5148000000"/>
        <price t="2020-07-06" v="5166000000"/>
        <price t="2020-07-07" v="5186000000"/>
        <price t="2020-07-08" v="5170000000"/>
        <price t="2020-07-09" v="5362000000"/>
        <price t="2020-07-10" v="5118000000"/>
        <price t="2020-07-13" v="5144000000"/>
        <price t="2020-07-14" v="5038000000"/>
        <price t="2020-07-15" v="4665000000"/>
        <price t="2020-07-16" v="4763000000"/>
        <price t="2020-07-17" v="4894000000"/>
        <price t="2020-07-20" v="4855000000"/>
        <price t="2020-07-21" v="4780000000"/>
        <price t="2020-07-22" v="4863000000"/>
        <price t="2020-07-23" v="4783000000"/>
        <price t="2020-07-24" v="4582000000"/>
        <price t="2020-07-27" v="4691000000"/>
        <price t="2020-07-28" v="4622000000"/>
        <price t="2020-07-29" v="4669000000"/>
        <price t="2020-07-30" v="4425000000"/>
        <price t="2020-07-31" v="4575000000"/>
        <price t="2020-08-03" v="4723000000"/>
        <price t="2020-08-04" v="4345000000"/>
        <price t="2020-08-05" v="4392000000"/>
        <price t="2020-08-06" v="4371000000"/>
        <price t="2020-08-07" v="4300000000"/>
        <price t="2020-08-10" v="4163000000"/>
        <price t="2020-08-11" v="4263000000"/>
        <price t="2020-08-12" v="4336000000"/>
        <price t="2020-08-13" v="4417000000"/>
        <price t="2020-08-14" v="4405000000"/>
        <price t="2020-08-17" v="4463000000"/>
        <price t="2020-08-18" v="4421000000"/>
        <price t="2020-08-19" v="4345000000"/>
        <price t="2020-08-20" v="4421000000"/>
        <price t="2020-08-21" v="4516000000"/>
        <price t="2020-08-24" v="4414000000"/>
        <price t="2020-08-25" v="4429000000"/>
        <price t="2020-08-26" v="4510000000"/>
        <price t="2020-08-27" v="4534000000"/>
        <price t="2020-08-28" v="4528000000"/>
        <price t="2020-08-31" v="4537000000"/>
        <price t="2020-09-01" v="4505000000"/>
        <price t="2020-09-02" v="4405000000"/>
        <price t="2020-09-03" v="4160000000"/>
        <price t="2020-09-04" v="4056000000"/>
        <price t="2020-09-07" v="4150000000"/>
        <price t="2020-09-08" v="4068000000"/>
        <price t="2020-09-09" v="4148000000"/>
        <price t="2020-09-10" v="4142000000"/>
        <price t="2020-09-11" v="4043000000"/>
        <price t="2020-09-14" v="4149000000"/>
        <price t="2020-09-15" v="4161000000"/>
        <price t="2020-09-16" v="4169000000"/>
        <price t="2020-09-17" v="4113000000"/>
        <price t="2020-09-18" v="4253000000"/>
        <price t="2020-09-21" v="4223000000"/>
        <price t="2020-09-22" v="4294000000"/>
        <price t="2020-09-23" v="4318000000"/>
        <price t="2020-09-24" v="4185000000"/>
        <price t="2020-09-25" v="4260000000"/>
        <price t="2020-09-28" v="4300000000"/>
        <price t="2020-09-29" v="4295000000"/>
        <price t="2020-09-30" v="4212000000"/>
        <price t="2020-10-01" v="4237000000"/>
        <price t="2020-10-02" v="4142000000"/>
        <price t="2020-10-05" v="4208000000"/>
        <price t="2020-10-06" v="4163000000"/>
        <price t="2020-10-07" v="4071000000"/>
        <price t="2020-10-08" v="4062000000"/>
        <price t="2020-10-09" v="4286000000"/>
        <price t="2020-10-12" v="4350000000"/>
        <price t="2020-10-13" v="4436000000"/>
        <price t="2020-10-14" v="4529000000"/>
        <price t="2020-10-15" v="4467000000"/>
        <price t="2020-10-16" v="4560000000"/>
        <price t="2020-10-19" v="4609000000"/>
        <price t="2020-10-20" v="4224000000"/>
        <price t="2020-10-21" v="4156000000"/>
        <price t="2020-10-22" v="4136000000"/>
        <price t="2020-10-23" v="4019000000"/>
        <price t="2020-10-26" v="3970000000"/>
        <price t="2020-10-27" v="4026000000"/>
        <price t="2020-10-28" v="3851000000"/>
        <price t="2020-10-29" v="3831000000"/>
        <price t="2020-10-30" v="3780000000"/>
        <price t="2020-11-02" v="3715000000"/>
        <price t="2020-11-03" v="3640000000"/>
        <price t="2020-11-04" v="3810000000"/>
        <price t="2020-11-05" v="3880000000"/>
        <price t="2020-11-06" v="3890000000"/>
        <price t="2020-11-09" v="3545000000"/>
        <price t="2020-11-10" v="3716000000"/>
        <price t="2020-11-11" v="3900000000"/>
        <price t="2020-11-12" v="3908000000"/>
        <price t="2020-11-13" v="3945000000"/>
        <price t="2020-11-16" v="3790000000"/>
        <price t="2020-11-17" v="3748000000"/>
        <price t="2020-11-18" v="3771000000"/>
        <price t="2020-11-19" v="3835000000"/>
        <price t="2020-11-20" v="3952000000"/>
        <price t="2020-11-23" v="3940000000"/>
        <price t="2020-11-24" v="3902000000"/>
        <price t="2020-11-25" v="3910000000"/>
        <price t="2020-11-26" v="3912000000"/>
        <price t="2020-11-27" v="3956000000"/>
        <price t="2020-11-30" v="3993000000"/>
        <price t="2020-12-01" v="3948000000"/>
        <price t="2020-12-02" v="3843000000"/>
        <price t="2020-12-03" v="3894000000"/>
        <price t="2020-12-04" v="3900000000"/>
        <price t="2020-12-07" v="3845000000"/>
        <price t="2020-12-08" v="3850000000"/>
        <price t="2020-12-09" v="3826000000"/>
        <price t="2020-12-10" v="3852000000"/>
        <price t="2020-12-11" v="3871000000"/>
        <price t="2020-12-14" v="3980000000"/>
        <price t="2020-12-15" v="4155000000"/>
        <price t="2020-12-16" v="4135000000"/>
        <price t="2020-12-17" v="4263000000"/>
        <price t="2020-12-18" v="4375000000"/>
        <price t="2020-12-21" v="4348000000"/>
        <price t="2020-12-22" v="4430000000"/>
        <price t="2020-12-23" v="4385000000"/>
        <price t="2020-12-28" v="4381000000"/>
        <price t="2020-12-29" v="4346000000"/>
        <price t="2020-12-30" v="4383000000"/>
        <price t="2021-01-04" v="4424000000"/>
        <price t="2021-01-05" v="4485000000"/>
        <price t="2021-01-06" v="4282000000"/>
        <price t="2021-01-07" v="4136000000"/>
        <price t="2021-01-08" v="4240000000"/>
        <price t="2021-01-11" v="4080000000"/>
        <price t="2021-01-12" v="4151000000"/>
        <price t="2021-01-13" v="4193000000"/>
        <price t="2021-01-14" v="4158000000"/>
        <price t="2021-01-15" v="4033000000"/>
        <price t="2021-01-18" v="4095000000"/>
        <price t="2021-01-19" v="4200000000"/>
        <price t="2021-01-20" v="4350000000"/>
        <price t="2021-01-21" v="4300000000"/>
        <price t="2021-01-22" v="4300000000"/>
        <price t="2021-01-25" v="4287000000"/>
        <price t="2021-01-26" v="4267000000"/>
        <price t="2021-01-27" v="4354000000"/>
        <price t="2021-01-28" v="4270000000"/>
        <price t="2021-01-29" v="4271000000"/>
        <price t="2021-02-01" v="4299000000"/>
        <price t="2021-02-02" v="4420000000"/>
        <price t="2021-02-03" v="4480000000"/>
        <price t="2021-02-04" v="4427000000"/>
        <price t="2021-02-05" v="4480000000"/>
        <price t="2021-02-08" v="4581000000"/>
        <price t="2021-02-09" v="4384000000"/>
        <price t="2021-02-10" v="4417000000"/>
        <price t="2021-02-11" v="4519000000"/>
        <price t="2021-02-12" v="4568000000"/>
        <price t="2021-02-15" v="4652000000"/>
        <price t="2021-02-16" v="4650000000"/>
        <price t="2021-02-17" v="4864000000"/>
        <price t="2021-02-18" v="4845000000"/>
        <price t="2021-02-19" v="4913000000"/>
        <price t="2021-02-22" v="4751000000"/>
        <price t="2021-02-23" v="4581000000"/>
        <price t="2021-02-24" v="4504000000"/>
        <price t="2021-02-25" v="4533000000"/>
        <price t="2021-02-26" v="4450000000"/>
        <price t="2021-03-01" v="4482000000"/>
        <price t="2021-03-02" v="4670000000"/>
        <price t="2021-03-03" v="4632000000"/>
        <price t="2021-03-04" v="4491000000"/>
        <price t="2021-03-05" v="4217000000"/>
        <price t="2021-03-08" v="4124000000"/>
        <price t="2021-03-09" v="4293000000"/>
        <price t="2021-03-10" v="4209000000"/>
        <price t="2021-03-11" v="4314000000"/>
        <price t="2021-03-12" v="4232000000"/>
        <price t="2021-03-15" v="4264000000"/>
        <price t="2021-03-16" v="4341000000"/>
        <price t="2021-03-17" v="4332000000"/>
        <price t="2021-03-18" v="4286000000"/>
        <price t="2021-03-19" v="3756000000"/>
        <price t="2021-03-22" v="3768000000"/>
        <price t="2021-03-23" v="3821000000"/>
        <price t="2021-03-24" v="3673000000"/>
        <price t="2021-03-25" v="3615000000"/>
        <price t="2021-03-26" v="3641000000"/>
        <price t="2021-03-29" v="3657000000"/>
        <price t="2021-03-30" v="3564000000"/>
        <price t="2021-03-31" v="3643000000"/>
        <price t="2021-04-01" v="3757000000"/>
        <price t="2021-04-06" v="3717000000"/>
        <price t="2021-04-07" v="3733000000"/>
        <price t="2021-04-08" v="3716000000"/>
        <price t="2021-04-09" v="3749000000"/>
        <price t="2021-04-12" v="3742000000"/>
        <price t="2021-04-13" v="3882000000"/>
        <price t="2021-04-14" v="3870000000"/>
        <price t="2021-04-15" v="3930000000"/>
        <price t="2021-04-16" v="3876000000"/>
        <price t="2021-04-19" v="3885000000"/>
        <price t="2021-04-20" v="3763000000"/>
        <price t="2021-04-21" v="3788000000"/>
        <price t="2021-04-22" v="3774000000"/>
        <price t="2021-04-23" v="3837000000"/>
        <price t="2021-04-26" v="3929000000"/>
        <price t="2021-04-27" v="4003000000"/>
        <price t="2021-04-28" v="3988000000"/>
        <price t="2021-04-29" v="3971000000"/>
        <price t="2021-04-30" v="3956000000"/>
        <price t="2021-05-03" v="3970000000"/>
        <price t="2021-05-04" v="3480000000"/>
        <price t="2021-05-05" v="3408000000"/>
        <price t="2021-05-06" v="3314000000"/>
        <price t="2021-05-07" v="3452000000"/>
        <price t="2021-05-10" v="3364000000"/>
        <price t="2021-05-11" v="3185000000"/>
        <price t="2021-05-12" v="3140000000"/>
        <price t="2021-05-13" v="3051000000"/>
        <price t="2021-05-14" v="3095000000"/>
        <price t="2021-05-17" v="3093000000"/>
        <price t="2021-05-18" v="3089000000"/>
        <price t="2021-05-19" v="3049000000"/>
        <price t="2021-05-20" v="3147000000"/>
        <price t="2021-05-21" v="3082000000"/>
        <price t="2021-05-25" v="3161000000"/>
        <price t="2021-05-26" v="3245000000"/>
        <price t="2021-05-27" v="3283000000"/>
        <price t="2021-05-28" v="3217000000"/>
        <price t="2021-05-31" v="3237000000"/>
        <price t="2021-06-01" v="3195000000"/>
        <price t="2021-06-02" v="3090000000"/>
        <price t="2021-06-03" v="3033000000"/>
        <price t="2021-06-04" v="3095000000"/>
        <price t="2021-06-07" v="3079000000"/>
        <price t="2021-06-08" v="2996000000"/>
        <price t="2021-06-09" v="3079000000"/>
        <price t="2021-06-10" v="3015000000"/>
        <price t="2021-06-11" v="3060000000"/>
        <price t="2021-06-14" v="3239000000"/>
        <price t="2021-06-15" v="3191000000"/>
        <price t="2021-06-16" v="3205000000"/>
        <price t="2021-06-17" v="3275000000"/>
        <price t="2021-06-18" v="3393000000"/>
        <price t="2021-06-21" v="3284000000"/>
        <price t="2021-06-22" v="3339000000"/>
        <price t="2021-06-23" v="3295000000"/>
        <price t="2021-06-24" v="3375000000"/>
        <price t="2021-06-25" v="3359000000"/>
        <price t="2021-06-28" v="3222000000"/>
        <price t="2021-06-29" v="3218000000"/>
        <price t="2021-06-30" v="3172000000"/>
        <price t="2021-07-01" v="3165000000"/>
        <price t="2021-07-02" v="3104000000"/>
        <price t="2021-07-05" v="3052000000"/>
        <price t="2021-07-06" v="3194000000"/>
        <price t="2021-07-07" v="3230000000"/>
        <price t="2021-07-08" v="2769000000"/>
        <price t="2021-07-09" v="2812000000"/>
        <price t="2021-07-12" v="2903000000"/>
        <price t="2021-07-13" v="2988000000"/>
        <price t="2021-07-14" v="3044000000"/>
        <price t="2021-07-15" v="2894000000"/>
        <price t="2021-07-16" v="2942000000"/>
        <price t="2021-07-19" v="2876000000"/>
        <price t="2021-07-20" v="2892000000"/>
        <price t="2021-07-21" v="2907000000"/>
        <price t="2021-07-22" v="2945000000"/>
        <price t="2021-07-23" v="2925000000"/>
        <price t="2021-07-26" v="2848000000"/>
        <price t="2021-07-27" v="2858000000"/>
        <price t="2021-07-28" v="2917000000"/>
        <price t="2021-07-29" v="2929000000"/>
        <price t="2021-07-30" v="2835000000"/>
        <price t="2021-08-02" v="2849000000"/>
        <price t="2021-08-03" v="2561000000"/>
        <price t="2021-08-04" v="2576000000"/>
        <price t="2021-08-05" v="2666000000"/>
        <price t="2021-08-06" v="2596000000"/>
        <price t="2021-08-09" v="2654000000"/>
        <price t="2021-08-10" v="2770000000"/>
        <price t="2021-08-11" v="2760000000"/>
        <price t="2021-08-12" v="2810000000"/>
        <price t="2021-08-13" v="2828000000"/>
        <price t="2021-08-16" v="2731000000"/>
        <price t="2021-08-17" v="2816000000"/>
        <price t="2021-08-18" v="2775000000"/>
        <price t="2021-08-19" v="2760000000"/>
        <price t="2021-08-20" v="2743000000"/>
        <price t="2021-08-23" v="2745000000"/>
        <price t="2021-08-24" v="2808000000"/>
        <price t="2021-08-25" v="2768000000"/>
        <price t="2021-08-26" v="2875000000"/>
        <price t="2021-08-27" v="2867000000"/>
        <price t="2021-08-30" v="2941000000"/>
        <price t="2021-08-31" v="2821000000"/>
        <price t="2021-09-01" v="2865000000"/>
        <price t="2021-09-02" v="2797000000"/>
        <price t="2021-09-03" v="2825000000"/>
        <price t="2021-09-06" v="2917000000"/>
        <price t="2021-09-07" v="3012000000"/>
        <price t="2021-09-08" v="2990000000"/>
        <price t="2021-09-09" v="2962000000"/>
        <price t="2021-09-10" v="2981000000"/>
        <price t="2021-09-13" v="2849000000"/>
        <price t="2021-09-14" v="2903000000"/>
        <price t="2021-09-15" v="2889000000"/>
        <price t="2021-09-16" v="2917000000"/>
        <price t="2021-09-17" v="2845000000"/>
        <price t="2021-09-20" v="2762000000"/>
        <price t="2021-09-21" v="2730000000"/>
        <price t="2021-09-22" v="2714000000"/>
        <price t="2021-09-23" v="2763000000"/>
        <price t="2021-09-24" v="2897000000"/>
        <price t="2021-09-27" v="2789000000"/>
        <price t="2021-09-28" v="2639000000"/>
        <price t="2021-09-29" v="2574000000"/>
        <price t="2021-09-30" v="2539000000"/>
        <price t="2021-10-01" v="2487000000"/>
        <price t="2021-10-04" v="2403000000"/>
        <price t="2021-10-05" v="2376000000"/>
        <price t="2021-10-06" v="1785500000"/>
        <price t="2021-10-07" v="1660000000"/>
        <price t="2021-10-08" v="1590000000"/>
        <price t="2021-10-11" v="1416500000"/>
        <price t="2021-10-12" v="1455000000"/>
        <price t="2021-10-13" v="1399000000"/>
        <price t="2021-10-14" v="1429500000"/>
        <price t="2021-10-15" v="1376500000"/>
        <price t="2021-10-18" v="1378000000"/>
        <price t="2021-10-19" v="1339000000"/>
        <price t="2021-10-20" v="1310500000"/>
        <price t="2021-10-21" v="1392500000"/>
        <price t="2021-10-22" v="1325000000"/>
        <price t="2021-10-25" v="1280000000"/>
        <price t="2021-10-26" v="1327500000"/>
        <price t="2021-10-27" v="1287000000"/>
        <price t="2021-10-28" v="1292000000"/>
        <price t="2021-10-29" v="1290000000"/>
        <price t="2021-11-01" v="1258000000"/>
        <price t="2021-11-02" v="1308000000"/>
        <price t="2021-11-03" v="1451500000"/>
        <price t="2021-11-04" v="1447000000"/>
        <price t="2021-11-05" v="1412000000"/>
        <price t="2021-11-08" v="1460500000"/>
        <price t="2021-11-09" v="1453500000"/>
        <price t="2021-11-10" v="1350000000"/>
        <price t="2021-11-11" v="1364500000"/>
        <price t="2021-11-12" v="1338500000"/>
        <price t="2021-11-15" v="1354500000"/>
        <price t="2021-11-16" v="1390000000"/>
        <price t="2021-11-17" v="1358000000"/>
        <price t="2021-11-18" v="1274000000"/>
        <price t="2021-11-19" v="1305500000"/>
        <price t="2021-11-22" v="1197000000"/>
        <price t="2021-11-23" v="1190000000"/>
        <price t="2021-11-24" v="1199500000"/>
        <price t="2021-11-25" v="1195000000"/>
        <price t="2021-11-26" v="1235000000"/>
        <price t="2021-11-29" v="1235000000"/>
        <price t="2021-11-30" v="1199000000"/>
        <price t="2021-12-01" v="1185500000"/>
        <price t="2021-12-02" v="1122500000"/>
        <price t="2021-12-03" v="1155000000"/>
        <price t="2021-12-06" v="1123000000"/>
        <price t="2021-12-07" v="1123000000"/>
        <price t="2021-12-08" v="1165500000"/>
        <price t="2021-12-09" v="1160000000"/>
        <price t="2021-12-10" v="1172500000"/>
        <price t="2021-12-13" v="1156500000"/>
        <price t="2021-12-14" v="1111000000"/>
        <price t="2021-12-15" v="1120500000"/>
        <price t="2021-12-16" v="1110500000"/>
        <price t="2021-12-17" v="1161000000"/>
        <price t="2021-12-20" v="1155500000"/>
        <price t="2021-12-21" v="1173000000"/>
        <price t="2021-12-22" v="1206500000"/>
        <price t="2021-12-23" v="1202000000"/>
        <price t="2021-12-27" v="1197500000"/>
        <price t="2021-12-28" v="1229500000"/>
        <price t="2021-12-29" v="1181000000"/>
        <price t="2021-12-30" v="1182000000"/>
        <price t="2022-01-03" v="1262500000"/>
        <price t="2022-01-04" v="1195000000"/>
        <price t="2022-01-05" v="1184500000"/>
        <price t="2022-01-06" v="1160000000"/>
        <price t="2022-01-07" v="1139500000"/>
        <price t="2022-01-10" v="1118500000"/>
        <price t="2022-01-11" v="1155000000"/>
        <price t="2022-01-12" v="1327500000"/>
        <price t="2022-01-13" v="1290500000"/>
        <price t="2022-01-14" v="1215000000"/>
        <price t="2022-01-17" v="1265500000"/>
        <price t="2022-01-18" v="1307000000"/>
        <price t="2022-01-19" v="1365500000"/>
        <price t="2022-01-20" v="1437500000"/>
        <price t="2022-01-21" v="1499000000"/>
        <price t="2022-01-24" v="1248500000"/>
        <price t="2022-01-25" v="1249500000"/>
        <price t="2022-01-26" v="1273500000"/>
        <price t="2022-01-27" v="1274500000"/>
        <price t="2022-01-28" v="1280000000"/>
        <price t="2022-01-31" v="1332000000"/>
        <price t="2022-02-01" v="1335000000"/>
        <price t="2022-02-02" v="1553000000"/>
        <price t="2022-02-03" v="1505000000"/>
        <price t="2022-02-04" v="1601000000"/>
        <price t="2022-02-07" v="1590500000"/>
        <price t="2022-02-08" v="1616000000"/>
        <price t="2022-02-09" v="1606500000"/>
        <price t="2022-02-10" v="1543500000"/>
        <price t="2022-02-11" v="1491500000"/>
        <price t="2022-02-14" v="1517000000"/>
        <price t="2022-02-15" v="1534000000"/>
        <price t="2022-02-16" v="1481000000"/>
        <price t="2022-02-17" v="1471500000"/>
        <price t="2022-02-18" v="1438000000"/>
        <price t="2022-02-21" v="1392500000"/>
        <price t="2022-02-22" v="1363000000"/>
        <price t="2022-02-23" v="1346500000"/>
        <price t="2022-02-24" v="1335000000"/>
        <price t="2022-02-25" v="1389500000"/>
        <price t="2022-02-28" v="1436500000"/>
        <price t="2022-03-01" v="1356500000"/>
        <price t="2022-03-02" v="1385000000"/>
        <price t="2022-03-03" v="1314500000"/>
        <price t="2022-03-04" v="1250000000"/>
        <price t="2022-03-07" v="1177500000"/>
        <price t="2022-03-08" v="1163000000"/>
        <price t="2022-03-09" v="1277000000"/>
        <price t="2022-03-10" v="1173000000"/>
        <price t="2022-03-11" v="1213000000"/>
        <price t="2022-03-14" v="1235000000"/>
        <price t="2022-03-15" v="1220000000"/>
        <price t="2022-03-16" v="1293000000"/>
        <price t="2022-03-17" v="1295000000"/>
        <price t="2022-03-18" v="1381000000"/>
        <price t="2022-03-21" v="1402000000"/>
        <price t="2022-03-22" v="1450000000"/>
        <price t="2022-03-23" v="1406500000"/>
        <price t="2022-03-24" v="1381500000"/>
        <price t="2022-03-25" v="1364500000"/>
        <price t="2022-03-28" v="1340500000"/>
        <price t="2022-03-29" v="1411000000"/>
        <price t="2022-03-30" v="1381500000"/>
        <price t="2022-03-31" v="1346500000"/>
        <price t="2022-04-01" v="1343500000"/>
        <price t="2022-04-04" v="1387500000"/>
        <price t="2022-04-05" v="1343000000"/>
        <price t="2022-04-06" v="1271000000"/>
        <price t="2022-04-07" v="1267000000"/>
        <price t="2022-04-08" v="1287000000"/>
        <price t="2022-04-11" v="1250000000"/>
        <price t="2022-04-12" v="1313500000"/>
        <price t="2022-04-13" v="1305000000"/>
        <price t="2022-04-14" v="1300000000"/>
        <price t="2022-04-19" v="1308000000"/>
        <price t="2022-04-20" v="1294500000"/>
        <price t="2022-04-21" v="1294500000"/>
        <price t="2022-04-22" v="1294500000"/>
        <price t="2022-04-25" v="1246000000"/>
        <price t="2022-04-26" v="1246000000"/>
        <price t="2022-04-27" v="1246000000"/>
        <price t="2022-04-28" v="1145500000"/>
        <price t="2022-04-29" v="1154500000"/>
        <price t="2022-05-02" v="1154500000"/>
        <price t="2022-05-03" v="1171000000"/>
        <price t="2022-05-04" v="1266000000"/>
        <price t="2022-05-05" v="1251000000"/>
        <price t="2022-05-06" v="1251000000"/>
        <price t="2022-05-09" v="1251000000"/>
        <price t="2022-05-10" v="1176500000"/>
        <price t="2022-05-11" v="1176500000"/>
        <price t="2022-05-12" v="1187000000"/>
        <price t="2022-05-13" v="1187000000"/>
        <price t="2022-05-16" v="1250000000"/>
        <price t="2022-05-17" v="1250500000"/>
        <price t="2022-05-18" v="1175000000"/>
        <price t="2022-05-19" v="1175000000"/>
        <price t="2022-05-20" v="1245000000"/>
        <price t="2022-05-23" v="1259500000"/>
        <price t="2022-05-24" v="1228000000"/>
        <price t="2022-05-25" v="1228000000"/>
        <price t="2022-05-26" v="1271500000"/>
        <price t="2022-05-27" v="1271500000"/>
        <price t="2022-05-30" v="1271500000"/>
        <price t="2022-05-31" v="1302000000"/>
        <price t="2022-06-01" v="1287000000"/>
        <price t="2022-06-02" v="1287000000"/>
        <price t="2022-06-03" v="1287000000"/>
        <price t="2022-06-06" v="1335000000"/>
        <price t="2022-06-07" v="1277000000"/>
        <price t="2022-06-08" v="1276500000"/>
        <price t="2022-06-09" v="1234000000"/>
        <price t="2022-06-10" v="1170000000"/>
        <price t="2022-06-13" v="1085000000"/>
        <price t="2022-06-14" v="1019000000"/>
        <price t="2022-06-15" v="1057500000"/>
        <price t="2022-06-16" v="1040000000"/>
        <price t="2022-06-17" v="1098000000"/>
        <price t="2022-06-20" v="1130500000"/>
        <price t="2022-06-21" v="1155500000"/>
        <price t="2022-06-22" v="1179000000"/>
        <price t="2022-06-23" v="1178000000"/>
        <price t="2022-06-24" v="1079000000"/>
        <price t="2022-06-27" v="1060000000"/>
        <price t="2022-06-28" v="1020500000"/>
        <price t="2022-06-29" v="979400000"/>
        <price t="2022-06-30" v="949800000"/>
        <price t="2022-07-01" v="953600000"/>
        <price t="2022-07-04" v="946000000"/>
        <price t="2022-07-05" v="911800000"/>
        <price t="2022-07-06" v="963800000"/>
        <price t="2022-07-07" v="989800000"/>
        <price t="2022-07-08" v="991400000"/>
        <price t="2022-07-11" v="964600000"/>
        <price t="2022-07-12" v="964600000"/>
        <price t="2022-07-13" v="930200000"/>
        <price t="2022-07-14" v="919400000"/>
        <price t="2022-07-15" v="937200000"/>
        <price t="2022-07-18" v="944400000"/>
        <price t="2022-07-19" v="956400000"/>
        <price t="2022-07-20" v="982400000"/>
        <price t="2022-07-21" v="977800000"/>
        <price t="2022-07-22" v="981200000"/>
        <price t="2022-07-25" v="956400000"/>
        <price t="2022-07-26" v="952200000"/>
        <price t="2022-07-27" v="994800000"/>
        <price t="2022-07-28" v="993000000"/>
        <price t="2022-07-29" v="1010500000"/>
        <price t="2022-08-01" v="1018000000"/>
        <price t="2022-08-02" v="1031500000"/>
        <price t="2022-08-03" v="1059000000"/>
        <price t="2022-08-04" v="1059000000"/>
        <price t="2022-08-05" v="1053500000"/>
        <price t="2022-08-08" v="1073000000"/>
        <price t="2022-08-09" v="1074000000"/>
        <price t="2022-08-10" v="1089500000"/>
        <price t="2022-08-11" v="1105000000"/>
        <price t="2022-08-12" v="1106500000"/>
        <price t="2022-08-15" v="1089000000"/>
        <price t="2022-08-16" v="1072500000"/>
        <price t="2022-08-17" v="1095500000"/>
        <price t="2022-08-18" v="1088500000"/>
        <price t="2022-08-19" v="1033000000"/>
        <price t="2022-08-22" v="999600000"/>
        <price t="2022-08-23" v="1019500000"/>
        <price t="2022-08-24" v="1033500000"/>
        <price t="2022-08-25" v="1035500000"/>
        <price t="2022-08-26" v="1008500000"/>
        <price t="2022-08-29" v="1008500000"/>
        <price t="2022-08-30" v="999200000"/>
        <price t="2022-08-31" v="999000000"/>
        <price t="2022-09-01" v="956600000"/>
        <price t="2022-09-02" v="1002000000"/>
        <price t="2022-09-05" v="972200000"/>
        <price t="2022-09-06" v="976600000"/>
        <price t="2022-09-07" v="988800000"/>
        <price t="2022-09-08" v="1007500000"/>
        <price t="2022-09-09" v="1028500000"/>
        <price t="2022-09-12" v="1049500000"/>
        <price t="2022-09-13" v="1015000000"/>
        <price t="2022-09-14" v="991000000"/>
        <price t="2022-09-15" v="966400000"/>
        <price t="2022-09-16" v="936400000"/>
        <price t="2022-09-19" v="940200000"/>
        <price t="2022-09-20" v="916000000"/>
        <price t="2022-09-21" v="925000000"/>
        <price t="2022-09-22" v="860400000"/>
        <price t="2022-09-23" v="806600000"/>
        <price t="2022-09-26" v="801400000"/>
        <price t="2022-09-27" v="836200000"/>
        <price t="2022-09-28" v="820000000"/>
        <price t="2022-09-29" v="775800000"/>
        <price t="2022-09-30" v="800000000"/>
        <price t="2022-10-03" v="801200000"/>
        <price t="2022-10-04" v="845200000"/>
        <price t="2022-10-05" v="804000000"/>
        <price t="2022-10-06" v="806600000"/>
        <price t="2022-10-07" v="787800000"/>
        <price t="2022-10-10" v="781400000"/>
        <price t="2022-10-11" v="804000000"/>
        <price t="2022-10-12" v="807600000"/>
        <price t="2022-10-13" v="829600000"/>
        <price t="2022-10-14" v="838200000"/>
        <price t="2022-10-17" v="870200000"/>
        <price t="2022-10-18" v="888000000"/>
        <price t="2022-10-19" v="875400000"/>
        <price t="2022-10-20" v="891800000"/>
        <price t="2022-10-21" v="884600000"/>
        <price t="2022-10-24" v="889400000"/>
        <price t="2022-10-25" v="931400000"/>
        <price t="2022-10-26" v="951400000"/>
        <price t="2022-10-27" v="950800000"/>
        <price t="2022-10-28" v="951800000"/>
        <price t="2022-10-31" v="973400000"/>
        <price t="2022-11-01" v="972600000"/>
        <price t="2022-11-02" v="1102500000"/>
        <price t="2022-11-03" v="1025500000"/>
        <price t="2022-11-04" v="1043000000"/>
        <price t="2022-11-07" v="1028000000"/>
        <price t="2022-11-08" v="1060500000"/>
        <price t="2022-11-09" v="1047000000"/>
        <price t="2022-11-10" v="1093500000"/>
        <price t="2022-11-11" v="1113000000"/>
        <price t="2022-11-14" v="1104500000"/>
        <price t="2022-11-15" v="1098500000"/>
        <price t="2022-11-16" v="1070000000"/>
        <price t="2022-11-17" v="1095500000"/>
        <price t="2022-11-18" v="1096500000"/>
        <price t="2022-11-21" v="1119000000"/>
        <price t="2022-11-22" v="1215500000"/>
        <price t="2022-11-23" v="1201000000"/>
        <price t="2022-11-24" v="1206500000"/>
        <price t="2022-11-25" v="1241000000"/>
        <price t="2022-11-28" v="1215500000"/>
        <price t="2022-11-29" v="1217500000"/>
        <price t="2022-11-30" v="1229500000"/>
        <price t="2022-12-01" v="1264500000"/>
        <price t="2022-12-02" v="1275000000"/>
        <price t="2022-12-05" v="1270500000"/>
        <price t="2022-12-06" v="1257000000"/>
        <price t="2022-12-07" v="1256500000"/>
        <price t="2022-12-08" v="1262000000"/>
        <price t="2022-12-09" v="1285000000"/>
        <price t="2022-12-12" v="1248500000"/>
        <price t="2022-12-13" v="1276500000"/>
        <price t="2022-12-14" v="1275500000"/>
        <price t="2022-12-15" v="1210000000"/>
        <price t="2022-12-16" v="1220000000"/>
        <price t="2022-12-19" v="1218000000"/>
        <price t="2022-12-20" v="1208000000"/>
        <price t="2022-12-21" v="1235500000"/>
        <price t="2022-12-22" v="1209000000"/>
        <price t="2022-12-23" v="1201000000"/>
        <price t="2022-12-27" v="1198000000"/>
        <price t="2022-12-28" v="1191500000"/>
        <price t="2022-12-29" v="1211500000"/>
        <price t="2022-12-30" v="1204500000"/>
        <price t="2023-01-02" v="1205000000"/>
        <price t="2023-01-03" v="1219000000"/>
        <price t="2023-01-04" v="1245500000"/>
        <price t="2023-01-05" v="1256000000"/>
        <price t="2023-01-06" v="1261500000"/>
        <price t="2023-01-09" v="1285000000"/>
        <price t="2023-01-10" v="1300000000"/>
        <price t="2023-01-11" v="1294500000"/>
        <price t="2023-01-12" v="1326000000"/>
        <price t="2023-01-13" v="1326000000"/>
        <price t="2023-01-16" v="1372500000"/>
        <price t="2023-01-17" v="1361000000"/>
        <price t="2023-01-18" v="1369500000"/>
        <price t="2023-01-19" v="1327000000"/>
        <price t="2023-01-20" v="1330000000"/>
        <price t="2023-01-23" v="1342000000"/>
        <price t="2023-01-24" v="1336000000"/>
        <price t="2023-01-25" v="1301500000"/>
        <price t="2023-01-26" v="1307500000"/>
        <price t="2023-01-27" v="1307500000"/>
        <price t="2023-01-30" v="1310000000"/>
        <price t="2023-01-31" v="1288000000"/>
        <price t="2023-02-01" v="1217000000"/>
        <price t="2023-02-02" v="1242000000"/>
        <price t="2023-02-03" v="1237500000"/>
        <price t="2023-02-06" v="1223000000"/>
        <price t="2023-02-07" v="1440000000"/>
        <price t="2023-02-08" v="1483500000"/>
        <price t="2023-02-09" v="1487000000"/>
        <price t="2023-02-10" v="1459500000"/>
        <price t="2023-02-13" v="1482500000"/>
        <price t="2023-02-14" v="1481000000"/>
        <price t="2023-02-15" v="1518000000"/>
        <price t="2023-02-16" v="1535000000"/>
        <price t="2023-02-17" v="1539000000"/>
        <price t="2023-02-20" v="1555000000"/>
        <price t="2023-02-21" v="1540500000"/>
        <price t="2023-02-22" v="1524000000"/>
        <price t="2023-02-23" v="1540000000"/>
        <price t="2023-02-24" v="1533500000"/>
        <price t="2023-02-27" v="1518000000"/>
        <price t="2023-02-28" v="1527500000"/>
        <price t="2023-03-01" v="1526500000"/>
        <price t="2023-03-02" v="1527000000"/>
        <price t="2023-03-03" v="1528000000"/>
        <price t="2023-03-06" v="1565000000"/>
        <price t="2023-03-07" v="1535500000"/>
        <price t="2023-03-08" v="1527500000"/>
        <price t="2023-03-09" v="1544000000"/>
        <price t="2023-03-10" v="1500000000"/>
        <price t="2023-03-13" v="1438500000"/>
        <price t="2023-03-14" v="1497500000"/>
        <price t="2023-03-15" v="1475000000"/>
        <price t="2023-03-16" v="1481000000"/>
        <price t="2023-03-17" v="1492500000"/>
        <price t="2023-03-20" v="1503000000"/>
        <price t="2023-03-21" v="1495500000"/>
        <price t="2023-03-22" v="1483500000"/>
        <price t="2023-03-23" v="1518500000"/>
        <price t="2023-03-24" v="1466500000"/>
        <price t="2023-03-27" v="1487500000"/>
        <price t="2023-03-28" v="1471500000"/>
        <price t="2023-03-29" v="1515500000"/>
        <price t="2023-03-30" v="1558500000"/>
        <price t="2023-03-31" v="1565500000"/>
        <price t="2023-04-03" v="1554000000"/>
        <price t="2023-04-04" v="1558000000"/>
        <price t="2023-04-05" v="1536000000"/>
        <price t="2023-04-06" v="1537000000"/>
        <price t="2023-04-12" v="1526500000"/>
        <price t="2023-04-13" v="1543000000"/>
        <price t="2023-04-14" v="1531000000"/>
        <price t="2023-04-17" v="1607000000"/>
        <price t="2023-04-18" v="1589000000"/>
        <price t="2023-04-19" v="1579500000"/>
        <price t="2023-04-20" v="1570500000"/>
        <price t="2023-04-21" v="1577000000"/>
        <price t="2023-04-24" v="1558000000"/>
        <price t="2023-04-25" v="1605000000"/>
        <price t="2023-04-26" v="1592500000"/>
        <price t="2023-04-27" v="1636000000"/>
        <price t="2023-04-28" v="1667500000"/>
        <price t="2023-05-02" v="1675000000"/>
        <price t="2023-05-03" v="1503500000"/>
        <price t="2023-05-04" v="1471000000"/>
        <price t="2023-05-05" v="1477500000"/>
        <price t="2023-05-08" v="1522000000"/>
        <price t="2023-05-09" v="1508500000"/>
        <price t="2023-05-10" v="1558500000"/>
        <price t="2023-05-11" v="1571000000"/>
        <price t="2023-05-12" v="1571000000"/>
        <price t="2023-05-15" v="1574500000"/>
        <price t="2023-05-16" v="1559000000"/>
        <price t="2023-05-17" v="1542000000"/>
        <price t="2023-05-18" v="1544500000"/>
        <price t="2023-05-19" v="1559000000"/>
        <price t="2023-05-22" v="1543500000"/>
        <price t="2023-05-24" v="1439000000"/>
        <price t="2023-05-25" v="1445000000"/>
        <price t="2023-05-26" v="1468500000"/>
        <price t="2023-05-29" v="1459000000"/>
        <price t="2023-05-30" v="1456500000"/>
        <price t="2023-05-31" v="1463500000"/>
        <price t="2023-06-02" v="1467500000"/>
        <price t="2023-06-05" v="1451500000"/>
        <price t="2023-06-06" v="1443000000"/>
        <price t="2023-06-07" v="1396500000"/>
        <price t="2023-06-08" v="1385000000"/>
        <price t="2023-06-09" v="1383000000"/>
        <price t="2023-06-12" v="1397000000"/>
        <price t="2023-06-13" v="1427000000"/>
        <price t="2023-06-14" v="1439500000"/>
        <price t="2023-06-15" v="1432000000"/>
        <price t="2023-06-16" v="1437000000"/>
        <price t="2023-06-19" v="1439500000"/>
        <price t="2023-06-20" v="1395000000"/>
        <price t="2023-06-21" v="1392000000"/>
        <price t="2023-06-22" v="1401000000"/>
        <price t="2023-06-23" v="1399000000"/>
        <price t="2023-06-26" v="1413000000"/>
        <price t="2023-06-27" v="1420000000"/>
        <price t="2023-06-28" v="1453000000"/>
        <price t="2023-06-29" v="1458000000"/>
        <price t="2023-06-30" v="1471000000"/>
        <price t="2023-07-03" v="1457500000"/>
        <price t="2023-07-04" v="1456000000"/>
        <price t="2023-07-05" v="1425000000"/>
        <price t="2023-07-06" v="1367000000"/>
        <price t="2023-07-07" v="1374500000"/>
        <price t="2023-07-10" v="1397000000"/>
        <price t="2023-07-11" v="1409500000"/>
        <price t="2023-07-12" v="1437000000"/>
        <price t="2023-07-13" v="1476000000"/>
        <price t="2023-07-14" v="1478500000"/>
        <price t="2023-07-17" v="1461000000"/>
        <price t="2023-07-18" v="1480000000"/>
        <price t="2023-07-19" v="1505000000"/>
        <price t="2023-07-20" v="1499500000"/>
        <price t="2023-07-21" v="1507000000"/>
        <price t="2023-07-24" v="1533500000"/>
        <price t="2023-07-25" v="1551000000"/>
        <price t="2023-07-26" v="1529500000"/>
        <price t="2023-07-27" v="1539500000"/>
        <price t="2023-07-28" v="1545000000"/>
        <price t="2023-07-31" v="1545500000"/>
        <price t="2023-08-01" v="1689500000"/>
        <price t="2023-08-02" v="1652000000"/>
        <price t="2023-08-03" v="1665500000"/>
        <price t="2023-08-04" v="1675000000"/>
        <price t="2023-08-08" v="1672500000"/>
        <price t="2023-08-09" v="1664000000"/>
        <price t="2023-08-10" v="1712000000"/>
        <price t="2023-08-11" v="1711000000"/>
        <price t="2023-08-14" v="1710000000"/>
        <price t="2023-08-15" v="1705000000"/>
        <price t="2023-08-16" v="1711500000"/>
        <price t="2023-08-17" v="1670000000"/>
        <price t="2023-08-18" v="1654500000"/>
        <price t="2023-08-21" v="1646000000"/>
        <price t="2023-08-22" v="1691500000"/>
        <price t="2023-08-23" v="1740000000"/>
        <price t="2023-08-24" v="1701000000"/>
        <price t="2023-08-25" v="1716500000"/>
        <price t="2023-08-28" v="1715000000"/>
        <price t="2023-08-29" v="1706000000"/>
        <price t="2023-08-30" v="1703500000"/>
        <price t="2023-08-31" v="1712500000"/>
        <price t="2023-09-01" v="1707500000"/>
        <price t="2023-09-04" v="1705000000"/>
        <price t="2023-09-05" v="1701500000"/>
        <price t="2023-09-06" v="1703500000"/>
        <price t="2023-09-07" v="1690000000"/>
        <price t="2023-09-08" v="1581500000"/>
        <price t="2023-09-11" v="1584500000"/>
        <price t="2023-09-12" v="1599500000"/>
        <price t="2023-09-13" v="1627500000"/>
        <price t="2023-09-14" v="1632500000"/>
        <price t="2023-09-15" v="1610000000"/>
        <price t="2023-09-18" v="1591500000"/>
        <price t="2023-09-19" v="1593500000"/>
        <price t="2023-09-20" v="1609000000"/>
        <price t="2023-09-21" v="1585500000"/>
        <price t="2023-09-22" v="1585500000"/>
        <price t="2023-09-25" v="1573500000"/>
        <price t="2023-09-26" v="1554000000"/>
        <price t="2023-09-27" v="1564500000"/>
        <price t="2023-09-28" v="1559500000"/>
        <price t="2023-09-29" v="1596000000"/>
        <price t="2023-10-02" v="1580000000"/>
        <price t="2023-10-03" v="1567500000"/>
        <price t="2023-10-04" v="1567000000"/>
        <price t="2023-10-05" v="1568000000"/>
        <price t="2023-10-06" v="1583000000"/>
        <price t="2023-10-09" v="1583500000"/>
        <price t="2023-10-10" v="1606500000"/>
        <price t="2023-10-11" v="1611000000"/>
        <price t="2023-10-12" v="1596500000"/>
        <price t="2023-10-13" v="1560500000"/>
        <price t="2023-10-16" v="1564500000"/>
        <price t="2023-10-17" v="1543500000"/>
        <price t="2023-10-18" v="1540500000"/>
        <price t="2023-10-19" v="1541500000"/>
        <price t="2023-10-20" v="1506000000"/>
        <price t="2023-10-23" v="1498500000"/>
        <price t="2023-10-24" v="1515000000"/>
        <price t="2023-10-25" v="1490500000"/>
        <price t="2023-10-26" v="1469500000"/>
        <price t="2023-10-27" v="1445000000"/>
        <price t="2023-10-30" v="1453000000"/>
        <price t="2023-10-31" v="1449500000"/>
        <price t="2023-11-01" v="1420500000"/>
        <price t="2023-11-02" v="1440500000"/>
        <price t="2023-11-03" v="1419000000"/>
        <price t="2023-11-06" v="1419000000"/>
        <price t="2023-11-07" v="1439500000"/>
        <price t="2023-11-08" v="1460500000"/>
        <price t="2023-11-09" v="1480500000"/>
        <price t="2023-11-10" v="1460000000"/>
        <price t="2023-11-13" v="1470000000"/>
        <price t="2023-11-14" v="1487000000"/>
        <price t="2023-11-15" v="1486500000"/>
        <price t="2023-11-16" v="1464000000"/>
        <price t="2023-11-17" v="1485500000"/>
        <price t="2023-11-20" v="1496000000"/>
        <price t="2023-11-21" v="1310000000"/>
        <price t="2023-11-22" v="1346000000"/>
        <price t="2023-11-23" v="1337500000"/>
        <price t="2023-11-24" v="1339500000"/>
        <price t="2023-11-27" v="1347000000"/>
        <price t="2023-11-28" v="1330000000"/>
        <price t="2023-11-29" v="1337000000"/>
        <price t="2023-11-30" v="1328500000"/>
        <price t="2023-12-01" v="1330000000"/>
        <price t="2023-12-04" v="1307000000"/>
        <price t="2023-12-05" v="1315000000"/>
        <price t="2023-12-06" v="1299000000"/>
        <price t="2023-12-07" v="1310500000"/>
        <price t="2023-12-08" v="1352000000"/>
        <price t="2023-12-11" v="1353500000"/>
        <price t="2023-12-12" v="1344500000"/>
        <price t="2023-12-13" v="1348500000"/>
        <price t="2023-12-14" v="1393000000"/>
        <price t="2023-12-15" v="1379000000"/>
        <price t="2023-12-18" v="1372500000"/>
        <price t="2023-12-19" v="1392500000"/>
        <price t="2023-12-20" v="1401000000"/>
        <price t="2023-12-21" v="1402500000"/>
        <price t="2023-12-22" v="1400500000"/>
        <price t="2023-12-27" v="1406000000"/>
        <price t="2023-12-28" v="1398000000"/>
        <price t="2023-12-29" v="1406000000"/>
        <price t="2024-01-02" v="1376500000"/>
        <price t="2024-01-03" v="1366000000"/>
        <price t="2024-01-04" v="1344500000"/>
        <price t="2024-01-05" v="1339500000"/>
        <price t="2024-01-08" v="1358500000"/>
        <price t="2024-01-09" v="1378500000"/>
        <price t="2024-01-10" v="1386000000"/>
        <price t="2024-01-11" v="1379500000"/>
        <price t="2024-01-12" v="1407500000"/>
      </prices>
      <latest t="2024-01-12" v="1407500000">
        <high>-1</high>
        <low>-1</low>
        <volume>-1</volume>
      </latest>
      <attributes>
        <map/>
      </attributes>
      <events/>
      <isRetired>false</isRetired>
      <updatedAt>2023-06-12T18:37:20.042953800Z</updatedAt>
    </security>
    <security>
      <uuid>1cdbe008-121b-4f0d-8783-f4b2aeba8c02</uuid>
      <onlineId>be525a0ebdef4921b261aa2498a6949e</onlineId>
      <name>BASF</name>
      <currencyCode>EUR</currencyCode>
      <isin>DE000BASF111</isin>
      <tickerSymbol>BAS</tickerSymbol>
      <wkn>BASF11</wkn>
      <feed>PORTFOLIO-REPORT</feed>
      <prices>
        <price t="2000-01-03" v="4975000000"/>
        <price t="2000-01-04" v="4785000000"/>
        <price t="2000-01-05" v="4675000000"/>
        <price t="2000-01-06" v="4803000000"/>
        <price t="2000-01-07" v="5000000000"/>
        <price t="2000-01-10" v="5022000000"/>
        <price t="2000-01-11" v="4799000000"/>
        <price t="2000-01-12" v="4800000000"/>
        <price t="2000-01-13" v="4750000000"/>
        <price t="2000-01-14" v="4750000000"/>
        <price t="2000-01-17" v="4787000000"/>
        <price t="2000-01-18" v="4795000000"/>
        <price t="2000-01-19" v="4984000000"/>
        <price t="2000-01-20" v="4940000000"/>
        <price t="2000-01-21" v="4805000000"/>
        <price t="2000-01-24" v="4718000000"/>
        <price t="2000-01-25" v="4525000000"/>
        <price t="2000-01-26" v="4402000000"/>
        <price t="2000-01-27" v="4455000000"/>
        <price t="2000-01-28" v="4525000000"/>
        <price t="2000-01-31" v="4405000000"/>
        <price t="2000-02-01" v="4202000000"/>
        <price t="2000-02-02" v="4500000000"/>
        <price t="2000-02-03" v="4365000000"/>
        <price t="2000-02-04" v="4307000000"/>
        <price t="2000-02-07" v="4175000000"/>
        <price t="2000-02-08" v="4305000000"/>
        <price t="2000-02-09" v="4310000000"/>
        <price t="2000-02-10" v="4400000000"/>
        <price t="2000-02-11" v="4413000000"/>
        <price t="2000-02-14" v="4320000000"/>
        <price t="2000-02-15" v="4099000000"/>
        <price t="2000-02-16" v="4399000000"/>
        <price t="2000-02-17" v="4650000000"/>
        <price t="2000-02-18" v="4740000000"/>
        <price t="2000-02-21" v="4700000000"/>
        <price t="2000-02-22" v="4650000000"/>
        <price t="2000-02-23" v="4714000000"/>
        <price t="2000-02-24" v="4590000000"/>
        <price t="2000-02-25" v="4516000000"/>
        <price t="2000-02-28" v="4690000000"/>
        <price t="2000-02-29" v="4790000000"/>
        <price t="2000-03-01" v="4620000000"/>
        <price t="2000-03-02" v="4690000000"/>
        <price t="2000-03-03" v="4541000000"/>
        <price t="2000-03-06" v="4625000000"/>
        <price t="2000-03-07" v="4480000000"/>
        <price t="2000-03-08" v="4565000000"/>
        <price t="2000-03-09" v="4579000000"/>
        <price t="2000-03-10" v="4620000000"/>
        <price t="2000-03-13" v="4665000000"/>
        <price t="2000-03-14" v="4785000000"/>
        <price t="2000-03-15" v="4740000000"/>
        <price t="2000-03-16" v="4889000000"/>
        <price t="2000-03-17" v="5000000000"/>
        <price t="2000-03-20" v="4940000000"/>
        <price t="2000-03-21" v="4870000000"/>
        <price t="2000-03-22" v="4915000000"/>
        <price t="2000-03-23" v="4910000000"/>
        <price t="2000-03-24" v="4980000000"/>
        <price t="2000-03-27" v="4925000000"/>
        <price t="2000-03-28" v="4900000000"/>
        <price t="2000-03-29" v="4970000000"/>
        <price t="2000-03-30" v="4932000000"/>
        <price t="2000-03-31" v="4955000000"/>
        <price t="2000-04-03" v="4880000000"/>
        <price t="2000-04-04" v="5068000000"/>
        <price t="2000-04-05" v="4945000000"/>
        <price t="2000-04-06" v="4800000000"/>
        <price t="2000-04-07" v="4750000000"/>
        <price t="2000-04-10" v="4715000000"/>
        <price t="2000-04-11" v="4766000000"/>
        <price t="2000-04-12" v="4929000000"/>
        <price t="2000-04-13" v="4970000000"/>
        <price t="2000-04-14" v="4864000000"/>
        <price t="2000-04-17" v="4835000000"/>
        <price t="2000-04-18" v="4731000000"/>
        <price t="2000-04-19" v="4550000000"/>
        <price t="2000-04-20" v="4601000000"/>
        <price t="2000-04-21" v="4601000000"/>
        <price t="2000-04-24" v="4601000000"/>
        <price t="2000-04-25" v="4775000000"/>
        <price t="2000-04-26" v="4880000000"/>
        <price t="2000-04-27" v="4900000000"/>
        <price t="2000-04-28" v="4809000000"/>
        <price t="2000-05-01" v="4809000000"/>
        <price t="2000-05-02" v="4765000000"/>
        <price t="2000-05-03" v="4755000000"/>
        <price t="2000-05-04" v="4850000000"/>
        <price t="2000-05-05" v="4885000000"/>
        <price t="2000-05-08" v="4900000000"/>
        <price t="2000-05-09" v="4985000000"/>
        <price t="2000-05-10" v="4890000000"/>
        <price t="2000-05-11" v="4901000000"/>
        <price t="2000-05-12" v="4903000000"/>
        <price t="2000-05-15" v="4793000000"/>
        <price t="2000-05-16" v="4903000000"/>
        <price t="2000-05-17" v="4820000000"/>
        <price t="2000-05-18" v="4845000000"/>
        <price t="2000-05-19" v="4750000000"/>
        <price t="2000-05-22" v="4718000000"/>
        <price t="2000-05-23" v="4745000000"/>
        <price t="2000-05-24" v="4712000000"/>
        <price t="2000-05-25" v="4600000000"/>
        <price t="2000-05-26" v="4500000000"/>
        <price t="2000-05-29" v="4545000000"/>
        <price t="2000-05-30" v="4526000000"/>
        <price t="2000-05-31" v="4385000000"/>
        <price t="2000-06-01" v="4420000000"/>
        <price t="2000-06-02" v="4600000000"/>
        <price t="2000-06-05" v="4667000000"/>
        <price t="2000-06-06" v="4434000000"/>
        <price t="2000-06-07" v="4570000000"/>
        <price t="2000-06-08" v="4492000000"/>
        <price t="2000-06-09" v="4500000000"/>
        <price t="2000-06-12" v="4486000000"/>
        <price t="2000-06-13" v="4401000000"/>
        <price t="2000-06-14" v="4289000000"/>
        <price t="2000-06-15" v="4178000000"/>
        <price t="2000-06-16" v="3940000000"/>
        <price t="2000-06-19" v="4170000000"/>
        <price t="2000-06-20" v="4113000000"/>
        <price t="2000-06-21" v="4000000000"/>
        <price t="2000-06-22" v="3992000000"/>
        <price t="2000-06-23" v="3943000000"/>
        <price t="2000-06-26" v="4045000000"/>
        <price t="2000-06-27" v="4101000000"/>
        <price t="2000-06-28" v="4213000000"/>
        <price t="2000-06-29" v="4156000000"/>
        <price t="2000-06-30" v="4210000000"/>
        <price t="2000-07-03" v="4296000000"/>
        <price t="2000-07-04" v="4341000000"/>
        <price t="2000-07-05" v="4315000000"/>
        <price t="2000-07-06" v="4230000000"/>
        <price t="2000-07-07" v="4247000000"/>
        <price t="2000-07-10" v="4215000000"/>
        <price t="2000-07-11" v="4200000000"/>
        <price t="2000-07-12" v="4350000000"/>
        <price t="2000-07-13" v="4460000000"/>
        <price t="2000-07-14" v="4365000000"/>
        <price t="2000-07-17" v="4389000000"/>
        <price t="2000-07-18" v="4425000000"/>
        <price t="2000-07-19" v="4350000000"/>
        <price t="2000-07-20" v="4386000000"/>
        <price t="2000-07-21" v="4390000000"/>
        <price t="2000-07-24" v="4463000000"/>
        <price t="2000-07-25" v="4470000000"/>
        <price t="2000-07-26" v="4495000000"/>
        <price t="2000-07-27" v="4432000000"/>
        <price t="2000-07-28" v="4450000000"/>
        <price t="2000-07-31" v="4470000000"/>
        <price t="2000-08-01" v="4474000000"/>
        <price t="2000-08-02" v="4410000000"/>
        <price t="2000-08-03" v="4475000000"/>
        <price t="2000-08-04" v="4480000000"/>
        <price t="2000-08-07" v="4521000000"/>
        <price t="2000-08-08" v="4245000000"/>
        <price t="2000-08-09" v="4195000000"/>
        <price t="2000-08-10" v="4206000000"/>
        <price t="2000-08-11" v="4191000000"/>
        <price t="2000-08-14" v="4217000000"/>
        <price t="2000-08-15" v="4225000000"/>
        <price t="2000-08-16" v="4195000000"/>
        <price t="2000-08-17" v="4138000000"/>
        <price t="2000-08-18" v="4166000000"/>
        <price t="2000-08-21" v="4182000000"/>
        <price t="2000-08-22" v="4257000000"/>
        <price t="2000-08-23" v="4202000000"/>
        <price t="2000-08-24" v="4201000000"/>
        <price t="2000-08-25" v="4219000000"/>
        <price t="2000-08-28" v="4280000000"/>
        <price t="2000-08-29" v="4255000000"/>
        <price t="2000-08-30" v="4228000000"/>
        <price t="2000-08-31" v="4177000000"/>
        <price t="2000-09-01" v="4211000000"/>
        <price t="2000-09-04" v="4275000000"/>
        <price t="2000-09-05" v="4377000000"/>
        <price t="2000-09-06" v="4378000000"/>
        <price t="2000-09-07" v="4266000000"/>
        <price t="2000-09-08" v="4190000000"/>
        <price t="2000-09-11" v="4205000000"/>
        <price t="2000-09-12" v="4136000000"/>
        <price t="2000-09-13" v="4126000000"/>
        <price t="2000-09-14" v="4155000000"/>
        <price t="2000-09-15" v="4169000000"/>
        <price t="2000-09-18" v="4080000000"/>
        <price t="2000-09-19" v="4128000000"/>
        <price t="2000-09-20" v="4020000000"/>
        <price t="2000-09-21" v="3958000000"/>
        <price t="2000-09-22" v="4064000000"/>
        <price t="2000-09-25" v="4057000000"/>
        <price t="2000-09-26" v="4049000000"/>
        <price t="2000-09-27" v="4030000000"/>
        <price t="2000-09-28" v="4049000000"/>
        <price t="2000-09-29" v="4027000000"/>
        <price t="2000-10-02" v="4051000000"/>
        <price t="2000-10-04" v="4170000000"/>
        <price t="2000-10-05" v="4269000000"/>
        <price t="2000-10-06" v="4295000000"/>
        <price t="2000-10-09" v="4170000000"/>
        <price t="2000-10-10" v="4216000000"/>
        <price t="2000-10-11" v="4169000000"/>
        <price t="2000-10-12" v="4050000000"/>
        <price t="2000-10-13" v="4071000000"/>
        <price t="2000-10-16" v="4010000000"/>
        <price t="2000-10-17" v="4075000000"/>
        <price t="2000-10-18" v="4048000000"/>
        <price t="2000-10-19" v="4121000000"/>
        <price t="2000-10-20" v="4055000000"/>
        <price t="2000-10-23" v="4066000000"/>
        <price t="2000-10-24" v="4190000000"/>
        <price t="2000-10-25" v="4222000000"/>
        <price t="2000-10-26" v="4220000000"/>
        <price t="2000-10-27" v="4350000000"/>
        <price t="2000-10-30" v="4500000000"/>
        <price t="2000-10-31" v="4620000000"/>
        <price t="2000-11-01" v="4585000000"/>
        <price t="2000-11-02" v="4574000000"/>
        <price t="2000-11-03" v="4592000000"/>
        <price t="2000-11-06" v="4550000000"/>
        <price t="2000-11-07" v="4470000000"/>
        <price t="2000-11-08" v="4430000000"/>
        <price t="2000-11-09" v="4346000000"/>
        <price t="2000-11-10" v="4369000000"/>
        <price t="2000-11-13" v="4300000000"/>
        <price t="2000-11-14" v="4390000000"/>
        <price t="2000-11-15" v="4410000000"/>
        <price t="2000-11-16" v="4361000000"/>
        <price t="2000-11-17" v="4330000000"/>
        <price t="2000-11-20" v="4255000000"/>
        <price t="2000-11-21" v="4336000000"/>
        <price t="2000-11-22" v="4306000000"/>
        <price t="2000-11-23" v="4300000000"/>
        <price t="2000-11-24" v="4365000000"/>
        <price t="2000-11-27" v="4376000000"/>
        <price t="2000-11-28" v="4425000000"/>
        <price t="2000-11-29" v="4432000000"/>
        <price t="2000-11-30" v="4335000000"/>
        <price t="2000-12-01" v="4415000000"/>
        <price t="2000-12-04" v="4393000000"/>
        <price t="2000-12-05" v="4619000000"/>
        <price t="2000-12-06" v="4683000000"/>
        <price t="2000-12-07" v="4720000000"/>
        <price t="2000-12-08" v="4795000000"/>
        <price t="2000-12-11" v="4699000000"/>
        <price t="2000-12-12" v="4580000000"/>
        <price t="2000-12-13" v="4590000000"/>
        <price t="2000-12-14" v="4610000000"/>
        <price t="2000-12-15" v="4610000000"/>
        <price t="2000-12-18" v="4745000000"/>
        <price t="2000-12-19" v="4700000000"/>
        <price t="2000-12-20" v="4720000000"/>
        <price t="2000-12-21" v="4651000000"/>
        <price t="2000-12-22" v="4660000000"/>
        <price t="2000-12-25" v="4660000000"/>
        <price t="2000-12-26" v="4660000000"/>
        <price t="2000-12-27" v="4758000000"/>
        <price t="2000-12-28" v="4784000000"/>
        <price t="2000-12-29" v="4817000000"/>
        <price t="2001-01-01" v="4817000000"/>
        <price t="2001-01-02" v="4870000000"/>
        <price t="2001-01-03" v="4799000000"/>
        <price t="2001-01-04" v="4906000000"/>
        <price t="2001-01-05" v="4916000000"/>
        <price t="2001-01-08" v="4877000000"/>
        <price t="2001-01-09" v="4799000000"/>
        <price t="2001-01-10" v="4610000000"/>
        <price t="2001-01-11" v="4635000000"/>
        <price t="2001-01-12" v="4617000000"/>
        <price t="2001-01-15" v="4668000000"/>
        <price t="2001-01-16" v="4735000000"/>
        <price t="2001-01-17" v="4679000000"/>
        <price t="2001-01-18" v="4620000000"/>
        <price t="2001-01-19" v="4425000000"/>
        <price t="2001-01-22" v="4561000000"/>
        <price t="2001-01-23" v="4595000000"/>
        <price t="2001-01-24" v="4511000000"/>
        <price t="2001-01-25" v="4508000000"/>
        <price t="2001-01-26" v="4572000000"/>
        <price t="2001-01-29" v="4595000000"/>
        <price t="2001-01-30" v="4629000000"/>
        <price t="2001-01-31" v="4729000000"/>
        <price t="2001-02-01" v="4785000000"/>
        <price t="2001-02-02" v="4800000000"/>
        <price t="2001-02-05" v="4820000000"/>
        <price t="2001-02-06" v="4780000000"/>
        <price t="2001-02-07" v="4755000000"/>
        <price t="2001-02-08" v="4750000000"/>
        <price t="2001-02-09" v="4681000000"/>
        <price t="2001-02-12" v="4670000000"/>
        <price t="2001-02-13" v="4655000000"/>
        <price t="2001-02-14" v="4705000000"/>
        <price t="2001-02-15" v="4790000000"/>
        <price t="2001-02-16" v="4700000000"/>
        <price t="2001-02-19" v="4819000000"/>
        <price t="2001-02-20" v="4794000000"/>
        <price t="2001-02-21" v="4765000000"/>
        <price t="2001-02-22" v="4716000000"/>
        <price t="2001-02-23" v="4658000000"/>
        <price t="2001-02-26" v="4809000000"/>
        <price t="2001-02-27" v="4848000000"/>
        <price t="2001-02-28" v="4895000000"/>
        <price t="2001-03-01" v="4886000000"/>
        <price t="2001-03-02" v="4854000000"/>
        <price t="2001-03-05" v="4934000000"/>
        <price t="2001-03-06" v="4948000000"/>
        <price t="2001-03-07" v="5045000000"/>
        <price t="2001-03-08" v="5018000000"/>
        <price t="2001-03-09" v="4973000000"/>
        <price t="2001-03-12" v="4940000000"/>
        <price t="2001-03-13" v="4820000000"/>
        <price t="2001-03-14" v="4685000000"/>
        <price t="2001-03-15" v="4734000000"/>
        <price t="2001-03-16" v="4595000000"/>
        <price t="2001-03-19" v="4640000000"/>
        <price t="2001-03-20" v="4680000000"/>
        <price t="2001-03-21" v="4506000000"/>
        <price t="2001-03-22" v="4280000000"/>
        <price t="2001-03-23" v="4310000000"/>
        <price t="2001-03-26" v="4397000000"/>
        <price t="2001-03-27" v="4607000000"/>
        <price t="2001-03-28" v="4555000000"/>
        <price t="2001-03-29" v="4605000000"/>
        <price t="2001-03-30" v="4526000000"/>
        <price t="2001-04-02" v="4475000000"/>
        <price t="2001-04-03" v="4362000000"/>
        <price t="2001-04-04" v="4412000000"/>
        <price t="2001-04-05" v="4407000000"/>
        <price t="2001-04-06" v="4446000000"/>
        <price t="2001-04-09" v="4579000000"/>
        <price t="2001-04-10" v="4603000000"/>
        <price t="2001-04-11" v="4665000000"/>
        <price t="2001-04-12" v="4750000000"/>
        <price t="2001-04-13" v="4750000000"/>
        <price t="2001-04-16" v="4750000000"/>
        <price t="2001-04-17" v="4756000000"/>
        <price t="2001-04-18" v="4821000000"/>
        <price t="2001-04-19" v="4946000000"/>
        <price t="2001-04-20" v="4904000000"/>
        <price t="2001-04-23" v="4904000000"/>
        <price t="2001-04-24" v="4930000000"/>
        <price t="2001-04-25" v="4835000000"/>
        <price t="2001-04-26" v="4930000000"/>
        <price t="2001-04-27" v="4880000000"/>
        <price t="2001-04-30" v="4848000000"/>
        <price t="2001-05-01" v="4848000000"/>
        <price t="2001-05-02" v="4725000000"/>
        <price t="2001-05-03" v="4550000000"/>
        <price t="2001-05-04" v="4715000000"/>
        <price t="2001-05-07" v="4722000000"/>
        <price t="2001-05-08" v="4780000000"/>
        <price t="2001-05-09" v="4823000000"/>
        <price t="2001-05-10" v="4860000000"/>
        <price t="2001-05-11" v="4857000000"/>
        <price t="2001-05-14" v="4790000000"/>
        <price t="2001-05-15" v="4783000000"/>
        <price t="2001-05-16" v="4880000000"/>
        <price t="2001-05-17" v="4921000000"/>
        <price t="2001-05-18" v="4975000000"/>
        <price t="2001-05-21" v="4983000000"/>
        <price t="2001-05-22" v="4975000000"/>
        <price t="2001-05-23" v="4935000000"/>
        <price t="2001-05-24" v="4880000000"/>
        <price t="2001-05-25" v="4830000000"/>
        <price t="2001-05-28" v="4830000000"/>
        <price t="2001-05-29" v="4715000000"/>
        <price t="2001-05-30" v="4690000000"/>
        <price t="2001-05-31" v="4706000000"/>
        <price t="2001-06-01" v="4720000000"/>
        <price t="2001-06-04" v="4761000000"/>
        <price t="2001-06-05" v="4710000000"/>
        <price t="2001-06-06" v="4671000000"/>
        <price t="2001-06-07" v="4693000000"/>
        <price t="2001-06-08" v="4645000000"/>
        <price t="2001-06-11" v="4661000000"/>
        <price t="2001-06-12" v="4655000000"/>
        <price t="2001-06-13" v="4635000000"/>
        <price t="2001-06-14" v="4550000000"/>
        <price t="2001-06-15" v="4480000000"/>
        <price t="2001-06-18" v="4471000000"/>
        <price t="2001-06-19" v="4453000000"/>
        <price t="2001-06-20" v="4473000000"/>
        <price t="2001-06-21" v="4400000000"/>
        <price t="2001-06-22" v="4374000000"/>
        <price t="2001-06-25" v="4360000000"/>
        <price t="2001-06-26" v="4381000000"/>
        <price t="2001-06-27" v="4378000000"/>
        <price t="2001-06-28" v="4529000000"/>
        <price t="2001-06-29" v="4660000000"/>
        <price t="2001-07-02" v="4680000000"/>
        <price t="2001-07-03" v="4665000000"/>
        <price t="2001-07-04" v="4709000000"/>
        <price t="2001-07-05" v="4728000000"/>
        <price t="2001-07-06" v="4650000000"/>
        <price t="2001-07-09" v="4692000000"/>
        <price t="2001-07-10" v="4676000000"/>
        <price t="2001-07-11" v="4670000000"/>
        <price t="2001-07-12" v="4705000000"/>
        <price t="2001-07-13" v="4770000000"/>
        <price t="2001-07-16" v="4740000000"/>
        <price t="2001-07-17" v="4727000000"/>
        <price t="2001-07-18" v="4688000000"/>
        <price t="2001-07-19" v="4746000000"/>
        <price t="2001-07-20" v="4729000000"/>
        <price t="2001-07-23" v="4703000000"/>
        <price t="2001-07-24" v="4641000000"/>
        <price t="2001-07-25" v="4495000000"/>
        <price t="2001-07-26" v="4510000000"/>
        <price t="2001-07-27" v="4534000000"/>
        <price t="2001-07-30" v="4615000000"/>
        <price t="2001-07-31" v="4650000000"/>
        <price t="2001-08-01" v="4666000000"/>
        <price t="2001-08-02" v="4594000000"/>
        <price t="2001-08-03" v="4545000000"/>
        <price t="2001-08-06" v="4610000000"/>
        <price t="2001-08-07" v="4568000000"/>
        <price t="2001-08-08" v="4439000000"/>
        <price t="2001-08-09" v="4441000000"/>
        <price t="2001-08-10" v="4490000000"/>
        <price t="2001-08-13" v="4509000000"/>
        <price t="2001-08-14" v="4500000000"/>
        <price t="2001-08-15" v="4477000000"/>
        <price t="2001-08-16" v="4445000000"/>
        <price t="2001-08-17" v="4399000000"/>
        <price t="2001-08-20" v="4445000000"/>
        <price t="2001-08-21" v="4483000000"/>
        <price t="2001-08-22" v="4570000000"/>
        <price t="2001-08-23" v="4540000000"/>
        <price t="2001-08-24" v="4610000000"/>
        <price t="2001-08-27" v="4635000000"/>
        <price t="2001-08-28" v="4650000000"/>
        <price t="2001-08-29" v="4629000000"/>
        <price t="2001-08-30" v="4535000000"/>
        <price t="2001-08-31" v="4500000000"/>
        <price t="2001-09-03" v="4540000000"/>
        <price t="2001-09-04" v="4689000000"/>
        <price t="2001-09-05" v="4629000000"/>
        <price t="2001-09-06" v="4560000000"/>
        <price t="2001-09-07" v="4492000000"/>
        <price t="2001-09-10" v="4350000000"/>
        <price t="2001-09-11" v="4140000000"/>
        <price t="2001-09-12" v="4070000000"/>
        <price t="2001-09-13" v="4040000000"/>
        <price t="2001-09-14" v="3765000000"/>
        <price t="2001-09-17" v="3790000000"/>
        <price t="2001-09-18" v="3620000000"/>
        <price t="2001-09-19" v="3431000000"/>
        <price t="2001-09-20" v="3180000000"/>
        <price t="2001-09-21" v="3100000000"/>
        <price t="2001-09-24" v="3555000000"/>
        <price t="2001-09-25" v="3520000000"/>
        <price t="2001-09-26" v="3520000000"/>
        <price t="2001-09-27" v="3708000000"/>
        <price t="2001-09-28" v="3887000000"/>
        <price t="2001-10-01" v="3797000000"/>
        <price t="2001-10-02" v="3721000000"/>
        <price t="2001-10-03" v="3744000000"/>
        <price t="2001-10-04" v="3754000000"/>
        <price t="2001-10-05" v="3840000000"/>
        <price t="2001-10-08" v="3821000000"/>
        <price t="2001-10-09" v="3821000000"/>
        <price t="2001-10-10" v="3821000000"/>
        <price t="2001-10-11" v="4010000000"/>
        <price t="2001-10-12" v="4107000000"/>
        <price t="2001-10-15" v="3972000000"/>
        <price t="2001-10-16" v="3920000000"/>
        <price t="2001-10-17" v="3937000000"/>
        <price t="2001-10-18" v="3849000000"/>
        <price t="2001-10-19" v="3801000000"/>
        <price t="2001-10-22" v="3790000000"/>
        <price t="2001-10-23" v="3925000000"/>
        <price t="2001-10-24" v="3941000000"/>
        <price t="2001-10-25" v="3850000000"/>
        <price t="2001-10-26" v="3930000000"/>
        <price t="2001-10-29" v="3864000000"/>
        <price t="2001-10-30" v="3760000000"/>
        <price t="2001-10-31" v="3760000000"/>
        <price t="2001-11-01" v="3825000000"/>
        <price t="2001-11-02" v="3770000000"/>
        <price t="2001-11-05" v="3905000000"/>
        <price t="2001-11-06" v="3900000000"/>
        <price t="2001-11-07" v="4060000000"/>
        <price t="2001-11-08" v="4170000000"/>
        <price t="2001-11-09" v="4110000000"/>
        <price t="2001-11-12" v="4017000000"/>
        <price t="2001-11-13" v="4130000000"/>
        <price t="2001-11-14" v="4105000000"/>
        <price t="2001-11-15" v="4030000000"/>
        <price t="2001-11-16" v="4201000000"/>
        <price t="2001-11-19" v="4305000000"/>
        <price t="2001-11-20" v="4330000000"/>
        <price t="2001-11-21" v="4326000000"/>
        <price t="2001-11-22" v="4300000000"/>
        <price t="2001-11-23" v="4294000000"/>
        <price t="2001-11-26" v="4333000000"/>
        <price t="2001-11-27" v="4321000000"/>
        <price t="2001-11-28" v="4255000000"/>
        <price t="2001-11-29" v="4310000000"/>
        <price t="2001-11-30" v="4290000000"/>
        <price t="2001-12-03" v="4284000000"/>
        <price t="2001-12-04" v="4260000000"/>
        <price t="2001-12-05" v="4410000000"/>
        <price t="2001-12-06" v="4380000000"/>
        <price t="2001-12-07" v="4305000000"/>
        <price t="2001-12-10" v="4295000000"/>
        <price t="2001-12-11" v="4299000000"/>
        <price t="2001-12-12" v="4210000000"/>
        <price t="2001-12-13" v="4090000000"/>
        <price t="2001-12-14" v="4084000000"/>
        <price t="2001-12-17" v="4126000000"/>
        <price t="2001-12-18" v="4168000000"/>
        <price t="2001-12-19" v="4102000000"/>
        <price t="2001-12-20" v="4056000000"/>
        <price t="2001-12-21" v="4060000000"/>
        <price t="2001-12-24" v="4060000000"/>
        <price t="2001-12-25" v="4060000000"/>
        <price t="2001-12-26" v="4060000000"/>
        <price t="2001-12-27" v="4180000000"/>
        <price t="2001-12-28" v="4175000000"/>
        <price t="2001-12-31" v="4175000000"/>
        <price t="2002-01-01" v="4175000000"/>
        <price t="2002-01-02" v="4225000000"/>
        <price t="2002-01-03" v="4307000000"/>
        <price t="2002-01-04" v="4310000000"/>
        <price t="2002-01-07" v="4350000000"/>
        <price t="2002-01-08" v="4279000000"/>
        <price t="2002-01-09" v="4305000000"/>
        <price t="2002-01-10" v="4314000000"/>
        <price t="2002-01-11" v="4300000000"/>
        <price t="2002-01-14" v="4185000000"/>
        <price t="2002-01-15" v="4190000000"/>
        <price t="2002-01-16" v="4210000000"/>
        <price t="2002-01-17" v="4305000000"/>
        <price t="2002-01-18" v="4333000000"/>
        <price t="2002-01-21" v="4335000000"/>
        <price t="2002-01-22" v="4320000000"/>
        <price t="2002-01-23" v="4436000000"/>
        <price t="2002-01-24" v="4487000000"/>
        <price t="2002-01-25" v="4530000000"/>
        <price t="2002-01-28" v="4471000000"/>
        <price t="2002-01-29" v="4412000000"/>
        <price t="2002-01-30" v="4450000000"/>
        <price t="2002-01-31" v="4499000000"/>
        <price t="2002-02-01" v="4495000000"/>
        <price t="2002-02-04" v="4490000000"/>
        <price t="2002-02-05" v="4500000000"/>
        <price t="2002-02-06" v="4350000000"/>
        <price t="2002-02-07" v="4291000000"/>
        <price t="2002-02-08" v="4286000000"/>
        <price t="2002-02-11" v="4380000000"/>
        <price t="2002-02-12" v="4370000000"/>
        <price t="2002-02-13" v="4325000000"/>
        <price t="2002-02-14" v="4171000000"/>
        <price t="2002-02-15" v="4116000000"/>
        <price t="2002-02-18" v="4145000000"/>
        <price t="2002-02-19" v="4075000000"/>
        <price t="2002-02-20" v="4095000000"/>
        <price t="2002-02-21" v="4208000000"/>
        <price t="2002-02-22" v="4271000000"/>
        <price t="2002-02-25" v="4265000000"/>
        <price t="2002-02-26" v="4321000000"/>
        <price t="2002-02-27" v="4408000000"/>
        <price t="2002-02-28" v="4442000000"/>
        <price t="2002-03-01" v="4472000000"/>
        <price t="2002-03-04" v="4595000000"/>
        <price t="2002-03-05" v="4587000000"/>
        <price t="2002-03-06" v="4635000000"/>
        <price t="2002-03-07" v="4660000000"/>
        <price t="2002-03-08" v="4756000000"/>
        <price t="2002-03-11" v="4660000000"/>
        <price t="2002-03-12" v="4638000000"/>
        <price t="2002-03-13" v="4580000000"/>
        <price t="2002-03-14" v="4622000000"/>
        <price t="2002-03-15" v="4682000000"/>
        <price t="2002-03-18" v="4703000000"/>
        <price t="2002-03-19" v="4695000000"/>
        <price t="2002-03-20" v="4687000000"/>
        <price t="2002-03-21" v="4675000000"/>
        <price t="2002-03-22" v="4720000000"/>
        <price t="2002-03-25" v="4700000000"/>
        <price t="2002-03-26" v="4680000000"/>
        <price t="2002-03-27" v="4600000000"/>
        <price t="2002-03-28" v="4665000000"/>
        <price t="2002-03-29" v="4665000000"/>
        <price t="2002-04-01" v="4665000000"/>
        <price t="2002-04-02" v="4725000000"/>
        <price t="2002-04-03" v="4800000000"/>
        <price t="2002-04-04" v="4679000000"/>
        <price t="2002-04-05" v="4704000000"/>
        <price t="2002-04-08" v="4678000000"/>
        <price t="2002-04-09" v="4670000000"/>
        <price t="2002-04-10" v="4735000000"/>
        <price t="2002-04-11" v="4643000000"/>
        <price t="2002-04-12" v="4700000000"/>
        <price t="2002-04-15" v="4740000000"/>
        <price t="2002-04-16" v="4747000000"/>
        <price t="2002-04-17" v="4748000000"/>
        <price t="2002-04-18" v="4724000000"/>
        <price t="2002-04-19" v="4778000000"/>
        <price t="2002-04-22" v="4790000000"/>
        <price t="2002-04-23" v="4694000000"/>
        <price t="2002-04-24" v="4691000000"/>
        <price t="2002-04-25" v="4481000000"/>
        <price t="2002-04-26" v="4524000000"/>
        <price t="2002-04-29" v="4504000000"/>
        <price t="2002-04-30" v="4755000000"/>
        <price t="2002-05-01" v="4755000000"/>
        <price t="2002-05-02" v="4685000000"/>
        <price t="2002-05-03" v="4614000000"/>
        <price t="2002-05-06" v="4551000000"/>
        <price t="2002-05-07" v="4526000000"/>
        <price t="2002-05-08" v="4634000000"/>
        <price t="2002-05-09" v="4617000000"/>
        <price t="2002-05-10" v="4675000000"/>
        <price t="2002-05-13" v="4749000000"/>
        <price t="2002-05-14" v="4765000000"/>
        <price t="2002-05-15" v="4800000000"/>
        <price t="2002-05-16" v="4766000000"/>
        <price t="2002-05-17" v="4871000000"/>
        <price t="2002-05-20" v="4833000000"/>
        <price t="2002-05-21" v="4873000000"/>
        <price t="2002-05-22" v="4825000000"/>
        <price t="2002-05-23" v="4825000000"/>
        <price t="2002-05-24" v="4858000000"/>
        <price t="2002-05-27" v="4900000000"/>
        <price t="2002-05-28" v="4850000000"/>
        <price t="2002-05-29" v="4890000000"/>
        <price t="2002-05-30" v="4870000000"/>
        <price t="2002-05-31" v="4980000000"/>
        <price t="2002-06-03" v="4868000000"/>
        <price t="2002-06-04" v="4680000000"/>
        <price t="2002-06-05" v="4647000000"/>
        <price t="2002-06-06" v="4707000000"/>
        <price t="2002-06-07" v="4650000000"/>
        <price t="2002-06-10" v="4684000000"/>
        <price t="2002-06-11" v="4615000000"/>
        <price t="2002-06-12" v="4525000000"/>
        <price t="2002-06-13" v="4575000000"/>
        <price t="2002-06-14" v="4405000000"/>
        <price t="2002-06-17" v="4599000000"/>
        <price t="2002-06-18" v="4600000000"/>
        <price t="2002-06-19" v="4500000000"/>
        <price t="2002-06-20" v="4500000000"/>
        <price t="2002-06-21" v="4610000000"/>
        <price t="2002-06-24" v="4550000000"/>
        <price t="2002-06-25" v="4614000000"/>
        <price t="2002-06-26" v="4550000000"/>
        <price t="2002-06-27" v="4571000000"/>
        <price t="2002-06-28" v="4715000000"/>
        <price t="2002-07-01" v="4640000000"/>
        <price t="2002-07-02" v="4565000000"/>
        <price t="2002-07-03" v="4595000000"/>
        <price t="2002-07-04" v="4640000000"/>
        <price t="2002-07-05" v="4770000000"/>
        <price t="2002-07-08" v="4765000000"/>
        <price t="2002-07-09" v="4600000000"/>
        <price t="2002-07-10" v="4450000000"/>
        <price t="2002-07-11" v="4345000000"/>
        <price t="2002-07-12" v="4335000000"/>
        <price t="2002-07-15" v="4123000000"/>
        <price t="2002-07-16" v="4143000000"/>
        <price t="2002-07-17" v="4216000000"/>
        <price t="2002-07-18" v="4239000000"/>
        <price t="2002-07-19" v="3981000000"/>
        <price t="2002-07-22" v="3849000000"/>
        <price t="2002-07-23" v="3725000000"/>
        <price t="2002-07-24" v="3790000000"/>
        <price t="2002-07-25" v="3600000000"/>
        <price t="2002-07-26" v="3835000000"/>
        <price t="2002-07-29" v="4090000000"/>
        <price t="2002-07-30" v="4111000000"/>
        <price t="2002-07-31" v="3900000000"/>
        <price t="2002-08-01" v="3877000000"/>
        <price t="2002-08-02" v="3915000000"/>
        <price t="2002-08-05" v="3740000000"/>
        <price t="2002-08-06" v="3987000000"/>
        <price t="2002-08-07" v="3915000000"/>
        <price t="2002-08-08" v="4196000000"/>
        <price t="2002-08-09" v="4295000000"/>
        <price t="2002-08-12" v="4166000000"/>
        <price t="2002-08-13" v="4180000000"/>
        <price t="2002-08-14" v="4050000000"/>
        <price t="2002-08-15" v="4140000000"/>
        <price t="2002-08-16" v="4113000000"/>
        <price t="2002-08-19" v="4176000000"/>
        <price t="2002-08-20" v="4055000000"/>
        <price t="2002-08-21" v="4115000000"/>
        <price t="2002-08-22" v="4196000000"/>
        <price t="2002-08-23" v="4180000000"/>
        <price t="2002-08-26" v="4150000000"/>
        <price t="2002-08-27" v="4199000000"/>
        <price t="2002-08-28" v="4065000000"/>
        <price t="2002-08-29" v="4069000000"/>
        <price t="2002-08-30" v="4204000000"/>
        <price t="2002-09-02" v="4150000000"/>
        <price t="2002-09-03" v="3925000000"/>
        <price t="2002-09-04" v="4000000000"/>
        <price t="2002-09-05" v="3998000000"/>
        <price t="2002-09-06" v="4085000000"/>
        <price t="2002-09-09" v="4066000000"/>
        <price t="2002-09-10" v="4090000000"/>
        <price t="2002-09-11" v="4170000000"/>
        <price t="2002-09-12" v="4058000000"/>
        <price t="2002-09-13" v="4046000000"/>
        <price t="2002-09-16" v="4068000000"/>
        <price t="2002-09-17" v="3999000000"/>
        <price t="2002-09-18" v="3867000000"/>
        <price t="2002-09-19" v="3850000000"/>
        <price t="2002-09-20" v="3900000000"/>
        <price t="2002-09-23" v="3780000000"/>
        <price t="2002-09-24" v="3601000000"/>
        <price t="2002-09-25" v="3671000000"/>
        <price t="2002-09-26" v="3740000000"/>
        <price t="2002-09-27" v="3670000000"/>
        <price t="2002-09-30" v="3590000000"/>
        <price t="2002-10-01" v="3650000000"/>
        <price t="2002-10-02" v="3590000000"/>
        <price t="2002-10-03" v="3563000000"/>
        <price t="2002-10-04" v="3388000000"/>
        <price t="2002-10-07" v="3390000000"/>
        <price t="2002-10-08" v="3290000000"/>
        <price t="2002-10-09" v="3340000000"/>
        <price t="2002-10-10" v="3471000000"/>
        <price t="2002-10-11" v="3697000000"/>
        <price t="2002-10-14" v="3579000000"/>
        <price t="2002-10-15" v="3788000000"/>
        <price t="2002-10-16" v="3784000000"/>
        <price t="2002-10-17" v="3863000000"/>
        <price t="2002-10-18" v="3840000000"/>
        <price t="2002-10-21" v="3903000000"/>
        <price t="2002-10-22" v="3775000000"/>
        <price t="2002-10-23" v="3645000000"/>
        <price t="2002-10-24" v="3675000000"/>
        <price t="2002-10-25" v="3625000000"/>
        <price t="2002-10-28" v="3777000000"/>
        <price t="2002-10-29" v="3620000000"/>
        <price t="2002-10-30" v="3733000000"/>
        <price t="2002-10-31" v="3744000000"/>
        <price t="2002-11-01" v="3700000000"/>
        <price t="2002-11-04" v="3855000000"/>
        <price t="2002-11-05" v="3860000000"/>
        <price t="2002-11-06" v="3806000000"/>
        <price t="2002-11-07" v="3664000000"/>
        <price t="2002-11-08" v="3652000000"/>
        <price t="2002-11-11" v="3748000000"/>
        <price t="2002-11-12" v="3800000000"/>
        <price t="2002-11-13" v="3740000000"/>
        <price t="2002-11-14" v="3810000000"/>
        <price t="2002-11-15" v="3804000000"/>
        <price t="2002-11-18" v="3800000000"/>
        <price t="2002-11-19" v="3715000000"/>
        <price t="2002-11-20" v="3730000000"/>
        <price t="2002-11-21" v="3780000000"/>
        <price t="2002-11-22" v="3808000000"/>
        <price t="2002-11-25" v="3797000000"/>
        <price t="2002-11-26" v="3679000000"/>
        <price t="2002-11-27" v="3840000000"/>
        <price t="2002-11-28" v="3875000000"/>
        <price t="2002-11-29" v="3870000000"/>
        <price t="2002-12-02" v="4079000000"/>
        <price t="2002-12-03" v="4025000000"/>
        <price t="2002-12-04" v="4043000000"/>
        <price t="2002-12-05" v="3977000000"/>
        <price t="2002-12-06" v="3938000000"/>
        <price t="2002-12-09" v="3840000000"/>
        <price t="2002-12-10" v="3941000000"/>
        <price t="2002-12-11" v="3965000000"/>
        <price t="2002-12-12" v="3860000000"/>
        <price t="2002-12-13" v="3762000000"/>
        <price t="2002-12-16" v="3845000000"/>
        <price t="2002-12-17" v="3855000000"/>
        <price t="2002-12-18" v="3707000000"/>
        <price t="2002-12-19" v="3592000000"/>
        <price t="2002-12-20" v="3745000000"/>
        <price t="2002-12-23" v="3741000000"/>
        <price t="2002-12-24" v="3741000000"/>
        <price t="2002-12-25" v="3741000000"/>
        <price t="2002-12-26" v="3741000000"/>
        <price t="2002-12-27" v="3570000000"/>
        <price t="2002-12-30" v="3608000000"/>
        <price t="2002-12-31" v="3608000000"/>
        <price t="2003-01-02" v="3865000000"/>
        <price t="2003-01-03" v="3808000000"/>
        <price t="2003-01-06" v="3925000000"/>
        <price t="2003-01-07" v="3834000000"/>
        <price t="2003-01-08" v="3738000000"/>
        <price t="2003-01-09" v="3690000000"/>
        <price t="2003-01-10" v="3663000000"/>
        <price t="2003-01-13" v="3680000000"/>
        <price t="2003-01-14" v="3733000000"/>
        <price t="2003-01-15" v="3669000000"/>
        <price t="2003-01-16" v="3735000000"/>
        <price t="2003-01-17" v="3600000000"/>
        <price t="2003-01-20" v="3577000000"/>
        <price t="2003-01-21" v="3508000000"/>
        <price t="2003-01-22" v="3428000000"/>
        <price t="2003-01-23" v="3481000000"/>
        <price t="2003-01-24" v="3354000000"/>
        <price t="2003-01-27" v="3186000000"/>
        <price t="2003-01-28" v="3250000000"/>
        <price t="2003-01-29" v="3360000000"/>
        <price t="2003-01-30" v="3320000000"/>
        <price t="2003-01-31" v="3452000000"/>
        <price t="2003-02-03" v="3460000000"/>
        <price t="2003-02-04" v="3345000000"/>
        <price t="2003-02-05" v="3467000000"/>
        <price t="2003-02-06" v="3340000000"/>
        <price t="2003-02-07" v="3300000000"/>
        <price t="2003-02-10" v="3354000000"/>
        <price t="2003-02-11" v="3398000000"/>
        <price t="2003-02-12" v="3290000000"/>
        <price t="2003-02-13" v="3278000000"/>
        <price t="2003-02-14" v="3440000000"/>
        <price t="2003-02-17" v="3478000000"/>
        <price t="2003-02-18" v="3485000000"/>
        <price t="2003-02-19" v="3387000000"/>
        <price t="2003-02-20" v="3357000000"/>
        <price t="2003-02-21" v="3400000000"/>
        <price t="2003-02-24" v="3284000000"/>
        <price t="2003-02-25" v="3321000000"/>
        <price t="2003-02-26" v="3280000000"/>
        <price t="2003-02-27" v="3346000000"/>
        <price t="2003-02-28" v="3382000000"/>
        <price t="2003-03-03" v="3400000000"/>
        <price t="2003-03-04" v="3368000000"/>
        <price t="2003-03-05" v="3322000000"/>
        <price t="2003-03-06" v="3264000000"/>
        <price t="2003-03-07" v="3226000000"/>
        <price t="2003-03-10" v="3161000000"/>
        <price t="2003-03-11" v="3019000000"/>
        <price t="2003-03-12" v="2841000000"/>
        <price t="2003-03-13" v="3106000000"/>
        <price t="2003-03-14" v="3165000000"/>
        <price t="2003-03-17" v="3119000000"/>
        <price t="2003-03-18" v="3525000000"/>
        <price t="2003-03-19" v="3688000000"/>
        <price t="2003-03-20" v="3625000000"/>
        <price t="2003-03-21" v="3801000000"/>
        <price t="2003-03-24" v="3500000000"/>
        <price t="2003-03-25" v="3637000000"/>
        <price t="2003-03-26" v="3622000000"/>
        <price t="2003-03-27" v="3630000000"/>
        <price t="2003-03-28" v="3537000000"/>
        <price t="2003-03-31" v="3411000000"/>
        <price t="2003-04-01" v="3381000000"/>
        <price t="2003-04-02" v="3614000000"/>
        <price t="2003-04-03" v="3660000000"/>
        <price t="2003-04-04" v="3832000000"/>
        <price t="2003-04-07" v="3980000000"/>
        <price t="2003-04-08" v="3872000000"/>
        <price t="2003-04-09" v="3825000000"/>
        <price t="2003-04-10" v="3825000000"/>
        <price t="2003-04-11" v="3869000000"/>
        <price t="2003-04-14" v="3880000000"/>
        <price t="2003-04-15" v="3823000000"/>
        <price t="2003-04-16" v="3796000000"/>
        <price t="2003-04-17" v="3950000000"/>
        <price t="2003-04-22" v="4052000000"/>
        <price t="2003-04-23" v="4005000000"/>
        <price t="2003-04-24" v="3930000000"/>
        <price t="2003-04-25" v="3816000000"/>
        <price t="2003-04-28" v="3950000000"/>
        <price t="2003-04-29" v="3942000000"/>
        <price t="2003-04-30" v="3997000000"/>
        <price t="2003-05-02" v="4053000000"/>
        <price t="2003-05-05" v="4025000000"/>
        <price t="2003-05-06" v="4029000000"/>
        <price t="2003-05-07" v="3839000000"/>
        <price t="2003-05-08" v="3664000000"/>
        <price t="2003-05-09" v="3752000000"/>
        <price t="2003-05-12" v="3725000000"/>
        <price t="2003-05-13" v="3630000000"/>
        <price t="2003-05-14" v="3730000000"/>
        <price t="2003-05-15" v="3782000000"/>
        <price t="2003-05-16" v="3785000000"/>
        <price t="2003-05-19" v="3570000000"/>
        <price t="2003-05-20" v="3544000000"/>
        <price t="2003-05-21" v="3524000000"/>
        <price t="2003-05-22" v="3495000000"/>
        <price t="2003-05-23" v="3475000000"/>
        <price t="2003-05-26" v="3409000000"/>
        <price t="2003-05-27" v="3499000000"/>
        <price t="2003-05-28" v="3590000000"/>
        <price t="2003-05-29" v="3527000000"/>
        <price t="2003-05-30" v="3685000000"/>
        <price t="2003-06-02" v="3685000000"/>
        <price t="2003-06-03" v="3634000000"/>
        <price t="2003-06-04" v="3710000000"/>
        <price t="2003-06-05" v="3614000000"/>
        <price t="2003-06-06" v="3685000000"/>
        <price t="2003-06-09" v="3680000000"/>
        <price t="2003-06-10" v="3700000000"/>
        <price t="2003-06-11" v="3760000000"/>
        <price t="2003-06-12" v="3821000000"/>
        <price t="2003-06-13" v="3828000000"/>
        <price t="2003-06-16" v="3910000000"/>
        <price t="2003-06-17" v="3944000000"/>
        <price t="2003-06-18" v="3974000000"/>
        <price t="2003-06-19" v="3930000000"/>
        <price t="2003-06-20" v="3920000000"/>
        <price t="2003-06-23" v="3840000000"/>
        <price t="2003-06-24" v="3817000000"/>
        <price t="2003-06-25" v="3780000000"/>
        <price t="2003-06-26" v="3814000000"/>
        <price t="2003-06-27" v="3801000000"/>
        <price t="2003-06-30" v="3720000000"/>
        <price t="2003-07-01" v="3652000000"/>
        <price t="2003-07-02" v="3722000000"/>
        <price t="2003-07-03" v="3689000000"/>
        <price t="2003-07-04" v="3766000000"/>
        <price t="2003-07-07" v="3933000000"/>
        <price t="2003-07-08" v="3965000000"/>
        <price t="2003-07-09" v="3905000000"/>
        <price t="2003-07-10" v="3891000000"/>
        <price t="2003-07-11" v="3958000000"/>
        <price t="2003-07-14" v="4040000000"/>
        <price t="2003-07-15" v="3993000000"/>
        <price t="2003-07-16" v="3994000000"/>
        <price t="2003-07-17" v="4058000000"/>
        <price t="2003-07-18" v="4072000000"/>
        <price t="2003-07-21" v="4009000000"/>
        <price t="2003-07-22" v="4034000000"/>
        <price t="2003-07-23" v="4008000000"/>
        <price t="2003-07-24" v="4074000000"/>
        <price t="2003-07-25" v="4039000000"/>
        <price t="2003-07-28" v="4070000000"/>
        <price t="2003-07-29" v="4120000000"/>
        <price t="2003-07-30" v="4125000000"/>
        <price t="2003-07-31" v="4245000000"/>
        <price t="2003-08-01" v="4228000000"/>
        <price t="2003-08-04" v="4179000000"/>
        <price t="2003-08-05" v="4215000000"/>
        <price t="2003-08-06" v="4140000000"/>
        <price t="2003-08-07" v="3983000000"/>
        <price t="2003-08-08" v="3993000000"/>
        <price t="2003-08-11" v="3985000000"/>
        <price t="2003-08-12" v="4013000000"/>
        <price t="2003-08-13" v="4035000000"/>
        <price t="2003-08-14" v="4119000000"/>
        <price t="2003-08-15" v="4179000000"/>
        <price t="2003-08-18" v="4236000000"/>
        <price t="2003-08-19" v="4215000000"/>
        <price t="2003-08-20" v="4222000000"/>
        <price t="2003-08-21" v="4241000000"/>
        <price t="2003-08-22" v="4280000000"/>
        <price t="2003-08-25" v="4233000000"/>
        <price t="2003-08-26" v="4236000000"/>
        <price t="2003-08-27" v="4258000000"/>
        <price t="2003-08-28" v="4251000000"/>
        <price t="2003-08-29" v="4194000000"/>
        <price t="2003-09-01" v="4305000000"/>
        <price t="2003-09-02" v="4287000000"/>
        <price t="2003-09-03" v="4300000000"/>
        <price t="2003-09-04" v="4280000000"/>
        <price t="2003-09-05" v="4215000000"/>
        <price t="2003-09-08" v="4241000000"/>
        <price t="2003-09-09" v="4185000000"/>
        <price t="2003-09-10" v="4165000000"/>
        <price t="2003-09-11" v="4183000000"/>
        <price t="2003-09-12" v="4123000000"/>
        <price t="2003-09-15" v="4132000000"/>
        <price t="2003-09-16" v="4163000000"/>
        <price t="2003-09-17" v="4120000000"/>
        <price t="2003-09-18" v="4128000000"/>
        <price t="2003-09-19" v="4147000000"/>
        <price t="2003-09-22" v="3996000000"/>
        <price t="2003-09-23" v="3900000000"/>
        <price t="2003-09-24" v="3779000000"/>
        <price t="2003-09-25" v="3829000000"/>
        <price t="2003-09-26" v="3856000000"/>
        <price t="2003-09-29" v="3820000000"/>
        <price t="2003-09-30" v="3770000000"/>
        <price t="2003-10-01" v="3829000000"/>
        <price t="2003-10-02" v="3755000000"/>
        <price t="2003-10-03" v="3978000000"/>
        <price t="2003-10-06" v="3934000000"/>
        <price t="2003-10-07" v="3833000000"/>
        <price t="2003-10-08" v="3837000000"/>
        <price t="2003-10-09" v="3937000000"/>
        <price t="2003-10-10" v="3890000000"/>
        <price t="2003-10-13" v="3940000000"/>
        <price t="2003-10-14" v="3968000000"/>
        <price t="2003-10-15" v="3988000000"/>
        <price t="2003-10-16" v="4028000000"/>
        <price t="2003-10-17" v="3951000000"/>
        <price t="2003-10-20" v="3996000000"/>
        <price t="2003-10-21" v="4026000000"/>
        <price t="2003-10-22" v="3890000000"/>
        <price t="2003-10-23" v="3940000000"/>
        <price t="2003-10-24" v="3893000000"/>
        <price t="2003-10-27" v="3965000000"/>
        <price t="2003-10-28" v="4011000000"/>
        <price t="2003-10-29" v="4004000000"/>
        <price t="2003-10-30" v="3986000000"/>
        <price t="2003-10-31" v="3946000000"/>
        <price t="2003-11-03" v="3998000000"/>
        <price t="2003-11-04" v="4127000000"/>
        <price t="2003-11-05" v="4172000000"/>
        <price t="2003-11-06" v="4155000000"/>
        <price t="2003-11-07" v="4263000000"/>
        <price t="2003-11-10" v="4177000000"/>
        <price t="2003-11-11" v="4164000000"/>
        <price t="2003-11-12" v="4151000000"/>
        <price t="2003-11-13" v="4200000000"/>
        <price t="2003-11-14" v="4230000000"/>
        <price t="2003-11-17" v="4120000000"/>
        <price t="2003-11-18" v="4123000000"/>
        <price t="2003-11-19" v="4104000000"/>
        <price t="2003-11-20" v="4132000000"/>
        <price t="2003-11-21" v="4126000000"/>
        <price t="2003-11-24" v="4174000000"/>
        <price t="2003-11-25" v="4146000000"/>
        <price t="2003-11-26" v="4096000000"/>
        <price t="2003-11-27" v="4134000000"/>
        <price t="2003-11-28" v="4126000000"/>
        <price t="2003-12-01" v="4240000000"/>
        <price t="2003-12-02" v="4228000000"/>
        <price t="2003-12-03" v="4335000000"/>
        <price t="2003-12-04" v="4300000000"/>
        <price t="2003-12-05" v="4274000000"/>
        <price t="2003-12-08" v="4241000000"/>
        <price t="2003-12-09" v="4331000000"/>
        <price t="2003-12-10" v="4250000000"/>
        <price t="2003-12-11" v="4240000000"/>
        <price t="2003-12-12" v="4200000000"/>
        <price t="2003-12-15" v="4240000000"/>
        <price t="2003-12-16" v="4226000000"/>
        <price t="2003-12-17" v="4216000000"/>
        <price t="2003-12-18" v="4254000000"/>
        <price t="2003-12-19" v="4316000000"/>
        <price t="2003-12-22" v="4290000000"/>
        <price t="2003-12-23" v="4329000000"/>
        <price t="2003-12-29" v="4391000000"/>
        <price t="2003-12-30" v="4458000000"/>
        <price t="2004-01-02" v="4474000000"/>
        <price t="2004-01-05" v="4482000000"/>
        <price t="2004-01-06" v="4508000000"/>
        <price t="2004-01-07" v="4500000000"/>
        <price t="2004-01-08" v="4500000000"/>
        <price t="2004-01-09" v="4470000000"/>
        <price t="2004-01-12" v="4466000000"/>
        <price t="2004-01-13" v="4497000000"/>
        <price t="2004-01-14" v="4563000000"/>
        <price t="2004-01-15" v="4520000000"/>
        <price t="2004-01-16" v="4522000000"/>
        <price t="2004-01-19" v="4550000000"/>
        <price t="2004-01-20" v="4502000000"/>
        <price t="2004-01-21" v="4525000000"/>
        <price t="2004-01-22" v="4496000000"/>
        <price t="2004-01-23" v="4482000000"/>
        <price t="2004-01-26" v="4454000000"/>
        <price t="2004-01-27" v="4494000000"/>
        <price t="2004-01-28" v="4491000000"/>
        <price t="2004-01-29" v="4485000000"/>
        <price t="2004-01-30" v="4439000000"/>
        <price t="2004-02-02" v="4448000000"/>
        <price t="2004-02-03" v="4376000000"/>
        <price t="2004-02-04" v="4348000000"/>
        <price t="2004-02-05" v="4304000000"/>
        <price t="2004-02-06" v="4300000000"/>
        <price t="2004-02-09" v="4361000000"/>
        <price t="2004-02-10" v="4373000000"/>
        <price t="2004-02-11" v="4318000000"/>
        <price t="2004-02-12" v="4312000000"/>
        <price t="2004-02-13" v="4196000000"/>
        <price t="2004-02-16" v="4272000000"/>
        <price t="2004-02-17" v="4240000000"/>
        <price t="2004-02-18" v="4214000000"/>
        <price t="2004-02-19" v="4265000000"/>
        <price t="2004-02-20" v="4192000000"/>
        <price t="2004-02-23" v="4200000000"/>
        <price t="2004-02-24" v="4161000000"/>
        <price t="2004-02-25" v="4173000000"/>
        <price t="2004-02-26" v="4235000000"/>
        <price t="2004-02-27" v="4280000000"/>
        <price t="2004-03-01" v="4386000000"/>
        <price t="2004-03-02" v="4400000000"/>
        <price t="2004-03-03" v="4337000000"/>
        <price t="2004-03-04" v="4361000000"/>
        <price t="2004-03-05" v="4340000000"/>
        <price t="2004-03-08" v="4378000000"/>
        <price t="2004-03-09" v="4316000000"/>
        <price t="2004-03-10" v="4317000000"/>
        <price t="2004-03-11" v="4165000000"/>
        <price t="2004-03-12" v="4202000000"/>
        <price t="2004-03-15" v="4080000000"/>
        <price t="2004-03-16" v="4165000000"/>
        <price t="2004-03-17" v="4250000000"/>
        <price t="2004-03-18" v="4162000000"/>
        <price t="2004-03-19" v="4101000000"/>
        <price t="2004-03-22" v="4049000000"/>
        <price t="2004-03-23" v="4067000000"/>
        <price t="2004-03-24" v="4057000000"/>
        <price t="2004-03-25" v="4142000000"/>
        <price t="2004-03-26" v="4115000000"/>
        <price t="2004-03-29" v="4167000000"/>
        <price t="2004-03-30" v="4141000000"/>
        <price t="2004-03-31" v="4133000000"/>
        <price t="2004-04-01" v="4199000000"/>
        <price t="2004-04-02" v="4332000000"/>
        <price t="2004-04-05" v="4387000000"/>
        <price t="2004-04-06" v="4320000000"/>
        <price t="2004-04-07" v="4354000000"/>
        <price t="2004-04-08" v="4322000000"/>
        <price t="2004-04-13" v="4390000000"/>
        <price t="2004-04-14" v="4352000000"/>
        <price t="2004-04-15" v="4365000000"/>
        <price t="2004-04-16" v="4401000000"/>
        <price t="2004-04-19" v="4411000000"/>
        <price t="2004-04-20" v="4458000000"/>
        <price t="2004-04-21" v="4375000000"/>
        <price t="2004-04-22" v="4425000000"/>
        <price t="2004-04-23" v="4455000000"/>
        <price t="2004-04-26" v="4489000000"/>
        <price t="2004-04-27" v="4481000000"/>
        <price t="2004-04-28" v="4400000000"/>
        <price t="2004-04-29" v="4385000000"/>
        <price t="2004-04-30" v="4304000000"/>
        <price t="2004-05-03" v="4290000000"/>
        <price t="2004-05-04" v="4212000000"/>
        <price t="2004-05-05" v="4238000000"/>
        <price t="2004-05-06" v="4143000000"/>
        <price t="2004-05-07" v="4136000000"/>
        <price t="2004-05-10" v="4060000000"/>
        <price t="2004-05-11" v="4118000000"/>
        <price t="2004-05-12" v="4074000000"/>
        <price t="2004-05-13" v="4150000000"/>
        <price t="2004-05-14" v="4139000000"/>
        <price t="2004-05-17" v="4095000000"/>
        <price t="2004-05-18" v="4141000000"/>
        <price t="2004-05-19" v="4194000000"/>
        <price t="2004-05-20" v="4163000000"/>
        <price t="2004-05-21" v="4138000000"/>
        <price t="2004-05-24" v="4174000000"/>
        <price t="2004-05-25" v="4103000000"/>
        <price t="2004-05-26" v="4165000000"/>
        <price t="2004-05-27" v="4237000000"/>
        <price t="2004-05-28" v="4186000000"/>
        <price t="2004-05-31" v="4213000000"/>
        <price t="2004-06-01" v="4189000000"/>
        <price t="2004-06-02" v="4236000000"/>
        <price t="2004-06-03" v="4237000000"/>
        <price t="2004-06-04" v="4268000000"/>
        <price t="2004-06-07" v="4313000000"/>
        <price t="2004-06-08" v="4290000000"/>
        <price t="2004-06-09" v="4257000000"/>
        <price t="2004-06-10" v="4278000000"/>
        <price t="2004-06-11" v="4249000000"/>
        <price t="2004-06-14" v="4181000000"/>
        <price t="2004-06-15" v="4211000000"/>
        <price t="2004-06-16" v="4260000000"/>
        <price t="2004-06-17" v="4263000000"/>
        <price t="2004-06-18" v="4269000000"/>
        <price t="2004-06-21" v="4286000000"/>
        <price t="2004-06-22" v="4234000000"/>
        <price t="2004-06-23" v="4280000000"/>
        <price t="2004-06-24" v="4364000000"/>
        <price t="2004-06-25" v="4356000000"/>
        <price t="2004-06-28" v="4431000000"/>
        <price t="2004-06-29" v="4445000000"/>
        <price t="2004-06-30" v="4399000000"/>
        <price t="2004-07-01" v="4398000000"/>
        <price t="2004-07-02" v="4384000000"/>
        <price t="2004-07-05" v="4392000000"/>
        <price t="2004-07-06" v="4341000000"/>
        <price t="2004-07-07" v="4374000000"/>
        <price t="2004-07-08" v="4412000000"/>
        <price t="2004-07-09" v="4402000000"/>
        <price t="2004-07-12" v="4385000000"/>
        <price t="2004-07-13" v="4400000000"/>
        <price t="2004-07-14" v="4413000000"/>
        <price t="2004-07-15" v="4398000000"/>
        <price t="2004-07-16" v="4401000000"/>
        <price t="2004-07-19" v="4360000000"/>
        <price t="2004-07-20" v="4371000000"/>
        <price t="2004-07-21" v="4390000000"/>
        <price t="2004-07-22" v="4283000000"/>
        <price t="2004-07-23" v="4312000000"/>
        <price t="2004-07-26" v="4254000000"/>
        <price t="2004-07-27" v="4317000000"/>
        <price t="2004-07-28" v="4321000000"/>
        <price t="2004-07-29" v="4403000000"/>
        <price t="2004-07-30" v="4428000000"/>
        <price t="2004-08-02" v="4402000000"/>
        <price t="2004-08-03" v="4467000000"/>
        <price t="2004-08-04" v="4450000000"/>
        <price t="2004-08-05" v="4515000000"/>
        <price t="2004-08-06" v="4398000000"/>
        <price t="2004-08-09" v="4366000000"/>
        <price t="2004-08-10" v="4365000000"/>
        <price t="2004-08-11" v="4318000000"/>
        <price t="2004-08-12" v="4331000000"/>
        <price t="2004-08-13" v="4265000000"/>
        <price t="2004-08-16" v="4300000000"/>
        <price t="2004-08-17" v="4314000000"/>
        <price t="2004-08-18" v="4347000000"/>
        <price t="2004-08-19" v="4344000000"/>
        <price t="2004-08-20" v="4355000000"/>
        <price t="2004-08-23" v="4402000000"/>
        <price t="2004-08-24" v="4380000000"/>
        <price t="2004-08-25" v="4435000000"/>
        <price t="2004-08-26" v="4467000000"/>
        <price t="2004-08-27" v="4504000000"/>
        <price t="2004-08-30" v="4488000000"/>
        <price t="2004-08-31" v="4441000000"/>
        <price t="2004-09-01" v="4474000000"/>
        <price t="2004-09-02" v="4489000000"/>
        <price t="2004-09-03" v="4555000000"/>
        <price t="2004-09-06" v="4563000000"/>
        <price t="2004-09-07" v="4565000000"/>
        <price t="2004-09-08" v="4557000000"/>
        <price t="2004-09-09" v="4523000000"/>
        <price t="2004-09-10" v="4536000000"/>
        <price t="2004-09-13" v="4600000000"/>
        <price t="2004-09-14" v="4606000000"/>
        <price t="2004-09-15" v="4612000000"/>
        <price t="2004-09-16" v="4615000000"/>
        <price t="2004-09-17" v="4672000000"/>
        <price t="2004-09-20" v="4663000000"/>
        <price t="2004-09-21" v="4666000000"/>
        <price t="2004-09-22" v="4619000000"/>
        <price t="2004-09-23" v="4573000000"/>
        <price t="2004-09-24" v="4582000000"/>
        <price t="2004-09-27" v="4568000000"/>
        <price t="2004-09-28" v="4603000000"/>
        <price t="2004-09-29" v="4765000000"/>
        <price t="2004-09-30" v="4745000000"/>
        <price t="2004-10-01" v="4876000000"/>
        <price t="2004-10-04" v="4856000000"/>
        <price t="2004-10-05" v="4863000000"/>
        <price t="2004-10-06" v="4876000000"/>
        <price t="2004-10-07" v="4890000000"/>
        <price t="2004-10-08" v="4815000000"/>
        <price t="2004-10-11" v="4805000000"/>
        <price t="2004-10-12" v="4730000000"/>
        <price t="2004-10-13" v="4717000000"/>
        <price t="2004-10-14" v="4687000000"/>
        <price t="2004-10-15" v="4728000000"/>
        <price t="2004-10-18" v="4762000000"/>
        <price t="2004-10-19" v="4860000000"/>
        <price t="2004-10-20" v="4793000000"/>
        <price t="2004-10-21" v="4848000000"/>
        <price t="2004-10-22" v="4916000000"/>
        <price t="2004-10-25" v="4777000000"/>
        <price t="2004-10-26" v="4797000000"/>
        <price t="2004-10-27" v="4885000000"/>
        <price t="2004-10-28" v="4875000000"/>
        <price t="2004-10-29" v="4890000000"/>
        <price t="2004-11-01" v="4975000000"/>
        <price t="2004-11-02" v="4980000000"/>
        <price t="2004-11-03" v="4945000000"/>
        <price t="2004-11-04" v="4970000000"/>
        <price t="2004-11-05" v="5010000000"/>
        <price t="2004-11-08" v="4994000000"/>
        <price t="2004-11-09" v="5028000000"/>
        <price t="2004-11-10" v="5116000000"/>
        <price t="2004-11-11" v="5023000000"/>
        <price t="2004-11-12" v="5001000000"/>
        <price t="2004-11-15" v="4980000000"/>
        <price t="2004-11-16" v="4958000000"/>
        <price t="2004-11-17" v="5060000000"/>
        <price t="2004-11-18" v="5105000000"/>
        <price t="2004-11-19" v="5088000000"/>
        <price t="2004-11-22" v="5071000000"/>
        <price t="2004-11-23" v="5053000000"/>
        <price t="2004-11-24" v="5049000000"/>
        <price t="2004-11-25" v="5123000000"/>
        <price t="2004-11-26" v="5115000000"/>
        <price t="2004-11-29" v="5104000000"/>
        <price t="2004-11-30" v="5064000000"/>
        <price t="2004-12-01" v="5200000000"/>
        <price t="2004-12-02" v="5193000000"/>
        <price t="2004-12-03" v="5181000000"/>
        <price t="2004-12-06" v="5230000000"/>
        <price t="2004-12-07" v="5234000000"/>
        <price t="2004-12-08" v="5117000000"/>
        <price t="2004-12-09" v="5097000000"/>
        <price t="2004-12-10" v="5148000000"/>
        <price t="2004-12-13" v="5187000000"/>
        <price t="2004-12-14" v="5165000000"/>
        <price t="2004-12-15" v="5138000000"/>
        <price t="2004-12-16" v="5179000000"/>
        <price t="2004-12-17" v="5097000000"/>
        <price t="2004-12-20" v="5178000000"/>
        <price t="2004-12-21" v="5185000000"/>
        <price t="2004-12-22" v="5165000000"/>
        <price t="2004-12-23" v="5230000000"/>
        <price t="2004-12-27" v="5244000000"/>
        <price t="2004-12-28" v="5278000000"/>
        <price t="2004-12-29" v="5277000000"/>
        <price t="2004-12-30" v="5300000000"/>
        <price t="2005-01-03" v="5336000000"/>
        <price t="2005-01-04" v="5317000000"/>
        <price t="2005-01-05" v="5268000000"/>
        <price t="2005-01-06" v="5266000000"/>
        <price t="2005-01-07" v="5289000000"/>
        <price t="2005-01-10" v="5252000000"/>
        <price t="2005-01-11" v="5183000000"/>
        <price t="2005-01-12" v="5134000000"/>
        <price t="2005-01-13" v="5173000000"/>
        <price t="2005-01-14" v="5206000000"/>
        <price t="2005-01-17" v="5225000000"/>
        <price t="2005-01-18" v="5241000000"/>
        <price t="2005-01-19" v="5295000000"/>
        <price t="2005-01-20" v="5258000000"/>
        <price t="2005-01-21" v="5203000000"/>
        <price t="2005-01-24" v="5187000000"/>
        <price t="2005-01-25" v="5172000000"/>
        <price t="2005-01-26" v="5160000000"/>
        <price t="2005-01-27" v="5215000000"/>
        <price t="2005-01-28" v="5183000000"/>
        <price t="2005-01-31" v="5239000000"/>
        <price t="2005-02-01" v="5295000000"/>
        <price t="2005-02-02" v="5313000000"/>
        <price t="2005-02-03" v="5300000000"/>
        <price t="2005-02-04" v="5370000000"/>
        <price t="2005-02-07" v="5402000000"/>
        <price t="2005-02-08" v="5450000000"/>
        <price t="2005-02-09" v="5496000000"/>
        <price t="2005-02-10" v="5483000000"/>
        <price t="2005-02-11" v="5560000000"/>
        <price t="2005-02-14" v="5583000000"/>
        <price t="2005-02-15" v="5640000000"/>
        <price t="2005-02-16" v="5604000000"/>
        <price t="2005-02-17" v="5630000000"/>
        <price t="2005-02-18" v="5677000000"/>
        <price t="2005-02-21" v="5674000000"/>
        <price t="2005-02-22" v="5613000000"/>
        <price t="2005-02-23" v="5590000000"/>
        <price t="2005-02-24" v="5600000000"/>
        <price t="2005-02-25" v="5636000000"/>
        <price t="2005-02-28" v="5654000000"/>
        <price t="2005-03-01" v="5677000000"/>
        <price t="2005-03-02" v="5649000000"/>
        <price t="2005-03-03" v="5632000000"/>
        <price t="2005-03-04" v="5750000000"/>
        <price t="2005-03-07" v="5830000000"/>
        <price t="2005-03-08" v="5725000000"/>
        <price t="2005-03-09" v="5684000000"/>
        <price t="2005-03-10" v="5613000000"/>
        <price t="2005-03-11" v="5610000000"/>
        <price t="2005-03-14" v="5600000000"/>
        <price t="2005-03-15" v="5645000000"/>
        <price t="2005-03-16" v="5530000000"/>
        <price t="2005-03-17" v="5488000000"/>
        <price t="2005-03-18" v="5470000000"/>
        <price t="2005-03-21" v="5445000000"/>
        <price t="2005-03-22" v="5500000000"/>
        <price t="2005-03-23" v="5534000000"/>
        <price t="2005-03-24" v="5474000000"/>
        <price t="2005-03-29" v="5493000000"/>
        <price t="2005-03-30" v="5422000000"/>
        <price t="2005-03-31" v="5469000000"/>
        <price t="2005-04-01" v="5534000000"/>
        <price t="2005-04-04" v="5501000000"/>
        <price t="2005-04-05" v="5553000000"/>
        <price t="2005-04-06" v="5628000000"/>
        <price t="2005-04-07" v="5622000000"/>
        <price t="2005-04-08" v="5611000000"/>
        <price t="2005-04-11" v="5572000000"/>
        <price t="2005-04-12" v="5511000000"/>
        <price t="2005-04-13" v="5452000000"/>
        <price t="2005-04-14" v="5350000000"/>
        <price t="2005-04-15" v="5218000000"/>
        <price t="2005-04-18" v="5103000000"/>
        <price t="2005-04-19" v="5209000000"/>
        <price t="2005-04-20" v="5180000000"/>
        <price t="2005-04-21" v="5152000000"/>
        <price t="2005-04-22" v="5203000000"/>
        <price t="2005-04-25" v="5256000000"/>
        <price t="2005-04-26" v="5249000000"/>
        <price t="2005-04-27" v="5150000000"/>
        <price t="2005-04-28" v="5144000000"/>
        <price t="2005-04-29" v="5011000000"/>
        <price t="2005-05-02" v="5081000000"/>
        <price t="2005-05-03" v="5147000000"/>
        <price t="2005-05-04" v="5166000000"/>
        <price t="2005-05-05" v="5191000000"/>
        <price t="2005-05-06" v="5250000000"/>
        <price t="2005-05-09" v="5229000000"/>
        <price t="2005-05-10" v="5212000000"/>
        <price t="2005-05-11" v="5179000000"/>
        <price t="2005-05-12" v="5220000000"/>
        <price t="2005-05-13" v="5133000000"/>
        <price t="2005-05-16" v="5110000000"/>
        <price t="2005-05-17" v="5074000000"/>
        <price t="2005-05-18" v="5211000000"/>
        <price t="2005-05-19" v="5267000000"/>
        <price t="2005-05-20" v="5264000000"/>
        <price t="2005-05-23" v="5291000000"/>
        <price t="2005-05-24" v="5348000000"/>
        <price t="2005-05-25" v="5361000000"/>
        <price t="2005-05-26" v="5361000000"/>
        <price t="2005-05-27" v="5368000000"/>
        <price t="2005-05-30" v="5418000000"/>
        <price t="2005-05-31" v="5391000000"/>
        <price t="2005-06-01" v="5505000000"/>
        <price t="2005-06-02" v="5546000000"/>
        <price t="2005-06-03" v="5515000000"/>
        <price t="2005-06-06" v="5517000000"/>
        <price t="2005-06-07" v="5580000000"/>
        <price t="2005-06-08" v="5585000000"/>
        <price t="2005-06-09" v="5576000000"/>
        <price t="2005-06-10" v="5622000000"/>
        <price t="2005-06-13" v="5644000000"/>
        <price t="2005-06-14" v="5625000000"/>
        <price t="2005-06-15" v="5601000000"/>
        <price t="2005-06-16" v="5639000000"/>
        <price t="2005-06-17" v="5682000000"/>
        <price t="2005-06-20" v="5622000000"/>
        <price t="2005-06-21" v="5627000000"/>
        <price t="2005-06-22" v="5608000000"/>
        <price t="2005-06-23" v="5625000000"/>
        <price t="2005-06-24" v="5489000000"/>
        <price t="2005-06-27" v="5474000000"/>
        <price t="2005-06-28" v="5560000000"/>
        <price t="2005-06-29" v="5502000000"/>
        <price t="2005-06-30" v="5500000000"/>
        <price t="2005-07-01" v="5570000000"/>
        <price t="2005-07-04" v="5558000000"/>
        <price t="2005-07-05" v="5487000000"/>
        <price t="2005-07-06" v="5476000000"/>
        <price t="2005-07-07" v="5380000000"/>
        <price t="2005-07-08" v="5450000000"/>
        <price t="2005-07-11" v="5534000000"/>
        <price t="2005-07-12" v="5511000000"/>
        <price t="2005-07-13" v="5570000000"/>
        <price t="2005-07-14" v="5626000000"/>
        <price t="2005-07-15" v="5605000000"/>
        <price t="2005-07-18" v="5611000000"/>
        <price t="2005-07-19" v="5742000000"/>
        <price t="2005-07-20" v="5754000000"/>
        <price t="2005-07-21" v="5796000000"/>
        <price t="2005-07-22" v="5765000000"/>
        <price t="2005-07-25" v="5765000000"/>
        <price t="2005-07-26" v="5740000000"/>
        <price t="2005-07-27" v="5700000000"/>
        <price t="2005-07-28" v="5873000000"/>
        <price t="2005-07-29" v="5840000000"/>
        <price t="2005-08-01" v="5884000000"/>
        <price t="2005-08-02" v="5992000000"/>
        <price t="2005-08-03" v="5945000000"/>
        <price t="2005-08-04" v="5841000000"/>
        <price t="2005-08-05" v="5767000000"/>
        <price t="2005-08-08" v="5796000000"/>
        <price t="2005-08-09" v="5875000000"/>
        <price t="2005-08-10" v="5890000000"/>
        <price t="2005-08-11" v="5901000000"/>
        <price t="2005-08-12" v="5825000000"/>
        <price t="2005-08-15" v="5820000000"/>
        <price t="2005-08-16" v="5716000000"/>
        <price t="2005-08-17" v="5760000000"/>
        <price t="2005-08-18" v="5700000000"/>
        <price t="2005-08-19" v="5787000000"/>
        <price t="2005-08-22" v="5829000000"/>
        <price t="2005-08-23" v="5804000000"/>
        <price t="2005-08-24" v="5799000000"/>
        <price t="2005-08-25" v="5715000000"/>
        <price t="2005-08-26" v="5616000000"/>
        <price t="2005-08-29" v="5667000000"/>
        <price t="2005-08-30" v="5652000000"/>
        <price t="2005-08-31" v="5679000000"/>
        <price t="2005-09-01" v="5760000000"/>
        <price t="2005-09-02" v="5799000000"/>
        <price t="2005-09-05" v="5867000000"/>
        <price t="2005-09-06" v="5945000000"/>
        <price t="2005-09-07" v="5984000000"/>
        <price t="2005-09-08" v="5999000000"/>
        <price t="2005-09-09" v="6010000000"/>
        <price t="2005-09-12" v="6075000000"/>
        <price t="2005-09-13" v="5952000000"/>
        <price t="2005-09-14" v="5965000000"/>
        <price t="2005-09-15" v="5946000000"/>
        <price t="2005-09-16" v="6040000000"/>
        <price t="2005-09-19" v="5985000000"/>
        <price t="2005-09-20" v="6037000000"/>
        <price t="2005-09-21" v="5900000000"/>
        <price t="2005-09-22" v="5839000000"/>
        <price t="2005-09-23" v="5909000000"/>
        <price t="2005-09-26" v="6118000000"/>
        <price t="2005-09-27" v="6054000000"/>
        <price t="2005-09-28" v="6171000000"/>
        <price t="2005-09-29" v="6140000000"/>
        <price t="2005-09-30" v="6250000000"/>
        <price t="2005-10-03" v="6394000000"/>
        <price t="2005-10-04" v="6460000000"/>
        <price t="2005-10-05" v="6360000000"/>
        <price t="2005-10-06" v="6270000000"/>
        <price t="2005-10-07" v="6288000000"/>
        <price t="2005-10-10" v="6340000000"/>
        <price t="2005-10-11" v="6288000000"/>
        <price t="2005-10-12" v="6183000000"/>
        <price t="2005-10-13" v="6153000000"/>
        <price t="2005-10-14" v="6144000000"/>
        <price t="2005-10-17" v="6058000000"/>
        <price t="2005-10-18" v="6038000000"/>
        <price t="2005-10-19" v="5930000000"/>
        <price t="2005-10-20" v="5955000000"/>
        <price t="2005-10-21" v="5878000000"/>
        <price t="2005-10-24" v="6025000000"/>
        <price t="2005-10-25" v="5932000000"/>
        <price t="2005-10-26" v="5988000000"/>
        <price t="2005-10-27" v="5837000000"/>
        <price t="2005-10-28" v="5879000000"/>
        <price t="2005-10-31" v="6015000000"/>
        <price t="2005-11-01" v="6000000000"/>
        <price t="2005-11-02" v="5919000000"/>
        <price t="2005-11-03" v="5950000000"/>
        <price t="2005-11-04" v="5902000000"/>
        <price t="2005-11-07" v="5973000000"/>
        <price t="2005-11-08" v="5928000000"/>
        <price t="2005-11-09" v="6000000000"/>
        <price t="2005-11-10" v="5950000000"/>
        <price t="2005-11-11" v="6093000000"/>
        <price t="2005-11-14" v="6117000000"/>
        <price t="2005-11-15" v="6165000000"/>
        <price t="2005-11-16" v="6098000000"/>
        <price t="2005-11-17" v="6113000000"/>
        <price t="2005-11-18" v="6132000000"/>
        <price t="2005-11-21" v="6208000000"/>
        <price t="2005-11-22" v="6217000000"/>
        <price t="2005-11-23" v="6246000000"/>
        <price t="2005-11-24" v="6268000000"/>
        <price t="2005-11-25" v="6280000000"/>
        <price t="2005-11-28" v="6250000000"/>
        <price t="2005-11-29" v="6270000000"/>
        <price t="2005-11-30" v="6265000000"/>
        <price t="2005-12-01" v="6377000000"/>
        <price t="2005-12-02" v="6387000000"/>
        <price t="2005-12-05" v="6329000000"/>
        <price t="2005-12-06" v="6350000000"/>
        <price t="2005-12-07" v="6286000000"/>
        <price t="2005-12-08" v="6310000000"/>
        <price t="2005-12-09" v="6310000000"/>
        <price t="2005-12-12" v="6283000000"/>
        <price t="2005-12-13" v="6273000000"/>
        <price t="2005-12-14" v="6295000000"/>
        <price t="2005-12-15" v="6326000000"/>
        <price t="2005-12-16" v="6444000000"/>
        <price t="2005-12-19" v="6392000000"/>
        <price t="2005-12-20" v="6419000000"/>
        <price t="2005-12-21" v="6492000000"/>
        <price t="2005-12-22" v="6480000000"/>
        <price t="2005-12-23" v="6493000000"/>
        <price t="2005-12-27" v="6512000000"/>
        <price t="2005-12-28" v="6510000000"/>
        <price t="2005-12-29" v="6533000000"/>
        <price t="2005-12-30" v="6471000000"/>
        <price t="2006-01-02" v="6483000000"/>
        <price t="2006-01-03" v="6390000000"/>
        <price t="2006-01-04" v="6305000000"/>
        <price t="2006-01-05" v="6355000000"/>
        <price t="2006-01-06" v="6329000000"/>
        <price t="2006-01-09" v="6289000000"/>
        <price t="2006-01-10" v="6233000000"/>
        <price t="2006-01-11" v="6306000000"/>
        <price t="2006-01-12" v="6332000000"/>
        <price t="2006-01-13" v="6263000000"/>
        <price t="2006-01-16" v="6349000000"/>
        <price t="2006-01-17" v="6364000000"/>
        <price t="2006-01-18" v="6339000000"/>
        <price t="2006-01-19" v="6289000000"/>
        <price t="2006-01-20" v="6193000000"/>
        <price t="2006-01-23" v="6212000000"/>
        <price t="2006-01-24" v="6195000000"/>
        <price t="2006-01-25" v="6285000000"/>
        <price t="2006-01-26" v="6274000000"/>
        <price t="2006-01-27" v="6419000000"/>
        <price t="2006-01-30" v="6358000000"/>
        <price t="2006-01-31" v="6486000000"/>
        <price t="2006-02-01" v="6555000000"/>
        <price t="2006-02-02" v="6446000000"/>
        <price t="2006-02-03" v="6455000000"/>
        <price t="2006-02-06" v="6447000000"/>
        <price t="2006-02-07" v="6448000000"/>
        <price t="2006-02-08" v="6386000000"/>
        <price t="2006-02-09" v="6451000000"/>
        <price t="2006-02-10" v="6372000000"/>
        <price t="2006-02-13" v="6381000000"/>
        <price t="2006-02-14" v="6420000000"/>
        <price t="2006-02-15" v="6344000000"/>
        <price t="2006-02-16" v="6347000000"/>
        <price t="2006-02-17" v="6290000000"/>
        <price t="2006-02-20" v="6290000000"/>
        <price t="2006-02-21" v="6300000000"/>
        <price t="2006-02-22" v="6315000000"/>
        <price t="2006-02-23" v="6299000000"/>
        <price t="2006-02-24" v="6356000000"/>
        <price t="2006-02-27" v="6418000000"/>
        <price t="2006-02-28" v="6326000000"/>
        <price t="2006-03-01" v="6387000000"/>
        <price t="2006-03-02" v="6339000000"/>
        <price t="2006-03-03" v="6230000000"/>
        <price t="2006-03-06" v="6165000000"/>
        <price t="2006-03-07" v="6231000000"/>
        <price t="2006-03-08" v="6215000000"/>
        <price t="2006-03-09" v="6252000000"/>
        <price t="2006-03-10" v="6282000000"/>
        <price t="2006-03-13" v="6240000000"/>
        <price t="2006-03-14" v="6256000000"/>
        <price t="2006-03-15" v="6280000000"/>
        <price t="2006-03-16" v="6342000000"/>
        <price t="2006-03-17" v="6278000000"/>
        <price t="2006-03-20" v="6348000000"/>
        <price t="2006-03-21" v="6332000000"/>
        <price t="2006-03-22" v="6404000000"/>
        <price t="2006-03-23" v="6430000000"/>
        <price t="2006-03-24" v="6595000000"/>
        <price t="2006-03-27" v="6472000000"/>
        <price t="2006-03-28" v="6431000000"/>
        <price t="2006-03-29" v="6440000000"/>
        <price t="2006-03-30" v="6534000000"/>
        <price t="2006-03-31" v="6470000000"/>
        <price t="2006-04-03" v="6513000000"/>
        <price t="2006-04-04" v="6475000000"/>
        <price t="2006-04-05" v="6430000000"/>
        <price t="2006-04-06" v="6448000000"/>
        <price t="2006-04-07" v="6363000000"/>
        <price t="2006-04-10" v="6409000000"/>
        <price t="2006-04-11" v="6360000000"/>
        <price t="2006-04-12" v="6344000000"/>
        <price t="2006-04-13" v="6415000000"/>
        <price t="2006-04-18" v="6429000000"/>
        <price t="2006-04-19" v="6537000000"/>
        <price t="2006-04-20" v="6755000000"/>
        <price t="2006-04-21" v="6949000000"/>
        <price t="2006-04-24" v="6947000000"/>
        <price t="2006-04-25" v="6856000000"/>
        <price t="2006-04-26" v="6905000000"/>
        <price t="2006-04-27" v="6826000000"/>
        <price t="2006-04-28" v="6796000000"/>
        <price t="2006-05-02" v="6875000000"/>
        <price t="2006-05-03" v="6741000000"/>
        <price t="2006-05-04" v="6901000000"/>
        <price t="2006-05-05" v="6874000000"/>
        <price t="2006-05-08" v="6800000000"/>
        <price t="2006-05-09" v="6884000000"/>
        <price t="2006-05-10" v="6778000000"/>
        <price t="2006-05-11" v="6795000000"/>
        <price t="2006-05-12" v="6625000000"/>
        <price t="2006-05-15" v="6561000000"/>
        <price t="2006-05-16" v="6543000000"/>
        <price t="2006-05-17" v="6337000000"/>
        <price t="2006-05-18" v="6355000000"/>
        <price t="2006-05-19" v="6379000000"/>
        <price t="2006-05-22" v="6222000000"/>
        <price t="2006-05-23" v="6368000000"/>
        <price t="2006-05-24" v="6296000000"/>
        <price t="2006-05-25" v="6450000000"/>
        <price t="2006-05-26" v="6499000000"/>
        <price t="2006-05-29" v="6455000000"/>
        <price t="2006-05-30" v="6301000000"/>
        <price t="2006-05-31" v="6350000000"/>
        <price t="2006-06-01" v="6322000000"/>
        <price t="2006-06-02" v="6315000000"/>
        <price t="2006-06-05" v="6269000000"/>
        <price t="2006-06-06" v="6216000000"/>
        <price t="2006-06-07" v="6261000000"/>
        <price t="2006-06-08" v="6086000000"/>
        <price t="2006-06-09" v="6111000000"/>
        <price t="2006-06-12" v="5992000000"/>
        <price t="2006-06-13" v="5897000000"/>
        <price t="2006-06-14" v="5916000000"/>
        <price t="2006-06-15" v="6004000000"/>
        <price t="2006-06-16" v="5971000000"/>
        <price t="2006-06-19" v="5946000000"/>
        <price t="2006-06-20" v="6010000000"/>
        <price t="2006-06-21" v="6046000000"/>
        <price t="2006-06-22" v="6072000000"/>
        <price t="2006-06-23" v="6091000000"/>
        <price t="2006-06-26" v="6076000000"/>
        <price t="2006-06-27" v="6012000000"/>
        <price t="2006-06-28" v="5989000000"/>
        <price t="2006-06-29" v="6168000000"/>
        <price t="2006-06-30" v="6278000000"/>
        <price t="2006-07-03" v="6336000000"/>
        <price t="2006-07-04" v="6372000000"/>
        <price t="2006-07-05" v="6233000000"/>
        <price t="2006-07-06" v="6257000000"/>
        <price t="2006-07-07" v="6255000000"/>
        <price t="2006-07-10" v="6298000000"/>
        <price t="2006-07-11" v="6234000000"/>
        <price t="2006-07-12" v="6279000000"/>
        <price t="2006-07-13" v="6188000000"/>
        <price t="2006-07-14" v="6069000000"/>
        <price t="2006-07-17" v="6077000000"/>
        <price t="2006-07-18" v="6075000000"/>
        <price t="2006-07-19" v="6186000000"/>
        <price t="2006-07-20" v="6187000000"/>
        <price t="2006-07-21" v="6127000000"/>
        <price t="2006-07-24" v="6237000000"/>
        <price t="2006-07-25" v="6235000000"/>
        <price t="2006-07-26" v="6289000000"/>
        <price t="2006-07-27" v="6307000000"/>
        <price t="2006-07-28" v="6266000000"/>
        <price t="2006-07-31" v="6301000000"/>
        <price t="2006-08-01" v="6240000000"/>
        <price t="2006-08-02" v="6238000000"/>
        <price t="2006-08-03" v="6211000000"/>
        <price t="2006-08-04" v="6255000000"/>
        <price t="2006-08-07" v="6149000000"/>
        <price t="2006-08-08" v="6150000000"/>
        <price t="2006-08-09" v="6239000000"/>
        <price t="2006-08-10" v="6151000000"/>
        <price t="2006-08-11" v="6159000000"/>
        <price t="2006-08-14" v="6190000000"/>
        <price t="2006-08-15" v="6265000000"/>
        <price t="2006-08-16" v="6280000000"/>
        <price t="2006-08-17" v="6339000000"/>
        <price t="2006-08-18" v="6347000000"/>
        <price t="2006-08-21" v="6310000000"/>
        <price t="2006-08-22" v="6313000000"/>
        <price t="2006-08-23" v="6269000000"/>
        <price t="2006-08-24" v="6334000000"/>
        <price t="2006-08-25" v="6367000000"/>
        <price t="2006-08-28" v="6412000000"/>
        <price t="2006-08-29" v="6394000000"/>
        <price t="2006-08-30" v="6478000000"/>
        <price t="2006-08-31" v="6433000000"/>
        <price t="2006-09-01" v="6465000000"/>
        <price t="2006-09-04" v="6493000000"/>
        <price t="2006-09-05" v="6464000000"/>
        <price t="2006-09-06" v="6341000000"/>
        <price t="2006-09-07" v="6288000000"/>
        <price t="2006-09-08" v="6334000000"/>
        <price t="2006-09-11" v="6308000000"/>
        <price t="2006-09-12" v="6330000000"/>
        <price t="2006-09-13" v="6329000000"/>
        <price t="2006-09-14" v="6243000000"/>
        <price t="2006-09-15" v="6247000000"/>
        <price t="2006-09-18" v="6210000000"/>
        <price t="2006-09-19" v="6136000000"/>
        <price t="2006-09-20" v="6222000000"/>
        <price t="2006-09-21" v="6304000000"/>
        <price t="2006-09-22" v="6234000000"/>
        <price t="2006-09-25" v="6236000000"/>
        <price t="2006-09-26" v="6309000000"/>
        <price t="2006-09-27" v="6334000000"/>
        <price t="2006-09-28" v="6291000000"/>
        <price t="2006-09-29" v="6315000000"/>
        <price t="2006-10-02" v="6374000000"/>
        <price t="2006-10-03" v="6362000000"/>
        <price t="2006-10-04" v="6441000000"/>
        <price t="2006-10-05" v="6476000000"/>
        <price t="2006-10-06" v="6468000000"/>
        <price t="2006-10-09" v="6514000000"/>
        <price t="2006-10-10" v="6513000000"/>
        <price t="2006-10-11" v="6533000000"/>
        <price t="2006-10-12" v="6577000000"/>
        <price t="2006-10-13" v="6568000000"/>
        <price t="2006-10-16" v="6582000000"/>
        <price t="2006-10-17" v="6512000000"/>
        <price t="2006-10-18" v="6621000000"/>
        <price t="2006-10-19" v="6636000000"/>
        <price t="2006-10-20" v="6685000000"/>
        <price t="2006-10-23" v="6744000000"/>
        <price t="2006-10-24" v="6742000000"/>
        <price t="2006-10-25" v="6753000000"/>
        <price t="2006-10-26" v="6851000000"/>
        <price t="2006-10-27" v="6892000000"/>
        <price t="2006-10-30" v="6895000000"/>
        <price t="2006-10-31" v="6906000000"/>
        <price t="2006-11-01" v="6857000000"/>
        <price t="2006-11-02" v="6785000000"/>
        <price t="2006-11-03" v="6730000000"/>
        <price t="2006-11-06" v="6798000000"/>
        <price t="2006-11-07" v="6826000000"/>
        <price t="2006-11-08" v="6871000000"/>
        <price t="2006-11-09" v="6868000000"/>
        <price t="2006-11-10" v="7000000000"/>
        <price t="2006-11-13" v="6995000000"/>
        <price t="2006-11-14" v="7048000000"/>
        <price t="2006-11-15" v="7068000000"/>
        <price t="2006-11-16" v="7039000000"/>
        <price t="2006-11-17" v="7048000000"/>
        <price t="2006-11-20" v="7000000000"/>
        <price t="2006-11-21" v="7031000000"/>
        <price t="2006-11-22" v="7020000000"/>
        <price t="2006-11-23" v="7160000000"/>
        <price t="2006-11-24" v="7071000000"/>
        <price t="2006-11-27" v="6929000000"/>
        <price t="2006-11-28" v="6965000000"/>
        <price t="2006-11-29" v="7025000000"/>
        <price t="2006-11-30" v="6955000000"/>
        <price t="2006-12-01" v="6900000000"/>
        <price t="2006-12-04" v="6950000000"/>
        <price t="2006-12-05" v="7035000000"/>
        <price t="2006-12-06" v="7047000000"/>
        <price t="2006-12-07" v="7074000000"/>
        <price t="2006-12-08" v="7101000000"/>
        <price t="2006-12-11" v="7101000000"/>
        <price t="2006-12-12" v="7132000000"/>
        <price t="2006-12-13" v="7163000000"/>
        <price t="2006-12-14" v="7163000000"/>
        <price t="2006-12-15" v="7257000000"/>
        <price t="2006-12-18" v="7256000000"/>
        <price t="2006-12-19" v="7206000000"/>
        <price t="2006-12-20" v="7346000000"/>
        <price t="2006-12-21" v="7353000000"/>
        <price t="2006-12-22" v="7294000000"/>
        <price t="2006-12-27" v="7418000000"/>
        <price t="2006-12-28" v="7424000000"/>
        <price t="2006-12-29" v="7385000000"/>
        <price t="2007-01-02" v="7482000000"/>
        <price t="2007-01-03" v="7447000000"/>
        <price t="2007-01-04" v="7366000000"/>
        <price t="2007-01-05" v="7315000000"/>
        <price t="2007-01-08" v="7295000000"/>
        <price t="2007-01-09" v="7342000000"/>
        <price t="2007-01-10" v="7201000000"/>
        <price t="2007-01-11" v="7278000000"/>
        <price t="2007-01-12" v="7356000000"/>
        <price t="2007-01-15" v="7389000000"/>
        <price t="2007-01-16" v="7390000000"/>
        <price t="2007-01-17" v="7393000000"/>
        <price t="2007-01-18" v="7318000000"/>
        <price t="2007-01-19" v="7346000000"/>
        <price t="2007-01-22" v="7265000000"/>
        <price t="2007-01-23" v="7222000000"/>
        <price t="2007-01-24" v="7282000000"/>
        <price t="2007-01-25" v="7196000000"/>
        <price t="2007-01-26" v="7195000000"/>
        <price t="2007-01-29" v="7278000000"/>
        <price t="2007-01-30" v="7304000000"/>
        <price t="2007-01-31" v="7393000000"/>
        <price t="2007-02-01" v="7568000000"/>
        <price t="2007-02-02" v="7564000000"/>
        <price t="2007-02-05" v="7550000000"/>
        <price t="2007-02-06" v="7680000000"/>
        <price t="2007-02-07" v="7674000000"/>
        <price t="2007-02-08" v="7626000000"/>
        <price t="2007-02-09" v="7700000000"/>
        <price t="2007-02-12" v="7650000000"/>
        <price t="2007-02-13" v="7681000000"/>
        <price t="2007-02-14" v="7700000000"/>
        <price t="2007-02-15" v="7671000000"/>
        <price t="2007-02-16" v="7622000000"/>
        <price t="2007-02-19" v="7599000000"/>
        <price t="2007-02-20" v="7611000000"/>
        <price t="2007-02-21" v="7585000000"/>
        <price t="2007-02-22" v="7994000000"/>
        <price t="2007-02-23" v="7917000000"/>
        <price t="2007-02-26" v="8014000000"/>
        <price t="2007-02-27" v="7787000000"/>
        <price t="2007-02-28" v="7685000000"/>
        <price t="2007-03-01" v="7666000000"/>
        <price t="2007-03-02" v="7682000000"/>
        <price t="2007-03-05" v="7607000000"/>
        <price t="2007-03-06" v="7705000000"/>
        <price t="2007-03-07" v="7800000000"/>
        <price t="2007-03-08" v="7846000000"/>
        <price t="2007-03-09" v="7871000000"/>
        <price t="2007-03-12" v="7894000000"/>
        <price t="2007-03-13" v="7754000000"/>
        <price t="2007-03-14" v="7542000000"/>
        <price t="2007-03-15" v="7704000000"/>
        <price t="2007-03-16" v="7632000000"/>
        <price t="2007-03-19" v="7736000000"/>
        <price t="2007-03-20" v="7796000000"/>
        <price t="2007-03-21" v="7803000000"/>
        <price t="2007-03-22" v="7937000000"/>
        <price t="2007-03-23" v="7900000000"/>
        <price t="2007-03-26" v="7975000000"/>
        <price t="2007-03-27" v="8147000000"/>
        <price t="2007-03-28" v="8247000000"/>
        <price t="2007-03-29" v="8375000000"/>
        <price t="2007-03-30" v="8428000000"/>
        <price t="2007-04-02" v="8417000000"/>
        <price t="2007-04-03" v="8499000000"/>
        <price t="2007-04-04" v="8584000000"/>
        <price t="2007-04-05" v="8677000000"/>
        <price t="2007-04-10" v="8777000000"/>
        <price t="2007-04-11" v="8690000000"/>
        <price t="2007-04-12" v="8644000000"/>
        <price t="2007-04-13" v="8922000000"/>
        <price t="2007-04-16" v="9090000000"/>
        <price t="2007-04-17" v="9015000000"/>
        <price t="2007-04-18" v="8932000000"/>
        <price t="2007-04-19" v="8890000000"/>
        <price t="2007-04-20" v="8961000000"/>
        <price t="2007-04-23" v="8915000000"/>
        <price t="2007-04-24" v="8877000000"/>
        <price t="2007-04-25" v="9021000000"/>
        <price t="2007-04-26" v="8847000000"/>
        <price t="2007-04-27" v="8774000000"/>
        <price t="2007-04-30" v="8743000000"/>
        <price t="2007-05-02" v="8715000000"/>
        <price t="2007-05-03" v="8767000000"/>
        <price t="2007-05-04" v="8822000000"/>
        <price t="2007-05-07" v="8846000000"/>
        <price t="2007-05-08" v="8772000000"/>
        <price t="2007-05-09" v="8793000000"/>
        <price t="2007-05-10" v="8746000000"/>
        <price t="2007-05-11" v="8768000000"/>
        <price t="2007-05-14" v="8777000000"/>
        <price t="2007-05-15" v="8835000000"/>
        <price t="2007-05-16" v="8844000000"/>
        <price t="2007-05-17" v="8841000000"/>
        <price t="2007-05-18" v="9008000000"/>
        <price t="2007-05-21" v="9132000000"/>
        <price t="2007-05-22" v="9136000000"/>
        <price t="2007-05-23" v="9065000000"/>
        <price t="2007-05-24" v="9057000000"/>
        <price t="2007-05-25" v="9089000000"/>
        <price t="2007-05-29" v="9050000000"/>
        <price t="2007-05-30" v="8999000000"/>
        <price t="2007-05-31" v="9204000000"/>
        <price t="2007-06-01" v="9245000000"/>
        <price t="2007-06-04" v="9223000000"/>
        <price t="2007-06-05" v="9226000000"/>
        <price t="2007-06-06" v="8844000000"/>
        <price t="2007-06-07" v="8685000000"/>
        <price t="2007-06-08" v="8662000000"/>
        <price t="2007-06-11" v="8812000000"/>
        <price t="2007-06-12" v="8823000000"/>
        <price t="2007-06-13" v="8772000000"/>
        <price t="2007-06-14" v="8927000000"/>
        <price t="2007-06-15" v="9204000000"/>
        <price t="2007-06-18" v="9403000000"/>
        <price t="2007-06-19" v="9478000000"/>
        <price t="2007-06-20" v="9677000000"/>
        <price t="2007-06-21" v="9461000000"/>
        <price t="2007-06-22" v="9466000000"/>
        <price t="2007-06-25" v="9373000000"/>
        <price t="2007-06-26" v="9282000000"/>
        <price t="2007-06-27" v="9267000000"/>
        <price t="2007-06-28" v="9480000000"/>
        <price t="2007-06-29" v="9724000000"/>
        <price t="2007-07-02" v="9609000000"/>
        <price t="2007-07-03" v="9752000000"/>
        <price t="2007-07-04" v="9734000000"/>
        <price t="2007-07-05" v="9660000000"/>
        <price t="2007-07-06" v="9864000000"/>
        <price t="2007-07-09" v="9916000000"/>
        <price t="2007-07-10" v="9690000000"/>
        <price t="2007-07-11" v="9584000000"/>
        <price t="2007-07-12" v="9711000000"/>
        <price t="2007-07-13" v="9893000000"/>
        <price t="2007-07-16" v="9922000000"/>
        <price t="2007-07-17" v="9945000000"/>
        <price t="2007-07-18" v="9772000000"/>
        <price t="2007-07-19" v="9860000000"/>
        <price t="2007-07-20" v="9753000000"/>
        <price t="2007-07-23" v="9788000000"/>
        <price t="2007-07-24" v="9610000000"/>
        <price t="2007-07-25" v="9502000000"/>
        <price t="2007-07-26" v="9400000000"/>
        <price t="2007-07-27" v="9173000000"/>
        <price t="2007-07-30" v="9382000000"/>
        <price t="2007-07-31" v="9530000000"/>
        <price t="2007-08-01" v="9315000000"/>
        <price t="2007-08-02" v="9390000000"/>
        <price t="2007-08-03" v="9185000000"/>
        <price t="2007-08-06" v="9367000000"/>
        <price t="2007-08-07" v="9416000000"/>
        <price t="2007-08-08" v="9443000000"/>
        <price t="2007-08-09" v="9163000000"/>
        <price t="2007-08-10" v="9150000000"/>
        <price t="2007-08-13" v="9350000000"/>
        <price t="2007-08-14" v="9187000000"/>
        <price t="2007-08-15" v="9206000000"/>
        <price t="2007-08-16" v="9008000000"/>
        <price t="2007-08-17" v="9008000000"/>
        <price t="2007-08-20" v="9063000000"/>
        <price t="2007-08-21" v="9217000000"/>
        <price t="2007-08-22" v="9234000000"/>
        <price t="2007-08-23" v="9302000000"/>
        <price t="2007-08-24" v="9270000000"/>
        <price t="2007-08-27" v="9314000000"/>
        <price t="2007-08-28" v="9285000000"/>
        <price t="2007-08-29" v="9408000000"/>
        <price t="2007-08-30" v="9551000000"/>
        <price t="2007-08-31" v="9713000000"/>
        <price t="2007-09-03" v="9659000000"/>
        <price t="2007-09-04" v="9761000000"/>
        <price t="2007-09-05" v="9530000000"/>
        <price t="2007-09-06" v="9525000000"/>
        <price t="2007-09-07" v="9350000000"/>
        <price t="2007-09-10" v="9201000000"/>
        <price t="2007-09-11" v="9275000000"/>
        <price t="2007-09-12" v="9235000000"/>
        <price t="2007-09-13" v="9334000000"/>
        <price t="2007-09-14" v="9301000000"/>
        <price t="2007-09-17" v="9349000000"/>
        <price t="2007-09-18" v="9484000000"/>
        <price t="2007-09-19" v="9639000000"/>
        <price t="2007-09-20" v="9619000000"/>
        <price t="2007-09-21" v="9604000000"/>
        <price t="2007-09-24" v="9722000000"/>
        <price t="2007-09-25" v="9768000000"/>
        <price t="2007-09-26" v="9665000000"/>
        <price t="2007-09-27" v="9712000000"/>
        <price t="2007-09-28" v="9700000000"/>
        <price t="2007-10-01" v="9715000000"/>
        <price t="2007-10-02" v="9563000000"/>
        <price t="2007-10-03" v="9550000000"/>
        <price t="2007-10-04" v="9512000000"/>
        <price t="2007-10-05" v="9597000000"/>
        <price t="2007-10-08" v="9708000000"/>
        <price t="2007-10-09" v="9608000000"/>
        <price t="2007-10-10" v="9526000000"/>
        <price t="2007-10-11" v="9516000000"/>
        <price t="2007-10-12" v="9561000000"/>
        <price t="2007-10-15" v="9501000000"/>
        <price t="2007-10-16" v="9510000000"/>
        <price t="2007-10-17" v="9598000000"/>
        <price t="2007-10-18" v="9563000000"/>
        <price t="2007-10-19" v="9657000000"/>
        <price t="2007-10-22" v="9543000000"/>
        <price t="2007-10-23" v="9664000000"/>
        <price t="2007-10-24" v="9580000000"/>
        <price t="2007-10-25" v="9755000000"/>
        <price t="2007-10-26" v="9785000000"/>
        <price t="2007-10-29" v="9834000000"/>
        <price t="2007-10-30" v="9591000000"/>
        <price t="2007-10-31" v="9550000000"/>
        <price t="2007-11-01" v="9310000000"/>
        <price t="2007-11-02" v="9289000000"/>
        <price t="2007-11-05" v="9285000000"/>
        <price t="2007-11-06" v="9370000000"/>
        <price t="2007-11-07" v="9409000000"/>
        <price t="2007-11-08" v="9322000000"/>
        <price t="2007-11-09" v="9280000000"/>
        <price t="2007-11-12" v="9147000000"/>
        <price t="2007-11-13" v="9228000000"/>
        <price t="2007-11-14" v="9297000000"/>
        <price t="2007-11-15" v="9106000000"/>
        <price t="2007-11-16" v="9016000000"/>
        <price t="2007-11-19" v="8744000000"/>
        <price t="2007-11-20" v="9071000000"/>
        <price t="2007-11-21" v="9141000000"/>
        <price t="2007-11-22" v="9262000000"/>
        <price t="2007-11-23" v="9261000000"/>
        <price t="2007-11-26" v="9185000000"/>
        <price t="2007-11-27" v="9060000000"/>
        <price t="2007-11-28" v="9341000000"/>
        <price t="2007-11-29" v="9416000000"/>
        <price t="2007-11-30" v="9476000000"/>
        <price t="2007-12-03" v="9456000000"/>
        <price t="2007-12-04" v="9440000000"/>
        <price t="2007-12-05" v="9635000000"/>
        <price t="2007-12-06" v="9688000000"/>
        <price t="2007-12-07" v="9720000000"/>
        <price t="2007-12-10" v="9649000000"/>
        <price t="2007-12-11" v="9674000000"/>
        <price t="2007-12-12" v="9812000000"/>
        <price t="2007-12-13" v="9850000000"/>
        <price t="2007-12-14" v="9823000000"/>
        <price t="2007-12-17" v="9717000000"/>
        <price t="2007-12-18" v="9738000000"/>
        <price t="2007-12-19" v="9786000000"/>
        <price t="2007-12-20" v="9867000000"/>
        <price t="2007-12-21" v="10108000000"/>
        <price t="2007-12-27" v="10161000000"/>
        <price t="2007-12-28" v="10141000000"/>
        <price t="2008-01-02" v="10094000000"/>
        <price t="2008-01-03" v="10160000000"/>
        <price t="2008-01-04" v="10217000000"/>
        <price t="2008-01-07" v="10420000000"/>
        <price t="2008-01-08" v="10397000000"/>
        <price t="2008-01-09" v="10482000000"/>
        <price t="2008-01-10" v="9978000000"/>
        <price t="2008-01-11" v="9984000000"/>
        <price t="2008-01-14" v="9947000000"/>
        <price t="2008-01-15" v="9884000000"/>
        <price t="2008-01-16" v="9555000000"/>
        <price t="2008-01-17" v="9487000000"/>
        <price t="2008-01-18" v="9191000000"/>
        <price t="2008-01-21" v="8500000000"/>
        <price t="2008-01-22" v="8550000000"/>
        <price t="2008-01-23" v="8077000000"/>
        <price t="2008-01-24" v="8446000000"/>
        <price t="2008-01-25" v="8406000000"/>
        <price t="2008-01-28" v="8316000000"/>
        <price t="2008-01-29" v="8599000000"/>
        <price t="2008-01-30" v="8556000000"/>
        <price t="2008-01-31" v="8721000000"/>
        <price t="2008-02-01" v="8793000000"/>
        <price t="2008-02-04" v="8755000000"/>
        <price t="2008-02-05" v="8506000000"/>
        <price t="2008-02-06" v="8582000000"/>
        <price t="2008-02-07" v="8415000000"/>
        <price t="2008-02-08" v="8395000000"/>
        <price t="2008-02-11" v="8405000000"/>
        <price t="2008-02-12" v="8647000000"/>
        <price t="2008-02-13" v="8674000000"/>
        <price t="2008-02-14" v="8723000000"/>
        <price t="2008-02-15" v="8554000000"/>
        <price t="2008-02-18" v="8700000000"/>
        <price t="2008-02-19" v="8826000000"/>
        <price t="2008-02-20" v="8687000000"/>
        <price t="2008-02-21" v="8533000000"/>
        <price t="2008-02-22" v="8430000000"/>
        <price t="2008-02-25" v="8502000000"/>
        <price t="2008-02-26" v="8655000000"/>
        <price t="2008-02-27" v="8650000000"/>
        <price t="2008-02-28" v="8520000000"/>
        <price t="2008-02-29" v="8398000000"/>
        <price t="2008-03-03" v="8363000000"/>
        <price t="2008-03-04" v="8207000000"/>
        <price t="2008-03-05" v="8456000000"/>
        <price t="2008-03-06" v="8435000000"/>
        <price t="2008-03-07" v="8328000000"/>
        <price t="2008-03-10" v="8258000000"/>
        <price t="2008-03-11" v="8438000000"/>
        <price t="2008-03-12" v="8448000000"/>
        <price t="2008-03-13" v="8401000000"/>
        <price t="2008-03-14" v="8362000000"/>
        <price t="2008-03-17" v="8314000000"/>
        <price t="2008-03-18" v="8568000000"/>
        <price t="2008-03-19" v="8516000000"/>
        <price t="2008-03-20" v="8373000000"/>
        <price t="2008-03-25" v="8557000000"/>
        <price t="2008-03-26" v="8403000000"/>
        <price t="2008-03-27" v="8593000000"/>
        <price t="2008-03-28" v="8489000000"/>
        <price t="2008-03-31" v="8531000000"/>
        <price t="2008-04-01" v="8715000000"/>
        <price t="2008-04-02" v="8858000000"/>
        <price t="2008-04-03" v="8915000000"/>
        <price t="2008-04-04" v="8886000000"/>
        <price t="2008-04-07" v="8924000000"/>
        <price t="2008-04-08" v="8931000000"/>
        <price t="2008-04-09" v="8903000000"/>
        <price t="2008-04-10" v="8975000000"/>
        <price t="2008-04-11" v="8903000000"/>
        <price t="2008-04-14" v="8842000000"/>
        <price t="2008-04-15" v="8999000000"/>
        <price t="2008-04-16" v="9150000000"/>
        <price t="2008-04-17" v="9165000000"/>
        <price t="2008-04-18" v="9345000000"/>
        <price t="2008-04-21" v="9302000000"/>
        <price t="2008-04-22" v="9149000000"/>
        <price t="2008-04-23" v="9290000000"/>
        <price t="2008-04-24" v="9383000000"/>
        <price t="2008-04-25" v="9005000000"/>
        <price t="2008-04-28" v="9041000000"/>
        <price t="2008-04-29" v="9073000000"/>
        <price t="2008-04-30" v="9165000000"/>
        <price t="2008-05-02" v="9086000000"/>
        <price t="2008-05-05" v="9160000000"/>
        <price t="2008-05-06" v="9117000000"/>
        <price t="2008-05-07" v="9078000000"/>
        <price t="2008-05-08" v="9045000000"/>
        <price t="2008-05-09" v="8909000000"/>
        <price t="2008-05-12" v="8978000000"/>
        <price t="2008-05-13" v="9129000000"/>
        <price t="2008-05-14" v="9124000000"/>
        <price t="2008-05-15" v="9164000000"/>
        <price t="2008-05-16" v="9283000000"/>
        <price t="2008-05-19" v="9336000000"/>
        <price t="2008-05-20" v="9307000000"/>
        <price t="2008-05-21" v="9416000000"/>
        <price t="2008-05-22" v="9437000000"/>
        <price t="2008-05-23" v="9335000000"/>
        <price t="2008-05-26" v="9407000000"/>
        <price t="2008-05-27" v="9380000000"/>
        <price t="2008-05-28" v="9518000000"/>
        <price t="2008-05-29" v="9537000000"/>
        <price t="2008-05-30" v="9637000000"/>
        <price t="2008-06-02" v="9521000000"/>
        <price t="2008-06-03" v="9670000000"/>
        <price t="2008-06-04" v="9669000000"/>
        <price t="2008-06-05" v="9625000000"/>
        <price t="2008-06-06" v="9445000000"/>
        <price t="2008-06-09" v="9612000000"/>
        <price t="2008-06-10" v="9399000000"/>
        <price t="2008-06-11" v="9295000000"/>
        <price t="2008-06-12" v="9421000000"/>
        <price t="2008-06-13" v="9486000000"/>
        <price t="2008-06-16" v="9347000000"/>
        <price t="2008-06-17" v="9439000000"/>
        <price t="2008-06-18" v="9265000000"/>
        <price t="2008-06-19" v="9238000000"/>
        <price t="2008-06-20" v="8981000000"/>
        <price t="2008-06-23" v="9060000000"/>
        <price t="2008-06-24" v="9007000000"/>
        <price t="2008-06-25" v="8968000000"/>
        <price t="2008-06-26" v="8858000000"/>
        <price t="2008-06-27" v="4412000000"/>
        <price t="2008-06-30" v="4382000000"/>
        <price t="2008-07-01" v="4332000000"/>
        <price t="2008-07-02" v="4277000000"/>
        <price t="2008-07-03" v="4261000000"/>
        <price t="2008-07-04" v="4220000000"/>
        <price t="2008-07-07" v="4273000000"/>
        <price t="2008-07-08" v="4191000000"/>
        <price t="2008-07-09" v="4149000000"/>
        <price t="2008-07-10" v="4123000000"/>
        <price t="2008-07-11" v="4056000000"/>
        <price t="2008-07-14" v="4069000000"/>
        <price t="2008-07-15" v="4043000000"/>
        <price t="2008-07-16" v="4050000000"/>
        <price t="2008-07-17" v="4093000000"/>
        <price t="2008-07-18" v="4125000000"/>
        <price t="2008-07-21" v="4144000000"/>
        <price t="2008-07-22" v="4217000000"/>
        <price t="2008-07-23" v="4213000000"/>
        <price t="2008-07-24" v="4135000000"/>
        <price t="2008-07-25" v="4196000000"/>
        <price t="2008-07-28" v="4126000000"/>
        <price t="2008-07-29" v="4142000000"/>
        <price t="2008-07-30" v="4115000000"/>
        <price t="2008-07-31" v="4069000000"/>
        <price t="2008-08-01" v="4016000000"/>
        <price t="2008-08-04" v="3969000000"/>
        <price t="2008-08-05" v="3993000000"/>
        <price t="2008-08-06" v="3997000000"/>
        <price t="2008-08-07" v="3991000000"/>
        <price t="2008-08-08" v="3974000000"/>
        <price t="2008-08-11" v="4008000000"/>
        <price t="2008-08-12" v="4034000000"/>
        <price t="2008-08-13" v="3995000000"/>
        <price t="2008-08-14" v="3992000000"/>
        <price t="2008-08-15" v="3988000000"/>
        <price t="2008-08-18" v="3999000000"/>
        <price t="2008-08-19" v="3985000000"/>
        <price t="2008-08-20" v="3972000000"/>
        <price t="2008-08-21" v="3928000000"/>
        <price t="2008-08-22" v="3950000000"/>
        <price t="2008-08-25" v="3927000000"/>
        <price t="2008-08-26" v="3961000000"/>
        <price t="2008-08-27" v="3935000000"/>
        <price t="2008-08-28" v="3925000000"/>
        <price t="2008-08-29" v="3938000000"/>
        <price t="2008-09-01" v="3942000000"/>
        <price t="2008-09-02" v="3990000000"/>
        <price t="2008-09-03" v="3971000000"/>
        <price t="2008-09-04" v="3903000000"/>
        <price t="2008-09-05" v="3817000000"/>
        <price t="2008-09-08" v="3841000000"/>
        <price t="2008-09-09" v="3775000000"/>
        <price t="2008-09-10" v="3744000000"/>
        <price t="2008-09-11" v="3741000000"/>
        <price t="2008-09-12" v="3781000000"/>
        <price t="2008-09-15" v="3610000000"/>
        <price t="2008-09-16" v="3516000000"/>
        <price t="2008-09-17" v="3383000000"/>
        <price t="2008-09-18" v="3281000000"/>
        <price t="2008-09-19" v="3432000000"/>
        <price t="2008-09-22" v="3420000000"/>
        <price t="2008-09-23" v="3440000000"/>
        <price t="2008-09-24" v="3457000000"/>
        <price t="2008-09-25" v="3529000000"/>
        <price t="2008-09-26" v="3497000000"/>
        <price t="2008-09-29" v="3364000000"/>
        <price t="2008-09-30" v="3383000000"/>
        <price t="2008-10-01" v="3369000000"/>
        <price t="2008-10-02" v="3250000000"/>
        <price t="2008-10-03" v="3326000000"/>
        <price t="2008-10-06" v="3170000000"/>
        <price t="2008-10-07" v="3124000000"/>
        <price t="2008-10-08" v="2832000000"/>
        <price t="2008-10-09" v="2825900000"/>
        <price t="2008-10-10" v="2555000000"/>
        <price t="2008-10-13" v="2845000000"/>
        <price t="2008-10-14" v="2910000000"/>
        <price t="2008-10-15" v="2622000000"/>
        <price t="2008-10-16" v="2396000000"/>
        <price t="2008-10-17" v="2444000000"/>
        <price t="2008-10-20" v="2489900000"/>
        <price t="2008-10-21" v="2500000000"/>
        <price t="2008-10-22" v="2366000000"/>
        <price t="2008-10-23" v="2346900000"/>
        <price t="2008-10-24" v="2224000000"/>
        <price t="2008-10-27" v="2018000000"/>
        <price t="2008-10-28" v="2063000000"/>
        <price t="2008-10-29" v="2461000000"/>
        <price t="2008-10-30" v="2380000000"/>
        <price t="2008-10-31" v="2632000000"/>
        <price t="2008-11-03" v="2754000000"/>
        <price t="2008-11-04" v="2931900000"/>
        <price t="2008-11-05" v="2795000000"/>
        <price t="2008-11-06" v="2541000000"/>
        <price t="2008-11-07" v="2608000000"/>
        <price t="2008-11-10" v="2749000000"/>
        <price t="2008-11-11" v="2605000000"/>
        <price t="2008-11-12" v="2540000000"/>
        <price t="2008-11-13" v="2574000000"/>
        <price t="2008-11-14" v="2588000000"/>
        <price t="2008-11-17" v="2555000000"/>
        <price t="2008-11-18" v="2543000000"/>
        <price t="2008-11-19" v="2196000000"/>
        <price t="2008-11-20" v="2240000000"/>
        <price t="2008-11-21" v="2180000000"/>
        <price t="2008-11-24" v="2441000000"/>
        <price t="2008-11-25" v="2490000000"/>
        <price t="2008-11-26" v="2460000000"/>
        <price t="2008-11-27" v="2518000000"/>
        <price t="2008-11-28" v="2510000000"/>
        <price t="2008-12-01" v="2307000000"/>
        <price t="2008-12-02" v="2399000000"/>
        <price t="2008-12-03" v="2322000000"/>
        <price t="2008-12-04" v="2362000000"/>
        <price t="2008-12-05" v="2261000000"/>
        <price t="2008-12-08" v="2487000000"/>
        <price t="2008-12-09" v="2544000000"/>
        <price t="2008-12-10" v="2630000000"/>
        <price t="2008-12-11" v="2566000000"/>
        <price t="2008-12-12" v="2510000000"/>
        <price t="2008-12-15" v="2543000000"/>
        <price t="2008-12-16" v="2630000000"/>
        <price t="2008-12-17" v="2642000000"/>
        <price t="2008-12-18" v="2669000000"/>
        <price t="2008-12-19" v="2643000000"/>
        <price t="2008-12-22" v="2631000000"/>
        <price t="2008-12-23" v="2606000000"/>
        <price t="2008-12-29" v="2672000000"/>
        <price t="2008-12-30" v="2773000000"/>
        <price t="2009-01-02" v="2790000000"/>
        <price t="2009-01-05" v="2759000000"/>
        <price t="2009-01-06" v="2749000000"/>
        <price t="2009-01-07" v="2649000000"/>
        <price t="2009-01-08" v="2665000000"/>
        <price t="2009-01-09" v="2576000000"/>
        <price t="2009-01-12" v="2561000000"/>
        <price t="2009-01-13" v="2539000000"/>
        <price t="2009-01-14" v="2406000000"/>
        <price t="2009-01-15" v="2311000000"/>
        <price t="2009-01-16" v="2376000000"/>
        <price t="2009-01-19" v="2268000000"/>
        <price t="2009-01-20" v="2276000000"/>
        <price t="2009-01-21" v="2301000000"/>
        <price t="2009-01-22" v="2291000000"/>
        <price t="2009-01-23" v="2186000000"/>
        <price t="2009-01-26" v="2233000000"/>
        <price t="2009-01-27" v="2220000000"/>
        <price t="2009-01-28" v="2278000000"/>
        <price t="2009-01-29" v="2363000000"/>
        <price t="2009-01-30" v="2272000000"/>
        <price t="2009-02-02" v="2225000000"/>
        <price t="2009-02-03" v="2253000000"/>
        <price t="2009-02-04" v="2425000000"/>
        <price t="2009-02-05" v="2409000000"/>
        <price t="2009-02-06" v="2610000000"/>
        <price t="2009-02-09" v="2629000000"/>
        <price t="2009-02-10" v="2527000000"/>
        <price t="2009-02-11" v="2496000000"/>
        <price t="2009-02-12" v="2405000000"/>
        <price t="2009-02-13" v="2458000000"/>
        <price t="2009-02-16" v="2447000000"/>
        <price t="2009-02-17" v="2323000000"/>
        <price t="2009-02-18" v="2318000000"/>
        <price t="2009-02-19" v="2293000000"/>
        <price t="2009-02-20" v="2174000000"/>
        <price t="2009-02-23" v="2148000000"/>
        <price t="2009-02-24" v="2177000000"/>
        <price t="2009-02-25" v="2101800000"/>
        <price t="2009-02-26" v="2262000000"/>
        <price t="2009-02-27" v="2190000000"/>
        <price t="2009-03-02" v="2099000000"/>
        <price t="2009-03-03" v="2071000000"/>
        <price t="2009-03-04" v="2234000000"/>
        <price t="2009-03-05" v="2080000000"/>
        <price t="2009-03-06" v="2074000000"/>
        <price t="2009-03-09" v="2082000000"/>
        <price t="2009-03-10" v="2289000000"/>
        <price t="2009-03-11" v="2366000000"/>
        <price t="2009-03-12" v="2428000000"/>
        <price t="2009-03-13" v="2426000000"/>
        <price t="2009-03-16" v="2431000000"/>
        <price t="2009-03-17" v="2396000000"/>
        <price t="2009-03-18" v="2355000000"/>
        <price t="2009-03-19" v="2365000000"/>
        <price t="2009-03-20" v="2395000000"/>
        <price t="2009-03-23" v="2456000000"/>
        <price t="2009-03-24" v="2479000000"/>
        <price t="2009-03-25" v="2433000000"/>
        <price t="2009-03-26" v="2426000000"/>
        <price t="2009-03-27" v="2379000000"/>
        <price t="2009-03-30" v="2224000000"/>
        <price t="2009-03-31" v="2279000000"/>
        <price t="2009-04-01" v="2308000000"/>
        <price t="2009-04-02" v="2483000000"/>
        <price t="2009-04-03" v="2596000000"/>
        <price t="2009-04-06" v="2569000000"/>
        <price t="2009-04-07" v="2521000000"/>
        <price t="2009-04-08" v="2524000000"/>
        <price t="2009-04-09" v="2689000000"/>
        <price t="2009-04-14" v="2772000000"/>
        <price t="2009-04-15" v="2723000000"/>
        <price t="2009-04-16" v="2707000000"/>
        <price t="2009-04-17" v="2714000000"/>
        <price t="2009-04-20" v="2606000000"/>
        <price t="2009-04-21" v="2586000000"/>
        <price t="2009-04-22" v="2650000000"/>
        <price t="2009-04-23" v="2579000000"/>
        <price t="2009-04-24" v="2713000000"/>
        <price t="2009-04-27" v="2731000000"/>
        <price t="2009-04-28" v="2682000000"/>
        <price t="2009-04-29" v="2661000000"/>
        <price t="2009-04-30" v="2857000000"/>
        <price t="2009-05-04" v="2905000000"/>
        <price t="2009-05-05" v="2900000000"/>
        <price t="2009-05-06" v="2922000000"/>
        <price t="2009-05-07" v="2883000000"/>
        <price t="2009-05-08" v="2952000000"/>
        <price t="2009-05-11" v="2920000000"/>
        <price t="2009-05-12" v="2941000000"/>
        <price t="2009-05-13" v="2813000000"/>
        <price t="2009-05-14" v="2740000000"/>
        <price t="2009-05-15" v="2790000000"/>
        <price t="2009-05-18" v="2873000000"/>
        <price t="2009-05-19" v="2910000000"/>
        <price t="2009-05-20" v="3069000000"/>
        <price t="2009-05-21" v="2969000000"/>
        <price t="2009-05-22" v="2993000000"/>
        <price t="2009-05-25" v="2997000000"/>
        <price t="2009-05-26" v="3048000000"/>
        <price t="2009-05-27" v="3043000000"/>
        <price t="2009-05-28" v="2994000000"/>
        <price t="2009-05-29" v="2975000000"/>
        <price t="2009-06-01" v="3189000000"/>
        <price t="2009-06-02" v="3190000000"/>
        <price t="2009-06-03" v="3178000000"/>
        <price t="2009-06-04" v="3130000000"/>
        <price t="2009-06-05" v="3134000000"/>
        <price t="2009-06-08" v="3090000000"/>
        <price t="2009-06-09" v="3079000000"/>
        <price t="2009-06-10" v="3104000000"/>
        <price t="2009-06-11" v="3145000000"/>
        <price t="2009-06-12" v="3159000000"/>
        <price t="2009-06-15" v="3082000000"/>
        <price t="2009-06-16" v="3044000000"/>
        <price t="2009-06-17" v="2928000000"/>
        <price t="2009-06-18" v="2898000000"/>
        <price t="2009-06-19" v="2903000000"/>
        <price t="2009-06-22" v="2808000000"/>
        <price t="2009-06-23" v="2800000000"/>
        <price t="2009-06-24" v="2888000000"/>
        <price t="2009-06-25" v="2817000000"/>
        <price t="2009-06-26" v="2802000000"/>
        <price t="2009-06-29" v="2912000000"/>
        <price t="2009-06-30" v="2833000000"/>
        <price t="2009-07-01" v="2911000000"/>
        <price t="2009-07-02" v="2761000000"/>
        <price t="2009-07-03" v="2766000000"/>
        <price t="2009-07-06" v="2760000000"/>
        <price t="2009-07-07" v="2755000000"/>
        <price t="2009-07-08" v="2750000000"/>
        <price t="2009-07-09" v="2775000000"/>
        <price t="2009-07-10" v="2766000000"/>
        <price t="2009-07-13" v="2904000000"/>
        <price t="2009-07-14" v="2969000000"/>
        <price t="2009-07-15" v="3106000000"/>
        <price t="2009-07-16" v="3150000000"/>
        <price t="2009-07-17" v="3171000000"/>
        <price t="2009-07-20" v="3199000000"/>
        <price t="2009-07-21" v="3273000000"/>
        <price t="2009-07-22" v="3325000000"/>
        <price t="2009-07-23" v="3440000000"/>
        <price t="2009-07-24" v="3429000000"/>
        <price t="2009-07-27" v="3396000000"/>
        <price t="2009-07-28" v="3383000000"/>
        <price t="2009-07-29" v="3481000000"/>
        <price t="2009-07-30" v="3420000000"/>
        <price t="2009-07-31" v="3516000000"/>
        <price t="2009-08-03" v="3615000000"/>
        <price t="2009-08-04" v="3568000000"/>
        <price t="2009-08-05" v="3563000000"/>
        <price t="2009-08-06" v="3509000000"/>
        <price t="2009-08-07" v="3525000000"/>
        <price t="2009-08-10" v="3527000000"/>
        <price t="2009-08-11" v="3457000000"/>
        <price t="2009-08-12" v="3457000000"/>
        <price t="2009-08-13" v="3601000000"/>
        <price t="2009-08-14" v="3477000000"/>
        <price t="2009-08-17" v="3396000000"/>
        <price t="2009-08-18" v="3446000000"/>
        <price t="2009-08-19" v="3449000000"/>
        <price t="2009-08-20" v="3541000000"/>
        <price t="2009-08-21" v="3620000000"/>
        <price t="2009-08-24" v="3678000000"/>
        <price t="2009-08-25" v="3813000000"/>
        <price t="2009-08-26" v="3686000000"/>
        <price t="2009-08-27" v="3631000000"/>
        <price t="2009-08-28" v="3696000000"/>
        <price t="2009-08-31" v="3639000000"/>
        <price t="2009-09-01" v="3613000000"/>
        <price t="2009-09-02" v="3590000000"/>
        <price t="2009-09-03" v="3458000000"/>
        <price t="2009-09-04" v="3496000000"/>
        <price t="2009-09-07" v="3597000000"/>
        <price t="2009-09-08" v="3647000000"/>
        <price t="2009-09-09" v="3649000000"/>
        <price t="2009-09-10" v="3591000000"/>
        <price t="2009-09-11" v="3618000000"/>
        <price t="2009-09-14" v="3581000000"/>
        <price t="2009-09-15" v="3594000000"/>
        <price t="2009-09-16" v="3657000000"/>
        <price t="2009-09-17" v="3655000000"/>
        <price t="2009-09-18" v="3698000000"/>
        <price t="2009-09-21" v="3641000000"/>
        <price t="2009-09-22" v="3680000000"/>
        <price t="2009-09-23" v="3645000000"/>
        <price t="2009-09-24" v="3575000000"/>
        <price t="2009-09-25" v="3526000000"/>
        <price t="2009-09-28" v="3635000000"/>
        <price t="2009-09-29" v="3607000000"/>
        <price t="2009-09-30" v="3621000000"/>
        <price t="2009-10-01" v="3473000000"/>
        <price t="2009-10-02" v="3415000000"/>
        <price t="2009-10-05" v="3469000000"/>
        <price t="2009-10-06" v="3612000000"/>
        <price t="2009-10-07" v="3624000000"/>
        <price t="2009-10-08" v="3747000000"/>
        <price t="2009-10-09" v="3749000000"/>
        <price t="2009-10-12" v="3835000000"/>
        <price t="2009-10-13" v="3782000000"/>
        <price t="2009-10-14" v="4061000000"/>
        <price t="2009-10-15" v="4011000000"/>
        <price t="2009-10-16" v="3940000000"/>
        <price t="2009-10-19" v="4082000000"/>
        <price t="2009-10-20" v="4002000000"/>
        <price t="2009-10-21" v="4040000000"/>
        <price t="2009-10-22" v="3950000000"/>
        <price t="2009-10-23" v="3916000000"/>
        <price t="2009-10-26" v="3829000000"/>
        <price t="2009-10-27" v="3824000000"/>
        <price t="2009-10-28" v="3700000000"/>
        <price t="2009-10-29" v="3742000000"/>
        <price t="2009-10-30" v="3650000000"/>
        <price t="2009-11-02" v="3644000000"/>
        <price t="2009-11-03" v="3624000000"/>
        <price t="2009-11-04" v="3696000000"/>
        <price t="2009-11-05" v="3787000000"/>
        <price t="2009-11-06" v="3755000000"/>
        <price t="2009-11-09" v="3850000000"/>
        <price t="2009-11-10" v="3872000000"/>
        <price t="2009-11-11" v="3936000000"/>
        <price t="2009-11-12" v="3947000000"/>
        <price t="2009-11-13" v="3976000000"/>
        <price t="2009-11-16" v="4102000000"/>
        <price t="2009-11-17" v="4055000000"/>
        <price t="2009-11-18" v="4029000000"/>
        <price t="2009-11-19" v="3989000000"/>
        <price t="2009-11-20" v="3987000000"/>
        <price t="2009-11-23" v="4148000000"/>
        <price t="2009-11-24" v="4126000000"/>
        <price t="2009-11-25" v="4190000000"/>
        <price t="2009-11-26" v="4025000000"/>
        <price t="2009-11-27" v="4059000000"/>
        <price t="2009-11-30" v="4016000000"/>
        <price t="2009-12-01" v="4097000000"/>
        <price t="2009-12-02" v="4160000000"/>
        <price t="2009-12-03" v="4140000000"/>
        <price t="2009-12-04" v="4189000000"/>
        <price t="2009-12-07" v="4253000000"/>
        <price t="2009-12-08" v="4122000000"/>
        <price t="2009-12-09" v="4173000000"/>
        <price t="2009-12-10" v="4225000000"/>
        <price t="2009-12-11" v="4304000000"/>
        <price t="2009-12-14" v="4297000000"/>
        <price t="2009-12-15" v="4307000000"/>
        <price t="2009-12-16" v="4375000000"/>
        <price t="2009-12-17" v="4318000000"/>
        <price t="2009-12-18" v="4299000000"/>
        <price t="2009-12-21" v="4350000000"/>
        <price t="2009-12-22" v="4350000000"/>
        <price t="2009-12-23" v="4387000000"/>
        <price t="2009-12-28" v="4395000000"/>
        <price t="2009-12-29" v="4382000000"/>
        <price t="2009-12-30" v="4346000000"/>
        <price t="2010-01-04" v="4485000000"/>
        <price t="2010-01-05" v="4417000000"/>
        <price t="2010-01-06" v="4445000000"/>
        <price t="2010-01-07" v="4415500000"/>
        <price t="2010-01-08" v="4402000000"/>
        <price t="2010-01-11" v="4353000000"/>
        <price t="2010-01-12" v="4198000000"/>
        <price t="2010-01-13" v="4237500000"/>
        <price t="2010-01-14" v="4246000000"/>
        <price t="2010-01-15" v="4156500000"/>
        <price t="2010-01-18" v="4232000000"/>
        <price t="2010-01-19" v="4286000000"/>
        <price t="2010-01-20" v="4145500000"/>
        <price t="2010-01-21" v="4090500000"/>
        <price t="2010-01-22" v="4046500000"/>
        <price t="2010-01-25" v="4002000000"/>
        <price t="2010-01-26" v="3991500000"/>
        <price t="2010-01-27" v="4034500000"/>
        <price t="2010-01-28" v="4002500000"/>
        <price t="2010-01-29" v="4122500000"/>
        <price t="2010-02-01" v="4173000000"/>
        <price t="2010-02-02" v="4200000000"/>
        <price t="2010-02-03" v="4213000000"/>
        <price t="2010-02-04" v="4025500000"/>
        <price t="2010-02-05" v="3943000000"/>
        <price t="2010-02-08" v="4002000000"/>
        <price t="2010-02-09" v="4001500000"/>
        <price t="2010-02-10" v="4043000000"/>
        <price t="2010-02-11" v="4026500000"/>
        <price t="2010-02-12" v="4020000000"/>
        <price t="2010-02-15" v="4020500000"/>
        <price t="2010-02-16" v="4084000000"/>
        <price t="2010-02-17" v="4155000000"/>
        <price t="2010-02-18" v="4200500000"/>
        <price t="2010-02-19" v="4206000000"/>
        <price t="2010-02-22" v="4180000000"/>
        <price t="2010-02-23" v="4126500000"/>
        <price t="2010-02-24" v="4065500000"/>
        <price t="2010-02-25" v="4111500000"/>
        <price t="2010-02-26" v="4124000000"/>
        <price t="2010-03-01" v="4210500000"/>
        <price t="2010-03-02" v="4214000000"/>
        <price t="2010-03-03" v="4227500000"/>
        <price t="2010-03-04" v="4175000000"/>
        <price t="2010-03-05" v="4310000000"/>
        <price t="2010-03-08" v="4323000000"/>
        <price t="2010-03-09" v="4328000000"/>
        <price t="2010-03-10" v="4403500000"/>
        <price t="2010-03-11" v="4424000000"/>
        <price t="2010-03-12" v="4425500000"/>
        <price t="2010-03-15" v="4372000000"/>
        <price t="2010-03-16" v="4415000000"/>
        <price t="2010-03-17" v="4455000000"/>
        <price t="2010-03-18" v="4475500000"/>
        <price t="2010-03-19" v="4430000000"/>
        <price t="2010-03-22" v="4471000000"/>
        <price t="2010-03-23" v="4493500000"/>
        <price t="2010-03-24" v="4486500000"/>
        <price t="2010-03-25" v="4534000000"/>
        <price t="2010-03-26" v="4525000000"/>
        <price t="2010-03-29" v="4552000000"/>
        <price t="2010-03-30" v="4572500000"/>
        <price t="2010-03-31" v="4592000000"/>
        <price t="2010-04-01" v="4700000000"/>
        <price t="2010-04-06" v="4705500000"/>
        <price t="2010-04-07" v="4662500000"/>
        <price t="2010-04-08" v="4625000000"/>
        <price t="2010-04-09" v="4697000000"/>
        <price t="2010-04-12" v="4692000000"/>
        <price t="2010-04-13" v="4664000000"/>
        <price t="2010-04-14" v="4668500000"/>
        <price t="2010-04-15" v="4653000000"/>
        <price t="2010-04-16" v="4595000000"/>
        <price t="2010-04-19" v="4565000000"/>
        <price t="2010-04-20" v="4610000000"/>
        <price t="2010-04-21" v="4641500000"/>
        <price t="2010-04-22" v="4616500000"/>
        <price t="2010-04-23" v="4775000000"/>
        <price t="2010-04-26" v="4854500000"/>
        <price t="2010-04-27" v="4710500000"/>
        <price t="2010-04-28" v="4640000000"/>
        <price t="2010-04-29" v="4592500000"/>
        <price t="2010-04-30" v="4398000000"/>
        <price t="2010-05-03" v="4459500000"/>
        <price t="2010-05-04" v="4306500000"/>
        <price t="2010-05-05" v="4249500000"/>
        <price t="2010-05-06" v="4272000000"/>
        <price t="2010-05-07" v="4100000000"/>
        <price t="2010-05-10" v="4374000000"/>
        <price t="2010-05-11" v="4351000000"/>
        <price t="2010-05-12" v="4492000000"/>
        <price t="2010-05-13" v="4567500000"/>
        <price t="2010-05-14" v="4418000000"/>
        <price t="2010-05-17" v="4468000000"/>
        <price t="2010-05-18" v="4550000000"/>
        <price t="2010-05-19" v="4372500000"/>
        <price t="2010-05-20" v="4222000000"/>
        <price t="2010-05-21" v="4209500000"/>
        <price t="2010-05-24" v="4187500000"/>
        <price t="2010-05-25" v="4084500000"/>
        <price t="2010-05-26" v="4163500000"/>
        <price t="2010-05-27" v="4330500000"/>
        <price t="2010-05-28" v="4285000000"/>
        <price t="2010-05-31" v="4306000000"/>
        <price t="2010-06-01" v="4303500000"/>
        <price t="2010-06-02" v="4281000000"/>
        <price t="2010-06-03" v="4354000000"/>
        <price t="2010-06-04" v="4274500000"/>
        <price t="2010-06-07" v="4280500000"/>
        <price t="2010-06-08" v="4310000000"/>
        <price t="2010-06-09" v="4420000000"/>
        <price t="2010-06-10" v="4478000000"/>
        <price t="2010-06-11" v="4489000000"/>
        <price t="2010-06-14" v="4575000000"/>
        <price t="2010-06-15" v="4590000000"/>
        <price t="2010-06-16" v="4641000000"/>
        <price t="2010-06-17" v="4661000000"/>
        <price t="2010-06-18" v="4621500000"/>
        <price t="2010-06-21" v="4689500000"/>
        <price t="2010-06-22" v="4674000000"/>
        <price t="2010-06-23" v="4683000000"/>
        <price t="2010-06-24" v="4626000000"/>
        <price t="2010-06-25" v="4616000000"/>
        <price t="2010-06-28" v="4750500000"/>
        <price t="2010-06-29" v="4540000000"/>
        <price t="2010-06-30" v="4511000000"/>
        <price t="2010-07-01" v="4392500000"/>
        <price t="2010-07-02" v="4384000000"/>
        <price t="2010-07-05" v="4334500000"/>
        <price t="2010-07-06" v="4458000000"/>
        <price t="2010-07-07" v="4443500000"/>
        <price t="2010-07-08" v="4501000000"/>
        <price t="2010-07-09" v="4574500000"/>
        <price t="2010-07-12" v="4603000000"/>
        <price t="2010-07-13" v="4650000000"/>
        <price t="2010-07-14" v="4636000000"/>
        <price t="2010-07-15" v="4587000000"/>
        <price t="2010-07-16" v="4496000000"/>
        <price t="2010-07-19" v="4449500000"/>
        <price t="2010-07-20" v="4410000000"/>
        <price t="2010-07-21" v="4444000000"/>
        <price t="2010-07-22" v="4590000000"/>
        <price t="2010-07-23" v="4671000000"/>
        <price t="2010-07-26" v="4674000000"/>
        <price t="2010-07-27" v="4611000000"/>
        <price t="2010-07-28" v="4533000000"/>
        <price t="2010-07-29" v="4431000000"/>
        <price t="2010-07-30" v="4481000000"/>
        <price t="2010-08-02" v="4631500000"/>
        <price t="2010-08-03" v="4590000000"/>
        <price t="2010-08-04" v="4645000000"/>
        <price t="2010-08-05" v="4556500000"/>
        <price t="2010-08-06" v="4474500000"/>
        <price t="2010-08-09" v="4575500000"/>
        <price t="2010-08-10" v="4534500000"/>
        <price t="2010-08-11" v="4431000000"/>
        <price t="2010-08-12" v="4456500000"/>
        <price t="2010-08-13" v="4378000000"/>
        <price t="2010-08-16" v="4366000000"/>
        <price t="2010-08-17" v="4470000000"/>
        <price t="2010-08-18" v="4447500000"/>
        <price t="2010-08-19" v="4347000000"/>
        <price t="2010-08-20" v="4255000000"/>
        <price t="2010-08-23" v="4273500000"/>
        <price t="2010-08-24" v="4190000000"/>
        <price t="2010-08-25" v="4142000000"/>
        <price t="2010-08-26" v="4193000000"/>
        <price t="2010-08-27" v="4202500000"/>
        <price t="2010-08-30" v="4162500000"/>
        <price t="2010-08-31" v="4163500000"/>
        <price t="2010-09-01" v="4297500000"/>
        <price t="2010-09-02" v="4302500000"/>
        <price t="2010-09-03" v="4334000000"/>
        <price t="2010-09-06" v="4338500000"/>
        <price t="2010-09-07" v="4300000000"/>
        <price t="2010-09-08" v="4309000000"/>
        <price t="2010-09-09" v="4350500000"/>
        <price t="2010-09-10" v="4377000000"/>
        <price t="2010-09-13" v="4469000000"/>
        <price t="2010-09-14" v="4522500000"/>
        <price t="2010-09-15" v="4509000000"/>
        <price t="2010-09-16" v="4520000000"/>
        <price t="2010-09-17" v="4477000000"/>
        <price t="2010-09-20" v="4545500000"/>
        <price t="2010-09-21" v="4527500000"/>
        <price t="2010-09-22" v="4557500000"/>
        <price t="2010-09-23" v="4562500000"/>
        <price t="2010-09-24" v="4691500000"/>
        <price t="2010-09-27" v="4659500000"/>
        <price t="2010-09-28" v="4687000000"/>
        <price t="2010-09-29" v="4646000000"/>
        <price t="2010-09-30" v="4625500000"/>
        <price t="2010-10-01" v="4687000000"/>
        <price t="2010-10-04" v="4646000000"/>
        <price t="2010-10-05" v="4724500000"/>
        <price t="2010-10-06" v="4850500000"/>
        <price t="2010-10-07" v="4775000000"/>
        <price t="2010-10-08" v="4873000000"/>
        <price t="2010-10-11" v="4860000000"/>
        <price t="2010-10-12" v="4848000000"/>
        <price t="2010-10-13" v="4970500000"/>
        <price t="2010-10-14" v="5020000000"/>
        <price t="2010-10-15" v="5097000000"/>
        <price t="2010-10-18" v="5103000000"/>
        <price t="2010-10-19" v="5064000000"/>
        <price t="2010-10-20" v="5193000000"/>
        <price t="2010-10-21" v="5280000000"/>
        <price t="2010-10-22" v="5277000000"/>
        <price t="2010-10-25" v="5311000000"/>
        <price t="2010-10-26" v="5269000000"/>
        <price t="2010-10-27" v="5222000000"/>
        <price t="2010-10-28" v="5237000000"/>
        <price t="2010-10-29" v="5228000000"/>
        <price t="2010-11-01" v="5257000000"/>
        <price t="2010-11-02" v="5423000000"/>
        <price t="2010-11-03" v="5406000000"/>
        <price t="2010-11-04" v="5615000000"/>
        <price t="2010-11-05" v="5715000000"/>
        <price t="2010-11-08" v="5675000000"/>
        <price t="2010-11-09" v="5741000000"/>
        <price t="2010-11-10" v="5609000000"/>
        <price t="2010-11-11" v="5663000000"/>
        <price t="2010-11-12" v="5612000000"/>
        <price t="2010-11-15" v="5708000000"/>
        <price t="2010-11-16" v="5498000000"/>
        <price t="2010-11-17" v="5549000000"/>
        <price t="2010-11-18" v="5710000000"/>
        <price t="2010-11-19" v="5740000000"/>
        <price t="2010-11-22" v="5782000000"/>
        <price t="2010-11-23" v="5668000000"/>
        <price t="2010-11-24" v="5867000000"/>
        <price t="2010-11-25" v="5918000000"/>
        <price t="2010-11-26" v="5847000000"/>
        <price t="2010-11-29" v="5629000000"/>
        <price t="2010-11-30" v="5750000000"/>
        <price t="2010-12-01" v="5926000000"/>
        <price t="2010-12-02" v="5995000000"/>
        <price t="2010-12-03" v="5919000000"/>
        <price t="2010-12-06" v="6002000000"/>
        <price t="2010-12-07" v="6115000000"/>
        <price t="2010-12-08" v="6098000000"/>
        <price t="2010-12-09" v="6039000000"/>
        <price t="2010-12-10" v="6050000000"/>
        <price t="2010-12-13" v="6069000000"/>
        <price t="2010-12-14" v="6095000000"/>
        <price t="2010-12-15" v="6151000000"/>
        <price t="2010-12-16" v="6173000000"/>
        <price t="2010-12-17" v="6083000000"/>
        <price t="2010-12-20" v="6105000000"/>
        <price t="2010-12-21" v="6171000000"/>
        <price t="2010-12-22" v="6161000000"/>
        <price t="2010-12-23" v="6142000000"/>
        <price t="2010-12-27" v="6066000000"/>
        <price t="2010-12-28" v="6060000000"/>
        <price t="2010-12-29" v="6135000000"/>
        <price t="2010-12-30" v="5970000000"/>
        <price t="2011-01-03" v="6042000000"/>
        <price t="2011-01-04" v="5880000000"/>
        <price t="2011-01-05" v="5789000000"/>
        <price t="2011-01-06" v="5794000000"/>
        <price t="2011-01-07" v="5710000000"/>
        <price t="2011-01-10" v="5678000000"/>
        <price t="2011-01-11" v="5707000000"/>
        <price t="2011-01-12" v="5857000000"/>
        <price t="2011-01-13" v="5842000000"/>
        <price t="2011-01-14" v="5757000000"/>
        <price t="2011-01-17" v="5715000000"/>
        <price t="2011-01-18" v="5741000000"/>
        <price t="2011-01-19" v="5595000000"/>
        <price t="2011-01-20" v="5565000000"/>
        <price t="2011-01-21" v="5664000000"/>
        <price t="2011-01-24" v="5593000000"/>
        <price t="2011-01-25" v="5612000000"/>
        <price t="2011-01-26" v="5722000000"/>
        <price t="2011-01-27" v="5741000000"/>
        <price t="2011-01-28" v="5629000000"/>
        <price t="2011-01-31" v="5618000000"/>
        <price t="2011-02-01" v="5800000000"/>
        <price t="2011-02-02" v="5804000000"/>
        <price t="2011-02-03" v="5777000000"/>
        <price t="2011-02-04" v="5735000000"/>
        <price t="2011-02-07" v="5845000000"/>
        <price t="2011-02-08" v="5769000000"/>
        <price t="2011-02-09" v="5782000000"/>
        <price t="2011-02-10" v="5853000000"/>
        <price t="2011-02-11" v="5804000000"/>
        <price t="2011-02-14" v="5949000000"/>
        <price t="2011-02-15" v="6056000000"/>
        <price t="2011-02-16" v="6030000000"/>
        <price t="2011-02-17" v="6097000000"/>
        <price t="2011-02-18" v="6154000000"/>
        <price t="2011-02-21" v="5990000000"/>
        <price t="2011-02-22" v="5949000000"/>
        <price t="2011-02-23" v="5875000000"/>
        <price t="2011-02-24" v="5900000000"/>
        <price t="2011-02-25" v="5918000000"/>
        <price t="2011-02-28" v="6026000000"/>
        <price t="2011-03-01" v="5982000000"/>
        <price t="2011-03-02" v="6033000000"/>
        <price t="2011-03-03" v="6096000000"/>
        <price t="2011-03-04" v="6060000000"/>
        <price t="2011-03-07" v="6117000000"/>
        <price t="2011-03-08" v="5996000000"/>
        <price t="2011-03-09" v="5939000000"/>
        <price t="2011-03-10" v="5873000000"/>
        <price t="2011-03-11" v="5839000000"/>
        <price t="2011-03-14" v="5778000000"/>
        <price t="2011-03-15" v="5546000000"/>
        <price t="2011-03-16" v="5396000000"/>
        <price t="2011-03-17" v="5531000000"/>
        <price t="2011-03-18" v="5625000000"/>
        <price t="2011-03-21" v="5693000000"/>
        <price t="2011-03-22" v="5646000000"/>
        <price t="2011-03-23" v="5647000000"/>
        <price t="2011-03-24" v="5837000000"/>
        <price t="2011-03-25" v="5903000000"/>
        <price t="2011-03-28" v="5909000000"/>
        <price t="2011-03-29" v="5927000000"/>
        <price t="2011-03-30" v="6046000000"/>
        <price t="2011-03-31" v="6103000000"/>
        <price t="2011-04-01" v="6189000000"/>
        <price t="2011-04-04" v="6195000000"/>
        <price t="2011-04-05" v="6228000000"/>
        <price t="2011-04-06" v="6343000000"/>
        <price t="2011-04-07" v="6311000000"/>
        <price t="2011-04-08" v="6383000000"/>
        <price t="2011-04-11" v="6441000000"/>
        <price t="2011-04-12" v="6259000000"/>
        <price t="2011-04-13" v="6305000000"/>
        <price t="2011-04-14" v="6297000000"/>
        <price t="2011-04-15" v="6405000000"/>
        <price t="2011-04-18" v="6226000000"/>
        <price t="2011-04-19" v="6233000000"/>
        <price t="2011-04-20" v="6530000000"/>
        <price t="2011-04-21" v="6586000000"/>
        <price t="2011-04-26" v="6660000000"/>
        <price t="2011-04-27" v="6783000000"/>
        <price t="2011-04-28" v="6856000000"/>
        <price t="2011-04-29" v="6940000000"/>
        <price t="2011-05-02" v="6862000000"/>
        <price t="2011-05-03" v="6862000000"/>
        <price t="2011-05-04" v="6659000000"/>
        <price t="2011-05-05" v="6600000000"/>
        <price t="2011-05-06" v="6841000000"/>
        <price t="2011-05-09" v="6564000000"/>
        <price t="2011-05-10" v="6630000000"/>
        <price t="2011-05-11" v="6487000000"/>
        <price t="2011-05-12" v="6414000000"/>
        <price t="2011-05-13" v="6406000000"/>
        <price t="2011-05-16" v="6439000000"/>
        <price t="2011-05-17" v="6240000000"/>
        <price t="2011-05-18" v="6308000000"/>
        <price t="2011-05-19" v="6358000000"/>
        <price t="2011-05-20" v="6266000000"/>
        <price t="2011-05-23" v="6123000000"/>
        <price t="2011-05-24" v="6169000000"/>
        <price t="2011-05-25" v="6117000000"/>
        <price t="2011-05-26" v="6083000000"/>
        <price t="2011-05-27" v="6130000000"/>
        <price t="2011-05-30" v="6192000000"/>
        <price t="2011-05-31" v="6426000000"/>
        <price t="2011-06-01" v="6341000000"/>
        <price t="2011-06-02" v="6146000000"/>
        <price t="2011-06-03" v="6242000000"/>
        <price t="2011-06-06" v="6286000000"/>
        <price t="2011-06-07" v="6260000000"/>
        <price t="2011-06-08" v="6224000000"/>
        <price t="2011-06-09" v="6400000000"/>
        <price t="2011-06-10" v="6315000000"/>
        <price t="2011-06-13" v="6319000000"/>
        <price t="2011-06-14" v="6453000000"/>
        <price t="2011-06-15" v="6310000000"/>
        <price t="2011-06-16" v="6285000000"/>
        <price t="2011-06-17" v="6329000000"/>
        <price t="2011-06-20" v="6280000000"/>
        <price t="2011-06-21" v="6520000000"/>
        <price t="2011-06-22" v="6527000000"/>
        <price t="2011-06-23" v="6444000000"/>
        <price t="2011-06-24" v="6429000000"/>
        <price t="2011-06-27" v="6368000000"/>
        <price t="2011-06-28" v="6472000000"/>
        <price t="2011-06-29" v="6631000000"/>
        <price t="2011-06-30" v="6757000000"/>
        <price t="2011-07-01" v="6784000000"/>
        <price t="2011-07-04" v="6770000000"/>
        <price t="2011-07-05" v="6780000000"/>
        <price t="2011-07-06" v="6845000000"/>
        <price t="2011-07-07" v="6875000000"/>
        <price t="2011-07-08" v="6837000000"/>
        <price t="2011-07-11" v="6695000000"/>
        <price t="2011-07-12" v="6700000000"/>
        <price t="2011-07-13" v="6823000000"/>
        <price t="2011-07-14" v="6850000000"/>
        <price t="2011-07-15" v="6791000000"/>
        <price t="2011-07-18" v="6743000000"/>
        <price t="2011-07-19" v="6700000000"/>
        <price t="2011-07-20" v="6620000000"/>
        <price t="2011-07-21" v="6676000000"/>
        <price t="2011-07-22" v="6657000000"/>
        <price t="2011-07-25" v="6734000000"/>
        <price t="2011-07-26" v="6675000000"/>
        <price t="2011-07-27" v="6586000000"/>
        <price t="2011-07-28" v="6309000000"/>
        <price t="2011-07-29" v="6322000000"/>
        <price t="2011-08-01" v="6121000000"/>
        <price t="2011-08-02" v="6015000000"/>
        <price t="2011-08-03" v="5851000000"/>
        <price t="2011-08-04" v="5663000000"/>
        <price t="2011-08-05" v="5399000000"/>
        <price t="2011-08-08" v="5099000000"/>
        <price t="2011-08-09" v="5211000000"/>
        <price t="2011-08-10" v="4953000000"/>
        <price t="2011-08-11" v="5223000000"/>
        <price t="2011-08-12" v="5415000000"/>
        <price t="2011-08-15" v="5432000000"/>
        <price t="2011-08-16" v="5398000000"/>
        <price t="2011-08-17" v="5350000000"/>
        <price t="2011-08-18" v="5052000000"/>
        <price t="2011-08-19" v="4866000000"/>
        <price t="2011-08-22" v="4784000000"/>
        <price t="2011-08-23" v="4828000000"/>
        <price t="2011-08-24" v="4989500000"/>
        <price t="2011-08-25" v="4825000000"/>
        <price t="2011-08-26" v="4762500000"/>
        <price t="2011-08-29" v="4836000000"/>
        <price t="2011-08-30" v="4802500000"/>
        <price t="2011-08-31" v="4967000000"/>
        <price t="2011-09-01" v="4882500000"/>
        <price t="2011-09-02" v="4706500000"/>
        <price t="2011-09-05" v="4445500000"/>
        <price t="2011-09-06" v="4440000000"/>
        <price t="2011-09-07" v="4625000000"/>
        <price t="2011-09-08" v="4661500000"/>
        <price t="2011-09-09" v="4420000000"/>
        <price t="2011-09-12" v="4366000000"/>
        <price t="2011-09-13" v="4467500000"/>
        <price t="2011-09-14" v="4638000000"/>
        <price t="2011-09-15" v="4781000000"/>
        <price t="2011-09-16" v="4743000000"/>
        <price t="2011-09-19" v="4647500000"/>
        <price t="2011-09-20" v="4783000000"/>
        <price t="2011-09-21" v="4642000000"/>
        <price t="2011-09-22" v="4435000000"/>
        <price t="2011-09-23" v="4427000000"/>
        <price t="2011-09-26" v="4540000000"/>
        <price t="2011-09-27" v="4701000000"/>
        <price t="2011-09-28" v="4651500000"/>
        <price t="2011-09-29" v="4724000000"/>
        <price t="2011-09-30" v="4608500000"/>
        <price t="2011-10-03" v="4505000000"/>
        <price t="2011-10-04" v="4400000000"/>
        <price t="2011-10-05" v="4681500000"/>
        <price t="2011-10-06" v="4900500000"/>
        <price t="2011-10-07" v="4949000000"/>
        <price t="2011-10-10" v="5106000000"/>
        <price t="2011-10-11" v="5030000000"/>
        <price t="2011-10-12" v="5104000000"/>
        <price t="2011-10-13" v="5055000000"/>
        <price t="2011-10-14" v="5133000000"/>
        <price t="2011-10-17" v="5050000000"/>
        <price t="2011-10-18" v="5087000000"/>
        <price t="2011-10-19" v="5010000000"/>
        <price t="2011-10-20" v="4910500000"/>
        <price t="2011-10-21" v="5079000000"/>
        <price t="2011-10-24" v="5163000000"/>
        <price t="2011-10-25" v="5185000000"/>
        <price t="2011-10-26" v="5060000000"/>
        <price t="2011-10-27" v="5437000000"/>
        <price t="2011-10-28" v="5499000000"/>
        <price t="2011-10-31" v="5319000000"/>
        <price t="2011-11-01" v="5085000000"/>
        <price t="2011-11-02" v="5150000000"/>
        <price t="2011-11-03" v="5333000000"/>
        <price t="2011-11-04" v="5132000000"/>
        <price t="2011-11-07" v="5041000000"/>
        <price t="2011-11-08" v="5079000000"/>
        <price t="2011-11-09" v="4997000000"/>
        <price t="2011-11-10" v="5020000000"/>
        <price t="2011-11-11" v="5160000000"/>
        <price t="2011-11-14" v="5119000000"/>
        <price t="2011-11-15" v="5089000000"/>
        <price t="2011-11-16" v="5058000000"/>
        <price t="2011-11-17" v="5026000000"/>
        <price t="2011-11-18" v="4972500000"/>
        <price t="2011-11-21" v="4814500000"/>
        <price t="2011-11-22" v="4736500000"/>
        <price t="2011-11-23" v="4708000000"/>
        <price t="2011-11-24" v="4644000000"/>
        <price t="2011-11-25" v="4724000000"/>
        <price t="2011-11-28" v="4953000000"/>
        <price t="2011-11-29" v="5056000000"/>
        <price t="2011-11-30" v="5404000000"/>
        <price t="2011-12-01" v="5306000000"/>
        <price t="2011-12-02" v="5398000000"/>
        <price t="2011-12-05" v="5456000000"/>
        <price t="2011-12-06" v="5411000000"/>
        <price t="2011-12-07" v="5388000000"/>
        <price t="2011-12-08" v="5314000000"/>
        <price t="2011-12-09" v="5390000000"/>
        <price t="2011-12-12" v="5161000000"/>
        <price t="2011-12-13" v="5110000000"/>
        <price t="2011-12-14" v="5058000000"/>
        <price t="2011-12-15" v="5113000000"/>
        <price t="2011-12-16" v="5171000000"/>
        <price t="2011-12-19" v="5115000000"/>
        <price t="2011-12-20" v="5290000000"/>
        <price t="2011-12-21" v="5240000000"/>
        <price t="2011-12-22" v="5263000000"/>
        <price t="2011-12-23" v="5283000000"/>
        <price t="2011-12-27" v="5317000000"/>
        <price t="2011-12-28" v="5239000000"/>
        <price t="2011-12-29" v="5317000000"/>
        <price t="2011-12-30" v="5389000000"/>
        <price t="2012-01-02" v="5514000000"/>
        <price t="2012-01-03" v="5635000000"/>
        <price t="2012-01-04" v="5616000000"/>
        <price t="2012-01-05" v="5675000000"/>
        <price t="2012-01-06" v="5592000000"/>
        <price t="2012-01-09" v="5567000000"/>
        <price t="2012-01-10" v="5749000000"/>
        <price t="2012-01-11" v="5750000000"/>
        <price t="2012-01-12" v="5820000000"/>
        <price t="2012-01-13" v="5762000000"/>
        <price t="2012-01-16" v="5792000000"/>
        <price t="2012-01-17" v="5879000000"/>
        <price t="2012-01-18" v="5903000000"/>
        <price t="2012-01-19" v="5901000000"/>
        <price t="2012-01-20" v="5839000000"/>
        <price t="2012-01-23" v="5895000000"/>
        <price t="2012-01-24" v="5872000000"/>
        <price t="2012-01-25" v="5925000000"/>
        <price t="2012-01-26" v="6000000000"/>
        <price t="2012-01-27" v="6048000000"/>
        <price t="2012-01-30" v="5981000000"/>
        <price t="2012-01-31" v="5878000000"/>
        <price t="2012-02-01" v="5989000000"/>
        <price t="2012-02-02" v="6048000000"/>
        <price t="2012-02-03" v="6132000000"/>
        <price t="2012-02-06" v="6135000000"/>
        <price t="2012-02-07" v="6087000000"/>
        <price t="2012-02-08" v="6056000000"/>
        <price t="2012-02-09" v="6142000000"/>
        <price t="2012-02-10" v="6038000000"/>
        <price t="2012-02-13" v="6073000000"/>
        <price t="2012-02-14" v="6123000000"/>
        <price t="2012-02-15" v="6198000000"/>
        <price t="2012-02-16" v="6200000000"/>
        <price t="2012-02-17" v="6298000000"/>
        <price t="2012-02-20" v="6466000000"/>
        <price t="2012-02-21" v="6500000000"/>
        <price t="2012-02-22" v="6415000000"/>
        <price t="2012-02-23" v="6458000000"/>
        <price t="2012-02-24" v="6470000000"/>
        <price t="2012-02-27" v="6581000000"/>
        <price t="2012-02-28" v="6652000000"/>
        <price t="2012-02-29" v="6590000000"/>
        <price t="2012-03-01" v="6724000000"/>
        <price t="2012-03-02" v="6664000000"/>
        <price t="2012-03-05" v="6565000000"/>
        <price t="2012-03-06" v="6242000000"/>
        <price t="2012-03-07" v="6301000000"/>
        <price t="2012-03-08" v="6488000000"/>
        <price t="2012-03-09" v="6522000000"/>
        <price t="2012-03-12" v="6552000000"/>
        <price t="2012-03-13" v="6662000000"/>
        <price t="2012-03-14" v="6669000000"/>
        <price t="2012-03-15" v="6744000000"/>
        <price t="2012-03-16" v="6798000000"/>
        <price t="2012-03-19" v="6742000000"/>
        <price t="2012-03-20" v="6723000000"/>
        <price t="2012-03-21" v="6725000000"/>
        <price t="2012-03-22" v="6592000000"/>
        <price t="2012-03-23" v="6585000000"/>
        <price t="2012-03-26" v="6707000000"/>
        <price t="2012-03-27" v="6720000000"/>
        <price t="2012-03-28" v="6598000000"/>
        <price t="2012-03-29" v="6496000000"/>
        <price t="2012-03-30" v="6559000000"/>
        <price t="2012-04-02" v="6661000000"/>
        <price t="2012-04-03" v="6569000000"/>
        <price t="2012-04-04" v="6355000000"/>
        <price t="2012-04-05" v="6348000000"/>
        <price t="2012-04-10" v="6201000000"/>
        <price t="2012-04-11" v="6269000000"/>
        <price t="2012-04-12" v="6355000000"/>
        <price t="2012-04-13" v="6163000000"/>
        <price t="2012-04-16" v="6286000000"/>
        <price t="2012-04-17" v="6557000000"/>
        <price t="2012-04-18" v="6472000000"/>
        <price t="2012-04-19" v="6501000000"/>
        <price t="2012-04-20" v="6620000000"/>
        <price t="2012-04-23" v="6367000000"/>
        <price t="2012-04-24" v="6393000000"/>
        <price t="2012-04-25" v="6519000000"/>
        <price t="2012-04-26" v="6500000000"/>
        <price t="2012-04-27" v="6525000000"/>
        <price t="2012-04-30" v="6219000000"/>
        <price t="2012-05-02" v="6131000000"/>
        <price t="2012-05-03" v="6092000000"/>
        <price t="2012-05-04" v="5949000000"/>
        <price t="2012-05-07" v="5898000000"/>
        <price t="2012-05-08" v="5746000000"/>
        <price t="2012-05-09" v="5757000000"/>
        <price t="2012-05-10" v="5821000000"/>
        <price t="2012-05-11" v="5876000000"/>
        <price t="2012-05-14" v="5769000000"/>
        <price t="2012-05-15" v="5729000000"/>
        <price t="2012-05-16" v="5734000000"/>
        <price t="2012-05-17" v="5682000000"/>
        <price t="2012-05-18" v="5694000000"/>
        <price t="2012-05-21" v="5747000000"/>
        <price t="2012-05-22" v="5832000000"/>
        <price t="2012-05-23" v="5678000000"/>
        <price t="2012-05-24" v="5708000000"/>
        <price t="2012-05-25" v="5705000000"/>
        <price t="2012-05-28" v="5701000000"/>
        <price t="2012-05-29" v="5795000000"/>
        <price t="2012-05-30" v="5679000000"/>
        <price t="2012-05-31" v="5638000000"/>
        <price t="2012-06-01" v="5406000000"/>
        <price t="2012-06-04" v="5348000000"/>
        <price t="2012-06-05" v="5345000000"/>
        <price t="2012-06-06" v="5466000000"/>
        <price t="2012-06-07" v="5575000000"/>
        <price t="2012-06-08" v="5547000000"/>
        <price t="2012-06-11" v="5583000000"/>
        <price t="2012-06-12" v="5583000000"/>
        <price t="2012-06-13" v="5579000000"/>
        <price t="2012-06-14" v="5510000000"/>
        <price t="2012-06-15" v="5591000000"/>
        <price t="2012-06-18" v="5610000000"/>
        <price t="2012-06-19" v="5719000000"/>
        <price t="2012-06-20" v="5687000000"/>
        <price t="2012-06-21" v="5635000000"/>
        <price t="2012-06-22" v="5409000000"/>
        <price t="2012-06-25" v="5274000000"/>
        <price t="2012-06-26" v="5305000000"/>
        <price t="2012-06-27" v="5309000000"/>
        <price t="2012-06-28" v="5189000000"/>
        <price t="2012-06-29" v="5470000000"/>
        <price t="2012-07-02" v="5525000000"/>
        <price t="2012-07-03" v="5650000000"/>
        <price t="2012-07-04" v="5710000000"/>
        <price t="2012-07-05" v="5689000000"/>
        <price t="2012-07-06" v="5610000000"/>
        <price t="2012-07-09" v="5546000000"/>
        <price t="2012-07-10" v="5538000000"/>
        <price t="2012-07-11" v="5497000000"/>
        <price t="2012-07-12" v="5466000000"/>
        <price t="2012-07-13" v="5596000000"/>
        <price t="2012-07-16" v="5625000000"/>
        <price t="2012-07-17" v="5691000000"/>
        <price t="2012-07-18" v="5746000000"/>
        <price t="2012-07-19" v="5861000000"/>
        <price t="2012-07-20" v="5801000000"/>
        <price t="2012-07-23" v="5624000000"/>
        <price t="2012-07-24" v="5599000000"/>
        <price t="2012-07-25" v="5616000000"/>
        <price t="2012-07-26" v="5776000000"/>
        <price t="2012-07-27" v="5894000000"/>
        <price t="2012-07-30" v="6024000000"/>
        <price t="2012-07-31" v="5948000000"/>
        <price t="2012-08-01" v="5908000000"/>
        <price t="2012-08-02" v="5775000000"/>
        <price t="2012-08-03" v="5971000000"/>
        <price t="2012-08-06" v="6038000000"/>
        <price t="2012-08-07" v="6121000000"/>
        <price t="2012-08-08" v="6094000000"/>
        <price t="2012-08-09" v="6099000000"/>
        <price t="2012-08-10" v="6093000000"/>
        <price t="2012-08-13" v="6051000000"/>
        <price t="2012-08-14" v="6126000000"/>
        <price t="2012-08-15" v="6121000000"/>
        <price t="2012-08-16" v="6152000000"/>
        <price t="2012-08-17" v="6205000000"/>
        <price t="2012-08-20" v="6230000000"/>
        <price t="2012-08-21" v="6304000000"/>
        <price t="2012-08-22" v="6232000000"/>
        <price t="2012-08-23" v="6168000000"/>
        <price t="2012-08-24" v="6213000000"/>
        <price t="2012-08-27" v="6282000000"/>
        <price t="2012-08-28" v="6245000000"/>
        <price t="2012-08-29" v="6252000000"/>
        <price t="2012-08-30" v="6122000000"/>
        <price t="2012-08-31" v="6181000000"/>
        <price t="2012-09-03" v="6244000000"/>
        <price t="2012-09-04" v="6151000000"/>
        <price t="2012-09-05" v="6143000000"/>
        <price t="2012-09-06" v="6377000000"/>
        <price t="2012-09-07" v="6420000000"/>
        <price t="2012-09-10" v="6413000000"/>
        <price t="2012-09-11" v="6572000000"/>
        <price t="2012-09-12" v="6566000000"/>
        <price t="2012-09-13" v="6500000000"/>
        <price t="2012-09-14" v="6663000000"/>
        <price t="2012-09-17" v="6665000000"/>
        <price t="2012-09-18" v="6678000000"/>
        <price t="2012-09-19" v="6695000000"/>
        <price t="2012-09-20" v="6744000000"/>
        <price t="2012-09-21" v="6790000000"/>
        <price t="2012-09-24" v="6748000000"/>
        <price t="2012-09-25" v="6790000000"/>
        <price t="2012-09-26" v="6672000000"/>
        <price t="2012-09-27" v="6655000000"/>
        <price t="2012-09-28" v="6565000000"/>
        <price t="2012-10-01" v="6746000000"/>
        <price t="2012-10-02" v="6661000000"/>
        <price t="2012-10-03" v="6684000000"/>
        <price t="2012-10-04" v="6560000000"/>
        <price t="2012-10-05" v="6674000000"/>
        <price t="2012-10-08" v="6547000000"/>
        <price t="2012-10-09" v="6438000000"/>
        <price t="2012-10-10" v="6408000000"/>
        <price t="2012-10-11" v="6495000000"/>
        <price t="2012-10-12" v="6438000000"/>
        <price t="2012-10-15" v="6490000000"/>
        <price t="2012-10-16" v="6558000000"/>
        <price t="2012-10-17" v="6550000000"/>
        <price t="2012-10-18" v="6617000000"/>
        <price t="2012-10-19" v="6587000000"/>
        <price t="2012-10-22" v="6515000000"/>
        <price t="2012-10-23" v="6250000000"/>
        <price t="2012-10-24" v="6266000000"/>
        <price t="2012-10-25" v="6318000000"/>
        <price t="2012-10-26" v="6368000000"/>
        <price t="2012-10-29" v="6357000000"/>
        <price t="2012-10-30" v="6410000000"/>
        <price t="2012-10-31" v="6393000000"/>
        <price t="2012-11-01" v="6470000000"/>
        <price t="2012-11-02" v="6509000000"/>
        <price t="2012-11-05" v="6436000000"/>
        <price t="2012-11-06" v="6487000000"/>
        <price t="2012-11-07" v="6347000000"/>
        <price t="2012-11-08" v="6342000000"/>
        <price t="2012-11-09" v="6317000000"/>
        <price t="2012-11-12" v="6306000000"/>
        <price t="2012-11-13" v="6409000000"/>
        <price t="2012-11-14" v="6363000000"/>
        <price t="2012-11-15" v="6320000000"/>
        <price t="2012-11-16" v="6250000000"/>
        <price t="2012-11-19" v="6435000000"/>
        <price t="2012-11-20" v="6580000000"/>
        <price t="2012-11-21" v="6578000000"/>
        <price t="2012-11-22" v="6658000000"/>
        <price t="2012-11-23" v="6754000000"/>
        <price t="2012-11-26" v="6739000000"/>
        <price t="2012-11-27" v="6790000000"/>
        <price t="2012-11-28" v="6811000000"/>
        <price t="2012-11-29" v="6876000000"/>
        <price t="2012-11-30" v="6890000000"/>
        <price t="2012-12-03" v="6947000000"/>
        <price t="2012-12-04" v="6895000000"/>
        <price t="2012-12-05" v="6930000000"/>
        <price t="2012-12-06" v="7033000000"/>
        <price t="2012-12-07" v="7001000000"/>
        <price t="2012-12-10" v="7061000000"/>
        <price t="2012-12-11" v="7130000000"/>
        <price t="2012-12-12" v="7155000000"/>
        <price t="2012-12-13" v="7181000000"/>
        <price t="2012-12-14" v="7204000000"/>
        <price t="2012-12-17" v="7214000000"/>
        <price t="2012-12-18" v="7277000000"/>
        <price t="2012-12-19" v="7309000000"/>
        <price t="2012-12-20" v="7230000000"/>
        <price t="2012-12-21" v="7117000000"/>
        <price t="2012-12-27" v="7180000000"/>
        <price t="2012-12-28" v="7115000000"/>
        <price t="2013-01-02" v="7318000000"/>
        <price t="2013-01-03" v="7235000000"/>
        <price t="2013-01-04" v="7247000000"/>
        <price t="2013-01-07" v="7164000000"/>
        <price t="2013-01-08" v="7114000000"/>
        <price t="2013-01-09" v="7141000000"/>
        <price t="2013-01-10" v="7092000000"/>
        <price t="2013-01-11" v="7100000000"/>
        <price t="2013-01-14" v="7176000000"/>
        <price t="2013-01-15" v="7186000000"/>
        <price t="2013-01-16" v="7235000000"/>
        <price t="2013-01-17" v="7320000000"/>
        <price t="2013-01-18" v="7317000000"/>
        <price t="2013-01-21" v="7381000000"/>
        <price t="2013-01-22" v="7311000000"/>
        <price t="2013-01-23" v="7286000000"/>
        <price t="2013-01-24" v="7379000000"/>
        <price t="2013-01-25" v="7560000000"/>
        <price t="2013-01-28" v="7558000000"/>
        <price t="2013-01-29" v="7581000000"/>
        <price t="2013-01-30" v="7510000000"/>
        <price t="2013-01-31" v="7466000000"/>
        <price t="2013-02-01" v="7585000000"/>
        <price t="2013-02-04" v="7314000000"/>
        <price t="2013-02-05" v="7346000000"/>
        <price t="2013-02-06" v="7209000000"/>
        <price t="2013-02-07" v="7194000000"/>
        <price t="2013-02-08" v="7208000000"/>
        <price t="2013-02-11" v="7185000000"/>
        <price t="2013-02-12" v="7151000000"/>
        <price t="2013-02-13" v="7253000000"/>
        <price t="2013-02-14" v="7132000000"/>
        <price t="2013-02-15" v="7075000000"/>
        <price t="2013-02-18" v="7145000000"/>
        <price t="2013-02-19" v="7379000000"/>
        <price t="2013-02-20" v="7412000000"/>
        <price t="2013-02-21" v="7280000000"/>
        <price t="2013-02-22" v="7432000000"/>
        <price t="2013-02-25" v="7501000000"/>
        <price t="2013-02-26" v="7166000000"/>
        <price t="2013-02-27" v="7209000000"/>
        <price t="2013-02-28" v="7218000000"/>
        <price t="2013-03-01" v="7183000000"/>
        <price t="2013-03-04" v="7157000000"/>
        <price t="2013-03-05" v="7305000000"/>
        <price t="2013-03-06" v="7348000000"/>
        <price t="2013-03-07" v="7340000000"/>
        <price t="2013-03-08" v="7328000000"/>
        <price t="2013-03-11" v="7348000000"/>
        <price t="2013-03-12" v="7336000000"/>
        <price t="2013-03-13" v="7402000000"/>
        <price t="2013-03-14" v="7532000000"/>
        <price t="2013-03-15" v="7509000000"/>
        <price t="2013-03-18" v="7432000000"/>
        <price t="2013-03-19" v="7335000000"/>
        <price t="2013-03-20" v="7354000000"/>
        <price t="2013-03-21" v="7130000000"/>
        <price t="2013-03-22" v="7080000000"/>
        <price t="2013-03-25" v="6957000000"/>
        <price t="2013-03-26" v="6962000000"/>
        <price t="2013-03-27" v="6798000000"/>
        <price t="2013-03-28" v="6832000000"/>
        <price t="2013-04-02" v="6952000000"/>
        <price t="2013-04-03" v="6930000000"/>
        <price t="2013-04-04" v="6900000000"/>
        <price t="2013-04-05" v="6687000000"/>
        <price t="2013-04-08" v="6670000000"/>
        <price t="2013-04-09" v="6691000000"/>
        <price t="2013-04-10" v="6850000000"/>
        <price t="2013-04-11" v="6931000000"/>
        <price t="2013-04-12" v="6840000000"/>
        <price t="2013-04-15" v="6863000000"/>
        <price t="2013-04-16" v="6812000000"/>
        <price t="2013-04-17" v="6555000000"/>
        <price t="2013-04-18" v="6563000000"/>
        <price t="2013-04-19" v="6563000000"/>
        <price t="2013-04-22" v="6604000000"/>
        <price t="2013-04-23" v="6766000000"/>
        <price t="2013-04-24" v="6835000000"/>
        <price t="2013-04-25" v="7000000000"/>
        <price t="2013-04-26" v="7259000000"/>
        <price t="2013-04-29" v="7073000000"/>
        <price t="2013-04-30" v="7092000000"/>
        <price t="2013-05-02" v="7180000000"/>
        <price t="2013-05-03" v="7334000000"/>
        <price t="2013-05-06" v="7300000000"/>
        <price t="2013-05-07" v="7376000000"/>
        <price t="2013-05-08" v="7363000000"/>
        <price t="2013-05-09" v="7406000000"/>
        <price t="2013-05-10" v="7381000000"/>
        <price t="2013-05-13" v="7399000000"/>
        <price t="2013-05-14" v="7430000000"/>
        <price t="2013-05-15" v="7358000000"/>
        <price t="2013-05-16" v="7398000000"/>
        <price t="2013-05-17" v="7442000000"/>
        <price t="2013-05-20" v="7394000000"/>
        <price t="2013-05-21" v="7535000000"/>
        <price t="2013-05-22" v="7541000000"/>
        <price t="2013-05-23" v="7426000000"/>
        <price t="2013-05-24" v="7345000000"/>
        <price t="2013-05-27" v="7422000000"/>
        <price t="2013-05-28" v="7530000000"/>
        <price t="2013-05-29" v="7470000000"/>
        <price t="2013-05-30" v="7499000000"/>
        <price t="2013-05-31" v="7523000000"/>
        <price t="2013-06-03" v="7579000000"/>
        <price t="2013-06-04" v="7510000000"/>
        <price t="2013-06-05" v="7312000000"/>
        <price t="2013-06-06" v="7158000000"/>
        <price t="2013-06-07" v="7283000000"/>
        <price t="2013-06-10" v="7390000000"/>
        <price t="2013-06-11" v="7336000000"/>
        <price t="2013-06-12" v="7287000000"/>
        <price t="2013-06-13" v="7234000000"/>
        <price t="2013-06-14" v="7281000000"/>
        <price t="2013-06-17" v="7372000000"/>
        <price t="2013-06-18" v="7436000000"/>
        <price t="2013-06-19" v="7390000000"/>
        <price t="2013-06-20" v="7093000000"/>
        <price t="2013-06-21" v="6950000000"/>
        <price t="2013-06-24" v="6842000000"/>
        <price t="2013-06-25" v="6932000000"/>
        <price t="2013-06-26" v="6972000000"/>
        <price t="2013-06-27" v="6833000000"/>
        <price t="2013-06-28" v="6863000000"/>
        <price t="2013-07-01" v="6859000000"/>
        <price t="2013-07-02" v="6825000000"/>
        <price t="2013-07-03" v="6777000000"/>
        <price t="2013-07-04" v="6904000000"/>
        <price t="2013-07-05" v="6696000000"/>
        <price t="2013-07-08" v="6910000000"/>
        <price t="2013-07-09" v="6972000000"/>
        <price t="2013-07-10" v="6995000000"/>
        <price t="2013-07-11" v="7120000000"/>
        <price t="2013-07-12" v="7046000000"/>
        <price t="2013-07-15" v="7080000000"/>
        <price t="2013-07-16" v="7009000000"/>
        <price t="2013-07-17" v="7083000000"/>
        <price t="2013-07-18" v="7068000000"/>
        <price t="2013-07-19" v="7000000000"/>
        <price t="2013-07-22" v="7017000000"/>
        <price t="2013-07-23" v="6980000000"/>
        <price t="2013-07-24" v="6986000000"/>
        <price t="2013-07-25" v="6674000000"/>
        <price t="2013-07-26" v="6587000000"/>
        <price t="2013-07-29" v="6652000000"/>
        <price t="2013-07-30" v="6744000000"/>
        <price t="2013-07-31" v="6666000000"/>
        <price t="2013-08-01" v="6759000000"/>
        <price t="2013-08-02" v="6788000000"/>
        <price t="2013-08-05" v="6666000000"/>
        <price t="2013-08-06" v="6581000000"/>
        <price t="2013-08-07" v="6502000000"/>
        <price t="2013-08-08" v="6520000000"/>
        <price t="2013-08-09" v="6479000000"/>
        <price t="2013-08-12" v="6611000000"/>
        <price t="2013-08-13" v="6793000000"/>
        <price t="2013-08-14" v="6790000000"/>
        <price t="2013-08-15" v="6779000000"/>
        <price t="2013-08-16" v="6801000000"/>
        <price t="2013-08-19" v="6798000000"/>
        <price t="2013-08-20" v="6762000000"/>
        <price t="2013-08-21" v="6704000000"/>
        <price t="2013-08-22" v="6831000000"/>
        <price t="2013-08-23" v="6903000000"/>
        <price t="2013-08-26" v="6924000000"/>
        <price t="2013-08-27" v="6810000000"/>
        <price t="2013-08-28" v="6684000000"/>
        <price t="2013-08-29" v="6675000000"/>
        <price t="2013-08-30" v="6613000000"/>
        <price t="2013-09-02" v="6760000000"/>
        <price t="2013-09-03" v="6723000000"/>
        <price t="2013-09-04" v="6787000000"/>
        <price t="2013-09-05" v="6711000000"/>
        <price t="2013-09-06" v="6685000000"/>
        <price t="2013-09-09" v="6726000000"/>
        <price t="2013-09-10" v="6939000000"/>
        <price t="2013-09-11" v="6962000000"/>
        <price t="2013-09-12" v="6982000000"/>
        <price t="2013-09-13" v="6979000000"/>
        <price t="2013-09-16" v="7234000000"/>
        <price t="2013-09-17" v="7208000000"/>
        <price t="2013-09-18" v="7216000000"/>
        <price t="2013-09-19" v="7225000000"/>
        <price t="2013-09-20" v="7199000000"/>
        <price t="2013-09-23" v="7230000000"/>
        <price t="2013-09-24" v="7235000000"/>
        <price t="2013-09-25" v="7219000000"/>
        <price t="2013-09-26" v="7209000000"/>
        <price t="2013-09-27" v="7153000000"/>
        <price t="2013-09-30" v="7090000000"/>
        <price t="2013-10-01" v="7163000000"/>
        <price t="2013-10-02" v="7154000000"/>
        <price t="2013-10-03" v="7095000000"/>
        <price t="2013-10-04" v="7076000000"/>
        <price t="2013-10-07" v="7037000000"/>
        <price t="2013-10-08" v="7005000000"/>
        <price t="2013-10-09" v="6990000000"/>
        <price t="2013-10-10" v="7157000000"/>
        <price t="2013-10-11" v="7169000000"/>
        <price t="2013-10-14" v="7145000000"/>
        <price t="2013-10-15" v="7217000000"/>
        <price t="2013-10-16" v="7311000000"/>
        <price t="2013-10-17" v="7295000000"/>
        <price t="2013-10-18" v="7351000000"/>
        <price t="2013-10-21" v="7348000000"/>
        <price t="2013-10-22" v="7397000000"/>
        <price t="2013-10-23" v="7405000000"/>
        <price t="2013-10-24" v="7419000000"/>
        <price t="2013-10-25" v="7517000000"/>
        <price t="2013-10-28" v="7569000000"/>
        <price t="2013-10-29" v="7604000000"/>
        <price t="2013-10-30" v="7583000000"/>
        <price t="2013-10-31" v="7663000000"/>
        <price t="2013-11-01" v="7658000000"/>
        <price t="2013-11-04" v="7610000000"/>
        <price t="2013-11-05" v="7583000000"/>
        <price t="2013-11-06" v="7585000000"/>
        <price t="2013-11-07" v="7617000000"/>
        <price t="2013-11-08" v="7568000000"/>
        <price t="2013-11-11" v="7587000000"/>
        <price t="2013-11-12" v="7609000000"/>
        <price t="2013-11-13" v="7626000000"/>
        <price t="2013-11-14" v="7782000000"/>
        <price t="2013-11-15" v="7800000000"/>
        <price t="2013-11-18" v="7796000000"/>
        <price t="2013-11-19" v="7753000000"/>
        <price t="2013-11-20" v="7720000000"/>
        <price t="2013-11-21" v="7675000000"/>
        <price t="2013-11-22" v="7664000000"/>
        <price t="2013-11-25" v="7769000000"/>
        <price t="2013-11-26" v="7751000000"/>
        <price t="2013-11-27" v="7800000000"/>
        <price t="2013-11-28" v="7818000000"/>
        <price t="2013-11-29" v="7860000000"/>
        <price t="2013-12-02" v="7897000000"/>
        <price t="2013-12-03" v="7726000000"/>
        <price t="2013-12-04" v="7572000000"/>
        <price t="2013-12-05" v="7496000000"/>
        <price t="2013-12-06" v="7564000000"/>
        <price t="2013-12-09" v="7562000000"/>
        <price t="2013-12-10" v="7509000000"/>
        <price t="2013-12-11" v="7436000000"/>
        <price t="2013-12-12" v="7394000000"/>
        <price t="2013-12-13" v="7365000000"/>
        <price t="2013-12-16" v="7517000000"/>
        <price t="2013-12-17" v="7425000000"/>
        <price t="2013-12-18" v="7451000000"/>
        <price t="2013-12-19" v="7525000000"/>
        <price t="2013-12-20" v="7601000000"/>
        <price t="2013-12-23" v="7690000000"/>
        <price t="2013-12-27" v="7795000000"/>
        <price t="2013-12-30" v="7749000000"/>
        <price t="2014-01-02" v="7638000000"/>
        <price t="2014-01-03" v="7657000000"/>
        <price t="2014-01-06" v="7642000000"/>
        <price t="2014-01-07" v="7852000000"/>
        <price t="2014-01-08" v="7800000000"/>
        <price t="2014-01-09" v="7672000000"/>
        <price t="2014-01-10" v="7740000000"/>
        <price t="2014-01-13" v="7749000000"/>
        <price t="2014-01-14" v="7757000000"/>
        <price t="2014-01-15" v="7818000000"/>
        <price t="2014-01-16" v="7899000000"/>
        <price t="2014-01-17" v="7949000000"/>
        <price t="2014-01-20" v="7986000000"/>
        <price t="2014-01-21" v="8061000000"/>
        <price t="2014-01-22" v="8022000000"/>
        <price t="2014-01-23" v="7974000000"/>
        <price t="2014-01-24" v="7781000000"/>
        <price t="2014-01-27" v="7761000000"/>
        <price t="2014-01-28" v="7913000000"/>
        <price t="2014-01-29" v="7900000000"/>
        <price t="2014-01-30" v="7973000000"/>
        <price t="2014-01-31" v="7953000000"/>
        <price t="2014-02-03" v="7799000000"/>
        <price t="2014-02-04" v="7659000000"/>
        <price t="2014-02-05" v="7665000000"/>
        <price t="2014-02-06" v="7817000000"/>
        <price t="2014-02-07" v="7882000000"/>
        <price t="2014-02-10" v="7832000000"/>
        <price t="2014-02-11" v="8004000000"/>
        <price t="2014-02-12" v="8057000000"/>
        <price t="2014-02-13" v="8126000000"/>
        <price t="2014-02-14" v="8251000000"/>
        <price t="2014-02-17" v="8220000000"/>
        <price t="2014-02-18" v="8263000000"/>
        <price t="2014-02-19" v="8275000000"/>
        <price t="2014-02-20" v="8224000000"/>
        <price t="2014-02-21" v="8217000000"/>
        <price t="2014-02-24" v="8326000000"/>
        <price t="2014-02-25" v="8308000000"/>
        <price t="2014-02-26" v="8381000000"/>
        <price t="2014-02-27" v="8200000000"/>
        <price t="2014-02-28" v="8342000000"/>
        <price t="2014-03-03" v="7997000000"/>
        <price t="2014-03-04" v="8219000000"/>
        <price t="2014-03-05" v="8117000000"/>
        <price t="2014-03-06" v="8115000000"/>
        <price t="2014-03-07" v="7969000000"/>
        <price t="2014-03-10" v="7934000000"/>
        <price t="2014-03-11" v="7973000000"/>
        <price t="2014-03-12" v="7820000000"/>
        <price t="2014-03-13" v="7586000000"/>
        <price t="2014-03-14" v="7692000000"/>
        <price t="2014-03-17" v="7782000000"/>
        <price t="2014-03-18" v="7783000000"/>
        <price t="2014-03-19" v="7819000000"/>
        <price t="2014-03-20" v="7749000000"/>
        <price t="2014-03-21" v="7800000000"/>
        <price t="2014-03-24" v="7650000000"/>
        <price t="2014-03-25" v="7785000000"/>
        <price t="2014-03-26" v="7879000000"/>
        <price t="2014-03-27" v="7920000000"/>
        <price t="2014-03-28" v="8041000000"/>
        <price t="2014-03-31" v="8068000000"/>
        <price t="2014-04-01" v="8072000000"/>
        <price t="2014-04-02" v="8037000000"/>
        <price t="2014-04-03" v="8003000000"/>
        <price t="2014-04-04" v="8077000000"/>
        <price t="2014-04-07" v="7889000000"/>
        <price t="2014-04-08" v="7925000000"/>
        <price t="2014-04-09" v="7884000000"/>
        <price t="2014-04-10" v="7931000000"/>
        <price t="2014-04-11" v="7762000000"/>
        <price t="2014-04-14" v="7821000000"/>
        <price t="2014-04-15" v="7698000000"/>
        <price t="2014-04-16" v="7807000000"/>
        <price t="2014-04-17" v="7936000000"/>
        <price t="2014-04-22" v="8161000000"/>
        <price t="2014-04-23" v="8147000000"/>
        <price t="2014-04-24" v="8207000000"/>
        <price t="2014-04-25" v="8120000000"/>
        <price t="2014-04-28" v="8144000000"/>
        <price t="2014-04-29" v="8281000000"/>
        <price t="2014-04-30" v="8343000000"/>
        <price t="2014-05-02" v="8401000000"/>
        <price t="2014-05-05" v="8128000000"/>
        <price t="2014-05-06" v="8021000000"/>
        <price t="2014-05-07" v="8124000000"/>
        <price t="2014-05-08" v="8239000000"/>
        <price t="2014-05-09" v="8243000000"/>
        <price t="2014-05-12" v="8350000000"/>
        <price t="2014-05-13" v="8349000000"/>
        <price t="2014-05-14" v="8369000000"/>
        <price t="2014-05-15" v="8317000000"/>
        <price t="2014-05-16" v="8233000000"/>
        <price t="2014-05-19" v="8278000000"/>
        <price t="2014-05-20" v="8243000000"/>
        <price t="2014-05-21" v="8297000000"/>
        <price t="2014-05-22" v="8300000000"/>
        <price t="2014-05-23" v="8308000000"/>
        <price t="2014-05-26" v="8377000000"/>
        <price t="2014-05-27" v="8444000000"/>
        <price t="2014-05-28" v="8481000000"/>
        <price t="2014-05-29" v="8473000000"/>
        <price t="2014-05-30" v="8447000000"/>
        <price t="2014-06-02" v="8450000000"/>
        <price t="2014-06-03" v="8486000000"/>
        <price t="2014-06-04" v="8509000000"/>
        <price t="2014-06-05" v="8543000000"/>
        <price t="2014-06-06" v="8586000000"/>
        <price t="2014-06-09" v="8610000000"/>
        <price t="2014-06-10" v="8587000000"/>
        <price t="2014-06-11" v="8571000000"/>
        <price t="2014-06-12" v="8620000000"/>
        <price t="2014-06-13" v="8550000000"/>
        <price t="2014-06-16" v="8517000000"/>
        <price t="2014-06-17" v="8611000000"/>
        <price t="2014-06-18" v="8602000000"/>
        <price t="2014-06-19" v="8703000000"/>
        <price t="2014-06-20" v="8736000000"/>
        <price t="2014-06-23" v="8678000000"/>
        <price t="2014-06-24" v="8652000000"/>
        <price t="2014-06-25" v="8602000000"/>
        <price t="2014-06-26" v="8500000000"/>
        <price t="2014-06-27" v="8464000000"/>
        <price t="2014-06-30" v="8503000000"/>
        <price t="2014-07-01" v="8536000000"/>
        <price t="2014-07-02" v="8584000000"/>
        <price t="2014-07-03" v="8714000000"/>
        <price t="2014-07-04" v="8705000000"/>
        <price t="2014-07-07" v="8607000000"/>
        <price t="2014-07-08" v="8469000000"/>
        <price t="2014-07-09" v="8550000000"/>
        <price t="2014-07-10" v="8342000000"/>
        <price t="2014-07-11" v="8335000000"/>
        <price t="2014-07-14" v="8440000000"/>
        <price t="2014-07-15" v="8358000000"/>
        <price t="2014-07-16" v="8491000000"/>
        <price t="2014-07-17" v="8363000000"/>
        <price t="2014-07-18" v="8335000000"/>
        <price t="2014-07-21" v="8193000000"/>
        <price t="2014-07-22" v="8308000000"/>
        <price t="2014-07-23" v="8357000000"/>
        <price t="2014-07-24" v="8235000000"/>
        <price t="2014-07-25" v="8037000000"/>
        <price t="2014-07-28" v="8027000000"/>
        <price t="2014-07-29" v="8106000000"/>
        <price t="2014-07-30" v="7983000000"/>
        <price t="2014-07-31" v="7764000000"/>
        <price t="2014-08-01" v="7604000000"/>
        <price t="2014-08-04" v="7474000000"/>
        <price t="2014-08-05" v="7499000000"/>
        <price t="2014-08-06" v="7496000000"/>
        <price t="2014-08-07" v="7450000000"/>
        <price t="2014-08-08" v="7395000000"/>
        <price t="2014-08-11" v="7571000000"/>
        <price t="2014-08-12" v="7434000000"/>
        <price t="2014-08-13" v="7604000000"/>
        <price t="2014-08-14" v="7592000000"/>
        <price t="2014-08-15" v="7468000000"/>
        <price t="2014-08-18" v="7620000000"/>
        <price t="2014-08-19" v="7646000000"/>
        <price t="2014-08-20" v="7621000000"/>
        <price t="2014-08-21" v="7740000000"/>
        <price t="2014-08-22" v="7677000000"/>
        <price t="2014-08-25" v="7868000000"/>
        <price t="2014-08-26" v="7950000000"/>
        <price t="2014-08-27" v="7927000000"/>
        <price t="2014-08-28" v="7808000000"/>
        <price t="2014-08-29" v="7829000000"/>
        <price t="2014-09-01" v="7791000000"/>
        <price t="2014-09-02" v="7821000000"/>
        <price t="2014-09-03" v="7924000000"/>
        <price t="2014-09-04" v="7889000000"/>
        <price t="2014-09-05" v="7856000000"/>
        <price t="2014-09-08" v="7795000000"/>
        <price t="2014-09-09" v="7749000000"/>
        <price t="2014-09-10" v="7746000000"/>
        <price t="2014-09-11" v="7717000000"/>
        <price t="2014-09-12" v="7700000000"/>
        <price t="2014-09-15" v="7705000000"/>
        <price t="2014-09-16" v="7597000000"/>
        <price t="2014-09-17" v="7630000000"/>
        <price t="2014-09-18" v="7671000000"/>
        <price t="2014-09-19" v="7714000000"/>
        <price t="2014-09-22" v="7678000000"/>
        <price t="2014-09-23" v="7546000000"/>
        <price t="2014-09-24" v="7566000000"/>
        <price t="2014-09-25" v="7289000000"/>
        <price t="2014-09-26" v="7316000000"/>
        <price t="2014-09-29" v="7241000000"/>
        <price t="2014-09-30" v="7263000000"/>
        <price t="2014-10-01" v="7095000000"/>
        <price t="2014-10-02" v="6958000000"/>
        <price t="2014-10-06" v="7002000000"/>
        <price t="2014-10-07" v="6878000000"/>
        <price t="2014-10-08" v="6807000000"/>
        <price t="2014-10-09" v="6835000000"/>
        <price t="2014-10-10" v="6658000000"/>
        <price t="2014-10-13" v="6770000000"/>
        <price t="2014-10-14" v="6745000000"/>
        <price t="2014-10-15" v="6561000000"/>
        <price t="2014-10-16" v="6700000000"/>
        <price t="2014-10-17" v="6931000000"/>
        <price t="2014-10-20" v="6792000000"/>
        <price t="2014-10-21" v="6958000000"/>
        <price t="2014-10-22" v="7006000000"/>
        <price t="2014-10-23" v="7103000000"/>
        <price t="2014-10-24" v="6878000000"/>
        <price t="2014-10-27" v="6662000000"/>
        <price t="2014-10-28" v="6834000000"/>
        <price t="2014-10-29" v="6856000000"/>
        <price t="2014-10-30" v="6857000000"/>
        <price t="2014-10-31" v="7024000000"/>
        <price t="2014-11-03" v="6908000000"/>
        <price t="2014-11-04" v="6828000000"/>
        <price t="2014-11-05" v="6986000000"/>
        <price t="2014-11-06" v="7087000000"/>
        <price t="2014-11-07" v="6996000000"/>
        <price t="2014-11-10" v="7027000000"/>
        <price t="2014-11-11" v="7025000000"/>
        <price t="2014-11-12" v="6930000000"/>
        <price t="2014-11-13" v="6897000000"/>
        <price t="2014-11-14" v="6913000000"/>
        <price t="2014-11-17" v="6955000000"/>
        <price t="2014-11-18" v="7133000000"/>
        <price t="2014-11-19" v="7148000000"/>
        <price t="2014-11-20" v="7110000000"/>
        <price t="2014-11-21" v="7375000000"/>
        <price t="2014-11-24" v="7442000000"/>
        <price t="2014-11-25" v="7472000000"/>
        <price t="2014-11-26" v="7521000000"/>
        <price t="2014-11-27" v="7450000000"/>
        <price t="2014-11-28" v="7301000000"/>
        <price t="2014-12-01" v="7255000000"/>
        <price t="2014-12-02" v="7311000000"/>
        <price t="2014-12-03" v="7365000000"/>
        <price t="2014-12-04" v="7288000000"/>
        <price t="2014-12-05" v="7430000000"/>
        <price t="2014-12-08" v="7357000000"/>
        <price t="2014-12-09" v="7242000000"/>
        <price t="2014-12-10" v="7217000000"/>
        <price t="2014-12-11" v="7240000000"/>
        <price t="2014-12-12" v="6916000000"/>
        <price t="2014-12-15" v="6708000000"/>
        <price t="2014-12-16" v="6890000000"/>
        <price t="2014-12-17" v="6910000000"/>
        <price t="2014-12-18" v="7063000000"/>
        <price t="2014-12-19" v="6952000000"/>
        <price t="2014-12-22" v="7027000000"/>
        <price t="2014-12-23" v="7101000000"/>
        <price t="2014-12-29" v="7090000000"/>
        <price t="2014-12-30" v="6988000000"/>
        <price t="2015-01-02" v="6969000000"/>
        <price t="2015-01-05" v="6671000000"/>
        <price t="2015-01-06" v="6669000000"/>
        <price t="2015-01-07" v="6713000000"/>
        <price t="2015-01-08" v="6987000000"/>
        <price t="2015-01-09" v="6812000000"/>
        <price t="2015-01-12" v="6881000000"/>
        <price t="2015-01-13" v="7103000000"/>
        <price t="2015-01-14" v="7032000000"/>
        <price t="2015-01-15" v="7195000000"/>
        <price t="2015-01-16" v="7267000000"/>
        <price t="2015-01-19" v="7336000000"/>
        <price t="2015-01-20" v="7408000000"/>
        <price t="2015-01-21" v="7452000000"/>
        <price t="2015-01-22" v="7568000000"/>
        <price t="2015-01-23" v="7683000000"/>
        <price t="2015-01-26" v="7767000000"/>
        <price t="2015-01-27" v="7720000000"/>
        <price t="2015-01-28" v="7857000000"/>
        <price t="2015-01-29" v="7916000000"/>
        <price t="2015-01-30" v="7950000000"/>
        <price t="2015-02-02" v="8115000000"/>
        <price t="2015-02-03" v="8079000000"/>
        <price t="2015-02-04" v="8098000000"/>
        <price t="2015-02-05" v="8143000000"/>
        <price t="2015-02-06" v="8090000000"/>
        <price t="2015-02-09" v="8027000000"/>
        <price t="2015-02-10" v="8067000000"/>
        <price t="2015-02-11" v="8094000000"/>
        <price t="2015-02-12" v="8270000000"/>
        <price t="2015-02-13" v="8325000000"/>
        <price t="2015-02-16" v="8281000000"/>
        <price t="2015-02-17" v="8224000000"/>
        <price t="2015-02-18" v="8293000000"/>
        <price t="2015-02-19" v="8271000000"/>
        <price t="2015-02-20" v="8349000000"/>
        <price t="2015-02-23" v="8356000000"/>
        <price t="2015-02-24" v="8461000000"/>
        <price t="2015-02-25" v="8512000000"/>
        <price t="2015-02-26" v="8702000000"/>
        <price t="2015-02-27" v="8565000000"/>
        <price t="2015-03-02" v="8578000000"/>
        <price t="2015-03-03" v="8525000000"/>
        <price t="2015-03-04" v="8585000000"/>
        <price t="2015-03-05" v="8736000000"/>
        <price t="2015-03-06" v="8817000000"/>
        <price t="2015-03-09" v="8847000000"/>
        <price t="2015-03-10" v="8740000000"/>
        <price t="2015-03-11" v="9048000000"/>
        <price t="2015-03-12" v="9000000000"/>
        <price t="2015-03-13" v="9053000000"/>
        <price t="2015-03-16" v="9275000000"/>
        <price t="2015-03-17" v="9115000000"/>
        <price t="2015-03-18" v="9061000000"/>
        <price t="2015-03-19" v="8993000000"/>
        <price t="2015-03-20" v="9233000000"/>
        <price t="2015-03-23" v="9145000000"/>
        <price t="2015-03-24" v="9268000000"/>
        <price t="2015-03-25" v="9092000000"/>
        <price t="2015-03-26" v="9150000000"/>
        <price t="2015-03-27" v="9207000000"/>
        <price t="2015-03-30" v="9430000000"/>
        <price t="2015-03-31" v="9255000000"/>
        <price t="2015-04-01" v="9325000000"/>
        <price t="2015-04-02" v="9264000000"/>
        <price t="2015-04-07" v="9507000000"/>
        <price t="2015-04-08" v="9400000000"/>
        <price t="2015-04-09" v="9502000000"/>
        <price t="2015-04-10" v="9672000000"/>
        <price t="2015-04-13" v="9589000000"/>
        <price t="2015-04-14" v="9484000000"/>
        <price t="2015-04-15" v="9486000000"/>
        <price t="2015-04-16" v="9135000000"/>
        <price t="2015-04-17" v="8918000000"/>
        <price t="2015-04-20" v="9203000000"/>
        <price t="2015-04-21" v="9253000000"/>
        <price t="2015-04-22" v="9132000000"/>
        <price t="2015-04-23" v="9047000000"/>
        <price t="2015-04-24" v="9139000000"/>
        <price t="2015-04-27" v="9370000000"/>
        <price t="2015-04-28" v="9234000000"/>
        <price t="2015-04-29" v="8907000000"/>
        <price t="2015-04-30" v="8948000000"/>
        <price t="2015-05-04" v="8924000000"/>
        <price t="2015-05-05" v="8593000000"/>
        <price t="2015-05-06" v="8635000000"/>
        <price t="2015-05-07" v="8613000000"/>
        <price t="2015-05-08" v="8835000000"/>
        <price t="2015-05-11" v="8754000000"/>
        <price t="2015-05-12" v="8591000000"/>
        <price t="2015-05-13" v="8477000000"/>
        <price t="2015-05-14" v="8689000000"/>
        <price t="2015-05-15" v="8598000000"/>
        <price t="2015-05-18" v="8686000000"/>
        <price t="2015-05-19" v="8838000000"/>
        <price t="2015-05-20" v="8795000000"/>
        <price t="2015-05-21" v="8798000000"/>
        <price t="2015-05-22" v="8790000000"/>
        <price t="2015-05-26" v="8603000000"/>
        <price t="2015-05-27" v="8685000000"/>
        <price t="2015-05-28" v="8624000000"/>
        <price t="2015-05-29" v="8420000000"/>
        <price t="2015-06-01" v="8416000000"/>
        <price t="2015-06-02" v="8321000000"/>
        <price t="2015-06-03" v="8438000000"/>
        <price t="2015-06-04" v="8325000000"/>
        <price t="2015-06-05" v="8216000000"/>
        <price t="2015-06-08" v="8087000000"/>
        <price t="2015-06-09" v="8085000000"/>
        <price t="2015-06-10" v="8301000000"/>
        <price t="2015-06-11" v="8378000000"/>
        <price t="2015-06-12" v="8220000000"/>
        <price t="2015-06-15" v="8110000000"/>
        <price t="2015-06-16" v="8094000000"/>
        <price t="2015-06-17" v="8074000000"/>
        <price t="2015-06-18" v="8184000000"/>
        <price t="2015-06-19" v="8092000000"/>
        <price t="2015-06-22" v="8461000000"/>
        <price t="2015-06-23" v="8525000000"/>
        <price t="2015-06-24" v="8385000000"/>
        <price t="2015-06-25" v="8345000000"/>
        <price t="2015-06-26" v="8315000000"/>
        <price t="2015-06-29" v="7995000000"/>
        <price t="2015-06-30" v="7882000000"/>
        <price t="2015-07-01" v="8068000000"/>
        <price t="2015-07-02" v="7972000000"/>
        <price t="2015-07-03" v="7967000000"/>
        <price t="2015-07-06" v="7800000000"/>
        <price t="2015-07-07" v="7606000000"/>
        <price t="2015-07-08" v="7677000000"/>
        <price t="2015-07-09" v="7862000000"/>
        <price t="2015-07-10" v="8169000000"/>
        <price t="2015-07-13" v="8310000000"/>
        <price t="2015-07-14" v="8356000000"/>
        <price t="2015-07-15" v="8390000000"/>
        <price t="2015-07-16" v="8485000000"/>
        <price t="2015-07-17" v="8443000000"/>
        <price t="2015-07-20" v="8525000000"/>
        <price t="2015-07-21" v="8437000000"/>
        <price t="2015-07-22" v="8273000000"/>
        <price t="2015-07-23" v="8287000000"/>
        <price t="2015-07-24" v="7910000000"/>
        <price t="2015-07-27" v="7690000000"/>
        <price t="2015-07-28" v="7730000000"/>
        <price t="2015-07-29" v="7731000000"/>
        <price t="2015-07-30" v="7760000000"/>
        <price t="2015-07-31" v="7855000000"/>
        <price t="2015-08-03" v="7918000000"/>
        <price t="2015-08-04" v="7926000000"/>
        <price t="2015-08-05" v="8118000000"/>
        <price t="2015-08-06" v="8147000000"/>
        <price t="2015-08-07" v="8127000000"/>
        <price t="2015-08-10" v="8226000000"/>
        <price t="2015-08-11" v="7958000000"/>
        <price t="2015-08-12" v="7664000000"/>
        <price t="2015-08-13" v="7669000000"/>
        <price t="2015-08-14" v="7629000000"/>
        <price t="2015-08-17" v="7574000000"/>
        <price t="2015-08-18" v="7531000000"/>
        <price t="2015-08-19" v="7326000000"/>
        <price t="2015-08-20" v="7142000000"/>
        <price t="2015-08-21" v="6926000000"/>
        <price t="2015-08-24" v="6642000000"/>
        <price t="2015-08-25" v="6953000000"/>
        <price t="2015-08-26" v="6882000000"/>
        <price t="2015-08-27" v="7164000000"/>
        <price t="2015-08-28" v="7188000000"/>
        <price t="2015-08-31" v="7182000000"/>
        <price t="2015-09-01" v="6996000000"/>
        <price t="2015-09-02" v="7043000000"/>
        <price t="2015-09-03" v="7134000000"/>
        <price t="2015-09-04" v="6959000000"/>
        <price t="2015-09-07" v="6991000000"/>
        <price t="2015-09-08" v="7067000000"/>
        <price t="2015-09-09" v="7096000000"/>
        <price t="2015-09-10" v="7021000000"/>
        <price t="2015-09-11" v="6970000000"/>
        <price t="2015-09-14" v="6968000000"/>
        <price t="2015-09-15" v="7008000000"/>
        <price t="2015-09-16" v="7067000000"/>
        <price t="2015-09-17" v="6980000000"/>
        <price t="2015-09-18" v="6732000000"/>
        <price t="2015-09-21" v="6831000000"/>
        <price t="2015-09-22" v="6645000000"/>
        <price t="2015-09-23" v="6662000000"/>
        <price t="2015-09-24" v="6574000000"/>
        <price t="2015-09-25" v="6764000000"/>
        <price t="2015-09-28" v="6609000000"/>
        <price t="2015-09-29" v="6666000000"/>
        <price t="2015-09-30" v="6832000000"/>
        <price t="2015-10-01" v="6646000000"/>
        <price t="2015-10-02" v="6671000000"/>
        <price t="2015-10-05" v="6873000000"/>
        <price t="2015-10-06" v="6954000000"/>
        <price t="2015-10-07" v="7111000000"/>
        <price t="2015-10-08" v="7177000000"/>
        <price t="2015-10-09" v="7304000000"/>
        <price t="2015-10-12" v="7267000000"/>
        <price t="2015-10-13" v="7164000000"/>
        <price t="2015-10-14" v="7004000000"/>
        <price t="2015-10-15" v="7132000000"/>
        <price t="2015-10-16" v="7102000000"/>
        <price t="2015-10-19" v="7133000000"/>
        <price t="2015-10-20" v="7121000000"/>
        <price t="2015-10-21" v="7158000000"/>
        <price t="2015-10-22" v="7429000000"/>
        <price t="2015-10-23" v="7664000000"/>
        <price t="2015-10-26" v="7659000000"/>
        <price t="2015-10-27" v="7298000000"/>
        <price t="2015-10-28" v="7336000000"/>
        <price t="2015-10-29" v="7388000000"/>
        <price t="2015-10-30" v="7453000000"/>
        <price t="2015-11-02" v="7516000000"/>
        <price t="2015-11-03" v="7602000000"/>
        <price t="2015-11-04" v="7604000000"/>
        <price t="2015-11-05" v="7581000000"/>
        <price t="2015-11-06" v="7713000000"/>
        <price t="2015-11-09" v="7646000000"/>
        <price t="2015-11-10" v="7593000000"/>
        <price t="2015-11-11" v="7614000000"/>
        <price t="2015-11-12" v="7463000000"/>
        <price t="2015-11-13" v="7402000000"/>
        <price t="2015-11-16" v="7421000000"/>
        <price t="2015-11-17" v="7635000000"/>
        <price t="2015-11-18" v="7635000000"/>
        <price t="2015-11-19" v="7732000000"/>
        <price t="2015-11-20" v="7767000000"/>
        <price t="2015-11-23" v="7775000000"/>
        <price t="2015-11-24" v="7652000000"/>
        <price t="2015-11-25" v="7800000000"/>
        <price t="2015-11-26" v="7862000000"/>
        <price t="2015-11-27" v="7788000000"/>
        <price t="2015-11-30" v="7834000000"/>
        <price t="2015-12-01" v="7677000000"/>
        <price t="2015-12-02" v="7617000000"/>
        <price t="2015-12-03" v="7287000000"/>
        <price t="2015-12-04" v="7236000000"/>
        <price t="2015-12-07" v="7269000000"/>
        <price t="2015-12-08" v="7120000000"/>
        <price t="2015-12-09" v="7072000000"/>
        <price t="2015-12-10" v="7050000000"/>
        <price t="2015-12-11" v="6886000000"/>
        <price t="2015-12-14" v="6801000000"/>
        <price t="2015-12-15" v="7005000000"/>
        <price t="2015-12-16" v="7022000000"/>
        <price t="2015-12-17" v="7138000000"/>
        <price t="2015-12-18" v="7022000000"/>
        <price t="2015-12-21" v="6895000000"/>
        <price t="2015-12-22" v="6899000000"/>
        <price t="2015-12-23" v="7095000000"/>
        <price t="2015-12-28" v="7031000000"/>
        <price t="2015-12-29" v="7152000000"/>
        <price t="2015-12-30" v="7072000000"/>
        <price t="2016-01-04" v="6758000000"/>
        <price t="2016-01-05" v="6720000000"/>
        <price t="2016-01-06" v="6608000000"/>
        <price t="2016-01-07" v="6447000000"/>
        <price t="2016-01-08" v="6368000000"/>
        <price t="2016-01-11" v="6325000000"/>
        <price t="2016-01-12" v="6431000000"/>
        <price t="2016-01-13" v="6428000000"/>
        <price t="2016-01-14" v="6392000000"/>
        <price t="2016-01-15" v="6181000000"/>
        <price t="2016-01-18" v="6079000000"/>
        <price t="2016-01-19" v="6117000000"/>
        <price t="2016-01-20" v="6012000000"/>
        <price t="2016-01-21" v="6151000000"/>
        <price t="2016-01-22" v="6294000000"/>
        <price t="2016-01-25" v="6168000000"/>
        <price t="2016-01-26" v="6208000000"/>
        <price t="2016-01-27" v="6095000000"/>
        <price t="2016-01-28" v="6065000000"/>
        <price t="2016-01-29" v="6110000000"/>
        <price t="2016-02-01" v="6044000000"/>
        <price t="2016-02-02" v="5891000000"/>
        <price t="2016-02-03" v="5882000000"/>
        <price t="2016-02-04" v="5933000000"/>
        <price t="2016-02-05" v="5940000000"/>
        <price t="2016-02-08" v="5784000000"/>
        <price t="2016-02-09" v="5740000000"/>
        <price t="2016-02-10" v="5786000000"/>
        <price t="2016-02-11" v="5670000000"/>
        <price t="2016-02-12" v="5785000000"/>
        <price t="2016-02-15" v="5913000000"/>
        <price t="2016-02-16" v="5836000000"/>
        <price t="2016-02-17" v="5989000000"/>
        <price t="2016-02-18" v="6037000000"/>
        <price t="2016-02-19" v="6004000000"/>
        <price t="2016-02-22" v="6127000000"/>
        <price t="2016-02-23" v="5987000000"/>
        <price t="2016-02-24" v="5807000000"/>
        <price t="2016-02-25" v="5919000000"/>
        <price t="2016-02-26" v="6096000000"/>
        <price t="2016-02-29" v="6018000000"/>
        <price t="2016-03-01" v="6207000000"/>
        <price t="2016-03-02" v="6225000000"/>
        <price t="2016-03-03" v="6291000000"/>
        <price t="2016-03-04" v="6328000000"/>
        <price t="2016-03-07" v="6356000000"/>
        <price t="2016-03-08" v="6369000000"/>
        <price t="2016-03-09" v="6435000000"/>
        <price t="2016-03-10" v="6216000000"/>
        <price t="2016-03-11" v="6441000000"/>
        <price t="2016-03-14" v="6550000000"/>
        <price t="2016-03-15" v="6497000000"/>
        <price t="2016-03-16" v="6530000000"/>
        <price t="2016-03-17" v="6500000000"/>
        <price t="2016-03-18" v="6648000000"/>
        <price t="2016-03-21" v="6694000000"/>
        <price t="2016-03-22" v="6731000000"/>
        <price t="2016-03-23" v="6734000000"/>
        <price t="2016-03-24" v="6604000000"/>
        <price t="2016-03-29" v="6593000000"/>
        <price t="2016-03-30" v="6712000000"/>
        <price t="2016-03-31" v="6630000000"/>
        <price t="2016-04-01" v="6512000000"/>
        <price t="2016-04-04" v="6498000000"/>
        <price t="2016-04-05" v="6304000000"/>
        <price t="2016-04-06" v="6302000000"/>
        <price t="2016-04-07" v="6201000000"/>
        <price t="2016-04-08" v="6309000000"/>
        <price t="2016-04-11" v="6411000000"/>
        <price t="2016-04-12" v="6483000000"/>
        <price t="2016-04-13" v="6692000000"/>
        <price t="2016-04-14" v="6817000000"/>
        <price t="2016-04-15" v="6826000000"/>
        <price t="2016-04-18" v="6847000000"/>
        <price t="2016-04-19" v="6999000000"/>
        <price t="2016-04-20" v="7110000000"/>
        <price t="2016-04-21" v="7106000000"/>
        <price t="2016-04-22" v="7093000000"/>
        <price t="2016-04-25" v="7033000000"/>
        <price t="2016-04-26" v="7057000000"/>
        <price t="2016-04-27" v="7193000000"/>
        <price t="2016-04-28" v="7274000000"/>
        <price t="2016-04-29" v="7215000000"/>
        <price t="2016-05-02" v="6977000000"/>
        <price t="2016-05-03" v="6811000000"/>
        <price t="2016-05-04" v="6729000000"/>
        <price t="2016-05-05" v="6792000000"/>
        <price t="2016-05-06" v="6840000000"/>
        <price t="2016-05-09" v="6878000000"/>
        <price t="2016-05-10" v="6900000000"/>
        <price t="2016-05-11" v="6841000000"/>
        <price t="2016-05-12" v="6697000000"/>
        <price t="2016-05-13" v="6773000000"/>
        <price t="2016-05-17" v="6769000000"/>
        <price t="2016-05-18" v="6765000000"/>
        <price t="2016-05-19" v="6655000000"/>
        <price t="2016-05-20" v="6729000000"/>
        <price t="2016-05-23" v="6723000000"/>
        <price t="2016-05-24" v="6911000000"/>
        <price t="2016-05-25" v="6976000000"/>
        <price t="2016-05-26" v="7005000000"/>
        <price t="2016-05-27" v="6992000000"/>
        <price t="2016-05-30" v="7008000000"/>
        <price t="2016-05-31" v="6943000000"/>
        <price t="2016-06-01" v="6955000000"/>
        <price t="2016-06-02" v="6954000000"/>
        <price t="2016-06-03" v="6835000000"/>
        <price t="2016-06-06" v="6883000000"/>
        <price t="2016-06-07" v="7069000000"/>
        <price t="2016-06-08" v="7022000000"/>
        <price t="2016-06-09" v="6955000000"/>
        <price t="2016-06-10" v="6777000000"/>
        <price t="2016-06-13" v="6687000000"/>
        <price t="2016-06-14" v="6646000000"/>
        <price t="2016-06-15" v="6798000000"/>
        <price t="2016-06-16" v="6784000000"/>
        <price t="2016-06-17" v="6751000000"/>
        <price t="2016-06-20" v="6971000000"/>
        <price t="2016-06-21" v="6981000000"/>
        <price t="2016-06-22" v="7052000000"/>
        <price t="2016-06-23" v="7187000000"/>
        <price t="2016-06-24" v="6707000000"/>
        <price t="2016-06-27" v="6519000000"/>
        <price t="2016-06-28" v="6581000000"/>
        <price t="2016-06-29" v="6753000000"/>
        <price t="2016-06-30" v="6864000000"/>
        <price t="2016-07-01" v="6946000000"/>
        <price t="2016-07-04" v="6887000000"/>
        <price t="2016-07-05" v="6762000000"/>
        <price t="2016-07-06" v="6605000000"/>
        <price t="2016-07-07" v="6602000000"/>
        <price t="2016-07-08" v="6701000000"/>
        <price t="2016-07-11" v="6881000000"/>
        <price t="2016-07-12" v="6949000000"/>
        <price t="2016-07-13" v="6944000000"/>
        <price t="2016-07-14" v="7194000000"/>
        <price t="2016-07-15" v="7177000000"/>
        <price t="2016-07-18" v="7168000000"/>
        <price t="2016-07-19" v="7135000000"/>
        <price t="2016-07-20" v="7172000000"/>
        <price t="2016-07-21" v="7192000000"/>
        <price t="2016-07-22" v="7151000000"/>
        <price t="2016-07-25" v="7178000000"/>
        <price t="2016-07-26" v="7198000000"/>
        <price t="2016-07-27" v="7058000000"/>
        <price t="2016-07-28" v="7062000000"/>
        <price t="2016-07-29" v="7026000000"/>
        <price t="2016-08-01" v="7035000000"/>
        <price t="2016-08-02" v="6897000000"/>
        <price t="2016-08-03" v="6900000000"/>
        <price t="2016-08-04" v="6893000000"/>
        <price t="2016-08-05" v="6959000000"/>
        <price t="2016-08-08" v="7026000000"/>
        <price t="2016-08-09" v="7225000000"/>
        <price t="2016-08-10" v="7242000000"/>
        <price t="2016-08-11" v="7276000000"/>
        <price t="2016-08-12" v="7297000000"/>
        <price t="2016-08-15" v="7307000000"/>
        <price t="2016-08-16" v="7285000000"/>
        <price t="2016-08-17" v="7208000000"/>
        <price t="2016-08-18" v="7275000000"/>
        <price t="2016-08-19" v="7214000000"/>
        <price t="2016-08-22" v="7151000000"/>
        <price t="2016-08-23" v="7250000000"/>
        <price t="2016-08-24" v="7302000000"/>
        <price t="2016-08-25" v="7245000000"/>
        <price t="2016-08-26" v="7264000000"/>
        <price t="2016-08-29" v="7237000000"/>
        <price t="2016-08-30" v="7330000000"/>
        <price t="2016-08-31" v="7290000000"/>
        <price t="2016-09-01" v="7249000000"/>
        <price t="2016-09-02" v="7310000000"/>
        <price t="2016-09-05" v="7322000000"/>
        <price t="2016-09-06" v="7305000000"/>
        <price t="2016-09-07" v="7429000000"/>
        <price t="2016-09-08" v="7374000000"/>
        <price t="2016-09-09" v="7258000000"/>
        <price t="2016-09-12" v="7142000000"/>
        <price t="2016-09-13" v="7119000000"/>
        <price t="2016-09-14" v="7129000000"/>
        <price t="2016-09-15" v="7160000000"/>
        <price t="2016-09-16" v="7030000000"/>
        <price t="2016-09-19" v="7069000000"/>
        <price t="2016-09-20" v="7109000000"/>
        <price t="2016-09-21" v="7156000000"/>
        <price t="2016-09-22" v="7355000000"/>
        <price t="2016-09-23" v="7331000000"/>
        <price t="2016-09-26" v="7248000000"/>
        <price t="2016-09-27" v="7236000000"/>
        <price t="2016-09-28" v="7306000000"/>
        <price t="2016-09-29" v="7436000000"/>
        <price t="2016-09-30" v="7611000000"/>
        <price t="2016-10-04" v="7758000000"/>
        <price t="2016-10-05" v="7744000000"/>
        <price t="2016-10-06" v="7824000000"/>
        <price t="2016-10-07" v="7815000000"/>
        <price t="2016-10-10" v="7852000000"/>
        <price t="2016-10-11" v="7833000000"/>
        <price t="2016-10-12" v="7833000000"/>
        <price t="2016-10-13" v="7783000000"/>
        <price t="2016-10-14" v="7926000000"/>
        <price t="2016-10-17" v="7828000000"/>
        <price t="2016-10-18" v="7893000000"/>
        <price t="2016-10-19" v="7911000000"/>
        <price t="2016-10-20" v="7964000000"/>
        <price t="2016-10-21" v="7981000000"/>
        <price t="2016-10-24" v="8000000000"/>
        <price t="2016-10-25" v="8044000000"/>
        <price t="2016-10-26" v="7958000000"/>
        <price t="2016-10-27" v="8016000000"/>
        <price t="2016-10-28" v="8052000000"/>
        <price t="2016-10-31" v="8030000000"/>
        <price t="2016-11-01" v="7895000000"/>
        <price t="2016-11-02" v="7810000000"/>
        <price t="2016-11-03" v="7721000000"/>
        <price t="2016-11-04" v="7705000000"/>
        <price t="2016-11-07" v="7838000000"/>
        <price t="2016-11-08" v="7925000000"/>
        <price t="2016-11-09" v="8013000000"/>
        <price t="2016-11-10" v="8135000000"/>
        <price t="2016-11-11" v="8088000000"/>
        <price t="2016-11-14" v="8157000000"/>
        <price t="2016-11-15" v="8157000000"/>
        <price t="2016-11-16" v="8106000000"/>
        <price t="2016-11-17" v="8120000000"/>
        <price t="2016-11-18" v="8040000000"/>
        <price t="2016-11-21" v="8019000000"/>
        <price t="2016-11-22" v="8063000000"/>
        <price t="2016-11-23" v="8015000000"/>
        <price t="2016-11-24" v="8061000000"/>
        <price t="2016-11-25" v="8050000000"/>
        <price t="2016-11-28" v="7881000000"/>
        <price t="2016-11-29" v="7868000000"/>
        <price t="2016-11-30" v="8099000000"/>
        <price t="2016-12-01" v="8106000000"/>
        <price t="2016-12-02" v="8101000000"/>
        <price t="2016-12-05" v="8298000000"/>
        <price t="2016-12-06" v="8314000000"/>
        <price t="2016-12-07" v="8482000000"/>
        <price t="2016-12-08" v="8572000000"/>
        <price t="2016-12-09" v="8538000000"/>
        <price t="2016-12-12" v="8588000000"/>
        <price t="2016-12-13" v="8604000000"/>
        <price t="2016-12-14" v="8582000000"/>
        <price t="2016-12-15" v="8636000000"/>
        <price t="2016-12-16" v="8772000000"/>
        <price t="2016-12-19" v="8768000000"/>
        <price t="2016-12-20" v="8756000000"/>
        <price t="2016-12-21" v="8761000000"/>
        <price t="2016-12-22" v="8781000000"/>
        <price t="2016-12-23" v="8745000000"/>
        <price t="2016-12-27" v="8774000000"/>
        <price t="2016-12-28" v="8800000000"/>
        <price t="2016-12-29" v="8796000000"/>
        <price t="2016-12-30" v="8831000000"/>
        <price t="2017-01-02" v="8870000000"/>
        <price t="2017-01-03" v="8770000000"/>
        <price t="2017-01-04" v="8815000000"/>
        <price t="2017-01-05" v="8779000000"/>
        <price t="2017-01-06" v="8752000000"/>
        <price t="2017-01-09" v="8766000000"/>
        <price t="2017-01-10" v="8810000000"/>
        <price t="2017-01-11" v="8905000000"/>
        <price t="2017-01-12" v="8818000000"/>
        <price t="2017-01-13" v="8906000000"/>
        <price t="2017-01-16" v="8829000000"/>
        <price t="2017-01-17" v="8863000000"/>
        <price t="2017-01-18" v="8905000000"/>
        <price t="2017-01-19" v="8950000000"/>
        <price t="2017-01-20" v="8992000000"/>
        <price t="2017-01-23" v="8901000000"/>
        <price t="2017-01-24" v="8929000000"/>
        <price t="2017-01-25" v="9030000000"/>
        <price t="2017-01-26" v="9080000000"/>
        <price t="2017-01-27" v="9118000000"/>
        <price t="2017-01-30" v="9037000000"/>
        <price t="2017-01-31" v="8912000000"/>
        <price t="2017-02-01" v="8977000000"/>
        <price t="2017-02-02" v="8954000000"/>
        <price t="2017-02-03" v="8907000000"/>
        <price t="2017-02-06" v="8761000000"/>
        <price t="2017-02-07" v="8900000000"/>
        <price t="2017-02-08" v="8755000000"/>
        <price t="2017-02-09" v="8823000000"/>
        <price t="2017-02-10" v="8855000000"/>
        <price t="2017-02-13" v="8979000000"/>
        <price t="2017-02-14" v="8980000000"/>
        <price t="2017-02-15" v="9004000000"/>
        <price t="2017-02-16" v="8939000000"/>
        <price t="2017-02-17" v="8910000000"/>
        <price t="2017-02-20" v="8964000000"/>
        <price t="2017-02-21" v="9026000000"/>
        <price t="2017-02-22" v="9003000000"/>
        <price t="2017-02-23" v="8995000000"/>
        <price t="2017-02-24" v="8736000000"/>
        <price t="2017-02-27" v="8770000000"/>
        <price t="2017-02-28" v="8790000000"/>
        <price t="2017-03-01" v="8981000000"/>
        <price t="2017-03-02" v="9036000000"/>
        <price t="2017-03-03" v="9027000000"/>
        <price t="2017-03-06" v="9008000000"/>
        <price t="2017-03-07" v="9048000000"/>
        <price t="2017-03-08" v="9020000000"/>
        <price t="2017-03-09" v="9023000000"/>
        <price t="2017-03-10" v="8930000000"/>
        <price t="2017-03-13" v="8904000000"/>
        <price t="2017-03-14" v="8895000000"/>
        <price t="2017-03-15" v="8928000000"/>
        <price t="2017-03-16" v="8973000000"/>
        <price t="2017-03-17" v="8931000000"/>
        <price t="2017-03-20" v="8900000000"/>
        <price t="2017-03-21" v="8858000000"/>
        <price t="2017-03-22" v="8870000000"/>
        <price t="2017-03-23" v="8965000000"/>
        <price t="2017-03-24" v="9026000000"/>
        <price t="2017-03-27" v="9003000000"/>
        <price t="2017-03-28" v="9154000000"/>
        <price t="2017-03-29" v="9210000000"/>
        <price t="2017-03-30" v="9300000000"/>
        <price t="2017-03-31" v="9292000000"/>
        <price t="2017-04-03" v="9305000000"/>
        <price t="2017-04-04" v="9382000000"/>
        <price t="2017-04-05" v="9313000000"/>
        <price t="2017-04-06" v="9351000000"/>
        <price t="2017-04-07" v="9327000000"/>
        <price t="2017-04-10" v="9279000000"/>
        <price t="2017-04-11" v="9181000000"/>
        <price t="2017-04-12" v="9145000000"/>
        <price t="2017-04-13" v="9077000000"/>
        <price t="2017-04-18" v="8954000000"/>
        <price t="2017-04-19" v="8876000000"/>
        <price t="2017-04-20" v="8850000000"/>
        <price t="2017-04-21" v="8877000000"/>
        <price t="2017-04-24" v="9253000000"/>
        <price t="2017-04-25" v="9216000000"/>
        <price t="2017-04-26" v="9119000000"/>
        <price t="2017-04-27" v="8998000000"/>
        <price t="2017-04-28" v="8946000000"/>
        <price t="2017-05-02" v="8954000000"/>
        <price t="2017-05-03" v="8953000000"/>
        <price t="2017-05-04" v="9006000000"/>
        <price t="2017-05-05" v="9014000000"/>
        <price t="2017-05-08" v="8924000000"/>
        <price t="2017-05-09" v="8993000000"/>
        <price t="2017-05-10" v="9008000000"/>
        <price t="2017-05-11" v="9011000000"/>
        <price t="2017-05-12" v="8956000000"/>
        <price t="2017-05-15" v="8835000000"/>
        <price t="2017-05-16" v="8733000000"/>
        <price t="2017-05-17" v="8549000000"/>
        <price t="2017-05-18" v="8560000000"/>
        <price t="2017-05-19" v="8574000000"/>
        <price t="2017-05-22" v="8518000000"/>
        <price t="2017-05-23" v="8549000000"/>
        <price t="2017-05-24" v="8460000000"/>
        <price t="2017-05-25" v="8428000000"/>
        <price t="2017-05-26" v="8386000000"/>
        <price t="2017-05-29" v="8470000000"/>
        <price t="2017-05-30" v="8417000000"/>
        <price t="2017-05-31" v="8384000000"/>
        <price t="2017-06-01" v="8383000000"/>
        <price t="2017-06-02" v="8531000000"/>
        <price t="2017-06-06" v="8439000000"/>
        <price t="2017-06-07" v="8390000000"/>
        <price t="2017-06-08" v="8426000000"/>
        <price t="2017-06-09" v="8659000000"/>
        <price t="2017-06-12" v="8602000000"/>
        <price t="2017-06-13" v="8634000000"/>
        <price t="2017-06-14" v="8618000000"/>
        <price t="2017-06-15" v="8493000000"/>
        <price t="2017-06-16" v="8503000000"/>
        <price t="2017-06-19" v="8712000000"/>
        <price t="2017-06-20" v="8655000000"/>
        <price t="2017-06-21" v="8589000000"/>
        <price t="2017-06-22" v="8556000000"/>
        <price t="2017-06-23" v="8498000000"/>
        <price t="2017-06-26" v="8489000000"/>
        <price t="2017-06-27" v="8439000000"/>
        <price t="2017-06-28" v="8392000000"/>
        <price t="2017-06-29" v="8226000000"/>
        <price t="2017-06-30" v="8109000000"/>
        <price t="2017-07-03" v="8257000000"/>
        <price t="2017-07-04" v="8236000000"/>
        <price t="2017-07-05" v="8213000000"/>
        <price t="2017-07-06" v="8134000000"/>
        <price t="2017-07-07" v="8112000000"/>
        <price t="2017-07-10" v="8147000000"/>
        <price t="2017-07-11" v="8182000000"/>
        <price t="2017-07-12" v="8212000000"/>
        <price t="2017-07-13" v="8270000000"/>
        <price t="2017-07-14" v="8372000000"/>
        <price t="2017-07-17" v="8361000000"/>
        <price t="2017-07-18" v="8178000000"/>
        <price t="2017-07-19" v="8172000000"/>
        <price t="2017-07-20" v="8179000000"/>
        <price t="2017-07-21" v="8088000000"/>
        <price t="2017-07-24" v="8092000000"/>
        <price t="2017-07-25" v="8100000000"/>
        <price t="2017-07-26" v="8133000000"/>
        <price t="2017-07-27" v="7974000000"/>
        <price t="2017-07-28" v="7964000000"/>
        <price t="2017-07-31" v="8059000000"/>
        <price t="2017-08-01" v="8125000000"/>
        <price t="2017-08-02" v="8071000000"/>
        <price t="2017-08-03" v="8060000000"/>
        <price t="2017-08-04" v="8211000000"/>
        <price t="2017-08-07" v="8171000000"/>
        <price t="2017-08-08" v="8170000000"/>
        <price t="2017-08-09" v="8064000000"/>
        <price t="2017-08-10" v="7980000000"/>
        <price t="2017-08-11" v="7987000000"/>
        <price t="2017-08-14" v="8095000000"/>
        <price t="2017-08-15" v="8093000000"/>
        <price t="2017-08-16" v="8183000000"/>
        <price t="2017-08-17" v="8148000000"/>
        <price t="2017-08-18" v="8140000000"/>
        <price t="2017-08-21" v="8044000000"/>
        <price t="2017-08-22" v="8222000000"/>
        <price t="2017-08-23" v="8237000000"/>
        <price t="2017-08-24" v="8258000000"/>
        <price t="2017-08-25" v="8230000000"/>
        <price t="2017-08-28" v="8176000000"/>
        <price t="2017-08-29" v="8067000000"/>
        <price t="2017-08-30" v="8148000000"/>
        <price t="2017-08-31" v="8137000000"/>
        <price t="2017-09-01" v="8244000000"/>
        <price t="2017-09-04" v="8224000000"/>
        <price t="2017-09-05" v="8267000000"/>
        <price t="2017-09-06" v="8317000000"/>
        <price t="2017-09-07" v="8390000000"/>
        <price t="2017-09-08" v="8440000000"/>
        <price t="2017-09-11" v="8560000000"/>
        <price t="2017-09-12" v="8604000000"/>
        <price t="2017-09-13" v="8613000000"/>
        <price t="2017-09-14" v="8610000000"/>
        <price t="2017-09-15" v="8620000000"/>
        <price t="2017-09-18" v="8746000000"/>
        <price t="2017-09-19" v="8733000000"/>
        <price t="2017-09-20" v="8785000000"/>
        <price t="2017-09-21" v="8843000000"/>
        <price t="2017-09-22" v="8834000000"/>
        <price t="2017-09-25" v="8863000000"/>
        <price t="2017-09-26" v="8889000000"/>
        <price t="2017-09-27" v="8861000000"/>
        <price t="2017-09-28" v="8912000000"/>
        <price t="2017-09-29" v="9004000000"/>
        <price t="2017-10-02" v="8987000000"/>
        <price t="2017-10-04" v="8957000000"/>
        <price t="2017-10-05" v="9033000000"/>
        <price t="2017-10-06" v="8997000000"/>
        <price t="2017-10-09" v="9021000000"/>
        <price t="2017-10-10" v="9000000000"/>
        <price t="2017-10-11" v="8924000000"/>
        <price t="2017-10-12" v="8931000000"/>
        <price t="2017-10-13" v="8890000000"/>
        <price t="2017-10-16" v="8903000000"/>
        <price t="2017-10-17" v="8931000000"/>
        <price t="2017-10-18" v="9027000000"/>
        <price t="2017-10-19" v="9005000000"/>
        <price t="2017-10-20" v="9045000000"/>
        <price t="2017-10-23" v="9100000000"/>
        <price t="2017-10-24" v="9011000000"/>
        <price t="2017-10-25" v="9105000000"/>
        <price t="2017-10-26" v="9262000000"/>
        <price t="2017-10-27" v="9383000000"/>
        <price t="2017-10-30" v="9362000000"/>
        <price t="2017-11-01" v="9601000000"/>
        <price t="2017-11-02" v="9599000000"/>
        <price t="2017-11-03" v="9701000000"/>
        <price t="2017-11-06" v="9746000000"/>
        <price t="2017-11-07" v="9660000000"/>
        <price t="2017-11-08" v="9667000000"/>
        <price t="2017-11-09" v="9514000000"/>
        <price t="2017-11-10" v="9443000000"/>
        <price t="2017-11-13" v="9382000000"/>
        <price t="2017-11-14" v="9304000000"/>
        <price t="2017-11-15" v="9253000000"/>
        <price t="2017-11-16" v="9257000000"/>
        <price t="2017-11-17" v="9201000000"/>
        <price t="2017-11-20" v="9256000000"/>
        <price t="2017-11-21" v="9357000000"/>
        <price t="2017-11-22" v="9268000000"/>
        <price t="2017-11-23" v="9241000000"/>
        <price t="2017-11-24" v="9510000000"/>
        <price t="2017-11-27" v="9335000000"/>
        <price t="2017-11-28" v="9410000000"/>
        <price t="2017-11-29" v="9363000000"/>
        <price t="2017-11-30" v="9400000000"/>
        <price t="2017-12-01" v="9264000000"/>
        <price t="2017-12-04" v="9430000000"/>
        <price t="2017-12-05" v="9410000000"/>
        <price t="2017-12-06" v="9389000000"/>
        <price t="2017-12-07" v="9307000000"/>
        <price t="2017-12-08" v="9408000000"/>
        <price t="2017-12-11" v="9386000000"/>
        <price t="2017-12-12" v="9421000000"/>
        <price t="2017-12-13" v="9415000000"/>
        <price t="2017-12-14" v="9375000000"/>
        <price t="2017-12-15" v="9367000000"/>
        <price t="2017-12-18" v="9546000000"/>
        <price t="2017-12-19" v="9428000000"/>
        <price t="2017-12-20" v="9313000000"/>
        <price t="2017-12-21" v="9369000000"/>
        <price t="2017-12-22" v="9351000000"/>
        <price t="2017-12-27" v="9359000000"/>
        <price t="2017-12-28" v="9278000000"/>
        <price t="2017-12-29" v="9174000000"/>
        <price t="2018-01-02" v="9131000000"/>
        <price t="2018-01-03" v="9158000000"/>
        <price t="2018-01-04" v="9355000000"/>
        <price t="2018-01-05" v="9485000000"/>
        <price t="2018-01-08" v="9501000000"/>
        <price t="2018-01-09" v="9470000000"/>
        <price t="2018-01-10" v="9328000000"/>
        <price t="2018-01-11" v="9398000000"/>
        <price t="2018-01-12" v="9487000000"/>
        <price t="2018-01-15" v="9411000000"/>
        <price t="2018-01-16" v="9390000000"/>
        <price t="2018-01-17" v="9358000000"/>
        <price t="2018-01-18" v="9615000000"/>
        <price t="2018-01-19" v="9767000000"/>
        <price t="2018-01-22" v="9716000000"/>
        <price t="2018-01-23" v="9727000000"/>
        <price t="2018-01-24" v="9622000000"/>
        <price t="2018-01-25" v="9535000000"/>
        <price t="2018-01-26" v="9529000000"/>
        <price t="2018-01-29" v="9517000000"/>
        <price t="2018-01-30" v="9470000000"/>
        <price t="2018-01-31" v="9432000000"/>
        <price t="2018-02-01" v="9260000000"/>
        <price t="2018-02-02" v="9039000000"/>
        <price t="2018-02-05" v="8994000000"/>
        <price t="2018-02-06" v="8848000000"/>
        <price t="2018-02-07" v="8929000000"/>
        <price t="2018-02-08" v="8634000000"/>
        <price t="2018-02-09" v="8483000000"/>
        <price t="2018-02-12" v="8609000000"/>
        <price t="2018-02-13" v="8562000000"/>
        <price t="2018-02-14" v="8630000000"/>
        <price t="2018-02-15" v="8644000000"/>
        <price t="2018-02-16" v="8674000000"/>
        <price t="2018-02-19" v="8625000000"/>
        <price t="2018-02-20" v="8748000000"/>
        <price t="2018-02-21" v="8749000000"/>
        <price t="2018-02-22" v="8811000000"/>
        <price t="2018-02-23" v="8807000000"/>
        <price t="2018-02-26" v="8886000000"/>
        <price t="2018-02-27" v="8698000000"/>
        <price t="2018-02-28" v="8641000000"/>
        <price t="2018-03-01" v="8497000000"/>
        <price t="2018-03-02" v="8282000000"/>
        <price t="2018-03-05" v="8416000000"/>
        <price t="2018-03-06" v="8348000000"/>
        <price t="2018-03-07" v="8465000000"/>
        <price t="2018-03-08" v="8532000000"/>
        <price t="2018-03-09" v="8499000000"/>
        <price t="2018-03-12" v="8546000000"/>
        <price t="2018-03-13" v="8389000000"/>
        <price t="2018-03-14" v="8330000000"/>
        <price t="2018-03-15" v="8403000000"/>
        <price t="2018-03-16" v="8474000000"/>
        <price t="2018-03-19" v="8360000000"/>
        <price t="2018-03-20" v="8443000000"/>
        <price t="2018-03-21" v="8478000000"/>
        <price t="2018-03-22" v="8251000000"/>
        <price t="2018-03-23" v="8107000000"/>
        <price t="2018-03-26" v="8083000000"/>
        <price t="2018-03-27" v="8250000000"/>
        <price t="2018-03-28" v="8122000000"/>
        <price t="2018-03-29" v="8247000000"/>
        <price t="2018-04-03" v="8189000000"/>
        <price t="2018-04-04" v="8201000000"/>
        <price t="2018-04-05" v="8440000000"/>
        <price t="2018-04-06" v="8399000000"/>
        <price t="2018-04-09" v="8353000000"/>
        <price t="2018-04-10" v="8404000000"/>
        <price t="2018-04-11" v="8298000000"/>
        <price t="2018-04-12" v="8395000000"/>
        <price t="2018-04-13" v="8412000000"/>
        <price t="2018-04-16" v="8419000000"/>
        <price t="2018-04-17" v="8532000000"/>
        <price t="2018-04-18" v="8601000000"/>
        <price t="2018-04-19" v="8607000000"/>
        <price t="2018-04-20" v="8669000000"/>
        <price t="2018-04-23" v="8705000000"/>
        <price t="2018-04-24" v="8640000000"/>
        <price t="2018-04-25" v="8442000000"/>
        <price t="2018-04-26" v="8460000000"/>
        <price t="2018-04-27" v="8607000000"/>
        <price t="2018-04-30" v="8632000000"/>
        <price t="2018-05-02" v="8728000000"/>
        <price t="2018-05-03" v="8579000000"/>
        <price t="2018-05-04" v="8688000000"/>
        <price t="2018-05-07" v="8565000000"/>
        <price t="2018-05-08" v="8589000000"/>
        <price t="2018-05-09" v="8614000000"/>
        <price t="2018-05-10" v="8738000000"/>
        <price t="2018-05-11" v="8687000000"/>
        <price t="2018-05-14" v="8676000000"/>
        <price t="2018-05-15" v="8763000000"/>
        <price t="2018-05-16" v="8858000000"/>
        <price t="2018-05-17" v="8890000000"/>
        <price t="2018-05-18" v="8897000000"/>
        <price t="2018-05-22" v="8980000000"/>
        <price t="2018-05-23" v="8775000000"/>
        <price t="2018-05-24" v="8711000000"/>
        <price t="2018-05-25" v="8764000000"/>
        <price t="2018-05-28" v="8663000000"/>
        <price t="2018-05-29" v="8528000000"/>
        <price t="2018-05-30" v="8594000000"/>
        <price t="2018-05-31" v="8425000000"/>
        <price t="2018-06-01" v="8493000000"/>
        <price t="2018-06-04" v="8502000000"/>
        <price t="2018-06-05" v="8535000000"/>
        <price t="2018-06-06" v="8564000000"/>
        <price t="2018-06-07" v="8529000000"/>
        <price t="2018-06-08" v="8588000000"/>
        <price t="2018-06-11" v="8779000000"/>
        <price t="2018-06-12" v="8745000000"/>
        <price t="2018-06-13" v="8663000000"/>
        <price t="2018-06-14" v="8807000000"/>
        <price t="2018-06-15" v="8750000000"/>
        <price t="2018-06-18" v="8625000000"/>
        <price t="2018-06-19" v="8496000000"/>
        <price t="2018-06-20" v="8509000000"/>
        <price t="2018-06-21" v="8340000000"/>
        <price t="2018-06-22" v="8355000000"/>
        <price t="2018-06-25" v="8116000000"/>
        <price t="2018-06-26" v="8046000000"/>
        <price t="2018-06-27" v="8177000000"/>
        <price t="2018-06-28" v="8092000000"/>
        <price t="2018-06-29" v="8191000000"/>
        <price t="2018-07-02" v="8127000000"/>
        <price t="2018-07-03" v="8158000000"/>
        <price t="2018-07-04" v="8098000000"/>
        <price t="2018-07-05" v="8208000000"/>
        <price t="2018-07-06" v="8231000000"/>
        <price t="2018-07-09" v="8243000000"/>
        <price t="2018-07-10" v="8287000000"/>
        <price t="2018-07-11" v="8099000000"/>
        <price t="2018-07-12" v="8145000000"/>
        <price t="2018-07-13" v="8190000000"/>
        <price t="2018-07-16" v="8159000000"/>
        <price t="2018-07-17" v="8308000000"/>
        <price t="2018-07-18" v="8432000000"/>
        <price t="2018-07-19" v="8390000000"/>
        <price t="2018-07-20" v="8279000000"/>
        <price t="2018-07-23" v="8244000000"/>
        <price t="2018-07-24" v="8421000000"/>
        <price t="2018-07-25" v="8310000000"/>
        <price t="2018-07-26" v="8462000000"/>
        <price t="2018-07-27" v="8234000000"/>
        <price t="2018-07-30" v="8206000000"/>
        <price t="2018-07-31" v="8216000000"/>
        <price t="2018-08-01" v="8254000000"/>
        <price t="2018-08-02" v="8025000000"/>
        <price t="2018-08-03" v="8003000000"/>
        <price t="2018-08-06" v="8049000000"/>
        <price t="2018-08-07" v="8040000000"/>
        <price t="2018-08-08" v="8035000000"/>
        <price t="2018-08-09" v="8056000000"/>
        <price t="2018-08-10" v="7873000000"/>
        <price t="2018-08-13" v="7884000000"/>
        <price t="2018-08-14" v="7893000000"/>
        <price t="2018-08-15" v="7750000000"/>
        <price t="2018-08-16" v="7746000000"/>
        <price t="2018-08-17" v="7757000000"/>
        <price t="2018-08-20" v="7886000000"/>
        <price t="2018-08-21" v="7909000000"/>
        <price t="2018-08-22" v="7949000000"/>
        <price t="2018-08-23" v="7932000000"/>
        <price t="2018-08-24" v="7980000000"/>
        <price t="2018-08-27" v="8073000000"/>
        <price t="2018-08-28" v="8055000000"/>
        <price t="2018-08-29" v="8093000000"/>
        <price t="2018-08-30" v="8082000000"/>
        <price t="2018-08-31" v="7969000000"/>
        <price t="2018-09-03" v="7960000000"/>
        <price t="2018-09-04" v="7827000000"/>
        <price t="2018-09-05" v="7725000000"/>
        <price t="2018-09-06" v="7683000000"/>
        <price t="2018-09-07" v="7694000000"/>
        <price t="2018-09-10" v="7635000000"/>
        <price t="2018-09-11" v="7630000000"/>
        <price t="2018-09-12" v="7716000000"/>
        <price t="2018-09-13" v="7798000000"/>
        <price t="2018-09-14" v="7788000000"/>
        <price t="2018-09-17" v="7787000000"/>
        <price t="2018-09-18" v="7834000000"/>
        <price t="2018-09-19" v="7924000000"/>
        <price t="2018-09-20" v="8032000000"/>
        <price t="2018-09-21" v="8163000000"/>
        <price t="2018-09-24" v="8093000000"/>
        <price t="2018-09-25" v="7983000000"/>
        <price t="2018-09-26" v="7872000000"/>
        <price t="2018-09-27" v="7836000000"/>
        <price t="2018-09-28" v="7655000000"/>
        <price t="2018-10-01" v="7663000000"/>
        <price t="2018-10-02" v="7626000000"/>
        <price t="2018-10-04" v="7534000000"/>
        <price t="2018-10-05" v="7469000000"/>
        <price t="2018-10-08" v="7422000000"/>
        <price t="2018-10-09" v="7329000000"/>
        <price t="2018-10-10" v="7169000000"/>
        <price t="2018-10-11" v="7000000000"/>
        <price t="2018-10-12" v="6902000000"/>
        <price t="2018-10-15" v="6917000000"/>
        <price t="2018-10-16" v="6923000000"/>
        <price t="2018-10-17" v="6902000000"/>
        <price t="2018-10-18" v="6818000000"/>
        <price t="2018-10-19" v="6765000000"/>
        <price t="2018-10-22" v="6749000000"/>
        <price t="2018-10-23" v="6668000000"/>
        <price t="2018-10-24" v="6580000000"/>
        <price t="2018-10-25" v="6666000000"/>
        <price t="2018-10-26" v="6645000000"/>
        <price t="2018-10-29" v="6666000000"/>
        <price t="2018-10-30" v="6618000000"/>
        <price t="2018-10-31" v="6803000000"/>
        <price t="2018-11-01" v="6778000000"/>
        <price t="2018-11-02" v="6951000000"/>
        <price t="2018-11-05" v="6946000000"/>
        <price t="2018-11-06" v="6882000000"/>
        <price t="2018-11-07" v="6933000000"/>
        <price t="2018-11-08" v="6906000000"/>
        <price t="2018-11-09" v="6885000000"/>
        <price t="2018-11-12" v="6782000000"/>
        <price t="2018-11-13" v="6958000000"/>
        <price t="2018-11-14" v="6917000000"/>
        <price t="2018-11-15" v="6965000000"/>
        <price t="2018-11-16" v="6937000000"/>
        <price t="2018-11-19" v="6902000000"/>
        <price t="2018-11-20" v="6616000000"/>
        <price t="2018-11-21" v="6695000000"/>
        <price t="2018-11-22" v="6573000000"/>
        <price t="2018-11-23" v="6570000000"/>
        <price t="2018-11-26" v="6615000000"/>
        <price t="2018-11-27" v="6520000000"/>
        <price t="2018-11-28" v="6519000000"/>
        <price t="2018-11-29" v="6486000000"/>
        <price t="2018-11-30" v="6437000000"/>
        <price t="2018-12-03" v="6534000000"/>
        <price t="2018-12-04" v="6400000000"/>
        <price t="2018-12-05" v="6301000000"/>
        <price t="2018-12-06" v="6095000000"/>
        <price t="2018-12-07" v="6069000000"/>
        <price t="2018-12-10" v="5840000000"/>
        <price t="2018-12-11" v="5888000000"/>
        <price t="2018-12-12" v="5968000000"/>
        <price t="2018-12-13" v="6038000000"/>
        <price t="2018-12-14" v="6010000000"/>
        <price t="2018-12-17" v="5924000000"/>
        <price t="2018-12-18" v="5946000000"/>
        <price t="2018-12-19" v="6034000000"/>
        <price t="2018-12-20" v="5975000000"/>
        <price t="2018-12-21" v="6072000000"/>
        <price t="2018-12-27" v="5967000000"/>
        <price t="2018-12-28" v="6040000000"/>
        <price t="2019-01-02" v="6072000000"/>
        <price t="2019-01-03" v="6002000000"/>
        <price t="2019-01-04" v="6319000000"/>
        <price t="2019-01-07" v="6290000000"/>
        <price t="2019-01-08" v="6322000000"/>
        <price t="2019-01-09" v="6333000000"/>
        <price t="2019-01-10" v="6350000000"/>
        <price t="2019-01-11" v="6303000000"/>
        <price t="2019-01-14" v="6261000000"/>
        <price t="2019-01-15" v="6300000000"/>
        <price t="2019-01-16" v="6287000000"/>
        <price t="2019-01-17" v="6300000000"/>
        <price t="2019-01-18" v="6560000000"/>
        <price t="2019-01-21" v="6515000000"/>
        <price t="2019-01-22" v="6434000000"/>
        <price t="2019-01-23" v="6316000000"/>
        <price t="2019-01-24" v="6349000000"/>
        <price t="2019-01-25" v="6509000000"/>
        <price t="2019-01-28" v="6454000000"/>
        <price t="2019-01-29" v="6524000000"/>
        <price t="2019-01-30" v="6551000000"/>
        <price t="2019-01-31" v="6382000000"/>
        <price t="2019-02-01" v="6449000000"/>
        <price t="2019-02-04" v="6475000000"/>
        <price t="2019-02-05" v="6616000000"/>
        <price t="2019-02-06" v="6585000000"/>
        <price t="2019-02-07" v="6316000000"/>
        <price t="2019-02-08" v="6256000000"/>
        <price t="2019-02-11" v="6331000000"/>
        <price t="2019-02-12" v="6500000000"/>
        <price t="2019-02-13" v="6485000000"/>
        <price t="2019-02-14" v="6452000000"/>
        <price t="2019-02-15" v="6632000000"/>
        <price t="2019-02-18" v="6614000000"/>
        <price t="2019-02-19" v="6586000000"/>
        <price t="2019-02-20" v="6632000000"/>
        <price t="2019-02-21" v="6574000000"/>
        <price t="2019-02-22" v="6525000000"/>
        <price t="2019-02-25" v="6479000000"/>
        <price t="2019-02-26" v="6756000000"/>
        <price t="2019-02-27" v="6728000000"/>
        <price t="2019-02-28" v="6699000000"/>
        <price t="2019-03-01" v="6806000000"/>
        <price t="2019-03-04" v="6831000000"/>
        <price t="2019-03-05" v="6813000000"/>
        <price t="2019-03-06" v="6808000000"/>
        <price t="2019-03-07" v="6706000000"/>
        <price t="2019-03-08" v="6640000000"/>
        <price t="2019-03-11" v="6686000000"/>
        <price t="2019-03-12" v="6680000000"/>
        <price t="2019-03-13" v="6708000000"/>
        <price t="2019-03-14" v="6619000000"/>
        <price t="2019-03-15" v="6751000000"/>
        <price t="2019-03-18" v="6695000000"/>
        <price t="2019-03-19" v="6780000000"/>
        <price t="2019-03-20" v="6750000000"/>
        <price t="2019-03-21" v="6708000000"/>
        <price t="2019-03-22" v="6551000000"/>
        <price t="2019-03-25" v="6532000000"/>
        <price t="2019-03-26" v="6527000000"/>
        <price t="2019-03-27" v="6512000000"/>
        <price t="2019-03-28" v="6554000000"/>
        <price t="2019-03-29" v="6553000000"/>
        <price t="2019-04-01" v="6666000000"/>
        <price t="2019-04-02" v="6718000000"/>
        <price t="2019-04-03" v="6937000000"/>
        <price t="2019-04-04" v="6912000000"/>
        <price t="2019-04-05" v="6946000000"/>
        <price t="2019-04-08" v="6922000000"/>
        <price t="2019-04-09" v="6871000000"/>
        <price t="2019-04-10" v="6883000000"/>
        <price t="2019-04-11" v="6961000000"/>
        <price t="2019-04-12" v="7179000000"/>
        <price t="2019-04-15" v="7215000000"/>
        <price t="2019-04-16" v="7293000000"/>
        <price t="2019-04-17" v="7393000000"/>
        <price t="2019-04-18" v="7416000000"/>
        <price t="2019-04-23" v="7449000000"/>
        <price t="2019-04-24" v="7317000000"/>
        <price t="2019-04-25" v="7276000000"/>
        <price t="2019-04-26" v="7282000000"/>
        <price t="2019-04-29" v="7248000000"/>
        <price t="2019-04-30" v="7249000000"/>
        <price t="2019-05-02" v="7233000000"/>
        <price t="2019-05-03" v="7287000000"/>
        <price t="2019-05-06" v="6900000000"/>
        <price t="2019-05-07" v="6645000000"/>
        <price t="2019-05-08" v="6673000000"/>
        <price t="2019-05-09" v="6552000000"/>
        <price t="2019-05-10" v="6523000000"/>
        <price t="2019-05-13" v="6315000000"/>
        <price t="2019-05-14" v="6314000000"/>
        <price t="2019-05-15" v="6357000000"/>
        <price t="2019-05-16" v="6460000000"/>
        <price t="2019-05-17" v="6356000000"/>
        <price t="2019-05-20" v="6193000000"/>
        <price t="2019-05-21" v="6222000000"/>
        <price t="2019-05-22" v="6204000000"/>
        <price t="2019-05-23" v="6056000000"/>
        <price t="2019-05-24" v="6073000000"/>
        <price t="2019-05-27" v="6099000000"/>
        <price t="2019-05-28" v="5989000000"/>
        <price t="2019-05-29" v="5957000000"/>
        <price t="2019-05-30" v="5982000000"/>
        <price t="2019-05-31" v="5906000000"/>
        <price t="2019-06-03" v="5915000000"/>
        <price t="2019-06-04" v="6132000000"/>
        <price t="2019-06-05" v="6106000000"/>
        <price t="2019-06-06" v="6088000000"/>
        <price t="2019-06-07" v="6128000000"/>
        <price t="2019-06-11" v="6278000000"/>
        <price t="2019-06-12" v="6195000000"/>
        <price t="2019-06-13" v="6164000000"/>
        <price t="2019-06-14" v="6048000000"/>
        <price t="2019-06-17" v="5998000000"/>
        <price t="2019-06-18" v="6159000000"/>
        <price t="2019-06-19" v="6220000000"/>
        <price t="2019-06-20" v="6254000000"/>
        <price t="2019-06-21" v="6269000000"/>
        <price t="2019-06-24" v="6205000000"/>
        <price t="2019-06-25" v="6174000000"/>
        <price t="2019-06-26" v="6212000000"/>
        <price t="2019-06-27" v="6308000000"/>
        <price t="2019-06-28" v="6392000000"/>
        <price t="2019-07-01" v="6396000000"/>
        <price t="2019-07-02" v="6273000000"/>
        <price t="2019-07-03" v="6258000000"/>
        <price t="2019-07-04" v="6268000000"/>
        <price t="2019-07-05" v="6256000000"/>
        <price t="2019-07-08" v="6259000000"/>
        <price t="2019-07-09" v="6051000000"/>
        <price t="2019-07-10" v="6012000000"/>
        <price t="2019-07-11" v="5950000000"/>
        <price t="2019-07-12" v="6022000000"/>
        <price t="2019-07-15" v="6103000000"/>
        <price t="2019-07-16" v="6171000000"/>
        <price t="2019-07-17" v="6084000000"/>
        <price t="2019-07-18" v="6043000000"/>
        <price t="2019-07-19" v="6080000000"/>
        <price t="2019-07-22" v="6126000000"/>
        <price t="2019-07-23" v="6367000000"/>
        <price t="2019-07-24" v="6386000000"/>
        <price t="2019-07-25" v="6276000000"/>
        <price t="2019-07-26" v="6194000000"/>
        <price t="2019-07-29" v="6221000000"/>
        <price t="2019-07-30" v="6044000000"/>
        <price t="2019-07-31" v="6053000000"/>
        <price t="2019-08-01" v="6070000000"/>
        <price t="2019-08-02" v="5821000000"/>
        <price t="2019-08-05" v="5661000000"/>
        <price t="2019-08-06" v="5653000000"/>
        <price t="2019-08-07" v="5678000000"/>
        <price t="2019-08-08" v="5849000000"/>
        <price t="2019-08-09" v="5813000000"/>
        <price t="2019-08-12" v="5800000000"/>
        <price t="2019-08-13" v="5867000000"/>
        <price t="2019-08-14" v="5732000000"/>
        <price t="2019-08-15" v="5620000000"/>
        <price t="2019-08-16" v="5685000000"/>
        <price t="2019-08-19" v="5797000000"/>
        <price t="2019-08-20" v="5785000000"/>
        <price t="2019-08-21" v="5899000000"/>
        <price t="2019-08-22" v="5906000000"/>
        <price t="2019-08-23" v="5807000000"/>
        <price t="2019-08-26" v="5800000000"/>
        <price t="2019-08-27" v="5824000000"/>
        <price t="2019-08-28" v="5848000000"/>
        <price t="2019-08-29" v="5967000000"/>
        <price t="2019-08-30" v="6018000000"/>
        <price t="2019-09-02" v="6001000000"/>
        <price t="2019-09-03" v="5936000000"/>
        <price t="2019-09-04" v="6021000000"/>
        <price t="2019-09-05" v="6101000000"/>
        <price t="2019-09-06" v="6146000000"/>
        <price t="2019-09-09" v="6228000000"/>
        <price t="2019-09-10" v="6387000000"/>
        <price t="2019-09-11" v="6466000000"/>
        <price t="2019-09-12" v="6441000000"/>
        <price t="2019-09-13" v="6575000000"/>
        <price t="2019-09-16" v="6567000000"/>
        <price t="2019-09-17" v="6428000000"/>
        <price t="2019-09-18" v="6402000000"/>
        <price t="2019-09-19" v="6392000000"/>
        <price t="2019-09-20" v="6389000000"/>
        <price t="2019-09-23" v="6342000000"/>
        <price t="2019-09-24" v="6200000000"/>
        <price t="2019-09-25" v="6183000000"/>
        <price t="2019-09-26" v="6199000000"/>
        <price t="2019-09-27" v="6354000000"/>
        <price t="2019-09-30" v="6412000000"/>
        <price t="2019-10-01" v="6325000000"/>
        <price t="2019-10-02" v="6177000000"/>
        <price t="2019-10-04" v="6161000000"/>
        <price t="2019-10-07" v="6240000000"/>
        <price t="2019-10-08" v="6160000000"/>
        <price t="2019-10-09" v="6205000000"/>
        <price t="2019-10-10" v="6298000000"/>
        <price t="2019-10-11" v="6486000000"/>
        <price t="2019-10-14" v="6459000000"/>
        <price t="2019-10-15" v="6546000000"/>
        <price t="2019-10-16" v="6621000000"/>
        <price t="2019-10-17" v="6613000000"/>
        <price t="2019-10-18" v="6631000000"/>
        <price t="2019-10-21" v="6761000000"/>
        <price t="2019-10-22" v="6724000000"/>
        <price t="2019-10-23" v="6779000000"/>
        <price t="2019-10-24" v="7008000000"/>
        <price t="2019-10-25" v="7062000000"/>
        <price t="2019-10-28" v="6999000000"/>
        <price t="2019-10-29" v="7000000000"/>
        <price t="2019-10-30" v="6881000000"/>
        <price t="2019-10-31" v="6823000000"/>
        <price t="2019-11-01" v="6900000000"/>
        <price t="2019-11-04" v="7029000000"/>
        <price t="2019-11-05" v="7103000000"/>
        <price t="2019-11-06" v="7137000000"/>
        <price t="2019-11-07" v="7148000000"/>
        <price t="2019-11-08" v="7098000000"/>
        <price t="2019-11-11" v="7037000000"/>
        <price t="2019-11-12" v="7107000000"/>
        <price t="2019-11-13" v="7005000000"/>
        <price t="2019-11-14" v="7021000000"/>
        <price t="2019-11-15" v="7049000000"/>
        <price t="2019-11-18" v="6986000000"/>
        <price t="2019-11-19" v="6978000000"/>
        <price t="2019-11-20" v="6958000000"/>
        <price t="2019-11-21" v="6945000000"/>
        <price t="2019-11-22" v="6968000000"/>
        <price t="2019-11-25" v="6995000000"/>
        <price t="2019-11-26" v="6919000000"/>
        <price t="2019-11-27" v="6883000000"/>
        <price t="2019-11-28" v="6875000000"/>
        <price t="2019-11-29" v="6822000000"/>
        <price t="2019-12-02" v="6758000000"/>
        <price t="2019-12-03" v="6738000000"/>
        <price t="2019-12-04" v="6835000000"/>
        <price t="2019-12-05" v="6787000000"/>
        <price t="2019-12-06" v="6829000000"/>
        <price t="2019-12-09" v="6779000000"/>
        <price t="2019-12-10" v="6735000000"/>
        <price t="2019-12-11" v="6755000000"/>
        <price t="2019-12-12" v="6809000000"/>
        <price t="2019-12-13" v="6838000000"/>
        <price t="2019-12-16" v="6885000000"/>
        <price t="2019-12-17" v="6725000000"/>
        <price t="2019-12-18" v="6702000000"/>
        <price t="2019-12-19" v="6729000000"/>
        <price t="2019-12-20" v="6794000000"/>
        <price t="2019-12-23" v="6754000000"/>
        <price t="2019-12-27" v="6790000000"/>
        <price t="2019-12-30" v="6735000000"/>
        <price t="2020-01-02" v="6829000000"/>
        <price t="2020-01-03" v="6727000000"/>
        <price t="2020-01-06" v="6627000000"/>
        <price t="2020-01-07" v="6630000000"/>
        <price t="2020-01-08" v="6573000000"/>
        <price t="2020-01-09" v="6631000000"/>
        <price t="2020-01-10" v="6583000000"/>
        <price t="2020-01-13" v="6579000000"/>
        <price t="2020-01-14" v="6476000000"/>
        <price t="2020-01-15" v="6435000000"/>
        <price t="2020-01-16" v="6439000000"/>
        <price t="2020-01-17" v="6452000000"/>
        <price t="2020-01-20" v="6491000000"/>
        <price t="2020-01-21" v="6470000000"/>
        <price t="2020-01-22" v="6416000000"/>
        <price t="2020-01-23" v="6309000000"/>
        <price t="2020-01-24" v="6369000000"/>
        <price t="2020-01-27" v="6213000000"/>
        <price t="2020-01-28" v="6284000000"/>
        <price t="2020-01-29" v="6306000000"/>
        <price t="2020-01-30" v="6200000000"/>
        <price t="2020-01-31" v="6107000000"/>
        <price t="2020-02-03" v="6070000000"/>
        <price t="2020-02-04" v="6199000000"/>
        <price t="2020-02-05" v="6289000000"/>
        <price t="2020-02-06" v="6294000000"/>
        <price t="2020-02-07" v="6244000000"/>
        <price t="2020-02-10" v="6269000000"/>
        <price t="2020-02-11" v="6317000000"/>
        <price t="2020-02-12" v="6386000000"/>
        <price t="2020-02-13" v="6268000000"/>
        <price t="2020-02-14" v="6251000000"/>
        <price t="2020-02-17" v="6187000000"/>
        <price t="2020-02-18" v="6100000000"/>
        <price t="2020-02-19" v="6110000000"/>
        <price t="2020-02-20" v="6140000000"/>
        <price t="2020-02-21" v="6074000000"/>
        <price t="2020-02-24" v="5873000000"/>
        <price t="2020-02-25" v="5759000000"/>
        <price t="2020-02-26" v="5742000000"/>
        <price t="2020-02-27" v="5584000000"/>
        <price t="2020-02-28" v="5308000000"/>
        <price t="2020-03-02" v="5306000000"/>
        <price t="2020-03-03" v="5353000000"/>
        <price t="2020-03-04" v="5418000000"/>
        <price t="2020-03-05" v="5332000000"/>
        <price t="2020-03-06" v="5267000000"/>
        <price t="2020-03-09" v="4710500000"/>
        <price t="2020-03-10" v="4621000000"/>
        <price t="2020-03-11" v="4638000000"/>
        <price t="2020-03-12" v="4091000000"/>
        <price t="2020-03-13" v="4125000000"/>
        <price t="2020-03-16" v="3903500000"/>
        <price t="2020-03-17" v="4106000000"/>
        <price t="2020-03-18" v="3929000000"/>
        <price t="2020-03-19" v="4020500000"/>
        <price t="2020-03-20" v="4079500000"/>
        <price t="2020-03-23" v="3963500000"/>
        <price t="2020-03-24" v="4371500000"/>
        <price t="2020-03-25" v="4284000000"/>
        <price t="2020-03-26" v="4307500000"/>
        <price t="2020-03-27" v="4108500000"/>
        <price t="2020-03-30" v="4245500000"/>
        <price t="2020-03-31" v="4314500000"/>
        <price t="2020-04-01" v="4099000000"/>
        <price t="2020-04-02" v="4158000000"/>
        <price t="2020-04-03" v="4075500000"/>
        <price t="2020-04-06" v="4422500000"/>
        <price t="2020-04-07" v="4606500000"/>
        <price t="2020-04-08" v="4566500000"/>
        <price t="2020-04-09" v="4689500000"/>
        <price t="2020-04-14" v="4655000000"/>
        <price t="2020-04-15" v="4398000000"/>
        <price t="2020-04-16" v="4358500000"/>
        <price t="2020-04-17" v="4557500000"/>
        <price t="2020-04-20" v="4551000000"/>
        <price t="2020-04-21" v="4300000000"/>
        <price t="2020-04-22" v="4407000000"/>
        <price t="2020-04-23" v="4495000000"/>
        <price t="2020-04-24" v="4369500000"/>
        <price t="2020-04-27" v="4542000000"/>
        <price t="2020-04-28" v="4727000000"/>
        <price t="2020-04-29" v="4924500000"/>
        <price t="2020-04-30" v="4668500000"/>
        <price t="2020-05-04" v="4543000000"/>
        <price t="2020-05-05" v="4624500000"/>
        <price t="2020-05-06" v="4481500000"/>
        <price t="2020-05-07" v="4558000000"/>
        <price t="2020-05-08" v="4624000000"/>
        <price t="2020-05-11" v="4524000000"/>
        <price t="2020-05-12" v="4507000000"/>
        <price t="2020-05-13" v="4292000000"/>
        <price t="2020-05-14" v="4221000000"/>
        <price t="2020-05-15" v="4277500000"/>
        <price t="2020-05-18" v="4581000000"/>
        <price t="2020-05-19" v="4577000000"/>
        <price t="2020-05-20" v="4616000000"/>
        <price t="2020-05-21" v="4555500000"/>
        <price t="2020-05-22" v="4536000000"/>
        <price t="2020-05-25" v="4671000000"/>
        <price t="2020-05-26" v="4759000000"/>
        <price t="2020-05-27" v="4975000000"/>
        <price t="2020-05-28" v="5054000000"/>
        <price t="2020-05-29" v="4864500000"/>
        <price t="2020-06-02" v="5192000000"/>
        <price t="2020-06-03" v="5519000000"/>
        <price t="2020-06-04" v="5540000000"/>
        <price t="2020-06-05" v="5743000000"/>
        <price t="2020-06-08" v="5766000000"/>
        <price t="2020-06-09" v="5623000000"/>
        <price t="2020-06-10" v="5520000000"/>
        <price t="2020-06-11" v="5151000000"/>
        <price t="2020-06-12" v="5112000000"/>
        <price t="2020-06-15" v="5101000000"/>
        <price t="2020-06-16" v="5289000000"/>
        <price t="2020-06-17" v="5301000000"/>
        <price t="2020-06-18" v="5401000000"/>
        <price t="2020-06-19" v="5094000000"/>
        <price t="2020-06-22" v="5041000000"/>
        <price t="2020-06-23" v="5150000000"/>
        <price t="2020-06-24" v="4964500000"/>
        <price t="2020-06-25" v="4969500000"/>
        <price t="2020-06-26" v="4869500000"/>
        <price t="2020-06-29" v="5013000000"/>
        <price t="2020-06-30" v="4988000000"/>
        <price t="2020-07-01" v="4932500000"/>
        <price t="2020-07-02" v="5097000000"/>
        <price t="2020-07-03" v="5047000000"/>
        <price t="2020-07-06" v="5081000000"/>
        <price t="2020-07-07" v="5100000000"/>
        <price t="2020-07-08" v="5001000000"/>
        <price t="2020-07-09" v="4961500000"/>
        <price t="2020-07-10" v="5008000000"/>
        <price t="2020-07-13" v="5105000000"/>
        <price t="2020-07-14" v="5111000000"/>
        <price t="2020-07-15" v="5182000000"/>
        <price t="2020-07-16" v="5199000000"/>
        <price t="2020-07-17" v="5205000000"/>
        <price t="2020-07-20" v="5256000000"/>
        <price t="2020-07-21" v="5303000000"/>
        <price t="2020-07-22" v="5361000000"/>
        <price t="2020-07-23" v="5339000000"/>
        <price t="2020-07-24" v="5244000000"/>
        <price t="2020-07-27" v="5186000000"/>
        <price t="2020-07-28" v="5208000000"/>
        <price t="2020-07-29" v="4953000000"/>
        <price t="2020-07-30" v="4764000000"/>
        <price t="2020-07-31" v="4681000000"/>
        <price t="2020-08-03" v="4834000000"/>
        <price t="2020-08-04" v="4798000000"/>
        <price t="2020-08-05" v="4899000000"/>
        <price t="2020-08-06" v="4860500000"/>
        <price t="2020-08-07" v="4835500000"/>
        <price t="2020-08-10" v="4915500000"/>
        <price t="2020-08-11" v="5061000000"/>
        <price t="2020-08-12" v="5147000000"/>
        <price t="2020-08-13" v="5098000000"/>
        <price t="2020-08-14" v="5030000000"/>
        <price t="2020-08-17" v="5031000000"/>
        <price t="2020-08-18" v="5044000000"/>
        <price t="2020-08-19" v="5074000000"/>
        <price t="2020-08-20" v="4976500000"/>
        <price t="2020-08-21" v="4956500000"/>
        <price t="2020-08-24" v="5170000000"/>
        <price t="2020-08-25" v="5178000000"/>
        <price t="2020-08-26" v="5214000000"/>
        <price t="2020-08-27" v="5179000000"/>
        <price t="2020-08-28" v="5132000000"/>
        <price t="2020-08-31" v="5106000000"/>
        <price t="2020-09-01" v="5063000000"/>
        <price t="2020-09-02" v="5138000000"/>
        <price t="2020-09-03" v="5183000000"/>
        <price t="2020-09-04" v="5212000000"/>
        <price t="2020-09-07" v="5317000000"/>
        <price t="2020-09-08" v="5397000000"/>
        <price t="2020-09-09" v="5473000000"/>
        <price t="2020-09-10" v="5451000000"/>
        <price t="2020-09-11" v="5487000000"/>
        <price t="2020-09-14" v="5523000000"/>
        <price t="2020-09-15" v="5491000000"/>
        <price t="2020-09-16" v="5506000000"/>
        <price t="2020-09-17" v="5515000000"/>
        <price t="2020-09-18" v="5419000000"/>
        <price t="2020-09-21" v="5062000000"/>
        <price t="2020-09-22" v="5047000000"/>
        <price t="2020-09-23" v="5028000000"/>
        <price t="2020-09-24" v="4998500000"/>
        <price t="2020-09-25" v="4953000000"/>
        <price t="2020-09-28" v="5182000000"/>
        <price t="2020-09-29" v="5234000000"/>
        <price t="2020-09-30" v="5198000000"/>
        <price t="2020-10-01" v="5137000000"/>
        <price t="2020-10-02" v="5203000000"/>
        <price t="2020-10-05" v="5334000000"/>
        <price t="2020-10-06" v="5395000000"/>
        <price t="2020-10-07" v="5568000000"/>
        <price t="2020-10-08" v="5720000000"/>
        <price t="2020-10-09" v="5504000000"/>
        <price t="2020-10-12" v="5472000000"/>
        <price t="2020-10-13" v="5433000000"/>
        <price t="2020-10-14" v="5447000000"/>
        <price t="2020-10-15" v="5245000000"/>
        <price t="2020-10-16" v="5360000000"/>
        <price t="2020-10-19" v="5321000000"/>
        <price t="2020-10-20" v="5293000000"/>
        <price t="2020-10-21" v="5210000000"/>
        <price t="2020-10-22" v="5179000000"/>
        <price t="2020-10-23" v="5227000000"/>
        <price t="2020-10-26" v="5120000000"/>
        <price t="2020-10-27" v="5033000000"/>
        <price t="2020-10-28" v="4694500000"/>
        <price t="2020-10-29" v="4662500000"/>
        <price t="2020-10-30" v="4707000000"/>
        <price t="2020-11-02" v="4834000000"/>
        <price t="2020-11-03" v="4972500000"/>
        <price t="2020-11-04" v="5007000000"/>
        <price t="2020-11-05" v="5054000000"/>
        <price t="2020-11-06" v="5033000000"/>
        <price t="2020-11-09" v="5573000000"/>
        <price t="2020-11-10" v="5752000000"/>
        <price t="2020-11-11" v="5643000000"/>
        <price t="2020-11-12" v="5561000000"/>
        <price t="2020-11-13" v="5600000000"/>
        <price t="2020-11-16" v="5728000000"/>
        <price t="2020-11-17" v="5796000000"/>
        <price t="2020-11-18" v="5871000000"/>
        <price t="2020-11-19" v="5778000000"/>
        <price t="2020-11-20" v="5765000000"/>
        <price t="2020-11-23" v="5838000000"/>
        <price t="2020-11-24" v="6115000000"/>
        <price t="2020-11-25" v="6021000000"/>
        <price t="2020-11-26" v="6007000000"/>
        <price t="2020-11-27" v="6092000000"/>
        <price t="2020-11-30" v="6133000000"/>
        <price t="2020-12-01" v="6111000000"/>
        <price t="2020-12-02" v="6097000000"/>
        <price t="2020-12-03" v="6066000000"/>
        <price t="2020-12-04" v="6104000000"/>
        <price t="2020-12-07" v="6075000000"/>
        <price t="2020-12-08" v="6162000000"/>
        <price t="2020-12-09" v="6344000000"/>
        <price t="2020-12-10" v="6404000000"/>
        <price t="2020-12-11" v="6311000000"/>
        <price t="2020-12-14" v="6390000000"/>
        <price t="2020-12-15" v="6476000000"/>
        <price t="2020-12-16" v="6420000000"/>
        <price t="2020-12-17" v="6490000000"/>
        <price t="2020-12-18" v="6452000000"/>
        <price t="2020-12-21" v="6353000000"/>
        <price t="2020-12-22" v="6385000000"/>
        <price t="2020-12-23" v="6469000000"/>
        <price t="2020-12-28" v="6522000000"/>
        <price t="2020-12-29" v="6507000000"/>
        <price t="2020-12-30" v="6472000000"/>
        <price t="2021-01-04" v="6489000000"/>
        <price t="2021-01-05" v="6440000000"/>
        <price t="2021-01-06" v="6737000000"/>
        <price t="2021-01-07" v="6841000000"/>
        <price t="2021-01-08" v="6858000000"/>
        <price t="2021-01-11" v="6755000000"/>
        <price t="2021-01-12" v="6790000000"/>
        <price t="2021-01-13" v="6803000000"/>
        <price t="2021-01-14" v="6810000000"/>
        <price t="2021-01-15" v="6729000000"/>
        <price t="2021-01-18" v="6748000000"/>
        <price t="2021-01-19" v="6659000000"/>
        <price t="2021-01-20" v="6736000000"/>
        <price t="2021-01-21" v="6733000000"/>
        <price t="2021-01-22" v="6628000000"/>
        <price t="2021-01-25" v="6453000000"/>
        <price t="2021-01-26" v="6524000000"/>
        <price t="2021-01-27" v="6388000000"/>
        <price t="2021-01-28" v="6453000000"/>
        <price t="2021-01-29" v="6383000000"/>
        <price t="2021-02-01" v="6481000000"/>
        <price t="2021-02-02" v="6543000000"/>
        <price t="2021-02-03" v="6616000000"/>
        <price t="2021-02-04" v="6666000000"/>
        <price t="2021-02-05" v="6681000000"/>
        <price t="2021-02-08" v="6736000000"/>
        <price t="2021-02-09" v="6727000000"/>
        <price t="2021-02-10" v="6715000000"/>
        <price t="2021-02-11" v="6707000000"/>
        <price t="2021-02-12" v="6682000000"/>
        <price t="2021-02-15" v="6740000000"/>
        <price t="2021-02-16" v="6767000000"/>
        <price t="2021-02-17" v="6716000000"/>
        <price t="2021-02-18" v="6703000000"/>
        <price t="2021-02-19" v="6800000000"/>
        <price t="2021-02-22" v="6899000000"/>
        <price t="2021-02-23" v="6832000000"/>
        <price t="2021-02-24" v="6940000000"/>
        <price t="2021-02-25" v="6816000000"/>
        <price t="2021-02-26" v="6773000000"/>
        <price t="2021-03-01" v="6909000000"/>
        <price t="2021-03-02" v="7027000000"/>
        <price t="2021-03-03" v="7114000000"/>
        <price t="2021-03-04" v="7108000000"/>
        <price t="2021-03-05" v="7068000000"/>
        <price t="2021-03-08" v="7261000000"/>
        <price t="2021-03-09" v="7178000000"/>
        <price t="2021-03-10" v="7250000000"/>
        <price t="2021-03-11" v="7219000000"/>
        <price t="2021-03-12" v="7260000000"/>
        <price t="2021-03-15" v="7056000000"/>
        <price t="2021-03-16" v="7009000000"/>
        <price t="2021-03-17" v="7076000000"/>
        <price t="2021-03-18" v="7260000000"/>
        <price t="2021-03-19" v="6997000000"/>
        <price t="2021-03-22" v="6958000000"/>
        <price t="2021-03-23" v="6901000000"/>
        <price t="2021-03-24" v="6998000000"/>
        <price t="2021-03-25" v="7046000000"/>
        <price t="2021-03-26" v="6982000000"/>
        <price t="2021-03-29" v="7003000000"/>
        <price t="2021-03-30" v="7188000000"/>
        <price t="2021-03-31" v="7084000000"/>
        <price t="2021-04-01" v="7105000000"/>
        <price t="2021-04-06" v="7224000000"/>
        <price t="2021-04-07" v="7235000000"/>
        <price t="2021-04-08" v="7145000000"/>
        <price t="2021-04-09" v="7149000000"/>
        <price t="2021-04-12" v="7108000000"/>
        <price t="2021-04-13" v="7114000000"/>
        <price t="2021-04-14" v="7096000000"/>
        <price t="2021-04-15" v="7103000000"/>
        <price t="2021-04-16" v="7245000000"/>
        <price t="2021-04-19" v="7176000000"/>
        <price t="2021-04-20" v="7097000000"/>
        <price t="2021-04-21" v="7112000000"/>
        <price t="2021-04-22" v="7018000000"/>
        <price t="2021-04-23" v="7042000000"/>
        <price t="2021-04-26" v="7135000000"/>
        <price t="2021-04-27" v="7107000000"/>
        <price t="2021-04-28" v="7089000000"/>
        <price t="2021-04-29" v="7052000000"/>
        <price t="2021-04-30" v="6708000000"/>
        <price t="2021-05-03" v="6706000000"/>
        <price t="2021-05-04" v="6683000000"/>
        <price t="2021-05-05" v="6936000000"/>
        <price t="2021-05-06" v="7022000000"/>
        <price t="2021-05-07" v="7038000000"/>
        <price t="2021-05-10" v="7076000000"/>
        <price t="2021-05-11" v="6925000000"/>
        <price t="2021-05-12" v="6913000000"/>
        <price t="2021-05-13" v="6891000000"/>
        <price t="2021-05-14" v="6913000000"/>
        <price t="2021-05-17" v="6916000000"/>
        <price t="2021-05-18" v="6897000000"/>
        <price t="2021-05-19" v="6724000000"/>
        <price t="2021-05-20" v="6764000000"/>
        <price t="2021-05-21" v="6784000000"/>
        <price t="2021-05-25" v="6711000000"/>
        <price t="2021-05-26" v="6675000000"/>
        <price t="2021-05-27" v="6637000000"/>
        <price t="2021-05-28" v="6715000000"/>
        <price t="2021-05-31" v="6666000000"/>
        <price t="2021-06-01" v="6795000000"/>
        <price t="2021-06-02" v="6813000000"/>
        <price t="2021-06-03" v="6835000000"/>
        <price t="2021-06-04" v="6855000000"/>
        <price t="2021-06-07" v="6851000000"/>
        <price t="2021-06-08" v="6825000000"/>
        <price t="2021-06-09" v="6745000000"/>
        <price t="2021-06-10" v="6718000000"/>
        <price t="2021-06-11" v="6751000000"/>
        <price t="2021-06-14" v="6724000000"/>
        <price t="2021-06-15" v="6705000000"/>
        <price t="2021-06-16" v="6647000000"/>
        <price t="2021-06-17" v="6611000000"/>
        <price t="2021-06-18" v="6456000000"/>
        <price t="2021-06-21" v="6569000000"/>
        <price t="2021-06-22" v="6615000000"/>
        <price t="2021-06-23" v="6530000000"/>
        <price t="2021-06-24" v="6561000000"/>
        <price t="2021-06-25" v="6605000000"/>
        <price t="2021-06-28" v="6530000000"/>
        <price t="2021-06-29" v="6683000000"/>
        <price t="2021-06-30" v="6644000000"/>
        <price t="2021-07-01" v="6719000000"/>
        <price t="2021-07-02" v="6718000000"/>
        <price t="2021-07-05" v="6750000000"/>
        <price t="2021-07-06" v="6604000000"/>
        <price t="2021-07-07" v="6640000000"/>
        <price t="2021-07-08" v="6574000000"/>
        <price t="2021-07-09" v="6801000000"/>
        <price t="2021-07-12" v="6810000000"/>
        <price t="2021-07-13" v="6790000000"/>
        <price t="2021-07-14" v="6792000000"/>
        <price t="2021-07-15" v="6740000000"/>
        <price t="2021-07-16" v="6701000000"/>
        <price t="2021-07-19" v="6454000000"/>
        <price t="2021-07-20" v="6540000000"/>
        <price t="2021-07-21" v="6649000000"/>
        <price t="2021-07-22" v="6653000000"/>
        <price t="2021-07-23" v="6702000000"/>
        <price t="2021-07-26" v="6746000000"/>
        <price t="2021-07-27" v="6708000000"/>
        <price t="2021-07-28" v="6641000000"/>
        <price t="2021-07-29" v="6676000000"/>
        <price t="2021-07-30" v="6622000000"/>
        <price t="2021-08-02" v="6608000000"/>
        <price t="2021-08-03" v="6668000000"/>
        <price t="2021-08-04" v="6657000000"/>
        <price t="2021-08-05" v="6708000000"/>
        <price t="2021-08-06" v="6708000000"/>
        <price t="2021-08-09" v="6724000000"/>
        <price t="2021-08-10" v="6748000000"/>
        <price t="2021-08-11" v="6801000000"/>
        <price t="2021-08-12" v="6875000000"/>
        <price t="2021-08-13" v="6916000000"/>
        <price t="2021-08-16" v="6826000000"/>
        <price t="2021-08-17" v="6776000000"/>
        <price t="2021-08-18" v="6802000000"/>
        <price t="2021-08-19" v="6552000000"/>
        <price t="2021-08-20" v="6477000000"/>
        <price t="2021-08-23" v="6521000000"/>
        <price t="2021-08-24" v="6658000000"/>
        <price t="2021-08-25" v="6642000000"/>
        <price t="2021-08-26" v="6597000000"/>
        <price t="2021-08-27" v="6650000000"/>
        <price t="2021-08-30" v="6676000000"/>
        <price t="2021-08-31" v="6552000000"/>
        <price t="2021-09-01" v="6460000000"/>
        <price t="2021-09-02" v="6493000000"/>
        <price t="2021-09-03" v="6481000000"/>
        <price t="2021-09-06" v="6530000000"/>
        <price t="2021-09-07" v="6525000000"/>
        <price t="2021-09-08" v="6491000000"/>
        <price t="2021-09-09" v="6463000000"/>
        <price t="2021-09-10" v="6456000000"/>
        <price t="2021-09-13" v="6561000000"/>
        <price t="2021-09-14" v="6557000000"/>
        <price t="2021-09-15" v="6481000000"/>
        <price t="2021-09-16" v="6509000000"/>
        <price t="2021-09-17" v="6309000000"/>
        <price t="2021-09-20" v="6177000000"/>
        <price t="2021-09-21" v="6239000000"/>
        <price t="2021-09-22" v="6351000000"/>
        <price t="2021-09-23" v="6394000000"/>
        <price t="2021-09-24" v="6379000000"/>
        <price t="2021-09-27" v="6472000000"/>
        <price t="2021-09-28" v="6481000000"/>
        <price t="2021-09-29" v="6583000000"/>
        <price t="2021-09-30" v="6585000000"/>
        <price t="2021-10-01" v="6460000000"/>
        <price t="2021-10-04" v="6453000000"/>
        <price t="2021-10-05" v="6461000000"/>
        <price t="2021-10-06" v="6191000000"/>
        <price t="2021-10-07" v="6334000000"/>
        <price t="2021-10-08" v="6368000000"/>
        <price t="2021-10-11" v="6419000000"/>
        <price t="2021-10-12" v="6455000000"/>
        <price t="2021-10-13" v="6490000000"/>
        <price t="2021-10-14" v="6509000000"/>
        <price t="2021-10-15" v="6500000000"/>
        <price t="2021-10-18" v="6406000000"/>
        <price t="2021-10-19" v="6374000000"/>
        <price t="2021-10-20" v="6348000000"/>
        <price t="2021-10-21" v="6280000000"/>
        <price t="2021-10-22" v="6280000000"/>
        <price t="2021-10-25" v="6320000000"/>
        <price t="2021-10-26" v="6354000000"/>
        <price t="2021-10-27" v="6345000000"/>
        <price t="2021-10-28" v="6255000000"/>
        <price t="2021-10-29" v="6228000000"/>
        <price t="2021-11-01" v="6279000000"/>
        <price t="2021-11-02" v="6221000000"/>
        <price t="2021-11-03" v="6257000000"/>
        <price t="2021-11-04" v="6151000000"/>
        <price t="2021-11-05" v="6208000000"/>
        <price t="2021-11-08" v="6204000000"/>
        <price t="2021-11-09" v="6171000000"/>
        <price t="2021-11-10" v="6195000000"/>
        <price t="2021-11-11" v="6229000000"/>
        <price t="2021-11-12" v="6265000000"/>
        <price t="2021-11-15" v="6237000000"/>
        <price t="2021-11-16" v="6284000000"/>
        <price t="2021-11-17" v="6268000000"/>
        <price t="2021-11-18" v="6263000000"/>
        <price t="2021-11-19" v="6161000000"/>
        <price t="2021-11-22" v="6193000000"/>
        <price t="2021-11-23" v="6295000000"/>
        <price t="2021-11-24" v="6189000000"/>
        <price t="2021-11-25" v="6161000000"/>
        <price t="2021-11-26" v="5791000000"/>
        <price t="2021-11-29" v="5798000000"/>
        <price t="2021-11-30" v="5788000000"/>
        <price t="2021-12-01" v="5926000000"/>
        <price t="2021-12-02" v="5908000000"/>
        <price t="2021-12-03" v="5840000000"/>
        <price t="2021-12-06" v="5959000000"/>
        <price t="2021-12-07" v="6121000000"/>
        <price t="2021-12-08" v="6029000000"/>
        <price t="2021-12-09" v="5989000000"/>
        <price t="2021-12-10" v="5983000000"/>
        <price t="2021-12-13" v="5957000000"/>
        <price t="2021-12-14" v="5957000000"/>
        <price t="2021-12-15" v="5927000000"/>
        <price t="2021-12-16" v="6034000000"/>
        <price t="2021-12-17" v="6019000000"/>
        <price t="2021-12-20" v="5906000000"/>
        <price t="2021-12-21" v="5971000000"/>
        <price t="2021-12-22" v="5995000000"/>
        <price t="2021-12-23" v="6083000000"/>
        <price t="2021-12-27" v="6129000000"/>
        <price t="2021-12-28" v="6170000000"/>
        <price t="2021-12-29" v="6147000000"/>
        <price t="2021-12-30" v="6178000000"/>
        <price t="2022-01-03" v="6258000000"/>
        <price t="2022-01-04" v="6531000000"/>
        <price t="2022-01-05" v="6583000000"/>
        <price t="2022-01-06" v="6581000000"/>
        <price t="2022-01-07" v="6611000000"/>
        <price t="2022-01-10" v="6609000000"/>
        <price t="2022-01-11" v="6669000000"/>
        <price t="2022-01-12" v="6686000000"/>
        <price t="2022-01-13" v="6775000000"/>
        <price t="2022-01-14" v="6811000000"/>
        <price t="2022-01-17" v="6814000000"/>
        <price t="2022-01-18" v="6766000000"/>
        <price t="2022-01-19" v="6780000000"/>
        <price t="2022-01-20" v="6744000000"/>
        <price t="2022-01-21" v="6618000000"/>
        <price t="2022-01-24" v="6426000000"/>
        <price t="2022-01-25" v="6533000000"/>
        <price t="2022-01-26" v="6731000000"/>
        <price t="2022-01-27" v="6845000000"/>
        <price t="2022-01-28" v="6851000000"/>
        <price t="2022-01-31" v="6752000000"/>
        <price t="2022-02-01" v="6796000000"/>
        <price t="2022-02-02" v="6795000000"/>
        <price t="2022-02-03" v="6748000000"/>
        <price t="2022-02-04" v="6671000000"/>
        <price t="2022-02-07" v="6697000000"/>
        <price t="2022-02-08" v="6820000000"/>
        <price t="2022-02-09" v="6862000000"/>
        <price t="2022-02-10" v="6856000000"/>
        <price t="2022-02-11" v="6869000000"/>
        <price t="2022-02-14" v="6645000000"/>
        <price t="2022-02-15" v="6819000000"/>
        <price t="2022-02-16" v="6852000000"/>
        <price t="2022-02-17" v="6785000000"/>
        <price t="2022-02-18" v="6726000000"/>
        <price t="2022-02-21" v="6609000000"/>
        <price t="2022-02-22" v="6527000000"/>
        <price t="2022-02-23" v="6486000000"/>
        <price t="2022-02-24" v="6106000000"/>
        <price t="2022-02-25" v="6043000000"/>
        <price t="2022-02-28" v="5925000000"/>
        <price t="2022-03-01" v="5552000000"/>
        <price t="2022-03-02" v="5729000000"/>
        <price t="2022-03-03" v="5495000000"/>
        <price t="2022-03-04" v="5120000000"/>
        <price t="2022-03-07" v="4877000000"/>
        <price t="2022-03-08" v="4978000000"/>
        <price t="2022-03-09" v="5479000000"/>
        <price t="2022-03-10" v="5321000000"/>
        <price t="2022-03-11" v="5388000000"/>
        <price t="2022-03-14" v="5466000000"/>
        <price t="2022-03-15" v="5382000000"/>
        <price t="2022-03-16" v="5531000000"/>
        <price t="2022-03-17" v="5456000000"/>
        <price t="2022-03-18" v="5402000000"/>
        <price t="2022-03-21" v="5440000000"/>
        <price t="2022-03-22" v="5456000000"/>
        <price t="2022-03-23" v="5325000000"/>
        <price t="2022-03-24" v="5230000000"/>
        <price t="2022-03-25" v="5181000000"/>
        <price t="2022-03-28" v="5265000000"/>
        <price t="2022-03-29" v="5504000000"/>
        <price t="2022-03-30" v="5329000000"/>
        <price t="2022-03-31" v="5176000000"/>
        <price t="2022-04-01" v="5213000000"/>
        <price t="2022-04-04" v="5187000000"/>
        <price t="2022-04-05" v="5113000000"/>
        <price t="2022-04-06" v="5031000000"/>
        <price t="2022-04-07" v="5035000000"/>
        <price t="2022-04-08" v="5136000000"/>
        <price t="2022-04-11" v="5140000000"/>
        <price t="2022-04-12" v="5196000000"/>
        <price t="2022-04-13" v="5134000000"/>
        <price t="2022-04-14" v="5166000000"/>
        <price t="2022-04-19" v="5219000000"/>
        <price t="2022-04-20" v="5292000000"/>
        <price t="2022-04-21" v="5362000000"/>
        <price t="2022-04-22" v="5232000000"/>
        <price t="2022-04-25" v="5173000000"/>
        <price t="2022-04-26" v="5055000000"/>
        <price t="2022-04-27" v="5036000000"/>
        <price t="2022-04-28" v="5081000000"/>
        <price t="2022-04-29" v="5041000000"/>
        <price t="2022-05-02" v="4743500000"/>
        <price t="2022-05-03" v="4751000000"/>
        <price t="2022-05-04" v="4904500000"/>
        <price t="2022-05-05" v="4757500000"/>
        <price t="2022-05-06" v="4743500000"/>
        <price t="2022-05-09" v="4708000000"/>
        <price t="2022-05-10" v="4851000000"/>
        <price t="2022-05-11" v="4960000000"/>
        <price t="2022-05-12" v="4906000000"/>
        <price t="2022-05-13" v="4938000000"/>
        <price t="2022-05-16" v="4929500000"/>
        <price t="2022-05-17" v="5069000000"/>
        <price t="2022-05-18" v="4985500000"/>
        <price t="2022-05-19" v="4886000000"/>
        <price t="2022-05-20" v="4885000000"/>
        <price t="2022-05-23" v="4973500000"/>
        <price t="2022-05-24" v="4875500000"/>
        <price t="2022-05-25" v="4946500000"/>
        <price t="2022-05-26" v="5079000000"/>
        <price t="2022-05-27" v="5111000000"/>
        <price t="2022-05-30" v="5144000000"/>
        <price t="2022-05-31" v="5129000000"/>
        <price t="2022-06-01" v="5173000000"/>
        <price t="2022-06-02" v="5260000000"/>
        <price t="2022-06-03" v="5202000000"/>
        <price t="2022-06-06" v="5252000000"/>
        <price t="2022-06-07" v="5218000000"/>
        <price t="2022-06-08" v="5268000000"/>
        <price t="2022-06-09" v="5187000000"/>
        <price t="2022-06-10" v="4963000000"/>
        <price t="2022-06-13" v="4907500000"/>
        <price t="2022-06-14" v="4839000000"/>
        <price t="2022-06-15" v="4903000000"/>
        <price t="2022-06-16" v="4566500000"/>
        <price t="2022-06-17" v="4530000000"/>
        <price t="2022-06-20" v="4575000000"/>
        <price t="2022-06-21" v="4607500000"/>
        <price t="2022-06-22" v="4340000000"/>
        <price t="2022-06-23" v="4143000000"/>
        <price t="2022-06-24" v="4221500000"/>
        <price t="2022-06-27" v="4281000000"/>
        <price t="2022-06-28" v="4302500000"/>
        <price t="2022-06-29" v="4158000000"/>
        <price t="2022-06-30" v="4152500000"/>
        <price t="2022-07-01" v="4127000000"/>
        <price t="2022-07-04" v="4188500000"/>
        <price t="2022-07-05" v="3932500000"/>
        <price t="2022-07-06" v="3975000000"/>
        <price t="2022-07-07" v="4130000000"/>
        <price t="2022-07-08" v="4291500000"/>
        <price t="2022-07-11" v="4126500000"/>
        <price t="2022-07-12" v="4253000000"/>
        <price t="2022-07-13" v="4145000000"/>
        <price t="2022-07-14" v="4040000000"/>
        <price t="2022-07-15" v="4145500000"/>
        <price t="2022-07-18" v="4272000000"/>
        <price t="2022-07-19" v="4468500000"/>
        <price t="2022-07-20" v="4466500000"/>
        <price t="2022-07-21" v="4367000000"/>
        <price t="2022-07-22" v="4314000000"/>
        <price t="2022-07-25" v="4314000000"/>
        <price t="2022-07-26" v="4218500000"/>
        <price t="2022-07-27" v="4162000000"/>
        <price t="2022-07-28" v="4255000000"/>
        <price t="2022-07-29" v="4341500000"/>
        <price t="2022-08-01" v="4333500000"/>
        <price t="2022-08-02" v="4374000000"/>
        <price t="2022-08-03" v="4387000000"/>
        <price t="2022-08-04" v="4422500000"/>
        <price t="2022-08-05" v="4402000000"/>
        <price t="2022-08-08" v="4480000000"/>
        <price t="2022-08-09" v="4399500000"/>
        <price t="2022-08-10" v="4444500000"/>
        <price t="2022-08-11" v="4342500000"/>
        <price t="2022-08-12" v="4415500000"/>
        <price t="2022-08-15" v="4406000000"/>
        <price t="2022-08-16" v="4475000000"/>
        <price t="2022-08-17" v="4268500000"/>
        <price t="2022-08-18" v="4344000000"/>
        <price t="2022-08-19" v="4303500000"/>
        <price t="2022-08-22" v="4118000000"/>
        <price t="2022-08-23" v="4180500000"/>
        <price t="2022-08-24" v="4160500000"/>
        <price t="2022-08-25" v="4202500000"/>
        <price t="2022-08-26" v="4094000000"/>
        <price t="2022-08-29" v="4224000000"/>
        <price t="2022-08-30" v="4218500000"/>
        <price t="2022-08-31" v="4207000000"/>
        <price t="2022-09-01" v="4130500000"/>
        <price t="2022-09-02" v="4299500000"/>
        <price t="2022-09-05" v="4127000000"/>
        <price t="2022-09-06" v="4205000000"/>
        <price t="2022-09-07" v="4294000000"/>
        <price t="2022-09-08" v="4249500000"/>
        <price t="2022-09-09" v="4348500000"/>
        <price t="2022-09-12" v="4492000000"/>
        <price t="2022-09-13" v="4421000000"/>
        <price t="2022-09-14" v="4277000000"/>
        <price t="2022-09-15" v="4225500000"/>
        <price t="2022-09-16" v="4138500000"/>
        <price t="2022-09-19" v="4239500000"/>
        <price t="2022-09-20" v="4160000000"/>
        <price t="2022-09-21" v="4170000000"/>
        <price t="2022-09-22" v="4100000000"/>
        <price t="2022-09-23" v="3979000000"/>
        <price t="2022-09-26" v="3981000000"/>
        <price t="2022-09-27" v="3949500000"/>
        <price t="2022-09-28" v="3941500000"/>
        <price t="2022-09-29" v="3885000000"/>
        <price t="2022-09-30" v="3960000000"/>
        <price t="2022-10-03" v="4094000000"/>
        <price t="2022-10-04" v="4230000000"/>
        <price t="2022-10-05" v="4191500000"/>
        <price t="2022-10-06" v="4127000000"/>
        <price t="2022-10-07" v="4069500000"/>
        <price t="2022-10-10" v="4319000000"/>
        <price t="2022-10-11" v="4146500000"/>
        <price t="2022-10-12" v="4213500000"/>
        <price t="2022-10-13" v="4296500000"/>
        <price t="2022-10-14" v="4332000000"/>
        <price t="2022-10-17" v="4408000000"/>
        <price t="2022-10-18" v="4493000000"/>
        <price t="2022-10-19" v="4505000000"/>
        <price t="2022-10-20" v="4545000000"/>
        <price t="2022-10-21" v="4608000000"/>
        <price t="2022-10-24" v="4659500000"/>
        <price t="2022-10-25" v="4594500000"/>
        <price t="2022-10-26" v="4550000000"/>
        <price t="2022-10-27" v="4601000000"/>
        <price t="2022-10-28" v="4530000000"/>
        <price t="2022-10-31" v="4543500000"/>
        <price t="2022-11-01" v="4549500000"/>
        <price t="2022-11-02" v="4505500000"/>
        <price t="2022-11-03" v="4453500000"/>
        <price t="2022-11-04" v="4681500000"/>
        <price t="2022-11-07" v="4760500000"/>
        <price t="2022-11-08" v="4830000000"/>
        <price t="2022-11-09" v="4754500000"/>
        <price t="2022-11-10" v="4890500000"/>
        <price t="2022-11-11" v="5068000000"/>
        <price t="2022-11-14" v="5128000000"/>
        <price t="2022-11-15" v="5030000000"/>
        <price t="2022-11-16" v="4957000000"/>
        <price t="2022-11-17" v="4895500000"/>
        <price t="2022-11-18" v="4962500000"/>
        <price t="2022-11-21" v="4867000000"/>
        <price t="2022-11-22" v="4952000000"/>
        <price t="2022-11-23" v="4927000000"/>
        <price t="2022-11-24" v="4988500000"/>
        <price t="2022-11-25" v="4960500000"/>
        <price t="2022-11-28" v="4891000000"/>
        <price t="2022-11-29" v="4906000000"/>
        <price t="2022-11-30" v="4851500000"/>
        <price t="2022-12-01" v="4786000000"/>
        <price t="2022-12-02" v="4873000000"/>
        <price t="2022-12-05" v="4797000000"/>
        <price t="2022-12-06" v="4792500000"/>
        <price t="2022-12-07" v="4742500000"/>
        <price t="2022-12-08" v="4710000000"/>
        <price t="2022-12-09" v="4772000000"/>
        <price t="2022-12-12" v="4670000000"/>
        <price t="2022-12-13" v="4753500000"/>
        <price t="2022-12-14" v="4723000000"/>
        <price t="2022-12-15" v="4581500000"/>
        <price t="2022-12-16" v="4579000000"/>
        <price t="2022-12-19" v="4552000000"/>
        <price t="2022-12-20" v="4580000000"/>
        <price t="2022-12-21" v="4650000000"/>
        <price t="2022-12-22" v="4568500000"/>
        <price t="2022-12-23" v="4623500000"/>
        <price t="2022-12-27" v="4667500000"/>
        <price t="2022-12-28" v="4654500000"/>
        <price t="2022-12-29" v="4676000000"/>
        <price t="2022-12-30" v="4639000000"/>
        <price t="2023-01-02" v="4798500000"/>
        <price t="2023-01-03" v="4889000000"/>
        <price t="2023-01-04" v="5096000000"/>
        <price t="2023-01-05" v="5162000000"/>
        <price t="2023-01-06" v="5281000000"/>
        <price t="2023-01-09" v="5284000000"/>
        <price t="2023-01-10" v="5170000000"/>
        <price t="2023-01-11" v="5217000000"/>
        <price t="2023-01-12" v="5309000000"/>
        <price t="2023-01-13" v="5276000000"/>
        <price t="2023-01-16" v="5300000000"/>
        <price t="2023-01-17" v="5284000000"/>
        <price t="2023-01-18" v="5313000000"/>
        <price t="2023-01-19" v="5218000000"/>
        <price t="2023-01-20" v="5246000000"/>
        <price t="2023-01-23" v="5257000000"/>
        <price t="2023-01-24" v="5304000000"/>
        <price t="2023-01-25" v="5287000000"/>
        <price t="2023-01-26" v="5262000000"/>
        <price t="2023-01-27" v="5279000000"/>
        <price t="2023-01-30" v="5278000000"/>
        <price t="2023-01-31" v="5240000000"/>
        <price t="2023-02-01" v="5274000000"/>
        <price t="2023-02-02" v="5384000000"/>
        <price t="2023-02-03" v="5404000000"/>
        <price t="2023-02-06" v="5295000000"/>
        <price t="2023-02-07" v="5295000000"/>
        <price t="2023-02-08" v="5286000000"/>
        <price t="2023-02-09" v="5285000000"/>
        <price t="2023-02-10" v="5129000000"/>
        <price t="2023-02-13" v="5167000000"/>
        <price t="2023-02-14" v="5106000000"/>
        <price t="2023-02-15" v="5170000000"/>
        <price t="2023-02-16" v="5240000000"/>
        <price t="2023-02-17" v="5224000000"/>
        <price t="2023-02-20" v="5311000000"/>
        <price t="2023-02-21" v="5249000000"/>
        <price t="2023-02-22" v="5236000000"/>
        <price t="2023-02-23" v="5217000000"/>
        <price t="2023-02-24" v="4807000000"/>
        <price t="2023-02-27" v="4789000000"/>
        <price t="2023-02-28" v="4847500000"/>
        <price t="2023-03-01" v="4837500000"/>
        <price t="2023-03-02" v="4832500000"/>
        <price t="2023-03-03" v="4916500000"/>
        <price t="2023-03-06" v="4825500000"/>
        <price t="2023-03-07" v="4801500000"/>
        <price t="2023-03-08" v="4828500000"/>
        <price t="2023-03-09" v="4799000000"/>
        <price t="2023-03-10" v="4754500000"/>
        <price t="2023-03-13" v="4570000000"/>
        <price t="2023-03-14" v="4640500000"/>
        <price t="2023-03-15" v="4453500000"/>
        <price t="2023-03-16" v="4508500000"/>
        <price t="2023-03-17" v="4491500000"/>
        <price t="2023-03-20" v="4540000000"/>
        <price t="2023-03-21" v="4617000000"/>
        <price t="2023-03-22" v="4656000000"/>
        <price t="2023-03-23" v="4637500000"/>
        <price t="2023-03-24" v="4591500000"/>
        <price t="2023-03-27" v="4593000000"/>
        <price t="2023-03-28" v="4638500000"/>
        <price t="2023-03-29" v="4718000000"/>
        <price t="2023-03-30" v="4790000000"/>
        <price t="2023-03-31" v="4836000000"/>
        <price t="2023-04-03" v="4879000000"/>
        <price t="2023-04-04" v="4901000000"/>
        <price t="2023-04-05" v="4836000000"/>
        <price t="2023-04-06" v="4841000000"/>
        <price t="2023-04-11" v="4911000000"/>
        <price t="2023-04-12" v="4942500000"/>
        <price t="2023-04-13" v="4880500000"/>
        <price t="2023-04-14" v="4970500000"/>
        <price t="2023-04-17" v="5006000000"/>
        <price t="2023-04-18" v="5052000000"/>
        <price t="2023-04-19" v="5083000000"/>
        <price t="2023-04-20" v="5061000000"/>
        <price t="2023-04-21" v="4960500000"/>
        <price t="2023-04-24" v="5024000000"/>
        <price t="2023-04-25" v="5016000000"/>
        <price t="2023-04-26" v="5015000000"/>
        <price t="2023-04-27" v="4799500000"/>
        <price t="2023-04-28" v="4685000000"/>
        <price t="2023-05-02" v="4518500000"/>
        <price t="2023-05-03" v="4636000000"/>
        <price t="2023-05-04" v="4589500000"/>
        <price t="2023-05-05" v="4752500000"/>
        <price t="2023-05-08" v="4698000000"/>
        <price t="2023-05-09" v="4684500000"/>
        <price t="2023-05-10" v="4712500000"/>
        <price t="2023-05-11" v="4711000000"/>
        <price t="2023-05-12" v="4710000000"/>
        <price t="2023-05-15" v="4772500000"/>
        <price t="2023-05-16" v="4710500000"/>
        <price t="2023-05-17" v="4692500000"/>
        <price t="2023-05-18" v="4745500000"/>
        <price t="2023-05-19" v="4760500000"/>
        <price t="2023-05-22" v="4728500000"/>
        <price t="2023-05-23" v="4746500000"/>
        <price t="2023-05-24" v="4642500000"/>
        <price t="2023-05-25" v="4591500000"/>
        <price t="2023-05-26" v="4691000000"/>
        <price t="2023-05-29" v="4670500000"/>
        <price t="2023-05-30" v="4598000000"/>
        <price t="2023-05-31" v="4441500000"/>
        <price t="2023-06-01" v="4485000000"/>
        <price t="2023-06-02" v="4679000000"/>
        <price t="2023-06-05" v="4653500000"/>
        <price t="2023-06-06" v="4676000000"/>
        <price t="2023-06-07" v="4645000000"/>
        <price t="2023-06-08" v="4687000000"/>
        <price t="2023-06-09" v="4602500000"/>
        <price t="2023-06-12" v="4629500000"/>
        <price t="2023-06-13" v="4677000000"/>
        <price t="2023-06-14" v="4683500000"/>
        <price t="2023-06-15" v="4635500000"/>
        <price t="2023-06-16" v="4570000000"/>
        <price t="2023-06-19" v="4406500000"/>
        <price t="2023-06-20" v="4265500000"/>
        <price t="2023-06-21" v="4261500000"/>
        <price t="2023-06-22" v="4237500000"/>
        <price t="2023-06-23" v="4223500000"/>
        <price t="2023-06-26" v="4278500000"/>
        <price t="2023-06-27" v="4311000000"/>
        <price t="2023-06-28" v="4407500000"/>
        <price t="2023-06-29" v="4404000000"/>
        <price t="2023-06-30" v="4447000000"/>
        <price t="2023-07-03" v="4473500000"/>
        <price t="2023-07-04" v="4468500000"/>
        <price t="2023-07-05" v="4409000000"/>
        <price t="2023-07-06" v="4307000000"/>
        <price t="2023-07-07" v="4525000000"/>
        <price t="2023-07-10" v="4496500000"/>
        <price t="2023-07-11" v="4557500000"/>
        <price t="2023-07-12" v="4673500000"/>
        <price t="2023-07-13" v="4643000000"/>
        <price t="2023-07-14" v="4536000000"/>
        <price t="2023-07-17" v="4521000000"/>
        <price t="2023-07-18" v="4664000000"/>
        <price t="2023-07-19" v="4707000000"/>
        <price t="2023-07-20" v="4767500000"/>
        <price t="2023-07-21" v="4747000000"/>
        <price t="2023-07-24" v="4733000000"/>
        <price t="2023-07-25" v="4761500000"/>
        <price t="2023-07-26" v="4730000000"/>
        <price t="2023-07-27" v="4790000000"/>
        <price t="2023-07-28" v="4938500000"/>
        <price t="2023-07-31" v="4877000000"/>
        <price t="2023-08-01" v="4866000000"/>
        <price t="2023-08-02" v="4775000000"/>
        <price t="2023-08-03" v="4719000000"/>
        <price t="2023-08-04" v="4713000000"/>
        <price t="2023-08-07" v="4716500000"/>
        <price t="2023-08-08" v="4642500000"/>
        <price t="2023-08-09" v="4656000000"/>
        <price t="2023-08-10" v="4737500000"/>
        <price t="2023-08-11" v="4676000000"/>
        <price t="2023-08-14" v="4636000000"/>
        <price t="2023-08-15" v="4564500000"/>
        <price t="2023-08-16" v="4571000000"/>
        <price t="2023-08-17" v="4574000000"/>
        <price t="2023-08-18" v="4555500000"/>
        <price t="2023-08-21" v="4562500000"/>
        <price t="2023-08-22" v="4586000000"/>
        <price t="2023-08-23" v="4551500000"/>
        <price t="2023-08-24" v="4513500000"/>
        <price t="2023-08-25" v="4502500000"/>
        <price t="2023-08-28" v="4540000000"/>
        <price t="2023-08-29" v="4598000000"/>
        <price t="2023-08-30" v="4625000000"/>
        <price t="2023-08-31" v="4679000000"/>
        <price t="2023-09-01" v="4688500000"/>
        <price t="2023-09-04" v="4661500000"/>
        <price t="2023-09-05" v="4588500000"/>
        <price t="2023-09-06" v="4580500000"/>
        <price t="2023-09-07" v="4511500000"/>
        <price t="2023-09-08" v="4448000000"/>
        <price t="2023-09-11" v="4499500000"/>
        <price t="2023-09-12" v="4428000000"/>
        <price t="2023-09-13" v="4432500000"/>
        <price t="2023-09-14" v="4512000000"/>
        <price t="2023-09-15" v="4625000000"/>
        <price t="2023-09-18" v="4531000000"/>
        <price t="2023-09-19" v="4520000000"/>
        <price t="2023-09-20" v="4568500000"/>
        <price t="2023-09-21" v="4346500000"/>
        <price t="2023-09-22" v="4308500000"/>
        <price t="2023-09-25" v="4278000000"/>
        <price t="2023-09-26" v="4211000000"/>
        <price t="2023-09-27" v="4228000000"/>
        <price t="2023-09-28" v="4264500000"/>
        <price t="2023-09-29" v="4295000000"/>
        <price t="2023-10-02" v="4189000000"/>
        <price t="2023-10-03" v="4176000000"/>
        <price t="2023-10-04" v="4185000000"/>
        <price t="2023-10-05" v="4134500000"/>
        <price t="2023-10-06" v="4182000000"/>
        <price t="2023-10-09" v="4094000000"/>
        <price t="2023-10-10" v="4229500000"/>
        <price t="2023-10-11" v="4250000000"/>
        <price t="2023-10-12" v="4214000000"/>
        <price t="2023-10-13" v="4204000000"/>
        <price t="2023-10-16" v="4252000000"/>
        <price t="2023-10-17" v="4245500000"/>
        <price t="2023-10-18" v="4184000000"/>
        <price t="2023-10-19" v="4143000000"/>
        <price t="2023-10-20" v="4099500000"/>
        <price t="2023-10-23" v="4092000000"/>
        <price t="2023-10-24" v="4095000000"/>
        <price t="2023-10-25" v="4058500000"/>
        <price t="2023-10-26" v="4118500000"/>
        <price t="2023-10-27" v="4146000000"/>
        <price t="2023-10-30" v="4168000000"/>
        <price t="2023-10-31" v="4353500000"/>
        <price t="2023-11-01" v="4228500000"/>
        <price t="2023-11-02" v="4352000000"/>
        <price t="2023-11-03" v="4387000000"/>
        <price t="2023-11-06" v="4316000000"/>
        <price t="2023-11-07" v="4347500000"/>
        <price t="2023-11-08" v="4357500000"/>
        <price t="2023-11-09" v="4448000000"/>
        <price t="2023-11-10" v="4371500000"/>
        <price t="2023-11-13" v="4408500000"/>
        <price t="2023-11-14" v="4475000000"/>
        <price t="2023-11-15" v="4504500000"/>
        <price t="2023-11-16" v="4393000000"/>
        <price t="2023-11-17" v="4428500000"/>
        <price t="2023-11-20" v="4420500000"/>
        <price t="2023-11-21" v="4381000000"/>
        <price t="2023-11-22" v="4372000000"/>
        <price t="2023-11-23" v="4381000000"/>
        <price t="2023-11-24" v="4458000000"/>
        <price t="2023-11-27" v="4319500000"/>
        <price t="2023-11-28" v="4270500000"/>
        <price t="2023-11-29" v="4297500000"/>
        <price t="2023-11-30" v="4268500000"/>
        <price t="2023-12-01" v="4324000000"/>
        <price t="2023-12-04" v="4341000000"/>
        <price t="2023-12-05" v="4360000000"/>
        <price t="2023-12-06" v="4444000000"/>
        <price t="2023-12-07" v="4509500000"/>
        <price t="2023-12-08" v="4519000000"/>
        <price t="2023-12-11" v="4543000000"/>
        <price t="2023-12-12" v="4558500000"/>
        <price t="2023-12-13" v="4760500000"/>
        <price t="2023-12-14" v="4814000000"/>
        <price t="2023-12-15" v="4817500000"/>
        <price t="2023-12-18" v="4827000000"/>
        <price t="2023-12-19" v="4856500000"/>
        <price t="2023-12-20" v="4845000000"/>
        <price t="2023-12-21" v="4847000000"/>
        <price t="2023-12-22" v="4854000000"/>
        <price t="2023-12-27" v="4865000000"/>
        <price t="2023-12-28" v="4858000000"/>
        <price t="2023-12-29" v="4878000000"/>
        <price t="2024-01-02" v="4907000000"/>
        <price t="2024-01-03" v="4776000000"/>
        <price t="2024-01-04" v="4769500000"/>
        <price t="2024-01-05" v="4680000000"/>
        <price t="2024-01-08" v="4675500000"/>
        <price t="2024-01-09" v="4551000000"/>
        <price t="2024-01-10" v="4502000000"/>
        <price t="2024-01-11" v="4483000000"/>
        <price t="2024-01-12" v="4478000000"/>
      </prices>
      <latest t="2024-01-12" v="4478000000">
        <high>-1</high>
        <low>-1</low>
        <volume>-1</volume>
      </latest>
      <attributes>
        <map/>
      </attributes>
      <events/>
      <property type="FEED" name="PORTFOLIO-REPORT-MARKET">XETR</property>
      <property type="FEED" name="PORTFOLIO-REPORT-MARKETS">[{&quot;marketCode&quot;:&quot;XETR&quot;,&quot;currencyCode&quot;:&quot;EUR&quot;,&quot;symbol&quot;:&quot;BAS&quot;,&quot;firstPriceDate&quot;:&quot;2000-01-03&quot;,&quot;lastPriceDate&quot;:&quot;2024-01-12&quot;}]</property>
      <isRetired>false</isRetired>
      <updatedAt>2024-01-13T20:04:12.205858900Z</updatedAt>
    </security>
    <security>
      <uuid>fd1879d0-1ec6-4584-be19-ff6dd2f7932a</uuid>
      <name>NVIDIA</name>
      <currencyCode>USD</currencyCode>
      <tickerSymbol>NVDA</tickerSymbol>
      <prices/>
      <attributes>
        <map/>
      </attributes>
      <isRetired>false</isRetired>
      <updatedAt>2024-01-14T10:13:28.735943700Z</updatedAt>
    </security>
  </securities>
  <watchlists/>
  <accounts>
    <account>
      <uuid>a8844383-5b6c-4b59-b786-d48ccafd628b</uuid>
      <name>broker-A (EUR)</name>
      <currencyCode>EUR</currencyCode>
      <isRetired>false</isRetired>
      <transactions>
        <account-transaction>
          <uuid>7b619edd-a396-4b48-a82d-f9e3cc2eb5d4</uuid>
          <date>2024-01-15T00:00</date>
          <currencyCode>EUR</currencyCode>
          <amount>112500</amount>
          <security reference="../../../../../securities/security"/>
          <crossEntry class="buysell">
            <portfolio>
              <uuid>ccd0ccf0-d4cd-4c16-8316-2b8727eb514d</uuid>
              <name>broker-A</name>
              <isRetired>false</isRetired>
              <referenceAccount reference="../../../../.."/>
              <transactions>
                <portfolio-transaction>
                  <uuid>b635aa11-0df6-4bd9-887a-fc1588204788</uuid>
                  <date>2024-01-15T00:00</date>
                  <currencyCode>EUR</currencyCode>
                  <amount>112500</amount>
                  <security reference="../../../../../../../../../securities/security"/>
                  <crossEntry class="buysell" reference="../../../.."/>
                  <shares>2500000000</shares>
                  <updatedAt>2024-01-14T11:17:49.260552200Z</updatedAt>
                  <type>BUY</type>
                </portfolio-transaction>
              </transactions>
              <attributes>
                <map/>
              </attributes>
              <updatedAt>2023-06-07T17:57:54.777434100Z</updatedAt>
            </portfolio>
            <portfolioTransaction reference="../portfolio/transactions/portfolio-transaction"/>
            <account reference="../../../.."/>
            <accountTransaction reference="../.."/>
          </crossEntry>
          <shares>0</shares>
          <updatedAt>2024-01-14T11:17:49.260552200Z</updatedAt>
          <type>BUY</type>
        </account-transaction>
      </transactions>
      <attributes>
        <map/>
      </attributes>
      <updatedAt>2023-06-07T17:58:03.601398500Z</updatedAt>
    </account>
    <account>
      <uuid>954059d0-d009-47fe-a8e0-4b522a88a2aa</uuid>
      <name>broker-A (USD)</name>
      <currencyCode>USD</currencyCode>
      <isRetired>false</isRetired>
      <transactions/>
      <attributes>
        <map/>
      </attributes>
      <updatedAt>2024-01-13T18:48:11.296788800Z</updatedAt>
    </account>
    <account>
      <uuid>a1ef80f1-b379-4f42-8211-89cacf9a5c21</uuid>
      <name>broker-B (EUR)</name>
      <currencyCode>EUR</currencyCode>
      <isRetired>false</isRetired>
      <transactions/>
      <attributes>
        <map/>
      </attributes>
      <updatedAt>2024-01-13T20:16:10.076875600Z</updatedAt>
    </account>
    <account>
      <uuid>6b80f960-fcef-4bae-ba8e-0163db4962a2</uuid>
      <name>broker-B (USD)</name>
      <currencyCode>USD</currencyCode>
      <isRetired>false</isRetired>
      <transactions/>
      <attributes>
        <map/>
      </attributes>
      <updatedAt>2024-01-13T20:16:30.101652600Z</updatedAt>
    </account>
  </accounts>
  <portfolios>
    <portfolio reference="../../accounts/account/transactions/account-transaction/crossEntry/portfolio"/>
    <portfolio>
      <uuid>4bf19ec7-0129-4aa7-9b16-b1053d435b81</uuid>
      <name>broker-B</name>
      <isRetired>false</isRetired>
      <referenceAccount reference="../../../accounts/account"/>
      <transactions/>
      <attributes>
        <map/>
      </attributes>
      <updatedAt>2024-01-13T10:57:11.323304300Z</updatedAt>
    </portfolio>
  </portfolios>
  <plans/>
  <taxonomies/>
  <dashboards>
    <dashboard name="Dashboard">
      <configuration>
        <entry>
          <string>REPORTING_PERIOD</string>
          <string>L1Y0</string>
        </entry>
      </configuration>
      <columns>
        <column>
          <weight>1</weight>
          <widgets>
            <widget type="HEADING">
              <label>Key Indicators</label>
            </widget>
            <widget type="TTWROR">
              <label>True Time-Weighted Rate of Return (cumulative)</label>
              <configuration/>
            </widget>
            <widget type="IRR">
              <label>Internal Rate of Return (IRR)</label>
              <configuration/>
            </widget>
            <widget type="ABSOLUTE_CHANGE">
              <label>Absolute Change</label>
              <configuration/>
            </widget>
            <widget type="DELTA">
              <label>Delta (for reporting period)</label>
              <configuration/>
            </widget>
            <widget type="HEADING">
              <label>Last Day</label>
            </widget>
            <widget type="TTWROR">
              <label>True Time-Weighted Rate of Return (cumulative)</label>
              <configuration>
                <entry>
                  <string>REPORTING_PERIOD</string>
                  <string>T1</string>
                </entry>
              </configuration>
            </widget>
            <widget type="ABSOLUTE_CHANGE">
              <label>Absolute Change</label>
              <configuration>
                <entry>
                  <string>REPORTING_PERIOD</string>
                  <string>T1</string>
                </entry>
              </configuration>
            </widget>
          </widgets>
        </column>
        <column>
          <weight>1</weight>
          <widgets>
            <widget type="HEADING">
              <label>Risk Indicators</label>
            </widget>
            <widget type="MAXDRAWDOWN">
              <label>Maximum Drawdown</label>
              <configuration/>
            </widget>
            <widget type="MAXDRAWDOWNDURATION">
              <label>Max Drawdown Duration</label>
              <configuration/>
            </widget>
            <widget type="VOLATILITY">
              <label>Volatility</label>
              <configuration/>
            </widget>
            <widget type="SEMIVOLATILITY">
              <label>Semivariance</label>
              <configuration/>
            </widget>
          </widgets>
        </column>
        <column>
          <weight>1</weight>
          <widgets>
            <widget type="HEADING">
              <label>Calculation</label>
            </widget>
            <widget type="CALCULATION">
              <label>Performance Calculation</label>
              <configuration/>
            </widget>
          </widgets>
        </column>
      </columns>
    </dashboard>
  </dashboards>
  <properties>
    <entry>
      <string>security-chart-details</string>
      <string>SCALING_LINEAR,INVESTMENT,DIVIDENDS,EVENTS,SHOW_MAIN_HORIZONTAL_LINES</string>
    </entry>
  </properties>
  <settings>
    <bookmarks>
      <bookmark>
        <label>finance.yahoo.com</label>
        <pattern>http://finance.yahoo.com/quote/{tickerSymbol}</pattern>
      </bookmark>
      <bookmark>
        <label>onvista.de</label>
        <pattern>http://www.onvista.de/suche.html?SEARCH_VALUE={isin}</pattern>
      </bookmark>
      <bookmark>
        <label>finanzen.net</label>
        <pattern>http://www.finanzen.net/suchergebnis.asp?frmAktiensucheTextfeld={isin}</pattern>
      </bookmark>
      <bookmark>
        <label>ariva.de</label>
        <pattern>http://www.ariva.de/{isin}</pattern>
      </bookmark>
      <bookmark>
        <label>justetf.com  (ETF)</label>
        <pattern>https://www.justetf.com/etf-profile.html?isin={isin}</pattern>
      </bookmark>
      <bookmark>
        <label>fondsweb.com</label>
        <pattern>http://www.fondsweb.com/{isin}</pattern>
      </bookmark>
      <bookmark>
        <label>morningstar.de</label>
        <pattern>http://www.morningstar.de/de/funds/SecuritySearchResults.aspx?type=ALL&amp;search={isin}</pattern>
      </bookmark>
      <bookmark>
        <label>extraETF.com (ETF)</label>
        <pattern>https://extraetf.com/etf-profile/{isin}</pattern>
      </bookmark>
      <bookmark>
        <label>alleaktien.de (Share)</label>
        <pattern>https://www.alleaktien.de/quantitativ/{isin}/</pattern>
      </bookmark>
      <bookmark>
        <label>comdirect.de (Share)</label>
        <pattern>https://www.comdirect.de/inf/aktien/{isin}</pattern>
      </bookmark>
      <bookmark>
        <label>comdirect.de (ETF)</label>
        <pattern>https://www.comdirect.de/inf/etfs/{isin}</pattern>
      </bookmark>
      <bookmark>
        <label>divvydiary.com</label>
        <pattern>https://divvydiary.com/symbols/{isin}</pattern>
      </bookmark>
      <bookmark>
        <label>trackingdifferences.com (ETF)</label>
        <pattern>https://www.trackingdifferences.com/ETF/ISIN/{isin}</pattern>
      </bookmark>
      <bookmark>
        <label>tradingview.com</label>
        <pattern>https://www.tradingview.com/chart/?symbol=XETR:{tickerSymbolPrefix}</pattern>
      </bookmark>
      <bookmark>
        <label>cnbc.com (Share)</label>
        <pattern>https://www.cnbc.com/quotes/{tickerSymbolPrefix}</pattern>
      </bookmark>
      <bookmark>
        <label>nasdaq.com (Share)</label>
        <pattern>https://www.nasdaq.com/market-activity/stocks/{tickerSymbolPrefix}</pattern>
      </bookmark>
    </bookmarks>
    <attributeTypes>
      <attribute-type>
        <id>logo</id>
        <name>Logo</name>
        <columnLabel>Logo</columnLabel>
        <target>name.abuchen.portfolio.model.Security</target>
        <type>java.lang.String</type>
        <converterClass>name.abuchen.portfolio.model.AttributeType$ImageConverter</converterClass>
      </attribute-type>
      <attribute-type>
        <id>logo</id>
        <name>Logo</name>
        <columnLabel>Logo</columnLabel>
        <target>name.abuchen.portfolio.model.Account</target>
        <type>java.lang.String</type>
        <converterClass>name.abuchen.portfolio.model.AttributeType$ImageConverter</converterClass>
      </attribute-type>
      <attribute-type>
        <id>logo</id>
        <name>Logo</name>
        <columnLabel>Logo</columnLabel>
        <target>name.abuchen.portfolio.model.Portfolio</target>
        <type>java.lang.String</type>
        <converterClass>name.abuchen.portfolio.model.AttributeType$ImageConverter</converterClass>
      </attribute-type>
      <attribute-type>
        <id>logo</id>
        <name>Logo</name>
        <columnLabel>Logo</columnLabel>
        <target>name.abuchen.portfolio.model.InvestmentPlan</target>
        <type>java.lang.String</type>
        <converterClass>name.abuchen.portfolio.model.AttributeType$ImageConverter</converterClass>
      </attribute-type>
      <attribute-type>
        <id>ter</id>
        <name>Total Expense Ratio (TER)</name>
        <columnLabel>TER</columnLabel>
        <source>ter</source>
        <target>name.abuchen.portfolio.model.Security</target>
        <type>java.lang.Double</type>
        <converterClass>name.abuchen.portfolio.model.AttributeType$PercentConverter</converterClass>
      </attribute-type>
      <attribute-type>
        <id>aum</id>
        <name>Assets under Management</name>
        <columnLabel>AUM</columnLabel>
        <target>name.abuchen.portfolio.model.Security</target>
        <type>java.lang.Long</type>
        <converterClass>name.abuchen.portfolio.model.AttributeType$AmountPlainConverter</converterClass>
      </attribute-type>
      <attribute-type>
        <id>vendor</id>
        <name>Vendor</name>
        <columnLabel>Vendor</columnLabel>
        <source>vendor</source>
        <target>name.abuchen.portfolio.model.Security</target>
        <type>java.lang.String</type>
        <converterClass>name.abuchen.portfolio.model.AttributeType$StringConverter</converterClass>
      </attribute-type>
      <attribute-type>
        <id>acquisitionFee</id>
        <name>Acquisition Fee (percentage)</name>
        <columnLabel>Acquisition Fee</columnLabel>
        <target>name.abuchen.portfolio.model.Security</target>
        <type>java.lang.Double</type>
        <converterClass>name.abuchen.portfolio.model.AttributeType$PercentConverter</converterClass>
      </attribute-type>
      <attribute-type>
        <id>managementFee</id>
        <name>Management Fee (percentage)</name>
        <columnLabel>Management Fee</columnLabel>
        <target>name.abuchen.portfolio.model.Security</target>
        <type>java.lang.Double</type>
        <converterClass>name.abuchen.portfolio.model.AttributeType$PercentConverter</converterClass>
      </attribute-type>
    </attributeTypes>
    <configurationSets>
      <entry>
        <string>StatementOfAssetsHistoryView-PICKER</string>
        <config-set>
          <configurations>
            <config>
              <uuid>6a5bd133-1dd6-439d-a4dd-f1038913cad2</uuid>
              <name>Standard</name>
              <data>Client-totals;#000000;SOLID;false;2,Client-transferals;#808080;SOLID;false;2</data>
            </config>
          </configurations>
        </config-set>
      </entry>
      <entry>
        <string>ReturnsVolatilityChartView-PICKER</string>
        <config-set>
          <configurations>
            <config>
              <uuid>6c2d3073-1d95-4f1f-b51f-03dfac0891dd</uuid>
              <name>Standard</name>
              <data>Client-totals;#000000;SOLID;false;2</data>
            </config>
          </configurations>
        </config-set>
      </entry>
      <entry>
        <string>name.abuchen.portfolio.ui.views.SecuritiesPerformanceView</string>
        <config-set>
          <configurations>
            <config>
              <uuid>3580a087-a144-41e6-b45e-351eb5535064</uuid>
              <name>Standard</name>
              <data>{&quot;items&quot;:[{&quot;id&quot;:&quot;shares&quot;,&quot;width&quot;:87},{&quot;id&quot;:&quot;name&quot;,&quot;sortDirection&quot;:1024,&quot;width&quot;:114},{&quot;id&quot;:&quot;pv&quot;,&quot;width&quot;:235},{&quot;id&quot;:&quot;pp&quot;,&quot;width&quot;:228},{&quot;id&quot;:&quot;quote&quot;,&quot;width&quot;:103},{&quot;id&quot;:&quot;5&quot;,&quot;width&quot;:104},{&quot;id&quot;:&quot;changeonpreviousamount&quot;,&quot;width&quot;:120},{&quot;id&quot;:&quot;mv&quot;,&quot;width&quot;:160},{&quot;id&quot;:&quot;sumdiv&quot;,&quot;width&quot;:130},{&quot;id&quot;:&quot;izf&quot;,&quot;width&quot;:177},{&quot;id&quot;:&quot;delta&quot;,&quot;width&quot;:143}]}</data>
            </config>
          </configurations>
        </config-set>
      </entry>
      <entry>
        <string>PerformanceChartView-PICKER</string>
        <config-set>
          <configurations>
            <config>
              <uuid>7600e16d-0168-49d1-aadb-18c66a64bc8f</uuid>
              <name>Standard</name>
              <data>Client-totals;#000000;SOLID;false;2</data>
            </config>
          </configurations>
        </config-set>
      </entry>
      <entry>
        <string>name.abuchen.portfolio.ui.views.SecuritiesTable</string>
        <config-set>
          <configurations>
            <config>
              <uuid>ace4b28f-3207-4dc2-95fa-edc3936851f9</uuid>
              <name>Standard</name>
              <data>{&quot;items&quot;:[{&quot;id&quot;:&quot;0&quot;,&quot;sortDirection&quot;:128,&quot;width&quot;:400},{&quot;id&quot;:&quot;note&quot;,&quot;width&quot;:200},{&quot;id&quot;:&quot;1&quot;,&quot;width&quot;:100},{&quot;id&quot;:&quot;2&quot;,&quot;width&quot;:111},{&quot;id&quot;:&quot;7&quot;,&quot;width&quot;:97},{&quot;id&quot;:&quot;4&quot;,&quot;width&quot;:102},{&quot;id&quot;:&quot;5&quot;,&quot;width&quot;:80},{&quot;id&quot;:&quot;changeonpreviousamount&quot;,&quot;width&quot;:136},{&quot;id&quot;:&quot;9&quot;,&quot;width&quot;:164},{&quot;id&quot;:&quot;10&quot;,&quot;width&quot;:171},{&quot;id&quot;:&quot;q-date-first-historic&quot;,&quot;width&quot;:167}]}</data>
            </config>
          </configurations>
        </config-set>
      </entry>
      <entry>
        <string>reporting-periods</string>
        <config-set>
          <configurations>
            <config>
              <uuid></uuid>
              <name></name>
              <data>L1Y0</data>
            </config>
            <config>
              <uuid></uuid>
              <name></name>
              <data>L2Y0</data>
            </config>
            <config>
              <uuid></uuid>
              <name></name>
              <data>L3Y0</data>
            </config>
            <config>
              <uuid></uuid>
              <name></name>
              <data>F2022-06-12_2023-06-12</data>
            </config>
            <config>
              <uuid></uuid>
              <name></name>
              <data>F2020-06-12_2023-06-12</data>
            </config>
            <config>
              <uuid></uuid>
              <name></name>
              <data>F2021-06-12_2023-06-12</data>
            </config>
          </configurations>
        </config-set>
      </entry>
      <entry>
        <string>name.abuchen.portfolio.ui.views.StatementOfAssetsViewer</string>
        <config-set>
          <configurations>
            <config>
              <uuid>5626df9e-7f9b-47e2-b7f4-07557fdf6e55</uuid>
              <name>Standard</name>
              <data>{&quot;items&quot;:[{&quot;id&quot;:&quot;0&quot;,&quot;width&quot;:80},{&quot;id&quot;:&quot;1&quot;,&quot;width&quot;:300},{&quot;id&quot;:&quot;2&quot;,&quot;width&quot;:121},{&quot;id&quot;:&quot;4&quot;,&quot;width&quot;:112},{&quot;id&quot;:&quot;5&quot;,&quot;width&quot;:222},{&quot;id&quot;:&quot;6&quot;,&quot;width&quot;:239},{&quot;id&quot;:&quot;note&quot;,&quot;width&quot;:200}]}</data>
            </config>
          </configurations>
        </config-set>
      </entry>
      <entry>
        <string>client-filter-definitions</string>
        <config-set>
          <configurations/>
        </config-set>
      </entry>
      <entry>
        <string>client-filter-selection</string>
        <config-set>
          <configurations>
            <config>
              <uuid>PaymentsViewModel</uuid>
              <name></name>
              <data></data>
            </config>
          </configurations>
        </config-set>
      </entry>
    </configurationSets>
  </settings>
</client>