<client>
  <version>59</version>
  <baseCurrency>EUR</baseCurrency>
  <securities>
    <security>
      <uuid>0152978e-2ea2-436f-b07a-0333b988ea8b</uuid>
      <name>share-1</name>
      <currencyCode>EUR</currencyCode>
      <tickerSymbol>DTE.DE</tickerSymbol>
      <feed>YAHOO</feed>
      <prices>
        <price t="2013-06-10" v="897500000"/>
        <price t="2013-06-11" v="889500000"/>
        <price t="2013-06-12" v="879800000"/>
        <price t="2013-06-13" v="877400000"/>
        <price t="2013-06-14" v="875700000"/>
        <price t="2013-06-17" v="884700000"/>
        <price t="2013-06-18" v="886200000"/>
        <price t="2013-06-19" v="881700000"/>
        <price t="2013-06-20" v="862900000"/>
        <price t="2013-06-21" v="859300000"/>
        <price t="2013-06-24" v="843100000"/>
        <price t="2013-06-25" v="862000000"/>
        <price t="2013-06-26" v="879900000"/>
        <price t="2013-06-27" v="891900000"/>
        <price t="2013-06-28" v="896400000"/>
        <price t="2013-07-01" v="893200000"/>
        <price t="2013-07-02" v="894200000"/>
        <price t="2013-07-03" v="889400000"/>
        <price t="2013-07-04" v="903200000"/>
        <price t="2013-07-05" v="881000000"/>
        <price t="2013-07-08" v="888200000"/>
        <price t="2013-07-09" v="890600000"/>
        <price t="2013-07-10" v="885700000"/>
        <price t="2013-07-11" v="895100000"/>
        <price t="2013-07-12" v="900000000"/>
        <price t="2013-07-15" v="897000000"/>
        <price t="2013-07-16" v="888300000"/>
        <price t="2013-07-17" v="888000000"/>
        <price t="2013-07-18" v="895000000"/>
        <price t="2013-07-19" v="895500000"/>
        <price t="2013-07-22" v="914600000"/>
        <price t="2013-07-23" v="929800000"/>
        <price t="2013-07-24" v="931200000"/>
        <price t="2013-07-25" v="923900000"/>
        <price t="2013-07-26" v="920000000"/>
        <price t="2013-07-29" v="920100000"/>
        <price t="2013-07-30" v="922400000"/>
        <price t="2013-07-31" v="914800000"/>
        <price t="2013-08-01" v="925300000"/>
        <price t="2013-08-02" v="919000000"/>
        <price t="2013-08-05" v="919100000"/>
        <price t="2013-08-06" v="903000000"/>
        <price t="2013-08-07" v="905200000"/>
        <price t="2013-08-08" v="975000000"/>
        <price t="2013-08-09" v="971900000"/>
        <price t="2013-08-12" v="990000000"/>
        <price t="2013-08-13" v="993500000"/>
        <price t="2013-08-14" v="993000000"/>
        <price t="2013-08-15" v="972200000"/>
        <price t="2013-08-16" v="977300000"/>
        <price t="2013-08-19" v="966300000"/>
        <price t="2013-08-20" v="956900000"/>
        <price t="2013-08-21" v="962000000"/>
        <price t="2013-08-22" v="974000000"/>
        <price t="2013-08-23" v="974400000"/>
        <price t="2013-08-26" v="976400000"/>
        <price t="2013-08-27" v="958400000"/>
        <price t="2013-08-28" v="956400000"/>
        <price t="2013-08-29" v="969100000"/>
        <price t="2013-08-30" v="969200000"/>
        <price t="2013-09-02" v="981600000"/>
        <price t="2013-09-03" v="982800000"/>
        <price t="2013-09-04" v="980000000"/>
        <price t="2013-09-05" v="982000000"/>
        <price t="2013-09-06" v="963400000"/>
        <price t="2013-09-09" v="963400000"/>
        <price t="2013-09-10" v="972000000"/>
        <price t="2013-09-11" v="980900000"/>
        <price t="2013-09-12" v="989800000"/>
        <price t="2013-09-13" v="989300000"/>
        <price t="2013-09-16" v="998500000"/>
        <price t="2013-09-17" v="994000000"/>
        <price t="2013-09-18" v="1000000000"/>
        <price t="2013-09-19" v="1012000000"/>
        <price t="2013-09-20" v="1032000000"/>
        <price t="2013-09-23" v="1034500000"/>
        <price t="2013-09-24" v="1048500000"/>
        <price t="2013-09-25" v="1057000000"/>
        <price t="2013-09-26" v="1081000000"/>
        <price t="2013-09-27" v="1078000000"/>
        <price t="2013-09-30" v="1071500000"/>
        <price t="2013-10-01" v="1082000000"/>
        <price t="2013-10-02" v="1073500000"/>
        <price t="2013-10-04" v="1119000000"/>
        <price t="2013-10-07" v="1131000000"/>
        <price t="2013-10-08" v="1114000000"/>
        <price t="2013-10-09" v="1111500000"/>
        <price t="2013-10-10" v="1145000000"/>
        <price t="2013-10-11" v="1130000000"/>
        <price t="2013-10-14" v="1146500000"/>
        <price t="2013-10-15" v="1171500000"/>
        <price t="2013-10-16" v="1193000000"/>
        <price t="2013-10-17" v="1171000000"/>
        <price t="2013-10-18" v="1167500000"/>
        <price t="2013-10-21" v="1163500000"/>
        <price t="2013-10-22" v="1158500000"/>
        <price t="2013-10-23" v="1144000000"/>
        <price t="2013-10-24" v="1159000000"/>
        <price t="2013-10-25" v="1135500000"/>
        <price t="2013-10-28" v="1158500000"/>
        <price t="2013-10-29" v="1178500000"/>
        <price t="2013-10-30" v="1153000000"/>
        <price t="2013-10-31" v="1160000000"/>
        <price t="2013-11-01" v="1162500000"/>
        <price t="2013-11-04" v="1175000000"/>
        <price t="2013-11-05" v="1171500000"/>
        <price t="2013-11-06" v="1160500000"/>
        <price t="2013-11-07" v="1134000000"/>
        <price t="2013-11-08" v="1134500000"/>
        <price t="2013-11-11" v="1124000000"/>
        <price t="2013-11-12" v="1115000000"/>
        <price t="2013-11-13" v="1113000000"/>
        <price t="2013-11-14" v="1118000000"/>
        <price t="2013-11-15" v="1118000000"/>
        <price t="2013-11-18" v="1124000000"/>
        <price t="2013-11-19" v="1121000000"/>
        <price t="2013-11-20" v="1118000000"/>
        <price t="2013-11-21" v="1128000000"/>
        <price t="2013-11-22" v="1128000000"/>
        <price t="2013-11-25" v="1138000000"/>
        <price t="2013-11-26" v="1161500000"/>
        <price t="2013-11-27" v="1165000000"/>
        <price t="2013-11-28" v="1165500000"/>
        <price t="2013-11-29" v="1168500000"/>
        <price t="2013-12-02" v="1162000000"/>
        <price t="2013-12-03" v="1137500000"/>
        <price t="2013-12-04" v="1136000000"/>
        <price t="2013-12-05" v="1134500000"/>
        <price t="2013-12-06" v="1154000000"/>
        <price t="2013-12-09" v="1157000000"/>
        <price t="2013-12-10" v="1149500000"/>
        <price t="2013-12-11" v="1143500000"/>
        <price t="2013-12-12" v="1138500000"/>
        <price t="2013-12-13" v="1135500000"/>
        <price t="2013-12-16" v="1178500000"/>
        <price t="2013-12-17" v="1174000000"/>
        <price t="2013-12-18" v="1198000000"/>
        <price t="2013-12-19" v="1237000000"/>
        <price t="2013-12-20" v="1238000000"/>
        <price t="2013-12-23" v="1243500000"/>
        <price t="2013-12-27" v="1260000000"/>
        <price t="2013-12-30" v="1243000000"/>
        <price t="2014-01-02" v="1213000000"/>
        <price t="2014-01-03" v="1227000000"/>
        <price t="2014-01-06" v="1219000000"/>
        <price t="2014-01-07" v="1225000000"/>
        <price t="2014-01-08" v="1222500000"/>
        <price t="2014-01-09" v="1225000000"/>
        <price t="2014-01-10" v="1222000000"/>
        <price t="2014-01-13" v="1220500000"/>
        <price t="2014-01-14" v="1242000000"/>
        <price t="2014-01-15" v="1264000000"/>
        <price t="2014-01-16" v="1244500000"/>
        <price t="2014-01-17" v="1246000000"/>
        <price t="2014-01-20" v="1256500000"/>
        <price t="2014-01-21" v="1266500000"/>
        <price t="2014-01-22" v="1282500000"/>
        <price t="2014-01-23" v="1282000000"/>
        <price t="2014-01-24" v="1259000000"/>
        <price t="2014-01-27" v="1248500000"/>
        <price t="2014-01-28" v="1240500000"/>
        <price t="2014-01-29" v="1225000000"/>
        <price t="2014-01-30" v="1219500000"/>
        <price t="2014-01-31" v="1200000000"/>
        <price t="2014-02-03" v="1168000000"/>
        <price t="2014-02-04" v="1150000000"/>
        <price t="2014-02-05" v="1147000000"/>
        <price t="2014-02-06" v="1169000000"/>
        <price t="2014-02-07" v="1175500000"/>
        <price t="2014-02-10" v="1165500000"/>
        <price t="2014-02-11" v="1178500000"/>
        <price t="2014-02-12" v="1183000000"/>
        <price t="2014-02-13" v="1206000000"/>
        <price t="2014-02-14" v="1206500000"/>
        <price t="2014-02-17" v="1216000000"/>
        <price t="2014-02-18" v="1222000000"/>
        <price t="2014-02-19" v="1220500000"/>
        <price t="2014-02-20" v="1221000000"/>
        <price t="2014-02-21" v="1228000000"/>
        <price t="2014-02-24" v="1251000000"/>
        <price t="2014-02-25" v="1263000000"/>
        <price t="2014-02-26" v="1237500000"/>
        <price t="2014-02-27" v="1231500000"/>
        <price t="2014-02-28" v="1229500000"/>
        <price t="2014-03-03" v="1195000000"/>
        <price t="2014-03-04" v="1222500000"/>
        <price t="2014-03-05" v="1220000000"/>
        <price t="2014-03-06" v="1176000000"/>
        <price t="2014-03-07" v="1153500000"/>
        <price t="2014-03-10" v="1143500000"/>
        <price t="2014-03-11" v="1165000000"/>
        <price t="2014-03-12" v="1162500000"/>
        <price t="2014-03-13" v="1131500000"/>
        <price t="2014-03-14" v="1124500000"/>
        <price t="2014-03-17" v="1136500000"/>
        <price t="2014-03-18" v="1146500000"/>
        <price t="2014-03-19" v="1151000000"/>
        <price t="2014-03-20" v="1147000000"/>
        <price t="2014-03-21" v="1150000000"/>
        <price t="2014-03-24" v="1131500000"/>
        <price t="2014-03-25" v="1149500000"/>
        <price t="2014-03-26" v="1162000000"/>
        <price t="2014-03-27" v="1158500000"/>
        <price t="2014-03-28" v="1175000000"/>
        <price t="2014-03-31" v="1173000000"/>
        <price t="2014-04-01" v="1165000000"/>
        <price t="2014-04-02" v="1165500000"/>
        <price t="2014-04-03" v="1159000000"/>
        <price t="2014-04-04" v="1166000000"/>
        <price t="2014-04-07" v="1149500000"/>
        <price t="2014-04-08" v="1140000000"/>
        <price t="2014-04-09" v="1138000000"/>
        <price t="2014-04-10" v="1128000000"/>
        <price t="2014-04-11" v="1122500000"/>
        <price t="2014-04-14" v="1135000000"/>
        <price t="2014-04-15" v="1105000000"/>
        <price t="2014-04-16" v="1133000000"/>
        <price t="2014-04-17" v="1139000000"/>
        <price t="2014-04-22" v="1159500000"/>
        <price t="2014-04-23" v="1154000000"/>
        <price t="2014-04-24" v="1165000000"/>
        <price t="2014-04-25" v="1145000000"/>
        <price t="2014-04-28" v="1153000000"/>
        <price t="2014-04-29" v="1182000000"/>
        <price t="2014-04-30" v="1208500000"/>
        <price t="2014-05-02" v="1221500000"/>
        <price t="2014-05-05" v="1226500000"/>
        <price t="2014-05-06" v="1225000000"/>
        <price t="2014-05-07" v="1246000000"/>
        <price t="2014-05-08" v="1249000000"/>
        <price t="2014-05-09" v="1266000000"/>
        <price t="2014-05-12" v="1280000000"/>
        <price t="2014-05-13" v="1291000000"/>
        <price t="2014-05-14" v="1286000000"/>
        <price t="2014-05-15" v="1311500000"/>
        <price t="2014-05-16" v="1254500000"/>
        <price t="2014-05-19" v="1251500000"/>
        <price t="2014-05-20" v="1241500000"/>
        <price t="2014-05-21" v="1240000000"/>
        <price t="2014-05-22" v="1241500000"/>
        <price t="2014-05-23" v="1241500000"/>
        <price t="2014-05-26" v="1245000000"/>
        <price t="2014-05-27" v="1234000000"/>
        <price t="2014-05-28" v="1223000000"/>
        <price t="2014-05-29" v="1219000000"/>
        <price t="2014-05-30" v="1232500000"/>
        <price t="2014-06-02" v="1243500000"/>
        <price t="2014-06-03" v="1232500000"/>
        <price t="2014-06-04" v="1241000000"/>
        <price t="2014-06-05" v="1249000000"/>
        <price t="2014-06-06" v="1260500000"/>
        <price t="2014-06-09" v="1268500000"/>
        <price t="2014-06-10" v="1271000000"/>
        <price t="2014-06-11" v="1258500000"/>
        <price t="2014-06-12" v="1262000000"/>
        <price t="2014-06-13" v="1266500000"/>
        <price t="2014-06-16" v="1257000000"/>
        <price t="2014-06-17" v="1258500000"/>
        <price t="2014-06-18" v="1266000000"/>
        <price t="2014-06-19" v="1280000000"/>
        <price t="2014-06-20" v="1273500000"/>
        <price t="2014-06-23" v="1267500000"/>
        <price t="2014-06-24" v="1275000000"/>
        <price t="2014-06-25" v="1280000000"/>
        <price t="2014-06-26" v="1277500000"/>
        <price t="2014-06-27" v="1278500000"/>
        <price t="2014-06-30" v="1280000000"/>
        <price t="2014-07-01" v="1289500000"/>
        <price t="2014-07-02" v="1247500000"/>
        <price t="2014-07-03" v="1259000000"/>
        <price t="2014-07-04" v="1246500000"/>
        <price t="2014-07-07" v="1233500000"/>
        <price t="2014-07-08" v="1219000000"/>
        <price t="2014-07-09" v="1220000000"/>
        <price t="2014-07-10" v="1207000000"/>
        <price t="2014-07-11" v="1207500000"/>
        <price t="2014-07-14" v="1226500000"/>
        <price t="2014-07-15" v="1216000000"/>
        <price t="2014-07-16" v="1242500000"/>
        <price t="2014-07-17" v="1223500000"/>
        <price t="2014-07-18" v="1212000000"/>
        <price t="2014-07-21" v="1206000000"/>
        <price t="2014-07-22" v="1226000000"/>
        <price t="2014-07-23" v="1216500000"/>
        <price t="2014-07-24" v="1222000000"/>
        <price t="2014-07-25" v="1213500000"/>
        <price t="2014-07-28" v="1219000000"/>
        <price t="2014-07-29" v="1233500000"/>
        <price t="2014-07-30" v="1227500000"/>
        <price t="2014-07-31" v="1210500000"/>
        <price t="2014-08-01" v="1209000000"/>
        <price t="2014-08-04" v="1188000000"/>
        <price t="2014-08-05" v="1186500000"/>
        <price t="2014-08-06" v="1153500000"/>
        <price t="2014-08-07" v="1136000000"/>
        <price t="2014-08-08" v="1109000000"/>
        <price t="2014-08-11" v="1134000000"/>
        <price t="2014-08-12" v="1116000000"/>
        <price t="2014-08-13" v="1133000000"/>
        <price t="2014-08-14" v="1124000000"/>
        <price t="2014-08-15" v="1111000000"/>
        <price t="2014-08-18" v="1124500000"/>
        <price t="2014-08-19" v="1119500000"/>
        <price t="2014-08-20" v="1115500000"/>
        <price t="2014-08-21" v="1131500000"/>
        <price t="2014-08-22" v="1119500000"/>
        <price t="2014-08-25" v="1135500000"/>
        <price t="2014-08-26" v="1138500000"/>
        <price t="2014-08-27" v="1153000000"/>
        <price t="2014-08-28" v="1143000000"/>
        <price t="2014-08-29" v="1138000000"/>
        <price t="2014-09-01" v="1147000000"/>
        <price t="2014-09-02" v="1155500000"/>
        <price t="2014-09-03" v="1164000000"/>
        <price t="2014-09-04" v="1168000000"/>
        <price t="2014-09-05" v="1173000000"/>
        <price t="2014-09-08" v="1174500000"/>
        <price t="2014-09-09" v="1173000000"/>
        <price t="2014-09-10" v="1162000000"/>
        <price t="2014-09-11" v="1165000000"/>
        <price t="2014-09-12" v="1156500000"/>
        <price t="2014-09-15" v="1156000000"/>
        <price t="2014-09-16" v="1157500000"/>
        <price t="2014-09-17" v="1157000000"/>
        <price t="2014-09-18" v="1165000000"/>
        <price t="2014-09-19" v="1209000000"/>
        <price t="2014-09-22" v="1212000000"/>
        <price t="2014-09-23" v="1192500000"/>
        <price t="2014-09-24" v="1216500000"/>
        <price t="2014-09-25" v="1191000000"/>
        <price t="2014-09-26" v="1196000000"/>
        <price t="2014-09-29" v="1191000000"/>
        <price t="2014-09-30" v="1200000000"/>
        <price t="2014-10-01" v="1186000000"/>
        <price t="2014-10-02" v="1159500000"/>
        <price t="2014-10-06" v="1159000000"/>
        <price t="2014-10-07" v="1138500000"/>
        <price t="2014-10-08" v="1127000000"/>
        <price t="2014-10-09" v="1118000000"/>
        <price t="2014-10-10" v="1087000000"/>
        <price t="2014-10-13" v="1090500000"/>
        <price t="2014-10-14" v="1080000000"/>
        <price t="2014-10-15" v="1049000000"/>
        <price t="2014-10-16" v="1035000000"/>
        <price t="2014-10-17" v="1068000000"/>
        <price t="2014-10-20" v="1065000000"/>
        <price t="2014-10-21" v="1085000000"/>
        <price t="2014-10-22" v="1086500000"/>
        <price t="2014-10-23" v="1089500000"/>
        <price t="2014-10-24" v="1117500000"/>
        <price t="2014-10-27" v="1109500000"/>
        <price t="2014-10-28" v="1150000000"/>
        <price t="2014-10-29" v="1162500000"/>
        <price t="2014-10-30" v="1167500000"/>
        <price t="2014-10-31" v="1202000000"/>
        <price t="2014-11-03" v="1189500000"/>
        <price t="2014-11-04" v="1177000000"/>
        <price t="2014-11-05" v="1203500000"/>
        <price t="2014-11-06" v="1203000000"/>
        <price t="2014-11-07" v="1204500000"/>
        <price t="2014-11-10" v="1225500000"/>
        <price t="2014-11-11" v="1253000000"/>
        <price t="2014-11-12" v="1230500000"/>
        <price t="2014-11-13" v="1244500000"/>
        <price t="2014-11-14" v="1251500000"/>
        <price t="2014-11-17" v="1264000000"/>
        <price t="2014-11-18" v="1278000000"/>
        <price t="2014-11-19" v="1289500000"/>
        <price t="2014-11-20" v="1300000000"/>
        <price t="2014-11-21" v="1316000000"/>
        <price t="2014-11-24" v="1331000000"/>
        <price t="2014-11-25" v="1333500000"/>
        <price t="2014-11-26" v="1352500000"/>
        <price t="2014-11-27" v="1347500000"/>
        <price t="2014-11-28" v="1370000000"/>
        <price t="2014-12-01" v="1358000000"/>
        <price t="2014-12-02" v="1348500000"/>
        <price t="2014-12-03" v="1339000000"/>
        <price t="2014-12-04" v="1333000000"/>
        <price t="2014-12-05" v="1370500000"/>
        <price t="2014-12-08" v="1370500000"/>
        <price t="2014-12-09" v="1323500000"/>
        <price t="2014-12-10" v="1291500000"/>
        <price t="2014-12-11" v="1303000000"/>
        <price t="2014-12-12" v="1270500000"/>
        <price t="2014-12-15" v="1247500000"/>
        <price t="2014-12-16" v="1285500000"/>
        <price t="2014-12-17" v="1293000000"/>
        <price t="2014-12-18" v="1346000000"/>
        <price t="2014-12-19" v="1331500000"/>
        <price t="2014-12-22" v="1350000000"/>
        <price t="2014-12-23" v="1359500000"/>
        <price t="2014-12-29" v="1353500000"/>
        <price t="2014-12-30" v="1325000000"/>
        <price t="2015-01-02" v="1318500000"/>
        <price t="2015-01-05" v="1278000000"/>
        <price t="2015-01-06" v="1263000000"/>
        <price t="2015-01-07" v="1299000000"/>
        <price t="2015-01-08" v="1363000000"/>
        <price t="2015-01-09" v="1327000000"/>
        <price t="2015-01-12" v="1360500000"/>
        <price t="2015-01-13" v="1385500000"/>
        <price t="2015-01-14" v="1374500000"/>
        <price t="2015-01-15" v="1391500000"/>
        <price t="2015-01-16" v="1405000000"/>
        <price t="2015-01-19" v="1419500000"/>
        <price t="2015-01-20" v="1429500000"/>
        <price t="2015-01-21" v="1435000000"/>
        <price t="2015-01-22" v="1463000000"/>
        <price t="2015-01-23" v="1489500000"/>
        <price t="2015-01-26" v="1517000000"/>
        <price t="2015-01-27" v="1500000000"/>
        <price t="2015-01-28" v="1523500000"/>
        <price t="2015-01-29" v="1549000000"/>
        <price t="2015-01-30" v="1528500000"/>
        <price t="2015-02-02" v="1555500000"/>
        <price t="2015-02-03" v="1569500000"/>
        <price t="2015-02-04" v="1579000000"/>
        <price t="2015-02-05" v="1584000000"/>
        <price t="2015-02-06" v="1589500000"/>
        <price t="2015-02-09" v="1555500000"/>
        <price t="2015-02-10" v="1577500000"/>
        <price t="2015-02-11" v="1564000000"/>
        <price t="2015-02-12" v="1580500000"/>
        <price t="2015-02-13" v="1594000000"/>
        <price t="2015-02-16" v="1584000000"/>
        <price t="2015-02-17" v="1576000000"/>
        <price t="2015-02-18" v="1560000000"/>
        <price t="2015-02-19" v="1565000000"/>
        <price t="2015-02-20" v="1591500000"/>
        <price t="2015-02-23" v="1582000000"/>
        <price t="2015-02-24" v="1609500000"/>
        <price t="2015-02-25" v="1613000000"/>
        <price t="2015-02-26" v="1619000000"/>
        <price t="2015-02-27" v="1667000000"/>
        <price t="2015-03-02" v="1666500000"/>
        <price t="2015-03-03" v="1632500000"/>
        <price t="2015-03-04" v="1672000000"/>
        <price t="2015-03-05" v="1674000000"/>
        <price t="2015-03-06" v="1676000000"/>
        <price t="2015-03-09" v="1682500000"/>
        <price t="2015-03-10" v="1641500000"/>
        <price t="2015-03-11" v="1680000000"/>
        <price t="2015-03-12" v="1712000000"/>
        <price t="2015-03-13" v="1715000000"/>
        <price t="2015-03-16" v="1718500000"/>
        <price t="2015-03-17" v="1690000000"/>
        <price t="2015-03-18" v="1675000000"/>
        <price t="2015-03-19" v="1673000000"/>
        <price t="2015-03-20" v="1698500000"/>
        <price t="2015-03-23" v="1695500000"/>
        <price t="2015-03-24" v="1716500000"/>
        <price t="2015-03-25" v="1707000000"/>
        <price t="2015-03-26" v="1713500000"/>
        <price t="2015-03-27" v="1702500000"/>
        <price t="2015-03-30" v="1732000000"/>
        <price t="2015-03-31" v="1705000000"/>
        <price t="2015-04-01" v="1704500000"/>
        <price t="2015-04-02" v="1703000000"/>
        <price t="2015-04-07" v="1738000000"/>
        <price t="2015-04-08" v="1716000000"/>
        <price t="2015-04-09" v="1734000000"/>
        <price t="2015-04-10" v="1749000000"/>
        <price t="2015-04-13" v="1760000000"/>
        <price t="2015-04-14" v="1748500000"/>
        <price t="2015-04-15" v="1733500000"/>
        <price t="2015-04-16" v="1680500000"/>
        <price t="2015-04-17" v="1632500000"/>
        <price t="2015-04-20" v="1675000000"/>
        <price t="2015-04-21" v="1679000000"/>
        <price t="2015-04-22" v="1693500000"/>
        <price t="2015-04-23" v="1665500000"/>
        <price t="2015-04-24" v="1700500000"/>
        <price t="2015-04-27" v="1732500000"/>
        <price t="2015-04-28" v="1709500000"/>
        <price t="2015-04-29" v="1650000000"/>
        <price t="2015-04-30" v="1647500000"/>
        <price t="2015-05-04" v="1698000000"/>
        <price t="2015-05-05" v="1644500000"/>
        <price t="2015-05-06" v="1647500000"/>
        <price t="2015-05-07" v="1641500000"/>
        <price t="2015-05-08" v="1692500000"/>
        <price t="2015-05-11" v="1686000000"/>
        <price t="2015-05-12" v="1660000000"/>
        <price t="2015-05-13" v="1600500000"/>
        <price t="2015-05-14" v="1627500000"/>
        <price t="2015-05-15" v="1598000000"/>
        <price t="2015-05-18" v="1644000000"/>
        <price t="2015-05-19" v="1693500000"/>
        <price t="2015-05-20" v="1696000000"/>
        <price t="2015-05-21" v="1703000000"/>
        <price t="2015-05-22" v="1625500000"/>
        <price t="2015-05-26" v="1579500000"/>
        <price t="2015-05-27" v="1608500000"/>
        <price t="2015-05-28" v="1608500000"/>
        <price t="2015-05-29" v="1564500000"/>
        <price t="2015-06-01" v="1564500000"/>
        <price t="2015-06-02" v="1545500000"/>
        <price t="2015-06-03" v="1554500000"/>
        <price t="2015-06-04" v="1575000000"/>
        <price t="2015-06-05" v="1550000000"/>
        <price t="2015-06-08" v="1543000000"/>
        <price t="2015-06-09" v="1501500000"/>
        <price t="2015-06-10" v="1534000000"/>
        <price t="2015-06-11" v="1546000000"/>
        <price t="2015-06-12" v="1540500000"/>
        <price t="2015-06-15" v="1502500000"/>
        <price t="2015-06-16" v="1503000000"/>
        <price t="2015-06-17" v="1519000000"/>
        <price t="2015-06-18" v="1540500000"/>
        <price t="2015-06-19" v="1534000000"/>
        <price t="2015-06-22" v="1616000000"/>
        <price t="2015-06-23" v="1634500000"/>
        <price t="2015-06-24" v="1627500000"/>
        <price t="2015-06-25" v="1639000000"/>
        <price t="2015-06-26" v="1628500000"/>
        <price t="2015-06-29" v="1565500000"/>
        <price t="2015-06-30" v="1545000000"/>
        <price t="2015-07-01" v="1560500000"/>
        <price t="2015-07-02" v="1550000000"/>
        <price t="2015-07-03" v="1539500000"/>
        <price t="2015-07-06" v="1502000000"/>
        <price t="2015-07-07" v="1482500000"/>
        <price t="2015-07-08" v="1498500000"/>
        <price t="2015-07-09" v="1559000000"/>
        <price t="2015-07-10" v="1637500000"/>
        <price t="2015-07-13" v="1655000000"/>
        <price t="2015-07-14" v="1668000000"/>
        <price t="2015-07-15" v="1683500000"/>
        <price t="2015-07-16" v="1710500000"/>
        <price t="2015-07-17" v="1697500000"/>
        <price t="2015-07-20" v="1711500000"/>
        <price t="2015-07-21" v="1685000000"/>
        <price t="2015-07-22" v="1684500000"/>
        <price t="2015-07-23" v="1694000000"/>
        <price t="2015-07-24" v="1685000000"/>
        <price t="2015-07-27" v="1635500000"/>
        <price t="2015-07-28" v="1649000000"/>
        <price t="2015-07-29" v="1669000000"/>
        <price t="2015-07-30" v="1643000000"/>
        <price t="2015-07-31" v="1645000000"/>
        <price t="2015-08-03" v="1695000000"/>
        <price t="2015-08-04" v="1701500000"/>
        <price t="2015-08-05" v="1729000000"/>
        <price t="2015-08-06" v="1699000000"/>
        <price t="2015-08-07" v="1686500000"/>
        <price t="2015-08-10" v="1720000000"/>
        <price t="2015-08-11" v="1704000000"/>
        <price t="2015-08-12" v="1642000000"/>
        <price t="2015-08-13" v="1655000000"/>
        <price t="2015-08-14" v="1641500000"/>
        <price t="2015-08-17" v="1625000000"/>
        <price t="2015-08-18" v="1624000000"/>
        <price t="2015-08-19" v="1583000000"/>
        <price t="2015-08-20" v="1526500000"/>
        <price t="2015-08-21" v="1489500000"/>
        <price t="2015-08-24" v="1404000000"/>
        <price t="2015-08-25" v="1494000000"/>
        <price t="2015-08-26" v="1473500000"/>
        <price t="2015-08-27" v="1533500000"/>
        <price t="2015-08-28" v="1521500000"/>
        <price t="2015-08-31" v="1524500000"/>
        <price t="2015-09-01" v="1483000000"/>
        <price t="2015-09-02" v="1511000000"/>
        <price t="2015-09-03" v="1566500000"/>
        <price t="2015-09-04" v="1546000000"/>
        <price t="2015-09-07" v="1564500000"/>
        <price t="2015-09-08" v="1590500000"/>
        <price t="2015-09-09" v="1602000000"/>
        <price t="2015-09-10" v="1581500000"/>
        <price t="2015-09-11" v="1556500000"/>
        <price t="2015-09-14" v="1565000000"/>
        <price t="2015-09-15" v="1585000000"/>
        <price t="2015-09-16" v="1593500000"/>
        <price t="2015-09-17" v="1598000000"/>
        <price t="2015-09-18" v="1574500000"/>
        <price t="2015-09-21" v="1603000000"/>
        <price t="2015-09-22" v="1562000000"/>
        <price t="2015-09-23" v="1567500000"/>
        <price t="2015-09-24" v="1534500000"/>
        <price t="2015-09-25" v="1602500000"/>
        <price t="2015-09-28" v="1584000000"/>
        <price t="2015-09-29" v="1552000000"/>
        <price t="2015-09-30" v="1588500000"/>
        <price t="2015-10-01" v="1505500000"/>
        <price t="2015-10-02" v="1500000000"/>
        <price t="2015-10-05" v="1549500000"/>
        <price t="2015-10-06" v="1559500000"/>
        <price t="2015-10-07" v="1544500000"/>
        <price t="2015-10-08" v="1526000000"/>
        <price t="2015-10-09" v="1520500000"/>
        <price t="2015-10-12" v="1508500000"/>
        <price t="2015-10-13" v="1488000000"/>
        <price t="2015-10-14" v="1462500000"/>
        <price t="2015-10-15" v="1501000000"/>
        <price t="2015-10-16" v="1519000000"/>
        <price t="2015-10-19" v="1534500000"/>
        <price t="2015-10-20" v="1568000000"/>
        <price t="2015-10-21" v="1573500000"/>
        <price t="2015-10-22" v="1642500000"/>
        <price t="2015-10-23" v="1697000000"/>
        <price t="2015-10-26" v="1708000000"/>
        <price t="2015-10-27" v="1685500000"/>
        <price t="2015-10-28" v="1698500000"/>
        <price t="2015-10-29" v="1700000000"/>
        <price t="2015-10-30" v="1700500000"/>
        <price t="2015-11-02" v="1700000000"/>
        <price t="2015-11-03" v="1697000000"/>
        <price t="2015-11-04" v="1682000000"/>
        <price t="2015-11-05" v="1655000000"/>
        <price t="2015-11-06" v="1678000000"/>
        <price t="2015-11-09" v="1637000000"/>
        <price t="2015-11-10" v="1655000000"/>
        <price t="2015-11-11" v="1681500000"/>
        <price t="2015-11-12" v="1659500000"/>
        <price t="2015-11-13" v="1658000000"/>
        <price t="2015-11-16" v="1662000000"/>
        <price t="2015-11-17" v="1720000000"/>
        <price t="2015-11-18" v="1714500000"/>
        <price t="2015-11-19" v="1715500000"/>
        <price t="2015-11-20" v="1719500000"/>
        <price t="2015-11-23" v="1720000000"/>
        <price t="2015-11-24" v="1696000000"/>
        <price t="2015-11-25" v="1735500000"/>
        <price t="2015-11-26" v="1745500000"/>
        <price t="2015-11-27" v="1748000000"/>
        <price t="2015-11-30" v="1745500000"/>
        <price t="2015-12-01" v="1730500000"/>
        <price t="2015-12-02" v="1729000000"/>
        <price t="2015-12-03" v="1647000000"/>
        <price t="2015-12-04" v="1619000000"/>
        <price t="2015-12-07" v="1660000000"/>
        <price t="2015-12-08" v="1631000000"/>
        <price t="2015-12-09" v="1627000000"/>
        <price t="2015-12-10" v="1623500000"/>
        <price t="2015-12-11" v="1588500000"/>
        <price t="2015-12-14" v="1548000000"/>
        <price t="2015-12-15" v="1625000000"/>
        <price t="2015-12-16" v="1617500000"/>
        <price t="2015-12-17" v="1670500000"/>
        <price t="2015-12-18" v="1649000000"/>
        <price t="2015-12-21" v="1631000000"/>
        <price t="2015-12-22" v="1621500000"/>
        <price t="2015-12-23" v="1661500000"/>
        <price t="2015-12-25" v="1661500000"/>
        <price t="2015-12-28" v="1654500000"/>
        <price t="2015-12-29" v="1697000000"/>
        <price t="2015-12-30" v="1669000000"/>
        <price t="2016-01-04" v="1604000000"/>
        <price t="2016-01-05" v="1599000000"/>
        <price t="2016-01-06" v="1609000000"/>
        <price t="2016-01-07" v="1599000000"/>
        <price t="2016-01-08" v="1575500000"/>
        <price t="2016-01-11" v="1566500000"/>
        <price t="2016-01-12" v="1589000000"/>
        <price t="2016-01-13" v="1591000000"/>
        <price t="2016-01-14" v="1568500000"/>
        <price t="2016-01-15" v="1538500000"/>
        <price t="2016-01-18" v="1525500000"/>
        <price t="2016-01-19" v="1554500000"/>
        <price t="2016-01-20" v="1489500000"/>
        <price t="2016-01-21" v="1536000000"/>
        <price t="2016-01-22" v="1584500000"/>
        <price t="2016-01-25" v="1592500000"/>
        <price t="2016-01-26" v="1584000000"/>
        <price t="2016-01-27" v="1610000000"/>
        <price t="2016-01-28" v="1554500000"/>
        <price t="2016-01-29" v="1601500000"/>
        <price t="2016-02-01" v="1601500000"/>
        <price t="2016-02-02" v="1593500000"/>
        <price t="2016-02-03" v="1564000000"/>
        <price t="2016-02-04" v="1548500000"/>
        <price t="2016-02-05" v="1489000000"/>
        <price t="2016-02-08" v="1430000000"/>
        <price t="2016-02-09" v="1444500000"/>
        <price t="2016-02-10" v="1459000000"/>
        <price t="2016-02-11" v="1427000000"/>
        <price t="2016-02-12" v="1457000000"/>
        <price t="2016-02-15" v="1466000000"/>
        <price t="2016-02-16" v="1458000000"/>
        <price t="2016-02-17" v="1502000000"/>
        <price t="2016-02-18" v="1537000000"/>
        <price t="2016-02-19" v="1523500000"/>
        <price t="2016-02-22" v="1566000000"/>
        <price t="2016-02-23" v="1535500000"/>
        <price t="2016-02-24" v="1502000000"/>
        <price t="2016-02-25" v="1534000000"/>
        <price t="2016-02-26" v="1535000000"/>
        <price t="2016-02-29" v="1547000000"/>
        <price t="2016-03-01" v="1585000000"/>
        <price t="2016-03-02" v="1570500000"/>
        <price t="2016-03-03" v="1538000000"/>
        <price t="2016-03-04" v="1545500000"/>
        <price t="2016-03-07" v="1538000000"/>
        <price t="2016-03-08" v="1530000000"/>
        <price t="2016-03-09" v="1536000000"/>
        <price t="2016-03-10" v="1529500000"/>
        <price t="2016-03-11" v="1583000000"/>
        <price t="2016-03-14" v="1596500000"/>
        <price t="2016-03-15" v="1588500000"/>
        <price t="2016-03-16" v="1597500000"/>
        <price t="2016-03-17" v="1579500000"/>
        <price t="2016-03-18" v="1581500000"/>
        <price t="2016-03-21" v="1574000000"/>
        <price t="2016-03-22" v="1565500000"/>
        <price t="2016-03-23" v="1579500000"/>
        <price t="2016-03-24" v="1548000000"/>
        <price t="2016-03-29" v="1568500000"/>
        <price t="2016-03-30" v="1594500000"/>
        <price t="2016-03-31" v="1577500000"/>
        <price t="2016-04-01" v="1544500000"/>
        <price t="2016-04-04" v="1530500000"/>
        <price t="2016-04-05" v="1496500000"/>
        <price t="2016-04-06" v="1514500000"/>
        <price t="2016-04-07" v="1510000000"/>
        <price t="2016-04-08" v="1510500000"/>
        <price t="2016-04-11" v="1516000000"/>
        <price t="2016-04-12" v="1532000000"/>
        <price t="2016-04-13" v="1551000000"/>
        <price t="2016-04-14" v="1560500000"/>
        <price t="2016-04-15" v="1567500000"/>
        <price t="2016-04-18" v="1571000000"/>
        <price t="2016-04-19" v="1612500000"/>
        <price t="2016-04-20" v="1608500000"/>
        <price t="2016-04-21" v="1592000000"/>
        <price t="2016-04-22" v="1579000000"/>
        <price t="2016-04-25" v="1575000000"/>
        <price t="2016-04-26" v="1571500000"/>
        <price t="2016-04-27" v="1576000000"/>
        <price t="2016-04-28" v="1577000000"/>
        <price t="2016-04-29" v="1528500000"/>
        <price t="2016-05-02" v="1541000000"/>
        <price t="2016-05-03" v="1518000000"/>
        <price t="2016-05-04" v="1485500000"/>
        <price t="2016-05-05" v="1500000000"/>
        <price t="2016-05-06" v="1499500000"/>
        <price t="2016-05-09" v="1543500000"/>
        <price t="2016-05-10" v="1563000000"/>
        <price t="2016-05-11" v="1564500000"/>
        <price t="2016-05-12" v="1565500000"/>
        <price t="2016-05-13" v="1593000000"/>
        <price t="2016-05-17" v="1601500000"/>
        <price t="2016-05-18" v="1598500000"/>
        <price t="2016-05-19" v="1577500000"/>
        <price t="2016-05-20" v="1590500000"/>
        <price t="2016-05-23" v="1584500000"/>
        <price t="2016-05-24" v="1610000000"/>
        <price t="2016-05-25" v="1643000000"/>
        <price t="2016-05-26" v="1596500000"/>
        <price t="2016-05-27" v="1589500000"/>
        <price t="2016-05-30" v="1600000000"/>
        <price t="2016-05-31" v="1587000000"/>
        <price t="2016-06-01" v="1578000000"/>
        <price t="2016-06-02" v="1578000000"/>
        <price t="2016-06-03" v="1564500000"/>
        <price t="2016-06-06" v="1552500000"/>
        <price t="2016-06-07" v="1566500000"/>
        <price t="2016-06-08" v="1550000000"/>
        <price t="2016-06-09" v="1495000000"/>
        <price t="2016-06-10" v="1473000000"/>
        <price t="2016-06-13" v="1459500000"/>
        <price t="2016-06-14" v="1434500000"/>
        <price t="2016-06-15" v="1445000000"/>
        <price t="2016-06-16" v="1433000000"/>
        <price t="2016-06-17" v="1422500000"/>
        <price t="2016-06-20" v="1454000000"/>
        <price t="2016-06-21" v="1445000000"/>
        <price t="2016-06-22" v="1446000000"/>
        <price t="2016-06-23" v="1482500000"/>
        <price t="2016-06-24" v="1405500000"/>
        <price t="2016-06-27" v="1397500000"/>
        <price t="2016-06-28" v="1440000000"/>
        <price t="2016-06-29" v="1501500000"/>
        <price t="2016-06-30" v="1528000000"/>
        <price t="2016-07-01" v="1524500000"/>
        <price t="2016-07-04" v="1514000000"/>
        <price t="2016-07-05" v="1487000000"/>
        <price t="2016-07-06" v="1450000000"/>
        <price t="2016-07-07" v="1465500000"/>
        <price t="2016-07-08" v="1481500000"/>
        <price t="2016-07-11" v="1498000000"/>
        <price t="2016-07-12" v="1511000000"/>
        <price t="2016-07-13" v="1508000000"/>
        <price t="2016-07-14" v="1539500000"/>
        <price t="2016-07-15" v="1545500000"/>
        <price t="2016-07-18" v="1531500000"/>
        <price t="2016-07-19" v="1525000000"/>
        <price t="2016-07-20" v="1524500000"/>
        <price t="2016-07-21" v="1517500000"/>
        <price t="2016-07-22" v="1530000000"/>
        <price t="2016-07-25" v="1530000000"/>
        <price t="2016-07-26" v="1514000000"/>
        <price t="2016-07-27" v="1516000000"/>
        <price t="2016-07-28" v="1517500000"/>
        <price t="2016-07-29" v="1522500000"/>
        <price t="2016-08-01" v="1528000000"/>
        <price t="2016-08-02" v="1517500000"/>
        <price t="2016-08-03" v="1520000000"/>
        <price t="2016-08-04" v="1522500000"/>
        <price t="2016-08-05" v="1551500000"/>
        <price t="2016-08-08" v="1551000000"/>
        <price t="2016-08-09" v="1576000000"/>
        <price t="2016-08-10" v="1565500000"/>
        <price t="2016-08-11" v="1575500000"/>
        <price t="2016-08-12" v="1563500000"/>
        <price t="2016-08-15" v="1560000000"/>
        <price t="2016-08-16" v="1549000000"/>
        <price t="2016-08-17" v="1530500000"/>
        <price t="2016-08-18" v="1539500000"/>
        <price t="2016-08-19" v="1520500000"/>
        <price t="2016-08-22" v="1517000000"/>
        <price t="2016-08-23" v="1512000000"/>
        <price t="2016-08-24" v="1507500000"/>
        <price t="2016-08-25" v="1499500000"/>
        <price t="2016-08-26" v="1507500000"/>
        <price t="2016-08-29" v="1505000000"/>
        <price t="2016-08-30" v="1507500000"/>
        <price t="2016-08-31" v="1497000000"/>
        <price t="2016-09-01" v="1487500000"/>
        <price t="2016-09-02" v="1507000000"/>
        <price t="2016-09-05" v="1505000000"/>
        <price t="2016-09-06" v="1504000000"/>
        <price t="2016-09-07" v="1504000000"/>
        <price t="2016-09-08" v="1502000000"/>
        <price t="2016-09-09" v="1478000000"/>
        <price t="2016-09-12" v="1455000000"/>
        <price t="2016-09-13" v="1441500000"/>
        <price t="2016-09-14" v="1436000000"/>
        <price t="2016-09-15" v="1438500000"/>
        <price t="2016-09-16" v="1443500000"/>
        <price t="2016-09-19" v="1451000000"/>
        <price t="2016-09-20" v="1450000000"/>
        <price t="2016-09-21" v="1478500000"/>
        <price t="2016-09-22" v="1532500000"/>
        <price t="2016-09-23" v="1527500000"/>
        <price t="2016-09-26" v="1497000000"/>
        <price t="2016-09-27" v="1493000000"/>
        <price t="2016-09-28" v="1487000000"/>
        <price t="2016-09-29" v="1495000000"/>
        <price t="2016-09-30" v="1492000000"/>
        <price t="2016-10-04" v="1502500000"/>
        <price t="2016-10-05" v="1475500000"/>
        <price t="2016-10-06" v="1445500000"/>
        <price t="2016-10-07" v="1436000000"/>
        <price t="2016-10-10" v="1452000000"/>
        <price t="2016-10-11" v="1452000000"/>
        <price t="2016-10-12" v="1432000000"/>
        <price t="2016-10-13" v="1418000000"/>
        <price t="2016-10-14" v="1435000000"/>
        <price t="2016-10-17" v="1431000000"/>
        <price t="2016-10-18" v="1452500000"/>
        <price t="2016-10-19" v="1442000000"/>
        <price t="2016-10-20" v="1448500000"/>
        <price t="2016-10-21" v="1452500000"/>
        <price t="2016-10-24" v="1468500000"/>
        <price t="2016-10-25" v="1514000000"/>
        <price t="2016-10-26" v="1507000000"/>
        <price t="2016-10-27" v="1501500000"/>
        <price t="2016-10-28" v="1491500000"/>
        <price t="2016-10-31" v="1484500000"/>
        <price t="2016-11-01" v="1465000000"/>
        <price t="2016-11-02" v="1449000000"/>
        <price t="2016-11-03" v="1446500000"/>
        <price t="2016-11-04" v="1435000000"/>
        <price t="2016-11-07" v="1450000000"/>
        <price t="2016-11-08" v="1456000000"/>
        <price t="2016-11-09" v="1455000000"/>
        <price t="2016-11-10" v="1428500000"/>
        <price t="2016-11-11" v="1437000000"/>
        <price t="2016-11-14" v="1431000000"/>
        <price t="2016-11-15" v="1438500000"/>
        <price t="2016-11-16" v="1440500000"/>
        <price t="2016-11-17" v="1451500000"/>
        <price t="2016-11-18" v="1441000000"/>
        <price t="2016-11-21" v="1441000000"/>
        <price t="2016-11-22" v="1465000000"/>
        <price t="2016-11-23" v="1466500000"/>
        <price t="2016-11-24" v="1471000000"/>
        <price t="2016-11-25" v="1477500000"/>
        <price t="2016-11-28" v="1466000000"/>
        <price t="2016-11-29" v="1478000000"/>
        <price t="2016-11-30" v="1486500000"/>
        <price t="2016-12-01" v="1464500000"/>
        <price t="2016-12-02" v="1473000000"/>
        <price t="2016-12-05" v="1490000000"/>
        <price t="2016-12-06" v="1506000000"/>
        <price t="2016-12-07" v="1525500000"/>
        <price t="2016-12-08" v="1563500000"/>
        <price t="2016-12-09" v="1573500000"/>
        <price t="2016-12-12" v="1564500000"/>
        <price t="2016-12-13" v="1587500000"/>
        <price t="2016-12-14" v="1586000000"/>
        <price t="2016-12-15" v="1595000000"/>
        <price t="2016-12-16" v="1600000000"/>
        <price t="2016-12-19" v="1607500000"/>
        <price t="2016-12-20" v="1616000000"/>
        <price t="2016-12-21" v="1606500000"/>
        <price t="2016-12-22" v="1606500000"/>
        <price t="2016-12-23" v="1612000000"/>
        <price t="2016-12-27" v="1619000000"/>
        <price t="2016-12-28" v="1616500000"/>
        <price t="2016-12-29" v="1630000000"/>
        <price t="2016-12-30" v="1635500000"/>
        <price t="2017-01-02" v="1642500000"/>
        <price t="2017-01-03" v="1636500000"/>
        <price t="2017-01-04" v="1656000000"/>
        <price t="2017-01-05" v="1661000000"/>
        <price t="2017-01-06" v="1655000000"/>
        <price t="2017-01-09" v="1639000000"/>
        <price t="2017-01-10" v="1624500000"/>
        <price t="2017-01-11" v="1636500000"/>
        <price t="2017-01-12" v="1623500000"/>
        <price t="2017-01-13" v="1635500000"/>
        <price t="2017-01-16" v="1625500000"/>
        <price t="2017-01-17" v="1625000000"/>
        <price t="2017-01-18" v="1628000000"/>
        <price t="2017-01-19" v="1622000000"/>
        <price t="2017-01-20" v="1642500000"/>
        <price t="2017-01-23" v="1632000000"/>
        <price t="2017-01-24" v="1619000000"/>
        <price t="2017-01-25" v="1632500000"/>
        <price t="2017-01-26" v="1646000000"/>
        <price t="2017-01-27" v="1635000000"/>
        <price t="2017-01-30" v="1626500000"/>
        <price t="2017-01-31" v="1616000000"/>
        <price t="2017-02-01" v="1602500000"/>
        <price t="2017-02-02" v="1593000000"/>
        <price t="2017-02-03" v="1599500000"/>
        <price t="2017-02-06" v="1582500000"/>
        <price t="2017-02-07" v="1570000000"/>
        <price t="2017-02-08" v="1576500000"/>
        <price t="2017-02-09" v="1593000000"/>
        <price t="2017-02-10" v="1595000000"/>
        <price t="2017-02-13" v="1586500000"/>
        <price t="2017-02-14" v="1579500000"/>
        <price t="2017-02-15" v="1589000000"/>
        <price t="2017-02-16" v="1593500000"/>
        <price t="2017-02-17" v="1586000000"/>
        <price t="2017-02-20" v="1625000000"/>
        <price t="2017-02-21" v="1629500000"/>
        <price t="2017-02-22" v="1648500000"/>
        <price t="2017-02-23" v="1648500000"/>
        <price t="2017-02-24" v="1643000000"/>
        <price t="2017-02-27" v="1633500000"/>
        <price t="2017-02-28" v="1631000000"/>
        <price t="2017-03-01" v="1647000000"/>
        <price t="2017-03-02" v="1627500000"/>
        <price t="2017-03-03" v="1617000000"/>
        <price t="2017-03-06" v="1604000000"/>
        <price t="2017-03-07" v="1604500000"/>
        <price t="2017-03-08" v="1596000000"/>
        <price t="2017-03-09" v="1607000000"/>
        <price t="2017-03-10" v="1608000000"/>
        <price t="2017-03-13" v="1598500000"/>
        <price t="2017-03-14" v="1602000000"/>
        <price t="2017-03-15" v="1599000000"/>
        <price t="2017-03-16" v="1607000000"/>
        <price t="2017-03-17" v="1610500000"/>
        <price t="2017-03-20" v="1600000000"/>
        <price t="2017-03-21" v="1595500000"/>
        <price t="2017-03-22" v="1595500000"/>
        <price t="2017-03-23" v="1613000000"/>
        <price t="2017-03-24" v="1614500000"/>
        <price t="2017-03-27" v="1618500000"/>
        <price t="2017-03-28" v="1631500000"/>
        <price t="2017-03-29" v="1636000000"/>
        <price t="2017-03-30" v="1627500000"/>
        <price t="2017-03-31" v="1642500000"/>
        <price t="2017-04-03" v="1640000000"/>
        <price t="2017-04-04" v="1637000000"/>
        <price t="2017-04-05" v="1625500000"/>
        <price t="2017-04-06" v="1623000000"/>
        <price t="2017-04-07" v="1618000000"/>
        <price t="2017-04-10" v="1620000000"/>
        <price t="2017-04-11" v="1615000000"/>
        <price t="2017-04-12" v="1613500000"/>
        <price t="2017-04-13" v="1605500000"/>
        <price t="2017-04-18" v="1598000000"/>
        <price t="2017-04-19" v="1596000000"/>
        <price t="2017-04-20" v="1591500000"/>
        <price t="2017-04-21" v="1593000000"/>
        <price t="2017-04-24" v="1635500000"/>
        <price t="2017-04-25" v="1646000000"/>
        <price t="2017-04-26" v="1640000000"/>
        <price t="2017-04-27" v="1618500000"/>
        <price t="2017-04-28" v="1610000000"/>
        <price t="2017-05-02" v="1630000000"/>
        <price t="2017-05-03" v="1640500000"/>
        <price t="2017-05-04" v="1653000000"/>
        <price t="2017-05-05" v="1661000000"/>
        <price t="2017-05-08" v="1681000000"/>
        <price t="2017-05-09" v="1685500000"/>
        <price t="2017-05-10" v="1685500000"/>
        <price t="2017-05-11" v="1671500000"/>
        <price t="2017-05-12" v="1753000000"/>
        <price t="2017-05-15" v="1748000000"/>
        <price t="2017-05-16" v="1765000000"/>
        <price t="2017-05-17" v="1746500000"/>
        <price t="2017-05-18" v="1738500000"/>
        <price t="2017-05-19" v="1780000000"/>
        <price t="2017-05-22" v="1804500000"/>
        <price t="2017-05-23" v="1800000000"/>
        <price t="2017-05-24" v="1784500000"/>
        <price t="2017-05-25" v="1785000000"/>
        <price t="2017-05-26" v="1791000000"/>
        <price t="2017-05-29" v="1794500000"/>
        <price t="2017-05-30" v="1778000000"/>
        <price t="2017-05-31" v="1772500000"/>
        <price t="2017-06-01" v="1728000000"/>
        <price t="2017-06-02" v="1738000000"/>
        <price t="2017-06-05" v="1738000000"/>
        <price t="2017-06-06" v="1722500000"/>
        <price t="2017-06-07" v="1730500000"/>
        <price t="2017-06-08" v="1709500000"/>
        <price t="2017-06-09" v="1712500000"/>
        <price t="2017-06-12" v="1695500000"/>
        <price t="2017-06-13" v="1688000000"/>
        <price t="2017-06-14" v="1679500000"/>
        <price t="2017-06-15" v="1639500000"/>
        <price t="2017-06-16" v="1669000000"/>
        <price t="2017-06-19" v="1680500000"/>
        <price t="2017-06-20" v="1679000000"/>
        <price t="2017-06-21" v="1678000000"/>
        <price t="2017-06-22" v="1669500000"/>
        <price t="2017-06-23" v="1666000000"/>
        <price t="2017-06-26" v="1662000000"/>
        <price t="2017-06-27" v="1624000000"/>
        <price t="2017-06-28" v="1624500000"/>
        <price t="2017-06-29" v="1590500000"/>
        <price t="2017-06-30" v="1572000000"/>
        <price t="2017-07-03" v="1582500000"/>
        <price t="2017-07-04" v="1567500000"/>
        <price t="2017-07-05" v="1555500000"/>
        <price t="2017-07-06" v="1555000000"/>
        <price t="2017-07-07" v="1557000000"/>
        <price t="2017-07-10" v="1569500000"/>
        <price t="2017-07-11" v="1565000000"/>
        <price t="2017-07-12" v="1585500000"/>
        <price t="2017-07-13" v="1594000000"/>
        <price t="2017-07-14" v="1584000000"/>
        <price t="2017-07-17" v="1573500000"/>
        <price t="2017-07-18" v="1556000000"/>
        <price t="2017-07-19" v="1564500000"/>
        <price t="2017-07-20" v="1573500000"/>
        <price t="2017-07-21" v="1557500000"/>
        <price t="2017-07-24" v="1553500000"/>
        <price t="2017-07-25" v="1546500000"/>
        <price t="2017-07-26" v="1552500000"/>
        <price t="2017-07-27" v="1565000000"/>
        <price t="2017-07-28" v="1556500000"/>
        <price t="2017-07-31" v="1544500000"/>
        <price t="2017-08-01" v="1559500000"/>
        <price t="2017-08-02" v="1553500000"/>
        <price t="2017-08-03" v="1555500000"/>
        <price t="2017-08-04" v="1575000000"/>
        <price t="2017-08-07" v="1594500000"/>
        <price t="2017-08-08" v="1597500000"/>
        <price t="2017-08-09" v="1584500000"/>
        <price t="2017-08-10" v="1563000000"/>
        <price t="2017-08-11" v="1550000000"/>
        <price t="2017-08-14" v="1576500000"/>
        <price t="2017-08-15" v="1569500000"/>
        <price t="2017-08-16" v="1561500000"/>
        <price t="2017-08-17" v="1556500000"/>
        <price t="2017-08-18" v="1551000000"/>
        <price t="2017-08-21" v="1543000000"/>
        <price t="2017-08-22" v="1556000000"/>
        <price t="2017-08-23" v="1543000000"/>
        <price t="2017-08-24" v="1537500000"/>
        <price t="2017-08-25" v="1530000000"/>
        <price t="2017-08-28" v="1526000000"/>
        <price t="2017-08-29" v="1510500000"/>
        <price t="2017-08-30" v="1512000000"/>
        <price t="2017-08-31" v="1516000000"/>
        <price t="2017-09-01" v="1511500000"/>
        <price t="2017-09-04" v="1509000000"/>
        <price t="2017-09-05" v="1500000000"/>
        <price t="2017-09-06" v="1500000000"/>
        <price t="2017-09-07" v="1509000000"/>
        <price t="2017-09-08" v="1503000000"/>
        <price t="2017-09-11" v="1514500000"/>
        <price t="2017-09-12" v="1511000000"/>
        <price t="2017-09-13" v="1501000000"/>
        <price t="2017-09-14" v="1499000000"/>
        <price t="2017-09-15" v="1500500000"/>
        <price t="2017-09-18" v="1508500000"/>
        <price t="2017-09-19" v="1555500000"/>
        <price t="2017-09-20" v="1568000000"/>
        <price t="2017-09-21" v="1534000000"/>
        <price t="2017-09-22" v="1546000000"/>
        <price t="2017-09-25" v="1561000000"/>
        <price t="2017-09-26" v="1572500000"/>
        <price t="2017-09-27" v="1570000000"/>
        <price t="2017-09-28" v="1570500000"/>
        <price t="2017-09-29" v="1578500000"/>
        <price t="2017-10-02" v="1573500000"/>
        <price t="2017-10-03" v="1573500000"/>
        <price t="2017-10-04" v="1566500000"/>
        <price t="2017-10-05" v="1569500000"/>
        <price t="2017-10-06" v="1569500000"/>
        <price t="2017-10-09" v="1570500000"/>
        <price t="2017-10-10" v="1567000000"/>
        <price t="2017-10-11" v="1565500000"/>
        <price t="2017-10-12" v="1543000000"/>
        <price t="2017-10-13" v="1545000000"/>
        <price t="2017-10-16" v="1555500000"/>
        <price t="2017-10-17" v="1542500000"/>
        <price t="2017-10-18" v="1555000000"/>
        <price t="2017-10-19" v="1535000000"/>
        <price t="2017-10-20" v="1540500000"/>
        <price t="2017-10-23" v="1542000000"/>
        <price t="2017-10-24" v="1552000000"/>
        <price t="2017-10-25" v="1540500000"/>
        <price t="2017-10-26" v="1550000000"/>
        <price t="2017-10-27" v="1560000000"/>
        <price t="2017-10-30" v="1564000000"/>
        <price t="2017-10-31" v="1564000000"/>
        <price t="2017-11-01" v="1535000000"/>
        <price t="2017-11-02" v="1545000000"/>
        <price t="2017-11-03" v="1564000000"/>
        <price t="2017-11-06" v="1523000000"/>
        <price t="2017-11-07" v="1514500000"/>
        <price t="2017-11-08" v="1504500000"/>
        <price t="2017-11-09" v="1508000000"/>
        <price t="2017-11-10" v="1507500000"/>
        <price t="2017-11-13" v="1503000000"/>
        <price t="2017-11-14" v="1501500000"/>
        <price t="2017-11-15" v="1507500000"/>
        <price t="2017-11-16" v="1510000000"/>
        <price t="2017-11-17" v="1496000000"/>
        <price t="2017-11-20" v="1500000000"/>
        <price t="2017-11-21" v="1494500000"/>
        <price t="2017-11-22" v="1478000000"/>
        <price t="2017-11-23" v="1483000000"/>
        <price t="2017-11-24" v="1480500000"/>
        <price t="2017-11-27" v="1476000000"/>
        <price t="2017-11-28" v="1483500000"/>
        <price t="2017-11-29" v="1481000000"/>
        <price t="2017-11-30" v="1501000000"/>
        <price t="2017-12-01" v="1497500000"/>
        <price t="2017-12-04" v="1524500000"/>
        <price t="2017-12-05" v="1527500000"/>
        <price t="2017-12-06" v="1536000000"/>
        <price t="2017-12-07" v="1562000000"/>
        <price t="2017-12-08" v="1552000000"/>
        <price t="2017-12-11" v="1533000000"/>
        <price t="2017-12-12" v="1528000000"/>
        <price t="2017-12-13" v="1520000000"/>
        <price t="2017-12-14" v="1517500000"/>
        <price t="2017-12-15" v="1506500000"/>
        <price t="2017-12-18" v="1524500000"/>
        <price t="2017-12-19" v="1510500000"/>
        <price t="2017-12-20" v="1500000000"/>
        <price t="2017-12-21" v="1504500000"/>
        <price t="2017-12-22" v="1500500000"/>
        <price t="2017-12-27" v="1499500000"/>
        <price t="2017-12-28" v="1483000000"/>
        <price t="2017-12-29" v="1479500000"/>
        <price t="2018-01-02" v="1482500000"/>
        <price t="2018-01-03" v="1479000000"/>
        <price t="2018-01-04" v="1487000000"/>
        <price t="2018-01-05" v="1495000000"/>
        <price t="2018-01-08" v="1503000000"/>
        <price t="2018-01-09" v="1498500000"/>
        <price t="2018-01-10" v="1474000000"/>
        <price t="2018-01-11" v="1440500000"/>
        <price t="2018-01-12" v="1446000000"/>
        <price t="2018-01-15" v="1446000000"/>
        <price t="2018-01-16" v="1456500000"/>
        <price t="2018-01-17" v="1444500000"/>
        <price t="2018-01-18" v="1443000000"/>
        <price t="2018-01-19" v="1443000000"/>
        <price t="2018-01-22" v="1473500000"/>
        <price t="2018-01-23" v="1482500000"/>
        <price t="2018-01-24" v="1470000000"/>
        <price t="2018-01-25" v="1458000000"/>
        <price t="2018-01-26" v="1457500000"/>
        <price t="2018-01-29" v="1447000000"/>
        <price t="2018-01-30" v="1419500000"/>
        <price t="2018-01-31" v="1412500000"/>
        <price t="2018-02-01" v="1395500000"/>
        <price t="2018-02-02" v="1380500000"/>
        <price t="2018-02-05" v="1367000000"/>
        <price t="2018-02-06" v="1330000000"/>
        <price t="2018-02-07" v="1348000000"/>
        <price t="2018-02-08" v="1312000000"/>
        <price t="2018-02-09" v="1296000000"/>
        <price t="2018-02-12" v="1322500000"/>
        <price t="2018-02-13" v="1301500000"/>
        <price t="2018-02-14" v="1307000000"/>
        <price t="2018-02-15" v="1302000000"/>
        <price t="2018-02-16" v="1316000000"/>
        <price t="2018-02-19" v="1318000000"/>
        <price t="2018-02-20" v="1329000000"/>
        <price t="2018-02-21" v="1328500000"/>
        <price t="2018-02-22" v="1297000000"/>
        <price t="2018-02-23" v="1339500000"/>
        <price t="2018-02-26" v="1347000000"/>
        <price t="2018-02-27" v="1328500000"/>
        <price t="2018-02-28" v="1326000000"/>
        <price t="2018-03-01" v="1307500000"/>
        <price t="2018-03-02" v="1287500000"/>
        <price t="2018-03-05" v="1306000000"/>
        <price t="2018-03-06" v="1320000000"/>
        <price t="2018-03-07" v="1316000000"/>
        <price t="2018-03-08" v="1325500000"/>
        <price t="2018-03-09" v="1322500000"/>
        <price t="2018-03-12" v="1325000000"/>
        <price t="2018-03-13" v="1310000000"/>
        <price t="2018-03-14" v="1312000000"/>
        <price t="2018-03-15" v="1315000000"/>
        <price t="2018-03-16" v="1341000000"/>
        <price t="2018-03-19" v="1327000000"/>
        <price t="2018-03-20" v="1319500000"/>
        <price t="2018-03-21" v="1314000000"/>
        <price t="2018-03-22" v="1291000000"/>
        <price t="2018-03-23" v="1295000000"/>
        <price t="2018-03-26" v="1280500000"/>
        <price t="2018-03-27" v="1298000000"/>
        <price t="2018-03-28" v="1305000000"/>
        <price t="2018-03-29" v="1325000000"/>
        <price t="2018-04-03" v="1313000000"/>
        <price t="2018-04-04" v="1311500000"/>
        <price t="2018-04-05" v="1345500000"/>
        <price t="2018-04-06" v="1345000000"/>
        <price t="2018-04-09" v="1351500000"/>
        <price t="2018-04-10" v="1355500000"/>
        <price t="2018-04-11" v="1385000000"/>
        <price t="2018-04-12" v="1387000000"/>
        <price t="2018-04-13" v="1395000000"/>
        <price t="2018-04-16" v="1387000000"/>
        <price t="2018-04-17" v="1404500000"/>
        <price t="2018-04-18" v="1399500000"/>
        <price t="2018-04-19" v="1395500000"/>
        <price t="2018-04-20" v="1404500000"/>
        <price t="2018-04-23" v="1421500000"/>
        <price t="2018-04-24" v="1411500000"/>
        <price t="2018-04-25" v="1409000000"/>
        <price t="2018-04-26" v="1433500000"/>
        <price t="2018-04-27" v="1454000000"/>
        <price t="2018-04-30" v="1449500000"/>
        <price t="2018-05-02" v="1454500000"/>
        <price t="2018-05-03" v="1436500000"/>
        <price t="2018-05-04" v="1450000000"/>
        <price t="2018-05-07" v="1456500000"/>
        <price t="2018-05-08" v="1450500000"/>
        <price t="2018-05-09" v="1430000000"/>
        <price t="2018-05-10" v="1431000000"/>
        <price t="2018-05-11" v="1427000000"/>
        <price t="2018-05-14" v="1422000000"/>
        <price t="2018-05-15" v="1415500000"/>
        <price t="2018-05-16" v="1415000000"/>
        <price t="2018-05-17" v="1414000000"/>
        <price t="2018-05-18" v="1344500000"/>
        <price t="2018-05-21" v="1344500000"/>
        <price t="2018-05-22" v="1353500000"/>
        <price t="2018-05-23" v="1352000000"/>
        <price t="2018-05-24" v="1331500000"/>
        <price t="2018-05-25" v="1337000000"/>
        <price t="2018-05-28" v="1329500000"/>
        <price t="2018-05-29" v="1316000000"/>
        <price t="2018-05-30" v="1333000000"/>
        <price t="2018-05-31" v="1322000000"/>
        <price t="2018-06-01" v="1323000000"/>
        <price t="2018-06-04" v="1333000000"/>
        <price t="2018-06-05" v="1339500000"/>
        <price t="2018-06-06" v="1345000000"/>
        <price t="2018-06-07" v="1345500000"/>
        <price t="2018-06-08" v="1333500000"/>
        <price t="2018-06-11" v="1364500000"/>
        <price t="2018-06-12" v="1378500000"/>
        <price t="2018-06-13" v="1362000000"/>
        <price t="2018-06-14" v="1385000000"/>
        <price t="2018-06-15" v="1380500000"/>
        <price t="2018-06-18" v="1360500000"/>
        <price t="2018-06-19" v="1350000000"/>
        <price t="2018-06-20" v="1347000000"/>
        <price t="2018-06-21" v="1338500000"/>
        <price t="2018-06-22" v="1354000000"/>
        <price t="2018-06-25" v="1331500000"/>
        <price t="2018-06-26" v="1320000000"/>
        <price t="2018-06-27" v="1332500000"/>
        <price t="2018-06-28" v="1325500000"/>
        <price t="2018-06-29" v="1327000000"/>
        <price t="2018-07-02" v="1328500000"/>
        <price t="2018-07-03" v="1354000000"/>
        <price t="2018-07-04" v="1374000000"/>
        <price t="2018-07-05" v="1378500000"/>
        <price t="2018-07-06" v="1383500000"/>
        <price t="2018-07-09" v="1384500000"/>
        <price t="2018-07-10" v="1389000000"/>
        <price t="2018-07-11" v="1381000000"/>
        <price t="2018-07-12" v="1386500000"/>
        <price t="2018-07-13" v="1376000000"/>
        <price t="2018-07-16" v="1372500000"/>
        <price t="2018-07-17" v="1371000000"/>
        <price t="2018-07-18" v="1378000000"/>
        <price t="2018-07-19" v="1378000000"/>
        <price t="2018-07-20" v="1374500000"/>
        <price t="2018-07-23" v="1369500000"/>
        <price t="2018-07-24" v="1360500000"/>
        <price t="2018-07-25" v="1362500000"/>
        <price t="2018-07-26" v="1386500000"/>
        <price t="2018-07-27" v="1414500000"/>
        <price t="2018-07-30" v="1418000000"/>
        <price t="2018-07-31" v="1415000000"/>
        <price t="2018-08-01" v="1417000000"/>
        <price t="2018-08-02" v="1402500000"/>
        <price t="2018-08-03" v="1423500000"/>
        <price t="2018-08-06" v="1424000000"/>
        <price t="2018-08-07" v="1427000000"/>
        <price t="2018-08-08" v="1429000000"/>
        <price t="2018-08-09" v="1428000000"/>
        <price t="2018-08-10" v="1395000000"/>
        <price t="2018-08-13" v="1402000000"/>
        <price t="2018-08-14" v="1407500000"/>
        <price t="2018-08-15" v="1391500000"/>
        <price t="2018-08-16" v="1400000000"/>
        <price t="2018-08-17" v="1394500000"/>
        <price t="2018-08-20" v="1398000000"/>
        <price t="2018-08-21" v="1399000000"/>
        <price t="2018-08-22" v="1413500000"/>
        <price t="2018-08-23" v="1417000000"/>
        <price t="2018-08-24" v="1411500000"/>
        <price t="2018-08-27" v="1418000000"/>
        <price t="2018-08-28" v="1405500000"/>
        <price t="2018-08-29" v="1411000000"/>
        <price t="2018-08-30" v="1397000000"/>
        <price t="2018-08-31" v="1391000000"/>
        <price t="2018-09-03" v="1397500000"/>
        <price t="2018-09-04" v="1374000000"/>
        <price t="2018-09-05" v="1344500000"/>
        <price t="2018-09-06" v="1343500000"/>
        <price t="2018-09-07" v="1358500000"/>
        <price t="2018-09-10" v="1364500000"/>
        <price t="2018-09-11" v="1370000000"/>
        <price t="2018-09-12" v="1366000000"/>
        <price t="2018-09-13" v="1370000000"/>
        <price t="2018-09-14" v="1374500000"/>
        <price t="2018-09-17" v="1376500000"/>
        <price t="2018-09-18" v="1389500000"/>
        <price t="2018-09-19" v="1374500000"/>
        <price t="2018-09-20" v="1384000000"/>
        <price t="2018-09-21" v="1390000000"/>
        <price t="2018-09-24" v="1380000000"/>
        <price t="2018-09-25" v="1384500000"/>
        <price t="2018-09-26" v="1397000000"/>
        <price t="2018-09-27" v="1407500000"/>
        <price t="2018-09-28" v="1388500000"/>
        <price t="2018-10-01" v="1389000000"/>
        <price t="2018-10-02" v="1385500000"/>
        <price t="2018-10-04" v="1406500000"/>
        <price t="2018-10-05" v="1401500000"/>
        <price t="2018-10-08" v="1395000000"/>
        <price t="2018-10-09" v="1391000000"/>
        <price t="2018-10-10" v="1428500000"/>
        <price t="2018-10-11" v="1400000000"/>
        <price t="2018-10-12" v="1385500000"/>
        <price t="2018-10-15" v="1414500000"/>
        <price t="2018-10-16" v="1426000000"/>
        <price t="2018-10-17" v="1439500000"/>
        <price t="2018-10-18" v="1455000000"/>
        <price t="2018-10-19" v="1465500000"/>
        <price t="2018-10-22" v="1456500000"/>
        <price t="2018-10-23" v="1442000000"/>
        <price t="2018-10-24" v="1455000000"/>
        <price t="2018-10-25" v="1443500000"/>
        <price t="2018-10-26" v="1420000000"/>
        <price t="2018-10-29" v="1421500000"/>
        <price t="2018-10-30" v="1438500000"/>
        <price t="2018-10-31" v="1449500000"/>
        <price t="2018-11-01" v="1445000000"/>
        <price t="2018-11-02" v="1439000000"/>
        <price t="2018-11-05" v="1447000000"/>
        <price t="2018-11-06" v="1450500000"/>
        <price t="2018-11-07" v="1468000000"/>
        <price t="2018-11-08" v="1466000000"/>
        <price t="2018-11-09" v="1469500000"/>
        <price t="2018-11-12" v="1468500000"/>
        <price t="2018-11-13" v="1491500000"/>
        <price t="2018-11-14" v="1496500000"/>
        <price t="2018-11-15" v="1493000000"/>
        <price t="2018-11-16" v="1513000000"/>
        <price t="2018-11-19" v="1517000000"/>
        <price t="2018-11-20" v="1518500000"/>
        <price t="2018-11-21" v="1530500000"/>
        <price t="2018-11-22" v="1511000000"/>
        <price t="2018-11-23" v="1522000000"/>
        <price t="2018-11-26" v="1537500000"/>
        <price t="2018-11-27" v="1548000000"/>
        <price t="2018-11-28" v="1538000000"/>
        <price t="2018-11-29" v="1538500000"/>
        <price t="2018-11-30" v="1548500000"/>
        <price t="2018-12-03" v="1544500000"/>
        <price t="2018-12-04" v="1543000000"/>
        <price t="2018-12-05" v="1532000000"/>
        <price t="2018-12-06" v="1503000000"/>
        <price t="2018-12-07" v="1511000000"/>
        <price t="2018-12-10" v="1498500000"/>
        <price t="2018-12-11" v="1507500000"/>
        <price t="2018-12-12" v="1519000000"/>
        <price t="2018-12-13" v="1507500000"/>
        <price t="2018-12-14" v="1510500000"/>
        <price t="2018-12-17" v="1521500000"/>
        <price t="2018-12-18" v="1514000000"/>
        <price t="2018-12-19" v="1537500000"/>
        <price t="2018-12-20" v="1512500000"/>
        <price t="2018-12-21" v="1501000000"/>
        <price t="2018-12-27" v="1459000000"/>
        <price t="2018-12-28" v="1482000000"/>
        <price t="2019-01-02" v="1482000000"/>
        <price t="2019-01-03" v="1493000000"/>
        <price t="2019-01-04" v="1504500000"/>
        <price t="2019-01-07" v="1506500000"/>
        <price t="2019-01-08" v="1486500000"/>
        <price t="2019-01-09" v="1477000000"/>
        <price t="2019-01-10" v="1478000000"/>
        <price t="2019-01-11" v="1473500000"/>
        <price t="2019-01-14" v="1470500000"/>
        <price t="2019-01-15" v="1468500000"/>
        <price t="2019-01-16" v="1467500000"/>
        <price t="2019-01-17" v="1459000000"/>
        <price t="2019-01-18" v="1489000000"/>
        <price t="2019-01-21" v="1453000000"/>
        <price t="2019-01-22" v="1454000000"/>
        <price t="2019-01-23" v="1445500000"/>
        <price t="2019-01-24" v="1419000000"/>
        <price t="2019-01-25" v="1409500000"/>
        <price t="2019-01-28" v="1420000000"/>
        <price t="2019-01-29" v="1428500000"/>
        <price t="2019-01-30" v="1423500000"/>
        <price t="2019-01-31" v="1419000000"/>
        <price t="2019-02-01" v="1421000000"/>
        <price t="2019-02-04" v="1415500000"/>
        <price t="2019-02-05" v="1448500000"/>
        <price t="2019-02-06" v="1434000000"/>
        <price t="2019-02-07" v="1418500000"/>
        <price t="2019-02-08" v="1414000000"/>
        <price t="2019-02-11" v="1416000000"/>
        <price t="2019-02-12" v="1415500000"/>
        <price t="2019-02-13" v="1416500000"/>
        <price t="2019-02-14" v="1414500000"/>
        <price t="2019-02-15" v="1426000000"/>
        <price t="2019-02-18" v="1438000000"/>
        <price t="2019-02-19" v="1448000000"/>
        <price t="2019-02-20" v="1458000000"/>
        <price t="2019-02-21" v="1463500000"/>
        <price t="2019-02-22" v="1468000000"/>
        <price t="2019-02-25" v="1458000000"/>
        <price t="2019-02-26" v="1449500000"/>
        <price t="2019-02-27" v="1448000000"/>
        <price t="2019-02-28" v="1448500000"/>
        <price t="2019-03-01" v="1452500000"/>
        <price t="2019-03-04" v="1458500000"/>
        <price t="2019-03-05" v="1469000000"/>
        <price t="2019-03-06" v="1468500000"/>
        <price t="2019-03-07" v="1487000000"/>
        <price t="2019-03-08" v="1486500000"/>
        <price t="2019-03-11" v="1496500000"/>
        <price t="2019-03-12" v="1500500000"/>
        <price t="2019-03-13" v="1511000000"/>
        <price t="2019-03-14" v="1519000000"/>
        <price t="2019-03-15" v="1546000000"/>
        <price t="2019-03-18" v="1565000000"/>
        <price t="2019-03-19" v="1569000000"/>
        <price t="2019-03-20" v="1566500000"/>
        <price t="2019-03-21" v="1580000000"/>
        <price t="2019-03-22" v="1564500000"/>
        <price t="2019-03-25" v="1555000000"/>
        <price t="2019-03-26" v="1563500000"/>
        <price t="2019-03-27" v="1563500000"/>
        <price t="2019-03-28" v="1553000000"/>
        <price t="2019-03-29" v="1479500000"/>
        <price t="2019-04-01" v="1483400000"/>
        <price t="2019-04-02" v="1482400000"/>
        <price t="2019-04-03" v="1494600000"/>
        <price t="2019-04-04" v="1505200000"/>
        <price t="2019-04-05" v="1498400000"/>
        <price t="2019-04-08" v="1497400000"/>
        <price t="2019-04-09" v="1496800000"/>
        <price t="2019-04-10" v="1492600000"/>
        <price t="2019-04-11" v="1486000000"/>
        <price t="2019-04-12" v="1482800000"/>
        <price t="2019-04-15" v="1495200000"/>
        <price t="2019-04-16" v="1495000000"/>
        <price t="2019-04-17" v="1478000000"/>
        <price t="2019-04-18" v="1488800000"/>
        <price t="2019-04-23" v="1500000000"/>
        <price t="2019-04-24" v="1482400000"/>
        <price t="2019-04-25" v="1492000000"/>
        <price t="2019-04-26" v="1496000000"/>
        <price t="2019-04-29" v="1495000000"/>
        <price t="2019-04-30" v="1491400000"/>
        <price t="2019-05-02" v="1499000000"/>
        <price t="2019-05-03" v="1491800000"/>
        <price t="2019-05-06" v="1489400000"/>
        <price t="2019-05-07" v="1486200000"/>
        <price t="2019-05-08" v="1493000000"/>
        <price t="2019-05-09" v="1484600000"/>
        <price t="2019-05-10" v="1491400000"/>
        <price t="2019-05-13" v="1464000000"/>
        <price t="2019-05-14" v="1486800000"/>
        <price t="2019-05-15" v="1486600000"/>
        <price t="2019-05-16" v="1520600000"/>
        <price t="2019-05-17" v="1521000000"/>
        <price t="2019-05-20" v="1528600000"/>
        <price t="2019-05-21" v="1511800000"/>
        <price t="2019-05-22" v="1509000000"/>
        <price t="2019-05-23" v="1504600000"/>
        <price t="2019-05-24" v="1507000000"/>
        <price t="2019-05-27" v="1521600000"/>
        <price t="2019-05-28" v="1526000000"/>
        <price t="2019-05-29" v="1516400000"/>
        <price t="2019-05-30" v="1520400000"/>
        <price t="2019-05-31" v="1511000000"/>
        <price t="2019-06-03" v="1522400000"/>
        <price t="2019-06-04" v="1523400000"/>
        <price t="2019-06-05" v="1529600000"/>
        <price t="2019-06-06" v="1535400000"/>
        <price t="2019-06-07" v="1538800000"/>
        <price t="2019-06-11" v="1532800000"/>
        <price t="2019-06-12" v="1547000000"/>
        <price t="2019-06-13" v="1546000000"/>
        <price t="2019-06-14" v="1539000000"/>
        <price t="2019-06-17" v="1535400000"/>
        <price t="2019-06-18" v="1557800000"/>
        <price t="2019-06-19" v="1552000000"/>
        <price t="2019-06-20" v="1545400000"/>
        <price t="2019-06-21" v="1541200000"/>
        <price t="2019-06-24" v="1535600000"/>
        <price t="2019-06-25" v="1535600000"/>
        <price t="2019-06-26" v="1527000000"/>
        <price t="2019-06-27" v="1517000000"/>
        <price t="2019-06-28" v="1521200000"/>
        <price t="2019-07-01" v="1523800000"/>
        <price t="2019-07-02" v="1522600000"/>
        <price t="2019-07-03" v="1536600000"/>
        <price t="2019-07-04" v="1552000000"/>
        <price t="2019-07-05" v="1546000000"/>
        <price t="2019-07-08" v="1544800000"/>
        <price t="2019-07-09" v="1546000000"/>
        <price t="2019-07-10" v="1541000000"/>
        <price t="2019-07-11" v="1531200000"/>
        <price t="2019-07-12" v="1524600000"/>
        <price t="2019-07-15" v="1506000000"/>
        <price t="2019-07-16" v="1500000000"/>
        <price t="2019-07-17" v="1487200000"/>
        <price t="2019-07-18" v="1477000000"/>
        <price t="2019-07-19" v="1468400000"/>
        <price t="2019-07-22" v="1470000000"/>
        <price t="2019-07-23" v="1473800000"/>
        <price t="2019-07-24" v="1481400000"/>
        <price t="2019-07-25" v="1465600000"/>
        <price t="2019-07-26" v="1484400000"/>
        <price t="2019-07-29" v="1514200000"/>
        <price t="2019-07-30" v="1488800000"/>
        <price t="2019-07-31" v="1488000000"/>
        <price t="2019-08-01" v="1505200000"/>
        <price t="2019-08-02" v="1482800000"/>
        <price t="2019-08-05" v="1465800000"/>
        <price t="2019-08-06" v="1460000000"/>
        <price t="2019-08-07" v="1462600000"/>
        <price t="2019-08-08" v="1454800000"/>
        <price t="2019-08-09" v="1445200000"/>
        <price t="2019-08-12" v="1446200000"/>
        <price t="2019-08-13" v="1458800000"/>
        <price t="2019-08-14" v="1453800000"/>
        <price t="2019-08-15" v="1464800000"/>
        <price t="2019-08-16" v="1488200000"/>
        <price t="2019-08-19" v="1498200000"/>
        <price t="2019-08-20" v="1496400000"/>
        <price t="2019-08-21" v="1488000000"/>
        <price t="2019-08-22" v="1482600000"/>
        <price t="2019-08-23" v="1477400000"/>
        <price t="2019-08-26" v="1481200000"/>
        <price t="2019-08-27" v="1490000000"/>
        <price t="2019-08-28" v="1492800000"/>
        <price t="2019-08-29" v="1514000000"/>
        <price t="2019-08-30" v="1517600000"/>
        <price t="2019-09-02" v="1525000000"/>
        <price t="2019-09-03" v="1519200000"/>
        <price t="2019-09-04" v="1519600000"/>
        <price t="2019-09-05" v="1508000000"/>
        <price t="2019-09-06" v="1509200000"/>
        <price t="2019-09-09" v="1503400000"/>
        <price t="2019-09-10" v="1505200000"/>
        <price t="2019-09-11" v="1509000000"/>
        <price t="2019-09-12" v="1517600000"/>
        <price t="2019-09-13" v="1513600000"/>
        <price t="2019-09-16" v="1513200000"/>
        <price t="2019-09-17" v="1513400000"/>
        <price t="2019-09-18" v="1520600000"/>
        <price t="2019-09-19" v="1524800000"/>
        <price t="2019-09-20" v="1537800000"/>
        <price t="2019-09-23" v="1542400000"/>
        <price t="2019-09-24" v="1533400000"/>
        <price t="2019-09-25" v="1529600000"/>
        <price t="2019-09-26" v="1542400000"/>
        <price t="2019-09-27" v="1536200000"/>
        <price t="2019-09-30" v="1539400000"/>
        <price t="2019-10-01" v="1533800000"/>
        <price t="2019-10-02" v="1505200000"/>
        <price t="2019-10-04" v="1513200000"/>
        <price t="2019-10-07" v="1525000000"/>
        <price t="2019-10-08" v="1527200000"/>
        <price t="2019-10-09" v="1535000000"/>
        <price t="2019-10-10" v="1530400000"/>
        <price t="2019-10-11" v="1545600000"/>
        <price t="2019-10-14" v="1549600000"/>
        <price t="2019-10-15" v="1572200000"/>
        <price t="2019-10-16" v="1570800000"/>
        <price t="2019-10-17" v="1584200000"/>
        <price t="2019-10-18" v="1593200000"/>
        <price t="2019-10-21" v="1598200000"/>
        <price t="2019-10-22" v="1614200000"/>
        <price t="2019-10-23" v="1625400000"/>
        <price t="2019-10-24" v="1599200000"/>
        <price t="2019-10-25" v="1600600000"/>
        <price t="2019-10-28" v="1590400000"/>
        <price t="2019-10-29" v="1566000000"/>
        <price t="2019-10-30" v="1571800000"/>
        <price t="2019-10-31" v="1576800000"/>
        <price t="2019-11-01" v="1561600000"/>
        <price t="2019-11-04" v="1566600000"/>
        <price t="2019-11-05" v="1563600000"/>
        <price t="2019-11-06" v="1567600000"/>
        <price t="2019-11-07" v="1535600000"/>
        <price t="2019-11-08" v="1544000000"/>
        <price t="2019-11-11" v="1529800000"/>
        <price t="2019-11-12" v="1535200000"/>
        <price t="2019-11-13" v="1528000000"/>
        <price t="2019-11-14" v="1512800000"/>
        <price t="2019-11-15" v="1519400000"/>
        <price t="2019-11-18" v="1520800000"/>
        <price t="2019-11-19" v="1515600000"/>
        <price t="2019-11-20" v="1510000000"/>
        <price t="2019-11-21" v="1506000000"/>
        <price t="2019-11-22" v="1509800000"/>
        <price t="2019-11-25" v="1507800000"/>
        <price t="2019-11-26" v="1505200000"/>
        <price t="2019-11-27" v="1525200000"/>
        <price t="2019-11-28" v="1521200000"/>
        <price t="2019-11-29" v="1523600000"/>
        <price t="2019-12-02" v="1490600000"/>
        <price t="2019-12-03" v="1491800000"/>
        <price t="2019-12-04" v="1503200000"/>
        <price t="2019-12-05" v="1501000000"/>
        <price t="2019-12-06" v="1506400000"/>
        <price t="2019-12-09" v="1502400000"/>
        <price t="2019-12-10" v="1489200000"/>
        <price t="2019-12-11" v="1489600000"/>
        <price t="2019-12-12" v="1477800000"/>
        <price t="2019-12-13" v="1476200000"/>
        <price t="2019-12-16" v="1488400000"/>
        <price t="2019-12-17" v="1486000000"/>
        <price t="2019-12-18" v="1474200000"/>
        <price t="2019-12-19" v="1473400000"/>
        <price t="2019-12-20" v="1480200000"/>
        <price t="2019-12-23" v="1472000000"/>
        <price t="2019-12-27" v="1471600000"/>
        <price t="2019-12-30" v="1457000000"/>
        <price t="2020-01-02" v="1461000000"/>
        <price t="2020-01-03" v="1461400000"/>
        <price t="2020-01-06" v="1457800000"/>
        <price t="2020-01-07" v="1460600000"/>
        <price t="2020-01-08" v="1454800000"/>
        <price t="2020-01-09" v="1485000000"/>
        <price t="2020-01-10" v="1476200000"/>
        <price t="2020-01-13" v="1465200000"/>
        <price t="2020-01-14" v="1464000000"/>
        <price t="2020-01-15" v="1468000000"/>
        <price t="2020-01-16" v="1469600000"/>
        <price t="2020-01-17" v="1468000000"/>
        <price t="2020-01-20" v="1476000000"/>
        <price t="2020-01-21" v="1483200000"/>
        <price t="2020-01-22" v="1486800000"/>
        <price t="2020-01-23" v="1466800000"/>
        <price t="2020-01-24" v="1480000000"/>
        <price t="2020-01-27" v="1456400000"/>
        <price t="2020-01-28" v="1491000000"/>
        <price t="2020-01-29" v="1485800000"/>
        <price t="2020-01-30" v="1467800000"/>
        <price t="2020-01-31" v="1460600000"/>
        <price t="2020-02-03" v="1463800000"/>
        <price t="2020-02-04" v="1467400000"/>
        <price t="2020-02-05" v="1473000000"/>
        <price t="2020-02-06" v="1484800000"/>
        <price t="2020-02-07" v="1490200000"/>
        <price t="2020-02-10" v="1486400000"/>
        <price t="2020-02-11" v="1542200000"/>
        <price t="2020-02-12" v="1561200000"/>
        <price t="2020-02-13" v="1556000000"/>
        <price t="2020-02-14" v="1563000000"/>
        <price t="2020-02-17" v="1567800000"/>
        <price t="2020-02-18" v="1589000000"/>
        <price t="2020-02-19" v="1655000000"/>
        <price t="2020-02-20" v="1662600000"/>
        <price t="2020-02-21" v="1650000000"/>
        <price t="2020-02-24" v="1616000000"/>
        <price t="2020-02-25" v="1578200000"/>
        <price t="2020-02-26" v="1573600000"/>
        <price t="2020-02-27" v="1532400000"/>
        <price t="2020-02-28" v="1475600000"/>
        <price t="2020-03-02" v="1473600000"/>
        <price t="2020-03-03" v="1476600000"/>
        <price t="2020-03-04" v="1503600000"/>
        <price t="2020-03-05" v="1497400000"/>
        <price t="2020-03-06" v="1463200000"/>
        <price t="2020-03-09" v="1366200000"/>
        <price t="2020-03-10" v="1308200000"/>
        <price t="2020-03-11" v="1293200000"/>
        <price t="2020-03-12" v="1155400000"/>
        <price t="2020-03-13" v="1152000000"/>
        <price t="2020-03-16" v="1094200000"/>
        <price t="2020-03-17" v="1144200000"/>
        <price t="2020-03-18" v="1083200000"/>
        <price t="2020-03-19" v="1153800000"/>
        <price t="2020-03-20" v="1208600000"/>
        <price t="2020-03-23" v="1146200000"/>
        <price t="2020-03-24" v="1203400000"/>
        <price t="2020-03-25" v="1199000000"/>
        <price t="2020-03-26" v="1197200000"/>
        <price t="2020-03-27" v="1170200000"/>
        <price t="2020-03-30" v="1198600000"/>
        <price t="2020-03-31" v="1181400000"/>
        <price t="2020-04-01" v="1152000000"/>
        <price t="2020-04-02" v="1165000000"/>
        <price t="2020-04-03" v="1164000000"/>
        <price t="2020-04-06" v="1218500000"/>
        <price t="2020-04-07" v="1238500000"/>
        <price t="2020-04-08" v="1236500000"/>
        <price t="2020-04-09" v="1236500000"/>
        <price t="2020-04-14" v="1251500000"/>
        <price t="2020-04-15" v="1219500000"/>
        <price t="2020-04-16" v="1221000000"/>
        <price t="2020-04-17" v="1251000000"/>
        <price t="2020-04-20" v="1267000000"/>
        <price t="2020-04-21" v="1221000000"/>
        <price t="2020-04-22" v="1256500000"/>
        <price t="2020-04-23" v="1258000000"/>
        <price t="2020-04-24" v="1258500000"/>
        <price t="2020-04-27" v="1296000000"/>
        <price t="2020-04-28" v="1290000000"/>
        <price t="2020-04-29" v="1338500000"/>
        <price t="2020-04-30" v="1332500000"/>
        <price t="2020-05-04" v="1288500000"/>
        <price t="2020-05-05" v="1298500000"/>
        <price t="2020-05-06" v="1290000000"/>
        <price t="2020-05-07" v="1328500000"/>
        <price t="2020-05-08" v="1366000000"/>
        <price t="2020-05-11" v="1351500000"/>
        <price t="2020-05-12" v="1375000000"/>
        <price t="2020-05-13" v="1351500000"/>
        <price t="2020-05-14" v="1369500000"/>
        <price t="2020-05-15" v="1364000000"/>
        <price t="2020-05-18" v="1395000000"/>
        <price t="2020-05-19" v="1364500000"/>
        <price t="2020-05-20" v="1372000000"/>
        <price t="2020-05-21" v="1364000000"/>
        <price t="2020-05-22" v="1363500000"/>
        <price t="2020-05-25" v="1383000000"/>
        <price t="2020-05-26" v="1381500000"/>
        <price t="2020-05-27" v="1409500000"/>
        <price t="2020-05-28" v="1433000000"/>
        <price t="2020-05-29" v="1417500000"/>
        <price t="2020-06-02" v="1465500000"/>
        <price t="2020-06-03" v="1501500000"/>
        <price t="2020-06-04" v="1500500000"/>
        <price t="2020-06-05" v="1521000000"/>
        <price t="2020-06-08" v="1518500000"/>
        <price t="2020-06-09" v="1519000000"/>
        <price t="2020-06-10" v="1512000000"/>
        <price t="2020-06-11" v="1470500000"/>
        <price t="2020-06-12" v="1459000000"/>
        <price t="2020-06-15" v="1469000000"/>
        <price t="2020-06-16" v="1512500000"/>
        <price t="2020-06-17" v="1529500000"/>
        <price t="2020-06-18" v="1530500000"/>
        <price t="2020-06-19" v="1535500000"/>
        <price t="2020-06-22" v="1470000000"/>
        <price t="2020-06-23" v="1501000000"/>
        <price t="2020-06-24" v="1463000000"/>
        <price t="2020-06-25" v="1475500000"/>
        <price t="2020-06-26" v="1455500000"/>
        <price t="2020-06-29" v="1480500000"/>
        <price t="2020-06-30" v="1494500000"/>
        <price t="2020-07-01" v="1487000000"/>
        <price t="2020-07-02" v="1511500000"/>
        <price t="2020-07-03" v="1499000000"/>
        <price t="2020-07-06" v="1504000000"/>
        <price t="2020-07-07" v="1495000000"/>
        <price t="2020-07-08" v="1486500000"/>
        <price t="2020-07-09" v="1474500000"/>
        <price t="2020-07-10" v="1491000000"/>
        <price t="2020-07-13" v="1511000000"/>
        <price t="2020-07-14" v="1516000000"/>
        <price t="2020-07-15" v="1519500000"/>
        <price t="2020-07-16" v="1529000000"/>
        <price t="2020-07-17" v="1527500000"/>
        <price t="2020-07-20" v="1541000000"/>
        <price t="2020-07-21" v="1542000000"/>
        <price t="2020-07-22" v="1527500000"/>
        <price t="2020-07-23" v="1523000000"/>
        <price t="2020-07-24" v="1488000000"/>
        <price t="2020-07-27" v="1471500000"/>
        <price t="2020-07-28" v="1473000000"/>
        <price t="2020-07-29" v="1466500000"/>
        <price t="2020-07-30" v="1436000000"/>
        <price t="2020-07-31" v="1416500000"/>
        <price t="2020-08-03" v="1445000000"/>
        <price t="2020-08-04" v="1460000000"/>
        <price t="2020-08-05" v="1456500000"/>
        <price t="2020-08-06" v="1445500000"/>
        <price t="2020-08-07" v="1484000000"/>
        <price t="2020-08-10" v="1486500000"/>
        <price t="2020-08-11" v="1498500000"/>
        <price t="2020-08-12" v="1511000000"/>
        <price t="2020-08-13" v="1531000000"/>
        <price t="2020-08-14" v="1534000000"/>
        <price t="2020-08-17" v="1515500000"/>
        <price t="2020-08-18" v="1500000000"/>
        <price t="2020-08-19" v="1517000000"/>
        <price t="2020-08-20" v="1495500000"/>
        <price t="2020-08-21" v="1484000000"/>
        <price t="2020-08-24" v="1516500000"/>
        <price t="2020-08-25" v="1516500000"/>
        <price t="2020-08-26" v="1514000000"/>
        <price t="2020-08-27" v="1514000000"/>
        <price t="2020-08-28" v="1498000000"/>
        <price t="2020-08-31" v="1475000000"/>
        <price t="2020-09-01" v="1463000000"/>
        <price t="2020-09-02" v="1539500000"/>
        <price t="2020-09-03" v="1527000000"/>
        <price t="2020-09-04" v="1497500000"/>
        <price t="2020-09-07" v="1517500000"/>
        <price t="2020-09-08" v="1498500000"/>
        <price t="2020-09-09" v="1540500000"/>
        <price t="2020-09-10" v="1535500000"/>
        <price t="2020-09-11" v="1530000000"/>
        <price t="2020-09-14" v="1524500000"/>
        <price t="2020-09-15" v="1525000000"/>
        <price t="2020-09-16" v="1523000000"/>
        <price t="2020-09-17" v="1519000000"/>
        <price t="2020-09-18" v="1494000000"/>
        <price t="2020-09-21" v="1450000000"/>
        <price t="2020-09-22" v="1445500000"/>
        <price t="2020-09-23" v="1439000000"/>
        <price t="2020-09-24" v="1432000000"/>
        <price t="2020-09-25" v="1419000000"/>
        <price t="2020-09-28" v="1434000000"/>
        <price t="2020-09-29" v="1427500000"/>
        <price t="2020-09-30" v="1429000000"/>
        <price t="2020-10-01" v="1447000000"/>
        <price t="2020-10-02" v="1451000000"/>
        <price t="2020-10-05" v="1469000000"/>
        <price t="2020-10-06" v="1470000000"/>
        <price t="2020-10-07" v="1446500000"/>
        <price t="2020-10-08" v="1445000000"/>
        <price t="2020-10-09" v="1439500000"/>
        <price t="2020-10-12" v="1449000000"/>
        <price t="2020-10-13" v="1453500000"/>
        <price t="2020-10-14" v="1447500000"/>
        <price t="2020-10-15" v="1402000000"/>
        <price t="2020-10-16" v="1404000000"/>
        <price t="2020-10-19" v="1395000000"/>
        <price t="2020-10-20" v="1368000000"/>
        <price t="2020-10-21" v="1348000000"/>
        <price t="2020-10-22" v="1342500000"/>
        <price t="2020-10-23" v="1346500000"/>
        <price t="2020-10-26" v="1325000000"/>
        <price t="2020-10-27" v="1307000000"/>
        <price t="2020-10-28" v="1281500000"/>
        <price t="2020-10-29" v="1313500000"/>
        <price t="2020-10-30" v="1307000000"/>
        <price t="2020-11-02" v="1337500000"/>
        <price t="2020-11-03" v="1353500000"/>
        <price t="2020-11-04" v="1371000000"/>
        <price t="2020-11-05" v="1390500000"/>
        <price t="2020-11-06" v="1417500000"/>
        <price t="2020-11-09" v="1469000000"/>
        <price t="2020-11-10" v="1477500000"/>
        <price t="2020-11-11" v="1498500000"/>
        <price t="2020-11-12" v="1504000000"/>
        <price t="2020-11-13" v="1491500000"/>
        <price t="2020-11-16" v="1482000000"/>
        <price t="2020-11-17" v="1496000000"/>
        <price t="2020-11-18" v="1491500000"/>
        <price t="2020-11-19" v="1485000000"/>
        <price t="2020-11-20" v="1486500000"/>
        <price t="2020-11-23" v="1476000000"/>
        <price t="2020-11-24" v="1484500000"/>
        <price t="2020-11-25" v="1509500000"/>
        <price t="2020-11-26" v="1512500000"/>
        <price t="2020-11-27" v="1515500000"/>
        <price t="2020-11-30" v="1511500000"/>
        <price t="2020-12-01" v="1513000000"/>
        <price t="2020-12-02" v="1514000000"/>
        <price t="2020-12-03" v="1504000000"/>
        <price t="2020-12-04" v="1521000000"/>
        <price t="2020-12-07" v="1517500000"/>
        <price t="2020-12-08" v="1511000000"/>
        <price t="2020-12-09" v="1505500000"/>
        <price t="2020-12-10" v="1499000000"/>
        <price t="2020-12-11" v="1468000000"/>
        <price t="2020-12-14" v="1479000000"/>
        <price t="2020-12-15" v="1484000000"/>
        <price t="2020-12-16" v="1502500000"/>
        <price t="2020-12-17" v="1503500000"/>
        <price t="2020-12-18" v="1509500000"/>
        <price t="2020-12-21" v="1464000000"/>
        <price t="2020-12-22" v="1464000000"/>
        <price t="2020-12-23" v="1480000000"/>
        <price t="2020-12-28" v="1508000000"/>
        <price t="2020-12-29" v="1510500000"/>
        <price t="2020-12-30" v="1495500000"/>
        <price t="2021-01-04" v="1516000000"/>
        <price t="2021-01-05" v="1499000000"/>
        <price t="2021-01-06" v="1510500000"/>
        <price t="2021-01-07" v="1535000000"/>
        <price t="2021-01-08" v="1519500000"/>
        <price t="2021-01-11" v="1519000000"/>
        <price t="2021-01-12" v="1512000000"/>
        <price t="2021-01-13" v="1518000000"/>
        <price t="2021-01-14" v="1521000000"/>
        <price t="2021-01-15" v="1505000000"/>
        <price t="2021-01-18" v="1494000000"/>
        <price t="2021-01-19" v="1506500000"/>
        <price t="2021-01-20" v="1514000000"/>
        <price t="2021-01-21" v="1510500000"/>
        <price t="2021-01-22" v="1506500000"/>
        <price t="2021-01-25" v="1492000000"/>
        <price t="2021-01-26" v="1499000000"/>
        <price t="2021-01-27" v="1508500000"/>
        <price t="2021-01-28" v="1497500000"/>
        <price t="2021-01-29" v="1470000000"/>
        <price t="2021-02-01" v="1483500000"/>
        <price t="2021-02-02" v="1498500000"/>
        <price t="2021-02-03" v="1525500000"/>
        <price t="2021-02-04" v="1529500000"/>
        <price t="2021-02-05" v="1506500000"/>
        <price t="2021-02-08" v="1503000000"/>
        <price t="2021-02-09" v="1489500000"/>
        <price t="2021-02-10" v="1487000000"/>
        <price t="2021-02-11" v="1479500000"/>
        <price t="2021-02-12" v="1484500000"/>
        <price t="2021-02-15" v="1491500000"/>
        <price t="2021-02-16" v="1479000000"/>
        <price t="2021-02-17" v="1476000000"/>
        <price t="2021-02-18" v="1470000000"/>
        <price t="2021-02-19" v="1483000000"/>
        <price t="2021-02-22" v="1480500000"/>
        <price t="2021-02-23" v="1472000000"/>
        <price t="2021-02-24" v="1477000000"/>
        <price t="2021-02-25" v="1497000000"/>
        <price t="2021-02-26" v="1503000000"/>
        <price t="2021-03-01" v="1502500000"/>
        <price t="2021-03-02" v="1500000000"/>
        <price t="2021-03-03" v="1490500000"/>
        <price t="2021-03-04" v="1498500000"/>
        <price t="2021-03-05" v="1500000000"/>
        <price t="2021-03-08" v="1531500000"/>
        <price t="2021-03-09" v="1541500000"/>
        <price t="2021-03-10" v="1620000000"/>
        <price t="2021-03-11" v="1622000000"/>
        <price t="2021-03-12" v="1648500000"/>
        <price t="2021-03-15" v="1662500000"/>
        <price t="2021-03-16" v="1648500000"/>
        <price t="2021-03-17" v="1662500000"/>
        <price t="2021-03-18" v="1675500000"/>
        <price t="2021-03-19" v="1647000000"/>
        <price t="2021-03-22" v="1644500000"/>
        <price t="2021-03-23" v="1675000000"/>
        <price t="2021-03-24" v="1672500000"/>
        <price t="2021-03-25" v="1673500000"/>
        <price t="2021-03-26" v="1684000000"/>
        <price t="2021-03-29" v="1713500000"/>
        <price t="2021-03-30" v="1711500000"/>
        <price t="2021-03-31" v="1717000000"/>
        <price t="2021-04-01" v="1725000000"/>
        <price t="2021-04-06" v="1657000000"/>
        <price t="2021-04-07" v="1657400000"/>
        <price t="2021-04-08" v="1663800000"/>
        <price t="2021-04-09" v="1645200000"/>
        <price t="2021-04-12" v="1630200000"/>
        <price t="2021-04-13" v="1609600000"/>
        <price t="2021-04-14" v="1607000000"/>
        <price t="2021-04-15" v="1599200000"/>
        <price t="2021-04-16" v="1612400000"/>
        <price t="2021-04-19" v="1619400000"/>
        <price t="2021-04-20" v="1604800000"/>
        <price t="2021-04-21" v="1603200000"/>
        <price t="2021-04-22" v="1615200000"/>
        <price t="2021-04-23" v="1608200000"/>
        <price t="2021-04-26" v="1604400000"/>
        <price t="2021-04-27" v="1599800000"/>
        <price t="2021-04-28" v="1598000000"/>
        <price t="2021-04-29" v="1595000000"/>
        <price t="2021-04-30" v="1600000000"/>
        <price t="2021-05-03" v="1609800000"/>
        <price t="2021-05-04" v="1609200000"/>
        <price t="2021-05-05" v="1641200000"/>
        <price t="2021-05-06" v="1653200000"/>
        <price t="2021-05-07" v="1653400000"/>
        <price t="2021-05-10" v="1664800000"/>
        <price t="2021-05-11" v="1635000000"/>
        <price t="2021-05-12" v="1671200000"/>
        <price t="2021-05-13" v="1661800000"/>
        <price t="2021-05-14" v="1681200000"/>
        <price t="2021-05-17" v="1727200000"/>
        <price t="2021-05-18" v="1706800000"/>
        <price t="2021-05-19" v="1659200000"/>
        <price t="2021-05-20" v="1700800000"/>
        <price t="2021-05-21" v="1717000000"/>
        <price t="2021-05-25" v="1717000000"/>
        <price t="2021-05-26" v="1709200000"/>
        <price t="2021-05-27" v="1701400000"/>
        <price t="2021-05-28" v="1708400000"/>
        <price t="2021-05-31" v="1699400000"/>
        <price t="2021-06-01" v="1717600000"/>
        <price t="2021-06-02" v="1724600000"/>
        <price t="2021-06-03" v="1726000000"/>
        <price t="2021-06-04" v="1728200000"/>
        <price t="2021-06-07" v="1744200000"/>
        <price t="2021-06-08" v="1742000000"/>
        <price t="2021-06-09" v="1738600000"/>
        <price t="2021-06-10" v="1769600000"/>
        <price t="2021-06-11" v="1779400000"/>
        <price t="2021-06-14" v="1778800000"/>
        <price t="2021-06-15" v="1787200000"/>
        <price t="2021-06-16" v="1781000000"/>
        <price t="2021-06-17" v="1775800000"/>
        <price t="2021-06-18" v="1759600000"/>
        <price t="2021-06-21" v="1781200000"/>
        <price t="2021-06-22" v="1797600000"/>
        <price t="2021-06-23" v="1774000000"/>
        <price t="2021-06-24" v="1787200000"/>
        <price t="2021-06-25" v="1787800000"/>
        <price t="2021-06-28" v="1791600000"/>
        <price t="2021-06-29" v="1799800000"/>
        <price t="2021-06-30" v="1781200000"/>
        <price t="2021-07-01" v="1787200000"/>
        <price t="2021-07-02" v="1797000000"/>
        <price t="2021-07-05" v="1793400000"/>
        <price t="2021-07-06" v="1782200000"/>
        <price t="2021-07-07" v="1800200000"/>
        <price t="2021-07-08" v="1779200000"/>
        <price t="2021-07-09" v="1800000000"/>
        <price t="2021-07-12" v="1827200000"/>
        <price t="2021-07-13" v="1841600000"/>
        <price t="2021-07-14" v="1831200000"/>
        <price t="2021-07-15" v="1822000000"/>
        <price t="2021-07-16" v="1834400000"/>
        <price t="2021-07-19" v="1754200000"/>
        <price t="2021-07-20" v="1753400000"/>
        <price t="2021-07-21" v="1788600000"/>
        <price t="2021-07-22" v="1767000000"/>
        <price t="2021-07-23" v="1788400000"/>
        <price t="2021-07-26" v="1783400000"/>
        <price t="2021-07-27" v="1783600000"/>
        <price t="2021-07-28" v="1780600000"/>
        <price t="2021-07-29" v="1768400000"/>
        <price t="2021-07-30" v="1750600000"/>
        <price t="2021-08-02" v="1742800000"/>
        <price t="2021-08-03" v="1760200000"/>
        <price t="2021-08-04" v="1753200000"/>
        <price t="2021-08-05" v="1754800000"/>
        <price t="2021-08-06" v="1768600000"/>
        <price t="2021-08-09" v="1783200000"/>
        <price t="2021-08-10" v="1788000000"/>
        <price t="2021-08-11" v="1790200000"/>
        <price t="2021-08-12" v="1840400000"/>
        <price t="2021-08-13" v="1855200000"/>
        <price t="2021-08-16" v="1859800000"/>
        <price t="2021-08-17" v="1874600000"/>
        <price t="2021-08-18" v="1891600000"/>
        <price t="2021-08-19" v="1857400000"/>
        <price t="2021-08-20" v="1881400000"/>
        <price t="2021-08-23" v="1882000000"/>
        <price t="2021-08-24" v="1861400000"/>
        <price t="2021-08-25" v="1858000000"/>
        <price t="2021-08-26" v="1844400000"/>
        <price t="2021-08-27" v="1847000000"/>
        <price t="2021-08-30" v="1840400000"/>
        <price t="2021-08-31" v="1800800000"/>
        <price t="2021-09-01" v="1806400000"/>
        <price t="2021-09-02" v="1795400000"/>
        <price t="2021-09-03" v="1780400000"/>
        <price t="2021-09-06" v="1790400000"/>
        <price t="2021-09-07" v="1791400000"/>
        <price t="2021-09-08" v="1797600000"/>
        <price t="2021-09-09" v="1773200000"/>
        <price t="2021-09-10" v="1734200000"/>
        <price t="2021-09-13" v="1751600000"/>
        <price t="2021-09-14" v="1741600000"/>
        <price t="2021-09-15" v="1740400000"/>
        <price t="2021-09-16" v="1742000000"/>
        <price t="2021-09-17" v="1735200000"/>
        <price t="2021-09-20" v="1696200000"/>
        <price t="2021-09-21" v="1722000000"/>
        <price t="2021-09-22" v="1740800000"/>
        <price t="2021-09-23" v="1766600000"/>
        <price t="2021-09-24" v="1745000000"/>
        <price t="2021-09-27" v="1757000000"/>
        <price t="2021-09-28" v="1731000000"/>
        <price t="2021-09-29" v="1753600000"/>
        <price t="2021-09-30" v="1739600000"/>
        <price t="2021-10-01" v="1736200000"/>
        <price t="2021-10-04" v="1738000000"/>
        <price t="2021-10-05" v="1760800000"/>
        <price t="2021-10-06" v="1666200000"/>
        <price t="2021-10-07" v="1686400000"/>
        <price t="2021-10-08" v="1676600000"/>
        <price t="2021-10-11" v="1671600000"/>
        <price t="2021-10-12" v="1638000000"/>
        <price t="2021-10-13" v="1638000000"/>
        <price t="2021-10-14" v="1653000000"/>
        <price t="2021-10-15" v="1652600000"/>
        <price t="2021-10-18" v="1648600000"/>
        <price t="2021-10-19" v="1639400000"/>
        <price t="2021-10-20" v="1653000000"/>
        <price t="2021-10-21" v="1651000000"/>
        <price t="2021-10-22" v="1639400000"/>
        <price t="2021-10-25" v="1628200000"/>
        <price t="2021-10-26" v="1638000000"/>
        <price t="2021-10-27" v="1625200000"/>
        <price t="2021-10-28" v="1603200000"/>
        <price t="2021-10-29" v="1607800000"/>
        <price t="2021-11-01" v="1624600000"/>
        <price t="2021-11-02" v="1638200000"/>
        <price t="2021-11-03" v="1663800000"/>
        <price t="2021-11-04" v="1661200000"/>
        <price t="2021-11-05" v="1683200000"/>
        <price t="2021-11-08" v="1660200000"/>
        <price t="2021-11-09" v="1653800000"/>
        <price t="2021-11-10" v="1671800000"/>
        <price t="2021-11-11" v="1670200000"/>
        <price t="2021-11-12" v="1703600000"/>
        <price t="2021-11-15" v="1673800000"/>
        <price t="2021-11-16" v="1672000000"/>
        <price t="2021-11-17" v="1681000000"/>
        <price t="2021-11-18" v="1671400000"/>
        <price t="2021-11-19" v="1648200000"/>
        <price t="2021-11-22" v="1691000000"/>
        <price t="2021-11-23" v="1693400000"/>
        <price t="2021-11-24" v="1687000000"/>
        <price t="2021-11-25" v="1685000000"/>
        <price t="2021-11-26" v="1614800000"/>
        <price t="2021-11-29" v="1604000000"/>
        <price t="2021-11-30" v="1558800000"/>
        <price t="2021-12-01" v="1598200000"/>
        <price t="2021-12-02" v="1558800000"/>
        <price t="2021-12-03" v="1546200000"/>
        <price t="2021-12-06" v="1587600000"/>
        <price t="2021-12-07" v="1587600000"/>
        <price t="2021-12-08" v="1607000000"/>
        <price t="2021-12-09" v="1591600000"/>
        <price t="2021-12-10" v="1585200000"/>
        <price t="2021-12-13" v="1599800000"/>
        <price t="2021-12-14" v="1615400000"/>
        <price t="2021-12-15" v="1605000000"/>
        <price t="2021-12-16" v="1615800000"/>
        <price t="2021-12-17" v="1605000000"/>
        <price t="2021-12-20" v="1569800000"/>
        <price t="2021-12-21" v="1592400000"/>
        <price t="2021-12-22" v="1594400000"/>
        <price t="2021-12-23" v="1620400000"/>
        <price t="2021-12-27" v="1624800000"/>
        <price t="2021-12-28" v="1648600000"/>
        <price t="2021-12-29" v="1621800000"/>
        <price t="2021-12-30" v="1630000000"/>
        <price t="2022-01-03" v="1654600000"/>
        <price t="2022-01-04" v="1653000000"/>
        <price t="2022-01-05" v="1647000000"/>
        <price t="2022-01-06" v="1646400000"/>
        <price t="2022-01-07" v="1617800000"/>
        <price t="2022-01-10" v="1552800000"/>
        <price t="2022-01-11" v="1585800000"/>
        <price t="2022-01-12" v="1601600000"/>
        <price t="2022-01-13" v="1602600000"/>
        <price t="2022-01-14" v="1596200000"/>
        <price t="2022-01-17" v="1594600000"/>
        <price t="2022-01-18" v="1595800000"/>
        <price t="2022-01-19" v="1619800000"/>
        <price t="2022-01-20" v="1632000000"/>
        <price t="2022-01-21" v="1608600000"/>
        <price t="2022-01-24" v="1572000000"/>
        <price t="2022-01-25" v="1596000000"/>
        <price t="2022-01-26" v="1620800000"/>
        <price t="2022-01-27" v="1672200000"/>
        <price t="2022-01-28" v="1668600000"/>
        <price t="2022-01-31" v="1667200000"/>
        <price t="2022-02-01" v="1680000000"/>
        <price t="2022-02-02" v="1687600000"/>
        <price t="2022-02-03" v="1731000000"/>
        <price t="2022-02-04" v="1702800000"/>
        <price t="2022-02-07" v="1708600000"/>
        <price t="2022-02-08" v="1735000000"/>
        <price t="2022-02-09" v="1771000000"/>
        <price t="2022-02-10" v="1755400000"/>
        <price t="2022-02-11" v="1776600000"/>
        <price t="2022-02-14" v="1733800000"/>
        <price t="2022-02-15" v="1754200000"/>
        <price t="2022-02-16" v="1750000000"/>
        <price t="2022-02-17" v="1723600000"/>
        <price t="2022-02-18" v="1707600000"/>
        <price t="2022-02-21" v="1675000000"/>
        <price t="2022-02-22" v="1663000000"/>
        <price t="2022-02-23" v="1647600000"/>
        <price t="2022-02-24" v="1558600000"/>
        <price t="2022-02-25" v="1618000000"/>
        <price t="2022-02-28" v="1603000000"/>
        <price t="2022-03-01" v="1557000000"/>
        <price t="2022-03-02" v="1606000000"/>
        <price t="2022-03-03" v="1582600000"/>
        <price t="2022-03-04" v="1535400000"/>
        <price t="2022-03-07" v="1526200000"/>
        <price t="2022-03-08" v="1510000000"/>
        <price t="2022-03-09" v="1606600000"/>
        <price t="2022-03-10" v="1579400000"/>
        <price t="2022-03-11" v="1605600000"/>
        <price t="2022-03-14" v="1644400000"/>
        <price t="2022-03-15" v="1657000000"/>
        <price t="2022-03-16" v="1680000000"/>
        <price t="2022-03-17" v="1691400000"/>
        <price t="2022-03-18" v="1670000000"/>
        <price t="2022-03-21" v="1659600000"/>
        <price t="2022-03-22" v="1669000000"/>
        <price t="2022-03-23" v="1659800000"/>
        <price t="2022-03-24" v="1674400000"/>
        <price t="2022-03-25" v="1692600000"/>
        <price t="2022-03-28" v="1708000000"/>
        <price t="2022-03-29" v="1731400000"/>
        <price t="2022-03-30" v="1721000000"/>
        <price t="2022-03-31" v="1693200000"/>
        <price t="2022-04-01" v="1724400000"/>
        <price t="2022-04-04" v="1736800000"/>
        <price t="2022-04-05" v="1759200000"/>
        <price t="2022-04-06" v="1761000000"/>
        <price t="2022-04-07" v="1756400000"/>
        <price t="2022-04-08" v="1713000000"/>
        <price t="2022-04-11" v="1714000000"/>
        <price t="2022-04-12" v="1705600000"/>
        <price t="2022-04-13" v="1730000000"/>
        <price t="2022-04-14" v="1730000000"/>
        <price t="2022-04-19" v="1713600000"/>
        <price t="2022-04-20" v="1730000000"/>
        <price t="2022-04-21" v="1730000000"/>
        <price t="2022-04-22" v="1730000000"/>
        <price t="2022-04-25" v="1715200000"/>
        <price t="2022-04-26" v="1719000000"/>
        <price t="2022-04-27" v="1719000000"/>
        <price t="2022-04-28" v="1770800000"/>
        <price t="2022-04-29" v="1757000000"/>
        <price t="2022-05-02" v="1729000000"/>
        <price t="2022-05-03" v="1737600000"/>
        <price t="2022-05-04" v="1753000000"/>
        <price t="2022-05-05" v="1759200000"/>
        <price t="2022-05-06" v="1759200000"/>
        <price t="2022-05-09" v="1714200000"/>
        <price t="2022-05-10" v="1728000000"/>
        <price t="2022-05-11" v="1751000000"/>
        <price t="2022-05-12" v="1794800000"/>
        <price t="2022-05-13" v="1794800000"/>
        <price t="2022-05-16" v="1807800000"/>
        <price t="2022-05-17" v="1812600000"/>
        <price t="2022-05-18" v="1810000000"/>
        <price t="2022-05-19" v="1808000000"/>
        <price t="2022-05-20" v="1832000000"/>
        <price t="2022-05-23" v="1849000000"/>
        <price t="2022-05-24" v="1860000000"/>
        <price t="2022-05-25" v="1860000000"/>
        <price t="2022-05-26" v="1893600000"/>
        <price t="2022-05-27" v="1893600000"/>
        <price t="2022-05-30" v="1893600000"/>
        <price t="2022-05-31" v="1912400000"/>
        <price t="2022-06-01" v="1911800000"/>
        <price t="2022-06-02" v="1911800000"/>
        <price t="2022-06-03" v="1911800000"/>
        <price t="2022-06-06" v="1925000000"/>
        <price t="2022-06-07" v="1915000000"/>
        <price t="2022-06-08" v="1868000000"/>
        <price t="2022-06-09" v="1856000000"/>
        <price t="2022-06-10" v="1815000000"/>
        <price t="2022-06-13" v="1781200000"/>
        <price t="2022-06-14" v="1781800000"/>
        <price t="2022-06-15" v="1800000000"/>
        <price t="2022-06-16" v="1780400000"/>
        <price t="2022-06-17" v="1809600000"/>
        <price t="2022-06-20" v="1852400000"/>
        <price t="2022-06-21" v="1835200000"/>
        <price t="2022-06-22" v="1866600000"/>
        <price t="2022-06-23" v="1865800000"/>
        <price t="2022-06-24" v="1888000000"/>
        <price t="2022-06-27" v="1884200000"/>
        <price t="2022-06-28" v="1906800000"/>
        <price t="2022-06-29" v="1903400000"/>
        <price t="2022-06-30" v="1894600000"/>
        <price t="2022-07-01" v="1921600000"/>
        <price t="2022-07-04" v="1926600000"/>
        <price t="2022-07-05" v="1886400000"/>
        <price t="2022-07-06" v="1901600000"/>
        <price t="2022-07-07" v="1920200000"/>
        <price t="2022-07-08" v="1921600000"/>
        <price t="2022-07-11" v="1922200000"/>
        <price t="2022-07-12" v="1922200000"/>
        <price t="2022-07-13" v="1919000000"/>
        <price t="2022-07-14" v="1876200000"/>
        <price t="2022-07-15" v="1908200000"/>
        <price t="2022-07-18" v="1894000000"/>
        <price t="2022-07-19" v="1908200000"/>
        <price t="2022-07-20" v="1886400000"/>
        <price t="2022-07-21" v="1873400000"/>
        <price t="2022-07-22" v="1816400000"/>
        <price t="2022-07-25" v="1818200000"/>
        <price t="2022-07-26" v="1813000000"/>
        <price t="2022-07-27" v="1849600000"/>
        <price t="2022-07-28" v="1839200000"/>
        <price t="2022-07-29" v="1850600000"/>
        <price t="2022-08-01" v="1865200000"/>
        <price t="2022-08-02" v="1885800000"/>
        <price t="2022-08-03" v="1866000000"/>
        <price t="2022-08-04" v="1861800000"/>
        <price t="2022-08-05" v="1878200000"/>
        <price t="2022-08-08" v="1877400000"/>
        <price t="2022-08-09" v="1898600000"/>
        <price t="2022-08-10" v="1885600000"/>
        <price t="2022-08-11" v="1893800000"/>
        <price t="2022-08-12" v="1868400000"/>
        <price t="2022-08-15" v="1875800000"/>
        <price t="2022-08-16" v="1911200000"/>
        <price t="2022-08-17" v="1886600000"/>
        <price t="2022-08-18" v="1879600000"/>
        <price t="2022-08-19" v="1889600000"/>
        <price t="2022-08-22" v="1898800000"/>
        <price t="2022-08-23" v="1877000000"/>
        <price t="2022-08-24" v="1873000000"/>
        <price t="2022-08-25" v="1887800000"/>
        <price t="2022-08-26" v="1867600000"/>
        <price t="2022-08-29" v="1877200000"/>
        <price t="2022-08-30" v="1884800000"/>
        <price t="2022-08-31" v="1878800000"/>
        <price t="2022-09-01" v="1869800000"/>
        <price t="2022-09-02" v="1898400000"/>
        <price t="2022-09-05" v="1890200000"/>
        <price t="2022-09-06" v="1882800000"/>
        <price t="2022-09-07" v="1889000000"/>
        <price t="2022-09-08" v="1882400000"/>
        <price t="2022-09-09" v="1955000000"/>
        <price t="2022-09-12" v="1938200000"/>
        <price t="2022-09-13" v="1924800000"/>
        <price t="2022-09-14" v="1905000000"/>
        <price t="2022-09-15" v="1908600000"/>
        <price t="2022-09-16" v="1887000000"/>
        <price t="2022-09-19" v="1898600000"/>
        <price t="2022-09-20" v="1873800000"/>
        <price t="2022-09-21" v="1868800000"/>
        <price t="2022-09-22" v="1857800000"/>
        <price t="2022-09-23" v="1831600000"/>
        <price t="2022-09-26" v="1783400000"/>
        <price t="2022-09-27" v="1781200000"/>
        <price t="2022-09-28" v="1788400000"/>
        <price t="2022-09-29" v="1763800000"/>
        <price t="2022-09-30" v="1749200000"/>
        <price t="2022-10-03" v="1785600000"/>
        <price t="2022-10-04" v="1840600000"/>
        <price t="2022-10-05" v="1795200000"/>
        <price t="2022-10-06" v="1764600000"/>
        <price t="2022-10-07" v="1760200000"/>
        <price t="2022-10-10" v="1771000000"/>
        <price t="2022-10-11" v="1770400000"/>
        <price t="2022-10-12" v="1772800000"/>
        <price t="2022-10-13" v="1756600000"/>
        <price t="2022-10-14" v="1783600000"/>
        <price t="2022-10-17" v="1809400000"/>
        <price t="2022-10-18" v="1807200000"/>
        <price t="2022-10-19" v="1823000000"/>
        <price t="2022-10-20" v="1819000000"/>
        <price t="2022-10-21" v="1805600000"/>
        <price t="2022-10-24" v="1830600000"/>
        <price t="2022-10-25" v="1852200000"/>
        <price t="2022-10-26" v="1864200000"/>
        <price t="2022-10-27" v="1866800000"/>
        <price t="2022-10-28" v="1930000000"/>
        <price t="2022-10-31" v="1916400000"/>
        <price t="2022-11-01" v="1935000000"/>
        <price t="2022-11-02" v="1950000000"/>
        <price t="2022-11-03" v="1940400000"/>
        <price t="2022-11-04" v="1960800000"/>
        <price t="2022-11-07" v="1964600000"/>
        <price t="2022-11-08" v="1967200000"/>
        <price t="2022-11-09" v="1971000000"/>
        <price t="2022-11-10" v="1940800000"/>
        <price t="2022-11-11" v="1886000000"/>
        <price t="2022-11-14" v="1887800000"/>
        <price t="2022-11-15" v="1896200000"/>
        <price t="2022-11-16" v="1901800000"/>
        <price t="2022-11-17" v="1890800000"/>
        <price t="2022-11-18" v="1933200000"/>
        <price t="2022-11-21" v="1953000000"/>
        <price t="2022-11-22" v="1960200000"/>
        <price t="2022-11-23" v="1956000000"/>
        <price t="2022-11-24" v="1970200000"/>
        <price t="2022-11-25" v="1976600000"/>
        <price t="2022-11-28" v="1969400000"/>
        <price t="2022-11-29" v="1946400000"/>
        <price t="2022-11-30" v="1940600000"/>
        <price t="2022-12-01" v="1967000000"/>
        <price t="2022-12-02" v="1964800000"/>
        <price t="2022-12-05" v="1952200000"/>
        <price t="2022-12-06" v="1940000000"/>
        <price t="2022-12-07" v="1936800000"/>
        <price t="2022-12-08" v="1930000000"/>
        <price t="2022-12-09" v="1932400000"/>
        <price t="2022-12-12" v="1913400000"/>
        <price t="2022-12-13" v="1920400000"/>
        <price t="2022-12-14" v="1916600000"/>
        <price t="2022-12-15" v="1889800000"/>
        <price t="2022-12-16" v="1885000000"/>
        <price t="2022-12-19" v="1894600000"/>
        <price t="2022-12-20" v="1888400000"/>
        <price t="2022-12-21" v="1909800000"/>
        <price t="2022-12-22" v="1895800000"/>
        <price t="2022-12-23" v="1886800000"/>
        <price t="2022-12-27" v="1894000000"/>
        <price t="2022-12-28" v="1892800000"/>
        <price t="2022-12-29" v="1908400000"/>
        <price t="2022-12-30" v="1863800000"/>
        <price t="2023-01-02" v="1893400000"/>
        <price t="2023-01-03" v="1904000000"/>
        <price t="2023-01-04" v="1922400000"/>
        <price t="2023-01-05" v="1953400000"/>
        <price t="2023-01-06" v="1978000000"/>
        <price t="2023-01-09" v="1985600000"/>
        <price t="2023-01-10" v="1997000000"/>
        <price t="2023-01-11" v="2011000000"/>
        <price t="2023-01-12" v="2031000000"/>
        <price t="2023-01-13" v="2035500000"/>
        <price t="2023-01-16" v="2057000000"/>
        <price t="2023-01-17" v="2058500000"/>
        <price t="2023-01-18" v="2029500000"/>
        <price t="2023-01-19" v="2018500000"/>
        <price t="2023-01-20" v="2017000000"/>
        <price t="2023-01-23" v="2028000000"/>
        <price t="2023-01-24" v="2012500000"/>
        <price t="2023-01-25" v="2032000000"/>
        <price t="2023-01-26" v="2029500000"/>
        <price t="2023-01-27" v="2029500000"/>
        <price t="2023-01-30" v="2035500000"/>
        <price t="2023-01-31" v="2045000000"/>
        <price t="2023-02-01" v="2046500000"/>
        <price t="2023-02-02" v="2056000000"/>
        <price t="2023-02-03" v="2015500000"/>
        <price t="2023-02-06" v="2013500000"/>
        <price t="2023-02-07" v="2009000000"/>
        <price t="2023-02-08" v="2015500000"/>
        <price t="2023-02-09" v="2016000000"/>
        <price t="2023-02-10" v="2014500000"/>
        <price t="2023-02-13" v="2033500000"/>
        <price t="2023-02-14" v="2051000000"/>
        <price t="2023-02-15" v="2058500000"/>
        <price t="2023-02-16" v="2052000000"/>
        <price t="2023-02-17" v="2076000000"/>
        <price t="2023-02-20" v="2080500000"/>
        <price t="2023-02-21" v="2091000000"/>
        <price t="2023-02-22" v="2110500000"/>
        <price t="2023-02-23" v="2120000000"/>
        <price t="2023-02-24" v="2094500000"/>
        <price t="2023-02-27" v="2126500000"/>
        <price t="2023-02-28" v="2123500000"/>
        <price t="2023-03-01" v="2114500000"/>
        <price t="2023-03-02" v="2120500000"/>
        <price t="2023-03-03" v="2126000000"/>
        <price t="2023-03-06" v="2146000000"/>
        <price t="2023-03-07" v="2141000000"/>
        <price t="2023-03-08" v="2152000000"/>
        <price t="2023-03-09" v="2157000000"/>
        <price t="2023-03-10" v="2153000000"/>
        <price t="2023-03-13" v="2137000000"/>
        <price t="2023-03-14" v="2162500000"/>
        <price t="2023-03-15" v="2167000000"/>
        <price t="2023-03-16" v="2173500000"/>
        <price t="2023-03-17" v="2148000000"/>
        <price t="2023-03-20" v="2188000000"/>
        <price t="2023-03-21" v="2199500000"/>
        <price t="2023-03-22" v="2179000000"/>
        <price t="2023-03-23" v="2184000000"/>
        <price t="2023-03-24" v="2172000000"/>
        <price t="2023-03-27" v="2183000000"/>
        <price t="2023-03-28" v="2190500000"/>
        <price t="2023-03-29" v="2211000000"/>
        <price t="2023-03-30" v="2213000000"/>
        <price t="2023-03-31" v="2235000000"/>
        <price t="2023-04-03" v="2235500000"/>
        <price t="2023-04-04" v="2237500000"/>
        <price t="2023-04-05" v="2304500000"/>
        <price t="2023-04-06" v="2260000000"/>
        <price t="2023-04-12" v="2240000000"/>
        <price t="2023-04-13" v="2230500000"/>
        <price t="2023-04-14" v="2221500000"/>
        <price t="2023-04-17" v="2234500000"/>
        <price t="2023-04-18" v="2245500000"/>
        <price t="2023-04-19" v="2250500000"/>
        <price t="2023-04-20" v="2248000000"/>
        <price t="2023-04-21" v="2238000000"/>
        <price t="2023-04-24" v="2206000000"/>
        <price t="2023-04-25" v="2223000000"/>
        <price t="2023-04-26" v="2223000000"/>
        <price t="2023-04-27" v="2226000000"/>
        <price t="2023-04-28" v="2188000000"/>
        <price t="2023-05-02" v="2137000000"/>
        <price t="2023-05-03" v="2128000000"/>
        <price t="2023-05-04" v="2136500000"/>
        <price t="2023-05-05" v="2141000000"/>
        <price t="2023-05-08" v="2130000000"/>
        <price t="2023-05-09" v="2138500000"/>
        <price t="2023-05-10" v="2125000000"/>
        <price t="2023-05-11" v="2154000000"/>
        <price t="2023-05-12" v="2166000000"/>
        <price t="2023-05-15" v="2184000000"/>
        <price t="2023-05-16" v="2201000000"/>
        <price t="2023-05-17" v="2183500000"/>
        <price t="2023-05-18" v="2179000000"/>
        <price t="2023-05-19" v="2185500000"/>
        <price t="2023-05-22" v="2173000000"/>
        <price t="2023-05-24" v="2174000000"/>
        <price t="2023-05-25" v="2114000000"/>
        <price t="2023-05-26" v="2104000000"/>
        <price t="2023-05-29" v="2105500000"/>
        <price t="2023-05-30" v="2077000000"/>
        <price t="2023-05-31" v="2074500000"/>
        <price t="2023-06-02" v="1913800000"/>
        <price t="2023-06-05" v="1943600000"/>
        <price t="2023-06-06" v="1925400000"/>
        <price t="2023-06-07" v="1900000000"/>
        <price t="2023-06-08" v="1885800000"/>
        <price t="2023-06-09" v="1904600000"/>
        <price t="2023-06-12" v="1900600000"/>
        <price t="2023-06-13" v="1890200000"/>
        <price t="2023-06-14" v="1914200000"/>
        <price t="2023-06-15" v="1936400000"/>
        <price t="2023-06-16" v="1942400000"/>
        <price t="2023-06-19" v="1931000000"/>
        <price t="2023-06-20" v="1924200000"/>
        <price t="2023-06-21" v="1923600000"/>
        <price t="2023-06-22" v="1943400000"/>
        <price t="2023-06-23" v="1955800000"/>
        <price t="2023-06-26" v="1969600000"/>
        <price t="2023-06-27" v="1990600000"/>
        <price t="2023-06-28" v="2003000000"/>
        <price t="2023-06-29" v="1993000000"/>
        <price t="2023-06-30" v="1997600000"/>
        <price t="2023-07-03" v="1994600000"/>
        <price t="2023-07-04" v="1996000000"/>
        <price t="2023-07-05" v="1993800000"/>
        <price t="2023-07-06" v="1961600000"/>
        <price t="2023-07-07" v="1950000000"/>
        <price t="2023-07-10" v="1948000000"/>
        <price t="2023-07-11" v="1945000000"/>
        <price t="2023-07-12" v="1963000000"/>
        <price t="2023-07-13" v="1976800000"/>
        <price t="2023-07-14" v="1988000000"/>
        <price t="2023-07-17" v="1975200000"/>
        <price t="2023-07-18" v="1939800000"/>
        <price t="2023-07-19" v="1948200000"/>
        <price t="2023-07-20" v="1962800000"/>
        <price t="2023-07-21" v="1966800000"/>
        <price t="2023-07-24" v="1989400000"/>
        <price t="2023-07-25" v="1980200000"/>
        <price t="2023-07-26" v="1957200000"/>
        <price t="2023-07-27" v="1980000000"/>
        <price t="2023-07-28" v="1990400000"/>
        <price t="2023-07-31" v="1984200000"/>
        <price t="2023-08-01" v="1966400000"/>
        <price t="2023-08-02" v="1917400000"/>
        <price t="2023-08-03" v="1894200000"/>
        <price t="2023-08-04" v="1885200000"/>
        <price t="2023-08-08" v="1855600000"/>
        <price t="2023-08-09" v="1888200000"/>
        <price t="2023-08-10" v="1888800000"/>
        <price t="2023-08-11" v="1878600000"/>
        <price t="2023-08-14" v="1901200000"/>
        <price t="2023-08-15" v="1896400000"/>
        <price t="2023-08-16" v="1902000000"/>
        <price t="2023-08-17" v="1901400000"/>
        <price t="2023-08-18" v="1900800000"/>
        <price t="2023-08-21" v="1909600000"/>
        <price t="2023-08-22" v="1909600000"/>
        <price t="2023-08-23" v="1930800000"/>
        <price t="2023-08-24" v="1915400000"/>
        <price t="2023-08-25" v="1925600000"/>
        <price t="2023-08-28" v="1946200000"/>
        <price t="2023-08-29" v="1956200000"/>
        <price t="2023-08-30" v="1954800000"/>
        <price t="2023-08-31" v="1974200000"/>
        <price t="2023-09-01" v="1972600000"/>
        <price t="2023-09-04" v="1965600000"/>
        <price t="2023-09-05" v="1986800000"/>
        <price t="2023-09-06" v="1994200000"/>
        <price t="2023-09-07" v="2001500000"/>
        <price t="2023-09-08" v="2014000000"/>
        <price t="2023-09-11" v="2043000000"/>
        <price t="2023-09-12" v="2054000000"/>
        <price t="2023-09-13" v="2047500000"/>
        <price t="2023-09-14" v="2072000000"/>
        <price t="2023-09-15" v="2064500000"/>
        <price t="2023-09-18" v="2062500000"/>
        <price t="2023-09-19" v="2065000000"/>
        <price t="2023-09-20" v="2075500000"/>
        <price t="2023-09-21" v="2062000000"/>
        <price t="2023-09-22" v="2056500000"/>
        <price t="2023-09-25" v="2019500000"/>
        <price t="2023-09-26" v="1999600000"/>
        <price t="2023-09-27" v="1971400000"/>
        <price t="2023-09-28" v="1985000000"/>
        <price t="2023-09-29" v="1986800000"/>
        <price t="2023-10-02" v="1992600000"/>
        <price t="2023-10-03" v="1968000000"/>
        <price t="2023-10-04" v="1967400000"/>
        <price t="2023-10-05" v="1982200000"/>
        <price t="2023-10-06" v="2009000000"/>
        <price t="2023-10-09" v="2032000000"/>
        <price t="2023-10-10" v="2048000000"/>
        <price t="2023-10-11" v="2055000000"/>
        <price t="2023-10-12" v="2047000000"/>
        <price t="2023-10-13" v="2039500000"/>
        <price t="2023-10-16" v="2036000000"/>
        <price t="2023-10-17" v="2034500000"/>
        <price t="2023-10-18" v="2047000000"/>
        <price t="2023-10-19" v="2035000000"/>
        <price t="2023-10-20" v="2020500000"/>
        <price t="2023-10-23" v="2018500000"/>
        <price t="2023-10-24" v="2021500000"/>
        <price t="2023-10-25" v="2048500000"/>
        <price t="2023-10-26" v="2038500000"/>
        <price t="2023-10-27" v="2038500000"/>
        <price t="2023-10-30" v="2047500000"/>
        <price t="2023-10-31" v="2047500000"/>
        <price t="2023-11-01" v="2075000000"/>
        <price t="2023-11-02" v="2137500000"/>
        <price t="2023-11-03" v="2139000000"/>
        <price t="2023-11-06" v="2135000000"/>
        <price t="2023-11-07" v="2123000000"/>
        <price t="2023-11-08" v="2133500000"/>
        <price t="2023-11-09" v="2152000000"/>
        <price t="2023-11-10" v="2143500000"/>
        <price t="2023-11-13" v="2164500000"/>
        <price t="2023-11-14" v="2155000000"/>
        <price t="2023-11-15" v="2141000000"/>
        <price t="2023-11-16" v="2146500000"/>
        <price t="2023-11-17" v="2155500000"/>
        <price t="2023-11-20" v="2162000000"/>
        <price t="2023-11-21" v="2159000000"/>
        <price t="2023-11-22" v="2174000000"/>
        <price t="2023-11-23" v="2180000000"/>
        <price t="2023-11-24" v="2190000000"/>
        <price t="2023-11-27" v="2195500000"/>
        <price t="2023-11-28" v="2187500000"/>
        <price t="2023-11-29" v="2193500000"/>
        <price t="2023-11-30" v="2197500000"/>
        <price t="2023-12-01" v="2224500000"/>
        <price t="2023-12-04" v="2235000000"/>
        <price t="2023-12-05" v="2259000000"/>
        <price t="2023-12-06" v="2263500000"/>
        <price t="2023-12-07" v="2260000000"/>
        <price t="2023-12-08" v="2261500000"/>
        <price t="2023-12-11" v="2278500000"/>
        <price t="2023-12-12" v="2278000000"/>
        <price t="2023-12-13" v="2255500000"/>
        <price t="2023-12-14" v="2174000000"/>
        <price t="2023-12-15" v="2159000000"/>
        <price t="2023-12-18" v="2153500000"/>
        <price t="2023-12-19" v="2148000000"/>
        <price t="2023-12-20" v="2167000000"/>
        <price t="2023-12-21" v="2165500000"/>
        <price t="2023-12-22" v="2178000000"/>
        <price t="2023-12-27" v="2165000000"/>
        <price t="2023-12-28" v="2161500000"/>
        <price t="2023-12-29" v="2175000000"/>
        <price t="2024-01-02" v="2196500000"/>
        <price t="2024-01-03" v="2228500000"/>
        <price t="2024-01-04" v="2246500000"/>
        <price t="2024-01-05" v="2243500000"/>
        <price t="2024-01-08" v="2254000000"/>
        <price t="2024-01-09" v="2251000000"/>
        <price t="2024-01-10" v="2245500000"/>
        <price t="2024-01-11" v="2236000000"/>
        <price t="2024-01-12" v="2250500000"/>
        <price t="2024-01-15" v="2267000000"/>
        <price t="2024-01-16" v="2278000000"/>
        <price t="2024-01-17" v="2273500000"/>
        <price t="2024-01-18" v="2289000000"/>
        <price t="2024-01-19" v="2308000000"/>
        <price t="2024-01-22" v="2330000000"/>
        <price t="2024-01-23" v="2324500000"/>
        <price t="2024-01-24" v="2326000000"/>
        <price t="2024-01-25" v="2324500000"/>
        <price t="2024-01-26" v="2305000000"/>
        <price t="2024-01-29" v="2301000000"/>
        <price t="2024-01-30" v="2287500000"/>
        <price t="2024-01-31" v="2274500000"/>
        <price t="2024-02-01" v="2273000000"/>
        <price t="2024-02-02" v="2268000000"/>
        <price t="2024-02-05" v="2260000000"/>
        <price t="2024-02-06" v="2266500000"/>
        <price t="2024-02-07" v="2235500000"/>
        <price t="2024-02-08" v="2217500000"/>
        <price t="2024-02-09" v="2216500000"/>
        <price t="2024-02-12" v="2226000000"/>
      </prices>
      <latest t="2024-02-12" v="2226000000">
        <high>-1</high>
        <low>-1</low>
        <volume>-1</volume>
      </latest>
      <attributes>
        <map/>
      </attributes>
      <events/>
      <isRetired>false</isRetired>
      <updatedAt>2023-06-11T08:26:58.426438Z</updatedAt>
    </security>
    <security>
      <uuid>245661d8-6510-40d7-96cc-3f05f7a679ad</uuid>
      <name>share-2</name>
      <currencyCode>EUR</currencyCode>
      <tickerSymbol>TMV.DE</tickerSymbol>
      <feed>YAHOO</feed>
      <prices>
        <price t="2019-09-25" v="2530000000"/>
        <price t="2019-09-26" v="2342000000"/>
        <price t="2019-09-27" v="2410000000"/>
        <price t="2019-09-30" v="2469000000"/>
        <price t="2019-10-01" v="2550000000"/>
        <price t="2019-10-02" v="2503000000"/>
        <price t="2019-10-04" v="2457000000"/>
        <price t="2019-10-07" v="2375000000"/>
        <price t="2019-10-08" v="2275000000"/>
        <price t="2019-10-09" v="2180000000"/>
        <price t="2019-10-10" v="2240000000"/>
        <price t="2019-10-11" v="2320000000"/>
        <price t="2019-10-14" v="2376000000"/>
        <price t="2019-10-15" v="2417000000"/>
        <price t="2019-10-16" v="2430000000"/>
        <price t="2019-10-17" v="2416000000"/>
        <price t="2019-10-18" v="2410000000"/>
        <price t="2019-10-21" v="2393000000"/>
        <price t="2019-10-22" v="2385000000"/>
        <price t="2019-10-23" v="2349000000"/>
        <price t="2019-10-24" v="2305000000"/>
        <price t="2019-10-25" v="2253000000"/>
        <price t="2019-10-28" v="2315000000"/>
        <price t="2019-10-29" v="2350000000"/>
        <price t="2019-10-30" v="2356000000"/>
        <price t="2019-10-31" v="2366000000"/>
        <price t="2019-11-01" v="2421000000"/>
        <price t="2019-11-04" v="2471000000"/>
        <price t="2019-11-05" v="2431000000"/>
        <price t="2019-11-06" v="2455000000"/>
        <price t="2019-11-07" v="2500000000"/>
        <price t="2019-11-08" v="2510000000"/>
        <price t="2019-11-11" v="2600000000"/>
        <price t="2019-11-12" v="2657000000"/>
        <price t="2019-11-13" v="2665000000"/>
        <price t="2019-11-14" v="2580000000"/>
        <price t="2019-11-15" v="2600000000"/>
        <price t="2019-11-18" v="2486000000"/>
        <price t="2019-11-19" v="2550000000"/>
        <price t="2019-11-20" v="2458000000"/>
        <price t="2019-11-21" v="2467000000"/>
        <price t="2019-11-22" v="2503000000"/>
        <price t="2019-11-25" v="2526000000"/>
        <price t="2019-11-26" v="2521000000"/>
        <price t="2019-11-27" v="2575000000"/>
        <price t="2019-11-28" v="2590000000"/>
        <price t="2019-11-29" v="2593000000"/>
        <price t="2019-12-02" v="2547000000"/>
        <price t="2019-12-03" v="2528000000"/>
        <price t="2019-12-04" v="2602000000"/>
        <price t="2019-12-05" v="2589000000"/>
        <price t="2019-12-06" v="2628000000"/>
        <price t="2019-12-09" v="2711000000"/>
        <price t="2019-12-10" v="2795000000"/>
        <price t="2019-12-11" v="2889000000"/>
        <price t="2019-12-12" v="2880000000"/>
        <price t="2019-12-13" v="2854000000"/>
        <price t="2019-12-16" v="2905000000"/>
        <price t="2019-12-17" v="2946000000"/>
        <price t="2019-12-18" v="2979000000"/>
        <price t="2019-12-19" v="2990000000"/>
        <price t="2019-12-20" v="3027000000"/>
        <price t="2019-12-23" v="3099000000"/>
        <price t="2019-12-27" v="3265000000"/>
        <price t="2019-12-30" v="3188000000"/>
        <price t="2020-01-02" v="3133000000"/>
        <price t="2020-01-03" v="3051000000"/>
        <price t="2020-01-06" v="2940000000"/>
        <price t="2020-01-07" v="2953000000"/>
        <price t="2020-01-08" v="2973000000"/>
        <price t="2020-01-09" v="3063000000"/>
        <price t="2020-01-10" v="3122000000"/>
        <price t="2020-01-13" v="3093000000"/>
        <price t="2020-01-14" v="3061000000"/>
        <price t="2020-01-15" v="3180000000"/>
        <price t="2020-01-16" v="3209000000"/>
        <price t="2020-01-17" v="3200000000"/>
        <price t="2020-01-20" v="3183000000"/>
        <price t="2020-01-21" v="3205000000"/>
        <price t="2020-01-22" v="3300000000"/>
        <price t="2020-01-23" v="3219000000"/>
        <price t="2020-01-24" v="3287000000"/>
        <price t="2020-01-27" v="3195000000"/>
        <price t="2020-01-28" v="3178000000"/>
        <price t="2020-01-29" v="3232000000"/>
        <price t="2020-01-30" v="3228000000"/>
        <price t="2020-01-31" v="3241000000"/>
        <price t="2020-02-03" v="3177000000"/>
        <price t="2020-02-04" v="3276000000"/>
        <price t="2020-02-05" v="3272000000"/>
        <price t="2020-02-06" v="3190000000"/>
        <price t="2020-02-07" v="3160000000"/>
        <price t="2020-02-10" v="3174000000"/>
        <price t="2020-02-11" v="3239000000"/>
        <price t="2020-02-12" v="3238000000"/>
        <price t="2020-02-13" v="3210000000"/>
        <price t="2020-02-14" v="3192000000"/>
        <price t="2020-02-17" v="3170000000"/>
        <price t="2020-02-18" v="3118000000"/>
        <price t="2020-02-19" v="3153000000"/>
        <price t="2020-02-20" v="3060000000"/>
        <price t="2020-02-21" v="3004000000"/>
        <price t="2020-02-24" v="3001000000"/>
        <price t="2020-02-25" v="2910000000"/>
        <price t="2020-02-26" v="2910000000"/>
        <price t="2020-02-27" v="2988000000"/>
        <price t="2020-02-28" v="3215000000"/>
        <price t="2020-03-02" v="3569000000"/>
        <price t="2020-03-03" v="3494000000"/>
        <price t="2020-03-04" v="3425000000"/>
        <price t="2020-03-05" v="3502000000"/>
        <price t="2020-03-06" v="3317000000"/>
        <price t="2020-03-09" v="3109000000"/>
        <price t="2020-03-10" v="2907000000"/>
        <price t="2020-03-11" v="2924000000"/>
        <price t="2020-03-12" v="2577000000"/>
        <price t="2020-03-13" v="2601000000"/>
        <price t="2020-03-16" v="2638000000"/>
        <price t="2020-03-17" v="2481000000"/>
        <price t="2020-03-18" v="2553000000"/>
        <price t="2020-03-19" v="2956000000"/>
        <price t="2020-03-20" v="3047000000"/>
        <price t="2020-03-23" v="2951000000"/>
        <price t="2020-03-24" v="3163000000"/>
        <price t="2020-03-25" v="3170000000"/>
        <price t="2020-03-26" v="3391000000"/>
        <price t="2020-03-27" v="3450000000"/>
        <price t="2020-03-30" v="3680000000"/>
        <price t="2020-03-31" v="3639000000"/>
        <price t="2020-04-01" v="3740000000"/>
        <price t="2020-04-02" v="3839500000"/>
        <price t="2020-04-03" v="3892000000"/>
        <price t="2020-04-06" v="3713500000"/>
        <price t="2020-04-07" v="3549000000"/>
        <price t="2020-04-08" v="3760000000"/>
        <price t="2020-04-09" v="3675000000"/>
        <price t="2020-04-14" v="3830500000"/>
        <price t="2020-04-15" v="3943000000"/>
        <price t="2020-04-16" v="4094500000"/>
        <price t="2020-04-17" v="3975000000"/>
        <price t="2020-04-20" v="4187500000"/>
        <price t="2020-04-21" v="3917000000"/>
        <price t="2020-04-22" v="4217500000"/>
        <price t="2020-04-23" v="4176000000"/>
        <price t="2020-04-24" v="4163500000"/>
        <price t="2020-04-27" v="4200500000"/>
        <price t="2020-04-28" v="4134000000"/>
        <price t="2020-04-29" v="3982500000"/>
        <price t="2020-04-30" v="3960000000"/>
        <price t="2020-05-04" v="4032000000"/>
        <price t="2020-05-05" v="4153000000"/>
        <price t="2020-05-06" v="4271500000"/>
        <price t="2020-05-07" v="4326000000"/>
        <price t="2020-05-08" v="4266000000"/>
        <price t="2020-05-11" v="4300000000"/>
        <price t="2020-05-12" v="4400000000"/>
        <price t="2020-05-13" v="4516000000"/>
        <price t="2020-05-14" v="4150000000"/>
        <price t="2020-05-15" v="4242500000"/>
        <price t="2020-05-18" v="4196500000"/>
        <price t="2020-05-19" v="4255000000"/>
        <price t="2020-05-20" v="4355500000"/>
        <price t="2020-05-21" v="4375000000"/>
        <price t="2020-05-22" v="4470000000"/>
        <price t="2020-05-25" v="4588500000"/>
        <price t="2020-05-26" v="4521500000"/>
        <price t="2020-05-27" v="4242000000"/>
        <price t="2020-05-28" v="4431000000"/>
        <price t="2020-05-29" v="4575500000"/>
        <price t="2020-06-02" v="4807000000"/>
        <price t="2020-06-03" v="4663500000"/>
        <price t="2020-06-04" v="4616500000"/>
        <price t="2020-06-05" v="4352500000"/>
        <price t="2020-06-08" v="4340000000"/>
        <price t="2020-06-09" v="4401500000"/>
        <price t="2020-06-10" v="4417000000"/>
        <price t="2020-06-11" v="4355000000"/>
        <price t="2020-06-12" v="4253000000"/>
        <price t="2020-06-15" v="4346000000"/>
        <price t="2020-06-16" v="4537000000"/>
        <price t="2020-06-17" v="4631000000"/>
        <price t="2020-06-18" v="4705000000"/>
        <price t="2020-06-19" v="4744000000"/>
        <price t="2020-06-22" v="4740000000"/>
        <price t="2020-06-23" v="4762000000"/>
        <price t="2020-06-24" v="4774000000"/>
        <price t="2020-06-25" v="4809000000"/>
        <price t="2020-06-26" v="4764000000"/>
        <price t="2020-06-29" v="4586000000"/>
        <price t="2020-06-30" v="4860000000"/>
        <price t="2020-07-01" v="4947000000"/>
        <price t="2020-07-02" v="5120000000"/>
        <price t="2020-07-03" v="5148000000"/>
        <price t="2020-07-06" v="5166000000"/>
        <price t="2020-07-07" v="5186000000"/>
        <price t="2020-07-08" v="5170000000"/>
        <price t="2020-07-09" v="5362000000"/>
        <price t="2020-07-10" v="5118000000"/>
        <price t="2020-07-13" v="5144000000"/>
        <price t="2020-07-14" v="5038000000"/>
        <price t="2020-07-15" v="4665000000"/>
        <price t="2020-07-16" v="4763000000"/>
        <price t="2020-07-17" v="4894000000"/>
        <price t="2020-07-20" v="4855000000"/>
        <price t="2020-07-21" v="4780000000"/>
        <price t="2020-07-22" v="4863000000"/>
        <price t="2020-07-23" v="4783000000"/>
        <price t="2020-07-24" v="4582000000"/>
        <price t="2020-07-27" v="4691000000"/>
        <price t="2020-07-28" v="4622000000"/>
        <price t="2020-07-29" v="4669000000"/>
        <price t="2020-07-30" v="4425000000"/>
        <price t="2020-07-31" v="4575000000"/>
        <price t="2020-08-03" v="4723000000"/>
        <price t="2020-08-04" v="4345000000"/>
        <price t="2020-08-05" v="4392000000"/>
        <price t="2020-08-06" v="4371000000"/>
        <price t="2020-08-07" v="4300000000"/>
        <price t="2020-08-10" v="4163000000"/>
        <price t="2020-08-11" v="4263000000"/>
        <price t="2020-08-12" v="4336000000"/>
        <price t="2020-08-13" v="4417000000"/>
        <price t="2020-08-14" v="4405000000"/>
        <price t="2020-08-17" v="4463000000"/>
        <price t="2020-08-18" v="4421000000"/>
        <price t="2020-08-19" v="4345000000"/>
        <price t="2020-08-20" v="4421000000"/>
        <price t="2020-08-21" v="4516000000"/>
        <price t="2020-08-24" v="4414000000"/>
        <price t="2020-08-25" v="4429000000"/>
        <price t="2020-08-26" v="4510000000"/>
        <price t="2020-08-27" v="4534000000"/>
        <price t="2020-08-28" v="4528000000"/>
        <price t="2020-08-31" v="4537000000"/>
        <price t="2020-09-01" v="4505000000"/>
        <price t="2020-09-02" v="4405000000"/>
        <price t="2020-09-03" v="4160000000"/>
        <price t="2020-09-04" v="4056000000"/>
        <price t="2020-09-07" v="4150000000"/>
        <price t="2020-09-08" v="4068000000"/>
        <price t="2020-09-09" v="4148000000"/>
        <price t="2020-09-10" v="4142000000"/>
        <price t="2020-09-11" v="4043000000"/>
        <price t="2020-09-14" v="4149000000"/>
        <price t="2020-09-15" v="4161000000"/>
        <price t="2020-09-16" v="4169000000"/>
        <price t="2020-09-17" v="4113000000"/>
        <price t="2020-09-18" v="4253000000"/>
        <price t="2020-09-21" v="4223000000"/>
        <price t="2020-09-22" v="4294000000"/>
        <price t="2020-09-23" v="4318000000"/>
        <price t="2020-09-24" v="4185000000"/>
        <price t="2020-09-25" v="4260000000"/>
        <price t="2020-09-28" v="4300000000"/>
        <price t="2020-09-29" v="4295000000"/>
        <price t="2020-09-30" v="4212000000"/>
        <price t="2020-10-01" v="4237000000"/>
        <price t="2020-10-02" v="4142000000"/>
        <price t="2020-10-05" v="4208000000"/>
        <price t="2020-10-06" v="4163000000"/>
        <price t="2020-10-07" v="4071000000"/>
        <price t="2020-10-08" v="4062000000"/>
        <price t="2020-10-09" v="4286000000"/>
        <price t="2020-10-12" v="4350000000"/>
        <price t="2020-10-13" v="4436000000"/>
        <price t="2020-10-14" v="4529000000"/>
        <price t="2020-10-15" v="4467000000"/>
        <price t="2020-10-16" v="4560000000"/>
        <price t="2020-10-19" v="4609000000"/>
        <price t="2020-10-20" v="4224000000"/>
        <price t="2020-10-21" v="4156000000"/>
        <price t="2020-10-22" v="4136000000"/>
        <price t="2020-10-23" v="4019000000"/>
        <price t="2020-10-26" v="3970000000"/>
        <price t="2020-10-27" v="4026000000"/>
        <price t="2020-10-28" v="3851000000"/>
        <price t="2020-10-29" v="3831000000"/>
        <price t="2020-10-30" v="3780000000"/>
        <price t="2020-11-02" v="3715000000"/>
        <price t="2020-11-03" v="3640000000"/>
        <price t="2020-11-04" v="3810000000"/>
        <price t="2020-11-05" v="3880000000"/>
        <price t="2020-11-06" v="3890000000"/>
        <price t="2020-11-09" v="3545000000"/>
        <price t="2020-11-10" v="3716000000"/>
        <price t="2020-11-11" v="3900000000"/>
        <price t="2020-11-12" v="3908000000"/>
        <price t="2020-11-13" v="3945000000"/>
        <price t="2020-11-16" v="3790000000"/>
        <price t="2020-11-17" v="3748000000"/>
        <price t="2020-11-18" v="3771000000"/>
        <price t="2020-11-19" v="3835000000"/>
        <price t="2020-11-20" v="3952000000"/>
        <price t="2020-11-23" v="3940000000"/>
        <price t="2020-11-24" v="3902000000"/>
        <price t="2020-11-25" v="3910000000"/>
        <price t="2020-11-26" v="3912000000"/>
        <price t="2020-11-27" v="3956000000"/>
        <price t="2020-11-30" v="3993000000"/>
        <price t="2020-12-01" v="3948000000"/>
        <price t="2020-12-02" v="3843000000"/>
        <price t="2020-12-03" v="3894000000"/>
        <price t="2020-12-04" v="3900000000"/>
        <price t="2020-12-07" v="3845000000"/>
        <price t="2020-12-08" v="3850000000"/>
        <price t="2020-12-09" v="3826000000"/>
        <price t="2020-12-10" v="3852000000"/>
        <price t="2020-12-11" v="3871000000"/>
        <price t="2020-12-14" v="3980000000"/>
        <price t="2020-12-15" v="4155000000"/>
        <price t="2020-12-16" v="4135000000"/>
        <price t="2020-12-17" v="4263000000"/>
        <price t="2020-12-18" v="4375000000"/>
        <price t="2020-12-21" v="4348000000"/>
        <price t="2020-12-22" v="4430000000"/>
        <price t="2020-12-23" v="4385000000"/>
        <price t="2020-12-28" v="4381000000"/>
        <price t="2020-12-29" v="4346000000"/>
        <price t="2020-12-30" v="4383000000"/>
        <price t="2021-01-04" v="4424000000"/>
        <price t="2021-01-05" v="4485000000"/>
        <price t="2021-01-06" v="4282000000"/>
        <price t="2021-01-07" v="4136000000"/>
        <price t="2021-01-08" v="4240000000"/>
        <price t="2021-01-11" v="4080000000"/>
        <price t="2021-01-12" v="4151000000"/>
        <price t="2021-01-13" v="4193000000"/>
        <price t="2021-01-14" v="4158000000"/>
        <price t="2021-01-15" v="4033000000"/>
        <price t="2021-01-18" v="4095000000"/>
        <price t="2021-01-19" v="4200000000"/>
        <price t="2021-01-20" v="4350000000"/>
        <price t="2021-01-21" v="4300000000"/>
        <price t="2021-01-22" v="4300000000"/>
        <price t="2021-01-25" v="4287000000"/>
        <price t="2021-01-26" v="4267000000"/>
        <price t="2021-01-27" v="4354000000"/>
        <price t="2021-01-28" v="4270000000"/>
        <price t="2021-01-29" v="4271000000"/>
        <price t="2021-02-01" v="4299000000"/>
        <price t="2021-02-02" v="4420000000"/>
        <price t="2021-02-03" v="4480000000"/>
        <price t="2021-02-04" v="4427000000"/>
        <price t="2021-02-05" v="4480000000"/>
        <price t="2021-02-08" v="4581000000"/>
        <price t="2021-02-09" v="4384000000"/>
        <price t="2021-02-10" v="4417000000"/>
        <price t="2021-02-11" v="4519000000"/>
        <price t="2021-02-12" v="4568000000"/>
        <price t="2021-02-15" v="4652000000"/>
        <price t="2021-02-16" v="4650000000"/>
        <price t="2021-02-17" v="4864000000"/>
        <price t="2021-02-18" v="4845000000"/>
        <price t="2021-02-19" v="4913000000"/>
        <price t="2021-02-22" v="4751000000"/>
        <price t="2021-02-23" v="4581000000"/>
        <price t="2021-02-24" v="4504000000"/>
        <price t="2021-02-25" v="4533000000"/>
        <price t="2021-02-26" v="4450000000"/>
        <price t="2021-03-01" v="4482000000"/>
        <price t="2021-03-02" v="4670000000"/>
        <price t="2021-03-03" v="4632000000"/>
        <price t="2021-03-04" v="4491000000"/>
        <price t="2021-03-05" v="4217000000"/>
        <price t="2021-03-08" v="4124000000"/>
        <price t="2021-03-09" v="4293000000"/>
        <price t="2021-03-10" v="4209000000"/>
        <price t="2021-03-11" v="4314000000"/>
        <price t="2021-03-12" v="4232000000"/>
        <price t="2021-03-15" v="4264000000"/>
        <price t="2021-03-16" v="4341000000"/>
        <price t="2021-03-17" v="4332000000"/>
        <price t="2021-03-18" v="4286000000"/>
        <price t="2021-03-19" v="3756000000"/>
        <price t="2021-03-22" v="3768000000"/>
        <price t="2021-03-23" v="3821000000"/>
        <price t="2021-03-24" v="3673000000"/>
        <price t="2021-03-25" v="3615000000"/>
        <price t="2021-03-26" v="3641000000"/>
        <price t="2021-03-29" v="3657000000"/>
        <price t="2021-03-30" v="3564000000"/>
        <price t="2021-03-31" v="3643000000"/>
        <price t="2021-04-01" v="3757000000"/>
        <price t="2021-04-06" v="3717000000"/>
        <price t="2021-04-07" v="3733000000"/>
        <price t="2021-04-08" v="3716000000"/>
        <price t="2021-04-09" v="3749000000"/>
        <price t="2021-04-12" v="3742000000"/>
        <price t="2021-04-13" v="3882000000"/>
        <price t="2021-04-14" v="3870000000"/>
        <price t="2021-04-15" v="3930000000"/>
        <price t="2021-04-16" v="3876000000"/>
        <price t="2021-04-19" v="3885000000"/>
        <price t="2021-04-20" v="3763000000"/>
        <price t="2021-04-21" v="3788000000"/>
        <price t="2021-04-22" v="3774000000"/>
        <price t="2021-04-23" v="3837000000"/>
        <price t="2021-04-26" v="3929000000"/>
        <price t="2021-04-27" v="4003000000"/>
        <price t="2021-04-28" v="3988000000"/>
        <price t="2021-04-29" v="3971000000"/>
        <price t="2021-04-30" v="3956000000"/>
        <price t="2021-05-03" v="3970000000"/>
        <price t="2021-05-04" v="3480000000"/>
        <price t="2021-05-05" v="3408000000"/>
        <price t="2021-05-06" v="3314000000"/>
        <price t="2021-05-07" v="3452000000"/>
        <price t="2021-05-10" v="3364000000"/>
        <price t="2021-05-11" v="3185000000"/>
        <price t="2021-05-12" v="3140000000"/>
        <price t="2021-05-13" v="3051000000"/>
        <price t="2021-05-14" v="3095000000"/>
        <price t="2021-05-17" v="3093000000"/>
        <price t="2021-05-18" v="3089000000"/>
        <price t="2021-05-19" v="3049000000"/>
        <price t="2021-05-20" v="3147000000"/>
        <price t="2021-05-21" v="3082000000"/>
        <price t="2021-05-25" v="3161000000"/>
        <price t="2021-05-26" v="3245000000"/>
        <price t="2021-05-27" v="3283000000"/>
        <price t="2021-05-28" v="3217000000"/>
        <price t="2021-05-31" v="3237000000"/>
        <price t="2021-06-01" v="3195000000"/>
        <price t="2021-06-02" v="3090000000"/>
        <price t="2021-06-03" v="3033000000"/>
        <price t="2021-06-04" v="3095000000"/>
        <price t="2021-06-07" v="3079000000"/>
        <price t="2021-06-08" v="2996000000"/>
        <price t="2021-06-09" v="3079000000"/>
        <price t="2021-06-10" v="3015000000"/>
        <price t="2021-06-11" v="3060000000"/>
        <price t="2021-06-14" v="3239000000"/>
        <price t="2021-06-15" v="3191000000"/>
        <price t="2021-06-16" v="3205000000"/>
        <price t="2021-06-17" v="3275000000"/>
        <price t="2021-06-18" v="3393000000"/>
        <price t="2021-06-21" v="3284000000"/>
        <price t="2021-06-22" v="3339000000"/>
        <price t="2021-06-23" v="3295000000"/>
        <price t="2021-06-24" v="3375000000"/>
        <price t="2021-06-25" v="3359000000"/>
        <price t="2021-06-28" v="3222000000"/>
        <price t="2021-06-29" v="3218000000"/>
        <price t="2021-06-30" v="3172000000"/>
        <price t="2021-07-01" v="3165000000"/>
        <price t="2021-07-02" v="3104000000"/>
        <price t="2021-07-05" v="3052000000"/>
        <price t="2021-07-06" v="3194000000"/>
        <price t="2021-07-07" v="3230000000"/>
        <price t="2021-07-08" v="2769000000"/>
        <price t="2021-07-09" v="2812000000"/>
        <price t="2021-07-12" v="2903000000"/>
        <price t="2021-07-13" v="2988000000"/>
        <price t="2021-07-14" v="3044000000"/>
        <price t="2021-07-15" v="2894000000"/>
        <price t="2021-07-16" v="2942000000"/>
        <price t="2021-07-19" v="2876000000"/>
        <price t="2021-07-20" v="2892000000"/>
        <price t="2021-07-21" v="2907000000"/>
        <price t="2021-07-22" v="2945000000"/>
        <price t="2021-07-23" v="2925000000"/>
        <price t="2021-07-26" v="2848000000"/>
        <price t="2021-07-27" v="2858000000"/>
        <price t="2021-07-28" v="2917000000"/>
        <price t="2021-07-29" v="2929000000"/>
        <price t="2021-07-30" v="2835000000"/>
        <price t="2021-08-02" v="2849000000"/>
        <price t="2021-08-03" v="2561000000"/>
        <price t="2021-08-04" v="2576000000"/>
        <price t="2021-08-05" v="2666000000"/>
        <price t="2021-08-06" v="2596000000"/>
        <price t="2021-08-09" v="2654000000"/>
        <price t="2021-08-10" v="2770000000"/>
        <price t="2021-08-11" v="2760000000"/>
        <price t="2021-08-12" v="2810000000"/>
        <price t="2021-08-13" v="2828000000"/>
        <price t="2021-08-16" v="2731000000"/>
        <price t="2021-08-17" v="2816000000"/>
        <price t="2021-08-18" v="2775000000"/>
        <price t="2021-08-19" v="2760000000"/>
        <price t="2021-08-20" v="2743000000"/>
        <price t="2021-08-23" v="2745000000"/>
        <price t="2021-08-24" v="2808000000"/>
        <price t="2021-08-25" v="2768000000"/>
        <price t="2021-08-26" v="2875000000"/>
        <price t="2021-08-27" v="2867000000"/>
        <price t="2021-08-30" v="2941000000"/>
        <price t="2021-08-31" v="2821000000"/>
        <price t="2021-09-01" v="2865000000"/>
        <price t="2021-09-02" v="2797000000"/>
        <price t="2021-09-03" v="2825000000"/>
        <price t="2021-09-06" v="2917000000"/>
        <price t="2021-09-07" v="3012000000"/>
        <price t="2021-09-08" v="2990000000"/>
        <price t="2021-09-09" v="2962000000"/>
        <price t="2021-09-10" v="2981000000"/>
        <price t="2021-09-13" v="2849000000"/>
        <price t="2021-09-14" v="2903000000"/>
        <price t="2021-09-15" v="2889000000"/>
        <price t="2021-09-16" v="2917000000"/>
        <price t="2021-09-17" v="2845000000"/>
        <price t="2021-09-20" v="2762000000"/>
        <price t="2021-09-21" v="2730000000"/>
        <price t="2021-09-22" v="2714000000"/>
        <price t="2021-09-23" v="2763000000"/>
        <price t="2021-09-24" v="2897000000"/>
        <price t="2021-09-27" v="2789000000"/>
        <price t="2021-09-28" v="2639000000"/>
        <price t="2021-09-29" v="2574000000"/>
        <price t="2021-09-30" v="2539000000"/>
        <price t="2021-10-01" v="2487000000"/>
        <price t="2021-10-04" v="2403000000"/>
        <price t="2021-10-05" v="2376000000"/>
        <price t="2021-10-06" v="1785500000"/>
        <price t="2021-10-07" v="1660000000"/>
        <price t="2021-10-08" v="1590000000"/>
        <price t="2021-10-11" v="1416500000"/>
        <price t="2021-10-12" v="1455000000"/>
        <price t="2021-10-13" v="1399000000"/>
        <price t="2021-10-14" v="1429500000"/>
        <price t="2021-10-15" v="1376500000"/>
        <price t="2021-10-18" v="1378000000"/>
        <price t="2021-10-19" v="1339000000"/>
        <price t="2021-10-20" v="1310500000"/>
        <price t="2021-10-21" v="1392500000"/>
        <price t="2021-10-22" v="1325000000"/>
        <price t="2021-10-25" v="1280000000"/>
        <price t="2021-10-26" v="1327500000"/>
        <price t="2021-10-27" v="1287000000"/>
        <price t="2021-10-28" v="1292000000"/>
        <price t="2021-10-29" v="1290000000"/>
        <price t="2021-11-01" v="1258000000"/>
        <price t="2021-11-02" v="1308000000"/>
        <price t="2021-11-03" v="1451500000"/>
        <price t="2021-11-04" v="1447000000"/>
        <price t="2021-11-05" v="1412000000"/>
        <price t="2021-11-08" v="1460500000"/>
        <price t="2021-11-09" v="1453500000"/>
        <price t="2021-11-10" v="1350000000"/>
        <price t="2021-11-11" v="1364500000"/>
        <price t="2021-11-12" v="1338500000"/>
        <price t="2021-11-15" v="1354500000"/>
        <price t="2021-11-16" v="1390000000"/>
        <price t="2021-11-17" v="1358000000"/>
        <price t="2021-11-18" v="1274000000"/>
        <price t="2021-11-19" v="1305500000"/>
        <price t="2021-11-22" v="1197000000"/>
        <price t="2021-11-23" v="1190000000"/>
        <price t="2021-11-24" v="1199500000"/>
        <price t="2021-11-25" v="1195000000"/>
        <price t="2021-11-26" v="1235000000"/>
        <price t="2021-11-29" v="1235000000"/>
        <price t="2021-11-30" v="1199000000"/>
        <price t="2021-12-01" v="1185500000"/>
        <price t="2021-12-02" v="1122500000"/>
        <price t="2021-12-03" v="1155000000"/>
        <price t="2021-12-06" v="1123000000"/>
        <price t="2021-12-07" v="1123000000"/>
        <price t="2021-12-08" v="1165500000"/>
        <price t="2021-12-09" v="1160000000"/>
        <price t="2021-12-10" v="1172500000"/>
        <price t="2021-12-13" v="1156500000"/>
        <price t="2021-12-14" v="1111000000"/>
        <price t="2021-12-15" v="1120500000"/>
        <price t="2021-12-16" v="1110500000"/>
        <price t="2021-12-17" v="1161000000"/>
        <price t="2021-12-20" v="1155500000"/>
        <price t="2021-12-21" v="1173000000"/>
        <price t="2021-12-22" v="1206500000"/>
        <price t="2021-12-23" v="1202000000"/>
        <price t="2021-12-27" v="1197500000"/>
        <price t="2021-12-28" v="1229500000"/>
        <price t="2021-12-29" v="1181000000"/>
        <price t="2021-12-30" v="1182000000"/>
        <price t="2022-01-03" v="1262500000"/>
        <price t="2022-01-04" v="1195000000"/>
        <price t="2022-01-05" v="1184500000"/>
        <price t="2022-01-06" v="1160000000"/>
        <price t="2022-01-07" v="1139500000"/>
        <price t="2022-01-10" v="1118500000"/>
        <price t="2022-01-11" v="1155000000"/>
        <price t="2022-01-12" v="1327500000"/>
        <price t="2022-01-13" v="1290500000"/>
        <price t="2022-01-14" v="1215000000"/>
        <price t="2022-01-17" v="1265500000"/>
        <price t="2022-01-18" v="1307000000"/>
        <price t="2022-01-19" v="1365500000"/>
        <price t="2022-01-20" v="1437500000"/>
        <price t="2022-01-21" v="1499000000"/>
        <price t="2022-01-24" v="1248500000"/>
        <price t="2022-01-25" v="1249500000"/>
        <price t="2022-01-26" v="1273500000"/>
        <price t="2022-01-27" v="1274500000"/>
        <price t="2022-01-28" v="1280000000"/>
        <price t="2022-01-31" v="1332000000"/>
        <price t="2022-02-01" v="1335000000"/>
        <price t="2022-02-02" v="1553000000"/>
        <price t="2022-02-03" v="1505000000"/>
        <price t="2022-02-04" v="1601000000"/>
        <price t="2022-02-07" v="1590500000"/>
        <price t="2022-02-08" v="1616000000"/>
        <price t="2022-02-09" v="1606500000"/>
        <price t="2022-02-10" v="1543500000"/>
        <price t="2022-02-11" v="1491500000"/>
        <price t="2022-02-14" v="1517000000"/>
        <price t="2022-02-15" v="1534000000"/>
        <price t="2022-02-16" v="1481000000"/>
        <price t="2022-02-17" v="1471500000"/>
        <price t="2022-02-18" v="1438000000"/>
        <price t="2022-02-21" v="1392500000"/>
        <price t="2022-02-22" v="1363000000"/>
        <price t="2022-02-23" v="1346500000"/>
        <price t="2022-02-24" v="1335000000"/>
        <price t="2022-02-25" v="1389500000"/>
        <price t="2022-02-28" v="1436500000"/>
        <price t="2022-03-01" v="1356500000"/>
        <price t="2022-03-02" v="1385000000"/>
        <price t="2022-03-03" v="1314500000"/>
        <price t="2022-03-04" v="1250000000"/>
        <price t="2022-03-07" v="1177500000"/>
        <price t="2022-03-08" v="1163000000"/>
        <price t="2022-03-09" v="1277000000"/>
        <price t="2022-03-10" v="1173000000"/>
        <price t="2022-03-11" v="1213000000"/>
        <price t="2022-03-14" v="1235000000"/>
        <price t="2022-03-15" v="1220000000"/>
        <price t="2022-03-16" v="1293000000"/>
        <price t="2022-03-17" v="1295000000"/>
        <price t="2022-03-18" v="1381000000"/>
        <price t="2022-03-21" v="1402000000"/>
        <price t="2022-03-22" v="1450000000"/>
        <price t="2022-03-23" v="1406500000"/>
        <price t="2022-03-24" v="1381500000"/>
        <price t="2022-03-25" v="1364500000"/>
        <price t="2022-03-28" v="1340500000"/>
        <price t="2022-03-29" v="1411000000"/>
        <price t="2022-03-30" v="1381500000"/>
        <price t="2022-03-31" v="1346500000"/>
        <price t="2022-04-01" v="1343500000"/>
        <price t="2022-04-04" v="1387500000"/>
        <price t="2022-04-05" v="1343000000"/>
        <price t="2022-04-06" v="1271000000"/>
        <price t="2022-04-07" v="1267000000"/>
        <price t="2022-04-08" v="1287000000"/>
        <price t="2022-04-11" v="1250000000"/>
        <price t="2022-04-12" v="1313500000"/>
        <price t="2022-04-13" v="1305000000"/>
        <price t="2022-04-14" v="1300000000"/>
        <price t="2022-04-19" v="1308000000"/>
        <price t="2022-04-20" v="1294500000"/>
        <price t="2022-04-21" v="1294500000"/>
        <price t="2022-04-22" v="1294500000"/>
        <price t="2022-04-25" v="1246000000"/>
        <price t="2022-04-26" v="1246000000"/>
        <price t="2022-04-27" v="1246000000"/>
        <price t="2022-04-28" v="1145500000"/>
        <price t="2022-04-29" v="1154500000"/>
        <price t="2022-05-02" v="1154500000"/>
        <price t="2022-05-03" v="1171000000"/>
        <price t="2022-05-04" v="1266000000"/>
        <price t="2022-05-05" v="1251000000"/>
        <price t="2022-05-06" v="1251000000"/>
        <price t="2022-05-09" v="1251000000"/>
        <price t="2022-05-10" v="1176500000"/>
        <price t="2022-05-11" v="1176500000"/>
        <price t="2022-05-12" v="1187000000"/>
        <price t="2022-05-13" v="1187000000"/>
        <price t="2022-05-16" v="1250000000"/>
        <price t="2022-05-17" v="1250500000"/>
        <price t="2022-05-18" v="1175000000"/>
        <price t="2022-05-19" v="1175000000"/>
        <price t="2022-05-20" v="1245000000"/>
        <price t="2022-05-23" v="1259500000"/>
        <price t="2022-05-24" v="1228000000"/>
        <price t="2022-05-25" v="1228000000"/>
        <price t="2022-05-26" v="1271500000"/>
        <price t="2022-05-27" v="1271500000"/>
        <price t="2022-05-30" v="1271500000"/>
        <price t="2022-05-31" v="1302000000"/>
        <price t="2022-06-01" v="1287000000"/>
        <price t="2022-06-02" v="1287000000"/>
        <price t="2022-06-03" v="1287000000"/>
        <price t="2022-06-06" v="1335000000"/>
        <price t="2022-06-07" v="1277000000"/>
        <price t="2022-06-08" v="1276500000"/>
        <price t="2022-06-09" v="1234000000"/>
        <price t="2022-06-10" v="1170000000"/>
        <price t="2022-06-13" v="1085000000"/>
        <price t="2022-06-14" v="1019000000"/>
        <price t="2022-06-15" v="1057500000"/>
        <price t="2022-06-16" v="1040000000"/>
        <price t="2022-06-17" v="1098000000"/>
        <price t="2022-06-20" v="1130500000"/>
        <price t="2022-06-21" v="1155500000"/>
        <price t="2022-06-22" v="1179000000"/>
        <price t="2022-06-23" v="1178000000"/>
        <price t="2022-06-24" v="1079000000"/>
        <price t="2022-06-27" v="1060000000"/>
        <price t="2022-06-28" v="1020500000"/>
        <price t="2022-06-29" v="979400000"/>
        <price t="2022-06-30" v="949800000"/>
        <price t="2022-07-01" v="953600000"/>
        <price t="2022-07-04" v="946000000"/>
        <price t="2022-07-05" v="911800000"/>
        <price t="2022-07-06" v="963800000"/>
        <price t="2022-07-07" v="989800000"/>
        <price t="2022-07-08" v="991400000"/>
        <price t="2022-07-11" v="964600000"/>
        <price t="2022-07-12" v="964600000"/>
        <price t="2022-07-13" v="930200000"/>
        <price t="2022-07-14" v="919400000"/>
        <price t="2022-07-15" v="937200000"/>
        <price t="2022-07-18" v="944400000"/>
        <price t="2022-07-19" v="956400000"/>
        <price t="2022-07-20" v="982400000"/>
        <price t="2022-07-21" v="977800000"/>
        <price t="2022-07-22" v="981200000"/>
        <price t="2022-07-25" v="956400000"/>
        <price t="2022-07-26" v="952200000"/>
        <price t="2022-07-27" v="994800000"/>
        <price t="2022-07-28" v="993000000"/>
        <price t="2022-07-29" v="1010500000"/>
        <price t="2022-08-01" v="1018000000"/>
        <price t="2022-08-02" v="1031500000"/>
        <price t="2022-08-03" v="1059000000"/>
        <price t="2022-08-04" v="1059000000"/>
        <price t="2022-08-05" v="1053500000"/>
        <price t="2022-08-08" v="1073000000"/>
        <price t="2022-08-09" v="1074000000"/>
        <price t="2022-08-10" v="1089500000"/>
        <price t="2022-08-11" v="1105000000"/>
        <price t="2022-08-12" v="1106500000"/>
        <price t="2022-08-15" v="1089000000"/>
        <price t="2022-08-16" v="1072500000"/>
        <price t="2022-08-17" v="1095500000"/>
        <price t="2022-08-18" v="1088500000"/>
        <price t="2022-08-19" v="1033000000"/>
        <price t="2022-08-22" v="999600000"/>
        <price t="2022-08-23" v="1019500000"/>
        <price t="2022-08-24" v="1033500000"/>
        <price t="2022-08-25" v="1035500000"/>
        <price t="2022-08-26" v="1008500000"/>
        <price t="2022-08-29" v="1008500000"/>
        <price t="2022-08-30" v="999200000"/>
        <price t="2022-08-31" v="999000000"/>
        <price t="2022-09-01" v="956600000"/>
        <price t="2022-09-02" v="1002000000"/>
        <price t="2022-09-05" v="972200000"/>
        <price t="2022-09-06" v="976600000"/>
        <price t="2022-09-07" v="988800000"/>
        <price t="2022-09-08" v="1007500000"/>
        <price t="2022-09-09" v="1028500000"/>
        <price t="2022-09-12" v="1049500000"/>
        <price t="2022-09-13" v="1015000000"/>
        <price t="2022-09-14" v="991000000"/>
        <price t="2022-09-15" v="966400000"/>
        <price t="2022-09-16" v="936400000"/>
        <price t="2022-09-19" v="940200000"/>
        <price t="2022-09-20" v="916000000"/>
        <price t="2022-09-21" v="925000000"/>
        <price t="2022-09-22" v="860400000"/>
        <price t="2022-09-23" v="806600000"/>
        <price t="2022-09-26" v="801400000"/>
        <price t="2022-09-27" v="836200000"/>
        <price t="2022-09-28" v="820000000"/>
        <price t="2022-09-29" v="775800000"/>
        <price t="2022-09-30" v="800000000"/>
        <price t="2022-10-03" v="801200000"/>
        <price t="2022-10-04" v="845200000"/>
        <price t="2022-10-05" v="804000000"/>
        <price t="2022-10-06" v="806600000"/>
        <price t="2022-10-07" v="787800000"/>
        <price t="2022-10-10" v="781400000"/>
        <price t="2022-10-11" v="804000000"/>
        <price t="2022-10-12" v="807600000"/>
        <price t="2022-10-13" v="829600000"/>
        <price t="2022-10-14" v="838200000"/>
        <price t="2022-10-17" v="870200000"/>
        <price t="2022-10-18" v="888000000"/>
        <price t="2022-10-19" v="875400000"/>
        <price t="2022-10-20" v="891800000"/>
        <price t="2022-10-21" v="884600000"/>
        <price t="2022-10-24" v="889400000"/>
        <price t="2022-10-25" v="931400000"/>
        <price t="2022-10-26" v="951400000"/>
        <price t="2022-10-27" v="950800000"/>
        <price t="2022-10-28" v="951800000"/>
        <price t="2022-10-31" v="973400000"/>
        <price t="2022-11-01" v="972600000"/>
        <price t="2022-11-02" v="1102500000"/>
        <price t="2022-11-03" v="1025500000"/>
        <price t="2022-11-04" v="1043000000"/>
        <price t="2022-11-07" v="1028000000"/>
        <price t="2022-11-08" v="1060500000"/>
        <price t="2022-11-09" v="1047000000"/>
        <price t="2022-11-10" v="1093500000"/>
        <price t="2022-11-11" v="1113000000"/>
        <price t="2022-11-14" v="1104500000"/>
        <price t="2022-11-15" v="1098500000"/>
        <price t="2022-11-16" v="1070000000"/>
        <price t="2022-11-17" v="1095500000"/>
        <price t="2022-11-18" v="1096500000"/>
        <price t="2022-11-21" v="1119000000"/>
        <price t="2022-11-22" v="1215500000"/>
        <price t="2022-11-23" v="1201000000"/>
        <price t="2022-11-24" v="1206500000"/>
        <price t="2022-11-25" v="1241000000"/>
        <price t="2022-11-28" v="1215500000"/>
        <price t="2022-11-29" v="1217500000"/>
        <price t="2022-11-30" v="1229500000"/>
        <price t="2022-12-01" v="1264500000"/>
        <price t="2022-12-02" v="1275000000"/>
        <price t="2022-12-05" v="1270500000"/>
        <price t="2022-12-06" v="1257000000"/>
        <price t="2022-12-07" v="1256500000"/>
        <price t="2022-12-08" v="1262000000"/>
        <price t="2022-12-09" v="1285000000"/>
        <price t="2022-12-12" v="1248500000"/>
        <price t="2022-12-13" v="1276500000"/>
        <price t="2022-12-14" v="1275500000"/>
        <price t="2022-12-15" v="1210000000"/>
        <price t="2022-12-16" v="1220000000"/>
        <price t="2022-12-19" v="1218000000"/>
        <price t="2022-12-20" v="1208000000"/>
        <price t="2022-12-21" v="1235500000"/>
        <price t="2022-12-22" v="1209000000"/>
        <price t="2022-12-23" v="1201000000"/>
        <price t="2022-12-27" v="1198000000"/>
        <price t="2022-12-28" v="1191500000"/>
        <price t="2022-12-29" v="1211500000"/>
        <price t="2022-12-30" v="1204500000"/>
        <price t="2023-01-02" v="1205000000"/>
        <price t="2023-01-03" v="1219000000"/>
        <price t="2023-01-04" v="1245500000"/>
        <price t="2023-01-05" v="1256000000"/>
        <price t="2023-01-06" v="1261500000"/>
        <price t="2023-01-09" v="1285000000"/>
        <price t="2023-01-10" v="1300000000"/>
        <price t="2023-01-11" v="1294500000"/>
        <price t="2023-01-12" v="1326000000"/>
        <price t="2023-01-13" v="1326000000"/>
        <price t="2023-01-16" v="1372500000"/>
        <price t="2023-01-17" v="1361000000"/>
        <price t="2023-01-18" v="1369500000"/>
        <price t="2023-01-19" v="1327000000"/>
        <price t="2023-01-20" v="1330000000"/>
        <price t="2023-01-23" v="1342000000"/>
        <price t="2023-01-24" v="1336000000"/>
        <price t="2023-01-25" v="1301500000"/>
        <price t="2023-01-26" v="1307500000"/>
        <price t="2023-01-27" v="1307500000"/>
        <price t="2023-01-30" v="1310000000"/>
        <price t="2023-01-31" v="1288000000"/>
        <price t="2023-02-01" v="1217000000"/>
        <price t="2023-02-02" v="1242000000"/>
        <price t="2023-02-03" v="1237500000"/>
        <price t="2023-02-06" v="1223000000"/>
        <price t="2023-02-07" v="1440000000"/>
        <price t="2023-02-08" v="1483500000"/>
        <price t="2023-02-09" v="1487000000"/>
        <price t="2023-02-10" v="1459500000"/>
        <price t="2023-02-13" v="1482500000"/>
        <price t="2023-02-14" v="1481000000"/>
        <price t="2023-02-15" v="1518000000"/>
        <price t="2023-02-16" v="1535000000"/>
        <price t="2023-02-17" v="1539000000"/>
        <price t="2023-02-20" v="1555000000"/>
        <price t="2023-02-21" v="1540500000"/>
        <price t="2023-02-22" v="1524000000"/>
        <price t="2023-02-23" v="1540000000"/>
        <price t="2023-02-24" v="1533500000"/>
        <price t="2023-02-27" v="1518000000"/>
        <price t="2023-02-28" v="1527500000"/>
        <price t="2023-03-01" v="1526500000"/>
        <price t="2023-03-02" v="1527000000"/>
        <price t="2023-03-03" v="1528000000"/>
        <price t="2023-03-06" v="1565000000"/>
        <price t="2023-03-07" v="1535500000"/>
        <price t="2023-03-08" v="1527500000"/>
        <price t="2023-03-09" v="1544000000"/>
        <price t="2023-03-10" v="1500000000"/>
        <price t="2023-03-13" v="1438500000"/>
        <price t="2023-03-14" v="1497500000"/>
        <price t="2023-03-15" v="1475000000"/>
        <price t="2023-03-16" v="1481000000"/>
        <price t="2023-03-17" v="1492500000"/>
        <price t="2023-03-20" v="1503000000"/>
        <price t="2023-03-21" v="1495500000"/>
        <price t="2023-03-22" v="1483500000"/>
        <price t="2023-03-23" v="1518500000"/>
        <price t="2023-03-24" v="1466500000"/>
        <price t="2023-03-27" v="1487500000"/>
        <price t="2023-03-28" v="1471500000"/>
        <price t="2023-03-29" v="1515500000"/>
        <price t="2023-03-30" v="1558500000"/>
        <price t="2023-03-31" v="1565500000"/>
        <price t="2023-04-03" v="1554000000"/>
        <price t="2023-04-04" v="1558000000"/>
        <price t="2023-04-05" v="1536000000"/>
        <price t="2023-04-06" v="1537000000"/>
        <price t="2023-04-12" v="1526500000"/>
        <price t="2023-04-13" v="1543000000"/>
        <price t="2023-04-14" v="1531000000"/>
        <price t="2023-04-17" v="1607000000"/>
        <price t="2023-04-18" v="1589000000"/>
        <price t="2023-04-19" v="1579500000"/>
        <price t="2023-04-20" v="1570500000"/>
        <price t="2023-04-21" v="1577000000"/>
        <price t="2023-04-24" v="1558000000"/>
        <price t="2023-04-25" v="1605000000"/>
        <price t="2023-04-26" v="1592500000"/>
        <price t="2023-04-27" v="1636000000"/>
        <price t="2023-04-28" v="1667500000"/>
        <price t="2023-05-02" v="1675000000"/>
        <price t="2023-05-03" v="1503500000"/>
        <price t="2023-05-04" v="1471000000"/>
        <price t="2023-05-05" v="1477500000"/>
        <price t="2023-05-08" v="1522000000"/>
        <price t="2023-05-09" v="1508500000"/>
        <price t="2023-05-10" v="1558500000"/>
        <price t="2023-05-11" v="1571000000"/>
        <price t="2023-05-12" v="1571000000"/>
        <price t="2023-05-15" v="1574500000"/>
        <price t="2023-05-16" v="1559000000"/>
        <price t="2023-05-17" v="1542000000"/>
        <price t="2023-05-18" v="1544500000"/>
        <price t="2023-05-19" v="1559000000"/>
        <price t="2023-05-22" v="1543500000"/>
        <price t="2023-05-24" v="1439000000"/>
        <price t="2023-05-25" v="1445000000"/>
        <price t="2023-05-26" v="1468500000"/>
        <price t="2023-05-29" v="1459000000"/>
        <price t="2023-05-30" v="1456500000"/>
        <price t="2023-05-31" v="1463500000"/>
        <price t="2023-06-02" v="1467500000"/>
        <price t="2023-06-05" v="1451500000"/>
        <price t="2023-06-06" v="1443000000"/>
        <price t="2023-06-07" v="1396500000"/>
        <price t="2023-06-08" v="1385000000"/>
        <price t="2023-06-09" v="1383000000"/>
        <price t="2023-06-12" v="1397000000"/>
        <price t="2023-06-13" v="1427000000"/>
        <price t="2023-06-14" v="1439500000"/>
        <price t="2023-06-15" v="1432000000"/>
        <price t="2023-06-16" v="1437000000"/>
        <price t="2023-06-19" v="1439500000"/>
        <price t="2023-06-20" v="1395000000"/>
        <price t="2023-06-21" v="1392000000"/>
        <price t="2023-06-22" v="1401000000"/>
        <price t="2023-06-23" v="1399000000"/>
        <price t="2023-06-26" v="1413000000"/>
        <price t="2023-06-27" v="1420000000"/>
        <price t="2023-06-28" v="1453000000"/>
        <price t="2023-06-29" v="1458000000"/>
        <price t="2023-06-30" v="1471000000"/>
        <price t="2023-07-03" v="1457500000"/>
        <price t="2023-07-04" v="1456000000"/>
        <price t="2023-07-05" v="1425000000"/>
        <price t="2023-07-06" v="1367000000"/>
        <price t="2023-07-07" v="1374500000"/>
        <price t="2023-07-10" v="1397000000"/>
        <price t="2023-07-11" v="1409500000"/>
        <price t="2023-07-12" v="1437000000"/>
        <price t="2023-07-13" v="1476000000"/>
        <price t="2023-07-14" v="1478500000"/>
        <price t="2023-07-17" v="1461000000"/>
        <price t="2023-07-18" v="1480000000"/>
        <price t="2023-07-19" v="1505000000"/>
        <price t="2023-07-20" v="1499500000"/>
        <price t="2023-07-21" v="1507000000"/>
        <price t="2023-07-24" v="1533500000"/>
        <price t="2023-07-25" v="1551000000"/>
        <price t="2023-07-26" v="1529500000"/>
        <price t="2023-07-27" v="1539500000"/>
        <price t="2023-07-28" v="1545000000"/>
        <price t="2023-07-31" v="1545500000"/>
        <price t="2023-08-01" v="1689500000"/>
        <price t="2023-08-02" v="1652000000"/>
        <price t="2023-08-03" v="1665500000"/>
        <price t="2023-08-04" v="1675000000"/>
        <price t="2023-08-08" v="1672500000"/>
        <price t="2023-08-09" v="1664000000"/>
        <price t="2023-08-10" v="1712000000"/>
        <price t="2023-08-11" v="1711000000"/>
        <price t="2023-08-14" v="1710000000"/>
        <price t="2023-08-15" v="1705000000"/>
        <price t="2023-08-16" v="1711500000"/>
        <price t="2023-08-17" v="1670000000"/>
        <price t="2023-08-18" v="1654500000"/>
        <price t="2023-08-21" v="1646000000"/>
        <price t="2023-08-22" v="1691500000"/>
        <price t="2023-08-23" v="1740000000"/>
        <price t="2023-08-24" v="1701000000"/>
        <price t="2023-08-25" v="1716500000"/>
        <price t="2023-08-28" v="1715000000"/>
        <price t="2023-08-29" v="1706000000"/>
        <price t="2023-08-30" v="1703500000"/>
        <price t="2023-08-31" v="1712500000"/>
        <price t="2023-09-01" v="1707500000"/>
        <price t="2023-09-04" v="1705000000"/>
        <price t="2023-09-05" v="1701500000"/>
        <price t="2023-09-06" v="1703500000"/>
        <price t="2023-09-07" v="1690000000"/>
        <price t="2023-09-08" v="1581500000"/>
        <price t="2023-09-11" v="1584500000"/>
        <price t="2023-09-12" v="1599500000"/>
        <price t="2023-09-13" v="1627500000"/>
        <price t="2023-09-14" v="1632500000"/>
        <price t="2023-09-15" v="1610000000"/>
        <price t="2023-09-18" v="1591500000"/>
        <price t="2023-09-19" v="1593500000"/>
        <price t="2023-09-20" v="1609000000"/>
        <price t="2023-09-21" v="1585500000"/>
        <price t="2023-09-22" v="1585500000"/>
        <price t="2023-09-25" v="1573500000"/>
        <price t="2023-09-26" v="1554000000"/>
        <price t="2023-09-27" v="1564500000"/>
        <price t="2023-09-28" v="1559500000"/>
        <price t="2023-09-29" v="1596000000"/>
        <price t="2023-10-02" v="1580000000"/>
        <price t="2023-10-03" v="1567500000"/>
        <price t="2023-10-04" v="1567000000"/>
        <price t="2023-10-05" v="1568000000"/>
        <price t="2023-10-06" v="1583000000"/>
        <price t="2023-10-09" v="1583500000"/>
        <price t="2023-10-10" v="1606500000"/>
        <price t="2023-10-11" v="1611000000"/>
        <price t="2023-10-12" v="1596500000"/>
        <price t="2023-10-13" v="1560500000"/>
        <price t="2023-10-16" v="1564500000"/>
        <price t="2023-10-17" v="1543500000"/>
        <price t="2023-10-18" v="1540500000"/>
        <price t="2023-10-19" v="1541500000"/>
        <price t="2023-10-20" v="1506000000"/>
        <price t="2023-10-23" v="1498500000"/>
        <price t="2023-10-24" v="1515000000"/>
        <price t="2023-10-25" v="1490500000"/>
        <price t="2023-10-26" v="1469500000"/>
        <price t="2023-10-27" v="1445000000"/>
        <price t="2023-10-30" v="1453000000"/>
        <price t="2023-10-31" v="1449500000"/>
        <price t="2023-11-01" v="1420500000"/>
        <price t="2023-11-02" v="1440500000"/>
        <price t="2023-11-03" v="1419000000"/>
        <price t="2023-11-06" v="1419000000"/>
        <price t="2023-11-07" v="1439500000"/>
        <price t="2023-11-08" v="1460500000"/>
        <price t="2023-11-09" v="1480500000"/>
        <price t="2023-11-10" v="1460000000"/>
        <price t="2023-11-13" v="1470000000"/>
        <price t="2023-11-14" v="1487000000"/>
        <price t="2023-11-15" v="1486500000"/>
        <price t="2023-11-16" v="1464000000"/>
        <price t="2023-11-17" v="1485500000"/>
        <price t="2023-11-20" v="1496000000"/>
        <price t="2023-11-21" v="1310000000"/>
        <price t="2023-11-22" v="1346000000"/>
        <price t="2023-11-23" v="1337500000"/>
        <price t="2023-11-24" v="1339500000"/>
        <price t="2023-11-27" v="1347000000"/>
        <price t="2023-11-28" v="1330000000"/>
        <price t="2023-11-29" v="1337000000"/>
        <price t="2023-11-30" v="1328500000"/>
        <price t="2023-12-01" v="1330000000"/>
        <price t="2023-12-04" v="1307000000"/>
        <price t="2023-12-05" v="1315000000"/>
        <price t="2023-12-06" v="1299000000"/>
        <price t="2023-12-07" v="1310500000"/>
        <price t="2023-12-08" v="1352000000"/>
        <price t="2023-12-11" v="1353500000"/>
        <price t="2023-12-12" v="1344500000"/>
        <price t="2023-12-13" v="1348500000"/>
        <price t="2023-12-14" v="1393000000"/>
        <price t="2023-12-15" v="1379000000"/>
        <price t="2023-12-18" v="1372500000"/>
        <price t="2023-12-19" v="1392500000"/>
        <price t="2023-12-20" v="1401000000"/>
        <price t="2023-12-21" v="1402500000"/>
        <price t="2023-12-22" v="1400500000"/>
        <price t="2023-12-27" v="1406000000"/>
        <price t="2023-12-28" v="1398000000"/>
        <price t="2023-12-29" v="1406000000"/>
        <price t="2024-01-02" v="1376500000"/>
        <price t="2024-01-03" v="1366000000"/>
        <price t="2024-01-04" v="1344500000"/>
        <price t="2024-01-05" v="1339500000"/>
        <price t="2024-01-08" v="1358500000"/>
        <price t="2024-01-09" v="1378500000"/>
        <price t="2024-01-10" v="1386000000"/>
        <price t="2024-01-11" v="1379500000"/>
        <price t="2024-01-12" v="1407500000"/>
        <price t="2024-01-15" v="1376500000"/>
        <price t="2024-01-16" v="1376500000"/>
        <price t="2024-01-17" v="1349000000"/>
        <price t="2024-01-18" v="1308000000"/>
        <price t="2024-01-19" v="1305500000"/>
        <price t="2024-01-22" v="1327500000"/>
        <price t="2024-01-23" v="1339500000"/>
        <price t="2024-01-24" v="1370500000"/>
        <price t="2024-01-25" v="1369500000"/>
        <price t="2024-01-26" v="1333500000"/>
        <price t="2024-01-29" v="1333500000"/>
        <price t="2024-01-30" v="1330000000"/>
        <price t="2024-01-31" v="1332000000"/>
        <price t="2024-02-01" v="1334000000"/>
        <price t="2024-02-02" v="1341000000"/>
        <price t="2024-02-05" v="1354500000"/>
        <price t="2024-02-06" v="1364500000"/>
        <price t="2024-02-07" v="1438500000"/>
        <price t="2024-02-08" v="1467000000"/>
        <price t="2024-02-09" v="1453000000"/>
        <price t="2024-02-12" v="1466500000"/>
      </prices>
      <latest t="2024-02-12" v="1466500000">
        <high>-1</high>
        <low>-1</low>
        <volume>-1</volume>
      </latest>
      <attributes>
        <map/>
      </attributes>
      <events/>
      <isRetired>false</isRetired>
      <updatedAt>2023-06-12T18:37:20.042953800Z</updatedAt>
    </security>
    <security>
      <uuid>1cdbe008-121b-4f0d-8783-f4b2aeba8c02</uuid>
      <onlineId>be525a0ebdef4921b261aa2498a6949e</onlineId>
      <name>BASF</name>
      <currencyCode>EUR</currencyCode>
      <isin>DE000BASF111</isin>
      <tickerSymbol>BAS</tickerSymbol>
      <wkn>BASF11</wkn>
      <feed>PORTFOLIO-REPORT</feed>
      <prices>
        <price t="2000-01-03" v="4975000000"/>
        <price t="2000-01-04" v="4785000000"/>
        <price t="2000-01-05" v="4675000000"/>
        <price t="2000-01-06" v="4803000000"/>
        <price t="2000-01-07" v="5000000000"/>
        <price t="2000-01-10" v="5022000000"/>
        <price t="2000-01-11" v="4799000000"/>
        <price t="2000-01-12" v="4800000000"/>
        <price t="2000-01-13" v="4750000000"/>
        <price t="2000-01-14" v="4750000000"/>
        <price t="2000-01-17" v="4787000000"/>
        <price t="2000-01-18" v="4795000000"/>
        <price t="2000-01-19" v="4984000000"/>
        <price t="2000-01-20" v="4940000000"/>
        <price t="2000-01-21" v="4805000000"/>
        <price t="2000-01-24" v="4718000000"/>
        <price t="2000-01-25" v="4525000000"/>
        <price t="2000-01-26" v="4402000000"/>
        <price t="2000-01-27" v="4455000000"/>
        <price t="2000-01-28" v="4525000000"/>
        <price t="2000-01-31" v="4405000000"/>
        <price t="2000-02-01" v="4202000000"/>
        <price t="2000-02-02" v="4500000000"/>
        <price t="2000-02-03" v="4365000000"/>
        <price t="2000-02-04" v="4307000000"/>
        <price t="2000-02-07" v="4175000000"/>
        <price t="2000-02-08" v="4305000000"/>
        <price t="2000-02-09" v="4310000000"/>
        <price t="2000-02-10" v="4400000000"/>
        <price t="2000-02-11" v="4413000000"/>
        <price t="2000-02-14" v="4320000000"/>
        <price t="2000-02-15" v="4099000000"/>
        <price t="2000-02-16" v="4399000000"/>
        <price t="2000-02-17" v="4650000000"/>
        <price t="2000-02-18" v="4740000000"/>
        <price t="2000-02-21" v="4700000000"/>
        <price t="2000-02-22" v="4650000000"/>
        <price t="2000-02-23" v="4714000000"/>
        <price t="2000-02-24" v="4590000000"/>
        <price t="2000-02-25" v="4516000000"/>
        <price t="2000-02-28" v="4690000000"/>
        <price t="2000-02-29" v="4790000000"/>
        <price t="2000-03-01" v="4620000000"/>
        <price t="2000-03-02" v="4690000000"/>
        <price t="2000-03-03" v="4541000000"/>
        <price t="2000-03-06" v="4625000000"/>
        <price t="2000-03-07" v="4480000000"/>
        <price t="2000-03-08" v="4565000000"/>
        <price t="2000-03-09" v="4579000000"/>
        <price t="2000-03-10" v="4620000000"/>
        <price t="2000-03-13" v="4665000000"/>
        <price t="2000-03-14" v="4785000000"/>
        <price t="2000-03-15" v="4740000000"/>
        <price t="2000-03-16" v="4889000000"/>
        <price t="2000-03-17" v="5000000000"/>
        <price t="2000-03-20" v="4940000000"/>
        <price t="2000-03-21" v="4870000000"/>
        <price t="2000-03-22" v="4915000000"/>
        <price t="2000-03-23" v="4910000000"/>
        <price t="2000-03-24" v="4980000000"/>
        <price t="2000-03-27" v="4925000000"/>
        <price t="2000-03-28" v="4900000000"/>
        <price t="2000-03-29" v="4970000000"/>
        <price t="2000-03-30" v="4932000000"/>
        <price t="2000-03-31" v="4955000000"/>
        <price t="2000-04-03" v="4880000000"/>
        <price t="2000-04-04" v="5068000000"/>
        <price t="2000-04-05" v="4945000000"/>
        <price t="2000-04-06" v="4800000000"/>
        <price t="2000-04-07" v="4750000000"/>
        <price t="2000-04-10" v="4715000000"/>
        <price t="2000-04-11" v="4766000000"/>
        <price t="2000-04-12" v="4929000000"/>
        <price t="2000-04-13" v="4970000000"/>
        <price t="2000-04-14" v="4864000000"/>
        <price t="2000-04-17" v="4835000000"/>
        <price t="2000-04-18" v="4731000000"/>
        <price t="2000-04-19" v="4550000000"/>
        <price t="2000-04-20" v="4601000000"/>
        <price t="2000-04-21" v="4601000000"/>
        <price t="2000-04-24" v="4601000000"/>
        <price t="2000-04-25" v="4775000000"/>
        <price t="2000-04-26" v="4880000000"/>
        <price t="2000-04-27" v="4900000000"/>
        <price t="2000-04-28" v="4809000000"/>
        <price t="2000-05-01" v="4809000000"/>
        <price t="2000-05-02" v="4765000000"/>
        <price t="2000-05-03" v="4755000000"/>
        <price t="2000-05-04" v="4850000000"/>
        <price t="2000-05-05" v="4885000000"/>
        <price t="2000-05-08" v="4900000000"/>
        <price t="2000-05-09" v="4985000000"/>
        <price t="2000-05-10" v="4890000000"/>
        <price t="2000-05-11" v="4901000000"/>
        <price t="2000-05-12" v="4903000000"/>
        <price t="2000-05-15" v="4793000000"/>
        <price t="2000-05-16" v="4903000000"/>
        <price t="2000-05-17" v="4820000000"/>
        <price t="2000-05-18" v="4845000000"/>
        <price t="2000-05-19" v="4750000000"/>
        <price t="2000-05-22" v="4718000000"/>
        <price t="2000-05-23" v="4745000000"/>
        <price t="2000-05-24" v="4712000000"/>
        <price t="2000-05-25" v="4600000000"/>
        <price t="2000-05-26" v="4500000000"/>
        <price t="2000-05-29" v="4545000000"/>
        <price t="2000-05-30" v="4526000000"/>
        <price t="2000-05-31" v="4385000000"/>
        <price t="2000-06-01" v="4420000000"/>
        <price t="2000-06-02" v="4600000000"/>
        <price t="2000-06-05" v="4667000000"/>
        <price t="2000-06-06" v="4434000000"/>
        <price t="2000-06-07" v="4570000000"/>
        <price t="2000-06-08" v="4492000000"/>
        <price t="2000-06-09" v="4500000000"/>
        <price t="2000-06-12" v="4486000000"/>
        <price t="2000-06-13" v="4401000000"/>
        <price t="2000-06-14" v="4289000000"/>
        <price t="2000-06-15" v="4178000000"/>
        <price t="2000-06-16" v="3940000000"/>
        <price t="2000-06-19" v="4170000000"/>
        <price t="2000-06-20" v="4113000000"/>
        <price t="2000-06-21" v="4000000000"/>
        <price t="2000-06-22" v="3992000000"/>
        <price t="2000-06-23" v="3943000000"/>
        <price t="2000-06-26" v="4045000000"/>
        <price t="2000-06-27" v="4101000000"/>
        <price t="2000-06-28" v="4213000000"/>
        <price t="2000-06-29" v="4156000000"/>
        <price t="2000-06-30" v="4210000000"/>
        <price t="2000-07-03" v="4296000000"/>
        <price t="2000-07-04" v="4341000000"/>
        <price t="2000-07-05" v="4315000000"/>
        <price t="2000-07-06" v="4230000000"/>
        <price t="2000-07-07" v="4247000000"/>
        <price t="2000-07-10" v="4215000000"/>
        <price t="2000-07-11" v="4200000000"/>
        <price t="2000-07-12" v="4350000000"/>
        <price t="2000-07-13" v="4460000000"/>
        <price t="2000-07-14" v="4365000000"/>
        <price t="2000-07-17" v="4389000000"/>
        <price t="2000-07-18" v="4425000000"/>
        <price t="2000-07-19" v="4350000000"/>
        <price t="2000-07-20" v="4386000000"/>
        <price t="2000-07-21" v="4390000000"/>
        <price t="2000-07-24" v="4463000000"/>
        <price t="2000-07-25" v="4470000000"/>
        <price t="2000-07-26" v="4495000000"/>
        <price t="2000-07-27" v="4432000000"/>
        <price t="2000-07-28" v="4450000000"/>
        <price t="2000-07-31" v="4470000000"/>
        <price t="2000-08-01" v="4474000000"/>
        <price t="2000-08-02" v="4410000000"/>
        <price t="2000-08-03" v="4475000000"/>
        <price t="2000-08-04" v="4480000000"/>
        <price t="2000-08-07" v="4521000000"/>
        <price t="2000-08-08" v="4245000000"/>
        <price t="2000-08-09" v="4195000000"/>
        <price t="2000-08-10" v="4206000000"/>
        <price t="2000-08-11" v="4191000000"/>
        <price t="2000-08-14" v="4217000000"/>
        <price t="2000-08-15" v="4225000000"/>
        <price t="2000-08-16" v="4195000000"/>
        <price t="2000-08-17" v="4138000000"/>
        <price t="2000-08-18" v="4166000000"/>
        <price t="2000-08-21" v="4182000000"/>
        <price t="2000-08-22" v="4257000000"/>
        <price t="2000-08-23" v="4202000000"/>
        <price t="2000-08-24" v="4201000000"/>
        <price t="2000-08-25" v="4219000000"/>
        <price t="2000-08-28" v="4280000000"/>
        <price t="2000-08-29" v="4255000000"/>
        <price t="2000-08-30" v="4228000000"/>
        <price t="2000-08-31" v="4177000000"/>
        <price t="2000-09-01" v="4211000000"/>
        <price t="2000-09-04" v="4275000000"/>
        <price t="2000-09-05" v="4377000000"/>
        <price t="2000-09-06" v="4378000000"/>
        <price t="2000-09-07" v="4266000000"/>
        <price t="2000-09-08" v="4190000000"/>
        <price t="2000-09-11" v="4205000000"/>
        <price t="2000-09-12" v="4136000000"/>
        <price t="2000-09-13" v="4126000000"/>
        <price t="2000-09-14" v="4155000000"/>
        <price t="2000-09-15" v="4169000000"/>
        <price t="2000-09-18" v="4080000000"/>
        <price t="2000-09-19" v="4128000000"/>
        <price t="2000-09-20" v="4020000000"/>
        <price t="2000-09-21" v="3958000000"/>
        <price t="2000-09-22" v="4064000000"/>
        <price t="2000-09-25" v="4057000000"/>
        <price t="2000-09-26" v="4049000000"/>
        <price t="2000-09-27" v="4030000000"/>
        <price t="2000-09-28" v="4049000000"/>
        <price t="2000-09-29" v="4027000000"/>
        <price t="2000-10-02" v="4051000000"/>
        <price t="2000-10-04" v="4170000000"/>
        <price t="2000-10-05" v="4269000000"/>
        <price t="2000-10-06" v="4295000000"/>
        <price t="2000-10-09" v="4170000000"/>
        <price t="2000-10-10" v="4216000000"/>
        <price t="2000-10-11" v="4169000000"/>
        <price t="2000-10-12" v="4050000000"/>
        <price t="2000-10-13" v="4071000000"/>
        <price t="2000-10-16" v="4010000000"/>
        <price t="2000-10-17" v="4075000000"/>
        <price t="2000-10-18" v="4048000000"/>
        <price t="2000-10-19" v="4121000000"/>
        <price t="2000-10-20" v="4055000000"/>
        <price t="2000-10-23" v="4066000000"/>
        <price t="2000-10-24" v="4190000000"/>
        <price t="2000-10-25" v="4222000000"/>
        <price t="2000-10-26" v="4220000000"/>
        <price t="2000-10-27" v="4350000000"/>
        <price t="2000-10-30" v="4500000000"/>
        <price t="2000-10-31" v="4620000000"/>
        <price t="2000-11-01" v="4585000000"/>
        <price t="2000-11-02" v="4574000000"/>
        <price t="2000-11-03" v="4592000000"/>
        <price t="2000-11-06" v="4550000000"/>
        <price t="2000-11-07" v="4470000000"/>
        <price t="2000-11-08" v="4430000000"/>
        <price t="2000-11-09" v="4346000000"/>
        <price t="2000-11-10" v="4369000000"/>
        <price t="2000-11-13" v="4300000000"/>
        <price t="2000-11-14" v="4390000000"/>
        <price t="2000-11-15" v="4410000000"/>
        <price t="2000-11-16" v="4361000000"/>
        <price t="2000-11-17" v="4330000000"/>
        <price t="2000-11-20" v="4255000000"/>
        <price t="2000-11-21" v="4336000000"/>
        <price t="2000-11-22" v="4306000000"/>
        <price t="2000-11-23" v="4300000000"/>
        <price t="2000-11-24" v="4365000000"/>
        <price t="2000-11-27" v="4376000000"/>
        <price t="2000-11-28" v="4425000000"/>
        <price t="2000-11-29" v="4432000000"/>
        <price t="2000-11-30" v="4335000000"/>
        <price t="2000-12-01" v="4415000000"/>
        <price t="2000-12-04" v="4393000000"/>
        <price t="2000-12-05" v="4619000000"/>
        <price t="2000-12-06" v="4683000000"/>
        <price t="2000-12-07" v="4720000000"/>
        <price t="2000-12-08" v="4795000000"/>
        <price t="2000-12-11" v="4699000000"/>
        <price t="2000-12-12" v="4580000000"/>
        <price t="2000-12-13" v="4590000000"/>
        <price t="2000-12-14" v="4610000000"/>
        <price t="2000-12-15" v="4610000000"/>
        <price t="2000-12-18" v="4745000000"/>
        <price t="2000-12-19" v="4700000000"/>
        <price t="2000-12-20" v="4720000000"/>
        <price t="2000-12-21" v="4651000000"/>
        <price t="2000-12-22" v="4660000000"/>
        <price t="2000-12-25" v="4660000000"/>
        <price t="2000-12-26" v="4660000000"/>
        <price t="2000-12-27" v="4758000000"/>
        <price t="2000-12-28" v="4784000000"/>
        <price t="2000-12-29" v="4817000000"/>
        <price t="2001-01-01" v="4817000000"/>
        <price t="2001-01-02" v="4870000000"/>
        <price t="2001-01-03" v="4799000000"/>
        <price t="2001-01-04" v="4906000000"/>
        <price t="2001-01-05" v="4916000000"/>
        <price t="2001-01-08" v="4877000000"/>
        <price t="2001-01-09" v="4799000000"/>
        <price t="2001-01-10" v="4610000000"/>
        <price t="2001-01-11" v="4635000000"/>
        <price t="2001-01-12" v="4617000000"/>
        <price t="2001-01-15" v="4668000000"/>
        <price t="2001-01-16" v="4735000000"/>
        <price t="2001-01-17" v="4679000000"/>
        <price t="2001-01-18" v="4620000000"/>
        <price t="2001-01-19" v="4425000000"/>
        <price t="2001-01-22" v="4561000000"/>
        <price t="2001-01-23" v="4595000000"/>
        <price t="2001-01-24" v="4511000000"/>
        <price t="2001-01-25" v="4508000000"/>
        <price t="2001-01-26" v="4572000000"/>
        <price t="2001-01-29" v="4595000000"/>
        <price t="2001-01-30" v="4629000000"/>
        <price t="2001-01-31" v="4729000000"/>
        <price t="2001-02-01" v="4785000000"/>
        <price t="2001-02-02" v="4800000000"/>
        <price t="2001-02-05" v="4820000000"/>
        <price t="2001-02-06" v="4780000000"/>
        <price t="2001-02-07" v="4755000000"/>
        <price t="2001-02-08" v="4750000000"/>
        <price t="2001-02-09" v="4681000000"/>
        <price t="2001-02-12" v="4670000000"/>
        <price t="2001-02-13" v="4655000000"/>
        <price t="2001-02-14" v="4705000000"/>
        <price t="2001-02-15" v="4790000000"/>
        <price t="2001-02-16" v="4700000000"/>
        <price t="2001-02-19" v="4819000000"/>
        <price t="2001-02-20" v="4794000000"/>
        <price t="2001-02-21" v="4765000000"/>
        <price t="2001-02-22" v="4716000000"/>
        <price t="2001-02-23" v="4658000000"/>
        <price t="2001-02-26" v="4809000000"/>
        <price t="2001-02-27" v="4848000000"/>
        <price t="2001-02-28" v="4895000000"/>
        <price t="2001-03-01" v="4886000000"/>
        <price t="2001-03-02" v="4854000000"/>
        <price t="2001-03-05" v="4934000000"/>
        <price t="2001-03-06" v="4948000000"/>
        <price t="2001-03-07" v="5045000000"/>
        <price t="2001-03-08" v="5018000000"/>
        <price t="2001-03-09" v="4973000000"/>
        <price t="2001-03-12" v="4940000000"/>
        <price t="2001-03-13" v="4820000000"/>
        <price t="2001-03-14" v="4685000000"/>
        <price t="2001-03-15" v="4734000000"/>
        <price t="2001-03-16" v="4595000000"/>
        <price t="2001-03-19" v="4640000000"/>
        <price t="2001-03-20" v="4680000000"/>
        <price t="2001-03-21" v="4506000000"/>
        <price t="2001-03-22" v="4280000000"/>
        <price t="2001-03-23" v="4310000000"/>
        <price t="2001-03-26" v="4397000000"/>
        <price t="2001-03-27" v="4607000000"/>
        <price t="2001-03-28" v="4555000000"/>
        <price t="2001-03-29" v="4605000000"/>
        <price t="2001-03-30" v="4526000000"/>
        <price t="2001-04-02" v="4475000000"/>
        <price t="2001-04-03" v="4362000000"/>
        <price t="2001-04-04" v="4412000000"/>
        <price t="2001-04-05" v="4407000000"/>
        <price t="2001-04-06" v="4446000000"/>
        <price t="2001-04-09" v="4579000000"/>
        <price t="2001-04-10" v="4603000000"/>
        <price t="2001-04-11" v="4665000000"/>
        <price t="2001-04-12" v="4750000000"/>
        <price t="2001-04-13" v="4750000000"/>
        <price t="2001-04-16" v="4750000000"/>
        <price t="2001-04-17" v="4756000000"/>
        <price t="2001-04-18" v="4821000000"/>
        <price t="2001-04-19" v="4946000000"/>
        <price t="2001-04-20" v="4904000000"/>
        <price t="2001-04-23" v="4904000000"/>
        <price t="2001-04-24" v="4930000000"/>
        <price t="2001-04-25" v="4835000000"/>
        <price t="2001-04-26" v="4930000000"/>
        <price t="2001-04-27" v="4880000000"/>
        <price t="2001-04-30" v="4848000000"/>
        <price t="2001-05-01" v="4848000000"/>
        <price t="2001-05-02" v="4725000000"/>
        <price t="2001-05-03" v="4550000000"/>
        <price t="2001-05-04" v="4715000000"/>
        <price t="2001-05-07" v="4722000000"/>
        <price t="2001-05-08" v="4780000000"/>
        <price t="2001-05-09" v="4823000000"/>
        <price t="2001-05-10" v="4860000000"/>
        <price t="2001-05-11" v="4857000000"/>
        <price t="2001-05-14" v="4790000000"/>
        <price t="2001-05-15" v="4783000000"/>
        <price t="2001-05-16" v="4880000000"/>
        <price t="2001-05-17" v="4921000000"/>
        <price t="2001-05-18" v="4975000000"/>
        <price t="2001-05-21" v="4983000000"/>
        <price t="2001-05-22" v="4975000000"/>
        <price t="2001-05-23" v="4935000000"/>
        <price t="2001-05-24" v="4880000000"/>
        <price t="2001-05-25" v="4830000000"/>
        <price t="2001-05-28" v="4830000000"/>
        <price t="2001-05-29" v="4715000000"/>
        <price t="2001-05-30" v="4690000000"/>
        <price t="2001-05-31" v="4706000000"/>
        <price t="2001-06-01" v="4720000000"/>
        <price t="2001-06-04" v="4761000000"/>
        <price t="2001-06-05" v="4710000000"/>
        <price t="2001-06-06" v="4671000000"/>
        <price t="2001-06-07" v="4693000000"/>
        <price t="2001-06-08" v="4645000000"/>
        <price t="2001-06-11" v="4661000000"/>
        <price t="2001-06-12" v="4655000000"/>
        <price t="2001-06-13" v="4635000000"/>
        <price t="2001-06-14" v="4550000000"/>
        <price t="2001-06-15" v="4480000000"/>
        <price t="2001-06-18" v="4471000000"/>
        <price t="2001-06-19" v="4453000000"/>
        <price t="2001-06-20" v="4473000000"/>
        <price t="2001-06-21" v="4400000000"/>
        <price t="2001-06-22" v="4374000000"/>
        <price t="2001-06-25" v="4360000000"/>
        <price t="2001-06-26" v="4381000000"/>
        <price t="2001-06-27" v="4378000000"/>
        <price t="2001-06-28" v="4529000000"/>
        <price t="2001-06-29" v="4660000000"/>
        <price t="2001-07-02" v="4680000000"/>
        <price t="2001-07-03" v="4665000000"/>
        <price t="2001-07-04" v="4709000000"/>
        <price t="2001-07-05" v="4728000000"/>
        <price t="2001-07-06" v="4650000000"/>
        <price t="2001-07-09" v="4692000000"/>
        <price t="2001-07-10" v="4676000000"/>
        <price t="2001-07-11" v="4670000000"/>
        <price t="2001-07-12" v="4705000000"/>
        <price t="2001-07-13" v="4770000000"/>
        <price t="2001-07-16" v="4740000000"/>
        <price t="2001-07-17" v="4727000000"/>
        <price t="2001-07-18" v="4688000000"/>
        <price t="2001-07-19" v="4746000000"/>
        <price t="2001-07-20" v="4729000000"/>
        <price t="2001-07-23" v="4703000000"/>
        <price t="2001-07-24" v="4641000000"/>
        <price t="2001-07-25" v="4495000000"/>
        <price t="2001-07-26" v="4510000000"/>
        <price t="2001-07-27" v="4534000000"/>
        <price t="2001-07-30" v="4615000000"/>
        <price t="2001-07-31" v="4650000000"/>
        <price t="2001-08-01" v="4666000000"/>
        <price t="2001-08-02" v="4594000000"/>
        <price t="2001-08-03" v="4545000000"/>
        <price t="2001-08-06" v="4610000000"/>
        <price t="2001-08-07" v="4568000000"/>
        <price t="2001-08-08" v="4439000000"/>
        <price t="2001-08-09" v="4441000000"/>
        <price t="2001-08-10" v="4490000000"/>
        <price t="2001-08-13" v="4509000000"/>
        <price t="2001-08-14" v="4500000000"/>
        <price t="2001-08-15" v="4477000000"/>
        <price t="2001-08-16" v="4445000000"/>
        <price t="2001-08-17" v="4399000000"/>
        <price t="2001-08-20" v="4445000000"/>
        <price t="2001-08-21" v="4483000000"/>
        <price t="2001-08-22" v="4570000000"/>
        <price t="2001-08-23" v="4540000000"/>
        <price t="2001-08-24" v="4610000000"/>
        <price t="2001-08-27" v="4635000000"/>
        <price t="2001-08-28" v="4650000000"/>
        <price t="2001-08-29" v="4629000000"/>
        <price t="2001-08-30" v="4535000000"/>
        <price t="2001-08-31" v="4500000000"/>
        <price t="2001-09-03" v="4540000000"/>
        <price t="2001-09-04" v="4689000000"/>
        <price t="2001-09-05" v="4629000000"/>
        <price t="2001-09-06" v="4560000000"/>
        <price t="2001-09-07" v="4492000000"/>
        <price t="2001-09-10" v="4350000000"/>
        <price t="2001-09-11" v="4140000000"/>
        <price t="2001-09-12" v="4070000000"/>
        <price t="2001-09-13" v="4040000000"/>
        <price t="2001-09-14" v="3765000000"/>
        <price t="2001-09-17" v="3790000000"/>
        <price t="2001-09-18" v="3620000000"/>
        <price t="2001-09-19" v="3431000000"/>
        <price t="2001-09-20" v="3180000000"/>
        <price t="2001-09-21" v="3100000000"/>
        <price t="2001-09-24" v="3555000000"/>
        <price t="2001-09-25" v="3520000000"/>
        <price t="2001-09-26" v="3520000000"/>
        <price t="2001-09-27" v="3708000000"/>
        <price t="2001-09-28" v="3887000000"/>
        <price t="2001-10-01" v="3797000000"/>
        <price t="2001-10-02" v="3721000000"/>
        <price t="2001-10-03" v="3744000000"/>
        <price t="2001-10-04" v="3754000000"/>
        <price t="2001-10-05" v="3840000000"/>
        <price t="2001-10-08" v="3821000000"/>
        <price t="2001-10-09" v="3821000000"/>
        <price t="2001-10-10" v="3821000000"/>
        <price t="2001-10-11" v="4010000000"/>
        <price t="2001-10-12" v="4107000000"/>
        <price t="2001-10-15" v="3972000000"/>
        <price t="2001-10-16" v="3920000000"/>
        <price t="2001-10-17" v="3937000000"/>
        <price t="2001-10-18" v="3849000000"/>
        <price t="2001-10-19" v="3801000000"/>
        <price t="2001-10-22" v="3790000000"/>
        <price t="2001-10-23" v="3925000000"/>
        <price t="2001-10-24" v="3941000000"/>
        <price t="2001-10-25" v="3850000000"/>
        <price t="2001-10-26" v="3930000000"/>
        <price t="2001-10-29" v="3864000000"/>
        <price t="2001-10-30" v="3760000000"/>
        <price t="2001-10-31" v="3760000000"/>
        <price t="2001-11-01" v="3825000000"/>
        <price t="2001-11-02" v="3770000000"/>
        <price t="2001-11-05" v="3905000000"/>
        <price t="2001-11-06" v="3900000000"/>
        <price t="2001-11-07" v="4060000000"/>
        <price t="2001-11-08" v="4170000000"/>
        <price t="2001-11-09" v="4110000000"/>
        <price t="2001-11-12" v="4017000000"/>
        <price t="2001-11-13" v="4130000000"/>
        <price t="2001-11-14" v="4105000000"/>
        <price t="2001-11-15" v="4030000000"/>
        <price t="2001-11-16" v="4201000000"/>
        <price t="2001-11-19" v="4305000000"/>
        <price t="2001-11-20" v="4330000000"/>
        <price t="2001-11-21" v="4326000000"/>
        <price t="2001-11-22" v="4300000000"/>
        <price t="2001-11-23" v="4294000000"/>
        <price t="2001-11-26" v="4333000000"/>
        <price t="2001-11-27" v="4321000000"/>
        <price t="2001-11-28" v="4255000000"/>
        <price t="2001-11-29" v="4310000000"/>
        <price t="2001-11-30" v="4290000000"/>
        <price t="2001-12-03" v="4284000000"/>
        <price t="2001-12-04" v="4260000000"/>
        <price t="2001-12-05" v="4410000000"/>
        <price t="2001-12-06" v="4380000000"/>
        <price t="2001-12-07" v="4305000000"/>
        <price t="2001-12-10" v="4295000000"/>
        <price t="2001-12-11" v="4299000000"/>
        <price t="2001-12-12" v="4210000000"/>
        <price t="2001-12-13" v="4090000000"/>
        <price t="2001-12-14" v="4084000000"/>
        <price t="2001-12-17" v="4126000000"/>
        <price t="2001-12-18" v="4168000000"/>
        <price t="2001-12-19" v="4102000000"/>
        <price t="2001-12-20" v="4056000000"/>
        <price t="2001-12-21" v="4060000000"/>
        <price t="2001-12-24" v="4060000000"/>
        <price t="2001-12-25" v="4060000000"/>
        <price t="2001-12-26" v="4060000000"/>
        <price t="2001-12-27" v="4180000000"/>
        <price t="2001-12-28" v="4175000000"/>
        <price t="2001-12-31" v="4175000000"/>
        <price t="2002-01-01" v="4175000000"/>
        <price t="2002-01-02" v="4225000000"/>
        <price t="2002-01-03" v="4307000000"/>
        <price t="2002-01-04" v="4310000000"/>
        <price t="2002-01-07" v="4350000000"/>
        <price t="2002-01-08" v="4279000000"/>
        <price t="2002-01-09" v="4305000000"/>
        <price t="2002-01-10" v="4314000000"/>
        <price t="2002-01-11" v="4300000000"/>
        <price t="2002-01-14" v="4185000000"/>
        <price t="2002-01-15" v="4190000000"/>
        <price t="2002-01-16" v="4210000000"/>
        <price t="2002-01-17" v="4305000000"/>
        <price t="2002-01-18" v="4333000000"/>
        <price t="2002-01-21" v="4335000000"/>
        <price t="2002-01-22" v="4320000000"/>
        <price t="2002-01-23" v="4436000000"/>
        <price t="2002-01-24" v="4487000000"/>
        <price t="2002-01-25" v="4530000000"/>
        <price t="2002-01-28" v="4471000000"/>
        <price t="2002-01-29" v="4412000000"/>
        <price t="2002-01-30" v="4450000000"/>
        <price t="2002-01-31" v="4499000000"/>
        <price t="2002-02-01" v="4495000000"/>
        <price t="2002-02-04" v="4490000000"/>
        <price t="2002-02-05" v="4500000000"/>
        <price t="2002-02-06" v="4350000000"/>
        <price t="2002-02-07" v="4291000000"/>
        <price t="2002-02-08" v="4286000000"/>
        <price t="2002-02-11" v="4380000000"/>
        <price t="2002-02-12" v="4370000000"/>
        <price t="2002-02-13" v="4325000000"/>
        <price t="2002-02-14" v="4171000000"/>
        <price t="2002-02-15" v="4116000000"/>
        <price t="2002-02-18" v="4145000000"/>
        <price t="2002-02-19" v="4075000000"/>
        <price t="2002-02-20" v="4095000000"/>
        <price t="2002-02-21" v="4208000000"/>
        <price t="2002-02-22" v="4271000000"/>
        <price t="2002-02-25" v="4265000000"/>
        <price t="2002-02-26" v="4321000000"/>
        <price t="2002-02-27" v="4408000000"/>
        <price t="2002-02-28" v="4442000000"/>
        <price t="2002-03-01" v="4472000000"/>
        <price t="2002-03-04" v="4595000000"/>
        <price t="2002-03-05" v="4587000000"/>
        <price t="2002-03-06" v="4635000000"/>
        <price t="2002-03-07" v="4660000000"/>
        <price t="2002-03-08" v="4756000000"/>
        <price t="2002-03-11" v="4660000000"/>
        <price t="2002-03-12" v="4638000000"/>
        <price t="2002-03-13" v="4580000000"/>
        <price t="2002-03-14" v="4622000000"/>
        <price t="2002-03-15" v="4682000000"/>
        <price t="2002-03-18" v="4703000000"/>
        <price t="2002-03-19" v="4695000000"/>
        <price t="2002-03-20" v="4687000000"/>
        <price t="2002-03-21" v="4675000000"/>
        <price t="2002-03-22" v="4720000000"/>
        <price t="2002-03-25" v="4700000000"/>
        <price t="2002-03-26" v="4680000000"/>
        <price t="2002-03-27" v="4600000000"/>
        <price t="2002-03-28" v="4665000000"/>
        <price t="2002-03-29" v="4665000000"/>
        <price t="2002-04-01" v="4665000000"/>
        <price t="2002-04-02" v="4725000000"/>
        <price t="2002-04-03" v="4800000000"/>
        <price t="2002-04-04" v="4679000000"/>
        <price t="2002-04-05" v="4704000000"/>
        <price t="2002-04-08" v="4678000000"/>
        <price t="2002-04-09" v="4670000000"/>
        <price t="2002-04-10" v="4735000000"/>
        <price t="2002-04-11" v="4643000000"/>
        <price t="2002-04-12" v="4700000000"/>
        <price t="2002-04-15" v="4740000000"/>
        <price t="2002-04-16" v="4747000000"/>
        <price t="2002-04-17" v="4748000000"/>
        <price t="2002-04-18" v="4724000000"/>
        <price t="2002-04-19" v="4778000000"/>
        <price t="2002-04-22" v="4790000000"/>
        <price t="2002-04-23" v="4694000000"/>
        <price t="2002-04-24" v="4691000000"/>
        <price t="2002-04-25" v="4481000000"/>
        <price t="2002-04-26" v="4524000000"/>
        <price t="2002-04-29" v="4504000000"/>
        <price t="2002-04-30" v="4755000000"/>
        <price t="2002-05-01" v="4755000000"/>
        <price t="2002-05-02" v="4685000000"/>
        <price t="2002-05-03" v="4614000000"/>
        <price t="2002-05-06" v="4551000000"/>
        <price t="2002-05-07" v="4526000000"/>
        <price t="2002-05-08" v="4634000000"/>
        <price t="2002-05-09" v="4617000000"/>
        <price t="2002-05-10" v="4675000000"/>
        <price t="2002-05-13" v="4749000000"/>
        <price t="2002-05-14" v="4765000000"/>
        <price t="2002-05-15" v="4800000000"/>
        <price t="2002-05-16" v="4766000000"/>
        <price t="2002-05-17" v="4871000000"/>
        <price t="2002-05-20" v="4833000000"/>
        <price t="2002-05-21" v="4873000000"/>
        <price t="2002-05-22" v="4825000000"/>
        <price t="2002-05-23" v="4825000000"/>
        <price t="2002-05-24" v="4858000000"/>
        <price t="2002-05-27" v="4900000000"/>
        <price t="2002-05-28" v="4850000000"/>
        <price t="2002-05-29" v="4890000000"/>
        <price t="2002-05-30" v="4870000000"/>
        <price t="2002-05-31" v="4980000000"/>
        <price t="2002-06-03" v="4868000000"/>
        <price t="2002-06-04" v="4680000000"/>
        <price t="2002-06-05" v="4647000000"/>
        <price t="2002-06-06" v="4707000000"/>
        <price t="2002-06-07" v="4650000000"/>
        <price t="2002-06-10" v="4684000000"/>
        <price t="2002-06-11" v="4615000000"/>
        <price t="2002-06-12" v="4525000000"/>
        <price t="2002-06-13" v="4575000000"/>
        <price t="2002-06-14" v="4405000000"/>
        <price t="2002-06-17" v="4599000000"/>
        <price t="2002-06-18" v="4600000000"/>
        <price t="2002-06-19" v="4500000000"/>
        <price t="2002-06-20" v="4500000000"/>
        <price t="2002-06-21" v="4610000000"/>
        <price t="2002-06-24" v="4550000000"/>
        <price t="2002-06-25" v="4614000000"/>
        <price t="2002-06-26" v="4550000000"/>
        <price t="2002-06-27" v="4571000000"/>
        <price t="2002-06-28" v="4715000000"/>
        <price t="2002-07-01" v="4640000000"/>
        <price t="2002-07-02" v="4565000000"/>
        <price t="2002-07-03" v="4595000000"/>
        <price t="2002-07-04" v="4640000000"/>
        <price t="2002-07-05" v="4770000000"/>
        <price t="2002-07-08" v="4765000000"/>
        <price t="2002-07-09" v="4600000000"/>
        <price t="2002-07-10" v="4450000000"/>
        <price t="2002-07-11" v="4345000000"/>
        <price t="2002-07-12" v="4335000000"/>
        <price t="2002-07-15" v="4123000000"/>
        <price t="2002-07-16" v="4143000000"/>
        <price t="2002-07-17" v="4216000000"/>
        <price t="2002-07-18" v="4239000000"/>
        <price t="2002-07-19" v="3981000000"/>
        <price t="2002-07-22" v="3849000000"/>
        <price t="2002-07-23" v="3725000000"/>
        <price t="2002-07-24" v="3790000000"/>
        <price t="2002-07-25" v="3600000000"/>
        <price t="2002-07-26" v="3835000000"/>
        <price t="2002-07-29" v="4090000000"/>
        <price t="2002-07-30" v="4111000000"/>
        <price t="2002-07-31" v="3900000000"/>
        <price t="2002-08-01" v="3877000000"/>
        <price t="2002-08-02" v="3915000000"/>
        <price t="2002-08-05" v="3740000000"/>
        <price t="2002-08-06" v="3987000000"/>
        <price t="2002-08-07" v="3915000000"/>
        <price t="2002-08-08" v="4196000000"/>
        <price t="2002-08-09" v="4295000000"/>
        <price t="2002-08-12" v="4166000000"/>
        <price t="2002-08-13" v="4180000000"/>
        <price t="2002-08-14" v="4050000000"/>
        <price t="2002-08-15" v="4140000000"/>
        <price t="2002-08-16" v="4113000000"/>
        <price t="2002-08-19" v="4176000000"/>
        <price t="2002-08-20" v="4055000000"/>
        <price t="2002-08-21" v="4115000000"/>
        <price t="2002-08-22" v="4196000000"/>
        <price t="2002-08-23" v="4180000000"/>
        <price t="2002-08-26" v="4150000000"/>
        <price t="2002-08-27" v="4199000000"/>
        <price t="2002-08-28" v="4065000000"/>
        <price t="2002-08-29" v="4069000000"/>
        <price t="2002-08-30" v="4204000000"/>
        <price t="2002-09-02" v="4150000000"/>
        <price t="2002-09-03" v="3925000000"/>
        <price t="2002-09-04" v="4000000000"/>
        <price t="2002-09-05" v="3998000000"/>
        <price t="2002-09-06" v="4085000000"/>
        <price t="2002-09-09" v="4066000000"/>
        <price t="2002-09-10" v="4090000000"/>
        <price t="2002-09-11" v="4170000000"/>
        <price t="2002-09-12" v="4058000000"/>
        <price t="2002-09-13" v="4046000000"/>
        <price t="2002-09-16" v="4068000000"/>
        <price t="2002-09-17" v="3999000000"/>
        <price t="2002-09-18" v="3867000000"/>
        <price t="2002-09-19" v="3850000000"/>
        <price t="2002-09-20" v="3900000000"/>
        <price t="2002-09-23" v="3780000000"/>
        <price t="2002-09-24" v="3601000000"/>
        <price t="2002-09-25" v="3671000000"/>
        <price t="2002-09-26" v="3740000000"/>
        <price t="2002-09-27" v="3670000000"/>
        <price t="2002-09-30" v="3590000000"/>
        <price t="2002-10-01" v="3650000000"/>
        <price t="2002-10-02" v="3590000000"/>
        <price t="2002-10-03" v="3563000000"/>
        <price t="2002-10-04" v="3388000000"/>
        <price t="2002-10-07" v="3390000000"/>
        <price t="2002-10-08" v="3290000000"/>
        <price t="2002-10-09" v="3340000000"/>
        <price t="2002-10-10" v="3471000000"/>
        <price t="2002-10-11" v="3697000000"/>
        <price t="2002-10-14" v="3579000000"/>
        <price t="2002-10-15" v="3788000000"/>
        <price t="2002-10-16" v="3784000000"/>
        <price t="2002-10-17" v="3863000000"/>
        <price t="2002-10-18" v="3840000000"/>
        <price t="2002-10-21" v="3903000000"/>
        <price t="2002-10-22" v="3775000000"/>
        <price t="2002-10-23" v="3645000000"/>
        <price t="2002-10-24" v="3675000000"/>
        <price t="2002-10-25" v="3625000000"/>
        <price t="2002-10-28" v="3777000000"/>
        <price t="2002-10-29" v="3620000000"/>
        <price t="2002-10-30" v="3733000000"/>
        <price t="2002-10-31" v="3744000000"/>
        <price t="2002-11-01" v="3700000000"/>
        <price t="2002-11-04" v="3855000000"/>
        <price t="2002-11-05" v="3860000000"/>
        <price t="2002-11-06" v="3806000000"/>
        <price t="2002-11-07" v="3664000000"/>
        <price t="2002-11-08" v="3652000000"/>
        <price t="2002-11-11" v="3748000000"/>
        <price t="2002-11-12" v="3800000000"/>
        <price t="2002-11-13" v="3740000000"/>
        <price t="2002-11-14" v="3810000000"/>
        <price t="2002-11-15" v="3804000000"/>
        <price t="2002-11-18" v="3800000000"/>
        <price t="2002-11-19" v="3715000000"/>
        <price t="2002-11-20" v="3730000000"/>
        <price t="2002-11-21" v="3780000000"/>
        <price t="2002-11-22" v="3808000000"/>
        <price t="2002-11-25" v="3797000000"/>
        <price t="2002-11-26" v="3679000000"/>
        <price t="2002-11-27" v="3840000000"/>
        <price t="2002-11-28" v="3875000000"/>
        <price t="2002-11-29" v="3870000000"/>
        <price t="2002-12-02" v="4079000000"/>
        <price t="2002-12-03" v="4025000000"/>
        <price t="2002-12-04" v="4043000000"/>
        <price t="2002-12-05" v="3977000000"/>
        <price t="2002-12-06" v="3938000000"/>
        <price t="2002-12-09" v="3840000000"/>
        <price t="2002-12-10" v="3941000000"/>
        <price t="2002-12-11" v="3965000000"/>
        <price t="2002-12-12" v="3860000000"/>
        <price t="2002-12-13" v="3762000000"/>
        <price t="2002-12-16" v="3845000000"/>
        <price t="2002-12-17" v="3855000000"/>
        <price t="2002-12-18" v="3707000000"/>
        <price t="2002-12-19" v="3592000000"/>
        <price t="2002-12-20" v="3745000000"/>
        <price t="2002-12-23" v="3741000000"/>
        <price t="2002-12-24" v="3741000000"/>
        <price t="2002-12-25" v="3741000000"/>
        <price t="2002-12-26" v="3741000000"/>
        <price t="2002-12-27" v="3570000000"/>
        <price t="2002-12-30" v="3608000000"/>
        <price t="2002-12-31" v="3608000000"/>
        <price t="2003-01-02" v="3865000000"/>
        <price t="2003-01-03" v="3808000000"/>
        <price t="2003-01-06" v="3925000000"/>
        <price t="2003-01-07" v="3834000000"/>
        <price t="2003-01-08" v="3738000000"/>
        <price t="2003-01-09" v="3690000000"/>
        <price t="2003-01-10" v="3663000000"/>
        <price t="2003-01-13" v="3680000000"/>
        <price t="2003-01-14" v="3733000000"/>
        <price t="2003-01-15" v="3669000000"/>
        <price t="2003-01-16" v="3735000000"/>
        <price t="2003-01-17" v="3600000000"/>
        <price t="2003-01-20" v="3577000000"/>
        <price t="2003-01-21" v="3508000000"/>
        <price t="2003-01-22" v="3428000000"/>
        <price t="2003-01-23" v="3481000000"/>
        <price t="2003-01-24" v="3354000000"/>
        <price t="2003-01-27" v="3186000000"/>
        <price t="2003-01-28" v="3250000000"/>
        <price t="2003-01-29" v="3360000000"/>
        <price t="2003-01-30" v="3320000000"/>
        <price t="2003-01-31" v="3452000000"/>
        <price t="2003-02-03" v="3460000000"/>
        <price t="2003-02-04" v="3345000000"/>
        <price t="2003-02-05" v="3467000000"/>
        <price t="2003-02-06" v="3340000000"/>
        <price t="2003-02-07" v="3300000000"/>
        <price t="2003-02-10" v="3354000000"/>
        <price t="2003-02-11" v="3398000000"/>
        <price t="2003-02-12" v="3290000000"/>
        <price t="2003-02-13" v="3278000000"/>
        <price t="2003-02-14" v="3440000000"/>
        <price t="2003-02-17" v="3478000000"/>
        <price t="2003-02-18" v="3485000000"/>
        <price t="2003-02-19" v="3387000000"/>
        <price t="2003-02-20" v="3357000000"/>
        <price t="2003-02-21" v="3400000000"/>
        <price t="2003-02-24" v="3284000000"/>
        <price t="2003-02-25" v="3321000000"/>
        <price t="2003-02-26" v="3280000000"/>
        <price t="2003-02-27" v="3346000000"/>
        <price t="2003-02-28" v="3382000000"/>
        <price t="2003-03-03" v="3400000000"/>
        <price t="2003-03-04" v="3368000000"/>
        <price t="2003-03-05" v="3322000000"/>
        <price t="2003-03-06" v="3264000000"/>
        <price t="2003-03-07" v="3226000000"/>
        <price t="2003-03-10" v="3161000000"/>
        <price t="2003-03-11" v="3019000000"/>
        <price t="2003-03-12" v="2841000000"/>
        <price t="2003-03-13" v="3106000000"/>
        <price t="2003-03-14" v="3165000000"/>
        <price t="2003-03-17" v="3119000000"/>
        <price t="2003-03-18" v="3525000000"/>
        <price t="2003-03-19" v="3688000000"/>
        <price t="2003-03-20" v="3625000000"/>
        <price t="2003-03-21" v="3801000000"/>
        <price t="2003-03-24" v="3500000000"/>
        <price t="2003-03-25" v="3637000000"/>
        <price t="2003-03-26" v="3622000000"/>
        <price t="2003-03-27" v="3630000000"/>
        <price t="2003-03-28" v="3537000000"/>
        <price t="2003-03-31" v="3411000000"/>
        <price t="2003-04-01" v="3381000000"/>
        <price t="2003-04-02" v="3614000000"/>
        <price t="2003-04-03" v="3660000000"/>
        <price t="2003-04-04" v="3832000000"/>
        <price t="2003-04-07" v="3980000000"/>
        <price t="2003-04-08" v="3872000000"/>
        <price t="2003-04-09" v="3825000000"/>
        <price t="2003-04-10" v="3825000000"/>
        <price t="2003-04-11" v="3869000000"/>
        <price t="2003-04-14" v="3880000000"/>
        <price t="2003-04-15" v="3823000000"/>
        <price t="2003-04-16" v="3796000000"/>
        <price t="2003-04-17" v="3950000000"/>
        <price t="2003-04-22" v="4052000000"/>
        <price t="2003-04-23" v="4005000000"/>
        <price t="2003-04-24" v="3930000000"/>
        <price t="2003-04-25" v="3816000000"/>
        <price t="2003-04-28" v="3950000000"/>
        <price t="2003-04-29" v="3942000000"/>
        <price t="2003-04-30" v="3997000000"/>
        <price t="2003-05-02" v="4053000000"/>
        <price t="2003-05-05" v="4025000000"/>
        <price t="2003-05-06" v="4029000000"/>
        <price t="2003-05-07" v="3839000000"/>
        <price t="2003-05-08" v="3664000000"/>
        <price t="2003-05-09" v="3752000000"/>
        <price t="2003-05-12" v="3725000000"/>
        <price t="2003-05-13" v="3630000000"/>
        <price t="2003-05-14" v="3730000000"/>
        <price t="2003-05-15" v="3782000000"/>
        <price t="2003-05-16" v="3785000000"/>
        <price t="2003-05-19" v="3570000000"/>
        <price t="2003-05-20" v="3544000000"/>
        <price t="2003-05-21" v="3524000000"/>
        <price t="2003-05-22" v="3495000000"/>
        <price t="2003-05-23" v="3475000000"/>
        <price t="2003-05-26" v="3409000000"/>
        <price t="2003-05-27" v="3499000000"/>
        <price t="2003-05-28" v="3590000000"/>
        <price t="2003-05-29" v="3527000000"/>
        <price t="2003-05-30" v="3685000000"/>
        <price t="2003-06-02" v="3685000000"/>
        <price t="2003-06-03" v="3634000000"/>
        <price t="2003-06-04" v="3710000000"/>
        <price t="2003-06-05" v="3614000000"/>
        <price t="2003-06-06" v="3685000000"/>
        <price t="2003-06-09" v="3680000000"/>
        <price t="2003-06-10" v="3700000000"/>
        <price t="2003-06-11" v="3760000000"/>
        <price t="2003-06-12" v="3821000000"/>
        <price t="2003-06-13" v="3828000000"/>
        <price t="2003-06-16" v="3910000000"/>
        <price t="2003-06-17" v="3944000000"/>
        <price t="2003-06-18" v="3974000000"/>
        <price t="2003-06-19" v="3930000000"/>
        <price t="2003-06-20" v="3920000000"/>
        <price t="2003-06-23" v="3840000000"/>
        <price t="2003-06-24" v="3817000000"/>
        <price t="2003-06-25" v="3780000000"/>
        <price t="2003-06-26" v="3814000000"/>
        <price t="2003-06-27" v="3801000000"/>
        <price t="2003-06-30" v="3720000000"/>
        <price t="2003-07-01" v="3652000000"/>
        <price t="2003-07-02" v="3722000000"/>
        <price t="2003-07-03" v="3689000000"/>
        <price t="2003-07-04" v="3766000000"/>
        <price t="2003-07-07" v="3933000000"/>
        <price t="2003-07-08" v="3965000000"/>
        <price t="2003-07-09" v="3905000000"/>
        <price t="2003-07-10" v="3891000000"/>
        <price t="2003-07-11" v="3958000000"/>
        <price t="2003-07-14" v="4040000000"/>
        <price t="2003-07-15" v="3993000000"/>
        <price t="2003-07-16" v="3994000000"/>
        <price t="2003-07-17" v="4058000000"/>
        <price t="2003-07-18" v="4072000000"/>
        <price t="2003-07-21" v="4009000000"/>
        <price t="2003-07-22" v="4034000000"/>
        <price t="2003-07-23" v="4008000000"/>
        <price t="2003-07-24" v="4074000000"/>
        <price t="2003-07-25" v="4039000000"/>
        <price t="2003-07-28" v="4070000000"/>
        <price t="2003-07-29" v="4120000000"/>
        <price t="2003-07-30" v="4125000000"/>
        <price t="2003-07-31" v="4245000000"/>
        <price t="2003-08-01" v="4228000000"/>
        <price t="2003-08-04" v="4179000000"/>
        <price t="2003-08-05" v="4215000000"/>
        <price t="2003-08-06" v="4140000000"/>
        <price t="2003-08-07" v="3983000000"/>
        <price t="2003-08-08" v="3993000000"/>
        <price t="2003-08-11" v="3985000000"/>
        <price t="2003-08-12" v="4013000000"/>
        <price t="2003-08-13" v="4035000000"/>
        <price t="2003-08-14" v="4119000000"/>
        <price t="2003-08-15" v="4179000000"/>
        <price t="2003-08-18" v="4236000000"/>
        <price t="2003-08-19" v="4215000000"/>
        <price t="2003-08-20" v="4222000000"/>
        <price t="2003-08-21" v="4241000000"/>
        <price t="2003-08-22" v="4280000000"/>
        <price t="2003-08-25" v="4233000000"/>
        <price t="2003-08-26" v="4236000000"/>
        <price t="2003-08-27" v="4258000000"/>
        <price t="2003-08-28" v="4251000000"/>
        <price t="2003-08-29" v="4194000000"/>
        <price t="2003-09-01" v="4305000000"/>
        <price t="2003-09-02" v="4287000000"/>
        <price t="2003-09-03" v="4300000000"/>
        <price t="2003-09-04" v="4280000000"/>
        <price t="2003-09-05" v="4215000000"/>
        <price t="2003-09-08" v="4241000000"/>
        <price t="2003-09-09" v="4185000000"/>
        <price t="2003-09-10" v="4165000000"/>
        <price t="2003-09-11" v="4183000000"/>
        <price t="2003-09-12" v="4123000000"/>
        <price t="2003-09-15" v="4132000000"/>
        <price t="2003-09-16" v="4163000000"/>
        <price t="2003-09-17" v="4120000000"/>
        <price t="2003-09-18" v="4128000000"/>
        <price t="2003-09-19" v="4147000000"/>
        <price t="2003-09-22" v="3996000000"/>
        <price t="2003-09-23" v="3900000000"/>
        <price t="2003-09-24" v="3779000000"/>
        <price t="2003-09-25" v="3829000000"/>
        <price t="2003-09-26" v="3856000000"/>
        <price t="2003-09-29" v="3820000000"/>
        <price t="2003-09-30" v="3770000000"/>
        <price t="2003-10-01" v="3829000000"/>
        <price t="2003-10-02" v="3755000000"/>
        <price t="2003-10-03" v="3978000000"/>
        <price t="2003-10-06" v="3934000000"/>
        <price t="2003-10-07" v="3833000000"/>
        <price t="2003-10-08" v="3837000000"/>
        <price t="2003-10-09" v="3937000000"/>
        <price t="2003-10-10" v="3890000000"/>
        <price t="2003-10-13" v="3940000000"/>
        <price t="2003-10-14" v="3968000000"/>
        <price t="2003-10-15" v="3988000000"/>
        <price t="2003-10-16" v="4028000000"/>
        <price t="2003-10-17" v="3951000000"/>
        <price t="2003-10-20" v="3996000000"/>
        <price t="2003-10-21" v="4026000000"/>
        <price t="2003-10-22" v="3890000000"/>
        <price t="2003-10-23" v="3940000000"/>
        <price t="2003-10-24" v="3893000000"/>
        <price t="2003-10-27" v="3965000000"/>
        <price t="2003-10-28" v="4011000000"/>
        <price t="2003-10-29" v="4004000000"/>
        <price t="2003-10-30" v="3986000000"/>
        <price t="2003-10-31" v="3946000000"/>
        <price t="2003-11-03" v="3998000000"/>
        <price t="2003-11-04" v="4127000000"/>
        <price t="2003-11-05" v="4172000000"/>
        <price t="2003-11-06" v="4155000000"/>
        <price t="2003-11-07" v="4263000000"/>
        <price t="2003-11-10" v="4177000000"/>
        <price t="2003-11-11" v="4164000000"/>
        <price t="2003-11-12" v="4151000000"/>
        <price t="2003-11-13" v="4200000000"/>
        <price t="2003-11-14" v="4230000000"/>
        <price t="2003-11-17" v="4120000000"/>
        <price t="2003-11-18" v="4123000000"/>
        <price t="2003-11-19" v="4104000000"/>
        <price t="2003-11-20" v="4132000000"/>
        <price t="2003-11-21" v="4126000000"/>
        <price t="2003-11-24" v="4174000000"/>
        <price t="2003-11-25" v="4146000000"/>
        <price t="2003-11-26" v="4096000000"/>
        <price t="2003-11-27" v="4134000000"/>
        <price t="2003-11-28" v="4126000000"/>
        <price t="2003-12-01" v="4240000000"/>
        <price t="2003-12-02" v="4228000000"/>
        <price t="2003-12-03" v="4335000000"/>
        <price t="2003-12-04" v="4300000000"/>
        <price t="2003-12-05" v="4274000000"/>
        <price t="2003-12-08" v="4241000000"/>
        <price t="2003-12-09" v="4331000000"/>
        <price t="2003-12-10" v="4250000000"/>
        <price t="2003-12-11" v="4240000000"/>
        <price t="2003-12-12" v="4200000000"/>
        <price t="2003-12-15" v="4240000000"/>
        <price t="2003-12-16" v="4226000000"/>
        <price t="2003-12-17" v="4216000000"/>
        <price t="2003-12-18" v="4254000000"/>
        <price t="2003-12-19" v="4316000000"/>
        <price t="2003-12-22" v="4290000000"/>
        <price t="2003-12-23" v="4329000000"/>
        <price t="2003-12-29" v="4391000000"/>
        <price t="2003-12-30" v="4458000000"/>
        <price t="2004-01-02" v="4474000000"/>
        <price t="2004-01-05" v="4482000000"/>
        <price t="2004-01-06" v="4508000000"/>
        <price t="2004-01-07" v="4500000000"/>
        <price t="2004-01-08" v="4500000000"/>
        <price t="2004-01-09" v="4470000000"/>
        <price t="2004-01-12" v="4466000000"/>
        <price t="2004-01-13" v="4497000000"/>
        <price t="2004-01-14" v="4563000000"/>
        <price t="2004-01-15" v="4520000000"/>
        <price t="2004-01-16" v="4522000000"/>
        <price t="2004-01-19" v="4550000000"/>
        <price t="2004-01-20" v="4502000000"/>
        <price t="2004-01-21" v="4525000000"/>
        <price t="2004-01-22" v="4496000000"/>
        <price t="2004-01-23" v="4482000000"/>
        <price t="2004-01-26" v="4454000000"/>
        <price t="2004-01-27" v="4494000000"/>
        <price t="2004-01-28" v="4491000000"/>
        <price t="2004-01-29" v="4485000000"/>
        <price t="2004-01-30" v="4439000000"/>
        <price t="2004-02-02" v="4448000000"/>
        <price t="2004-02-03" v="4376000000"/>
        <price t="2004-02-04" v="4348000000"/>
        <price t="2004-02-05" v="4304000000"/>
        <price t="2004-02-06" v="4300000000"/>
        <price t="2004-02-09" v="4361000000"/>
        <price t="2004-02-10" v="4373000000"/>
        <price t="2004-02-11" v="4318000000"/>
        <price t="2004-02-12" v="4312000000"/>
        <price t="2004-02-13" v="4196000000"/>
        <price t="2004-02-16" v="4272000000"/>
        <price t="2004-02-17" v="4240000000"/>
        <price t="2004-02-18" v="4214000000"/>
        <price t="2004-02-19" v="4265000000"/>
        <price t="2004-02-20" v="4192000000"/>
        <price t="2004-02-23" v="4200000000"/>
        <price t="2004-02-24" v="4161000000"/>
        <price t="2004-02-25" v="4173000000"/>
        <price t="2004-02-26" v="4235000000"/>
        <price t="2004-02-27" v="4280000000"/>
        <price t="2004-03-01" v="4386000000"/>
        <price t="2004-03-02" v="4400000000"/>
        <price t="2004-03-03" v="4337000000"/>
        <price t="2004-03-04" v="4361000000"/>
        <price t="2004-03-05" v="4340000000"/>
        <price t="2004-03-08" v="4378000000"/>
        <price t="2004-03-09" v="4316000000"/>
        <price t="2004-03-10" v="4317000000"/>
        <price t="2004-03-11" v="4165000000"/>
        <price t="2004-03-12" v="4202000000"/>
        <price t="2004-03-15" v="4080000000"/>
        <price t="2004-03-16" v="4165000000"/>
        <price t="2004-03-17" v="4250000000"/>
        <price t="2004-03-18" v="4162000000"/>
        <price t="2004-03-19" v="4101000000"/>
        <price t="2004-03-22" v="4049000000"/>
        <price t="2004-03-23" v="4067000000"/>
        <price t="2004-03-24" v="4057000000"/>
        <price t="2004-03-25" v="4142000000"/>
        <price t="2004-03-26" v="4115000000"/>
        <price t="2004-03-29" v="4167000000"/>
        <price t="2004-03-30" v="4141000000"/>
        <price t="2004-03-31" v="4133000000"/>
        <price t="2004-04-01" v="4199000000"/>
        <price t="2004-04-02" v="4332000000"/>
        <price t="2004-04-05" v="4387000000"/>
        <price t="2004-04-06" v="4320000000"/>
        <price t="2004-04-07" v="4354000000"/>
        <price t="2004-04-08" v="4322000000"/>
        <price t="2004-04-13" v="4390000000"/>
        <price t="2004-04-14" v="4352000000"/>
        <price t="2004-04-15" v="4365000000"/>
        <price t="2004-04-16" v="4401000000"/>
        <price t="2004-04-19" v="4411000000"/>
        <price t="2004-04-20" v="4458000000"/>
        <price t="2004-04-21" v="4375000000"/>
        <price t="2004-04-22" v="4425000000"/>
        <price t="2004-04-23" v="4455000000"/>
        <price t="2004-04-26" v="4489000000"/>
        <price t="2004-04-27" v="4481000000"/>
        <price t="2004-04-28" v="4400000000"/>
        <price t="2004-04-29" v="4385000000"/>
        <price t="2004-04-30" v="4304000000"/>
        <price t="2004-05-03" v="4290000000"/>
        <price t="2004-05-04" v="4212000000"/>
        <price t="2004-05-05" v="4238000000"/>
        <price t="2004-05-06" v="4143000000"/>
        <price t="2004-05-07" v="4136000000"/>
        <price t="2004-05-10" v="4060000000"/>
        <price t="2004-05-11" v="4118000000"/>
        <price t="2004-05-12" v="4074000000"/>
        <price t="2004-05-13" v="4150000000"/>
        <price t="2004-05-14" v="4139000000"/>
        <price t="2004-05-17" v="4095000000"/>
        <price t="2004-05-18" v="4141000000"/>
        <price t="2004-05-19" v="4194000000"/>
        <price t="2004-05-20" v="4163000000"/>
        <price t="2004-05-21" v="4138000000"/>
        <price t="2004-05-24" v="4174000000"/>
        <price t="2004-05-25" v="4103000000"/>
        <price t="2004-05-26" v="4165000000"/>
        <price t="2004-05-27" v="4237000000"/>
        <price t="2004-05-28" v="4186000000"/>
        <price t="2004-05-31" v="4213000000"/>
        <price t="2004-06-01" v="4189000000"/>
        <price t="2004-06-02" v="4236000000"/>
        <price t="2004-06-03" v="4237000000"/>
        <price t="2004-06-04" v="4268000000"/>
        <price t="2004-06-07" v="4313000000"/>
        <price t="2004-06-08" v="4290000000"/>
        <price t="2004-06-09" v="4257000000"/>
        <price t="2004-06-10" v="4278000000"/>
        <price t="2004-06-11" v="4249000000"/>
        <price t="2004-06-14" v="4181000000"/>
        <price t="2004-06-15" v="4211000000"/>
        <price t="2004-06-16" v="4260000000"/>
        <price t="2004-06-17" v="4263000000"/>
        <price t="2004-06-18" v="4269000000"/>
        <price t="2004-06-21" v="4286000000"/>
        <price t="2004-06-22" v="4234000000"/>
        <price t="2004-06-23" v="4280000000"/>
        <price t="2004-06-24" v="4364000000"/>
        <price t="2004-06-25" v="4356000000"/>
        <price t="2004-06-28" v="4431000000"/>
        <price t="2004-06-29" v="4445000000"/>
        <price t="2004-06-30" v="4399000000"/>
        <price t="2004-07-01" v="4398000000"/>
        <price t="2004-07-02" v="4384000000"/>
        <price t="2004-07-05" v="4392000000"/>
        <price t="2004-07-06" v="4341000000"/>
        <price t="2004-07-07" v="4374000000"/>
        <price t="2004-07-08" v="4412000000"/>
        <price t="2004-07-09" v="4402000000"/>
        <price t="2004-07-12" v="4385000000"/>
        <price t="2004-07-13" v="4400000000"/>
        <price t="2004-07-14" v="4413000000"/>
        <price t="2004-07-15" v="4398000000"/>
        <price t="2004-07-16" v="4401000000"/>
        <price t="2004-07-19" v="4360000000"/>
        <price t="2004-07-20" v="4371000000"/>
        <price t="2004-07-21" v="4390000000"/>
        <price t="2004-07-22" v="4283000000"/>
        <price t="2004-07-23" v="4312000000"/>
        <price t="2004-07-26" v="4254000000"/>
        <price t="2004-07-27" v="4317000000"/>
        <price t="2004-07-28" v="4321000000"/>
        <price t="2004-07-29" v="4403000000"/>
        <price t="2004-07-30" v="4428000000"/>
        <price t="2004-08-02" v="4402000000"/>
        <price t="2004-08-03" v="4467000000"/>
        <price t="2004-08-04" v="4450000000"/>
        <price t="2004-08-05" v="4515000000"/>
        <price t="2004-08-06" v="4398000000"/>
        <price t="2004-08-09" v="4366000000"/>
        <price t="2004-08-10" v="4365000000"/>
        <price t="2004-08-11" v="4318000000"/>
        <price t="2004-08-12" v="4331000000"/>
        <price t="2004-08-13" v="4265000000"/>
        <price t="2004-08-16" v="4300000000"/>
        <price t="2004-08-17" v="4314000000"/>
        <price t="2004-08-18" v="4347000000"/>
        <price t="2004-08-19" v="4344000000"/>
        <price t="2004-08-20" v="4355000000"/>
        <price t="2004-08-23" v="4402000000"/>
        <price t="2004-08-24" v="4380000000"/>
        <price t="2004-08-25" v="4435000000"/>
        <price t="2004-08-26" v="4467000000"/>
        <price t="2004-08-27" v="4504000000"/>
        <price t="2004-08-30" v="4488000000"/>
        <price t="2004-08-31" v="4441000000"/>
        <price t="2004-09-01" v="4474000000"/>
        <price t="2004-09-02" v="4489000000"/>
        <price t="2004-09-03" v="4555000000"/>
        <price t="2004-09-06" v="4563000000"/>
        <price t="2004-09-07" v="4565000000"/>
        <price t="2004-09-08" v="4557000000"/>
        <price t="2004-09-09" v="4523000000"/>
        <price t="2004-09-10" v="4536000000"/>
        <price t="2004-09-13" v="4600000000"/>
        <price t="2004-09-14" v="4606000000"/>
        <price t="2004-09-15" v="4612000000"/>
        <price t="2004-09-16" v="4615000000"/>
        <price t="2004-09-17" v="4672000000"/>
        <price t="2004-09-20" v="4663000000"/>
        <price t="2004-09-21" v="4666000000"/>
        <price t="2004-09-22" v="4619000000"/>
        <price t="2004-09-23" v="4573000000"/>
        <price t="2004-09-24" v="4582000000"/>
        <price t="2004-09-27" v="4568000000"/>
        <price t="2004-09-28" v="4603000000"/>
        <price t="2004-09-29" v="4765000000"/>
        <price t="2004-09-30" v="4745000000"/>
        <price t="2004-10-01" v="4876000000"/>
        <price t="2004-10-04" v="4856000000"/>
        <price t="2004-10-05" v="4863000000"/>
        <price t="2004-10-06" v="4876000000"/>
        <price t="2004-10-07" v="4890000000"/>
        <price t="2004-10-08" v="4815000000"/>
        <price t="2004-10-11" v="4805000000"/>
        <price t="2004-10-12" v="4730000000"/>
        <price t="2004-10-13" v="4717000000"/>
        <price t="2004-10-14" v="4687000000"/>
        <price t="2004-10-15" v="4728000000"/>
        <price t="2004-10-18" v="4762000000"/>
        <price t="2004-10-19" v="4860000000"/>
        <price t="2004-10-20" v="4793000000"/>
        <price t="2004-10-21" v="4848000000"/>
        <price t="2004-10-22" v="4916000000"/>
        <price t="2004-10-25" v="4777000000"/>
        <price t="2004-10-26" v="4797000000"/>
        <price t="2004-10-27" v="4885000000"/>
        <price t="2004-10-28" v="4875000000"/>
        <price t="2004-10-29" v="4890000000"/>
        <price t="2004-11-01" v="4975000000"/>
        <price t="2004-11-02" v="4980000000"/>
        <price t="2004-11-03" v="4945000000"/>
        <price t="2004-11-04" v="4970000000"/>
        <price t="2004-11-05" v="5010000000"/>
        <price t="2004-11-08" v="4994000000"/>
        <price t="2004-11-09" v="5028000000"/>
        <price t="2004-11-10" v="5116000000"/>
        <price t="2004-11-11" v="5023000000"/>
        <price t="2004-11-12" v="5001000000"/>
        <price t="2004-11-15" v="4980000000"/>
        <price t="2004-11-16" v="4958000000"/>
        <price t="2004-11-17" v="5060000000"/>
        <price t="2004-11-18" v="5105000000"/>
        <price t="2004-11-19" v="5088000000"/>
        <price t="2004-11-22" v="5071000000"/>
        <price t="2004-11-23" v="5053000000"/>
        <price t="2004-11-24" v="5049000000"/>
        <price t="2004-11-25" v="5123000000"/>
        <price t="2004-11-26" v="5115000000"/>
        <price t="2004-11-29" v="5104000000"/>
        <price t="2004-11-30" v="5064000000"/>
        <price t="2004-12-01" v="5200000000"/>
        <price t="2004-12-02" v="5193000000"/>
        <price t="2004-12-03" v="5181000000"/>
        <price t="2004-12-06" v="5230000000"/>
        <price t="2004-12-07" v="5234000000"/>
        <price t="2004-12-08" v="5117000000"/>
        <price t="2004-12-09" v="5097000000"/>
        <price t="2004-12-10" v="5148000000"/>
        <price t="2004-12-13" v="5187000000"/>
        <price t="2004-12-14" v="5165000000"/>
        <price t="2004-12-15" v="5138000000"/>
        <price t="2004-12-16" v="5179000000"/>
        <price t="2004-12-17" v="5097000000"/>
        <price t="2004-12-20" v="5178000000"/>
        <price t="2004-12-21" v="5185000000"/>
        <price t="2004-12-22" v="5165000000"/>
        <price t="2004-12-23" v="5230000000"/>
        <price t="2004-12-27" v="5244000000"/>
        <price t="2004-12-28" v="5278000000"/>
        <price t="2004-12-29" v="5277000000"/>
        <price t="2004-12-30" v="5300000000"/>
        <price t="2005-01-03" v="5336000000"/>
        <price t="2005-01-04" v="5317000000"/>
        <price t="2005-01-05" v="5268000000"/>
        <price t="2005-01-06" v="5266000000"/>
        <price t="2005-01-07" v="5289000000"/>
        <price t="2005-01-10" v="5252000000"/>
        <price t="2005-01-11" v="5183000000"/>
        <price t="2005-01-12" v="5134000000"/>
        <price t="2005-01-13" v="5173000000"/>
        <price t="2005-01-14" v="5206000000"/>
        <price t="2005-01-17" v="5225000000"/>
        <price t="2005-01-18" v="5241000000"/>
        <price t="2005-01-19" v="5295000000"/>
        <price t="2005-01-20" v="5258000000"/>
        <price t="2005-01-21" v="5203000000"/>
        <price t="2005-01-24" v="5187000000"/>
        <price t="2005-01-25" v="5172000000"/>
        <price t="2005-01-26" v="5160000000"/>
        <price t="2005-01-27" v="5215000000"/>
        <price t="2005-01-28" v="5183000000"/>
        <price t="2005-01-31" v="5239000000"/>
        <price t="2005-02-01" v="5295000000"/>
        <price t="2005-02-02" v="5313000000"/>
        <price t="2005-02-03" v="5300000000"/>
        <price t="2005-02-04" v="5370000000"/>
        <price t="2005-02-07" v="5402000000"/>
        <price t="2005-02-08" v="5450000000"/>
        <price t="2005-02-09" v="5496000000"/>
        <price t="2005-02-10" v="5483000000"/>
        <price t="2005-02-11" v="5560000000"/>
        <price t="2005-02-14" v="5583000000"/>
        <price t="2005-02-15" v="5640000000"/>
        <price t="2005-02-16" v="5604000000"/>
        <price t="2005-02-17" v="5630000000"/>
        <price t="2005-02-18" v="5677000000"/>
        <price t="2005-02-21" v="5674000000"/>
        <price t="2005-02-22" v="5613000000"/>
        <price t="2005-02-23" v="5590000000"/>
        <price t="2005-02-24" v="5600000000"/>
        <price t="2005-02-25" v="5636000000"/>
        <price t="2005-02-28" v="5654000000"/>
        <price t="2005-03-01" v="5677000000"/>
        <price t="2005-03-02" v="5649000000"/>
        <price t="2005-03-03" v="5632000000"/>
        <price t="2005-03-04" v="5750000000"/>
        <price t="2005-03-07" v="5830000000"/>
        <price t="2005-03-08" v="5725000000"/>
        <price t="2005-03-09" v="5684000000"/>
        <price t="2005-03-10" v="5613000000"/>
        <price t="2005-03-11" v="5610000000"/>
        <price t="2005-03-14" v="5600000000"/>
        <price t="2005-03-15" v="5645000000"/>
        <price t="2005-03-16" v="5530000000"/>
        <price t="2005-03-17" v="5488000000"/>
        <price t="2005-03-18" v="5470000000"/>
        <price t="2005-03-21" v="5445000000"/>
        <price t="2005-03-22" v="5500000000"/>
        <price t="2005-03-23" v="5534000000"/>
        <price t="2005-03-24" v="5474000000"/>
        <price t="2005-03-29" v="5493000000"/>
        <price t="2005-03-30" v="5422000000"/>
        <price t="2005-03-31" v="5469000000"/>
        <price t="2005-04-01" v="5534000000"/>
        <price t="2005-04-04" v="5501000000"/>
        <price t="2005-04-05" v="5553000000"/>
        <price t="2005-04-06" v="5628000000"/>
        <price t="2005-04-07" v="5622000000"/>
        <price t="2005-04-08" v="5611000000"/>
        <price t="2005-04-11" v="5572000000"/>
        <price t="2005-04-12" v="5511000000"/>
        <price t="2005-04-13" v="5452000000"/>
        <price t="2005-04-14" v="5350000000"/>
        <price t="2005-04-15" v="5218000000"/>
        <price t="2005-04-18" v="5103000000"/>
        <price t="2005-04-19" v="5209000000"/>
        <price t="2005-04-20" v="5180000000"/>
        <price t="2005-04-21" v="5152000000"/>
        <price t="2005-04-22" v="5203000000"/>
        <price t="2005-04-25" v="5256000000"/>
        <price t="2005-04-26" v="5249000000"/>
        <price t="2005-04-27" v="5150000000"/>
        <price t="2005-04-28" v="5144000000"/>
        <price t="2005-04-29" v="5011000000"/>
        <price t="2005-05-02" v="5081000000"/>
        <price t="2005-05-03" v="5147000000"/>
        <price t="2005-05-04" v="5166000000"/>
        <price t="2005-05-05" v="5191000000"/>
        <price t="2005-05-06" v="5250000000"/>
        <price t="2005-05-09" v="5229000000"/>
        <price t="2005-05-10" v="5212000000"/>
        <price t="2005-05-11" v="5179000000"/>
        <price t="2005-05-12" v="5220000000"/>
        <price t="2005-05-13" v="5133000000"/>
        <price t="2005-05-16" v="5110000000"/>
        <price t="2005-05-17" v="5074000000"/>
        <price t="2005-05-18" v="5211000000"/>
        <price t="2005-05-19" v="5267000000"/>
        <price t="2005-05-20" v="5264000000"/>
        <price t="2005-05-23" v="5291000000"/>
        <price t="2005-05-24" v="5348000000"/>
        <price t="2005-05-25" v="5361000000"/>
        <price t="2005-05-26" v="5361000000"/>
        <price t="2005-05-27" v="5368000000"/>
        <price t="2005-05-30" v="5418000000"/>
        <price t="2005-05-31" v="5391000000"/>
        <price t="2005-06-01" v="5505000000"/>
        <price t="2005-06-02" v="5546000000"/>
        <price t="2005-06-03" v="5515000000"/>
        <price t="2005-06-06" v="5517000000"/>
        <price t="2005-06-07" v="5580000000"/>
        <price t="2005-06-08" v="5585000000"/>
        <price t="2005-06-09" v="5576000000"/>
        <price t="2005-06-10" v="5622000000"/>
        <price t="2005-06-13" v="5644000000"/>
        <price t="2005-06-14" v="5625000000"/>
        <price t="2005-06-15" v="5601000000"/>
        <price t="2005-06-16" v="5639000000"/>
        <price t="2005-06-17" v="5682000000"/>
        <price t="2005-06-20" v="5622000000"/>
        <price t="2005-06-21" v="5627000000"/>
        <price t="2005-06-22" v="5608000000"/>
        <price t="2005-06-23" v="5625000000"/>
        <price t="2005-06-24" v="5489000000"/>
        <price t="2005-06-27" v="5474000000"/>
        <price t="2005-06-28" v="5560000000"/>
        <price t="2005-06-29" v="5502000000"/>
        <price t="2005-06-30" v="5500000000"/>
        <price t="2005-07-01" v="5570000000"/>
        <price t="2005-07-04" v="5558000000"/>
        <price t="2005-07-05" v="5487000000"/>
        <price t="2005-07-06" v="5476000000"/>
        <price t="2005-07-07" v="5380000000"/>
        <price t="2005-07-08" v="5450000000"/>
        <price t="2005-07-11" v="5534000000"/>
        <price t="2005-07-12" v="5511000000"/>
        <price t="2005-07-13" v="5570000000"/>
        <price t="2005-07-14" v="5626000000"/>
        <price t="2005-07-15" v="5605000000"/>
        <price t="2005-07-18" v="5611000000"/>
        <price t="2005-07-19" v="5742000000"/>
        <price t="2005-07-20" v="5754000000"/>
        <price t="2005-07-21" v="5796000000"/>
        <price t="2005-07-22" v="5765000000"/>
        <price t="2005-07-25" v="5765000000"/>
        <price t="2005-07-26" v="5740000000"/>
        <price t="2005-07-27" v="5700000000"/>
        <price t="2005-07-28" v="5873000000"/>
        <price t="2005-07-29" v="5840000000"/>
        <price t="2005-08-01" v="5884000000"/>
        <price t="2005-08-02" v="5992000000"/>
        <price t="2005-08-03" v="5945000000"/>
        <price t="2005-08-04" v="5841000000"/>
        <price t="2005-08-05" v="5767000000"/>
        <price t="2005-08-08" v="5796000000"/>
        <price t="2005-08-09" v="5875000000"/>
        <price t="2005-08-10" v="5890000000"/>
        <price t="2005-08-11" v="5901000000"/>
        <price t="2005-08-12" v="5825000000"/>
        <price t="2005-08-15" v="5820000000"/>
        <price t="2005-08-16" v="5716000000"/>
        <price t="2005-08-17" v="5760000000"/>
        <price t="2005-08-18" v="5700000000"/>
        <price t="2005-08-19" v="5787000000"/>
        <price t="2005-08-22" v="5829000000"/>
        <price t="2005-08-23" v="5804000000"/>
        <price t="2005-08-24" v="5799000000"/>
        <price t="2005-08-25" v="5715000000"/>
        <price t="2005-08-26" v="5616000000"/>
        <price t="2005-08-29" v="5667000000"/>
        <price t="2005-08-30" v="5652000000"/>
        <price t="2005-08-31" v="5679000000"/>
        <price t="2005-09-01" v="5760000000"/>
        <price t="2005-09-02" v="5799000000"/>
        <price t="2005-09-05" v="5867000000"/>
        <price t="2005-09-06" v="5945000000"/>
        <price t="2005-09-07" v="5984000000"/>
        <price t="2005-09-08" v="5999000000"/>
        <price t="2005-09-09" v="6010000000"/>
        <price t="2005-09-12" v="6075000000"/>
        <price t="2005-09-13" v="5952000000"/>
        <price t="2005-09-14" v="5965000000"/>
        <price t="2005-09-15" v="5946000000"/>
        <price t="2005-09-16" v="6040000000"/>
        <price t="2005-09-19" v="5985000000"/>
        <price t="2005-09-20" v="6037000000"/>
        <price t="2005-09-21" v="5900000000"/>
        <price t="2005-09-22" v="5839000000"/>
        <price t="2005-09-23" v="5909000000"/>
        <price t="2005-09-26" v="6118000000"/>
        <price t="2005-09-27" v="6054000000"/>
        <price t="2005-09-28" v="6171000000"/>
        <price t="2005-09-29" v="6140000000"/>
        <price t="2005-09-30" v="6250000000"/>
        <price t="2005-10-03" v="6394000000"/>
        <price t="2005-10-04" v="6460000000"/>
        <price t="2005-10-05" v="6360000000"/>
        <price t="2005-10-06" v="6270000000"/>
        <price t="2005-10-07" v="6288000000"/>
        <price t="2005-10-10" v="6340000000"/>
        <price t="2005-10-11" v="6288000000"/>
        <price t="2005-10-12" v="6183000000"/>
        <price t="2005-10-13" v="6153000000"/>
        <price t="2005-10-14" v="6144000000"/>
        <price t="2005-10-17" v="6058000000"/>
        <price t="2005-10-18" v="6038000000"/>
        <price t="2005-10-19" v="5930000000"/>
        <price t="2005-10-20" v="5955000000"/>
        <price t="2005-10-21" v="5878000000"/>
        <price t="2005-10-24" v="6025000000"/>
        <price t="2005-10-25" v="5932000000"/>
        <price t="2005-10-26" v="5988000000"/>
        <price t="2005-10-27" v="5837000000"/>
        <price t="2005-10-28" v="5879000000"/>
        <price t="2005-10-31" v="6015000000"/>
        <price t="2005-11-01" v="6000000000"/>
        <price t="2005-11-02" v="5919000000"/>
        <price t="2005-11-03" v="5950000000"/>
        <price t="2005-11-04" v="5902000000"/>
        <price t="2005-11-07" v="5973000000"/>
        <price t="2005-11-08" v="5928000000"/>
        <price t="2005-11-09" v="6000000000"/>
        <price t="2005-11-10" v="5950000000"/>
        <price t="2005-11-11" v="6093000000"/>
        <price t="2005-11-14" v="6117000000"/>
        <price t="2005-11-15" v="6165000000"/>
        <price t="2005-11-16" v="6098000000"/>
        <price t="2005-11-17" v="6113000000"/>
        <price t="2005-11-18" v="6132000000"/>
        <price t="2005-11-21" v="6208000000"/>
        <price t="2005-11-22" v="6217000000"/>
        <price t="2005-11-23" v="6246000000"/>
        <price t="2005-11-24" v="6268000000"/>
        <price t="2005-11-25" v="6280000000"/>
        <price t="2005-11-28" v="6250000000"/>
        <price t="2005-11-29" v="6270000000"/>
        <price t="2005-11-30" v="6265000000"/>
        <price t="2005-12-01" v="6377000000"/>
        <price t="2005-12-02" v="6387000000"/>
        <price t="2005-12-05" v="6329000000"/>
        <price t="2005-12-06" v="6350000000"/>
        <price t="2005-12-07" v="6286000000"/>
        <price t="2005-12-08" v="6310000000"/>
        <price t="2005-12-09" v="6310000000"/>
        <price t="2005-12-12" v="6283000000"/>
        <price t="2005-12-13" v="6273000000"/>
        <price t="2005-12-14" v="6295000000"/>
        <price t="2005-12-15" v="6326000000"/>
        <price t="2005-12-16" v="6444000000"/>
        <price t="2005-12-19" v="6392000000"/>
        <price t="2005-12-20" v="6419000000"/>
        <price t="2005-12-21" v="6492000000"/>
        <price t="2005-12-22" v="6480000000"/>
        <price t="2005-12-23" v="6493000000"/>
        <price t="2005-12-27" v="6512000000"/>
        <price t="2005-12-28" v="6510000000"/>
        <price t="2005-12-29" v="6533000000"/>
        <price t="2005-12-30" v="6471000000"/>
        <price t="2006-01-02" v="6483000000"/>
        <price t="2006-01-03" v="6390000000"/>
        <price t="2006-01-04" v="6305000000"/>
        <price t="2006-01-05" v="6355000000"/>
        <price t="2006-01-06" v="6329000000"/>
        <price t="2006-01-09" v="6289000000"/>
        <price t="2006-01-10" v="6233000000"/>
        <price t="2006-01-11" v="6306000000"/>
        <price t="2006-01-12" v="6332000000"/>
        <price t="2006-01-13" v="6263000000"/>
        <price t="2006-01-16" v="6349000000"/>
        <price t="2006-01-17" v="6364000000"/>
        <price t="2006-01-18" v="6339000000"/>
        <price t="2006-01-19" v="6289000000"/>
        <price t="2006-01-20" v="6193000000"/>
        <price t="2006-01-23" v="6212000000"/>
        <price t="2006-01-24" v="6195000000"/>
        <price t="2006-01-25" v="6285000000"/>
        <price t="2006-01-26" v="6274000000"/>
        <price t="2006-01-27" v="6419000000"/>
        <price t="2006-01-30" v="6358000000"/>
        <price t="2006-01-31" v="6486000000"/>
        <price t="2006-02-01" v="6555000000"/>
        <price t="2006-02-02" v="6446000000"/>
        <price t="2006-02-03" v="6455000000"/>
        <price t="2006-02-06" v="6447000000"/>
        <price t="2006-02-07" v="6448000000"/>
        <price t="2006-02-08" v="6386000000"/>
        <price t="2006-02-09" v="6451000000"/>
        <price t="2006-02-10" v="6372000000"/>
        <price t="2006-02-13" v="6381000000"/>
        <price t="2006-02-14" v="6420000000"/>
        <price t="2006-02-15" v="6344000000"/>
        <price t="2006-02-16" v="6347000000"/>
        <price t="2006-02-17" v="6290000000"/>
        <price t="2006-02-20" v="6290000000"/>
        <price t="2006-02-21" v="6300000000"/>
        <price t="2006-02-22" v="6315000000"/>
        <price t="2006-02-23" v="6299000000"/>
        <price t="2006-02-24" v="6356000000"/>
        <price t="2006-02-27" v="6418000000"/>
        <price t="2006-02-28" v="6326000000"/>
        <price t="2006-03-01" v="6387000000"/>
        <price t="2006-03-02" v="6339000000"/>
        <price t="2006-03-03" v="6230000000"/>
        <price t="2006-03-06" v="6165000000"/>
        <price t="2006-03-07" v="6231000000"/>
        <price t="2006-03-08" v="6215000000"/>
        <price t="2006-03-09" v="6252000000"/>
        <price t="2006-03-10" v="6282000000"/>
        <price t="2006-03-13" v="6240000000"/>
        <price t="2006-03-14" v="6256000000"/>
        <price t="2006-03-15" v="6280000000"/>
        <price t="2006-03-16" v="6342000000"/>
        <price t="2006-03-17" v="6278000000"/>
        <price t="2006-03-20" v="6348000000"/>
        <price t="2006-03-21" v="6332000000"/>
        <price t="2006-03-22" v="6404000000"/>
        <price t="2006-03-23" v="6430000000"/>
        <price t="2006-03-24" v="6595000000"/>
        <price t="2006-03-27" v="6472000000"/>
        <price t="2006-03-28" v="6431000000"/>
        <price t="2006-03-29" v="6440000000"/>
        <price t="2006-03-30" v="6534000000"/>
        <price t="2006-03-31" v="6470000000"/>
        <price t="2006-04-03" v="6513000000"/>
        <price t="2006-04-04" v="6475000000"/>
        <price t="2006-04-05" v="6430000000"/>
        <price t="2006-04-06" v="6448000000"/>
        <price t="2006-04-07" v="6363000000"/>
        <price t="2006-04-10" v="6409000000"/>
        <price t="2006-04-11" v="6360000000"/>
        <price t="2006-04-12" v="6344000000"/>
        <price t="2006-04-13" v="6415000000"/>
        <price t="2006-04-18" v="6429000000"/>
        <price t="2006-04-19" v="6537000000"/>
        <price t="2006-04-20" v="6755000000"/>
        <price t="2006-04-21" v="6949000000"/>
        <price t="2006-04-24" v="6947000000"/>
        <price t="2006-04-25" v="6856000000"/>
        <price t="2006-04-26" v="6905000000"/>
        <price t="2006-04-27" v="6826000000"/>
        <price t="2006-04-28" v="6796000000"/>
        <price t="2006-05-02" v="6875000000"/>
        <price t="2006-05-03" v="6741000000"/>
        <price t="2006-05-04" v="6901000000"/>
        <price t="2006-05-05" v="6874000000"/>
        <price t="2006-05-08" v="6800000000"/>
        <price t="2006-05-09" v="6884000000"/>
        <price t="2006-05-10" v="6778000000"/>
        <price t="2006-05-11" v="6795000000"/>
        <price t="2006-05-12" v="6625000000"/>
        <price t="2006-05-15" v="6561000000"/>
        <price t="2006-05-16" v="6543000000"/>
        <price t="2006-05-17" v="6337000000"/>
        <price t="2006-05-18" v="6355000000"/>
        <price t="2006-05-19" v="6379000000"/>
        <price t="2006-05-22" v="6222000000"/>
        <price t="2006-05-23" v="6368000000"/>
        <price t="2006-05-24" v="6296000000"/>
        <price t="2006-05-25" v="6450000000"/>
        <price t="2006-05-26" v="6499000000"/>
        <price t="2006-05-29" v="6455000000"/>
        <price t="2006-05-30" v="6301000000"/>
        <price t="2006-05-31" v="6350000000"/>
        <price t="2006-06-01" v="6322000000"/>
        <price t="2006-06-02" v="6315000000"/>
        <price t="2006-06-05" v="6269000000"/>
        <price t="2006-06-06" v="6216000000"/>
        <price t="2006-06-07" v="6261000000"/>
        <price t="2006-06-08" v="6086000000"/>
        <price t="2006-06-09" v="6111000000"/>
        <price t="2006-06-12" v="5992000000"/>
        <price t="2006-06-13" v="5897000000"/>
        <price t="2006-06-14" v="5916000000"/>
        <price t="2006-06-15" v="6004000000"/>
        <price t="2006-06-16" v="5971000000"/>
        <price t="2006-06-19" v="5946000000"/>
        <price t="2006-06-20" v="6010000000"/>
        <price t="2006-06-21" v="6046000000"/>
        <price t="2006-06-22" v="6072000000"/>
        <price t="2006-06-23" v="6091000000"/>
        <price t="2006-06-26" v="6076000000"/>
        <price t="2006-06-27" v="6012000000"/>
        <price t="2006-06-28" v="5989000000"/>
        <price t="2006-06-29" v="6168000000"/>
        <price t="2006-06-30" v="6278000000"/>
        <price t="2006-07-03" v="6336000000"/>
        <price t="2006-07-04" v="6372000000"/>
        <price t="2006-07-05" v="6233000000"/>
        <price t="2006-07-06" v="6257000000"/>
        <price t="2006-07-07" v="6255000000"/>
        <price t="2006-07-10" v="6298000000"/>
        <price t="2006-07-11" v="6234000000"/>
        <price t="2006-07-12" v="6279000000"/>
        <price t="2006-07-13" v="6188000000"/>
        <price t="2006-07-14" v="6069000000"/>
        <price t="2006-07-17" v="6077000000"/>
        <price t="2006-07-18" v="6075000000"/>
        <price t="2006-07-19" v="6186000000"/>
        <price t="2006-07-20" v="6187000000"/>
        <price t="2006-07-21" v="6127000000"/>
        <price t="2006-07-24" v="6237000000"/>
        <price t="2006-07-25" v="6235000000"/>
        <price t="2006-07-26" v="6289000000"/>
        <price t="2006-07-27" v="6307000000"/>
        <price t="2006-07-28" v="6266000000"/>
        <price t="2006-07-31" v="6301000000"/>
        <price t="2006-08-01" v="6240000000"/>
        <price t="2006-08-02" v="6238000000"/>
        <price t="2006-08-03" v="6211000000"/>
        <price t="2006-08-04" v="6255000000"/>
        <price t="2006-08-07" v="6149000000"/>
        <price t="2006-08-08" v="6150000000"/>
        <price t="2006-08-09" v="6239000000"/>
        <price t="2006-08-10" v="6151000000"/>
        <price t="2006-08-11" v="6159000000"/>
        <price t="2006-08-14" v="6190000000"/>
        <price t="2006-08-15" v="6265000000"/>
        <price t="2006-08-16" v="6280000000"/>
        <price t="2006-08-17" v="6339000000"/>
        <price t="2006-08-18" v="6347000000"/>
        <price t="2006-08-21" v="6310000000"/>
        <price t="2006-08-22" v="6313000000"/>
        <price t="2006-08-23" v="6269000000"/>
        <price t="2006-08-24" v="6334000000"/>
        <price t="2006-08-25" v="6367000000"/>
        <price t="2006-08-28" v="6412000000"/>
        <price t="2006-08-29" v="6394000000"/>
        <price t="2006-08-30" v="6478000000"/>
        <price t="2006-08-31" v="6433000000"/>
        <price t="2006-09-01" v="6465000000"/>
        <price t="2006-09-04" v="6493000000"/>
        <price t="2006-09-05" v="6464000000"/>
        <price t="2006-09-06" v="6341000000"/>
        <price t="2006-09-07" v="6288000000"/>
        <price t="2006-09-08" v="6334000000"/>
        <price t="2006-09-11" v="6308000000"/>
        <price t="2006-09-12" v="6330000000"/>
        <price t="2006-09-13" v="6329000000"/>
        <price t="2006-09-14" v="6243000000"/>
        <price t="2006-09-15" v="6247000000"/>
        <price t="2006-09-18" v="6210000000"/>
        <price t="2006-09-19" v="6136000000"/>
        <price t="2006-09-20" v="6222000000"/>
        <price t="2006-09-21" v="6304000000"/>
        <price t="2006-09-22" v="6234000000"/>
        <price t="2006-09-25" v="6236000000"/>
        <price t="2006-09-26" v="6309000000"/>
        <price t="2006-09-27" v="6334000000"/>
        <price t="2006-09-28" v="6291000000"/>
        <price t="2006-09-29" v="6315000000"/>
        <price t="2006-10-02" v="6374000000"/>
        <price t="2006-10-03" v="6362000000"/>
        <price t="2006-10-04" v="6441000000"/>
        <price t="2006-10-05" v="6476000000"/>
        <price t="2006-10-06" v="6468000000"/>
        <price t="2006-10-09" v="6514000000"/>
        <price t="2006-10-10" v="6513000000"/>
        <price t="2006-10-11" v="6533000000"/>
        <price t="2006-10-12" v="6577000000"/>
        <price t="2006-10-13" v="6568000000"/>
        <price t="2006-10-16" v="6582000000"/>
        <price t="2006-10-17" v="6512000000"/>
        <price t="2006-10-18" v="6621000000"/>
        <price t="2006-10-19" v="6636000000"/>
        <price t="2006-10-20" v="6685000000"/>
        <price t="2006-10-23" v="6744000000"/>
        <price t="2006-10-24" v="6742000000"/>
        <price t="2006-10-25" v="6753000000"/>
        <price t="2006-10-26" v="6851000000"/>
        <price t="2006-10-27" v="6892000000"/>
        <price t="2006-10-30" v="6895000000"/>
        <price t="2006-10-31" v="6906000000"/>
        <price t="2006-11-01" v="6857000000"/>
        <price t="2006-11-02" v="6785000000"/>
        <price t="2006-11-03" v="6730000000"/>
        <price t="2006-11-06" v="6798000000"/>
        <price t="2006-11-07" v="6826000000"/>
        <price t="2006-11-08" v="6871000000"/>
        <price t="2006-11-09" v="6868000000"/>
        <price t="2006-11-10" v="7000000000"/>
        <price t="2006-11-13" v="6995000000"/>
        <price t="2006-11-14" v="7048000000"/>
        <price t="2006-11-15" v="7068000000"/>
        <price t="2006-11-16" v="7039000000"/>
        <price t="2006-11-17" v="7048000000"/>
        <price t="2006-11-20" v="7000000000"/>
        <price t="2006-11-21" v="7031000000"/>
        <price t="2006-11-22" v="7020000000"/>
        <price t="2006-11-23" v="7160000000"/>
        <price t="2006-11-24" v="7071000000"/>
        <price t="2006-11-27" v="6929000000"/>
        <price t="2006-11-28" v="6965000000"/>
        <price t="2006-11-29" v="7025000000"/>
        <price t="2006-11-30" v="6955000000"/>
        <price t="2006-12-01" v="6900000000"/>
        <price t="2006-12-04" v="6950000000"/>
        <price t="2006-12-05" v="7035000000"/>
        <price t="2006-12-06" v="7047000000"/>
        <price t="2006-12-07" v="7074000000"/>
        <price t="2006-12-08" v="7101000000"/>
        <price t="2006-12-11" v="7101000000"/>
        <price t="2006-12-12" v="7132000000"/>
        <price t="2006-12-13" v="7163000000"/>
        <price t="2006-12-14" v="7163000000"/>
        <price t="2006-12-15" v="7257000000"/>
        <price t="2006-12-18" v="7256000000"/>
        <price t="2006-12-19" v="7206000000"/>
        <price t="2006-12-20" v="7346000000"/>
        <price t="2006-12-21" v="7353000000"/>
        <price t="2006-12-22" v="7294000000"/>
        <price t="2006-12-27" v="7418000000"/>
        <price t="2006-12-28" v="7424000000"/>
        <price t="2006-12-29" v="7385000000"/>
        <price t="2007-01-02" v="7482000000"/>
        <price t="2007-01-03" v="7447000000"/>
        <price t="2007-01-04" v="7366000000"/>
        <price t="2007-01-05" v="7315000000"/>
        <price t="2007-01-08" v="7295000000"/>
        <price t="2007-01-09" v="7342000000"/>
        <price t="2007-01-10" v="7201000000"/>
        <price t="2007-01-11" v="7278000000"/>
        <price t="2007-01-12" v="7356000000"/>
        <price t="2007-01-15" v="7389000000"/>
        <price t="2007-01-16" v="7390000000"/>
        <price t="2007-01-17" v="7393000000"/>
        <price t="2007-01-18" v="7318000000"/>
        <price t="2007-01-19" v="7346000000"/>
        <price t="2007-01-22" v="7265000000"/>
        <price t="2007-01-23" v="7222000000"/>
        <price t="2007-01-24" v="7282000000"/>
        <price t="2007-01-25" v="7196000000"/>
        <price t="2007-01-26" v="7195000000"/>
        <price t="2007-01-29" v="7278000000"/>
        <price t="2007-01-30" v="7304000000"/>
        <price t="2007-01-31" v="7393000000"/>
        <price t="2007-02-01" v="7568000000"/>
        <price t="2007-02-02" v="7564000000"/>
        <price t="2007-02-05" v="7550000000"/>
        <price t="2007-02-06" v="7680000000"/>
        <price t="2007-02-07" v="7674000000"/>
        <price t="2007-02-08" v="7626000000"/>
        <price t="2007-02-09" v="7700000000"/>
        <price t="2007-02-12" v="7650000000"/>
        <price t="2007-02-13" v="7681000000"/>
        <price t="2007-02-14" v="7700000000"/>
        <price t="2007-02-15" v="7671000000"/>
        <price t="2007-02-16" v="7622000000"/>
        <price t="2007-02-19" v="7599000000"/>
        <price t="2007-02-20" v="7611000000"/>
        <price t="2007-02-21" v="7585000000"/>
        <price t="2007-02-22" v="7994000000"/>
        <price t="2007-02-23" v="7917000000"/>
        <price t="2007-02-26" v="8014000000"/>
        <price t="2007-02-27" v="7787000000"/>
        <price t="2007-02-28" v="7685000000"/>
        <price t="2007-03-01" v="7666000000"/>
        <price t="2007-03-02" v="7682000000"/>
        <price t="2007-03-05" v="7607000000"/>
        <price t="2007-03-06" v="7705000000"/>
        <price t="2007-03-07" v="7800000000"/>
        <price t="2007-03-08" v="7846000000"/>
        <price t="2007-03-09" v="7871000000"/>
        <price t="2007-03-12" v="7894000000"/>
        <price t="2007-03-13" v="7754000000"/>
        <price t="2007-03-14" v="7542000000"/>
        <price t="2007-03-15" v="7704000000"/>
        <price t="2007-03-16" v="7632000000"/>
        <price t="2007-03-19" v="7736000000"/>
        <price t="2007-03-20" v="7796000000"/>
        <price t="2007-03-21" v="7803000000"/>
        <price t="2007-03-22" v="7937000000"/>
        <price t="2007-03-23" v="7900000000"/>
        <price t="2007-03-26" v="7975000000"/>
        <price t="2007-03-27" v="8147000000"/>
        <price t="2007-03-28" v="8247000000"/>
        <price t="2007-03-29" v="8375000000"/>
        <price t="2007-03-30" v="8428000000"/>
        <price t="2007-04-02" v="8417000000"/>
        <price t="2007-04-03" v="8499000000"/>
        <price t="2007-04-04" v="8584000000"/>
        <price t="2007-04-05" v="8677000000"/>
        <price t="2007-04-10" v="8777000000"/>
        <price t="2007-04-11" v="8690000000"/>
        <price t="2007-04-12" v="8644000000"/>
        <price t="2007-04-13" v="8922000000"/>
        <price t="2007-04-16" v="9090000000"/>
        <price t="2007-04-17" v="9015000000"/>
        <price t="2007-04-18" v="8932000000"/>
        <price t="2007-04-19" v="8890000000"/>
        <price t="2007-04-20" v="8961000000"/>
        <price t="2007-04-23" v="8915000000"/>
        <price t="2007-04-24" v="8877000000"/>
        <price t="2007-04-25" v="9021000000"/>
        <price t="2007-04-26" v="8847000000"/>
        <price t="2007-04-27" v="8774000000"/>
        <price t="2007-04-30" v="8743000000"/>
        <price t="2007-05-02" v="8715000000"/>
        <price t="2007-05-03" v="8767000000"/>
        <price t="2007-05-04" v="8822000000"/>
        <price t="2007-05-07" v="8846000000"/>
        <price t="2007-05-08" v="8772000000"/>
        <price t="2007-05-09" v="8793000000"/>
        <price t="2007-05-10" v="8746000000"/>
        <price t="2007-05-11" v="8768000000"/>
        <price t="2007-05-14" v="8777000000"/>
        <price t="2007-05-15" v="8835000000"/>
        <price t="2007-05-16" v="8844000000"/>
        <price t="2007-05-17" v="8841000000"/>
        <price t="2007-05-18" v="9008000000"/>
        <price t="2007-05-21" v="9132000000"/>
        <price t="2007-05-22" v="9136000000"/>
        <price t="2007-05-23" v="9065000000"/>
        <price t="2007-05-24" v="9057000000"/>
        <price t="2007-05-25" v="9089000000"/>
        <price t="2007-05-29" v="9050000000"/>
        <price t="2007-05-30" v="8999000000"/>
        <price t="2007-05-31" v="9204000000"/>
        <price t="2007-06-01" v="9245000000"/>
        <price t="2007-06-04" v="9223000000"/>
        <price t="2007-06-05" v="9226000000"/>
        <price t="2007-06-06" v="8844000000"/>
        <price t="2007-06-07" v="8685000000"/>
        <price t="2007-06-08" v="8662000000"/>
        <price t="2007-06-11" v="8812000000"/>
        <price t="2007-06-12" v="8823000000"/>
        <price t="2007-06-13" v="8772000000"/>
        <price t="2007-06-14" v="8927000000"/>
        <price t="2007-06-15" v="9204000000"/>
        <price t="2007-06-18" v="9403000000"/>
        <price t="2007-06-19" v="9478000000"/>
        <price t="2007-06-20" v="9677000000"/>
        <price t="2007-06-21" v="9461000000"/>
        <price t="2007-06-22" v="9466000000"/>
        <price t="2007-06-25" v="9373000000"/>
        <price t="2007-06-26" v="9282000000"/>
        <price t="2007-06-27" v="9267000000"/>
        <price t="2007-06-28" v="9480000000"/>
        <price t="2007-06-29" v="9724000000"/>
        <price t="2007-07-02" v="9609000000"/>
        <price t="2007-07-03" v="9752000000"/>
        <price t="2007-07-04" v="9734000000"/>
        <price t="2007-07-05" v="9660000000"/>
        <price t="2007-07-06" v="9864000000"/>
        <price t="2007-07-09" v="9916000000"/>
        <price t="2007-07-10" v="9690000000"/>
        <price t="2007-07-11" v="9584000000"/>
        <price t="2007-07-12" v="9711000000"/>
        <price t="2007-07-13" v="9893000000"/>
        <price t="2007-07-16" v="9922000000"/>
        <price t="2007-07-17" v="9945000000"/>
        <price t="2007-07-18" v="9772000000"/>
        <price t="2007-07-19" v="9860000000"/>
        <price t="2007-07-20" v="9753000000"/>
        <price t="2007-07-23" v="9788000000"/>
        <price t="2007-07-24" v="9610000000"/>
        <price t="2007-07-25" v="9502000000"/>
        <price t="2007-07-26" v="9400000000"/>
        <price t="2007-07-27" v="9173000000"/>
        <price t="2007-07-30" v="9382000000"/>
        <price t="2007-07-31" v="9530000000"/>
        <price t="2007-08-01" v="9315000000"/>
        <price t="2007-08-02" v="9390000000"/>
        <price t="2007-08-03" v="9185000000"/>
        <price t="2007-08-06" v="9367000000"/>
        <price t="2007-08-07" v="9416000000"/>
        <price t="2007-08-08" v="9443000000"/>
        <price t="2007-08-09" v="9163000000"/>
        <price t="2007-08-10" v="9150000000"/>
        <price t="2007-08-13" v="9350000000"/>
        <price t="2007-08-14" v="9187000000"/>
        <price t="2007-08-15" v="9206000000"/>
        <price t="2007-08-16" v="9008000000"/>
        <price t="2007-08-17" v="9008000000"/>
        <price t="2007-08-20" v="9063000000"/>
        <price t="2007-08-21" v="9217000000"/>
        <price t="2007-08-22" v="9234000000"/>
        <price t="2007-08-23" v="9302000000"/>
        <price t="2007-08-24" v="9270000000"/>
        <price t="2007-08-27" v="9314000000"/>
        <price t="2007-08-28" v="9285000000"/>
        <price t="2007-08-29" v="9408000000"/>
        <price t="2007-08-30" v="9551000000"/>
        <price t="2007-08-31" v="9713000000"/>
        <price t="2007-09-03" v="9659000000"/>
        <price t="2007-09-04" v="9761000000"/>
        <price t="2007-09-05" v="9530000000"/>
        <price t="2007-09-06" v="9525000000"/>
        <price t="2007-09-07" v="9350000000"/>
        <price t="2007-09-10" v="9201000000"/>
        <price t="2007-09-11" v="9275000000"/>
        <price t="2007-09-12" v="9235000000"/>
        <price t="2007-09-13" v="9334000000"/>
        <price t="2007-09-14" v="9301000000"/>
        <price t="2007-09-17" v="9349000000"/>
        <price t="2007-09-18" v="9484000000"/>
        <price t="2007-09-19" v="9639000000"/>
        <price t="2007-09-20" v="9619000000"/>
        <price t="2007-09-21" v="9604000000"/>
        <price t="2007-09-24" v="9722000000"/>
        <price t="2007-09-25" v="9768000000"/>
        <price t="2007-09-26" v="9665000000"/>
        <price t="2007-09-27" v="9712000000"/>
        <price t="2007-09-28" v="9700000000"/>
        <price t="2007-10-01" v="9715000000"/>
        <price t="2007-10-02" v="9563000000"/>
        <price t="2007-10-03" v="9550000000"/>
        <price t="2007-10-04" v="9512000000"/>
        <price t="2007-10-05" v="9597000000"/>
        <price t="2007-10-08" v="9708000000"/>
        <price t="2007-10-09" v="9608000000"/>
        <price t="2007-10-10" v="9526000000"/>
        <price t="2007-10-11" v="9516000000"/>
        <price t="2007-10-12" v="9561000000"/>
        <price t="2007-10-15" v="9501000000"/>
        <price t="2007-10-16" v="9510000000"/>
        <price t="2007-10-17" v="9598000000"/>
        <price t="2007-10-18" v="9563000000"/>
        <price t="2007-10-19" v="9657000000"/>
        <price t="2007-10-22" v="9543000000"/>
        <price t="2007-10-23" v="9664000000"/>
        <price t="2007-10-24" v="9580000000"/>
        <price t="2007-10-25" v="9755000000"/>
        <price t="2007-10-26" v="9785000000"/>
        <price t="2007-10-29" v="9834000000"/>
        <price t="2007-10-30" v="9591000000"/>
        <price t="2007-10-31" v="9550000000"/>
        <price t="2007-11-01" v="9310000000"/>
        <price t="2007-11-02" v="9289000000"/>
        <price t="2007-11-05" v="9285000000"/>
        <price t="2007-11-06" v="9370000000"/>
        <price t="2007-11-07" v="9409000000"/>
        <price t="2007-11-08" v="9322000000"/>
        <price t="2007-11-09" v="9280000000"/>
        <price t="2007-11-12" v="9147000000"/>
        <price t="2007-11-13" v="9228000000"/>
        <price t="2007-11-14" v="9297000000"/>
        <price t="2007-11-15" v="9106000000"/>
        <price t="2007-11-16" v="9016000000"/>
        <price t="2007-11-19" v="8744000000"/>
        <price t="2007-11-20" v="9071000000"/>
        <price t="2007-11-21" v="9141000000"/>
        <price t="2007-11-22" v="9262000000"/>
        <price t="2007-11-23" v="9261000000"/>
        <price t="2007-11-26" v="9185000000"/>
        <price t="2007-11-27" v="9060000000"/>
        <price t="2007-11-28" v="9341000000"/>
        <price t="2007-11-29" v="9416000000"/>
        <price t="2007-11-30" v="9476000000"/>
        <price t="2007-12-03" v="9456000000"/>
        <price t="2007-12-04" v="9440000000"/>
        <price t="2007-12-05" v="9635000000"/>
        <price t="2007-12-06" v="9688000000"/>
        <price t="2007-12-07" v="9720000000"/>
        <price t="2007-12-10" v="9649000000"/>
        <price t="2007-12-11" v="9674000000"/>
        <price t="2007-12-12" v="9812000000"/>
        <price t="2007-12-13" v="9850000000"/>
        <price t="2007-12-14" v="9823000000"/>
        <price t="2007-12-17" v="9717000000"/>
        <price t="2007-12-18" v="9738000000"/>
        <price t="2007-12-19" v="9786000000"/>
        <price t="2007-12-20" v="9867000000"/>
        <price t="2007-12-21" v="10108000000"/>
        <price t="2007-12-27" v="10161000000"/>
        <price t="2007-12-28" v="10141000000"/>
        <price t="2008-01-02" v="10094000000"/>
        <price t="2008-01-03" v="10160000000"/>
        <price t="2008-01-04" v="10217000000"/>
        <price t="2008-01-07" v="10420000000"/>
        <price t="2008-01-08" v="10397000000"/>
        <price t="2008-01-09" v="10482000000"/>
        <price t="2008-01-10" v="9978000000"/>
        <price t="2008-01-11" v="9984000000"/>
        <price t="2008-01-14" v="9947000000"/>
        <price t="2008-01-15" v="9884000000"/>
        <price t="2008-01-16" v="9555000000"/>
        <price t="2008-01-17" v="9487000000"/>
        <price t="2008-01-18" v="9191000000"/>
        <price t="2008-01-21" v="8500000000"/>
        <price t="2008-01-22" v="8550000000"/>
        <price t="2008-01-23" v="8077000000"/>
        <price t="2008-01-24" v="8446000000"/>
        <price t="2008-01-25" v="8406000000"/>
        <price t="2008-01-28" v="8316000000"/>
        <price t="2008-01-29" v="8599000000"/>
        <price t="2008-01-30" v="8556000000"/>
        <price t="2008-01-31" v="8721000000"/>
        <price t="2008-02-01" v="8793000000"/>
        <price t="2008-02-04" v="8755000000"/>
        <price t="2008-02-05" v="8506000000"/>
        <price t="2008-02-06" v="8582000000"/>
        <price t="2008-02-07" v="8415000000"/>
        <price t="2008-02-08" v="8395000000"/>
        <price t="2008-02-11" v="8405000000"/>
        <price t="2008-02-12" v="8647000000"/>
        <price t="2008-02-13" v="8674000000"/>
        <price t="2008-02-14" v="8723000000"/>
        <price t="2008-02-15" v="8554000000"/>
        <price t="2008-02-18" v="8700000000"/>
        <price t="2008-02-19" v="8826000000"/>
        <price t="2008-02-20" v="8687000000"/>
        <price t="2008-02-21" v="8533000000"/>
        <price t="2008-02-22" v="8430000000"/>
        <price t="2008-02-25" v="8502000000"/>
        <price t="2008-02-26" v="8655000000"/>
        <price t="2008-02-27" v="8650000000"/>
        <price t="2008-02-28" v="8520000000"/>
        <price t="2008-02-29" v="8398000000"/>
        <price t="2008-03-03" v="8363000000"/>
        <price t="2008-03-04" v="8207000000"/>
        <price t="2008-03-05" v="8456000000"/>
        <price t="2008-03-06" v="8435000000"/>
        <price t="2008-03-07" v="8328000000"/>
        <price t="2008-03-10" v="8258000000"/>
        <price t="2008-03-11" v="8438000000"/>
        <price t="2008-03-12" v="8448000000"/>
        <price t="2008-03-13" v="8401000000"/>
        <price t="2008-03-14" v="8362000000"/>
        <price t="2008-03-17" v="8314000000"/>
        <price t="2008-03-18" v="8568000000"/>
        <price t="2008-03-19" v="8516000000"/>
        <price t="2008-03-20" v="8373000000"/>
        <price t="2008-03-25" v="8557000000"/>
        <price t="2008-03-26" v="8403000000"/>
        <price t="2008-03-27" v="8593000000"/>
        <price t="2008-03-28" v="8489000000"/>
        <price t="2008-03-31" v="8531000000"/>
        <price t="2008-04-01" v="8715000000"/>
        <price t="2008-04-02" v="8858000000"/>
        <price t="2008-04-03" v="8915000000"/>
        <price t="2008-04-04" v="8886000000"/>
        <price t="2008-04-07" v="8924000000"/>
        <price t="2008-04-08" v="8931000000"/>
        <price t="2008-04-09" v="8903000000"/>
        <price t="2008-04-10" v="8975000000"/>
        <price t="2008-04-11" v="8903000000"/>
        <price t="2008-04-14" v="8842000000"/>
        <price t="2008-04-15" v="8999000000"/>
        <price t="2008-04-16" v="9150000000"/>
        <price t="2008-04-17" v="9165000000"/>
        <price t="2008-04-18" v="9345000000"/>
        <price t="2008-04-21" v="9302000000"/>
        <price t="2008-04-22" v="9149000000"/>
        <price t="2008-04-23" v="9290000000"/>
        <price t="2008-04-24" v="9383000000"/>
        <price t="2008-04-25" v="9005000000"/>
        <price t="2008-04-28" v="9041000000"/>
        <price t="2008-04-29" v="9073000000"/>
        <price t="2008-04-30" v="9165000000"/>
        <price t="2008-05-02" v="9086000000"/>
        <price t="2008-05-05" v="9160000000"/>
        <price t="2008-05-06" v="9117000000"/>
        <price t="2008-05-07" v="9078000000"/>
        <price t="2008-05-08" v="9045000000"/>
        <price t="2008-05-09" v="8909000000"/>
        <price t="2008-05-12" v="8978000000"/>
        <price t="2008-05-13" v="9129000000"/>
        <price t="2008-05-14" v="9124000000"/>
        <price t="2008-05-15" v="9164000000"/>
        <price t="2008-05-16" v="9283000000"/>
        <price t="2008-05-19" v="9336000000"/>
        <price t="2008-05-20" v="9307000000"/>
        <price t="2008-05-21" v="9416000000"/>
        <price t="2008-05-22" v="9437000000"/>
        <price t="2008-05-23" v="9335000000"/>
        <price t="2008-05-26" v="9407000000"/>
        <price t="2008-05-27" v="9380000000"/>
        <price t="2008-05-28" v="9518000000"/>
        <price t="2008-05-29" v="9537000000"/>
        <price t="2008-05-30" v="9637000000"/>
        <price t="2008-06-02" v="9521000000"/>
        <price t="2008-06-03" v="9670000000"/>
        <price t="2008-06-04" v="9669000000"/>
        <price t="2008-06-05" v="9625000000"/>
        <price t="2008-06-06" v="9445000000"/>
        <price t="2008-06-09" v="9612000000"/>
        <price t="2008-06-10" v="9399000000"/>
        <price t="2008-06-11" v="9295000000"/>
        <price t="2008-06-12" v="9421000000"/>
        <price t="2008-06-13" v="9486000000"/>
        <price t="2008-06-16" v="9347000000"/>
        <price t="2008-06-17" v="9439000000"/>
        <price t="2008-06-18" v="9265000000"/>
        <price t="2008-06-19" v="9238000000"/>
        <price t="2008-06-20" v="8981000000"/>
        <price t="2008-06-23" v="9060000000"/>
        <price t="2008-06-24" v="9007000000"/>
        <price t="2008-06-25" v="8968000000"/>
        <price t="2008-06-26" v="8858000000"/>
        <price t="2008-06-27" v="4412000000"/>
        <price t="2008-06-30" v="4382000000"/>
        <price t="2008-07-01" v="4332000000"/>
        <price t="2008-07-02" v="4277000000"/>
        <price t="2008-07-03" v="4261000000"/>
        <price t="2008-07-04" v="4220000000"/>
        <price t="2008-07-07" v="4273000000"/>
        <price t="2008-07-08" v="4191000000"/>
        <price t="2008-07-09" v="4149000000"/>
        <price t="2008-07-10" v="4123000000"/>
        <price t="2008-07-11" v="4056000000"/>
        <price t="2008-07-14" v="4069000000"/>
        <price t="2008-07-15" v="4043000000"/>
        <price t="2008-07-16" v="4050000000"/>
        <price t="2008-07-17" v="4093000000"/>
        <price t="2008-07-18" v="4125000000"/>
        <price t="2008-07-21" v="4144000000"/>
        <price t="2008-07-22" v="4217000000"/>
        <price t="2008-07-23" v="4213000000"/>
        <price t="2008-07-24" v="4135000000"/>
        <price t="2008-07-25" v="4196000000"/>
        <price t="2008-07-28" v="4126000000"/>
        <price t="2008-07-29" v="4142000000"/>
        <price t="2008-07-30" v="4115000000"/>
        <price t="2008-07-31" v="4069000000"/>
        <price t="2008-08-01" v="4016000000"/>
        <price t="2008-08-04" v="3969000000"/>
        <price t="2008-08-05" v="3993000000"/>
        <price t="2008-08-06" v="3997000000"/>
        <price t="2008-08-07" v="3991000000"/>
        <price t="2008-08-08" v="3974000000"/>
        <price t="2008-08-11" v="4008000000"/>
        <price t="2008-08-12" v="4034000000"/>
        <price t="2008-08-13" v="3995000000"/>
        <price t="2008-08-14" v="3992000000"/>
        <price t="2008-08-15" v="3988000000"/>
        <price t="2008-08-18" v="3999000000"/>
        <price t="2008-08-19" v="3985000000"/>
        <price t="2008-08-20" v="3972000000"/>
        <price t="2008-08-21" v="3928000000"/>
        <price t="2008-08-22" v="3950000000"/>
        <price t="2008-08-25" v="3927000000"/>
        <price t="2008-08-26" v="3961000000"/>
        <price t="2008-08-27" v="3935000000"/>
        <price t="2008-08-28" v="3925000000"/>
        <price t="2008-08-29" v="3938000000"/>
        <price t="2008-09-01" v="3942000000"/>
        <price t="2008-09-02" v="3990000000"/>
        <price t="2008-09-03" v="3971000000"/>
        <price t="2008-09-04" v="3903000000"/>
        <price t="2008-09-05" v="3817000000"/>
        <price t="2008-09-08" v="3841000000"/>
        <price t="2008-09-09" v="3775000000"/>
        <price t="2008-09-10" v="3744000000"/>
        <price t="2008-09-11" v="3741000000"/>
        <price t="2008-09-12" v="3781000000"/>
        <price t="2008-09-15" v="3610000000"/>
        <price t="2008-09-16" v="3516000000"/>
        <price t="2008-09-17" v="3383000000"/>
        <price t="2008-09-18" v="3281000000"/>
        <price t="2008-09-19" v="3432000000"/>
        <price t="2008-09-22" v="3420000000"/>
        <price t="2008-09-23" v="3440000000"/>
        <price t="2008-09-24" v="3457000000"/>
        <price t="2008-09-25" v="3529000000"/>
        <price t="2008-09-26" v="3497000000"/>
        <price t="2008-09-29" v="3364000000"/>
        <price t="2008-09-30" v="3383000000"/>
        <price t="2008-10-01" v="3369000000"/>
        <price t="2008-10-02" v="3250000000"/>
        <price t="2008-10-03" v="3326000000"/>
        <price t="2008-10-06" v="3170000000"/>
        <price t="2008-10-07" v="3124000000"/>
        <price t="2008-10-08" v="2832000000"/>
        <price t="2008-10-09" v="2825900000"/>
        <price t="2008-10-10" v="2555000000"/>
        <price t="2008-10-13" v="2845000000"/>
        <price t="2008-10-14" v="2910000000"/>
        <price t="2008-10-15" v="2622000000"/>
        <price t="2008-10-16" v="2396000000"/>
        <price t="2008-10-17" v="2444000000"/>
        <price t="2008-10-20" v="2489900000"/>
        <price t="2008-10-21" v="2500000000"/>
        <price t="2008-10-22" v="2366000000"/>
        <price t="2008-10-23" v="2346900000"/>
        <price t="2008-10-24" v="2224000000"/>
        <price t="2008-10-27" v="2018000000"/>
        <price t="2008-10-28" v="2063000000"/>
        <price t="2008-10-29" v="2461000000"/>
        <price t="2008-10-30" v="2380000000"/>
        <price t="2008-10-31" v="2632000000"/>
        <price t="2008-11-03" v="2754000000"/>
        <price t="2008-11-04" v="2931900000"/>
        <price t="2008-11-05" v="2795000000"/>
        <price t="2008-11-06" v="2541000000"/>
        <price t="2008-11-07" v="2608000000"/>
        <price t="2008-11-10" v="2749000000"/>
        <price t="2008-11-11" v="2605000000"/>
        <price t="2008-11-12" v="2540000000"/>
        <price t="2008-11-13" v="2574000000"/>
        <price t="2008-11-14" v="2588000000"/>
        <price t="2008-11-17" v="2555000000"/>
        <price t="2008-11-18" v="2543000000"/>
        <price t="2008-11-19" v="2196000000"/>
        <price t="2008-11-20" v="2240000000"/>
        <price t="2008-11-21" v="2180000000"/>
        <price t="2008-11-24" v="2441000000"/>
        <price t="2008-11-25" v="2490000000"/>
        <price t="2008-11-26" v="2460000000"/>
        <price t="2008-11-27" v="2518000000"/>
        <price t="2008-11-28" v="2510000000"/>
        <price t="2008-12-01" v="2307000000"/>
        <price t="2008-12-02" v="2399000000"/>
        <price t="2008-12-03" v="2322000000"/>
        <price t="2008-12-04" v="2362000000"/>
        <price t="2008-12-05" v="2261000000"/>
        <price t="2008-12-08" v="2487000000"/>
        <price t="2008-12-09" v="2544000000"/>
        <price t="2008-12-10" v="2630000000"/>
        <price t="2008-12-11" v="2566000000"/>
        <price t="2008-12-12" v="2510000000"/>
        <price t="2008-12-15" v="2543000000"/>
        <price t="2008-12-16" v="2630000000"/>
        <price t="2008-12-17" v="2642000000"/>
        <price t="2008-12-18" v="2669000000"/>
        <price t="2008-12-19" v="2643000000"/>
        <price t="2008-12-22" v="2631000000"/>
        <price t="2008-12-23" v="2606000000"/>
        <price t="2008-12-29" v="2672000000"/>
        <price t="2008-12-30" v="2773000000"/>
        <price t="2009-01-02" v="2790000000"/>
        <price t="2009-01-05" v="2759000000"/>
        <price t="2009-01-06" v="2749000000"/>
        <price t="2009-01-07" v="2649000000"/>
        <price t="2009-01-08" v="2665000000"/>
        <price t="2009-01-09" v="2576000000"/>
        <price t="2009-01-12" v="2561000000"/>
        <price t="2009-01-13" v="2539000000"/>
        <price t="2009-01-14" v="2406000000"/>
        <price t="2009-01-15" v="2311000000"/>
        <price t="2009-01-16" v="2376000000"/>
        <price t="2009-01-19" v="2268000000"/>
        <price t="2009-01-20" v="2276000000"/>
        <price t="2009-01-21" v="2301000000"/>
        <price t="2009-01-22" v="2291000000"/>
        <price t="2009-01-23" v="2186000000"/>
        <price t="2009-01-26" v="2233000000"/>
        <price t="2009-01-27" v="2220000000"/>
        <price t="2009-01-28" v="2278000000"/>
        <price t="2009-01-29" v="2363000000"/>
        <price t="2009-01-30" v="2272000000"/>
        <price t="2009-02-02" v="2225000000"/>
        <price t="2009-02-03" v="2253000000"/>
        <price t="2009-02-04" v="2425000000"/>
        <price t="2009-02-05" v="2409000000"/>
        <price t="2009-02-06" v="2610000000"/>
        <price t="2009-02-09" v="2629000000"/>
        <price t="2009-02-10" v="2527000000"/>
        <price t="2009-02-11" v="2496000000"/>
        <price t="2009-02-12" v="2405000000"/>
        <price t="2009-02-13" v="2458000000"/>
        <price t="2009-02-16" v="2447000000"/>
        <price t="2009-02-17" v="2323000000"/>
        <price t="2009-02-18" v="2318000000"/>
        <price t="2009-02-19" v="2293000000"/>
        <price t="2009-02-20" v="2174000000"/>
        <price t="2009-02-23" v="2148000000"/>
        <price t="2009-02-24" v="2177000000"/>
        <price t="2009-02-25" v="2101800000"/>
        <price t="2009-02-26" v="2262000000"/>
        <price t="2009-02-27" v="2190000000"/>
        <price t="2009-03-02" v="2099000000"/>
        <price t="2009-03-03" v="2071000000"/>
        <price t="2009-03-04" v="2234000000"/>
        <price t="2009-03-05" v="2080000000"/>
        <price t="2009-03-06" v="2074000000"/>
        <price t="2009-03-09" v="2082000000"/>
        <price t="2009-03-10" v="2289000000"/>
        <price t="2009-03-11" v="2366000000"/>
        <price t="2009-03-12" v="2428000000"/>
        <price t="2009-03-13" v="2426000000"/>
        <price t="2009-03-16" v="2431000000"/>
        <price t="2009-03-17" v="2396000000"/>
        <price t="2009-03-18" v="2355000000"/>
        <price t="2009-03-19" v="2365000000"/>
        <price t="2009-03-20" v="2395000000"/>
        <price t="2009-03-23" v="2456000000"/>
        <price t="2009-03-24" v="2479000000"/>
        <price t="2009-03-25" v="2433000000"/>
        <price t="2009-03-26" v="2426000000"/>
        <price t="2009-03-27" v="2379000000"/>
        <price t="2009-03-30" v="2224000000"/>
        <price t="2009-03-31" v="2279000000"/>
        <price t="2009-04-01" v="2308000000"/>
        <price t="2009-04-02" v="2483000000"/>
        <price t="2009-04-03" v="2596000000"/>
        <price t="2009-04-06" v="2569000000"/>
        <price t="2009-04-07" v="2521000000"/>
        <price t="2009-04-08" v="2524000000"/>
        <price t="2009-04-09" v="2689000000"/>
        <price t="2009-04-14" v="2772000000"/>
        <price t="2009-04-15" v="2723000000"/>
        <price t="2009-04-16" v="2707000000"/>
        <price t="2009-04-17" v="2714000000"/>
        <price t="2009-04-20" v="2606000000"/>
        <price t="2009-04-21" v="2586000000"/>
        <price t="2009-04-22" v="2650000000"/>
        <price t="2009-04-23" v="2579000000"/>
        <price t="2009-04-24" v="2713000000"/>
        <price t="2009-04-27" v="2731000000"/>
        <price t="2009-04-28" v="2682000000"/>
        <price t="2009-04-29" v="2661000000"/>
        <price t="2009-04-30" v="2857000000"/>
        <price t="2009-05-04" v="2905000000"/>
        <price t="2009-05-05" v="2900000000"/>
        <price t="2009-05-06" v="2922000000"/>
        <price t="2009-05-07" v="2883000000"/>
        <price t="2009-05-08" v="2952000000"/>
        <price t="2009-05-11" v="2920000000"/>
        <price t="2009-05-12" v="2941000000"/>
        <price t="2009-05-13" v="2813000000"/>
        <price t="2009-05-14" v="2740000000"/>
        <price t="2009-05-15" v="2790000000"/>
        <price t="2009-05-18" v="2873000000"/>
        <price t="2009-05-19" v="2910000000"/>
        <price t="2009-05-20" v="3069000000"/>
        <price t="2009-05-21" v="2969000000"/>
        <price t="2009-05-22" v="2993000000"/>
        <price t="2009-05-25" v="2997000000"/>
        <price t="2009-05-26" v="3048000000"/>
        <price t="2009-05-27" v="3043000000"/>
        <price t="2009-05-28" v="2994000000"/>
        <price t="2009-05-29" v="2975000000"/>
        <price t="2009-06-01" v="3189000000"/>
        <price t="2009-06-02" v="3190000000"/>
        <price t="2009-06-03" v="3178000000"/>
        <price t="2009-06-04" v="3130000000"/>
        <price t="2009-06-05" v="3134000000"/>
        <price t="2009-06-08" v="3090000000"/>
        <price t="2009-06-09" v="3079000000"/>
        <price t="2009-06-10" v="3104000000"/>
        <price t="2009-06-11" v="3145000000"/>
        <price t="2009-06-12" v="3159000000"/>
        <price t="2009-06-15" v="3082000000"/>
        <price t="2009-06-16" v="3044000000"/>
        <price t="2009-06-17" v="2928000000"/>
        <price t="2009-06-18" v="2898000000"/>
        <price t="2009-06-19" v="2903000000"/>
        <price t="2009-06-22" v="2808000000"/>
        <price t="2009-06-23" v="2800000000"/>
        <price t="2009-06-24" v="2888000000"/>
        <price t="2009-06-25" v="2817000000"/>
        <price t="2009-06-26" v="2802000000"/>
        <price t="2009-06-29" v="2912000000"/>
        <price t="2009-06-30" v="2833000000"/>
        <price t="2009-07-01" v="2911000000"/>
        <price t="2009-07-02" v="2761000000"/>
        <price t="2009-07-03" v="2766000000"/>
        <price t="2009-07-06" v="2760000000"/>
        <price t="2009-07-07" v="2755000000"/>
        <price t="2009-07-08" v="2750000000"/>
        <price t="2009-07-09" v="2775000000"/>
        <price t="2009-07-10" v="2766000000"/>
        <price t="2009-07-13" v="2904000000"/>
        <price t="2009-07-14" v="2969000000"/>
        <price t="2009-07-15" v="3106000000"/>
        <price t="2009-07-16" v="3150000000"/>
        <price t="2009-07-17" v="3171000000"/>
        <price t="2009-07-20" v="3199000000"/>
        <price t="2009-07-21" v="3273000000"/>
        <price t="2009-07-22" v="3325000000"/>
        <price t="2009-07-23" v="3440000000"/>
        <price t="2009-07-24" v="3429000000"/>
        <price t="2009-07-27" v="3396000000"/>
        <price t="2009-07-28" v="3383000000"/>
        <price t="2009-07-29" v="3481000000"/>
        <price t="2009-07-30" v="3420000000"/>
        <price t="2009-07-31" v="3516000000"/>
        <price t="2009-08-03" v="3615000000"/>
        <price t="2009-08-04" v="3568000000"/>
        <price t="2009-08-05" v="3563000000"/>
        <price t="2009-08-06" v="3509000000"/>
        <price t="2009-08-07" v="3525000000"/>
        <price t="2009-08-10" v="3527000000"/>
        <price t="2009-08-11" v="3457000000"/>
        <price t="2009-08-12" v="3457000000"/>
        <price t="2009-08-13" v="3601000000"/>
        <price t="2009-08-14" v="3477000000"/>
        <price t="2009-08-17" v="3396000000"/>
        <price t="2009-08-18" v="3446000000"/>
        <price t="2009-08-19" v="3449000000"/>
        <price t="2009-08-20" v="3541000000"/>
        <price t="2009-08-21" v="3620000000"/>
        <price t="2009-08-24" v="3678000000"/>
        <price t="2009-08-25" v="3813000000"/>
        <price t="2009-08-26" v="3686000000"/>
        <price t="2009-08-27" v="3631000000"/>
        <price t="2009-08-28" v="3696000000"/>
        <price t="2009-08-31" v="3639000000"/>
        <price t="2009-09-01" v="3613000000"/>
        <price t="2009-09-02" v="3590000000"/>
        <price t="2009-09-03" v="3458000000"/>
        <price t="2009-09-04" v="3496000000"/>
        <price t="2009-09-07" v="3597000000"/>
        <price t="2009-09-08" v="3647000000"/>
        <price t="2009-09-09" v="3649000000"/>
        <price t="2009-09-10" v="3591000000"/>
        <price t="2009-09-11" v="3618000000"/>
        <price t="2009-09-14" v="3581000000"/>
        <price t="2009-09-15" v="3594000000"/>
        <price t="2009-09-16" v="3657000000"/>
        <price t="2009-09-17" v="3655000000"/>
        <price t="2009-09-18" v="3698000000"/>
        <price t="2009-09-21" v="3641000000"/>
        <price t="2009-09-22" v="3680000000"/>
        <price t="2009-09-23" v="3645000000"/>
        <price t="2009-09-24" v="3575000000"/>
        <price t="2009-09-25" v="3526000000"/>
        <price t="2009-09-28" v="3635000000"/>
        <price t="2009-09-29" v="3607000000"/>
        <price t="2009-09-30" v="3621000000"/>
        <price t="2009-10-01" v="3473000000"/>
        <price t="2009-10-02" v="3415000000"/>
        <price t="2009-10-05" v="3469000000"/>
        <price t="2009-10-06" v="3612000000"/>
        <price t="2009-10-07" v="3624000000"/>
        <price t="2009-10-08" v="3747000000"/>
        <price t="2009-10-09" v="3749000000"/>
        <price t="2009-10-12" v="3835000000"/>
        <price t="2009-10-13" v="3782000000"/>
        <price t="2009-10-14" v="4061000000"/>
        <price t="2009-10-15" v="4011000000"/>
        <price t="2009-10-16" v="3940000000"/>
        <price t="2009-10-19" v="4082000000"/>
        <price t="2009-10-20" v="4002000000"/>
        <price t="2009-10-21" v="4040000000"/>
        <price t="2009-10-22" v="3950000000"/>
        <price t="2009-10-23" v="3916000000"/>
        <price t="2009-10-26" v="3829000000"/>
        <price t="2009-10-27" v="3824000000"/>
        <price t="2009-10-28" v="3700000000"/>
        <price t="2009-10-29" v="3742000000"/>
        <price t="2009-10-30" v="3650000000"/>
        <price t="2009-11-02" v="3644000000"/>
        <price t="2009-11-03" v="3624000000"/>
        <price t="2009-11-04" v="3696000000"/>
        <price t="2009-11-05" v="3787000000"/>
        <price t="2009-11-06" v="3755000000"/>
        <price t="2009-11-09" v="3850000000"/>
        <price t="2009-11-10" v="3872000000"/>
        <price t="2009-11-11" v="3936000000"/>
        <price t="2009-11-12" v="3947000000"/>
        <price t="2009-11-13" v="3976000000"/>
        <price t="2009-11-16" v="4102000000"/>
        <price t="2009-11-17" v="4055000000"/>
        <price t="2009-11-18" v="4029000000"/>
        <price t="2009-11-19" v="3989000000"/>
        <price t="2009-11-20" v="3987000000"/>
        <price t="2009-11-23" v="4148000000"/>
        <price t="2009-11-24" v="4126000000"/>
        <price t="2009-11-25" v="4190000000"/>
        <price t="2009-11-26" v="4025000000"/>
        <price t="2009-11-27" v="4059000000"/>
        <price t="2009-11-30" v="4016000000"/>
        <price t="2009-12-01" v="4097000000"/>
        <price t="2009-12-02" v="4160000000"/>
        <price t="2009-12-03" v="4140000000"/>
        <price t="2009-12-04" v="4189000000"/>
        <price t="2009-12-07" v="4253000000"/>
        <price t="2009-12-08" v="4122000000"/>
        <price t="2009-12-09" v="4173000000"/>
        <price t="2009-12-10" v="4225000000"/>
        <price t="2009-12-11" v="4304000000"/>
        <price t="2009-12-14" v="4297000000"/>
        <price t="2009-12-15" v="4307000000"/>
        <price t="2009-12-16" v="4375000000"/>
        <price t="2009-12-17" v="4318000000"/>
        <price t="2009-12-18" v="4299000000"/>
        <price t="2009-12-21" v="4350000000"/>
        <price t="2009-12-22" v="4350000000"/>
        <price t="2009-12-23" v="4387000000"/>
        <price t="2009-12-28" v="4395000000"/>
        <price t="2009-12-29" v="4382000000"/>
        <price t="2009-12-30" v="4346000000"/>
        <price t="2010-01-04" v="4485000000"/>
        <price t="2010-01-05" v="4417000000"/>
        <price t="2010-01-06" v="4445000000"/>
        <price t="2010-01-07" v="4415500000"/>
        <price t="2010-01-08" v="4402000000"/>
        <price t="2010-01-11" v="4353000000"/>
        <price t="2010-01-12" v="4198000000"/>
        <price t="2010-01-13" v="4237500000"/>
        <price t="2010-01-14" v="4246000000"/>
        <price t="2010-01-15" v="4156500000"/>
        <price t="2010-01-18" v="4232000000"/>
        <price t="2010-01-19" v="4286000000"/>
        <price t="2010-01-20" v="4145500000"/>
        <price t="2010-01-21" v="4090500000"/>
        <price t="2010-01-22" v="4046500000"/>
        <price t="2010-01-25" v="4002000000"/>
        <price t="2010-01-26" v="3991500000"/>
        <price t="2010-01-27" v="4034500000"/>
        <price t="2010-01-28" v="4002500000"/>
        <price t="2010-01-29" v="4122500000"/>
        <price t="2010-02-01" v="4173000000"/>
        <price t="2010-02-02" v="4200000000"/>
        <price t="2010-02-03" v="4213000000"/>
        <price t="2010-02-04" v="4025500000"/>
        <price t="2010-02-05" v="3943000000"/>
        <price t="2010-02-08" v="4002000000"/>
        <price t="2010-02-09" v="4001500000"/>
        <price t="2010-02-10" v="4043000000"/>
        <price t="2010-02-11" v="4026500000"/>
        <price t="2010-02-12" v="4020000000"/>
        <price t="2010-02-15" v="4020500000"/>
        <price t="2010-02-16" v="4084000000"/>
        <price t="2010-02-17" v="4155000000"/>
        <price t="2010-02-18" v="4200500000"/>
        <price t="2010-02-19" v="4206000000"/>
        <price t="2010-02-22" v="4180000000"/>
        <price t="2010-02-23" v="4126500000"/>
        <price t="2010-02-24" v="4065500000"/>
        <price t="2010-02-25" v="4111500000"/>
        <price t="2010-02-26" v="4124000000"/>
        <price t="2010-03-01" v="4210500000"/>
        <price t="2010-03-02" v="4214000000"/>
        <price t="2010-03-03" v="4227500000"/>
        <price t="2010-03-04" v="4175000000"/>
        <price t="2010-03-05" v="4310000000"/>
        <price t="2010-03-08" v="4323000000"/>
        <price t="2010-03-09" v="4328000000"/>
        <price t="2010-03-10" v="4403500000"/>
        <price t="2010-03-11" v="4424000000"/>
        <price t="2010-03-12" v="4425500000"/>
        <price t="2010-03-15" v="4372000000"/>
        <price t="2010-03-16" v="4415000000"/>
        <price t="2010-03-17" v="4455000000"/>
        <price t="2010-03-18" v="4475500000"/>
        <price t="2010-03-19" v="4430000000"/>
        <price t="2010-03-22" v="4471000000"/>
        <price t="2010-03-23" v="4493500000"/>
        <price t="2010-03-24" v="4486500000"/>
        <price t="2010-03-25" v="4534000000"/>
        <price t="2010-03-26" v="4525000000"/>
        <price t="2010-03-29" v="4552000000"/>
        <price t="2010-03-30" v="4572500000"/>
        <price t="2010-03-31" v="4592000000"/>
        <price t="2010-04-01" v="4700000000"/>
        <price t="2010-04-06" v="4705500000"/>
        <price t="2010-04-07" v="4662500000"/>
        <price t="2010-04-08" v="4625000000"/>
        <price t="2010-04-09" v="4697000000"/>
        <price t="2010-04-12" v="4692000000"/>
        <price t="2010-04-13" v="4664000000"/>
        <price t="2010-04-14" v="4668500000"/>
        <price t="2010-04-15" v="4653000000"/>
        <price t="2010-04-16" v="4595000000"/>
        <price t="2010-04-19" v="4565000000"/>
        <price t="2010-04-20" v="4610000000"/>
        <price t="2010-04-21" v="4641500000"/>
        <price t="2010-04-22" v="4616500000"/>
        <price t="2010-04-23" v="4775000000"/>
        <price t="2010-04-26" v="4854500000"/>
        <price t="2010-04-27" v="4710500000"/>
        <price t="2010-04-28" v="4640000000"/>
        <price t="2010-04-29" v="4592500000"/>
        <price t="2010-04-30" v="4398000000"/>
        <price t="2010-05-03" v="4459500000"/>
        <price t="2010-05-04" v="4306500000"/>
        <price t="2010-05-05" v="4249500000"/>
        <price t="2010-05-06" v="4272000000"/>
        <price t="2010-05-07" v="4100000000"/>
        <price t="2010-05-10" v="4374000000"/>
        <price t="2010-05-11" v="4351000000"/>
        <price t="2010-05-12" v="4492000000"/>
        <price t="2010-05-13" v="4567500000"/>
        <price t="2010-05-14" v="4418000000"/>
        <price t="2010-05-17" v="4468000000"/>
        <price t="2010-05-18" v="4550000000"/>
        <price t="2010-05-19" v="4372500000"/>
        <price t="2010-05-20" v="4222000000"/>
        <price t="2010-05-21" v="4209500000"/>
        <price t="2010-05-24" v="4187500000"/>
        <price t="2010-05-25" v="4084500000"/>
        <price t="2010-05-26" v="4163500000"/>
        <price t="2010-05-27" v="4330500000"/>
        <price t="2010-05-28" v="4285000000"/>
        <price t="2010-05-31" v="4306000000"/>
        <price t="2010-06-01" v="4303500000"/>
        <price t="2010-06-02" v="4281000000"/>
        <price t="2010-06-03" v="4354000000"/>
        <price t="2010-06-04" v="4274500000"/>
        <price t="2010-06-07" v="4280500000"/>
        <price t="2010-06-08" v="4310000000"/>
        <price t="2010-06-09" v="4420000000"/>
        <price t="2010-06-10" v="4478000000"/>
        <price t="2010-06-11" v="4489000000"/>
        <price t="2010-06-14" v="4575000000"/>
        <price t="2010-06-15" v="4590000000"/>
        <price t="2010-06-16" v="4641000000"/>
        <price t="2010-06-17" v="4661000000"/>
        <price t="2010-06-18" v="4621500000"/>
        <price t="2010-06-21" v="4689500000"/>
        <price t="2010-06-22" v="4674000000"/>
        <price t="2010-06-23" v="4683000000"/>
        <price t="2010-06-24" v="4626000000"/>
        <price t="2010-06-25" v="4616000000"/>
        <price t="2010-06-28" v="4750500000"/>
        <price t="2010-06-29" v="4540000000"/>
        <price t="2010-06-30" v="4511000000"/>
        <price t="2010-07-01" v="4392500000"/>
        <price t="2010-07-02" v="4384000000"/>
        <price t="2010-07-05" v="4334500000"/>
        <price t="2010-07-06" v="4458000000"/>
        <price t="2010-07-07" v="4443500000"/>
        <price t="2010-07-08" v="4501000000"/>
        <price t="2010-07-09" v="4574500000"/>
        <price t="2010-07-12" v="4603000000"/>
        <price t="2010-07-13" v="4650000000"/>
        <price t="2010-07-14" v="4636000000"/>
        <price t="2010-07-15" v="4587000000"/>
        <price t="2010-07-16" v="4496000000"/>
        <price t="2010-07-19" v="4449500000"/>
        <price t="2010-07-20" v="4410000000"/>
        <price t="2010-07-21" v="4444000000"/>
        <price t="2010-07-22" v="4590000000"/>
        <price t="2010-07-23" v="4671000000"/>
        <price t="2010-07-26" v="4674000000"/>
        <price t="2010-07-27" v="4611000000"/>
        <price t="2010-07-28" v="4533000000"/>
        <price t="2010-07-29" v="4431000000"/>
        <price t="2010-07-30" v="4481000000"/>
        <price t="2010-08-02" v="4631500000"/>
        <price t="2010-08-03" v="4590000000"/>
        <price t="2010-08-04" v="4645000000"/>
        <price t="2010-08-05" v="4556500000"/>
        <price t="2010-08-06" v="4474500000"/>
        <price t="2010-08-09" v="4575500000"/>
        <price t="2010-08-10" v="4534500000"/>
        <price t="2010-08-11" v="4431000000"/>
        <price t="2010-08-12" v="4456500000"/>
        <price t="2010-08-13" v="4378000000"/>
        <price t="2010-08-16" v="4366000000"/>
        <price t="2010-08-17" v="4470000000"/>
        <price t="2010-08-18" v="4447500000"/>
        <price t="2010-08-19" v="4347000000"/>
        <price t="2010-08-20" v="4255000000"/>
        <price t="2010-08-23" v="4273500000"/>
        <price t="2010-08-24" v="4190000000"/>
        <price t="2010-08-25" v="4142000000"/>
        <price t="2010-08-26" v="4193000000"/>
        <price t="2010-08-27" v="4202500000"/>
        <price t="2010-08-30" v="4162500000"/>
        <price t="2010-08-31" v="4163500000"/>
        <price t="2010-09-01" v="4297500000"/>
        <price t="2010-09-02" v="4302500000"/>
        <price t="2010-09-03" v="4334000000"/>
        <price t="2010-09-06" v="4338500000"/>
        <price t="2010-09-07" v="4300000000"/>
        <price t="2010-09-08" v="4309000000"/>
        <price t="2010-09-09" v="4350500000"/>
        <price t="2010-09-10" v="4377000000"/>
        <price t="2010-09-13" v="4469000000"/>
        <price t="2010-09-14" v="4522500000"/>
        <price t="2010-09-15" v="4509000000"/>
        <price t="2010-09-16" v="4520000000"/>
        <price t="2010-09-17" v="4477000000"/>
        <price t="2010-09-20" v="4545500000"/>
        <price t="2010-09-21" v="4527500000"/>
        <price t="2010-09-22" v="4557500000"/>
        <price t="2010-09-23" v="4562500000"/>
        <price t="2010-09-24" v="4691500000"/>
        <price t="2010-09-27" v="4659500000"/>
        <price t="2010-09-28" v="4687000000"/>
        <price t="2010-09-29" v="4646000000"/>
        <price t="2010-09-30" v="4625500000"/>
        <price t="2010-10-01" v="4687000000"/>
        <price t="2010-10-04" v="4646000000"/>
        <price t="2010-10-05" v="4724500000"/>
        <price t="2010-10-06" v="4850500000"/>
        <price t="2010-10-07" v="4775000000"/>
        <price t="2010-10-08" v="4873000000"/>
        <price t="2010-10-11" v="4860000000"/>
        <price t="2010-10-12" v="4848000000"/>
        <price t="2010-10-13" v="4970500000"/>
        <price t="2010-10-14" v="5020000000"/>
        <price t="2010-10-15" v="5097000000"/>
        <price t="2010-10-18" v="5103000000"/>
        <price t="2010-10-19" v="5064000000"/>
        <price t="2010-10-20" v="5193000000"/>
        <price t="2010-10-21" v="5280000000"/>
        <price t="2010-10-22" v="5277000000"/>
        <price t="2010-10-25" v="5311000000"/>
        <price t="2010-10-26" v="5269000000"/>
        <price t="2010-10-27" v="5222000000"/>
        <price t="2010-10-28" v="5237000000"/>
        <price t="2010-10-29" v="5228000000"/>
        <price t="2010-11-01" v="5257000000"/>
        <price t="2010-11-02" v="5423000000"/>
        <price t="2010-11-03" v="5406000000"/>
        <price t="2010-11-04" v="5615000000"/>
        <price t="2010-11-05" v="5715000000"/>
        <price t="2010-11-08" v="5675000000"/>
        <price t="2010-11-09" v="5741000000"/>
        <price t="2010-11-10" v="5609000000"/>
        <price t="2010-11-11" v="5663000000"/>
        <price t="2010-11-12" v="5612000000"/>
        <price t="2010-11-15" v="5708000000"/>
        <price t="2010-11-16" v="5498000000"/>
        <price t="2010-11-17" v="5549000000"/>
        <price t="2010-11-18" v="5710000000"/>
        <price t="2010-11-19" v="5740000000"/>
        <price t="2010-11-22" v="5782000000"/>
        <price t="2010-11-23" v="5668000000"/>
        <price t="2010-11-24" v="5867000000"/>
        <price t="2010-11-25" v="5918000000"/>
        <price t="2010-11-26" v="5847000000"/>
        <price t="2010-11-29" v="5629000000"/>
        <price t="2010-11-30" v="5750000000"/>
        <price t="2010-12-01" v="5926000000"/>
        <price t="2010-12-02" v="5995000000"/>
        <price t="2010-12-03" v="5919000000"/>
        <price t="2010-12-06" v="6002000000"/>
        <price t="2010-12-07" v="6115000000"/>
        <price t="2010-12-08" v="6098000000"/>
        <price t="2010-12-09" v="6039000000"/>
        <price t="2010-12-10" v="6050000000"/>
        <price t="2010-12-13" v="6069000000"/>
        <price t="2010-12-14" v="6095000000"/>
        <price t="2010-12-15" v="6151000000"/>
        <price t="2010-12-16" v="6173000000"/>
        <price t="2010-12-17" v="6083000000"/>
        <price t="2010-12-20" v="6105000000"/>
        <price t="2010-12-21" v="6171000000"/>
        <price t="2010-12-22" v="6161000000"/>
        <price t="2010-12-23" v="6142000000"/>
        <price t="2010-12-27" v="6066000000"/>
        <price t="2010-12-28" v="6060000000"/>
        <price t="2010-12-29" v="6135000000"/>
        <price t="2010-12-30" v="5970000000"/>
        <price t="2011-01-03" v="6042000000"/>
        <price t="2011-01-04" v="5880000000"/>
        <price t="2011-01-05" v="5789000000"/>
        <price t="2011-01-06" v="5794000000"/>
        <price t="2011-01-07" v="5710000000"/>
        <price t="2011-01-10" v="5678000000"/>
        <price t="2011-01-11" v="5707000000"/>
        <price t="2011-01-12" v="5857000000"/>
        <price t="2011-01-13" v="5842000000"/>
        <price t="2011-01-14" v="5757000000"/>
        <price t="2011-01-17" v="5715000000"/>
        <price t="2011-01-18" v="5741000000"/>
        <price t="2011-01-19" v="5595000000"/>
        <price t="2011-01-20" v="5565000000"/>
        <price t="2011-01-21" v="5664000000"/>
        <price t="2011-01-24" v="5593000000"/>
        <price t="2011-01-25" v="5612000000"/>
        <price t="2011-01-26" v="5722000000"/>
        <price t="2011-01-27" v="5741000000"/>
        <price t="2011-01-28" v="5629000000"/>
        <price t="2011-01-31" v="5618000000"/>
        <price t="2011-02-01" v="5800000000"/>
        <price t="2011-02-02" v="5804000000"/>
        <price t="2011-02-03" v="5777000000"/>
        <price t="2011-02-04" v="5735000000"/>
        <price t="2011-02-07" v="5845000000"/>
        <price t="2011-02-08" v="5769000000"/>
        <price t="2011-02-09" v="5782000000"/>
        <price t="2011-02-10" v="5853000000"/>
        <price t="2011-02-11" v="5804000000"/>
        <price t="2011-02-14" v="5949000000"/>
        <price t="2011-02-15" v="6056000000"/>
        <price t="2011-02-16" v="6030000000"/>
        <price t="2011-02-17" v="6097000000"/>
        <price t="2011-02-18" v="6154000000"/>
        <price t="2011-02-21" v="5990000000"/>
        <price t="2011-02-22" v="5949000000"/>
        <price t="2011-02-23" v="5875000000"/>
        <price t="2011-02-24" v="5900000000"/>
        <price t="2011-02-25" v="5918000000"/>
        <price t="2011-02-28" v="6026000000"/>
        <price t="2011-03-01" v="5982000000"/>
        <price t="2011-03-02" v="6033000000"/>
        <price t="2011-03-03" v="6096000000"/>
        <price t="2011-03-04" v="6060000000"/>
        <price t="2011-03-07" v="6117000000"/>
        <price t="2011-03-08" v="5996000000"/>
        <price t="2011-03-09" v="5939000000"/>
        <price t="2011-03-10" v="5873000000"/>
        <price t="2011-03-11" v="5839000000"/>
        <price t="2011-03-14" v="5778000000"/>
        <price t="2011-03-15" v="5546000000"/>
        <price t="2011-03-16" v="5396000000"/>
        <price t="2011-03-17" v="5531000000"/>
        <price t="2011-03-18" v="5625000000"/>
        <price t="2011-03-21" v="5693000000"/>
        <price t="2011-03-22" v="5646000000"/>
        <price t="2011-03-23" v="5647000000"/>
        <price t="2011-03-24" v="5837000000"/>
        <price t="2011-03-25" v="5903000000"/>
        <price t="2011-03-28" v="5909000000"/>
        <price t="2011-03-29" v="5927000000"/>
        <price t="2011-03-30" v="6046000000"/>
        <price t="2011-03-31" v="6103000000"/>
        <price t="2011-04-01" v="6189000000"/>
        <price t="2011-04-04" v="6195000000"/>
        <price t="2011-04-05" v="6228000000"/>
        <price t="2011-04-06" v="6343000000"/>
        <price t="2011-04-07" v="6311000000"/>
        <price t="2011-04-08" v="6383000000"/>
        <price t="2011-04-11" v="6441000000"/>
        <price t="2011-04-12" v="6259000000"/>
        <price t="2011-04-13" v="6305000000"/>
        <price t="2011-04-14" v="6297000000"/>
        <price t="2011-04-15" v="6405000000"/>
        <price t="2011-04-18" v="6226000000"/>
        <price t="2011-04-19" v="6233000000"/>
        <price t="2011-04-20" v="6530000000"/>
        <price t="2011-04-21" v="6586000000"/>
        <price t="2011-04-26" v="6660000000"/>
        <price t="2011-04-27" v="6783000000"/>
        <price t="2011-04-28" v="6856000000"/>
        <price t="2011-04-29" v="6940000000"/>
        <price t="2011-05-02" v="6862000000"/>
        <price t="2011-05-03" v="6862000000"/>
        <price t="2011-05-04" v="6659000000"/>
        <price t="2011-05-05" v="6600000000"/>
        <price t="2011-05-06" v="6841000000"/>
        <price t="2011-05-09" v="6564000000"/>
        <price t="2011-05-10" v="6630000000"/>
        <price t="2011-05-11" v="6487000000"/>
        <price t="2011-05-12" v="6414000000"/>
        <price t="2011-05-13" v="6406000000"/>
        <price t="2011-05-16" v="6439000000"/>
        <price t="2011-05-17" v="6240000000"/>
        <price t="2011-05-18" v="6308000000"/>
        <price t="2011-05-19" v="6358000000"/>
        <price t="2011-05-20" v="6266000000"/>
        <price t="2011-05-23" v="6123000000"/>
        <price t="2011-05-24" v="6169000000"/>
        <price t="2011-05-25" v="6117000000"/>
        <price t="2011-05-26" v="6083000000"/>
        <price t="2011-05-27" v="6130000000"/>
        <price t="2011-05-30" v="6192000000"/>
        <price t="2011-05-31" v="6426000000"/>
        <price t="2011-06-01" v="6341000000"/>
        <price t="2011-06-02" v="6146000000"/>
        <price t="2011-06-03" v="6242000000"/>
        <price t="2011-06-06" v="6286000000"/>
        <price t="2011-06-07" v="6260000000"/>
        <price t="2011-06-08" v="6224000000"/>
        <price t="2011-06-09" v="6400000000"/>
        <price t="2011-06-10" v="6315000000"/>
        <price t="2011-06-13" v="6319000000"/>
        <price t="2011-06-14" v="6453000000"/>
        <price t="2011-06-15" v="6310000000"/>
        <price t="2011-06-16" v="6285000000"/>
        <price t="2011-06-17" v="6329000000"/>
        <price t="2011-06-20" v="6280000000"/>
        <price t="2011-06-21" v="6520000000"/>
        <price t="2011-06-22" v="6527000000"/>
        <price t="2011-06-23" v="6444000000"/>
        <price t="2011-06-24" v="6429000000"/>
        <price t="2011-06-27" v="6368000000"/>
        <price t="2011-06-28" v="6472000000"/>
        <price t="2011-06-29" v="6631000000"/>
        <price t="2011-06-30" v="6757000000"/>
        <price t="2011-07-01" v="6784000000"/>
        <price t="2011-07-04" v="6770000000"/>
        <price t="2011-07-05" v="6780000000"/>
        <price t="2011-07-06" v="6845000000"/>
        <price t="2011-07-07" v="6875000000"/>
        <price t="2011-07-08" v="6837000000"/>
        <price t="2011-07-11" v="6695000000"/>
        <price t="2011-07-12" v="6700000000"/>
        <price t="2011-07-13" v="6823000000"/>
        <price t="2011-07-14" v="6850000000"/>
        <price t="2011-07-15" v="6791000000"/>
        <price t="2011-07-18" v="6743000000"/>
        <price t="2011-07-19" v="6700000000"/>
        <price t="2011-07-20" v="6620000000"/>
        <price t="2011-07-21" v="6676000000"/>
        <price t="2011-07-22" v="6657000000"/>
        <price t="2011-07-25" v="6734000000"/>
        <price t="2011-07-26" v="6675000000"/>
        <price t="2011-07-27" v="6586000000"/>
        <price t="2011-07-28" v="6309000000"/>
        <price t="2011-07-29" v="6322000000"/>
        <price t="2011-08-01" v="6121000000"/>
        <price t="2011-08-02" v="6015000000"/>
        <price t="2011-08-03" v="5851000000"/>
        <price t="2011-08-04" v="5663000000"/>
        <price t="2011-08-05" v="5399000000"/>
        <price t="2011-08-08" v="5099000000"/>
        <price t="2011-08-09" v="5211000000"/>
        <price t="2011-08-10" v="4953000000"/>
        <price t="2011-08-11" v="5223000000"/>
        <price t="2011-08-12" v="5415000000"/>
        <price t="2011-08-15" v="5432000000"/>
        <price t="2011-08-16" v="5398000000"/>
        <price t="2011-08-17" v="5350000000"/>
        <price t="2011-08-18" v="5052000000"/>
        <price t="2011-08-19" v="4866000000"/>
        <price t="2011-08-22" v="4784000000"/>
        <price t="2011-08-23" v="4828000000"/>
        <price t="2011-08-24" v="4989500000"/>
        <price t="2011-08-25" v="4825000000"/>
        <price t="2011-08-26" v="4762500000"/>
        <price t="2011-08-29" v="4836000000"/>
        <price t="2011-08-30" v="4802500000"/>
        <price t="2011-08-31" v="4967000000"/>
        <price t="2011-09-01" v="4882500000"/>
        <price t="2011-09-02" v="4706500000"/>
        <price t="2011-09-05" v="4445500000"/>
        <price t="2011-09-06" v="4440000000"/>
        <price t="2011-09-07" v="4625000000"/>
        <price t="2011-09-08" v="4661500000"/>
        <price t="2011-09-09" v="4420000000"/>
        <price t="2011-09-12" v="4366000000"/>
        <price t="2011-09-13" v="4467500000"/>
        <price t="2011-09-14" v="4638000000"/>
        <price t="2011-09-15" v="4781000000"/>
        <price t="2011-09-16" v="4743000000"/>
        <price t="2011-09-19" v="4647500000"/>
        <price t="2011-09-20" v="4783000000"/>
        <price t="2011-09-21" v="4642000000"/>
        <price t="2011-09-22" v="4435000000"/>
        <price t="2011-09-23" v="4427000000"/>
        <price t="2011-09-26" v="4540000000"/>
        <price t="2011-09-27" v="4701000000"/>
        <price t="2011-09-28" v="4651500000"/>
        <price t="2011-09-29" v="4724000000"/>
        <price t="2011-09-30" v="4608500000"/>
        <price t="2011-10-03" v="4505000000"/>
        <price t="2011-10-04" v="4400000000"/>
        <price t="2011-10-05" v="4681500000"/>
        <price t="2011-10-06" v="4900500000"/>
        <price t="2011-10-07" v="4949000000"/>
        <price t="2011-10-10" v="5106000000"/>
        <price t="2011-10-11" v="5030000000"/>
        <price t="2011-10-12" v="5104000000"/>
        <price t="2011-10-13" v="5055000000"/>
        <price t="2011-10-14" v="5133000000"/>
        <price t="2011-10-17" v="5050000000"/>
        <price t="2011-10-18" v="5087000000"/>
        <price t="2011-10-19" v="5010000000"/>
        <price t="2011-10-20" v="4910500000"/>
        <price t="2011-10-21" v="5079000000"/>
        <price t="2011-10-24" v="5163000000"/>
        <price t="2011-10-25" v="5185000000"/>
        <price t="2011-10-26" v="5060000000"/>
        <price t="2011-10-27" v="5437000000"/>
        <price t="2011-10-28" v="5499000000"/>
        <price t="2011-10-31" v="5319000000"/>
        <price t="2011-11-01" v="5085000000"/>
        <price t="2011-11-02" v="5150000000"/>
        <price t="2011-11-03" v="5333000000"/>
        <price t="2011-11-04" v="5132000000"/>
        <price t="2011-11-07" v="5041000000"/>
        <price t="2011-11-08" v="5079000000"/>
        <price t="2011-11-09" v="4997000000"/>
        <price t="2011-11-10" v="5020000000"/>
        <price t="2011-11-11" v="5160000000"/>
        <price t="2011-11-14" v="5119000000"/>
        <price t="2011-11-15" v="5089000000"/>
        <price t="2011-11-16" v="5058000000"/>
        <price t="2011-11-17" v="5026000000"/>
        <price t="2011-11-18" v="4972500000"/>
        <price t="2011-11-21" v="4814500000"/>
        <price t="2011-11-22" v="4736500000"/>
        <price t="2011-11-23" v="4708000000"/>
        <price t="2011-11-24" v="4644000000"/>
        <price t="2011-11-25" v="4724000000"/>
        <price t="2011-11-28" v="4953000000"/>
        <price t="2011-11-29" v="5056000000"/>
        <price t="2011-11-30" v="5404000000"/>
        <price t="2011-12-01" v="5306000000"/>
        <price t="2011-12-02" v="5398000000"/>
        <price t="2011-12-05" v="5456000000"/>
        <price t="2011-12-06" v="5411000000"/>
        <price t="2011-12-07" v="5388000000"/>
        <price t="2011-12-08" v="5314000000"/>
        <price t="2011-12-09" v="5390000000"/>
        <price t="2011-12-12" v="5161000000"/>
        <price t="2011-12-13" v="5110000000"/>
        <price t="2011-12-14" v="5058000000"/>
        <price t="2011-12-15" v="5113000000"/>
        <price t="2011-12-16" v="5171000000"/>
        <price t="2011-12-19" v="5115000000"/>
        <price t="2011-12-20" v="5290000000"/>
        <price t="2011-12-21" v="5240000000"/>
        <price t="2011-12-22" v="5263000000"/>
        <price t="2011-12-23" v="5283000000"/>
        <price t="2011-12-27" v="5317000000"/>
        <price t="2011-12-28" v="5239000000"/>
        <price t="2011-12-29" v="5317000000"/>
        <price t="2011-12-30" v="5389000000"/>
        <price t="2012-01-02" v="5514000000"/>
        <price t="2012-01-03" v="5635000000"/>
        <price t="2012-01-04" v="5616000000"/>
        <price t="2012-01-05" v="5675000000"/>
        <price t="2012-01-06" v="5592000000"/>
        <price t="2012-01-09" v="5567000000"/>
        <price t="2012-01-10" v="5749000000"/>
        <price t="2012-01-11" v="5750000000"/>
        <price t="2012-01-12" v="5820000000"/>
        <price t="2012-01-13" v="5762000000"/>
        <price t="2012-01-16" v="5792000000"/>
        <price t="2012-01-17" v="5879000000"/>
        <price t="2012-01-18" v="5903000000"/>
        <price t="2012-01-19" v="5901000000"/>
        <price t="2012-01-20" v="5839000000"/>
        <price t="2012-01-23" v="5895000000"/>
        <price t="2012-01-24" v="5872000000"/>
        <price t="2012-01-25" v="5925000000"/>
        <price t="2012-01-26" v="6000000000"/>
        <price t="2012-01-27" v="6048000000"/>
        <price t="2012-01-30" v="5981000000"/>
        <price t="2012-01-31" v="5878000000"/>
        <price t="2012-02-01" v="5989000000"/>
        <price t="2012-02-02" v="6048000000"/>
        <price t="2012-02-03" v="6132000000"/>
        <price t="2012-02-06" v="6135000000"/>
        <price t="2012-02-07" v="6087000000"/>
        <price t="2012-02-08" v="6056000000"/>
        <price t="2012-02-09" v="6142000000"/>
        <price t="2012-02-10" v="6038000000"/>
        <price t="2012-02-13" v="6073000000"/>
        <price t="2012-02-14" v="6123000000"/>
        <price t="2012-02-15" v="6198000000"/>
        <price t="2012-02-16" v="6200000000"/>
        <price t="2012-02-17" v="6298000000"/>
        <price t="2012-02-20" v="6466000000"/>
        <price t="2012-02-21" v="6500000000"/>
        <price t="2012-02-22" v="6415000000"/>
        <price t="2012-02-23" v="6458000000"/>
        <price t="2012-02-24" v="6470000000"/>
        <price t="2012-02-27" v="6581000000"/>
        <price t="2012-02-28" v="6652000000"/>
        <price t="2012-02-29" v="6590000000"/>
        <price t="2012-03-01" v="6724000000"/>
        <price t="2012-03-02" v="6664000000"/>
        <price t="2012-03-05" v="6565000000"/>
        <price t="2012-03-06" v="6242000000"/>
        <price t="2012-03-07" v="6301000000"/>
        <price t="2012-03-08" v="6488000000"/>
        <price t="2012-03-09" v="6522000000"/>
        <price t="2012-03-12" v="6552000000"/>
        <price t="2012-03-13" v="6662000000"/>
        <price t="2012-03-14" v="6669000000"/>
        <price t="2012-03-15" v="6744000000"/>
        <price t="2012-03-16" v="6798000000"/>
        <price t="2012-03-19" v="6742000000"/>
        <price t="2012-03-20" v="6723000000"/>
        <price t="2012-03-21" v="6725000000"/>
        <price t="2012-03-22" v="6592000000"/>
        <price t="2012-03-23" v="6585000000"/>
        <price t="2012-03-26" v="6707000000"/>
        <price t="2012-03-27" v="6720000000"/>
        <price t="2012-03-28" v="6598000000"/>
        <price t="2012-03-29" v="6496000000"/>
        <price t="2012-03-30" v="6559000000"/>
        <price t="2012-04-02" v="6661000000"/>
        <price t="2012-04-03" v="6569000000"/>
        <price t="2012-04-04" v="6355000000"/>
        <price t="2012-04-05" v="6348000000"/>
        <price t="2012-04-10" v="6201000000"/>
        <price t="2012-04-11" v="6269000000"/>
        <price t="2012-04-12" v="6355000000"/>
        <price t="2012-04-13" v="6163000000"/>
        <price t="2012-04-16" v="6286000000"/>
        <price t="2012-04-17" v="6557000000"/>
        <price t="2012-04-18" v="6472000000"/>
        <price t="2012-04-19" v="6501000000"/>
        <price t="2012-04-20" v="6620000000"/>
        <price t="2012-04-23" v="6367000000"/>
        <price t="2012-04-24" v="6393000000"/>
        <price t="2012-04-25" v="6519000000"/>
        <price t="2012-04-26" v="6500000000"/>
        <price t="2012-04-27" v="6525000000"/>
        <price t="2012-04-30" v="6219000000"/>
        <price t="2012-05-02" v="6131000000"/>
        <price t="2012-05-03" v="6092000000"/>
        <price t="2012-05-04" v="5949000000"/>
        <price t="2012-05-07" v="5898000000"/>
        <price t="2012-05-08" v="5746000000"/>
        <price t="2012-05-09" v="5757000000"/>
        <price t="2012-05-10" v="5821000000"/>
        <price t="2012-05-11" v="5876000000"/>
        <price t="2012-05-14" v="5769000000"/>
        <price t="2012-05-15" v="5729000000"/>
        <price t="2012-05-16" v="5734000000"/>
        <price t="2012-05-17" v="5682000000"/>
        <price t="2012-05-18" v="5694000000"/>
        <price t="2012-05-21" v="5747000000"/>
        <price t="2012-05-22" v="5832000000"/>
        <price t="2012-05-23" v="5678000000"/>
        <price t="2012-05-24" v="5708000000"/>
        <price t="2012-05-25" v="5705000000"/>
        <price t="2012-05-28" v="5701000000"/>
        <price t="2012-05-29" v="5795000000"/>
        <price t="2012-05-30" v="5679000000"/>
        <price t="2012-05-31" v="5638000000"/>
        <price t="2012-06-01" v="5406000000"/>
        <price t="2012-06-04" v="5348000000"/>
        <price t="2012-06-05" v="5345000000"/>
        <price t="2012-06-06" v="5466000000"/>
        <price t="2012-06-07" v="5575000000"/>
        <price t="2012-06-08" v="5547000000"/>
        <price t="2012-06-11" v="5583000000"/>
        <price t="2012-06-12" v="5583000000"/>
        <price t="2012-06-13" v="5579000000"/>
        <price t="2012-06-14" v="5510000000"/>
        <price t="2012-06-15" v="5591000000"/>
        <price t="2012-06-18" v="5610000000"/>
        <price t="2012-06-19" v="5719000000"/>
        <price t="2012-06-20" v="5687000000"/>
        <price t="2012-06-21" v="5635000000"/>
        <price t="2012-06-22" v="5409000000"/>
        <price t="2012-06-25" v="5274000000"/>
        <price t="2012-06-26" v="5305000000"/>
        <price t="2012-06-27" v="5309000000"/>
        <price t="2012-06-28" v="5189000000"/>
        <price t="2012-06-29" v="5470000000"/>
        <price t="2012-07-02" v="5525000000"/>
        <price t="2012-07-03" v="5650000000"/>
        <price t="2012-07-04" v="5710000000"/>
        <price t="2012-07-05" v="5689000000"/>
        <price t="2012-07-06" v="5610000000"/>
        <price t="2012-07-09" v="5546000000"/>
        <price t="2012-07-10" v="5538000000"/>
        <price t="2012-07-11" v="5497000000"/>
        <price t="2012-07-12" v="5466000000"/>
        <price t="2012-07-13" v="5596000000"/>
        <price t="2012-07-16" v="5625000000"/>
        <price t="2012-07-17" v="5691000000"/>
        <price t="2012-07-18" v="5746000000"/>
        <price t="2012-07-19" v="5861000000"/>
        <price t="2012-07-20" v="5801000000"/>
        <price t="2012-07-23" v="5624000000"/>
        <price t="2012-07-24" v="5599000000"/>
        <price t="2012-07-25" v="5616000000"/>
        <price t="2012-07-26" v="5776000000"/>
        <price t="2012-07-27" v="5894000000"/>
        <price t="2012-07-30" v="6024000000"/>
        <price t="2012-07-31" v="5948000000"/>
        <price t="2012-08-01" v="5908000000"/>
        <price t="2012-08-02" v="5775000000"/>
        <price t="2012-08-03" v="5971000000"/>
        <price t="2012-08-06" v="6038000000"/>
        <price t="2012-08-07" v="6121000000"/>
        <price t="2012-08-08" v="6094000000"/>
        <price t="2012-08-09" v="6099000000"/>
        <price t="2012-08-10" v="6093000000"/>
        <price t="2012-08-13" v="6051000000"/>
        <price t="2012-08-14" v="6126000000"/>
        <price t="2012-08-15" v="6121000000"/>
        <price t="2012-08-16" v="6152000000"/>
        <price t="2012-08-17" v="6205000000"/>
        <price t="2012-08-20" v="6230000000"/>
        <price t="2012-08-21" v="6304000000"/>
        <price t="2012-08-22" v="6232000000"/>
        <price t="2012-08-23" v="6168000000"/>
        <price t="2012-08-24" v="6213000000"/>
        <price t="2012-08-27" v="6282000000"/>
        <price t="2012-08-28" v="6245000000"/>
        <price t="2012-08-29" v="6252000000"/>
        <price t="2012-08-30" v="6122000000"/>
        <price t="2012-08-31" v="6181000000"/>
        <price t="2012-09-03" v="6244000000"/>
        <price t="2012-09-04" v="6151000000"/>
        <price t="2012-09-05" v="6143000000"/>
        <price t="2012-09-06" v="6377000000"/>
        <price t="2012-09-07" v="6420000000"/>
        <price t="2012-09-10" v="6413000000"/>
        <price t="2012-09-11" v="6572000000"/>
        <price t="2012-09-12" v="6566000000"/>
        <price t="2012-09-13" v="6500000000"/>
        <price t="2012-09-14" v="6663000000"/>
        <price t="2012-09-17" v="6665000000"/>
        <price t="2012-09-18" v="6678000000"/>
        <price t="2012-09-19" v="6695000000"/>
        <price t="2012-09-20" v="6744000000"/>
        <price t="2012-09-21" v="6790000000"/>
        <price t="2012-09-24" v="6748000000"/>
        <price t="2012-09-25" v="6790000000"/>
        <price t="2012-09-26" v="6672000000"/>
        <price t="2012-09-27" v="6655000000"/>
        <price t="2012-09-28" v="6565000000"/>
        <price t="2012-10-01" v="6746000000"/>
        <price t="2012-10-02" v="6661000000"/>
        <price t="2012-10-03" v="6684000000"/>
        <price t="2012-10-04" v="6560000000"/>
        <price t="2012-10-05" v="6674000000"/>
        <price t="2012-10-08" v="6547000000"/>
        <price t="2012-10-09" v="6438000000"/>
        <price t="2012-10-10" v="6408000000"/>
        <price t="2012-10-11" v="6495000000"/>
        <price t="2012-10-12" v="6438000000"/>
        <price t="2012-10-15" v="6490000000"/>
        <price t="2012-10-16" v="6558000000"/>
        <price t="2012-10-17" v="6550000000"/>
        <price t="2012-10-18" v="6617000000"/>
        <price t="2012-10-19" v="6587000000"/>
        <price t="2012-10-22" v="6515000000"/>
        <price t="2012-10-23" v="6250000000"/>
        <price t="2012-10-24" v="6266000000"/>
        <price t="2012-10-25" v="6318000000"/>
        <price t="2012-10-26" v="6368000000"/>
        <price t="2012-10-29" v="6357000000"/>
        <price t="2012-10-30" v="6410000000"/>
        <price t="2012-10-31" v="6393000000"/>
        <price t="2012-11-01" v="6470000000"/>
        <price t="2012-11-02" v="6509000000"/>
        <price t="2012-11-05" v="6436000000"/>
        <price t="2012-11-06" v="6487000000"/>
        <price t="2012-11-07" v="6347000000"/>
        <price t="2012-11-08" v="6342000000"/>
        <price t="2012-11-09" v="6317000000"/>
        <price t="2012-11-12" v="6306000000"/>
        <price t="2012-11-13" v="6409000000"/>
        <price t="2012-11-14" v="6363000000"/>
        <price t="2012-11-15" v="6320000000"/>
        <price t="2012-11-16" v="6250000000"/>
        <price t="2012-11-19" v="6435000000"/>
        <price t="2012-11-20" v="6580000000"/>
        <price t="2012-11-21" v="6578000000"/>
        <price t="2012-11-22" v="6658000000"/>
        <price t="2012-11-23" v="6754000000"/>
        <price t="2012-11-26" v="6739000000"/>
        <price t="2012-11-27" v="6790000000"/>
        <price t="2012-11-28" v="6811000000"/>
        <price t="2012-11-29" v="6876000000"/>
        <price t="2012-11-30" v="6890000000"/>
        <price t="2012-12-03" v="6947000000"/>
        <price t="2012-12-04" v="6895000000"/>
        <price t="2012-12-05" v="6930000000"/>
        <price t="2012-12-06" v="7033000000"/>
        <price t="2012-12-07" v="7001000000"/>
        <price t="2012-12-10" v="7061000000"/>
        <price t="2012-12-11" v="7130000000"/>
        <price t="2012-12-12" v="7155000000"/>
        <price t="2012-12-13" v="7181000000"/>
        <price t="2012-12-14" v="7204000000"/>
        <price t="2012-12-17" v="7214000000"/>
        <price t="2012-12-18" v="7277000000"/>
        <price t="2012-12-19" v="7309000000"/>
        <price t="2012-12-20" v="7230000000"/>
        <price t="2012-12-21" v="7117000000"/>
        <price t="2012-12-27" v="7180000000"/>
        <price t="2012-12-28" v="7115000000"/>
        <price t="2013-01-02" v="7318000000"/>
        <price t="2013-01-03" v="7235000000"/>
        <price t="2013-01-04" v="7247000000"/>
        <price t="2013-01-07" v="7164000000"/>
        <price t="2013-01-08" v="7114000000"/>
        <price t="2013-01-09" v="7141000000"/>
        <price t="2013-01-10" v="7092000000"/>
        <price t="2013-01-11" v="7100000000"/>
        <price t="2013-01-14" v="7176000000"/>
        <price t="2013-01-15" v="7186000000"/>
        <price t="2013-01-16" v="7235000000"/>
        <price t="2013-01-17" v="7320000000"/>
        <price t="2013-01-18" v="7317000000"/>
        <price t="2013-01-21" v="7381000000"/>
        <price t="2013-01-22" v="7311000000"/>
        <price t="2013-01-23" v="7286000000"/>
        <price t="2013-01-24" v="7379000000"/>
        <price t="2013-01-25" v="7560000000"/>
        <price t="2013-01-28" v="7558000000"/>
        <price t="2013-01-29" v="7581000000"/>
        <price t="2013-01-30" v="7510000000"/>
        <price t="2013-01-31" v="7466000000"/>
        <price t="2013-02-01" v="7585000000"/>
        <price t="2013-02-04" v="7314000000"/>
        <price t="2013-02-05" v="7346000000"/>
        <price t="2013-02-06" v="7209000000"/>
        <price t="2013-02-07" v="7194000000"/>
        <price t="2013-02-08" v="7208000000"/>
        <price t="2013-02-11" v="7185000000"/>
        <price t="2013-02-12" v="7151000000"/>
        <price t="2013-02-13" v="7253000000"/>
        <price t="2013-02-14" v="7132000000"/>
        <price t="2013-02-15" v="7075000000"/>
        <price t="2013-02-18" v="7145000000"/>
        <price t="2013-02-19" v="7379000000"/>
        <price t="2013-02-20" v="7412000000"/>
        <price t="2013-02-21" v="7280000000"/>
        <price t="2013-02-22" v="7432000000"/>
        <price t="2013-02-25" v="7501000000"/>
        <price t="2013-02-26" v="7166000000"/>
        <price t="2013-02-27" v="7209000000"/>
        <price t="2013-02-28" v="7218000000"/>
        <price t="2013-03-01" v="7183000000"/>
        <price t="2013-03-04" v="7157000000"/>
        <price t="2013-03-05" v="7305000000"/>
        <price t="2013-03-06" v="7348000000"/>
        <price t="2013-03-07" v="7340000000"/>
        <price t="2013-03-08" v="7328000000"/>
        <price t="2013-03-11" v="7348000000"/>
        <price t="2013-03-12" v="7336000000"/>
        <price t="2013-03-13" v="7402000000"/>
        <price t="2013-03-14" v="7532000000"/>
        <price t="2013-03-15" v="7509000000"/>
        <price t="2013-03-18" v="7432000000"/>
        <price t="2013-03-19" v="7335000000"/>
        <price t="2013-03-20" v="7354000000"/>
        <price t="2013-03-21" v="7130000000"/>
        <price t="2013-03-22" v="7080000000"/>
        <price t="2013-03-25" v="6957000000"/>
        <price t="2013-03-26" v="6962000000"/>
        <price t="2013-03-27" v="6798000000"/>
        <price t="2013-03-28" v="6832000000"/>
        <price t="2013-04-02" v="6952000000"/>
        <price t="2013-04-03" v="6930000000"/>
        <price t="2013-04-04" v="6900000000"/>
        <price t="2013-04-05" v="6687000000"/>
        <price t="2013-04-08" v="6670000000"/>
        <price t="2013-04-09" v="6691000000"/>
        <price t="2013-04-10" v="6850000000"/>
        <price t="2013-04-11" v="6931000000"/>
        <price t="2013-04-12" v="6840000000"/>
        <price t="2013-04-15" v="6863000000"/>
        <price t="2013-04-16" v="6812000000"/>
        <price t="2013-04-17" v="6555000000"/>
        <price t="2013-04-18" v="6563000000"/>
        <price t="2013-04-19" v="6563000000"/>
        <price t="2013-04-22" v="6604000000"/>
        <price t="2013-04-23" v="6766000000"/>
        <price t="2013-04-24" v="6835000000"/>
        <price t="2013-04-25" v="7000000000"/>
        <price t="2013-04-26" v="7259000000"/>
        <price t="2013-04-29" v="7073000000"/>
        <price t="2013-04-30" v="7092000000"/>
        <price t="2013-05-02" v="7180000000"/>
        <price t="2013-05-03" v="7334000000"/>
        <price t="2013-05-06" v="7300000000"/>
        <price t="2013-05-07" v="7376000000"/>
        <price t="2013-05-08" v="7363000000"/>
        <price t="2013-05-09" v="7406000000"/>
        <price t="2013-05-10" v="7381000000"/>
        <price t="2013-05-13" v="7399000000"/>
        <price t="2013-05-14" v="7430000000"/>
        <price t="2013-05-15" v="7358000000"/>
        <price t="2013-05-16" v="7398000000"/>
        <price t="2013-05-17" v="7442000000"/>
        <price t="2013-05-20" v="7394000000"/>
        <price t="2013-05-21" v="7535000000"/>
        <price t="2013-05-22" v="7541000000"/>
        <price t="2013-05-23" v="7426000000"/>
        <price t="2013-05-24" v="7345000000"/>
        <price t="2013-05-27" v="7422000000"/>
        <price t="2013-05-28" v="7530000000"/>
        <price t="2013-05-29" v="7470000000"/>
        <price t="2013-05-30" v="7499000000"/>
        <price t="2013-05-31" v="7523000000"/>
        <price t="2013-06-03" v="7579000000"/>
        <price t="2013-06-04" v="7510000000"/>
        <price t="2013-06-05" v="7312000000"/>
        <price t="2013-06-06" v="7158000000"/>
        <price t="2013-06-07" v="7283000000"/>
        <price t="2013-06-10" v="7390000000"/>
        <price t="2013-06-11" v="7336000000"/>
        <price t="2013-06-12" v="7287000000"/>
        <price t="2013-06-13" v="7234000000"/>
        <price t="2013-06-14" v="7281000000"/>
        <price t="2013-06-17" v="7372000000"/>
        <price t="2013-06-18" v="7436000000"/>
        <price t="2013-06-19" v="7390000000"/>
        <price t="2013-06-20" v="7093000000"/>
        <price t="2013-06-21" v="6950000000"/>
        <price t="2013-06-24" v="6842000000"/>
        <price t="2013-06-25" v="6932000000"/>
        <price t="2013-06-26" v="6972000000"/>
        <price t="2013-06-27" v="6833000000"/>
        <price t="2013-06-28" v="6863000000"/>
        <price t="2013-07-01" v="6859000000"/>
        <price t="2013-07-02" v="6825000000"/>
        <price t="2013-07-03" v="6777000000"/>
        <price t="2013-07-04" v="6904000000"/>
        <price t="2013-07-05" v="6696000000"/>
        <price t="2013-07-08" v="6910000000"/>
        <price t="2013-07-09" v="6972000000"/>
        <price t="2013-07-10" v="6995000000"/>
        <price t="2013-07-11" v="7120000000"/>
        <price t="2013-07-12" v="7046000000"/>
        <price t="2013-07-15" v="7080000000"/>
        <price t="2013-07-16" v="7009000000"/>
        <price t="2013-07-17" v="7083000000"/>
        <price t="2013-07-18" v="7068000000"/>
        <price t="2013-07-19" v="7000000000"/>
        <price t="2013-07-22" v="7017000000"/>
        <price t="2013-07-23" v="6980000000"/>
        <price t="2013-07-24" v="6986000000"/>
        <price t="2013-07-25" v="6674000000"/>
        <price t="2013-07-26" v="6587000000"/>
        <price t="2013-07-29" v="6652000000"/>
        <price t="2013-07-30" v="6744000000"/>
        <price t="2013-07-31" v="6666000000"/>
        <price t="2013-08-01" v="6759000000"/>
        <price t="2013-08-02" v="6788000000"/>
        <price t="2013-08-05" v="6666000000"/>
        <price t="2013-08-06" v="6581000000"/>
        <price t="2013-08-07" v="6502000000"/>
        <price t="2013-08-08" v="6520000000"/>
        <price t="2013-08-09" v="6479000000"/>
        <price t="2013-08-12" v="6611000000"/>
        <price t="2013-08-13" v="6793000000"/>
        <price t="2013-08-14" v="6790000000"/>
        <price t="2013-08-15" v="6779000000"/>
        <price t="2013-08-16" v="6801000000"/>
        <price t="2013-08-19" v="6798000000"/>
        <price t="2013-08-20" v="6762000000"/>
        <price t="2013-08-21" v="6704000000"/>
        <price t="2013-08-22" v="6831000000"/>
        <price t="2013-08-23" v="6903000000"/>
        <price t="2013-08-26" v="6924000000"/>
        <price t="2013-08-27" v="6810000000"/>
        <price t="2013-08-28" v="6684000000"/>
        <price t="2013-08-29" v="6675000000"/>
        <price t="2013-08-30" v="6613000000"/>
        <price t="2013-09-02" v="6760000000"/>
        <price t="2013-09-03" v="6723000000"/>
        <price t="2013-09-04" v="6787000000"/>
        <price t="2013-09-05" v="6711000000"/>
        <price t="2013-09-06" v="6685000000"/>
        <price t="2013-09-09" v="6726000000"/>
        <price t="2013-09-10" v="6939000000"/>
        <price t="2013-09-11" v="6962000000"/>
        <price t="2013-09-12" v="6982000000"/>
        <price t="2013-09-13" v="6979000000"/>
        <price t="2013-09-16" v="7234000000"/>
        <price t="2013-09-17" v="7208000000"/>
        <price t="2013-09-18" v="7216000000"/>
        <price t="2013-09-19" v="7225000000"/>
        <price t="2013-09-20" v="7199000000"/>
        <price t="2013-09-23" v="7230000000"/>
        <price t="2013-09-24" v="7235000000"/>
        <price t="2013-09-25" v="7219000000"/>
        <price t="2013-09-26" v="7209000000"/>
        <price t="2013-09-27" v="7153000000"/>
        <price t="2013-09-30" v="7090000000"/>
        <price t="2013-10-01" v="7163000000"/>
        <price t="2013-10-02" v="7154000000"/>
        <price t="2013-10-03" v="7095000000"/>
        <price t="2013-10-04" v="7076000000"/>
        <price t="2013-10-07" v="7037000000"/>
        <price t="2013-10-08" v="7005000000"/>
        <price t="2013-10-09" v="6990000000"/>
        <price t="2013-10-10" v="7157000000"/>
        <price t="2013-10-11" v="7169000000"/>
        <price t="2013-10-14" v="7145000000"/>
        <price t="2013-10-15" v="7217000000"/>
        <price t="2013-10-16" v="7311000000"/>
        <price t="2013-10-17" v="7295000000"/>
        <price t="2013-10-18" v="7351000000"/>
        <price t="2013-10-21" v="7348000000"/>
        <price t="2013-10-22" v="7397000000"/>
        <price t="2013-10-23" v="7405000000"/>
        <price t="2013-10-24" v="7419000000"/>
        <price t="2013-10-25" v="7517000000"/>
        <price t="2013-10-28" v="7569000000"/>
        <price t="2013-10-29" v="7604000000"/>
        <price t="2013-10-30" v="7583000000"/>
        <price t="2013-10-31" v="7663000000"/>
        <price t="2013-11-01" v="7658000000"/>
        <price t="2013-11-04" v="7610000000"/>
        <price t="2013-11-05" v="7583000000"/>
        <price t="2013-11-06" v="7585000000"/>
        <price t="2013-11-07" v="7617000000"/>
        <price t="2013-11-08" v="7568000000"/>
        <price t="2013-11-11" v="7587000000"/>
        <price t="2013-11-12" v="7609000000"/>
        <price t="2013-11-13" v="7626000000"/>
        <price t="2013-11-14" v="7782000000"/>
        <price t="2013-11-15" v="7800000000"/>
        <price t="2013-11-18" v="7796000000"/>
        <price t="2013-11-19" v="7753000000"/>
        <price t="2013-11-20" v="7720000000"/>
        <price t="2013-11-21" v="7675000000"/>
        <price t="2013-11-22" v="7664000000"/>
        <price t="2013-11-25" v="7769000000"/>
        <price t="2013-11-26" v="7751000000"/>
        <price t="2013-11-27" v="7800000000"/>
        <price t="2013-11-28" v="7818000000"/>
        <price t="2013-11-29" v="7860000000"/>
        <price t="2013-12-02" v="7897000000"/>
        <price t="2013-12-03" v="7726000000"/>
        <price t="2013-12-04" v="7572000000"/>
        <price t="2013-12-05" v="7496000000"/>
        <price t="2013-12-06" v="7564000000"/>
        <price t="2013-12-09" v="7562000000"/>
        <price t="2013-12-10" v="7509000000"/>
        <price t="2013-12-11" v="7436000000"/>
        <price t="2013-12-12" v="7394000000"/>
        <price t="2013-12-13" v="7365000000"/>
        <price t="2013-12-16" v="7517000000"/>
        <price t="2013-12-17" v="7425000000"/>
        <price t="2013-12-18" v="7451000000"/>
        <price t="2013-12-19" v="7525000000"/>
        <price t="2013-12-20" v="7601000000"/>
        <price t="2013-12-23" v="7690000000"/>
        <price t="2013-12-27" v="7795000000"/>
        <price t="2013-12-30" v="7749000000"/>
        <price t="2014-01-02" v="7638000000"/>
        <price t="2014-01-03" v="7657000000"/>
        <price t="2014-01-06" v="7642000000"/>
        <price t="2014-01-07" v="7852000000"/>
        <price t="2014-01-08" v="7800000000"/>
        <price t="2014-01-09" v="7672000000"/>
        <price t="2014-01-10" v="7740000000"/>
        <price t="2014-01-13" v="7749000000"/>
        <price t="2014-01-14" v="7757000000"/>
        <price t="2014-01-15" v="7818000000"/>
        <price t="2014-01-16" v="7899000000"/>
        <price t="2014-01-17" v="7949000000"/>
        <price t="2014-01-20" v="7986000000"/>
        <price t="2014-01-21" v="8061000000"/>
        <price t="2014-01-22" v="8022000000"/>
        <price t="2014-01-23" v="7974000000"/>
        <price t="2014-01-24" v="7781000000"/>
        <price t="2014-01-27" v="7761000000"/>
        <price t="2014-01-28" v="7913000000"/>
        <price t="2014-01-29" v="7900000000"/>
        <price t="2014-01-30" v="7973000000"/>
        <price t="2014-01-31" v="7953000000"/>
        <price t="2014-02-03" v="7799000000"/>
        <price t="2014-02-04" v="7659000000"/>
        <price t="2014-02-05" v="7665000000"/>
        <price t="2014-02-06" v="7817000000"/>
        <price t="2014-02-07" v="7882000000"/>
        <price t="2014-02-10" v="7832000000"/>
        <price t="2014-02-11" v="8004000000"/>
        <price t="2014-02-12" v="8057000000"/>
        <price t="2014-02-13" v="8126000000"/>
        <price t="2014-02-14" v="8251000000"/>
        <price t="2014-02-17" v="8220000000"/>
        <price t="2014-02-18" v="8263000000"/>
        <price t="2014-02-19" v="8275000000"/>
        <price t="2014-02-20" v="8224000000"/>
        <price t="2014-02-21" v="8217000000"/>
        <price t="2014-02-24" v="8326000000"/>
        <price t="2014-02-25" v="8308000000"/>
        <price t="2014-02-26" v="8381000000"/>
        <price t="2014-02-27" v="8200000000"/>
        <price t="2014-02-28" v="8342000000"/>
        <price t="2014-03-03" v="7997000000"/>
        <price t="2014-03-04" v="8219000000"/>
        <price t="2014-03-05" v="8117000000"/>
        <price t="2014-03-06" v="8115000000"/>
        <price t="2014-03-07" v="7969000000"/>
        <price t="2014-03-10" v="7934000000"/>
        <price t="2014-03-11" v="7973000000"/>
        <price t="2014-03-12" v="7820000000"/>
        <price t="2014-03-13" v="7586000000"/>
        <price t="2014-03-14" v="7692000000"/>
        <price t="2014-03-17" v="7782000000"/>
        <price t="2014-03-18" v="7783000000"/>
        <price t="2014-03-19" v="7819000000"/>
        <price t="2014-03-20" v="7749000000"/>
        <price t="2014-03-21" v="7800000000"/>
        <price t="2014-03-24" v="7650000000"/>
        <price t="2014-03-25" v="7785000000"/>
        <price t="2014-03-26" v="7879000000"/>
        <price t="2014-03-27" v="7920000000"/>
        <price t="2014-03-28" v="8041000000"/>
        <price t="2014-03-31" v="8068000000"/>
        <price t="2014-04-01" v="8072000000"/>
        <price t="2014-04-02" v="8037000000"/>
        <price t="2014-04-03" v="8003000000"/>
        <price t="2014-04-04" v="8077000000"/>
        <price t="2014-04-07" v="7889000000"/>
        <price t="2014-04-08" v="7925000000"/>
        <price t="2014-04-09" v="7884000000"/>
        <price t="2014-04-10" v="7931000000"/>
        <price t="2014-04-11" v="7762000000"/>
        <price t="2014-04-14" v="7821000000"/>
        <price t="2014-04-15" v="7698000000"/>
        <price t="2014-04-16" v="7807000000"/>
        <price t="2014-04-17" v="7936000000"/>
        <price t="2014-04-22" v="8161000000"/>
        <price t="2014-04-23" v="8147000000"/>
        <price t="2014-04-24" v="8207000000"/>
        <price t="2014-04-25" v="8120000000"/>
        <price t="2014-04-28" v="8144000000"/>
        <price t="2014-04-29" v="8281000000"/>
        <price t="2014-04-30" v="8343000000"/>
        <price t="2014-05-02" v="8401000000"/>
        <price t="2014-05-05" v="8128000000"/>
        <price t="2014-05-06" v="8021000000"/>
        <price t="2014-05-07" v="8124000000"/>
        <price t="2014-05-08" v="8239000000"/>
        <price t="2014-05-09" v="8243000000"/>
        <price t="2014-05-12" v="8350000000"/>
        <price t="2014-05-13" v="8349000000"/>
        <price t="2014-05-14" v="8369000000"/>
        <price t="2014-05-15" v="8317000000"/>
        <price t="2014-05-16" v="8233000000"/>
        <price t="2014-05-19" v="8278000000"/>
        <price t="2014-05-20" v="8243000000"/>
        <price t="2014-05-21" v="8297000000"/>
        <price t="2014-05-22" v="8300000000"/>
        <price t="2014-05-23" v="8308000000"/>
        <price t="2014-05-26" v="8377000000"/>
        <price t="2014-05-27" v="8444000000"/>
        <price t="2014-05-28" v="8481000000"/>
        <price t="2014-05-29" v="8473000000"/>
        <price t="2014-05-30" v="8447000000"/>
        <price t="2014-06-02" v="8450000000"/>
        <price t="2014-06-03" v="8486000000"/>
        <price t="2014-06-04" v="8509000000"/>
        <price t="2014-06-05" v="8543000000"/>
        <price t="2014-06-06" v="8586000000"/>
        <price t="2014-06-09" v="8610000000"/>
        <price t="2014-06-10" v="8587000000"/>
        <price t="2014-06-11" v="8571000000"/>
        <price t="2014-06-12" v="8620000000"/>
        <price t="2014-06-13" v="8550000000"/>
        <price t="2014-06-16" v="8517000000"/>
        <price t="2014-06-17" v="8611000000"/>
        <price t="2014-06-18" v="8602000000"/>
        <price t="2014-06-19" v="8703000000"/>
        <price t="2014-06-20" v="8736000000"/>
        <price t="2014-06-23" v="8678000000"/>
        <price t="2014-06-24" v="8652000000"/>
        <price t="2014-06-25" v="8602000000"/>
        <price t="2014-06-26" v="8500000000"/>
        <price t="2014-06-27" v="8464000000"/>
        <price t="2014-06-30" v="8503000000"/>
        <price t="2014-07-01" v="8536000000"/>
        <price t="2014-07-02" v="8584000000"/>
        <price t="2014-07-03" v="8714000000"/>
        <price t="2014-07-04" v="8705000000"/>
        <price t="2014-07-07" v="8607000000"/>
        <price t="2014-07-08" v="8469000000"/>
        <price t="2014-07-09" v="8550000000"/>
        <price t="2014-07-10" v="8342000000"/>
        <price t="2014-07-11" v="8335000000"/>
        <price t="2014-07-14" v="8440000000"/>
        <price t="2014-07-15" v="8358000000"/>
        <price t="2014-07-16" v="8491000000"/>
        <price t="2014-07-17" v="8363000000"/>
        <price t="2014-07-18" v="8335000000"/>
        <price t="2014-07-21" v="8193000000"/>
        <price t="2014-07-22" v="8308000000"/>
        <price t="2014-07-23" v="8357000000"/>
        <price t="2014-07-24" v="8235000000"/>
        <price t="2014-07-25" v="8037000000"/>
        <price t="2014-07-28" v="8027000000"/>
        <price t="2014-07-29" v="8106000000"/>
        <price t="2014-07-30" v="7983000000"/>
        <price t="2014-07-31" v="7764000000"/>
        <price t="2014-08-01" v="7604000000"/>
        <price t="2014-08-04" v="7474000000"/>
        <price t="2014-08-05" v="7499000000"/>
        <price t="2014-08-06" v="7496000000"/>
        <price t="2014-08-07" v="7450000000"/>
        <price t="2014-08-08" v="7395000000"/>
        <price t="2014-08-11" v="7571000000"/>
        <price t="2014-08-12" v="7434000000"/>
        <price t="2014-08-13" v="7604000000"/>
        <price t="2014-08-14" v="7592000000"/>
        <price t="2014-08-15" v="7468000000"/>
        <price t="2014-08-18" v="7620000000"/>
        <price t="2014-08-19" v="7646000000"/>
        <price t="2014-08-20" v="7621000000"/>
        <price t="2014-08-21" v="7740000000"/>
        <price t="2014-08-22" v="7677000000"/>
        <price t="2014-08-25" v="7868000000"/>
        <price t="2014-08-26" v="7950000000"/>
        <price t="2014-08-27" v="7927000000"/>
        <price t="2014-08-28" v="7808000000"/>
        <price t="2014-08-29" v="7829000000"/>
        <price t="2014-09-01" v="7791000000"/>
        <price t="2014-09-02" v="7821000000"/>
        <price t="2014-09-03" v="7924000000"/>
        <price t="2014-09-04" v="7889000000"/>
        <price t="2014-09-05" v="7856000000"/>
        <price t="2014-09-08" v="7795000000"/>
        <price t="2014-09-09" v="7749000000"/>
        <price t="2014-09-10" v="7746000000"/>
        <price t="2014-09-11" v="7717000000"/>
        <price t="2014-09-12" v="7700000000"/>
        <price t="2014-09-15" v="7705000000"/>
        <price t="2014-09-16" v="7597000000"/>
        <price t="2014-09-17" v="7630000000"/>
        <price t="2014-09-18" v="7671000000"/>
        <price t="2014-09-19" v="7714000000"/>
        <price t="2014-09-22" v="7678000000"/>
        <price t="2014-09-23" v="7546000000"/>
        <price t="2014-09-24" v="7566000000"/>
        <price t="2014-09-25" v="7289000000"/>
        <price t="2014-09-26" v="7316000000"/>
        <price t="2014-09-29" v="7241000000"/>
        <price t="2014-09-30" v="7263000000"/>
        <price t="2014-10-01" v="7095000000"/>
        <price t="2014-10-02" v="6958000000"/>
        <price t="2014-10-06" v="7002000000"/>
        <price t="2014-10-07" v="6878000000"/>
        <price t="2014-10-08" v="6807000000"/>
        <price t="2014-10-09" v="6835000000"/>
        <price t="2014-10-10" v="6658000000"/>
        <price t="2014-10-13" v="6770000000"/>
        <price t="2014-10-14" v="6745000000"/>
        <price t="2014-10-15" v="6561000000"/>
        <price t="2014-10-16" v="6700000000"/>
        <price t="2014-10-17" v="6931000000"/>
        <price t="2014-10-20" v="6792000000"/>
        <price t="2014-10-21" v="6958000000"/>
        <price t="2014-10-22" v="7006000000"/>
        <price t="2014-10-23" v="7103000000"/>
        <price t="2014-10-24" v="6878000000"/>
        <price t="2014-10-27" v="6662000000"/>
        <price t="2014-10-28" v="6834000000"/>
        <price t="2014-10-29" v="6856000000"/>
        <price t="2014-10-30" v="6857000000"/>
        <price t="2014-10-31" v="7024000000"/>
        <price t="2014-11-03" v="6908000000"/>
        <price t="2014-11-04" v="6828000000"/>
        <price t="2014-11-05" v="6986000000"/>
        <price t="2014-11-06" v="7087000000"/>
        <price t="2014-11-07" v="6996000000"/>
        <price t="2014-11-10" v="7027000000"/>
        <price t="2014-11-11" v="7025000000"/>
        <price t="2014-11-12" v="6930000000"/>
        <price t="2014-11-13" v="6897000000"/>
        <price t="2014-11-14" v="6913000000"/>
        <price t="2014-11-17" v="6955000000"/>
        <price t="2014-11-18" v="7133000000"/>
        <price t="2014-11-19" v="7148000000"/>
        <price t="2014-11-20" v="7110000000"/>
        <price t="2014-11-21" v="7375000000"/>
        <price t="2014-11-24" v="7442000000"/>
        <price t="2014-11-25" v="7472000000"/>
        <price t="2014-11-26" v="7521000000"/>
        <price t="2014-11-27" v="7450000000"/>
        <price t="2014-11-28" v="7301000000"/>
        <price t="2014-12-01" v="7255000000"/>
        <price t="2014-12-02" v="7311000000"/>
        <price t="2014-12-03" v="7365000000"/>
        <price t="2014-12-04" v="7288000000"/>
        <price t="2014-12-05" v="7430000000"/>
        <price t="2014-12-08" v="7357000000"/>
        <price t="2014-12-09" v="7242000000"/>
        <price t="2014-12-10" v="7217000000"/>
        <price t="2014-12-11" v="7240000000"/>
        <price t="2014-12-12" v="6916000000"/>
        <price t="2014-12-15" v="6708000000"/>
        <price t="2014-12-16" v="6890000000"/>
        <price t="2014-12-17" v="6910000000"/>
        <price t="2014-12-18" v="7063000000"/>
        <price t="2014-12-19" v="6952000000"/>
        <price t="2014-12-22" v="7027000000"/>
        <price t="2014-12-23" v="7101000000"/>
        <price t="2014-12-29" v="7090000000"/>
        <price t="2014-12-30" v="6988000000"/>
        <price t="2015-01-02" v="6969000000"/>
        <price t="2015-01-05" v="6671000000"/>
        <price t="2015-01-06" v="6669000000"/>
        <price t="2015-01-07" v="6713000000"/>
        <price t="2015-01-08" v="6987000000"/>
        <price t="2015-01-09" v="6812000000"/>
        <price t="2015-01-12" v="6881000000"/>
        <price t="2015-01-13" v="7103000000"/>
        <price t="2015-01-14" v="7032000000"/>
        <price t="2015-01-15" v="7195000000"/>
        <price t="2015-01-16" v="7267000000"/>
        <price t="2015-01-19" v="7336000000"/>
        <price t="2015-01-20" v="7408000000"/>
        <price t="2015-01-21" v="7452000000"/>
        <price t="2015-01-22" v="7568000000"/>
        <price t="2015-01-23" v="7683000000"/>
        <price t="2015-01-26" v="7767000000"/>
        <price t="2015-01-27" v="7720000000"/>
        <price t="2015-01-28" v="7857000000"/>
        <price t="2015-01-29" v="7916000000"/>
        <price t="2015-01-30" v="7950000000"/>
        <price t="2015-02-02" v="8115000000"/>
        <price t="2015-02-03" v="8079000000"/>
        <price t="2015-02-04" v="8098000000"/>
        <price t="2015-02-05" v="8143000000"/>
        <price t="2015-02-06" v="8090000000"/>
        <price t="2015-02-09" v="8027000000"/>
        <price t="2015-02-10" v="8067000000"/>
        <price t="2015-02-11" v="8094000000"/>
        <price t="2015-02-12" v="8270000000"/>
        <price t="2015-02-13" v="8325000000"/>
        <price t="2015-02-16" v="8281000000"/>
        <price t="2015-02-17" v="8224000000"/>
        <price t="2015-02-18" v="8293000000"/>
        <price t="2015-02-19" v="8271000000"/>
        <price t="2015-02-20" v="8349000000"/>
        <price t="2015-02-23" v="8356000000"/>
        <price t="2015-02-24" v="8461000000"/>
        <price t="2015-02-25" v="8512000000"/>
        <price t="2015-02-26" v="8702000000"/>
        <price t="2015-02-27" v="8565000000"/>
        <price t="2015-03-02" v="8578000000"/>
        <price t="2015-03-03" v="8525000000"/>
        <price t="2015-03-04" v="8585000000"/>
        <price t="2015-03-05" v="8736000000"/>
        <price t="2015-03-06" v="8817000000"/>
        <price t="2015-03-09" v="8847000000"/>
        <price t="2015-03-10" v="8740000000"/>
        <price t="2015-03-11" v="9048000000"/>
        <price t="2015-03-12" v="9000000000"/>
        <price t="2015-03-13" v="9053000000"/>
        <price t="2015-03-16" v="9275000000"/>
        <price t="2015-03-17" v="9115000000"/>
        <price t="2015-03-18" v="9061000000"/>
        <price t="2015-03-19" v="8993000000"/>
        <price t="2015-03-20" v="9233000000"/>
        <price t="2015-03-23" v="9145000000"/>
        <price t="2015-03-24" v="9268000000"/>
        <price t="2015-03-25" v="9092000000"/>
        <price t="2015-03-26" v="9150000000"/>
        <price t="2015-03-27" v="9207000000"/>
        <price t="2015-03-30" v="9430000000"/>
        <price t="2015-03-31" v="9255000000"/>
        <price t="2015-04-01" v="9325000000"/>
        <price t="2015-04-02" v="9264000000"/>
        <price t="2015-04-07" v="9507000000"/>
        <price t="2015-04-08" v="9400000000"/>
        <price t="2015-04-09" v="9502000000"/>
        <price t="2015-04-10" v="9672000000"/>
        <price t="2015-04-13" v="9589000000"/>
        <price t="2015-04-14" v="9484000000"/>
        <price t="2015-04-15" v="9486000000"/>
        <price t="2015-04-16" v="9135000000"/>
        <price t="2015-04-17" v="8918000000"/>
        <price t="2015-04-20" v="9203000000"/>
        <price t="2015-04-21" v="9253000000"/>
        <price t="2015-04-22" v="9132000000"/>
        <price t="2015-04-23" v="9047000000"/>
        <price t="2015-04-24" v="9139000000"/>
        <price t="2015-04-27" v="9370000000"/>
        <price t="2015-04-28" v="9234000000"/>
        <price t="2015-04-29" v="8907000000"/>
        <price t="2015-04-30" v="8948000000"/>
        <price t="2015-05-04" v="8924000000"/>
        <price t="2015-05-05" v="8593000000"/>
        <price t="2015-05-06" v="8635000000"/>
        <price t="2015-05-07" v="8613000000"/>
        <price t="2015-05-08" v="8835000000"/>
        <price t="2015-05-11" v="8754000000"/>
        <price t="2015-05-12" v="8591000000"/>
        <price t="2015-05-13" v="8477000000"/>
        <price t="2015-05-14" v="8689000000"/>
        <price t="2015-05-15" v="8598000000"/>
        <price t="2015-05-18" v="8686000000"/>
        <price t="2015-05-19" v="8838000000"/>
        <price t="2015-05-20" v="8795000000"/>
        <price t="2015-05-21" v="8798000000"/>
        <price t="2015-05-22" v="8790000000"/>
        <price t="2015-05-26" v="8603000000"/>
        <price t="2015-05-27" v="8685000000"/>
        <price t="2015-05-28" v="8624000000"/>
        <price t="2015-05-29" v="8420000000"/>
        <price t="2015-06-01" v="8416000000"/>
        <price t="2015-06-02" v="8321000000"/>
        <price t="2015-06-03" v="8438000000"/>
        <price t="2015-06-04" v="8325000000"/>
        <price t="2015-06-05" v="8216000000"/>
        <price t="2015-06-08" v="8087000000"/>
        <price t="2015-06-09" v="8085000000"/>
        <price t="2015-06-10" v="8301000000"/>
        <price t="2015-06-11" v="8378000000"/>
        <price t="2015-06-12" v="8220000000"/>
        <price t="2015-06-15" v="8110000000"/>
        <price t="2015-06-16" v="8094000000"/>
        <price t="2015-06-17" v="8074000000"/>
        <price t="2015-06-18" v="8184000000"/>
        <price t="2015-06-19" v="8092000000"/>
        <price t="2015-06-22" v="8461000000"/>
        <price t="2015-06-23" v="8525000000"/>
        <price t="2015-06-24" v="8385000000"/>
        <price t="2015-06-25" v="8345000000"/>
        <price t="2015-06-26" v="8315000000"/>
        <price t="2015-06-29" v="7995000000"/>
        <price t="2015-06-30" v="7882000000"/>
        <price t="2015-07-01" v="8068000000"/>
        <price t="2015-07-02" v="7972000000"/>
        <price t="2015-07-03" v="7967000000"/>
        <price t="2015-07-06" v="7800000000"/>
        <price t="2015-07-07" v="7606000000"/>
        <price t="2015-07-08" v="7677000000"/>
        <price t="2015-07-09" v="7862000000"/>
        <price t="2015-07-10" v="8169000000"/>
        <price t="2015-07-13" v="8310000000"/>
        <price t="2015-07-14" v="8356000000"/>
        <price t="2015-07-15" v="8390000000"/>
        <price t="2015-07-16" v="8485000000"/>
        <price t="2015-07-17" v="8443000000"/>
        <price t="2015-07-20" v="8525000000"/>
        <price t="2015-07-21" v="8437000000"/>
        <price t="2015-07-22" v="8273000000"/>
        <price t="2015-07-23" v="8287000000"/>
        <price t="2015-07-24" v="7910000000"/>
        <price t="2015-07-27" v="7690000000"/>
        <price t="2015-07-28" v="7730000000"/>
        <price t="2015-07-29" v="7731000000"/>
        <price t="2015-07-30" v="7760000000"/>
        <price t="2015-07-31" v="7855000000"/>
        <price t="2015-08-03" v="7918000000"/>
        <price t="2015-08-04" v="7926000000"/>
        <price t="2015-08-05" v="8118000000"/>
        <price t="2015-08-06" v="8147000000"/>
        <price t="2015-08-07" v="8127000000"/>
        <price t="2015-08-10" v="8226000000"/>
        <price t="2015-08-11" v="7958000000"/>
        <price t="2015-08-12" v="7664000000"/>
        <price t="2015-08-13" v="7669000000"/>
        <price t="2015-08-14" v="7629000000"/>
        <price t="2015-08-17" v="7574000000"/>
        <price t="2015-08-18" v="7531000000"/>
        <price t="2015-08-19" v="7326000000"/>
        <price t="2015-08-20" v="7142000000"/>
        <price t="2015-08-21" v="6926000000"/>
        <price t="2015-08-24" v="6642000000"/>
        <price t="2015-08-25" v="6953000000"/>
        <price t="2015-08-26" v="6882000000"/>
        <price t="2015-08-27" v="7164000000"/>
        <price t="2015-08-28" v="7188000000"/>
        <price t="2015-08-31" v="7182000000"/>
        <price t="2015-09-01" v="6996000000"/>
        <price t="2015-09-02" v="7043000000"/>
        <price t="2015-09-03" v="7134000000"/>
        <price t="2015-09-04" v="6959000000"/>
        <price t="2015-09-07" v="6991000000"/>
        <price t="2015-09-08" v="7067000000"/>
        <price t="2015-09-09" v="7096000000"/>
        <price t="2015-09-10" v="7021000000"/>
        <price t="2015-09-11" v="6970000000"/>
        <price t="2015-09-14" v="6968000000"/>
        <price t="2015-09-15" v="7008000000"/>
        <price t="2015-09-16" v="7067000000"/>
        <price t="2015-09-17" v="6980000000"/>
        <price t="2015-09-18" v="6732000000"/>
        <price t="2015-09-21" v="6831000000"/>
        <price t="2015-09-22" v="6645000000"/>
        <price t="2015-09-23" v="6662000000"/>
        <price t="2015-09-24" v="6574000000"/>
        <price t="2015-09-25" v="6764000000"/>
        <price t="2015-09-28" v="6609000000"/>
        <price t="2015-09-29" v="6666000000"/>
        <price t="2015-09-30" v="6832000000"/>
        <price t="2015-10-01" v="6646000000"/>
        <price t="2015-10-02" v="6671000000"/>
        <price t="2015-10-05" v="6873000000"/>
        <price t="2015-10-06" v="6954000000"/>
        <price t="2015-10-07" v="7111000000"/>
        <price t="2015-10-08" v="7177000000"/>
        <price t="2015-10-09" v="7304000000"/>
        <price t="2015-10-12" v="7267000000"/>
        <price t="2015-10-13" v="7164000000"/>
        <price t="2015-10-14" v="7004000000"/>
        <price t="2015-10-15" v="7132000000"/>
        <price t="2015-10-16" v="7102000000"/>
        <price t="2015-10-19" v="7133000000"/>
        <price t="2015-10-20" v="7121000000"/>
        <price t="2015-10-21" v="7158000000"/>
        <price t="2015-10-22" v="7429000000"/>
        <price t="2015-10-23" v="7664000000"/>
        <price t="2015-10-26" v="7659000000"/>
        <price t="2015-10-27" v="7298000000"/>
        <price t="2015-10-28" v="7336000000"/>
        <price t="2015-10-29" v="7388000000"/>
        <price t="2015-10-30" v="7453000000"/>
        <price t="2015-11-02" v="7516000000"/>
        <price t="2015-11-03" v="7602000000"/>
        <price t="2015-11-04" v="7604000000"/>
        <price t="2015-11-05" v="7581000000"/>
        <price t="2015-11-06" v="7713000000"/>
        <price t="2015-11-09" v="7646000000"/>
        <price t="2015-11-10" v="7593000000"/>
        <price t="2015-11-11" v="7614000000"/>
        <price t="2015-11-12" v="7463000000"/>
        <price t="2015-11-13" v="7402000000"/>
        <price t="2015-11-16" v="7421000000"/>
        <price t="2015-11-17" v="7635000000"/>
        <price t="2015-11-18" v="7635000000"/>
        <price t="2015-11-19" v="7732000000"/>
        <price t="2015-11-20" v="7767000000"/>
        <price t="2015-11-23" v="7775000000"/>
        <price t="2015-11-24" v="7652000000"/>
        <price t="2015-11-25" v="7800000000"/>
        <price t="2015-11-26" v="7862000000"/>
        <price t="2015-11-27" v="7788000000"/>
        <price t="2015-11-30" v="7834000000"/>
        <price t="2015-12-01" v="7677000000"/>
        <price t="2015-12-02" v="7617000000"/>
        <price t="2015-12-03" v="7287000000"/>
        <price t="2015-12-04" v="7236000000"/>
        <price t="2015-12-07" v="7269000000"/>
        <price t="2015-12-08" v="7120000000"/>
        <price t="2015-12-09" v="7072000000"/>
        <price t="2015-12-10" v="7050000000"/>
        <price t="2015-12-11" v="6886000000"/>
        <price t="2015-12-14" v="6801000000"/>
        <price t="2015-12-15" v="7005000000"/>
        <price t="2015-12-16" v="7022000000"/>
        <price t="2015-12-17" v="7138000000"/>
        <price t="2015-12-18" v="7022000000"/>
        <price t="2015-12-21" v="6895000000"/>
        <price t="2015-12-22" v="6899000000"/>
        <price t="2015-12-23" v="7095000000"/>
        <price t="2015-12-28" v="7031000000"/>
        <price t="2015-12-29" v="7152000000"/>
        <price t="2015-12-30" v="7072000000"/>
        <price t="2016-01-04" v="6758000000"/>
        <price t="2016-01-05" v="6720000000"/>
        <price t="2016-01-06" v="6608000000"/>
        <price t="2016-01-07" v="6447000000"/>
        <price t="2016-01-08" v="6368000000"/>
        <price t="2016-01-11" v="6325000000"/>
        <price t="2016-01-12" v="6431000000"/>
        <price t="2016-01-13" v="6428000000"/>
        <price t="2016-01-14" v="6392000000"/>
        <price t="2016-01-15" v="6181000000"/>
        <price t="2016-01-18" v="6079000000"/>
        <price t="2016-01-19" v="6117000000"/>
        <price t="2016-01-20" v="6012000000"/>
        <price t="2016-01-21" v="6151000000"/>
        <price t="2016-01-22" v="6294000000"/>
        <price t="2016-01-25" v="6168000000"/>
        <price t="2016-01-26" v="6208000000"/>
        <price t="2016-01-27" v="6095000000"/>
        <price t="2016-01-28" v="6065000000"/>
        <price t="2016-01-29" v="6110000000"/>
        <price t="2016-02-01" v="6044000000"/>
        <price t="2016-02-02" v="5891000000"/>
        <price t="2016-02-03" v="5882000000"/>
        <price t="2016-02-04" v="5933000000"/>
        <price t="2016-02-05" v="5940000000"/>
        <price t="2016-02-08" v="5784000000"/>
        <price t="2016-02-09" v="5740000000"/>
        <price t="2016-02-10" v="5786000000"/>
        <price t="2016-02-11" v="5670000000"/>
        <price t="2016-02-12" v="5785000000"/>
        <price t="2016-02-15" v="5913000000"/>
        <price t="2016-02-16" v="5836000000"/>
        <price t="2016-02-17" v="5989000000"/>
        <price t="2016-02-18" v="6037000000"/>
        <price t="2016-02-19" v="6004000000"/>
        <price t="2016-02-22" v="6127000000"/>
        <price t="2016-02-23" v="5987000000"/>
        <price t="2016-02-24" v="5807000000"/>
        <price t="2016-02-25" v="5919000000"/>
        <price t="2016-02-26" v="6096000000"/>
        <price t="2016-02-29" v="6018000000"/>
        <price t="2016-03-01" v="6207000000"/>
        <price t="2016-03-02" v="6225000000"/>
        <price t="2016-03-03" v="6291000000"/>
        <price t="2016-03-04" v="6328000000"/>
        <price t="2016-03-07" v="6356000000"/>
        <price t="2016-03-08" v="6369000000"/>
        <price t="2016-03-09" v="6435000000"/>
        <price t="2016-03-10" v="6216000000"/>
        <price t="2016-03-11" v="6441000000"/>
        <price t="2016-03-14" v="6550000000"/>
        <price t="2016-03-15" v="6497000000"/>
        <price t="2016-03-16" v="6530000000"/>
        <price t="2016-03-17" v="6500000000"/>
        <price t="2016-03-18" v="6648000000"/>
        <price t="2016-03-21" v="6694000000"/>
        <price t="2016-03-22" v="6731000000"/>
        <price t="2016-03-23" v="6734000000"/>
        <price t="2016-03-24" v="6604000000"/>
        <price t="2016-03-29" v="6593000000"/>
        <price t="2016-03-30" v="6712000000"/>
        <price t="2016-03-31" v="6630000000"/>
        <price t="2016-04-01" v="6512000000"/>
        <price t="2016-04-04" v="6498000000"/>
        <price t="2016-04-05" v="6304000000"/>
        <price t="2016-04-06" v="6302000000"/>
        <price t="2016-04-07" v="6201000000"/>
        <price t="2016-04-08" v="6309000000"/>
        <price t="2016-04-11" v="6411000000"/>
        <price t="2016-04-12" v="6483000000"/>
        <price t="2016-04-13" v="6692000000"/>
        <price t="2016-04-14" v="6817000000"/>
        <price t="2016-04-15" v="6826000000"/>
        <price t="2016-04-18" v="6847000000"/>
        <price t="2016-04-19" v="6999000000"/>
        <price t="2016-04-20" v="7110000000"/>
        <price t="2016-04-21" v="7106000000"/>
        <price t="2016-04-22" v="7093000000"/>
        <price t="2016-04-25" v="7033000000"/>
        <price t="2016-04-26" v="7057000000"/>
        <price t="2016-04-27" v="7193000000"/>
        <price t="2016-04-28" v="7274000000"/>
        <price t="2016-04-29" v="7215000000"/>
        <price t="2016-05-02" v="6977000000"/>
        <price t="2016-05-03" v="6811000000"/>
        <price t="2016-05-04" v="6729000000"/>
        <price t="2016-05-05" v="6792000000"/>
        <price t="2016-05-06" v="6840000000"/>
        <price t="2016-05-09" v="6878000000"/>
        <price t="2016-05-10" v="6900000000"/>
        <price t="2016-05-11" v="6841000000"/>
        <price t="2016-05-12" v="6697000000"/>
        <price t="2016-05-13" v="6773000000"/>
        <price t="2016-05-17" v="6769000000"/>
        <price t="2016-05-18" v="6765000000"/>
        <price t="2016-05-19" v="6655000000"/>
        <price t="2016-05-20" v="6729000000"/>
        <price t="2016-05-23" v="6723000000"/>
        <price t="2016-05-24" v="6911000000"/>
        <price t="2016-05-25" v="6976000000"/>
        <price t="2016-05-26" v="7005000000"/>
        <price t="2016-05-27" v="6992000000"/>
        <price t="2016-05-30" v="7008000000"/>
        <price t="2016-05-31" v="6943000000"/>
        <price t="2016-06-01" v="6955000000"/>
        <price t="2016-06-02" v="6954000000"/>
        <price t="2016-06-03" v="6835000000"/>
        <price t="2016-06-06" v="6883000000"/>
        <price t="2016-06-07" v="7069000000"/>
        <price t="2016-06-08" v="7022000000"/>
        <price t="2016-06-09" v="6955000000"/>
        <price t="2016-06-10" v="6777000000"/>
        <price t="2016-06-13" v="6687000000"/>
        <price t="2016-06-14" v="6646000000"/>
        <price t="2016-06-15" v="6798000000"/>
        <price t="2016-06-16" v="6784000000"/>
        <price t="2016-06-17" v="6751000000"/>
        <price t="2016-06-20" v="6971000000"/>
        <price t="2016-06-21" v="6981000000"/>
        <price t="2016-06-22" v="7052000000"/>
        <price t="2016-06-23" v="7187000000"/>
        <price t="2016-06-24" v="6707000000"/>
        <price t="2016-06-27" v="6519000000"/>
        <price t="2016-06-28" v="6581000000"/>
        <price t="2016-06-29" v="6753000000"/>
        <price t="2016-06-30" v="6864000000"/>
        <price t="2016-07-01" v="6946000000"/>
        <price t="2016-07-04" v="6887000000"/>
        <price t="2016-07-05" v="6762000000"/>
        <price t="2016-07-06" v="6605000000"/>
        <price t="2016-07-07" v="6602000000"/>
        <price t="2016-07-08" v="6701000000"/>
        <price t="2016-07-11" v="6881000000"/>
        <price t="2016-07-12" v="6949000000"/>
        <price t="2016-07-13" v="6944000000"/>
        <price t="2016-07-14" v="7194000000"/>
        <price t="2016-07-15" v="7177000000"/>
        <price t="2016-07-18" v="7168000000"/>
        <price t="2016-07-19" v="7135000000"/>
        <price t="2016-07-20" v="7172000000"/>
        <price t="2016-07-21" v="7192000000"/>
        <price t="2016-07-22" v="7151000000"/>
        <price t="2016-07-25" v="7178000000"/>
        <price t="2016-07-26" v="7198000000"/>
        <price t="2016-07-27" v="7058000000"/>
        <price t="2016-07-28" v="7062000000"/>
        <price t="2016-07-29" v="7026000000"/>
        <price t="2016-08-01" v="7035000000"/>
        <price t="2016-08-02" v="6897000000"/>
        <price t="2016-08-03" v="6900000000"/>
        <price t="2016-08-04" v="6893000000"/>
        <price t="2016-08-05" v="6959000000"/>
        <price t="2016-08-08" v="7026000000"/>
        <price t="2016-08-09" v="7225000000"/>
        <price t="2016-08-10" v="7242000000"/>
        <price t="2016-08-11" v="7276000000"/>
        <price t="2016-08-12" v="7297000000"/>
        <price t="2016-08-15" v="7307000000"/>
        <price t="2016-08-16" v="7285000000"/>
        <price t="2016-08-17" v="7208000000"/>
        <price t="2016-08-18" v="7275000000"/>
        <price t="2016-08-19" v="7214000000"/>
        <price t="2016-08-22" v="7151000000"/>
        <price t="2016-08-23" v="7250000000"/>
        <price t="2016-08-24" v="7302000000"/>
        <price t="2016-08-25" v="7245000000"/>
        <price t="2016-08-26" v="7264000000"/>
        <price t="2016-08-29" v="7237000000"/>
        <price t="2016-08-30" v="7330000000"/>
        <price t="2016-08-31" v="7290000000"/>
        <price t="2016-09-01" v="7249000000"/>
        <price t="2016-09-02" v="7310000000"/>
        <price t="2016-09-05" v="7322000000"/>
        <price t="2016-09-06" v="7305000000"/>
        <price t="2016-09-07" v="7429000000"/>
        <price t="2016-09-08" v="7374000000"/>
        <price t="2016-09-09" v="7258000000"/>
        <price t="2016-09-12" v="7142000000"/>
        <price t="2016-09-13" v="7119000000"/>
        <price t="2016-09-14" v="7129000000"/>
        <price t="2016-09-15" v="7160000000"/>
        <price t="2016-09-16" v="7030000000"/>
        <price t="2016-09-19" v="7069000000"/>
        <price t="2016-09-20" v="7109000000"/>
        <price t="2016-09-21" v="7156000000"/>
        <price t="2016-09-22" v="7355000000"/>
        <price t="2016-09-23" v="7331000000"/>
        <price t="2016-09-26" v="7248000000"/>
        <price t="2016-09-27" v="7236000000"/>
        <price t="2016-09-28" v="7306000000"/>
        <price t="2016-09-29" v="7436000000"/>
        <price t="2016-09-30" v="7611000000"/>
        <price t="2016-10-04" v="7758000000"/>
        <price t="2016-10-05" v="7744000000"/>
        <price t="2016-10-06" v="7824000000"/>
        <price t="2016-10-07" v="7815000000"/>
        <price t="2016-10-10" v="7852000000"/>
        <price t="2016-10-11" v="7833000000"/>
        <price t="2016-10-12" v="7833000000"/>
        <price t="2016-10-13" v="7783000000"/>
        <price t="2016-10-14" v="7926000000"/>
        <price t="2016-10-17" v="7828000000"/>
        <price t="2016-10-18" v="7893000000"/>
        <price t="2016-10-19" v="7911000000"/>
        <price t="2016-10-20" v="7964000000"/>
        <price t="2016-10-21" v="7981000000"/>
        <price t="2016-10-24" v="8000000000"/>
        <price t="2016-10-25" v="8044000000"/>
        <price t="2016-10-26" v="7958000000"/>
        <price t="2016-10-27" v="8016000000"/>
        <price t="2016-10-28" v="8052000000"/>
        <price t="2016-10-31" v="8030000000"/>
        <price t="2016-11-01" v="7895000000"/>
        <price t="2016-11-02" v="7810000000"/>
        <price t="2016-11-03" v="7721000000"/>
        <price t="2016-11-04" v="7705000000"/>
        <price t="2016-11-07" v="7838000000"/>
        <price t="2016-11-08" v="7925000000"/>
        <price t="2016-11-09" v="8013000000"/>
        <price t="2016-11-10" v="8135000000"/>
        <price t="2016-11-11" v="8088000000"/>
        <price t="2016-11-14" v="8157000000"/>
        <price t="2016-11-15" v="8157000000"/>
        <price t="2016-11-16" v="8106000000"/>
        <price t="2016-11-17" v="8120000000"/>
        <price t="2016-11-18" v="8040000000"/>
        <price t="2016-11-21" v="8019000000"/>
        <price t="2016-11-22" v="8063000000"/>
        <price t="2016-11-23" v="8015000000"/>
        <price t="2016-11-24" v="8061000000"/>
        <price t="2016-11-25" v="8050000000"/>
        <price t="2016-11-28" v="7881000000"/>
        <price t="2016-11-29" v="7868000000"/>
        <price t="2016-11-30" v="8099000000"/>
        <price t="2016-12-01" v="8106000000"/>
        <price t="2016-12-02" v="8101000000"/>
        <price t="2016-12-05" v="8298000000"/>
        <price t="2016-12-06" v="8314000000"/>
        <price t="2016-12-07" v="8482000000"/>
        <price t="2016-12-08" v="8572000000"/>
        <price t="2016-12-09" v="8538000000"/>
        <price t="2016-12-12" v="8588000000"/>
        <price t="2016-12-13" v="8604000000"/>
        <price t="2016-12-14" v="8582000000"/>
        <price t="2016-12-15" v="8636000000"/>
        <price t="2016-12-16" v="8772000000"/>
        <price t="2016-12-19" v="8768000000"/>
        <price t="2016-12-20" v="8756000000"/>
        <price t="2016-12-21" v="8761000000"/>
        <price t="2016-12-22" v="8781000000"/>
        <price t="2016-12-23" v="8745000000"/>
        <price t="2016-12-27" v="8774000000"/>
        <price t="2016-12-28" v="8800000000"/>
        <price t="2016-12-29" v="8796000000"/>
        <price t="2016-12-30" v="8831000000"/>
        <price t="2017-01-02" v="8870000000"/>
        <price t="2017-01-03" v="8770000000"/>
        <price t="2017-01-04" v="8815000000"/>
        <price t="2017-01-05" v="8779000000"/>
        <price t="2017-01-06" v="8752000000"/>
        <price t="2017-01-09" v="8766000000"/>
        <price t="2017-01-10" v="8810000000"/>
        <price t="2017-01-11" v="8905000000"/>
        <price t="2017-01-12" v="8818000000"/>
        <price t="2017-01-13" v="8906000000"/>
        <price t="2017-01-16" v="8829000000"/>
        <price t="2017-01-17" v="8863000000"/>
        <price t="2017-01-18" v="8905000000"/>
        <price t="2017-01-19" v="8950000000"/>
        <price t="2017-01-20" v="8992000000"/>
        <price t="2017-01-23" v="8901000000"/>
        <price t="2017-01-24" v="8929000000"/>
        <price t="2017-01-25" v="9030000000"/>
        <price t="2017-01-26" v="9080000000"/>
        <price t="2017-01-27" v="9118000000"/>
        <price t="2017-01-30" v="9037000000"/>
        <price t="2017-01-31" v="8912000000"/>
        <price t="2017-02-01" v="8977000000"/>
        <price t="2017-02-02" v="8954000000"/>
        <price t="2017-02-03" v="8907000000"/>
        <price t="2017-02-06" v="8761000000"/>
        <price t="2017-02-07" v="8900000000"/>
        <price t="2017-02-08" v="8755000000"/>
        <price t="2017-02-09" v="8823000000"/>
        <price t="2017-02-10" v="8855000000"/>
        <price t="2017-02-13" v="8979000000"/>
        <price t="2017-02-14" v="8980000000"/>
        <price t="2017-02-15" v="9004000000"/>
        <price t="2017-02-16" v="8939000000"/>
        <price t="2017-02-17" v="8910000000"/>
        <price t="2017-02-20" v="8964000000"/>
        <price t="2017-02-21" v="9026000000"/>
        <price t="2017-02-22" v="9003000000"/>
        <price t="2017-02-23" v="8995000000"/>
        <price t="2017-02-24" v="8736000000"/>
        <price t="2017-02-27" v="8770000000"/>
        <price t="2017-02-28" v="8790000000"/>
        <price t="2017-03-01" v="8981000000"/>
        <price t="2017-03-02" v="9036000000"/>
        <price t="2017-03-03" v="9027000000"/>
        <price t="2017-03-06" v="9008000000"/>
        <price t="2017-03-07" v="9048000000"/>
        <price t="2017-03-08" v="9020000000"/>
        <price t="2017-03-09" v="9023000000"/>
        <price t="2017-03-10" v="8930000000"/>
        <price t="2017-03-13" v="8904000000"/>
        <price t="2017-03-14" v="8895000000"/>
        <price t="2017-03-15" v="8928000000"/>
        <price t="2017-03-16" v="8973000000"/>
        <price t="2017-03-17" v="8931000000"/>
        <price t="2017-03-20" v="8900000000"/>
        <price t="2017-03-21" v="8858000000"/>
        <price t="2017-03-22" v="8870000000"/>
        <price t="2017-03-23" v="8965000000"/>
        <price t="2017-03-24" v="9026000000"/>
        <price t="2017-03-27" v="9003000000"/>
        <price t="2017-03-28" v="9154000000"/>
        <price t="2017-03-29" v="9210000000"/>
        <price t="2017-03-30" v="9300000000"/>
        <price t="2017-03-31" v="9292000000"/>
        <price t="2017-04-03" v="9305000000"/>
        <price t="2017-04-04" v="9382000000"/>
        <price t="2017-04-05" v="9313000000"/>
        <price t="2017-04-06" v="9351000000"/>
        <price t="2017-04-07" v="9327000000"/>
        <price t="2017-04-10" v="9279000000"/>
        <price t="2017-04-11" v="9181000000"/>
        <price t="2017-04-12" v="9145000000"/>
        <price t="2017-04-13" v="9077000000"/>
        <price t="2017-04-18" v="8954000000"/>
        <price t="2017-04-19" v="8876000000"/>
        <price t="2017-04-20" v="8850000000"/>
        <price t="2017-04-21" v="8877000000"/>
        <price t="2017-04-24" v="9253000000"/>
        <price t="2017-04-25" v="9216000000"/>
        <price t="2017-04-26" v="9119000000"/>
        <price t="2017-04-27" v="8998000000"/>
        <price t="2017-04-28" v="8946000000"/>
        <price t="2017-05-02" v="8954000000"/>
        <price t="2017-05-03" v="8953000000"/>
        <price t="2017-05-04" v="9006000000"/>
        <price t="2017-05-05" v="9014000000"/>
        <price t="2017-05-08" v="8924000000"/>
        <price t="2017-05-09" v="8993000000"/>
        <price t="2017-05-10" v="9008000000"/>
        <price t="2017-05-11" v="9011000000"/>
        <price t="2017-05-12" v="8956000000"/>
        <price t="2017-05-15" v="8835000000"/>
        <price t="2017-05-16" v="8733000000"/>
        <price t="2017-05-17" v="8549000000"/>
        <price t="2017-05-18" v="8560000000"/>
        <price t="2017-05-19" v="8574000000"/>
        <price t="2017-05-22" v="8518000000"/>
        <price t="2017-05-23" v="8549000000"/>
        <price t="2017-05-24" v="8460000000"/>
        <price t="2017-05-25" v="8428000000"/>
        <price t="2017-05-26" v="8386000000"/>
        <price t="2017-05-29" v="8470000000"/>
        <price t="2017-05-30" v="8417000000"/>
        <price t="2017-05-31" v="8384000000"/>
        <price t="2017-06-01" v="8383000000"/>
        <price t="2017-06-02" v="8531000000"/>
        <price t="2017-06-06" v="8439000000"/>
        <price t="2017-06-07" v="8390000000"/>
        <price t="2017-06-08" v="8426000000"/>
        <price t="2017-06-09" v="8659000000"/>
        <price t="2017-06-12" v="8602000000"/>
        <price t="2017-06-13" v="8634000000"/>
        <price t="2017-06-14" v="8618000000"/>
        <price t="2017-06-15" v="8493000000"/>
        <price t="2017-06-16" v="8503000000"/>
        <price t="2017-06-19" v="8712000000"/>
        <price t="2017-06-20" v="8655000000"/>
        <price t="2017-06-21" v="8589000000"/>
        <price t="2017-06-22" v="8556000000"/>
        <price t="2017-06-23" v="8498000000"/>
        <price t="2017-06-26" v="8489000000"/>
        <price t="2017-06-27" v="8439000000"/>
        <price t="2017-06-28" v="8392000000"/>
        <price t="2017-06-29" v="8226000000"/>
        <price t="2017-06-30" v="8109000000"/>
        <price t="2017-07-03" v="8257000000"/>
        <price t="2017-07-04" v="8236000000"/>
        <price t="2017-07-05" v="8213000000"/>
        <price t="2017-07-06" v="8134000000"/>
        <price t="2017-07-07" v="8112000000"/>
        <price t="2017-07-10" v="8147000000"/>
        <price t="2017-07-11" v="8182000000"/>
        <price t="2017-07-12" v="8212000000"/>
        <price t="2017-07-13" v="8270000000"/>
        <price t="2017-07-14" v="8372000000"/>
        <price t="2017-07-17" v="8361000000"/>
        <price t="2017-07-18" v="8178000000"/>
        <price t="2017-07-19" v="8172000000"/>
        <price t="2017-07-20" v="8179000000"/>
        <price t="2017-07-21" v="8088000000"/>
        <price t="2017-07-24" v="8092000000"/>
        <price t="2017-07-25" v="8100000000"/>
        <price t="2017-07-26" v="8133000000"/>
        <price t="2017-07-27" v="7974000000"/>
        <price t="2017-07-28" v="7964000000"/>
        <price t="2017-07-31" v="8059000000"/>
        <price t="2017-08-01" v="8125000000"/>
        <price t="2017-08-02" v="8071000000"/>
        <price t="2017-08-03" v="8060000000"/>
        <price t="2017-08-04" v="8211000000"/>
        <price t="2017-08-07" v="8171000000"/>
        <price t="2017-08-08" v="8170000000"/>
        <price t="2017-08-09" v="8064000000"/>
        <price t="2017-08-10" v="7980000000"/>
        <price t="2017-08-11" v="7987000000"/>
        <price t="2017-08-14" v="8095000000"/>
        <price t="2017-08-15" v="8093000000"/>
        <price t="2017-08-16" v="8183000000"/>
        <price t="2017-08-17" v="8148000000"/>
        <price t="2017-08-18" v="8140000000"/>
        <price t="2017-08-21" v="8044000000"/>
        <price t="2017-08-22" v="8222000000"/>
        <price t="2017-08-23" v="8237000000"/>
        <price t="2017-08-24" v="8258000000"/>
        <price t="2017-08-25" v="8230000000"/>
        <price t="2017-08-28" v="8176000000"/>
        <price t="2017-08-29" v="8067000000"/>
        <price t="2017-08-30" v="8148000000"/>
        <price t="2017-08-31" v="8137000000"/>
        <price t="2017-09-01" v="8244000000"/>
        <price t="2017-09-04" v="8224000000"/>
        <price t="2017-09-05" v="8267000000"/>
        <price t="2017-09-06" v="8317000000"/>
        <price t="2017-09-07" v="8390000000"/>
        <price t="2017-09-08" v="8440000000"/>
        <price t="2017-09-11" v="8560000000"/>
        <price t="2017-09-12" v="8604000000"/>
        <price t="2017-09-13" v="8613000000"/>
        <price t="2017-09-14" v="8610000000"/>
        <price t="2017-09-15" v="8620000000"/>
        <price t="2017-09-18" v="8746000000"/>
        <price t="2017-09-19" v="8733000000"/>
        <price t="2017-09-20" v="8785000000"/>
        <price t="2017-09-21" v="8843000000"/>
        <price t="2017-09-22" v="8834000000"/>
        <price t="2017-09-25" v="8863000000"/>
        <price t="2017-09-26" v="8889000000"/>
        <price t="2017-09-27" v="8861000000"/>
        <price t="2017-09-28" v="8912000000"/>
        <price t="2017-09-29" v="9004000000"/>
        <price t="2017-10-02" v="8987000000"/>
        <price t="2017-10-04" v="8957000000"/>
        <price t="2017-10-05" v="9033000000"/>
        <price t="2017-10-06" v="8997000000"/>
        <price t="2017-10-09" v="9021000000"/>
        <price t="2017-10-10" v="9000000000"/>
        <price t="2017-10-11" v="8924000000"/>
        <price t="2017-10-12" v="8931000000"/>
        <price t="2017-10-13" v="8890000000"/>
        <price t="2017-10-16" v="8903000000"/>
        <price t="2017-10-17" v="8931000000"/>
        <price t="2017-10-18" v="9027000000"/>
        <price t="2017-10-19" v="9005000000"/>
        <price t="2017-10-20" v="9045000000"/>
        <price t="2017-10-23" v="9100000000"/>
        <price t="2017-10-24" v="9011000000"/>
        <price t="2017-10-25" v="9105000000"/>
        <price t="2017-10-26" v="9262000000"/>
        <price t="2017-10-27" v="9383000000"/>
        <price t="2017-10-30" v="9362000000"/>
        <price t="2017-11-01" v="9601000000"/>
        <price t="2017-11-02" v="9599000000"/>
        <price t="2017-11-03" v="9701000000"/>
        <price t="2017-11-06" v="9746000000"/>
        <price t="2017-11-07" v="9660000000"/>
        <price t="2017-11-08" v="9667000000"/>
        <price t="2017-11-09" v="9514000000"/>
        <price t="2017-11-10" v="9443000000"/>
        <price t="2017-11-13" v="9382000000"/>
        <price t="2017-11-14" v="9304000000"/>
        <price t="2017-11-15" v="9253000000"/>
        <price t="2017-11-16" v="9257000000"/>
        <price t="2017-11-17" v="9201000000"/>
        <price t="2017-11-20" v="9256000000"/>
        <price t="2017-11-21" v="9357000000"/>
        <price t="2017-11-22" v="9268000000"/>
        <price t="2017-11-23" v="9241000000"/>
        <price t="2017-11-24" v="9510000000"/>
        <price t="2017-11-27" v="9335000000"/>
        <price t="2017-11-28" v="9410000000"/>
        <price t="2017-11-29" v="9363000000"/>
        <price t="2017-11-30" v="9400000000"/>
        <price t="2017-12-01" v="9264000000"/>
        <price t="2017-12-04" v="9430000000"/>
        <price t="2017-12-05" v="9410000000"/>
        <price t="2017-12-06" v="9389000000"/>
        <price t="2017-12-07" v="9307000000"/>
        <price t="2017-12-08" v="9408000000"/>
        <price t="2017-12-11" v="9386000000"/>
        <price t="2017-12-12" v="9421000000"/>
        <price t="2017-12-13" v="9415000000"/>
        <price t="2017-12-14" v="9375000000"/>
        <price t="2017-12-15" v="9367000000"/>
        <price t="2017-12-18" v="9546000000"/>
        <price t="2017-12-19" v="9428000000"/>
        <price t="2017-12-20" v="9313000000"/>
        <price t="2017-12-21" v="9369000000"/>
        <price t="2017-12-22" v="9351000000"/>
        <price t="2017-12-27" v="9359000000"/>
        <price t="2017-12-28" v="9278000000"/>
        <price t="2017-12-29" v="9174000000"/>
        <price t="2018-01-02" v="9131000000"/>
        <price t="2018-01-03" v="9158000000"/>
        <price t="2018-01-04" v="9355000000"/>
        <price t="2018-01-05" v="9485000000"/>
        <price t="2018-01-08" v="9501000000"/>
        <price t="2018-01-09" v="9470000000"/>
        <price t="2018-01-10" v="9328000000"/>
        <price t="2018-01-11" v="9398000000"/>
        <price t="2018-01-12" v="9487000000"/>
        <price t="2018-01-15" v="9411000000"/>
        <price t="2018-01-16" v="9390000000"/>
        <price t="2018-01-17" v="9358000000"/>
        <price t="2018-01-18" v="9615000000"/>
        <price t="2018-01-19" v="9767000000"/>
        <price t="2018-01-22" v="9716000000"/>
        <price t="2018-01-23" v="9727000000"/>
        <price t="2018-01-24" v="9622000000"/>
        <price t="2018-01-25" v="9535000000"/>
        <price t="2018-01-26" v="9529000000"/>
        <price t="2018-01-29" v="9517000000"/>
        <price t="2018-01-30" v="9470000000"/>
        <price t="2018-01-31" v="9432000000"/>
        <price t="2018-02-01" v="9260000000"/>
        <price t="2018-02-02" v="9039000000"/>
        <price t="2018-02-05" v="8994000000"/>
        <price t="2018-02-06" v="8848000000"/>
        <price t="2018-02-07" v="8929000000"/>
        <price t="2018-02-08" v="8634000000"/>
        <price t="2018-02-09" v="8483000000"/>
        <price t="2018-02-12" v="8609000000"/>
        <price t="2018-02-13" v="8562000000"/>
        <price t="2018-02-14" v="8630000000"/>
        <price t="2018-02-15" v="8644000000"/>
        <price t="2018-02-16" v="8674000000"/>
        <price t="2018-02-19" v="8625000000"/>
        <price t="2018-02-20" v="8748000000"/>
        <price t="2018-02-21" v="8749000000"/>
        <price t="2018-02-22" v="8811000000"/>
        <price t="2018-02-23" v="8807000000"/>
        <price t="2018-02-26" v="8886000000"/>
        <price t="2018-02-27" v="8698000000"/>
        <price t="2018-02-28" v="8641000000"/>
        <price t="2018-03-01" v="8497000000"/>
        <price t="2018-03-02" v="8282000000"/>
        <price t="2018-03-05" v="8416000000"/>
        <price t="2018-03-06" v="8348000000"/>
        <price t="2018-03-07" v="8465000000"/>
        <price t="2018-03-08" v="8532000000"/>
        <price t="2018-03-09" v="8499000000"/>
        <price t="2018-03-12" v="8546000000"/>
        <price t="2018-03-13" v="8389000000"/>
        <price t="2018-03-14" v="8330000000"/>
        <price t="2018-03-15" v="8403000000"/>
        <price t="2018-03-16" v="8474000000"/>
        <price t="2018-03-19" v="8360000000"/>
        <price t="2018-03-20" v="8443000000"/>
        <price t="2018-03-21" v="8478000000"/>
        <price t="2018-03-22" v="8251000000"/>
        <price t="2018-03-23" v="8107000000"/>
        <price t="2018-03-26" v="8083000000"/>
        <price t="2018-03-27" v="8250000000"/>
        <price t="2018-03-28" v="8122000000"/>
        <price t="2018-03-29" v="8247000000"/>
        <price t="2018-04-03" v="8189000000"/>
        <price t="2018-04-04" v="8201000000"/>
        <price t="2018-04-05" v="8440000000"/>
        <price t="2018-04-06" v="8399000000"/>
        <price t="2018-04-09" v="8353000000"/>
        <price t="2018-04-10" v="8404000000"/>
        <price t="2018-04-11" v="8298000000"/>
        <price t="2018-04-12" v="8395000000"/>
        <price t="2018-04-13" v="8412000000"/>
        <price t="2018-04-16" v="8419000000"/>
        <price t="2018-04-17" v="8532000000"/>
        <price t="2018-04-18" v="8601000000"/>
        <price t="2018-04-19" v="8607000000"/>
        <price t="2018-04-20" v="8669000000"/>
        <price t="2018-04-23" v="8705000000"/>
        <price t="2018-04-24" v="8640000000"/>
        <price t="2018-04-25" v="8442000000"/>
        <price t="2018-04-26" v="8460000000"/>
        <price t="2018-04-27" v="8607000000"/>
        <price t="2018-04-30" v="8632000000"/>
        <price t="2018-05-02" v="8728000000"/>
        <price t="2018-05-03" v="8579000000"/>
        <price t="2018-05-04" v="8688000000"/>
        <price t="2018-05-07" v="8565000000"/>
        <price t="2018-05-08" v="8589000000"/>
        <price t="2018-05-09" v="8614000000"/>
        <price t="2018-05-10" v="8738000000"/>
        <price t="2018-05-11" v="8687000000"/>
        <price t="2018-05-14" v="8676000000"/>
        <price t="2018-05-15" v="8763000000"/>
        <price t="2018-05-16" v="8858000000"/>
        <price t="2018-05-17" v="8890000000"/>
        <price t="2018-05-18" v="8897000000"/>
        <price t="2018-05-22" v="8980000000"/>
        <price t="2018-05-23" v="8775000000"/>
        <price t="2018-05-24" v="8711000000"/>
        <price t="2018-05-25" v="8764000000"/>
        <price t="2018-05-28" v="8663000000"/>
        <price t="2018-05-29" v="8528000000"/>
        <price t="2018-05-30" v="8594000000"/>
        <price t="2018-05-31" v="8425000000"/>
        <price t="2018-06-01" v="8493000000"/>
        <price t="2018-06-04" v="8502000000"/>
        <price t="2018-06-05" v="8535000000"/>
        <price t="2018-06-06" v="8564000000"/>
        <price t="2018-06-07" v="8529000000"/>
        <price t="2018-06-08" v="8588000000"/>
        <price t="2018-06-11" v="8779000000"/>
        <price t="2018-06-12" v="8745000000"/>
        <price t="2018-06-13" v="8663000000"/>
        <price t="2018-06-14" v="8807000000"/>
        <price t="2018-06-15" v="8750000000"/>
        <price t="2018-06-18" v="8625000000"/>
        <price t="2018-06-19" v="8496000000"/>
        <price t="2018-06-20" v="8509000000"/>
        <price t="2018-06-21" v="8340000000"/>
        <price t="2018-06-22" v="8355000000"/>
        <price t="2018-06-25" v="8116000000"/>
        <price t="2018-06-26" v="8046000000"/>
        <price t="2018-06-27" v="8177000000"/>
        <price t="2018-06-28" v="8092000000"/>
        <price t="2018-06-29" v="8191000000"/>
        <price t="2018-07-02" v="8127000000"/>
        <price t="2018-07-03" v="8158000000"/>
        <price t="2018-07-04" v="8098000000"/>
        <price t="2018-07-05" v="8208000000"/>
        <price t="2018-07-06" v="8231000000"/>
        <price t="2018-07-09" v="8243000000"/>
        <price t="2018-07-10" v="8287000000"/>
        <price t="2018-07-11" v="8099000000"/>
        <price t="2018-07-12" v="8145000000"/>
        <price t="2018-07-13" v="8190000000"/>
        <price t="2018-07-16" v="8159000000"/>
        <price t="2018-07-17" v="8308000000"/>
        <price t="2018-07-18" v="8432000000"/>
        <price t="2018-07-19" v="8390000000"/>
        <price t="2018-07-20" v="8279000000"/>
        <price t="2018-07-23" v="8244000000"/>
        <price t="2018-07-24" v="8421000000"/>
        <price t="2018-07-25" v="8310000000"/>
        <price t="2018-07-26" v="8462000000"/>
        <price t="2018-07-27" v="8234000000"/>
        <price t="2018-07-30" v="8206000000"/>
        <price t="2018-07-31" v="8216000000"/>
        <price t="2018-08-01" v="8254000000"/>
        <price t="2018-08-02" v="8025000000"/>
        <price t="2018-08-03" v="8003000000"/>
        <price t="2018-08-06" v="8049000000"/>
        <price t="2018-08-07" v="8040000000"/>
        <price t="2018-08-08" v="8035000000"/>
        <price t="2018-08-09" v="8056000000"/>
        <price t="2018-08-10" v="7873000000"/>
        <price t="2018-08-13" v="7884000000"/>
        <price t="2018-08-14" v="7893000000"/>
        <price t="2018-08-15" v="7750000000"/>
        <price t="2018-08-16" v="7746000000"/>
        <price t="2018-08-17" v="7757000000"/>
        <price t="2018-08-20" v="7886000000"/>
        <price t="2018-08-21" v="7909000000"/>
        <price t="2018-08-22" v="7949000000"/>
        <price t="2018-08-23" v="7932000000"/>
        <price t="2018-08-24" v="7980000000"/>
        <price t="2018-08-27" v="8073000000"/>
        <price t="2018-08-28" v="8055000000"/>
        <price t="2018-08-29" v="8093000000"/>
        <price t="2018-08-30" v="8082000000"/>
        <price t="2018-08-31" v="7969000000"/>
        <price t="2018-09-03" v="7960000000"/>
        <price t="2018-09-04" v="7827000000"/>
        <price t="2018-09-05" v="7725000000"/>
        <price t="2018-09-06" v="7683000000"/>
        <price t="2018-09-07" v="7694000000"/>
        <price t="2018-09-10" v="7635000000"/>
        <price t="2018-09-11" v="7630000000"/>
        <price t="2018-09-12" v="7716000000"/>
        <price t="2018-09-13" v="7798000000"/>
        <price t="2018-09-14" v="7788000000"/>
        <price t="2018-09-17" v="7787000000"/>
        <price t="2018-09-18" v="7834000000"/>
        <price t="2018-09-19" v="7924000000"/>
        <price t="2018-09-20" v="8032000000"/>
        <price t="2018-09-21" v="8163000000"/>
        <price t="2018-09-24" v="8093000000"/>
        <price t="2018-09-25" v="7983000000"/>
        <price t="2018-09-26" v="7872000000"/>
        <price t="2018-09-27" v="7836000000"/>
        <price t="2018-09-28" v="7655000000"/>
        <price t="2018-10-01" v="7663000000"/>
        <price t="2018-10-02" v="7626000000"/>
        <price t="2018-10-04" v="7534000000"/>
        <price t="2018-10-05" v="7469000000"/>
        <price t="2018-10-08" v="7422000000"/>
        <price t="2018-10-09" v="7329000000"/>
        <price t="2018-10-10" v="7169000000"/>
        <price t="2018-10-11" v="7000000000"/>
        <price t="2018-10-12" v="6902000000"/>
        <price t="2018-10-15" v="6917000000"/>
        <price t="2018-10-16" v="6923000000"/>
        <price t="2018-10-17" v="6902000000"/>
        <price t="2018-10-18" v="6818000000"/>
        <price t="2018-10-19" v="6765000000"/>
        <price t="2018-10-22" v="6749000000"/>
        <price t="2018-10-23" v="6668000000"/>
        <price t="2018-10-24" v="6580000000"/>
        <price t="2018-10-25" v="6666000000"/>
        <price t="2018-10-26" v="6645000000"/>
        <price t="2018-10-29" v="6666000000"/>
        <price t="2018-10-30" v="6618000000"/>
        <price t="2018-10-31" v="6803000000"/>
        <price t="2018-11-01" v="6778000000"/>
        <price t="2018-11-02" v="6951000000"/>
        <price t="2018-11-05" v="6946000000"/>
        <price t="2018-11-06" v="6882000000"/>
        <price t="2018-11-07" v="6933000000"/>
        <price t="2018-11-08" v="6906000000"/>
        <price t="2018-11-09" v="6885000000"/>
        <price t="2018-11-12" v="6782000000"/>
        <price t="2018-11-13" v="6958000000"/>
        <price t="2018-11-14" v="6917000000"/>
        <price t="2018-11-15" v="6965000000"/>
        <price t="2018-11-16" v="6937000000"/>
        <price t="2018-11-19" v="6902000000"/>
        <price t="2018-11-20" v="6616000000"/>
        <price t="2018-11-21" v="6695000000"/>
        <price t="2018-11-22" v="6573000000"/>
        <price t="2018-11-23" v="6570000000"/>
        <price t="2018-11-26" v="6615000000"/>
        <price t="2018-11-27" v="6520000000"/>
        <price t="2018-11-28" v="6519000000"/>
        <price t="2018-11-29" v="6486000000"/>
        <price t="2018-11-30" v="6437000000"/>
        <price t="2018-12-03" v="6534000000"/>
        <price t="2018-12-04" v="6400000000"/>
        <price t="2018-12-05" v="6301000000"/>
        <price t="2018-12-06" v="6095000000"/>
        <price t="2018-12-07" v="6069000000"/>
        <price t="2018-12-10" v="5840000000"/>
        <price t="2018-12-11" v="5888000000"/>
        <price t="2018-12-12" v="5968000000"/>
        <price t="2018-12-13" v="6038000000"/>
        <price t="2018-12-14" v="6010000000"/>
        <price t="2018-12-17" v="5924000000"/>
        <price t="2018-12-18" v="5946000000"/>
        <price t="2018-12-19" v="6034000000"/>
        <price t="2018-12-20" v="5975000000"/>
        <price t="2018-12-21" v="6072000000"/>
        <price t="2018-12-27" v="5967000000"/>
        <price t="2018-12-28" v="6040000000"/>
        <price t="2019-01-02" v="6072000000"/>
        <price t="2019-01-03" v="6002000000"/>
        <price t="2019-01-04" v="6319000000"/>
        <price t="2019-01-07" v="6290000000"/>
        <price t="2019-01-08" v="6322000000"/>
        <price t="2019-01-09" v="6333000000"/>
        <price t="2019-01-10" v="6350000000"/>
        <price t="2019-01-11" v="6303000000"/>
        <price t="2019-01-14" v="6261000000"/>
        <price t="2019-01-15" v="6300000000"/>
        <price t="2019-01-16" v="6287000000"/>
        <price t="2019-01-17" v="6300000000"/>
        <price t="2019-01-18" v="6560000000"/>
        <price t="2019-01-21" v="6515000000"/>
        <price t="2019-01-22" v="6434000000"/>
        <price t="2019-01-23" v="6316000000"/>
        <price t="2019-01-24" v="6349000000"/>
        <price t="2019-01-25" v="6509000000"/>
        <price t="2019-01-28" v="6454000000"/>
        <price t="2019-01-29" v="6524000000"/>
        <price t="2019-01-30" v="6551000000"/>
        <price t="2019-01-31" v="6382000000"/>
        <price t="2019-02-01" v="6449000000"/>
        <price t="2019-02-04" v="6475000000"/>
        <price t="2019-02-05" v="6616000000"/>
        <price t="2019-02-06" v="6585000000"/>
        <price t="2019-02-07" v="6316000000"/>
        <price t="2019-02-08" v="6256000000"/>
        <price t="2019-02-11" v="6331000000"/>
        <price t="2019-02-12" v="6500000000"/>
        <price t="2019-02-13" v="6485000000"/>
        <price t="2019-02-14" v="6452000000"/>
        <price t="2019-02-15" v="6632000000"/>
        <price t="2019-02-18" v="6614000000"/>
        <price t="2019-02-19" v="6586000000"/>
        <price t="2019-02-20" v="6632000000"/>
        <price t="2019-02-21" v="6574000000"/>
        <price t="2019-02-22" v="6525000000"/>
        <price t="2019-02-25" v="6479000000"/>
        <price t="2019-02-26" v="6756000000"/>
        <price t="2019-02-27" v="6728000000"/>
        <price t="2019-02-28" v="6699000000"/>
        <price t="2019-03-01" v="6806000000"/>
        <price t="2019-03-04" v="6831000000"/>
        <price t="2019-03-05" v="6813000000"/>
        <price t="2019-03-06" v="6808000000"/>
        <price t="2019-03-07" v="6706000000"/>
        <price t="2019-03-08" v="6640000000"/>
        <price t="2019-03-11" v="6686000000"/>
        <price t="2019-03-12" v="6680000000"/>
        <price t="2019-03-13" v="6708000000"/>
        <price t="2019-03-14" v="6619000000"/>
        <price t="2019-03-15" v="6751000000"/>
        <price t="2019-03-18" v="6695000000"/>
        <price t="2019-03-19" v="6780000000"/>
        <price t="2019-03-20" v="6750000000"/>
        <price t="2019-03-21" v="6708000000"/>
        <price t="2019-03-22" v="6551000000"/>
        <price t="2019-03-25" v="6532000000"/>
        <price t="2019-03-26" v="6527000000"/>
        <price t="2019-03-27" v="6512000000"/>
        <price t="2019-03-28" v="6554000000"/>
        <price t="2019-03-29" v="6553000000"/>
        <price t="2019-04-01" v="6666000000"/>
        <price t="2019-04-02" v="6718000000"/>
        <price t="2019-04-03" v="6937000000"/>
        <price t="2019-04-04" v="6912000000"/>
        <price t="2019-04-05" v="6946000000"/>
        <price t="2019-04-08" v="6922000000"/>
        <price t="2019-04-09" v="6871000000"/>
        <price t="2019-04-10" v="6883000000"/>
        <price t="2019-04-11" v="6961000000"/>
        <price t="2019-04-12" v="7179000000"/>
        <price t="2019-04-15" v="7215000000"/>
        <price t="2019-04-16" v="7293000000"/>
        <price t="2019-04-17" v="7393000000"/>
        <price t="2019-04-18" v="7416000000"/>
        <price t="2019-04-23" v="7449000000"/>
        <price t="2019-04-24" v="7317000000"/>
        <price t="2019-04-25" v="7276000000"/>
        <price t="2019-04-26" v="7282000000"/>
        <price t="2019-04-29" v="7248000000"/>
        <price t="2019-04-30" v="7249000000"/>
        <price t="2019-05-02" v="7233000000"/>
        <price t="2019-05-03" v="7287000000"/>
        <price t="2019-05-06" v="6900000000"/>
        <price t="2019-05-07" v="6645000000"/>
        <price t="2019-05-08" v="6673000000"/>
        <price t="2019-05-09" v="6552000000"/>
        <price t="2019-05-10" v="6523000000"/>
        <price t="2019-05-13" v="6315000000"/>
        <price t="2019-05-14" v="6314000000"/>
        <price t="2019-05-15" v="6357000000"/>
        <price t="2019-05-16" v="6460000000"/>
        <price t="2019-05-17" v="6356000000"/>
        <price t="2019-05-20" v="6193000000"/>
        <price t="2019-05-21" v="6222000000"/>
        <price t="2019-05-22" v="6204000000"/>
        <price t="2019-05-23" v="6056000000"/>
        <price t="2019-05-24" v="6073000000"/>
        <price t="2019-05-27" v="6099000000"/>
        <price t="2019-05-28" v="5989000000"/>
        <price t="2019-05-29" v="5957000000"/>
        <price t="2019-05-30" v="5982000000"/>
        <price t="2019-05-31" v="5906000000"/>
        <price t="2019-06-03" v="5915000000"/>
        <price t="2019-06-04" v="6132000000"/>
        <price t="2019-06-05" v="6106000000"/>
        <price t="2019-06-06" v="6088000000"/>
        <price t="2019-06-07" v="6128000000"/>
        <price t="2019-06-11" v="6278000000"/>
        <price t="2019-06-12" v="6195000000"/>
        <price t="2019-06-13" v="6164000000"/>
        <price t="2019-06-14" v="6048000000"/>
        <price t="2019-06-17" v="5998000000"/>
        <price t="2019-06-18" v="6159000000"/>
        <price t="2019-06-19" v="6220000000"/>
        <price t="2019-06-20" v="6254000000"/>
        <price t="2019-06-21" v="6269000000"/>
        <price t="2019-06-24" v="6205000000"/>
        <price t="2019-06-25" v="6174000000"/>
        <price t="2019-06-26" v="6212000000"/>
        <price t="2019-06-27" v="6308000000"/>
        <price t="2019-06-28" v="6392000000"/>
        <price t="2019-07-01" v="6396000000"/>
        <price t="2019-07-02" v="6273000000"/>
        <price t="2019-07-03" v="6258000000"/>
        <price t="2019-07-04" v="6268000000"/>
        <price t="2019-07-05" v="6256000000"/>
        <price t="2019-07-08" v="6259000000"/>
        <price t="2019-07-09" v="6051000000"/>
        <price t="2019-07-10" v="6012000000"/>
        <price t="2019-07-11" v="5950000000"/>
        <price t="2019-07-12" v="6022000000"/>
        <price t="2019-07-15" v="6103000000"/>
        <price t="2019-07-16" v="6171000000"/>
        <price t="2019-07-17" v="6084000000"/>
        <price t="2019-07-18" v="6043000000"/>
        <price t="2019-07-19" v="6080000000"/>
        <price t="2019-07-22" v="6126000000"/>
        <price t="2019-07-23" v="6367000000"/>
        <price t="2019-07-24" v="6386000000"/>
        <price t="2019-07-25" v="6276000000"/>
        <price t="2019-07-26" v="6194000000"/>
        <price t="2019-07-29" v="6221000000"/>
        <price t="2019-07-30" v="6044000000"/>
        <price t="2019-07-31" v="6053000000"/>
        <price t="2019-08-01" v="6070000000"/>
        <price t="2019-08-02" v="5821000000"/>
        <price t="2019-08-05" v="5661000000"/>
        <price t="2019-08-06" v="5653000000"/>
        <price t="2019-08-07" v="5678000000"/>
        <price t="2019-08-08" v="5849000000"/>
        <price t="2019-08-09" v="5813000000"/>
        <price t="2019-08-12" v="5800000000"/>
        <price t="2019-08-13" v="5867000000"/>
        <price t="2019-08-14" v="5732000000"/>
        <price t="2019-08-15" v="5620000000"/>
        <price t="2019-08-16" v="5685000000"/>
        <price t="2019-08-19" v="5797000000"/>
        <price t="2019-08-20" v="5785000000"/>
        <price t="2019-08-21" v="5899000000"/>
        <price t="2019-08-22" v="5906000000"/>
        <price t="2019-08-23" v="5807000000"/>
        <price t="2019-08-26" v="5800000000"/>
        <price t="2019-08-27" v="5824000000"/>
        <price t="2019-08-28" v="5848000000"/>
        <price t="2019-08-29" v="5967000000"/>
        <price t="2019-08-30" v="6018000000"/>
        <price t="2019-09-02" v="6001000000"/>
        <price t="2019-09-03" v="5936000000"/>
        <price t="2019-09-04" v="6021000000"/>
        <price t="2019-09-05" v="6101000000"/>
        <price t="2019-09-06" v="6146000000"/>
        <price t="2019-09-09" v="6228000000"/>
        <price t="2019-09-10" v="6387000000"/>
        <price t="2019-09-11" v="6466000000"/>
        <price t="2019-09-12" v="6441000000"/>
        <price t="2019-09-13" v="6575000000"/>
        <price t="2019-09-16" v="6567000000"/>
        <price t="2019-09-17" v="6428000000"/>
        <price t="2019-09-18" v="6402000000"/>
        <price t="2019-09-19" v="6392000000"/>
        <price t="2019-09-20" v="6389000000"/>
        <price t="2019-09-23" v="6342000000"/>
        <price t="2019-09-24" v="6200000000"/>
        <price t="2019-09-25" v="6183000000"/>
        <price t="2019-09-26" v="6199000000"/>
        <price t="2019-09-27" v="6354000000"/>
        <price t="2019-09-30" v="6412000000"/>
        <price t="2019-10-01" v="6325000000"/>
        <price t="2019-10-02" v="6177000000"/>
        <price t="2019-10-04" v="6161000000"/>
        <price t="2019-10-07" v="6240000000"/>
        <price t="2019-10-08" v="6160000000"/>
        <price t="2019-10-09" v="6205000000"/>
        <price t="2019-10-10" v="6298000000"/>
        <price t="2019-10-11" v="6486000000"/>
        <price t="2019-10-14" v="6459000000"/>
        <price t="2019-10-15" v="6546000000"/>
        <price t="2019-10-16" v="6621000000"/>
        <price t="2019-10-17" v="6613000000"/>
        <price t="2019-10-18" v="6631000000"/>
        <price t="2019-10-21" v="6761000000"/>
        <price t="2019-10-22" v="6724000000"/>
        <price t="2019-10-23" v="6779000000"/>
        <price t="2019-10-24" v="7008000000"/>
        <price t="2019-10-25" v="7062000000"/>
        <price t="2019-10-28" v="6999000000"/>
        <price t="2019-10-29" v="7000000000"/>
        <price t="2019-10-30" v="6881000000"/>
        <price t="2019-10-31" v="6823000000"/>
        <price t="2019-11-01" v="6900000000"/>
        <price t="2019-11-04" v="7029000000"/>
        <price t="2019-11-05" v="7103000000"/>
        <price t="2019-11-06" v="7137000000"/>
        <price t="2019-11-07" v="7148000000"/>
        <price t="2019-11-08" v="7098000000"/>
        <price t="2019-11-11" v="7037000000"/>
        <price t="2019-11-12" v="7107000000"/>
        <price t="2019-11-13" v="7005000000"/>
        <price t="2019-11-14" v="7021000000"/>
        <price t="2019-11-15" v="7049000000"/>
        <price t="2019-11-18" v="6986000000"/>
        <price t="2019-11-19" v="6978000000"/>
        <price t="2019-11-20" v="6958000000"/>
        <price t="2019-11-21" v="6945000000"/>
        <price t="2019-11-22" v="6968000000"/>
        <price t="2019-11-25" v="6995000000"/>
        <price t="2019-11-26" v="6919000000"/>
        <price t="2019-11-27" v="6883000000"/>
        <price t="2019-11-28" v="6875000000"/>
        <price t="2019-11-29" v="6822000000"/>
        <price t="2019-12-02" v="6758000000"/>
        <price t="2019-12-03" v="6738000000"/>
        <price t="2019-12-04" v="6835000000"/>
        <price t="2019-12-05" v="6787000000"/>
        <price t="2019-12-06" v="6829000000"/>
        <price t="2019-12-09" v="6779000000"/>
        <price t="2019-12-10" v="6735000000"/>
        <price t="2019-12-11" v="6755000000"/>
        <price t="2019-12-12" v="6809000000"/>
        <price t="2019-12-13" v="6838000000"/>
        <price t="2019-12-16" v="6885000000"/>
        <price t="2019-12-17" v="6725000000"/>
        <price t="2019-12-18" v="6702000000"/>
        <price t="2019-12-19" v="6729000000"/>
        <price t="2019-12-20" v="6794000000"/>
        <price t="2019-12-23" v="6754000000"/>
        <price t="2019-12-27" v="6790000000"/>
        <price t="2019-12-30" v="6735000000"/>
        <price t="2020-01-02" v="6829000000"/>
        <price t="2020-01-03" v="6727000000"/>
        <price t="2020-01-06" v="6627000000"/>
        <price t="2020-01-07" v="6630000000"/>
        <price t="2020-01-08" v="6573000000"/>
        <price t="2020-01-09" v="6631000000"/>
        <price t="2020-01-10" v="6583000000"/>
        <price t="2020-01-13" v="6579000000"/>
        <price t="2020-01-14" v="6476000000"/>
        <price t="2020-01-15" v="6435000000"/>
        <price t="2020-01-16" v="6439000000"/>
        <price t="2020-01-17" v="6452000000"/>
        <price t="2020-01-20" v="6491000000"/>
        <price t="2020-01-21" v="6470000000"/>
        <price t="2020-01-22" v="6416000000"/>
        <price t="2020-01-23" v="6309000000"/>
        <price t="2020-01-24" v="6369000000"/>
        <price t="2020-01-27" v="6213000000"/>
        <price t="2020-01-28" v="6284000000"/>
        <price t="2020-01-29" v="6306000000"/>
        <price t="2020-01-30" v="6200000000"/>
        <price t="2020-01-31" v="6107000000"/>
        <price t="2020-02-03" v="6070000000"/>
        <price t="2020-02-04" v="6199000000"/>
        <price t="2020-02-05" v="6289000000"/>
        <price t="2020-02-06" v="6294000000"/>
        <price t="2020-02-07" v="6244000000"/>
        <price t="2020-02-10" v="6269000000"/>
        <price t="2020-02-11" v="6317000000"/>
        <price t="2020-02-12" v="6386000000"/>
        <price t="2020-02-13" v="6268000000"/>
        <price t="2020-02-14" v="6251000000"/>
        <price t="2020-02-17" v="6187000000"/>
        <price t="2020-02-18" v="6100000000"/>
        <price t="2020-02-19" v="6110000000"/>
        <price t="2020-02-20" v="6140000000"/>
        <price t="2020-02-21" v="6074000000"/>
        <price t="2020-02-24" v="5873000000"/>
        <price t="2020-02-25" v="5759000000"/>
        <price t="2020-02-26" v="5742000000"/>
        <price t="2020-02-27" v="5584000000"/>
        <price t="2020-02-28" v="5308000000"/>
        <price t="2020-03-02" v="5306000000"/>
        <price t="2020-03-03" v="5353000000"/>
        <price t="2020-03-04" v="5418000000"/>
        <price t="2020-03-05" v="5332000000"/>
        <price t="2020-03-06" v="5267000000"/>
        <price t="2020-03-09" v="4710500000"/>
        <price t="2020-03-10" v="4621000000"/>
        <price t="2020-03-11" v="4638000000"/>
        <price t="2020-03-12" v="4091000000"/>
        <price t="2020-03-13" v="4125000000"/>
        <price t="2020-03-16" v="3903500000"/>
        <price t="2020-03-17" v="4106000000"/>
        <price t="2020-03-18" v="3929000000"/>
        <price t="2020-03-19" v="4020500000"/>
        <price t="2020-03-20" v="4079500000"/>
        <price t="2020-03-23" v="3963500000"/>
        <price t="2020-03-24" v="4371500000"/>
        <price t="2020-03-25" v="4284000000"/>
        <price t="2020-03-26" v="4307500000"/>
        <price t="2020-03-27" v="4108500000"/>
        <price t="2020-03-30" v="4245500000"/>
        <price t="2020-03-31" v="4314500000"/>
        <price t="2020-04-01" v="4099000000"/>
        <price t="2020-04-02" v="4158000000"/>
        <price t="2020-04-03" v="4075500000"/>
        <price t="2020-04-06" v="4422500000"/>
        <price t="2020-04-07" v="4606500000"/>
        <price t="2020-04-08" v="4566500000"/>
        <price t="2020-04-09" v="4689500000"/>
        <price t="2020-04-14" v="4655000000"/>
        <price t="2020-04-15" v="4398000000"/>
        <price t="2020-04-16" v="4358500000"/>
        <price t="2020-04-17" v="4557500000"/>
        <price t="2020-04-20" v="4551000000"/>
        <price t="2020-04-21" v="4300000000"/>
        <price t="2020-04-22" v="4407000000"/>
        <price t="2020-04-23" v="4495000000"/>
        <price t="2020-04-24" v="4369500000"/>
        <price t="2020-04-27" v="4542000000"/>
        <price t="2020-04-28" v="4727000000"/>
        <price t="2020-04-29" v="4924500000"/>
        <price t="2020-04-30" v="4668500000"/>
        <price t="2020-05-04" v="4543000000"/>
        <price t="2020-05-05" v="4624500000"/>
        <price t="2020-05-06" v="4481500000"/>
        <price t="2020-05-07" v="4558000000"/>
        <price t="2020-05-08" v="4624000000"/>
        <price t="2020-05-11" v="4524000000"/>
        <price t="2020-05-12" v="4507000000"/>
        <price t="2020-05-13" v="4292000000"/>
        <price t="2020-05-14" v="4221000000"/>
        <price t="2020-05-15" v="4277500000"/>
        <price t="2020-05-18" v="4581000000"/>
        <price t="2020-05-19" v="4577000000"/>
        <price t="2020-05-20" v="4616000000"/>
        <price t="2020-05-21" v="4555500000"/>
        <price t="2020-05-22" v="4536000000"/>
        <price t="2020-05-25" v="4671000000"/>
        <price t="2020-05-26" v="4759000000"/>
        <price t="2020-05-27" v="4975000000"/>
        <price t="2020-05-28" v="5054000000"/>
        <price t="2020-05-29" v="4864500000"/>
        <price t="2020-06-02" v="5192000000"/>
        <price t="2020-06-03" v="5519000000"/>
        <price t="2020-06-04" v="5540000000"/>
        <price t="2020-06-05" v="5743000000"/>
        <price t="2020-06-08" v="5766000000"/>
        <price t="2020-06-09" v="5623000000"/>
        <price t="2020-06-10" v="5520000000"/>
        <price t="2020-06-11" v="5151000000"/>
        <price t="2020-06-12" v="5112000000"/>
        <price t="2020-06-15" v="5101000000"/>
        <price t="2020-06-16" v="5289000000"/>
        <price t="2020-06-17" v="5301000000"/>
        <price t="2020-06-18" v="5401000000"/>
        <price t="2020-06-19" v="5094000000"/>
        <price t="2020-06-22" v="5041000000"/>
        <price t="2020-06-23" v="5150000000"/>
        <price t="2020-06-24" v="4964500000"/>
        <price t="2020-06-25" v="4969500000"/>
        <price t="2020-06-26" v="4869500000"/>
        <price t="2020-06-29" v="5013000000"/>
        <price t="2020-06-30" v="4988000000"/>
        <price t="2020-07-01" v="4932500000"/>
        <price t="2020-07-02" v="5097000000"/>
        <price t="2020-07-03" v="5047000000"/>
        <price t="2020-07-06" v="5081000000"/>
        <price t="2020-07-07" v="5100000000"/>
        <price t="2020-07-08" v="5001000000"/>
        <price t="2020-07-09" v="4961500000"/>
        <price t="2020-07-10" v="5008000000"/>
        <price t="2020-07-13" v="5105000000"/>
        <price t="2020-07-14" v="5111000000"/>
        <price t="2020-07-15" v="5182000000"/>
        <price t="2020-07-16" v="5199000000"/>
        <price t="2020-07-17" v="5205000000"/>
        <price t="2020-07-20" v="5256000000"/>
        <price t="2020-07-21" v="5303000000"/>
        <price t="2020-07-22" v="5361000000"/>
        <price t="2020-07-23" v="5339000000"/>
        <price t="2020-07-24" v="5244000000"/>
        <price t="2020-07-27" v="5186000000"/>
        <price t="2020-07-28" v="5208000000"/>
        <price t="2020-07-29" v="4953000000"/>
        <price t="2020-07-30" v="4764000000"/>
        <price t="2020-07-31" v="4681000000"/>
        <price t="2020-08-03" v="4834000000"/>
        <price t="2020-08-04" v="4798000000"/>
        <price t="2020-08-05" v="4899000000"/>
        <price t="2020-08-06" v="4860500000"/>
        <price t="2020-08-07" v="4835500000"/>
        <price t="2020-08-10" v="4915500000"/>
        <price t="2020-08-11" v="5061000000"/>
        <price t="2020-08-12" v="5147000000"/>
        <price t="2020-08-13" v="5098000000"/>
        <price t="2020-08-14" v="5030000000"/>
        <price t="2020-08-17" v="5031000000"/>
        <price t="2020-08-18" v="5044000000"/>
        <price t="2020-08-19" v="5074000000"/>
        <price t="2020-08-20" v="4976500000"/>
        <price t="2020-08-21" v="4956500000"/>
        <price t="2020-08-24" v="5170000000"/>
        <price t="2020-08-25" v="5178000000"/>
        <price t="2020-08-26" v="5214000000"/>
        <price t="2020-08-27" v="5179000000"/>
        <price t="2020-08-28" v="5132000000"/>
        <price t="2020-08-31" v="5106000000"/>
        <price t="2020-09-01" v="5063000000"/>
        <price t="2020-09-02" v="5138000000"/>
        <price t="2020-09-03" v="5183000000"/>
        <price t="2020-09-04" v="5212000000"/>
        <price t="2020-09-07" v="5317000000"/>
        <price t="2020-09-08" v="5397000000"/>
        <price t="2020-09-09" v="5473000000"/>
        <price t="2020-09-10" v="5451000000"/>
        <price t="2020-09-11" v="5487000000"/>
        <price t="2020-09-14" v="5523000000"/>
        <price t="2020-09-15" v="5491000000"/>
        <price t="2020-09-16" v="5506000000"/>
        <price t="2020-09-17" v="5515000000"/>
        <price t="2020-09-18" v="5419000000"/>
        <price t="2020-09-21" v="5062000000"/>
        <price t="2020-09-22" v="5047000000"/>
        <price t="2020-09-23" v="5028000000"/>
        <price t="2020-09-24" v="4998500000"/>
        <price t="2020-09-25" v="4953000000"/>
        <price t="2020-09-28" v="5182000000"/>
        <price t="2020-09-29" v="5234000000"/>
        <price t="2020-09-30" v="5198000000"/>
        <price t="2020-10-01" v="5137000000"/>
        <price t="2020-10-02" v="5203000000"/>
        <price t="2020-10-05" v="5334000000"/>
        <price t="2020-10-06" v="5395000000"/>
        <price t="2020-10-07" v="5568000000"/>
        <price t="2020-10-08" v="5720000000"/>
        <price t="2020-10-09" v="5504000000"/>
        <price t="2020-10-12" v="5472000000"/>
        <price t="2020-10-13" v="5433000000"/>
        <price t="2020-10-14" v="5447000000"/>
        <price t="2020-10-15" v="5245000000"/>
        <price t="2020-10-16" v="5360000000"/>
        <price t="2020-10-19" v="5321000000"/>
        <price t="2020-10-20" v="5293000000"/>
        <price t="2020-10-21" v="5210000000"/>
        <price t="2020-10-22" v="5179000000"/>
        <price t="2020-10-23" v="5227000000"/>
        <price t="2020-10-26" v="5120000000"/>
        <price t="2020-10-27" v="5033000000"/>
        <price t="2020-10-28" v="4694500000"/>
        <price t="2020-10-29" v="4662500000"/>
        <price t="2020-10-30" v="4707000000"/>
        <price t="2020-11-02" v="4834000000"/>
        <price t="2020-11-03" v="4972500000"/>
        <price t="2020-11-04" v="5007000000"/>
        <price t="2020-11-05" v="5054000000"/>
        <price t="2020-11-06" v="5033000000"/>
        <price t="2020-11-09" v="5573000000"/>
        <price t="2020-11-10" v="5752000000"/>
        <price t="2020-11-11" v="5643000000"/>
        <price t="2020-11-12" v="5561000000"/>
        <price t="2020-11-13" v="5600000000"/>
        <price t="2020-11-16" v="5728000000"/>
        <price t="2020-11-17" v="5796000000"/>
        <price t="2020-11-18" v="5871000000"/>
        <price t="2020-11-19" v="5778000000"/>
        <price t="2020-11-20" v="5765000000"/>
        <price t="2020-11-23" v="5838000000"/>
        <price t="2020-11-24" v="6115000000"/>
        <price t="2020-11-25" v="6021000000"/>
        <price t="2020-11-26" v="6007000000"/>
        <price t="2020-11-27" v="6092000000"/>
        <price t="2020-11-30" v="6133000000"/>
        <price t="2020-12-01" v="6111000000"/>
        <price t="2020-12-02" v="6097000000"/>
        <price t="2020-12-03" v="6066000000"/>
        <price t="2020-12-04" v="6104000000"/>
        <price t="2020-12-07" v="6075000000"/>
        <price t="2020-12-08" v="6162000000"/>
        <price t="2020-12-09" v="6344000000"/>
        <price t="2020-12-10" v="6404000000"/>
        <price t="2020-12-11" v="6311000000"/>
        <price t="2020-12-14" v="6390000000"/>
        <price t="2020-12-15" v="6476000000"/>
        <price t="2020-12-16" v="6420000000"/>
        <price t="2020-12-17" v="6490000000"/>
        <price t="2020-12-18" v="6452000000"/>
        <price t="2020-12-21" v="6353000000"/>
        <price t="2020-12-22" v="6385000000"/>
        <price t="2020-12-23" v="6469000000"/>
        <price t="2020-12-28" v="6522000000"/>
        <price t="2020-12-29" v="6507000000"/>
        <price t="2020-12-30" v="6472000000"/>
        <price t="2021-01-04" v="6489000000"/>
        <price t="2021-01-05" v="6440000000"/>
        <price t="2021-01-06" v="6737000000"/>
        <price t="2021-01-07" v="6841000000"/>
        <price t="2021-01-08" v="6858000000"/>
        <price t="2021-01-11" v="6755000000"/>
        <price t="2021-01-12" v="6790000000"/>
        <price t="2021-01-13" v="6803000000"/>
        <price t="2021-01-14" v="6810000000"/>
        <price t="2021-01-15" v="6729000000"/>
        <price t="2021-01-18" v="6748000000"/>
        <price t="2021-01-19" v="6659000000"/>
        <price t="2021-01-20" v="6736000000"/>
        <price t="2021-01-21" v="6733000000"/>
        <price t="2021-01-22" v="6628000000"/>
        <price t="2021-01-25" v="6453000000"/>
        <price t="2021-01-26" v="6524000000"/>
        <price t="2021-01-27" v="6388000000"/>
        <price t="2021-01-28" v="6453000000"/>
        <price t="2021-01-29" v="6383000000"/>
        <price t="2021-02-01" v="6481000000"/>
        <price t="2021-02-02" v="6543000000"/>
        <price t="2021-02-03" v="6616000000"/>
        <price t="2021-02-04" v="6666000000"/>
        <price t="2021-02-05" v="6681000000"/>
        <price t="2021-02-08" v="6736000000"/>
        <price t="2021-02-09" v="6727000000"/>
        <price t="2021-02-10" v="6715000000"/>
        <price t="2021-02-11" v="6707000000"/>
        <price t="2021-02-12" v="6682000000"/>
        <price t="2021-02-15" v="6740000000"/>
        <price t="2021-02-16" v="6767000000"/>
        <price t="2021-02-17" v="6716000000"/>
        <price t="2021-02-18" v="6703000000"/>
        <price t="2021-02-19" v="6800000000"/>
        <price t="2021-02-22" v="6899000000"/>
        <price t="2021-02-23" v="6832000000"/>
        <price t="2021-02-24" v="6940000000"/>
        <price t="2021-02-25" v="6816000000"/>
        <price t="2021-02-26" v="6773000000"/>
        <price t="2021-03-01" v="6909000000"/>
        <price t="2021-03-02" v="7027000000"/>
        <price t="2021-03-03" v="7114000000"/>
        <price t="2021-03-04" v="7108000000"/>
        <price t="2021-03-05" v="7068000000"/>
        <price t="2021-03-08" v="7261000000"/>
        <price t="2021-03-09" v="7178000000"/>
        <price t="2021-03-10" v="7250000000"/>
        <price t="2021-03-11" v="7219000000"/>
        <price t="2021-03-12" v="7260000000"/>
        <price t="2021-03-15" v="7056000000"/>
        <price t="2021-03-16" v="7009000000"/>
        <price t="2021-03-17" v="7076000000"/>
        <price t="2021-03-18" v="7260000000"/>
        <price t="2021-03-19" v="6997000000"/>
        <price t="2021-03-22" v="6958000000"/>
        <price t="2021-03-23" v="6901000000"/>
        <price t="2021-03-24" v="6998000000"/>
        <price t="2021-03-25" v="7046000000"/>
        <price t="2021-03-26" v="6982000000"/>
        <price t="2021-03-29" v="7003000000"/>
        <price t="2021-03-30" v="7188000000"/>
        <price t="2021-03-31" v="7084000000"/>
        <price t="2021-04-01" v="7105000000"/>
        <price t="2021-04-06" v="7224000000"/>
        <price t="2021-04-07" v="7235000000"/>
        <price t="2021-04-08" v="7145000000"/>
        <price t="2021-04-09" v="7149000000"/>
        <price t="2021-04-12" v="7108000000"/>
        <price t="2021-04-13" v="7114000000"/>
        <price t="2021-04-14" v="7096000000"/>
        <price t="2021-04-15" v="7103000000"/>
        <price t="2021-04-16" v="7245000000"/>
        <price t="2021-04-19" v="7176000000"/>
        <price t="2021-04-20" v="7097000000"/>
        <price t="2021-04-21" v="7112000000"/>
        <price t="2021-04-22" v="7018000000"/>
        <price t="2021-04-23" v="7042000000"/>
        <price t="2021-04-26" v="7135000000"/>
        <price t="2021-04-27" v="7107000000"/>
        <price t="2021-04-28" v="7089000000"/>
        <price t="2021-04-29" v="7052000000"/>
        <price t="2021-04-30" v="6708000000"/>
        <price t="2021-05-03" v="6706000000"/>
        <price t="2021-05-04" v="6683000000"/>
        <price t="2021-05-05" v="6936000000"/>
        <price t="2021-05-06" v="7022000000"/>
        <price t="2021-05-07" v="7038000000"/>
        <price t="2021-05-10" v="7076000000"/>
        <price t="2021-05-11" v="6925000000"/>
        <price t="2021-05-12" v="6913000000"/>
        <price t="2021-05-13" v="6891000000"/>
        <price t="2021-05-14" v="6913000000"/>
        <price t="2021-05-17" v="6916000000"/>
        <price t="2021-05-18" v="6897000000"/>
        <price t="2021-05-19" v="6724000000"/>
        <price t="2021-05-20" v="6764000000"/>
        <price t="2021-05-21" v="6784000000"/>
        <price t="2021-05-25" v="6711000000"/>
        <price t="2021-05-26" v="6675000000"/>
        <price t="2021-05-27" v="6637000000"/>
        <price t="2021-05-28" v="6715000000"/>
        <price t="2021-05-31" v="6666000000"/>
        <price t="2021-06-01" v="6795000000"/>
        <price t="2021-06-02" v="6813000000"/>
        <price t="2021-06-03" v="6835000000"/>
        <price t="2021-06-04" v="6855000000"/>
        <price t="2021-06-07" v="6851000000"/>
        <price t="2021-06-08" v="6825000000"/>
        <price t="2021-06-09" v="6745000000"/>
        <price t="2021-06-10" v="6718000000"/>
        <price t="2021-06-11" v="6751000000"/>
        <price t="2021-06-14" v="6724000000"/>
        <price t="2021-06-15" v="6705000000"/>
        <price t="2021-06-16" v="6647000000"/>
        <price t="2021-06-17" v="6611000000"/>
        <price t="2021-06-18" v="6456000000"/>
        <price t="2021-06-21" v="6569000000"/>
        <price t="2021-06-22" v="6615000000"/>
        <price t="2021-06-23" v="6530000000"/>
        <price t="2021-06-24" v="6561000000"/>
        <price t="2021-06-25" v="6605000000"/>
        <price t="2021-06-28" v="6530000000"/>
        <price t="2021-06-29" v="6683000000"/>
        <price t="2021-06-30" v="6644000000"/>
        <price t="2021-07-01" v="6719000000"/>
        <price t="2021-07-02" v="6718000000"/>
        <price t="2021-07-05" v="6750000000"/>
        <price t="2021-07-06" v="6604000000"/>
        <price t="2021-07-07" v="6640000000"/>
        <price t="2021-07-08" v="6574000000"/>
        <price t="2021-07-09" v="6801000000"/>
        <price t="2021-07-12" v="6810000000"/>
        <price t="2021-07-13" v="6790000000"/>
        <price t="2021-07-14" v="6792000000"/>
        <price t="2021-07-15" v="6740000000"/>
        <price t="2021-07-16" v="6701000000"/>
        <price t="2021-07-19" v="6454000000"/>
        <price t="2021-07-20" v="6540000000"/>
        <price t="2021-07-21" v="6649000000"/>
        <price t="2021-07-22" v="6653000000"/>
        <price t="2021-07-23" v="6702000000"/>
        <price t="2021-07-26" v="6746000000"/>
        <price t="2021-07-27" v="6708000000"/>
        <price t="2021-07-28" v="6641000000"/>
        <price t="2021-07-29" v="6676000000"/>
        <price t="2021-07-30" v="6622000000"/>
        <price t="2021-08-02" v="6608000000"/>
        <price t="2021-08-03" v="6668000000"/>
        <price t="2021-08-04" v="6657000000"/>
        <price t="2021-08-05" v="6708000000"/>
        <price t="2021-08-06" v="6708000000"/>
        <price t="2021-08-09" v="6724000000"/>
        <price t="2021-08-10" v="6748000000"/>
        <price t="2021-08-11" v="6801000000"/>
        <price t="2021-08-12" v="6875000000"/>
        <price t="2021-08-13" v="6916000000"/>
        <price t="2021-08-16" v="6826000000"/>
        <price t="2021-08-17" v="6776000000"/>
        <price t="2021-08-18" v="6802000000"/>
        <price t="2021-08-19" v="6552000000"/>
        <price t="2021-08-20" v="6477000000"/>
        <price t="2021-08-23" v="6521000000"/>
        <price t="2021-08-24" v="6658000000"/>
        <price t="2021-08-25" v="6642000000"/>
        <price t="2021-08-26" v="6597000000"/>
        <price t="2021-08-27" v="6650000000"/>
        <price t="2021-08-30" v="6676000000"/>
        <price t="2021-08-31" v="6552000000"/>
        <price t="2021-09-01" v="6460000000"/>
        <price t="2021-09-02" v="6493000000"/>
        <price t="2021-09-03" v="6481000000"/>
        <price t="2021-09-06" v="6530000000"/>
        <price t="2021-09-07" v="6525000000"/>
        <price t="2021-09-08" v="6491000000"/>
        <price t="2021-09-09" v="6463000000"/>
        <price t="2021-09-10" v="6456000000"/>
        <price t="2021-09-13" v="6561000000"/>
        <price t="2021-09-14" v="6557000000"/>
        <price t="2021-09-15" v="6481000000"/>
        <price t="2021-09-16" v="6509000000"/>
        <price t="2021-09-17" v="6309000000"/>
        <price t="2021-09-20" v="6177000000"/>
        <price t="2021-09-21" v="6239000000"/>
        <price t="2021-09-22" v="6351000000"/>
        <price t="2021-09-23" v="6394000000"/>
        <price t="2021-09-24" v="6379000000"/>
        <price t="2021-09-27" v="6472000000"/>
        <price t="2021-09-28" v="6481000000"/>
        <price t="2021-09-29" v="6583000000"/>
        <price t="2021-09-30" v="6585000000"/>
        <price t="2021-10-01" v="6460000000"/>
        <price t="2021-10-04" v="6453000000"/>
        <price t="2021-10-05" v="6461000000"/>
        <price t="2021-10-06" v="6191000000"/>
        <price t="2021-10-07" v="6334000000"/>
        <price t="2021-10-08" v="6368000000"/>
        <price t="2021-10-11" v="6419000000"/>
        <price t="2021-10-12" v="6455000000"/>
        <price t="2021-10-13" v="6490000000"/>
        <price t="2021-10-14" v="6509000000"/>
        <price t="2021-10-15" v="6500000000"/>
        <price t="2021-10-18" v="6406000000"/>
        <price t="2021-10-19" v="6374000000"/>
        <price t="2021-10-20" v="6348000000"/>
        <price t="2021-10-21" v="6280000000"/>
        <price t="2021-10-22" v="6280000000"/>
        <price t="2021-10-25" v="6320000000"/>
        <price t="2021-10-26" v="6354000000"/>
        <price t="2021-10-27" v="6345000000"/>
        <price t="2021-10-28" v="6255000000"/>
        <price t="2021-10-29" v="6228000000"/>
        <price t="2021-11-01" v="6279000000"/>
        <price t="2021-11-02" v="6221000000"/>
        <price t="2021-11-03" v="6257000000"/>
        <price t="2021-11-04" v="6151000000"/>
        <price t="2021-11-05" v="6208000000"/>
        <price t="2021-11-08" v="6204000000"/>
        <price t="2021-11-09" v="6171000000"/>
        <price t="2021-11-10" v="6195000000"/>
        <price t="2021-11-11" v="6229000000"/>
        <price t="2021-11-12" v="6265000000"/>
        <price t="2021-11-15" v="6237000000"/>
        <price t="2021-11-16" v="6284000000"/>
        <price t="2021-11-17" v="6268000000"/>
        <price t="2021-11-18" v="6263000000"/>
        <price t="2021-11-19" v="6161000000"/>
        <price t="2021-11-22" v="6193000000"/>
        <price t="2021-11-23" v="6295000000"/>
        <price t="2021-11-24" v="6189000000"/>
        <price t="2021-11-25" v="6161000000"/>
        <price t="2021-11-26" v="5791000000"/>
        <price t="2021-11-29" v="5798000000"/>
        <price t="2021-11-30" v="5788000000"/>
        <price t="2021-12-01" v="5926000000"/>
        <price t="2021-12-02" v="5908000000"/>
        <price t="2021-12-03" v="5840000000"/>
        <price t="2021-12-06" v="5959000000"/>
        <price t="2021-12-07" v="6121000000"/>
        <price t="2021-12-08" v="6029000000"/>
        <price t="2021-12-09" v="5989000000"/>
        <price t="2021-12-10" v="5983000000"/>
        <price t="2021-12-13" v="5957000000"/>
        <price t="2021-12-14" v="5957000000"/>
        <price t="2021-12-15" v="5927000000"/>
        <price t="2021-12-16" v="6034000000"/>
        <price t="2021-12-17" v="6019000000"/>
        <price t="2021-12-20" v="5906000000"/>
        <price t="2021-12-21" v="5971000000"/>
        <price t="2021-12-22" v="5995000000"/>
        <price t="2021-12-23" v="6083000000"/>
        <price t="2021-12-27" v="6129000000"/>
        <price t="2021-12-28" v="6170000000"/>
        <price t="2021-12-29" v="6147000000"/>
        <price t="2021-12-30" v="6178000000"/>
        <price t="2022-01-03" v="6258000000"/>
        <price t="2022-01-04" v="6531000000"/>
        <price t="2022-01-05" v="6583000000"/>
        <price t="2022-01-06" v="6581000000"/>
        <price t="2022-01-07" v="6611000000"/>
        <price t="2022-01-10" v="6609000000"/>
        <price t="2022-01-11" v="6669000000"/>
        <price t="2022-01-12" v="6686000000"/>
        <price t="2022-01-13" v="6775000000"/>
        <price t="2022-01-14" v="6811000000"/>
        <price t="2022-01-17" v="6814000000"/>
        <price t="2022-01-18" v="6766000000"/>
        <price t="2022-01-19" v="6780000000"/>
        <price t="2022-01-20" v="6744000000"/>
        <price t="2022-01-21" v="6618000000"/>
        <price t="2022-01-24" v="6426000000"/>
        <price t="2022-01-25" v="6533000000"/>
        <price t="2022-01-26" v="6731000000"/>
        <price t="2022-01-27" v="6845000000"/>
        <price t="2022-01-28" v="6851000000"/>
        <price t="2022-01-31" v="6752000000"/>
        <price t="2022-02-01" v="6796000000"/>
        <price t="2022-02-02" v="6795000000"/>
        <price t="2022-02-03" v="6748000000"/>
        <price t="2022-02-04" v="6671000000"/>
        <price t="2022-02-07" v="6697000000"/>
        <price t="2022-02-08" v="6820000000"/>
        <price t="2022-02-09" v="6862000000"/>
        <price t="2022-02-10" v="6856000000"/>
        <price t="2022-02-11" v="6869000000"/>
        <price t="2022-02-14" v="6645000000"/>
        <price t="2022-02-15" v="6819000000"/>
        <price t="2022-02-16" v="6852000000"/>
        <price t="2022-02-17" v="6785000000"/>
        <price t="2022-02-18" v="6726000000"/>
        <price t="2022-02-21" v="6609000000"/>
        <price t="2022-02-22" v="6527000000"/>
        <price t="2022-02-23" v="6486000000"/>
        <price t="2022-02-24" v="6106000000"/>
        <price t="2022-02-25" v="6043000000"/>
        <price t="2022-02-28" v="5925000000"/>
        <price t="2022-03-01" v="5552000000"/>
        <price t="2022-03-02" v="5729000000"/>
        <price t="2022-03-03" v="5495000000"/>
        <price t="2022-03-04" v="5120000000"/>
        <price t="2022-03-07" v="4877000000"/>
        <price t="2022-03-08" v="4978000000"/>
        <price t="2022-03-09" v="5479000000"/>
        <price t="2022-03-10" v="5321000000"/>
        <price t="2022-03-11" v="5388000000"/>
        <price t="2022-03-14" v="5466000000"/>
        <price t="2022-03-15" v="5382000000"/>
        <price t="2022-03-16" v="5531000000"/>
        <price t="2022-03-17" v="5456000000"/>
        <price t="2022-03-18" v="5402000000"/>
        <price t="2022-03-21" v="5440000000"/>
        <price t="2022-03-22" v="5456000000"/>
        <price t="2022-03-23" v="5325000000"/>
        <price t="2022-03-24" v="5230000000"/>
        <price t="2022-03-25" v="5181000000"/>
        <price t="2022-03-28" v="5265000000"/>
        <price t="2022-03-29" v="5504000000"/>
        <price t="2022-03-30" v="5329000000"/>
        <price t="2022-03-31" v="5176000000"/>
        <price t="2022-04-01" v="5213000000"/>
        <price t="2022-04-04" v="5187000000"/>
        <price t="2022-04-05" v="5113000000"/>
        <price t="2022-04-06" v="5031000000"/>
        <price t="2022-04-07" v="5035000000"/>
        <price t="2022-04-08" v="5136000000"/>
        <price t="2022-04-11" v="5140000000"/>
        <price t="2022-04-12" v="5196000000"/>
        <price t="2022-04-13" v="5134000000"/>
        <price t="2022-04-14" v="5166000000"/>
        <price t="2022-04-19" v="5219000000"/>
        <price t="2022-04-20" v="5292000000"/>
        <price t="2022-04-21" v="5362000000"/>
        <price t="2022-04-22" v="5232000000"/>
        <price t="2022-04-25" v="5173000000"/>
        <price t="2022-04-26" v="5055000000"/>
        <price t="2022-04-27" v="5036000000"/>
        <price t="2022-04-28" v="5081000000"/>
        <price t="2022-04-29" v="5041000000"/>
        <price t="2022-05-02" v="4743500000"/>
        <price t="2022-05-03" v="4751000000"/>
        <price t="2022-05-04" v="4904500000"/>
        <price t="2022-05-05" v="4757500000"/>
        <price t="2022-05-06" v="4743500000"/>
        <price t="2022-05-09" v="4708000000"/>
        <price t="2022-05-10" v="4851000000"/>
        <price t="2022-05-11" v="4960000000"/>
        <price t="2022-05-12" v="4906000000"/>
        <price t="2022-05-13" v="4938000000"/>
        <price t="2022-05-16" v="4929500000"/>
        <price t="2022-05-17" v="5069000000"/>
        <price t="2022-05-18" v="4985500000"/>
        <price t="2022-05-19" v="4886000000"/>
        <price t="2022-05-20" v="4885000000"/>
        <price t="2022-05-23" v="4973500000"/>
        <price t="2022-05-24" v="4875500000"/>
        <price t="2022-05-25" v="4946500000"/>
        <price t="2022-05-26" v="5079000000"/>
        <price t="2022-05-27" v="5111000000"/>
        <price t="2022-05-30" v="5144000000"/>
        <price t="2022-05-31" v="5129000000"/>
        <price t="2022-06-01" v="5173000000"/>
        <price t="2022-06-02" v="5260000000"/>
        <price t="2022-06-03" v="5202000000"/>
        <price t="2022-06-06" v="5252000000"/>
        <price t="2022-06-07" v="5218000000"/>
        <price t="2022-06-08" v="5268000000"/>
        <price t="2022-06-09" v="5187000000"/>
        <price t="2022-06-10" v="4963000000"/>
        <price t="2022-06-13" v="4907500000"/>
        <price t="2022-06-14" v="4839000000"/>
        <price t="2022-06-15" v="4903000000"/>
        <price t="2022-06-16" v="4566500000"/>
        <price t="2022-06-17" v="4530000000"/>
        <price t="2022-06-20" v="4575000000"/>
        <price t="2022-06-21" v="4607500000"/>
        <price t="2022-06-22" v="4340000000"/>
        <price t="2022-06-23" v="4143000000"/>
        <price t="2022-06-24" v="4221500000"/>
        <price t="2022-06-27" v="4281000000"/>
        <price t="2022-06-28" v="4302500000"/>
        <price t="2022-06-29" v="4158000000"/>
        <price t="2022-06-30" v="4152500000"/>
        <price t="2022-07-01" v="4127000000"/>
        <price t="2022-07-04" v="4188500000"/>
        <price t="2022-07-05" v="3932500000"/>
        <price t="2022-07-06" v="3975000000"/>
        <price t="2022-07-07" v="4130000000"/>
        <price t="2022-07-08" v="4291500000"/>
        <price t="2022-07-11" v="4126500000"/>
        <price t="2022-07-12" v="4253000000"/>
        <price t="2022-07-13" v="4145000000"/>
        <price t="2022-07-14" v="4040000000"/>
        <price t="2022-07-15" v="4145500000"/>
        <price t="2022-07-18" v="4272000000"/>
        <price t="2022-07-19" v="4468500000"/>
        <price t="2022-07-20" v="4466500000"/>
        <price t="2022-07-21" v="4367000000"/>
        <price t="2022-07-22" v="4314000000"/>
        <price t="2022-07-25" v="4314000000"/>
        <price t="2022-07-26" v="4218500000"/>
        <price t="2022-07-27" v="4162000000"/>
        <price t="2022-07-28" v="4255000000"/>
        <price t="2022-07-29" v="4341500000"/>
        <price t="2022-08-01" v="4333500000"/>
        <price t="2022-08-02" v="4374000000"/>
        <price t="2022-08-03" v="4387000000"/>
        <price t="2022-08-04" v="4422500000"/>
        <price t="2022-08-05" v="4402000000"/>
        <price t="2022-08-08" v="4480000000"/>
        <price t="2022-08-09" v="4399500000"/>
        <price t="2022-08-10" v="4444500000"/>
        <price t="2022-08-11" v="4342500000"/>
        <price t="2022-08-12" v="4415500000"/>
        <price t="2022-08-15" v="4406000000"/>
        <price t="2022-08-16" v="4475000000"/>
        <price t="2022-08-17" v="4268500000"/>
        <price t="2022-08-18" v="4344000000"/>
        <price t="2022-08-19" v="4303500000"/>
        <price t="2022-08-22" v="4118000000"/>
        <price t="2022-08-23" v="4180500000"/>
        <price t="2022-08-24" v="4160500000"/>
        <price t="2022-08-25" v="4202500000"/>
        <price t="2022-08-26" v="4094000000"/>
        <price t="2022-08-29" v="4224000000"/>
        <price t="2022-08-30" v="4218500000"/>
        <price t="2022-08-31" v="4207000000"/>
        <price t="2022-09-01" v="4130500000"/>
        <price t="2022-09-02" v="4299500000"/>
        <price t="2022-09-05" v="4127000000"/>
        <price t="2022-09-06" v="4205000000"/>
        <price t="2022-09-07" v="4294000000"/>
        <price t="2022-09-08" v="4249500000"/>
        <price t="2022-09-09" v="4348500000"/>
        <price t="2022-09-12" v="4492000000"/>
        <price t="2022-09-13" v="4421000000"/>
        <price t="2022-09-14" v="4277000000"/>
        <price t="2022-09-15" v="4225500000"/>
        <price t="2022-09-16" v="4138500000"/>
        <price t="2022-09-19" v="4239500000"/>
        <price t="2022-09-20" v="4160000000"/>
        <price t="2022-09-21" v="4170000000"/>
        <price t="2022-09-22" v="4100000000"/>
        <price t="2022-09-23" v="3979000000"/>
        <price t="2022-09-26" v="3981000000"/>
        <price t="2022-09-27" v="3949500000"/>
        <price t="2022-09-28" v="3941500000"/>
        <price t="2022-09-29" v="3885000000"/>
        <price t="2022-09-30" v="3960000000"/>
        <price t="2022-10-03" v="4094000000"/>
        <price t="2022-10-04" v="4230000000"/>
        <price t="2022-10-05" v="4191500000"/>
        <price t="2022-10-06" v="4127000000"/>
        <price t="2022-10-07" v="4069500000"/>
        <price t="2022-10-10" v="4319000000"/>
        <price t="2022-10-11" v="4146500000"/>
        <price t="2022-10-12" v="4213500000"/>
        <price t="2022-10-13" v="4296500000"/>
        <price t="2022-10-14" v="4332000000"/>
        <price t="2022-10-17" v="4408000000"/>
        <price t="2022-10-18" v="4493000000"/>
        <price t="2022-10-19" v="4505000000"/>
        <price t="2022-10-20" v="4545000000"/>
        <price t="2022-10-21" v="4608000000"/>
        <price t="2022-10-24" v="4659500000"/>
        <price t="2022-10-25" v="4594500000"/>
        <price t="2022-10-26" v="4550000000"/>
        <price t="2022-10-27" v="4601000000"/>
        <price t="2022-10-28" v="4530000000"/>
        <price t="2022-10-31" v="4543500000"/>
        <price t="2022-11-01" v="4549500000"/>
        <price t="2022-11-02" v="4505500000"/>
        <price t="2022-11-03" v="4453500000"/>
        <price t="2022-11-04" v="4681500000"/>
        <price t="2022-11-07" v="4760500000"/>
        <price t="2022-11-08" v="4830000000"/>
        <price t="2022-11-09" v="4754500000"/>
        <price t="2022-11-10" v="4890500000"/>
        <price t="2022-11-11" v="5068000000"/>
        <price t="2022-11-14" v="5128000000"/>
        <price t="2022-11-15" v="5030000000"/>
        <price t="2022-11-16" v="4957000000"/>
        <price t="2022-11-17" v="4895500000"/>
        <price t="2022-11-18" v="4962500000"/>
        <price t="2022-11-21" v="4867000000"/>
        <price t="2022-11-22" v="4952000000"/>
        <price t="2022-11-23" v="4927000000"/>
        <price t="2022-11-24" v="4988500000"/>
        <price t="2022-11-25" v="4960500000"/>
        <price t="2022-11-28" v="4891000000"/>
        <price t="2022-11-29" v="4906000000"/>
        <price t="2022-11-30" v="4851500000"/>
        <price t="2022-12-01" v="4786000000"/>
        <price t="2022-12-02" v="4873000000"/>
        <price t="2022-12-05" v="4797000000"/>
        <price t="2022-12-06" v="4792500000"/>
        <price t="2022-12-07" v="4742500000"/>
        <price t="2022-12-08" v="4710000000"/>
        <price t="2022-12-09" v="4772000000"/>
        <price t="2022-12-12" v="4670000000"/>
        <price t="2022-12-13" v="4753500000"/>
        <price t="2022-12-14" v="4723000000"/>
        <price t="2022-12-15" v="4581500000"/>
        <price t="2022-12-16" v="4579000000"/>
        <price t="2022-12-19" v="4552000000"/>
        <price t="2022-12-20" v="4580000000"/>
        <price t="2022-12-21" v="4650000000"/>
        <price t="2022-12-22" v="4568500000"/>
        <price t="2022-12-23" v="4623500000"/>
        <price t="2022-12-27" v="4667500000"/>
        <price t="2022-12-28" v="4654500000"/>
        <price t="2022-12-29" v="4676000000"/>
        <price t="2022-12-30" v="4639000000"/>
        <price t="2023-01-02" v="4798500000"/>
        <price t="2023-01-03" v="4889000000"/>
        <price t="2023-01-04" v="5096000000"/>
        <price t="2023-01-05" v="5162000000"/>
        <price t="2023-01-06" v="5281000000"/>
        <price t="2023-01-09" v="5284000000"/>
        <price t="2023-01-10" v="5170000000"/>
        <price t="2023-01-11" v="5217000000"/>
        <price t="2023-01-12" v="5309000000"/>
        <price t="2023-01-13" v="5276000000"/>
        <price t="2023-01-16" v="5300000000"/>
        <price t="2023-01-17" v="5284000000"/>
        <price t="2023-01-18" v="5313000000"/>
        <price t="2023-01-19" v="5218000000"/>
        <price t="2023-01-20" v="5246000000"/>
        <price t="2023-01-23" v="5257000000"/>
        <price t="2023-01-24" v="5304000000"/>
        <price t="2023-01-25" v="5287000000"/>
        <price t="2023-01-26" v="5262000000"/>
        <price t="2023-01-27" v="5279000000"/>
        <price t="2023-01-30" v="5278000000"/>
        <price t="2023-01-31" v="5240000000"/>
        <price t="2023-02-01" v="5274000000"/>
        <price t="2023-02-02" v="5384000000"/>
        <price t="2023-02-03" v="5404000000"/>
        <price t="2023-02-06" v="5295000000"/>
        <price t="2023-02-07" v="5295000000"/>
        <price t="2023-02-08" v="5286000000"/>
        <price t="2023-02-09" v="5285000000"/>
        <price t="2023-02-10" v="5129000000"/>
        <price t="2023-02-13" v="5167000000"/>
        <price t="2023-02-14" v="5106000000"/>
        <price t="2023-02-15" v="5170000000"/>
        <price t="2023-02-16" v="5240000000"/>
        <price t="2023-02-17" v="5224000000"/>
        <price t="2023-02-20" v="5311000000"/>
        <price t="2023-02-21" v="5249000000"/>
        <price t="2023-02-22" v="5236000000"/>
        <price t="2023-02-23" v="5217000000"/>
        <price t="2023-02-24" v="4807000000"/>
        <price t="2023-02-27" v="4789000000"/>
        <price t="2023-02-28" v="4847500000"/>
        <price t="2023-03-01" v="4837500000"/>
        <price t="2023-03-02" v="4832500000"/>
        <price t="2023-03-03" v="4916500000"/>
        <price t="2023-03-06" v="4825500000"/>
        <price t="2023-03-07" v="4801500000"/>
        <price t="2023-03-08" v="4828500000"/>
        <price t="2023-03-09" v="4799000000"/>
        <price t="2023-03-10" v="4754500000"/>
        <price t="2023-03-13" v="4570000000"/>
        <price t="2023-03-14" v="4640500000"/>
        <price t="2023-03-15" v="4453500000"/>
        <price t="2023-03-16" v="4508500000"/>
        <price t="2023-03-17" v="4491500000"/>
        <price t="2023-03-20" v="4540000000"/>
        <price t="2023-03-21" v="4617000000"/>
        <price t="2023-03-22" v="4656000000"/>
        <price t="2023-03-23" v="4637500000"/>
        <price t="2023-03-24" v="4591500000"/>
        <price t="2023-03-27" v="4593000000"/>
        <price t="2023-03-28" v="4638500000"/>
        <price t="2023-03-29" v="4718000000"/>
        <price t="2023-03-30" v="4790000000"/>
        <price t="2023-03-31" v="4836000000"/>
        <price t="2023-04-03" v="4879000000"/>
        <price t="2023-04-04" v="4901000000"/>
        <price t="2023-04-05" v="4836000000"/>
        <price t="2023-04-06" v="4841000000"/>
        <price t="2023-04-11" v="4911000000"/>
        <price t="2023-04-12" v="4942500000"/>
        <price t="2023-04-13" v="4880500000"/>
        <price t="2023-04-14" v="4970500000"/>
        <price t="2023-04-17" v="5006000000"/>
        <price t="2023-04-18" v="5052000000"/>
        <price t="2023-04-19" v="5083000000"/>
        <price t="2023-04-20" v="5061000000"/>
        <price t="2023-04-21" v="4960500000"/>
        <price t="2023-04-24" v="5024000000"/>
        <price t="2023-04-25" v="5016000000"/>
        <price t="2023-04-26" v="5015000000"/>
        <price t="2023-04-27" v="4799500000"/>
        <price t="2023-04-28" v="4685000000"/>
        <price t="2023-05-02" v="4518500000"/>
        <price t="2023-05-03" v="4636000000"/>
        <price t="2023-05-04" v="4589500000"/>
        <price t="2023-05-05" v="4752500000"/>
        <price t="2023-05-08" v="4698000000"/>
        <price t="2023-05-09" v="4684500000"/>
        <price t="2023-05-10" v="4712500000"/>
        <price t="2023-05-11" v="4711000000"/>
        <price t="2023-05-12" v="4710000000"/>
        <price t="2023-05-15" v="4772500000"/>
        <price t="2023-05-16" v="4710500000"/>
        <price t="2023-05-17" v="4692500000"/>
        <price t="2023-05-18" v="4745500000"/>
        <price t="2023-05-19" v="4760500000"/>
        <price t="2023-05-22" v="4728500000"/>
        <price t="2023-05-23" v="4746500000"/>
        <price t="2023-05-24" v="4642500000"/>
        <price t="2023-05-25" v="4591500000"/>
        <price t="2023-05-26" v="4691000000"/>
        <price t="2023-05-29" v="4670500000"/>
        <price t="2023-05-30" v="4598000000"/>
        <price t="2023-05-31" v="4441500000"/>
        <price t="2023-06-01" v="4485000000"/>
        <price t="2023-06-02" v="4679000000"/>
        <price t="2023-06-05" v="4653500000"/>
        <price t="2023-06-06" v="4676000000"/>
        <price t="2023-06-07" v="4645000000"/>
        <price t="2023-06-08" v="4687000000"/>
        <price t="2023-06-09" v="4602500000"/>
        <price t="2023-06-12" v="4629500000"/>
        <price t="2023-06-13" v="4677000000"/>
        <price t="2023-06-14" v="4683500000"/>
        <price t="2023-06-15" v="4635500000"/>
        <price t="2023-06-16" v="4570000000"/>
        <price t="2023-06-19" v="4406500000"/>
        <price t="2023-06-20" v="4265500000"/>
        <price t="2023-06-21" v="4261500000"/>
        <price t="2023-06-22" v="4237500000"/>
        <price t="2023-06-23" v="4223500000"/>
        <price t="2023-06-26" v="4278500000"/>
        <price t="2023-06-27" v="4311000000"/>
        <price t="2023-06-28" v="4407500000"/>
        <price t="2023-06-29" v="4404000000"/>
        <price t="2023-06-30" v="4447000000"/>
        <price t="2023-07-03" v="4473500000"/>
        <price t="2023-07-04" v="4468500000"/>
        <price t="2023-07-05" v="4409000000"/>
        <price t="2023-07-06" v="4307000000"/>
        <price t="2023-07-07" v="4525000000"/>
        <price t="2023-07-10" v="4496500000"/>
        <price t="2023-07-11" v="4557500000"/>
        <price t="2023-07-12" v="4673500000"/>
        <price t="2023-07-13" v="4643000000"/>
        <price t="2023-07-14" v="4536000000"/>
        <price t="2023-07-17" v="4521000000"/>
        <price t="2023-07-18" v="4664000000"/>
        <price t="2023-07-19" v="4707000000"/>
        <price t="2023-07-20" v="4767500000"/>
        <price t="2023-07-21" v="4747000000"/>
        <price t="2023-07-24" v="4733000000"/>
        <price t="2023-07-25" v="4761500000"/>
        <price t="2023-07-26" v="4730000000"/>
        <price t="2023-07-27" v="4790000000"/>
        <price t="2023-07-28" v="4938500000"/>
        <price t="2023-07-31" v="4877000000"/>
        <price t="2023-08-01" v="4866000000"/>
        <price t="2023-08-02" v="4775000000"/>
        <price t="2023-08-03" v="4719000000"/>
        <price t="2023-08-04" v="4713000000"/>
        <price t="2023-08-07" v="4716500000"/>
        <price t="2023-08-08" v="4642500000"/>
        <price t="2023-08-09" v="4656000000"/>
        <price t="2023-08-10" v="4737500000"/>
        <price t="2023-08-11" v="4676000000"/>
        <price t="2023-08-14" v="4636000000"/>
        <price t="2023-08-15" v="4564500000"/>
        <price t="2023-08-16" v="4571000000"/>
        <price t="2023-08-17" v="4574000000"/>
        <price t="2023-08-18" v="4555500000"/>
        <price t="2023-08-21" v="4562500000"/>
        <price t="2023-08-22" v="4586000000"/>
        <price t="2023-08-23" v="4551500000"/>
        <price t="2023-08-24" v="4513500000"/>
        <price t="2023-08-25" v="4502500000"/>
        <price t="2023-08-28" v="4540000000"/>
        <price t="2023-08-29" v="4598000000"/>
        <price t="2023-08-30" v="4625000000"/>
        <price t="2023-08-31" v="4679000000"/>
        <price t="2023-09-01" v="4688500000"/>
        <price t="2023-09-04" v="4661500000"/>
        <price t="2023-09-05" v="4588500000"/>
        <price t="2023-09-06" v="4580500000"/>
        <price t="2023-09-07" v="4511500000"/>
        <price t="2023-09-08" v="4448000000"/>
        <price t="2023-09-11" v="4499500000"/>
        <price t="2023-09-12" v="4428000000"/>
        <price t="2023-09-13" v="4432500000"/>
        <price t="2023-09-14" v="4512000000"/>
        <price t="2023-09-15" v="4625000000"/>
        <price t="2023-09-18" v="4531000000"/>
        <price t="2023-09-19" v="4520000000"/>
        <price t="2023-09-20" v="4568500000"/>
        <price t="2023-09-21" v="4346500000"/>
        <price t="2023-09-22" v="4308500000"/>
        <price t="2023-09-25" v="4278000000"/>
        <price t="2023-09-26" v="4211000000"/>
        <price t="2023-09-27" v="4228000000"/>
        <price t="2023-09-28" v="4264500000"/>
        <price t="2023-09-29" v="4295000000"/>
        <price t="2023-10-02" v="4189000000"/>
        <price t="2023-10-03" v="4176000000"/>
        <price t="2023-10-04" v="4185000000"/>
        <price t="2023-10-05" v="4134500000"/>
        <price t="2023-10-06" v="4182000000"/>
        <price t="2023-10-09" v="4094000000"/>
        <price t="2023-10-10" v="4229500000"/>
        <price t="2023-10-11" v="4250000000"/>
        <price t="2023-10-12" v="4214000000"/>
        <price t="2023-10-13" v="4204000000"/>
        <price t="2023-10-16" v="4252000000"/>
        <price t="2023-10-17" v="4245500000"/>
        <price t="2023-10-18" v="4184000000"/>
        <price t="2023-10-19" v="4143000000"/>
        <price t="2023-10-20" v="4099500000"/>
        <price t="2023-10-23" v="4092000000"/>
        <price t="2023-10-24" v="4095000000"/>
        <price t="2023-10-25" v="4058500000"/>
        <price t="2023-10-26" v="4118500000"/>
        <price t="2023-10-27" v="4146000000"/>
        <price t="2023-10-30" v="4168000000"/>
        <price t="2023-10-31" v="4353500000"/>
        <price t="2023-11-01" v="4228500000"/>
        <price t="2023-11-02" v="4352000000"/>
        <price t="2023-11-03" v="4387000000"/>
        <price t="2023-11-06" v="4316000000"/>
        <price t="2023-11-07" v="4347500000"/>
        <price t="2023-11-08" v="4357500000"/>
        <price t="2023-11-09" v="4448000000"/>
        <price t="2023-11-10" v="4371500000"/>
        <price t="2023-11-13" v="4408500000"/>
        <price t="2023-11-14" v="4475000000"/>
        <price t="2023-11-15" v="4504500000"/>
        <price t="2023-11-16" v="4393000000"/>
        <price t="2023-11-17" v="4428500000"/>
        <price t="2023-11-20" v="4420500000"/>
        <price t="2023-11-21" v="4381000000"/>
        <price t="2023-11-22" v="4372000000"/>
        <price t="2023-11-23" v="4381000000"/>
        <price t="2023-11-24" v="4458000000"/>
        <price t="2023-11-27" v="4319500000"/>
        <price t="2023-11-28" v="4270500000"/>
        <price t="2023-11-29" v="4297500000"/>
        <price t="2023-11-30" v="4268500000"/>
        <price t="2023-12-01" v="4324000000"/>
        <price t="2023-12-04" v="4341000000"/>
        <price t="2023-12-05" v="4360000000"/>
        <price t="2023-12-06" v="4444000000"/>
        <price t="2023-12-07" v="4509500000"/>
        <price t="2023-12-08" v="4519000000"/>
        <price t="2023-12-11" v="4543000000"/>
        <price t="2023-12-12" v="4558500000"/>
        <price t="2023-12-13" v="4760500000"/>
        <price t="2023-12-14" v="4814000000"/>
        <price t="2023-12-15" v="4817500000"/>
        <price t="2023-12-18" v="4827000000"/>
        <price t="2023-12-19" v="4856500000"/>
        <price t="2023-12-20" v="4845000000"/>
        <price t="2023-12-21" v="4847000000"/>
        <price t="2023-12-22" v="4854000000"/>
        <price t="2023-12-27" v="4865000000"/>
        <price t="2023-12-28" v="4858000000"/>
        <price t="2023-12-29" v="4878000000"/>
        <price t="2024-01-02" v="4907000000"/>
        <price t="2024-01-03" v="4776000000"/>
        <price t="2024-01-04" v="4769500000"/>
        <price t="2024-01-05" v="4680000000"/>
        <price t="2024-01-08" v="4675500000"/>
        <price t="2024-01-09" v="4551000000"/>
        <price t="2024-01-10" v="4502000000"/>
        <price t="2024-01-11" v="4483000000"/>
        <price t="2024-01-12" v="4478000000"/>
        <price t="2024-01-15" v="4452500000"/>
        <price t="2024-01-16" v="4425500000"/>
        <price t="2024-01-17" v="4316000000"/>
        <price t="2024-01-18" v="4366000000"/>
        <price t="2024-01-19" v="4305000000"/>
        <price t="2024-01-22" v="4281500000"/>
        <price t="2024-01-23" v="4362000000"/>
        <price t="2024-01-24" v="4378000000"/>
        <price t="2024-01-25" v="4495500000"/>
        <price t="2024-01-26" v="4565500000"/>
        <price t="2024-01-29" v="4506000000"/>
        <price t="2024-01-30" v="4447000000"/>
        <price t="2024-01-31" v="4446000000"/>
        <price t="2024-02-01" v="4413500000"/>
        <price t="2024-02-02" v="4468000000"/>
        <price t="2024-02-05" v="4460500000"/>
        <price t="2024-02-06" v="4535000000"/>
        <price t="2024-02-07" v="4459000000"/>
        <price t="2024-02-08" v="4470500000"/>
        <price t="2024-02-09" v="4402000000"/>
      </prices>
      <latest t="2024-02-09" v="4402000000">
        <high>-1</high>
        <low>-1</low>
        <volume>-1</volume>
      </latest>
      <attributes>
        <map/>
      </attributes>
      <events/>
      <property type="FEED" name="PORTFOLIO-REPORT-MARKET">XETR</property>
      <property type="FEED" name="PORTFOLIO-REPORT-MARKETS">[{&quot;marketCode&quot;:&quot;XETR&quot;,&quot;currencyCode&quot;:&quot;EUR&quot;,&quot;symbol&quot;:&quot;BAS&quot;,&quot;firstPriceDate&quot;:&quot;2000-01-03&quot;,&quot;lastPriceDate&quot;:&quot;2024-02-09&quot;}]</property>
      <isRetired>false</isRetired>
      <updatedAt>2024-01-13T20:04:12.205858900Z</updatedAt>
    </security>
    <security>
      <uuid>fd1879d0-1ec6-4584-be19-ff6dd2f7932a</uuid>
      <name>NVIDIA</name>
      <currencyCode>USD</currencyCode>
      <tickerSymbol>NVDA</tickerSymbol>
      <prices/>
      <attributes>
        <map/>
      </attributes>
      <isRetired>false</isRetired>
      <updatedAt>2024-01-14T10:13:28.735943700Z</updatedAt>
    </security>
    <security>
      <uuid>d5b2f238-3652-470a-8cc2-cc4e4c28a544</uuid>
      <onlineId>d88b08bfc1ea4f288d8124de2819c3a5</onlineId>
      <name>MERCEDES-BENZ GRP NA O.N.</name>
      <currencyCode>EUR</currencyCode>
      <isin>DE0007100000</isin>
      <tickerSymbol>MBG</tickerSymbol>
      <wkn>710000</wkn>
      <feed>MANUAL</feed>
      <prices/>
      <latest t="2024-02-08" v="6504000000">
        <high>-1</high>
        <low>-1</low>
        <volume>-1</volume>
      </latest>
      <attributes>
        <map/>
      </attributes>
      <events/>
      <property type="FEED" name="PORTFOLIO-REPORT-MARKET">XETR</property>
      <property type="FEED" name="PORTFOLIO-REPORT-MARKETS">[{&quot;marketCode&quot;:&quot;XETR&quot;,&quot;currencyCode&quot;:&quot;EUR&quot;,&quot;symbol&quot;:&quot;MBG&quot;,&quot;firstPriceDate&quot;:&quot;2000-01-03&quot;,&quot;lastPriceDate&quot;:&quot;2024-02-09&quot;}]</property>
      <isRetired>false</isRetired>
      <updatedAt>2024-02-09T22:42:32.418347600Z</updatedAt>
    </security>
    <security>
      <uuid>9fa48143-a7ef-4443-927b-8c1ef0e16fe6</uuid>
      <onlineId>681d11e45dee4b099d79925aebd5bbc4</onlineId>
      <name>DAIMLER TRUCK HLDG NA ON</name>
      <currencyCode>EUR</currencyCode>
      <isin>DE000DTR0CK8</isin>
      <tickerSymbol>DTG</tickerSymbol>
      <wkn>DTR0CK</wkn>
      <feed>PORTFOLIO-REPORT</feed>
      <prices>
        <price t="2021-12-10" v="2977500000"/>
        <price t="2021-12-13" v="3296000000"/>
        <price t="2021-12-14" v="3290000000"/>
        <price t="2021-12-15" v="3305000000"/>
        <price t="2021-12-16" v="3261500000"/>
        <price t="2021-12-17" v="3140000000"/>
        <price t="2021-12-20" v="3050000000"/>
        <price t="2021-12-21" v="3082500000"/>
        <price t="2021-12-22" v="3090000000"/>
        <price t="2021-12-23" v="3240000000"/>
        <price t="2021-12-27" v="3228500000"/>
        <price t="2021-12-28" v="3215000000"/>
        <price t="2021-12-29" v="3249000000"/>
        <price t="2021-12-30" v="3229000000"/>
        <price t="2022-01-03" v="3200000000"/>
        <price t="2022-01-04" v="3200000000"/>
        <price t="2022-01-05" v="3253000000"/>
        <price t="2022-01-06" v="3200000000"/>
        <price t="2022-01-07" v="3221000000"/>
        <price t="2022-01-10" v="3349000000"/>
        <price t="2022-01-11" v="3450000000"/>
        <price t="2022-01-12" v="3425000000"/>
        <price t="2022-01-13" v="3394500000"/>
        <price t="2022-01-14" v="3497000000"/>
        <price t="2022-01-17" v="3544000000"/>
        <price t="2022-01-18" v="3431000000"/>
        <price t="2022-01-19" v="3280500000"/>
        <price t="2022-01-20" v="3300500000"/>
        <price t="2022-01-21" v="3267500000"/>
        <price t="2022-01-24" v="3167000000"/>
        <price t="2022-01-25" v="3185500000"/>
        <price t="2022-01-26" v="3283500000"/>
        <price t="2022-01-27" v="3223000000"/>
        <price t="2022-01-28" v="3168500000"/>
        <price t="2022-01-31" v="3138000000"/>
        <price t="2022-02-01" v="3229000000"/>
        <price t="2022-02-02" v="3181000000"/>
        <price t="2022-02-03" v="3175500000"/>
        <price t="2022-02-04" v="3172500000"/>
        <price t="2022-02-07" v="3192500000"/>
        <price t="2022-02-08" v="3252500000"/>
        <price t="2022-02-09" v="3323000000"/>
        <price t="2022-02-10" v="3254500000"/>
        <price t="2022-02-11" v="3234500000"/>
        <price t="2022-02-14" v="3136500000"/>
        <price t="2022-02-15" v="3166000000"/>
        <price t="2022-02-16" v="3150000000"/>
        <price t="2022-02-17" v="3150000000"/>
        <price t="2022-02-18" v="3127500000"/>
        <price t="2022-02-21" v="3065000000"/>
        <price t="2022-02-22" v="3024500000"/>
        <price t="2022-02-23" v="2954000000"/>
        <price t="2022-02-24" v="2814500000"/>
        <price t="2022-02-25" v="2819500000"/>
        <price t="2022-02-28" v="2718000000"/>
        <price t="2022-03-01" v="2512500000"/>
        <price t="2022-03-02" v="2386000000"/>
        <price t="2022-03-03" v="2340000000"/>
        <price t="2022-03-04" v="2203500000"/>
        <price t="2022-03-07" v="2250000000"/>
        <price t="2022-03-08" v="2279000000"/>
        <price t="2022-03-09" v="2470000000"/>
        <price t="2022-03-10" v="2314000000"/>
        <price t="2022-03-11" v="2399000000"/>
        <price t="2022-03-14" v="2423500000"/>
        <price t="2022-03-15" v="2330000000"/>
        <price t="2022-03-16" v="2458500000"/>
        <price t="2022-03-17" v="2508000000"/>
        <price t="2022-03-18" v="2451000000"/>
        <price t="2022-03-21" v="2442000000"/>
        <price t="2022-03-22" v="2417500000"/>
        <price t="2022-03-23" v="2401000000"/>
        <price t="2022-03-24" v="2571000000"/>
        <price t="2022-03-25" v="2540500000"/>
        <price t="2022-03-28" v="2634000000"/>
        <price t="2022-03-29" v="2703500000"/>
        <price t="2022-03-30" v="2632500000"/>
        <price t="2022-03-31" v="2523000000"/>
        <price t="2022-04-01" v="2510000000"/>
        <price t="2022-04-04" v="2518000000"/>
        <price t="2022-04-05" v="2390500000"/>
        <price t="2022-04-06" v="2329500000"/>
        <price t="2022-04-07" v="2300500000"/>
        <price t="2022-04-08" v="2361500000"/>
        <price t="2022-04-11" v="2383000000"/>
        <price t="2022-04-12" v="2375000000"/>
        <price t="2022-04-13" v="2345500000"/>
        <price t="2022-04-14" v="2374500000"/>
        <price t="2022-04-19" v="2452000000"/>
        <price t="2022-04-20" v="2553500000"/>
        <price t="2022-04-21" v="2597500000"/>
        <price t="2022-04-22" v="2549500000"/>
        <price t="2022-04-25" v="2550000000"/>
        <price t="2022-04-26" v="2549500000"/>
        <price t="2022-04-27" v="2562000000"/>
        <price t="2022-04-28" v="2604000000"/>
        <price t="2022-04-29" v="2580000000"/>
        <price t="2022-05-02" v="2549000000"/>
        <price t="2022-05-03" v="2626000000"/>
        <price t="2022-05-04" v="2669500000"/>
        <price t="2022-05-05" v="2574000000"/>
        <price t="2022-05-06" v="2596500000"/>
        <price t="2022-05-09" v="2576000000"/>
        <price t="2022-05-10" v="2578500000"/>
        <price t="2022-05-11" v="2610000000"/>
        <price t="2022-05-12" v="2637000000"/>
        <price t="2022-05-13" v="2740500000"/>
        <price t="2022-05-16" v="2703000000"/>
        <price t="2022-05-17" v="2878500000"/>
        <price t="2022-05-18" v="2913000000"/>
        <price t="2022-05-19" v="2836000000"/>
        <price t="2022-05-20" v="2803000000"/>
        <price t="2022-05-23" v="2850000000"/>
        <price t="2022-05-24" v="2778500000"/>
        <price t="2022-05-25" v="2799500000"/>
        <price t="2022-05-26" v="2862500000"/>
        <price t="2022-05-27" v="2905000000"/>
        <price t="2022-05-30" v="2923000000"/>
        <price t="2022-05-31" v="2903000000"/>
        <price t="2022-06-01" v="2959000000"/>
        <price t="2022-06-02" v="2972000000"/>
        <price t="2022-06-03" v="2958000000"/>
        <price t="2022-06-06" v="2989500000"/>
        <price t="2022-06-07" v="2981500000"/>
        <price t="2022-06-08" v="3002000000"/>
        <price t="2022-06-09" v="2937500000"/>
        <price t="2022-06-10" v="2844000000"/>
        <price t="2022-06-13" v="2778000000"/>
        <price t="2022-06-14" v="2736000000"/>
        <price t="2022-06-15" v="2763000000"/>
        <price t="2022-06-16" v="2665000000"/>
        <price t="2022-06-17" v="2682500000"/>
        <price t="2022-06-20" v="2716000000"/>
        <price t="2022-06-21" v="2718500000"/>
        <price t="2022-06-22" v="2614000000"/>
        <price t="2022-06-23" v="2521500000"/>
        <price t="2022-06-24" v="2573000000"/>
        <price t="2022-06-27" v="2609000000"/>
        <price t="2022-06-28" v="2588000000"/>
        <price t="2022-06-29" v="2533000000"/>
        <price t="2022-06-30" v="2491000000"/>
        <price t="2022-07-01" v="2503500000"/>
        <price t="2022-07-04" v="2476000000"/>
        <price t="2022-07-05" v="2284000000"/>
        <price t="2022-07-06" v="2275500000"/>
        <price t="2022-07-07" v="2440000000"/>
        <price t="2022-07-08" v="2530500000"/>
        <price t="2022-07-11" v="2404500000"/>
        <price t="2022-07-12" v="2450000000"/>
        <price t="2022-07-13" v="2385500000"/>
        <price t="2022-07-14" v="2362000000"/>
        <price t="2022-07-15" v="2437000000"/>
        <price t="2022-07-18" v="2479000000"/>
        <price t="2022-07-19" v="2570500000"/>
        <price t="2022-07-20" v="2570000000"/>
        <price t="2022-07-21" v="2565000000"/>
        <price t="2022-07-22" v="2561500000"/>
        <price t="2022-07-25" v="2546500000"/>
        <price t="2022-07-26" v="2519500000"/>
        <price t="2022-07-27" v="2582000000"/>
        <price t="2022-07-28" v="2639500000"/>
        <price t="2022-07-29" v="2659000000"/>
        <price t="2022-08-01" v="2701500000"/>
        <price t="2022-08-02" v="2732500000"/>
        <price t="2022-08-03" v="2745000000"/>
        <price t="2022-08-04" v="2789500000"/>
        <price t="2022-08-05" v="2758000000"/>
        <price t="2022-08-08" v="2791000000"/>
        <price t="2022-08-09" v="2745500000"/>
        <price t="2022-08-10" v="2793500000"/>
        <price t="2022-08-11" v="2783500000"/>
        <price t="2022-08-12" v="2840000000"/>
        <price t="2022-08-15" v="2857000000"/>
        <price t="2022-08-16" v="2867500000"/>
        <price t="2022-08-17" v="2760000000"/>
        <price t="2022-08-18" v="2750500000"/>
        <price t="2022-08-19" v="2709500000"/>
        <price t="2022-08-22" v="2610000000"/>
        <price t="2022-08-23" v="2587500000"/>
        <price t="2022-08-24" v="2573000000"/>
        <price t="2022-08-25" v="2546500000"/>
        <price t="2022-08-26" v="2534500000"/>
        <price t="2022-08-29" v="2546000000"/>
        <price t="2022-08-30" v="2587000000"/>
        <price t="2022-08-31" v="2552500000"/>
        <price t="2022-09-01" v="2521500000"/>
        <price t="2022-09-02" v="2587000000"/>
        <price t="2022-09-05" v="2470500000"/>
        <price t="2022-09-06" v="2498500000"/>
        <price t="2022-09-07" v="2493000000"/>
        <price t="2022-09-08" v="2461000000"/>
        <price t="2022-09-09" v="2515000000"/>
        <price t="2022-09-12" v="2647500000"/>
        <price t="2022-09-13" v="2581000000"/>
        <price t="2022-09-14" v="2544000000"/>
        <price t="2022-09-15" v="2565000000"/>
        <price t="2022-09-16" v="2475000000"/>
        <price t="2022-09-19" v="2532500000"/>
        <price t="2022-09-20" v="2498500000"/>
        <price t="2022-09-21" v="2518000000"/>
        <price t="2022-09-22" v="2461000000"/>
        <price t="2022-09-23" v="2409500000"/>
        <price t="2022-09-26" v="2434500000"/>
        <price t="2022-09-27" v="2382000000"/>
        <price t="2022-09-28" v="2350000000"/>
        <price t="2022-09-29" v="2269500000"/>
        <price t="2022-09-30" v="2335000000"/>
        <price t="2022-10-03" v="2404500000"/>
        <price t="2022-10-04" v="2478500000"/>
        <price t="2022-10-05" v="2443000000"/>
        <price t="2022-10-06" v="2439500000"/>
        <price t="2022-10-07" v="2428000000"/>
        <price t="2022-10-10" v="2457000000"/>
        <price t="2022-10-11" v="2489000000"/>
        <price t="2022-10-12" v="2512000000"/>
        <price t="2022-10-13" v="2540000000"/>
        <price t="2022-10-14" v="2521500000"/>
        <price t="2022-10-17" v="2597000000"/>
        <price t="2022-10-18" v="2596500000"/>
        <price t="2022-10-19" v="2603500000"/>
        <price t="2022-10-20" v="2542000000"/>
        <price t="2022-10-21" v="2539000000"/>
        <price t="2022-10-24" v="2570500000"/>
        <price t="2022-10-25" v="2632000000"/>
        <price t="2022-10-26" v="2636500000"/>
        <price t="2022-10-27" v="2707000000"/>
        <price t="2022-10-28" v="2685000000"/>
        <price t="2022-10-31" v="2700000000"/>
        <price t="2022-11-01" v="2767500000"/>
        <price t="2022-11-02" v="2747000000"/>
        <price t="2022-11-03" v="2700000000"/>
        <price t="2022-11-04" v="2756500000"/>
        <price t="2022-11-07" v="2763500000"/>
        <price t="2022-11-08" v="2810000000"/>
        <price t="2022-11-09" v="2800000000"/>
        <price t="2022-11-10" v="2870500000"/>
        <price t="2022-11-11" v="2854500000"/>
        <price t="2022-11-14" v="2840000000"/>
        <price t="2022-11-15" v="2872000000"/>
        <price t="2022-11-16" v="2900000000"/>
        <price t="2022-11-17" v="2939000000"/>
        <price t="2022-11-18" v="3011500000"/>
        <price t="2022-11-21" v="3008500000"/>
        <price t="2022-11-22" v="3041500000"/>
        <price t="2022-11-23" v="3048500000"/>
        <price t="2022-11-24" v="3098500000"/>
        <price t="2022-11-25" v="3088000000"/>
        <price t="2022-11-28" v="3077500000"/>
        <price t="2022-11-29" v="3096000000"/>
        <price t="2022-11-30" v="3137000000"/>
        <price t="2022-12-01" v="3134500000"/>
        <price t="2022-12-02" v="3115000000"/>
        <price t="2022-12-05" v="3120500000"/>
        <price t="2022-12-06" v="3078000000"/>
        <price t="2022-12-07" v="3056500000"/>
        <price t="2022-12-08" v="3051000000"/>
        <price t="2022-12-09" v="3091000000"/>
        <price t="2022-12-12" v="3069000000"/>
        <price t="2022-12-13" v="3102000000"/>
        <price t="2022-12-14" v="3075000000"/>
        <price t="2022-12-15" v="3015000000"/>
        <price t="2022-12-16" v="2995500000"/>
        <price t="2022-12-19" v="3015000000"/>
        <price t="2022-12-20" v="2991000000"/>
        <price t="2022-12-21" v="3029500000"/>
        <price t="2022-12-22" v="2959000000"/>
        <price t="2022-12-23" v="2951500000"/>
        <price t="2022-12-27" v="2957500000"/>
        <price t="2022-12-28" v="2937000000"/>
        <price t="2022-12-29" v="2939500000"/>
        <price t="2022-12-30" v="2894500000"/>
        <price t="2023-01-02" v="2938000000"/>
        <price t="2023-01-03" v="2957000000"/>
        <price t="2023-01-04" v="2986500000"/>
        <price t="2023-01-05" v="2971000000"/>
        <price t="2023-01-06" v="3024000000"/>
        <price t="2023-01-09" v="3054500000"/>
        <price t="2023-01-10" v="3010000000"/>
        <price t="2023-01-11" v="3029500000"/>
        <price t="2023-01-12" v="3054000000"/>
        <price t="2023-01-13" v="2940500000"/>
        <price t="2023-01-16" v="2953000000"/>
        <price t="2023-01-17" v="2947000000"/>
        <price t="2023-01-18" v="2960500000"/>
        <price t="2023-01-19" v="2910000000"/>
        <price t="2023-01-20" v="2925000000"/>
        <price t="2023-01-23" v="2971000000"/>
        <price t="2023-01-24" v="3049500000"/>
        <price t="2023-01-25" v="3137000000"/>
        <price t="2023-01-26" v="3118500000"/>
        <price t="2023-01-27" v="3136500000"/>
        <price t="2023-01-30" v="3111000000"/>
        <price t="2023-01-31" v="3077000000"/>
        <price t="2023-02-01" v="3128500000"/>
        <price t="2023-02-02" v="3202000000"/>
        <price t="2023-02-03" v="3181000000"/>
        <price t="2023-02-06" v="3149000000"/>
        <price t="2023-02-07" v="3135500000"/>
        <price t="2023-02-08" v="3131000000"/>
        <price t="2023-02-09" v="3191500000"/>
        <price t="2023-02-10" v="3121000000"/>
        <price t="2023-02-13" v="3117500000"/>
        <price t="2023-02-14" v="3104500000"/>
        <price t="2023-02-15" v="3134500000"/>
        <price t="2023-02-16" v="3098500000"/>
        <price t="2023-02-17" v="3142500000"/>
        <price t="2023-02-20" v="3129000000"/>
        <price t="2023-02-21" v="3089000000"/>
        <price t="2023-02-22" v="3072500000"/>
        <price t="2023-02-23" v="3095500000"/>
        <price t="2023-02-24" v="3000000000"/>
        <price t="2023-02-27" v="2998000000"/>
        <price t="2023-02-28" v="3001500000"/>
        <price t="2023-03-01" v="3026000000"/>
        <price t="2023-03-02" v="3021000000"/>
        <price t="2023-03-03" v="3177000000"/>
        <price t="2023-03-06" v="3260500000"/>
        <price t="2023-03-07" v="3289500000"/>
        <price t="2023-03-08" v="3268500000"/>
        <price t="2023-03-09" v="3249000000"/>
        <price t="2023-03-10" v="3103000000"/>
        <price t="2023-03-13" v="3008500000"/>
        <price t="2023-03-14" v="3046500000"/>
        <price t="2023-03-15" v="2963500000"/>
        <price t="2023-03-16" v="3044500000"/>
        <price t="2023-03-17" v="3016000000"/>
        <price t="2023-03-20" v="3065500000"/>
        <price t="2023-03-21" v="3110500000"/>
        <price t="2023-03-22" v="3117000000"/>
        <price t="2023-03-23" v="3083500000"/>
        <price t="2023-03-24" v="2953000000"/>
        <price t="2023-03-27" v="3036500000"/>
        <price t="2023-03-28" v="3062000000"/>
        <price t="2023-03-29" v="3038500000"/>
        <price t="2023-03-30" v="3093500000"/>
        <price t="2023-03-31" v="3111000000"/>
        <price t="2023-04-03" v="3043000000"/>
        <price t="2023-04-04" v="3036000000"/>
        <price t="2023-04-05" v="2870000000"/>
        <price t="2023-04-06" v="2878000000"/>
        <price t="2023-04-11" v="2873000000"/>
        <price t="2023-04-12" v="2983000000"/>
        <price t="2023-04-13" v="3000000000"/>
        <price t="2023-04-14" v="3009000000"/>
        <price t="2023-04-17" v="3046000000"/>
        <price t="2023-04-18" v="3030000000"/>
        <price t="2023-04-19" v="2993000000"/>
        <price t="2023-04-20" v="3047000000"/>
        <price t="2023-04-21" v="3000000000"/>
        <price t="2023-04-24" v="2996000000"/>
        <price t="2023-04-25" v="3083000000"/>
        <price t="2023-04-26" v="3034000000"/>
        <price t="2023-04-27" v="2935000000"/>
        <price t="2023-04-28" v="2994000000"/>
        <price t="2023-05-02" v="2920000000"/>
        <price t="2023-05-03" v="2875000000"/>
        <price t="2023-05-04" v="2860000000"/>
        <price t="2023-05-05" v="2909000000"/>
        <price t="2023-05-08" v="2932000000"/>
        <price t="2023-05-09" v="2874000000"/>
        <price t="2023-05-10" v="2882000000"/>
        <price t="2023-05-11" v="2871000000"/>
        <price t="2023-05-12" v="2897000000"/>
        <price t="2023-05-15" v="2904000000"/>
        <price t="2023-05-16" v="2852000000"/>
        <price t="2023-05-17" v="2851000000"/>
        <price t="2023-05-18" v="2904000000"/>
        <price t="2023-05-19" v="2927000000"/>
        <price t="2023-05-22" v="2927000000"/>
        <price t="2023-05-23" v="2915000000"/>
        <price t="2023-05-24" v="2809000000"/>
        <price t="2023-05-25" v="2781000000"/>
        <price t="2023-05-26" v="2840000000"/>
        <price t="2023-05-29" v="2851000000"/>
        <price t="2023-05-30" v="2865000000"/>
        <price t="2023-05-31" v="2830000000"/>
        <price t="2023-06-01" v="2838000000"/>
        <price t="2023-06-02" v="2931000000"/>
        <price t="2023-06-05" v="2943000000"/>
        <price t="2023-06-06" v="2957000000"/>
        <price t="2023-06-07" v="2995000000"/>
        <price t="2023-06-08" v="3066000000"/>
        <price t="2023-06-09" v="3058000000"/>
        <price t="2023-06-12" v="3126000000"/>
        <price t="2023-06-13" v="3182000000"/>
        <price t="2023-06-14" v="3246000000"/>
        <price t="2023-06-15" v="3238000000"/>
        <price t="2023-06-16" v="3268000000"/>
        <price t="2023-06-19" v="3207000000"/>
        <price t="2023-06-20" v="3158000000"/>
        <price t="2023-06-21" v="3169000000"/>
        <price t="2023-06-22" v="3066000000"/>
        <price t="2023-06-23" v="3074000000"/>
        <price t="2023-06-26" v="3118000000"/>
        <price t="2023-06-27" v="3178000000"/>
        <price t="2023-06-28" v="3245000000"/>
        <price t="2023-06-29" v="3257000000"/>
        <price t="2023-06-30" v="3300000000"/>
        <price t="2023-07-03" v="3301000000"/>
        <price t="2023-07-04" v="3285000000"/>
        <price t="2023-07-05" v="3272000000"/>
        <price t="2023-07-06" v="3214000000"/>
        <price t="2023-07-07" v="3203000000"/>
        <price t="2023-07-10" v="3188000000"/>
        <price t="2023-07-11" v="3269000000"/>
        <price t="2023-07-12" v="3304000000"/>
        <price t="2023-07-13" v="3274000000"/>
        <price t="2023-07-14" v="3302000000"/>
        <price t="2023-07-17" v="3312000000"/>
        <price t="2023-07-18" v="3326000000"/>
        <price t="2023-07-19" v="3282000000"/>
        <price t="2023-07-20" v="3318000000"/>
        <price t="2023-07-21" v="3340000000"/>
        <price t="2023-07-24" v="3304000000"/>
        <price t="2023-07-25" v="3295000000"/>
        <price t="2023-07-26" v="3294000000"/>
        <price t="2023-07-27" v="3404000000"/>
        <price t="2023-07-28" v="3413000000"/>
        <price t="2023-07-31" v="3415000000"/>
        <price t="2023-08-01" v="3333000000"/>
        <price t="2023-08-02" v="3349000000"/>
        <price t="2023-08-03" v="3349000000"/>
        <price t="2023-08-04" v="3419000000"/>
        <price t="2023-08-07" v="3395000000"/>
        <price t="2023-08-08" v="3355000000"/>
        <price t="2023-08-09" v="3383000000"/>
        <price t="2023-08-10" v="3421000000"/>
        <price t="2023-08-11" v="3412000000"/>
        <price t="2023-08-14" v="3388000000"/>
        <price t="2023-08-15" v="3390000000"/>
        <price t="2023-08-16" v="3393000000"/>
        <price t="2023-08-17" v="3348000000"/>
        <price t="2023-08-18" v="3325000000"/>
        <price t="2023-08-21" v="3357000000"/>
        <price t="2023-08-22" v="3375000000"/>
        <price t="2023-08-23" v="3350000000"/>
        <price t="2023-08-24" v="3238000000"/>
        <price t="2023-08-25" v="3227000000"/>
        <price t="2023-08-28" v="3268000000"/>
        <price t="2023-08-29" v="3253000000"/>
        <price t="2023-08-30" v="3227000000"/>
        <price t="2023-08-31" v="3249000000"/>
        <price t="2023-09-01" v="3208000000"/>
        <price t="2023-09-04" v="3205000000"/>
        <price t="2023-09-05" v="3192000000"/>
        <price t="2023-09-06" v="3199000000"/>
        <price t="2023-09-07" v="3235000000"/>
        <price t="2023-09-08" v="3249000000"/>
        <price t="2023-09-11" v="3326000000"/>
        <price t="2023-09-12" v="3350000000"/>
        <price t="2023-09-13" v="3307000000"/>
        <price t="2023-09-14" v="3329000000"/>
        <price t="2023-09-15" v="3340000000"/>
        <price t="2023-09-18" v="3367000000"/>
        <price t="2023-09-19" v="3371000000"/>
        <price t="2023-09-20" v="3400000000"/>
        <price t="2023-09-21" v="3367000000"/>
        <price t="2023-09-22" v="3367000000"/>
        <price t="2023-09-25" v="3387000000"/>
        <price t="2023-09-26" v="3355000000"/>
        <price t="2023-09-27" v="3271000000"/>
        <price t="2023-09-28" v="3323000000"/>
        <price t="2023-09-29" v="3282000000"/>
        <price t="2023-10-02" v="3277000000"/>
        <price t="2023-10-03" v="3200000000"/>
        <price t="2023-10-04" v="3196000000"/>
        <price t="2023-10-05" v="3193000000"/>
        <price t="2023-10-06" v="3267000000"/>
        <price t="2023-10-09" v="3155000000"/>
        <price t="2023-10-10" v="3132000000"/>
        <price t="2023-10-11" v="3143000000"/>
        <price t="2023-10-12" v="3152000000"/>
        <price t="2023-10-13" v="3129000000"/>
        <price t="2023-10-16" v="3120000000"/>
        <price t="2023-10-17" v="3100000000"/>
        <price t="2023-10-18" v="3102000000"/>
        <price t="2023-10-19" v="3036000000"/>
        <price t="2023-10-20" v="2999000000"/>
        <price t="2023-10-23" v="2992000000"/>
        <price t="2023-10-24" v="2984000000"/>
        <price t="2023-10-25" v="2996000000"/>
        <price t="2023-10-26" v="2988000000"/>
        <price t="2023-10-27" v="2974000000"/>
        <price t="2023-10-30" v="2962000000"/>
        <price t="2023-10-31" v="2962000000"/>
        <price t="2023-11-01" v="2934000000"/>
        <price t="2023-11-02" v="2975000000"/>
        <price t="2023-11-03" v="2988000000"/>
        <price t="2023-11-06" v="2965000000"/>
        <price t="2023-11-07" v="2828000000"/>
        <price t="2023-11-08" v="2837000000"/>
        <price t="2023-11-09" v="2845000000"/>
        <price t="2023-11-10" v="2822000000"/>
        <price t="2023-11-13" v="2824000000"/>
        <price t="2023-11-14" v="2859000000"/>
        <price t="2023-11-15" v="2941000000"/>
        <price t="2023-11-16" v="2894000000"/>
        <price t="2023-11-17" v="2919000000"/>
        <price t="2023-11-20" v="2938000000"/>
        <price t="2023-11-21" v="2940000000"/>
        <price t="2023-11-22" v="2940000000"/>
        <price t="2023-11-23" v="2942000000"/>
        <price t="2023-11-24" v="2968000000"/>
        <price t="2023-11-27" v="2943000000"/>
        <price t="2023-11-28" v="2943000000"/>
        <price t="2023-11-29" v="2983000000"/>
        <price t="2023-11-30" v="2983000000"/>
        <price t="2023-12-01" v="3012000000"/>
        <price t="2023-12-04" v="3030000000"/>
        <price t="2023-12-05" v="3134000000"/>
        <price t="2023-12-06" v="3206000000"/>
        <price t="2023-12-07" v="3197000000"/>
        <price t="2023-12-08" v="3225000000"/>
        <price t="2023-12-11" v="3243000000"/>
        <price t="2023-12-12" v="3264000000"/>
        <price t="2023-12-13" v="3248000000"/>
        <price t="2023-12-14" v="3374000000"/>
        <price t="2023-12-15" v="3416000000"/>
        <price t="2023-12-18" v="3418000000"/>
        <price t="2023-12-19" v="3400000000"/>
        <price t="2023-12-20" v="3423000000"/>
        <price t="2023-12-21" v="3400000000"/>
        <price t="2023-12-22" v="3400000000"/>
        <price t="2023-12-27" v="3404000000"/>
        <price t="2023-12-28" v="3401000000"/>
        <price t="2023-12-29" v="3402000000"/>
        <price t="2024-01-02" v="3422000000"/>
        <price t="2024-01-03" v="3356000000"/>
        <price t="2024-01-04" v="3332000000"/>
        <price t="2024-01-05" v="3325000000"/>
        <price t="2024-01-08" v="3316000000"/>
        <price t="2024-01-09" v="3274000000"/>
        <price t="2024-01-10" v="3284000000"/>
        <price t="2024-01-11" v="3212000000"/>
        <price t="2024-01-12" v="3230000000"/>
        <price t="2024-01-15" v="3190000000"/>
        <price t="2024-01-16" v="3148000000"/>
        <price t="2024-01-17" v="3126000000"/>
        <price t="2024-01-18" v="3127000000"/>
        <price t="2024-01-19" v="3088000000"/>
        <price t="2024-01-22" v="3130000000"/>
        <price t="2024-01-23" v="3156000000"/>
        <price t="2024-01-24" v="3235000000"/>
        <price t="2024-01-25" v="3278000000"/>
        <price t="2024-01-26" v="3308000000"/>
        <price t="2024-01-29" v="3308000000"/>
        <price t="2024-01-30" v="3304000000"/>
        <price t="2024-01-31" v="3326000000"/>
        <price t="2024-02-01" v="3342000000"/>
        <price t="2024-02-02" v="3371000000"/>
        <price t="2024-02-05" v="3359000000"/>
        <price t="2024-02-06" v="3406000000"/>
        <price t="2024-02-07" v="3403000000"/>
        <price t="2024-02-08" v="3420000000"/>
        <price t="2024-02-09" v="3433000000"/>
      </prices>
      <latest t="2024-02-09" v="3433000000">
        <high>-1</high>
        <low>-1</low>
        <volume>-1</volume>
      </latest>
      <attributes>
        <map/>
      </attributes>
      <events/>
      <property type="FEED" name="PORTFOLIO-REPORT-MARKET">XETR</property>
      <property type="FEED" name="PORTFOLIO-REPORT-MARKETS">[{&quot;marketCode&quot;:&quot;XETR&quot;,&quot;currencyCode&quot;:&quot;EUR&quot;,&quot;symbol&quot;:&quot;DTG&quot;,&quot;firstPriceDate&quot;:&quot;2021-12-10&quot;,&quot;lastPriceDate&quot;:&quot;2024-02-09&quot;}]</property>
      <isRetired>false</isRetired>
      <updatedAt>2024-02-05T20:49:56.593342100Z</updatedAt>
    </security>
    <security>
      <uuid>5eb06a6f-22f7-4926-8016-e5ae41fc8d78</uuid>
      <name>AMAZON unadjusted</name>
      <currencyCode>EUR</currencyCode>
      <isin>US0231351067</isin>
      <tickerSymbol>AMZN</tickerSymbol>
      <wkn>906866</wkn>
      <feed>YAHOO</feed>
      <prices>
        <price t="2014-02-10" v="36087000000"/>
        <price t="2014-02-11" v="36179000000"/>
        <price t="2014-02-12" v="34925000000"/>
        <price t="2014-02-13" v="35720000000"/>
        <price t="2014-02-14" v="35735000000"/>
        <price t="2014-02-18" v="35365000000"/>
        <price t="2014-02-19" v="34738000000"/>
        <price t="2014-02-20" v="34980000000"/>
        <price t="2014-02-21" v="34676000000"/>
        <price t="2014-02-24" v="35178000000"/>
        <price t="2014-02-25" v="35832000000"/>
        <price t="2014-02-26" v="35980000000"/>
        <price t="2014-02-27" v="36013000000"/>
        <price t="2014-02-28" v="36210000000"/>
        <price t="2014-03-03" v="35978000000"/>
        <price t="2014-03-04" v="36390000000"/>
        <price t="2014-03-05" v="37237000000"/>
        <price t="2014-03-06" v="37216000000"/>
        <price t="2014-03-07" v="37206000000"/>
        <price t="2014-03-10" v="37053000000"/>
        <price t="2014-03-11" v="36882000000"/>
        <price t="2014-03-12" v="37064000000"/>
        <price t="2014-03-13" v="37151000000"/>
        <price t="2014-03-14" v="37374000000"/>
        <price t="2014-03-17" v="37504000000"/>
        <price t="2014-03-18" v="37877000000"/>
        <price t="2014-03-19" v="37323000000"/>
        <price t="2014-03-20" v="36897000000"/>
        <price t="2014-03-21" v="36062000000"/>
        <price t="2014-03-24" v="35185000000"/>
        <price t="2014-03-25" v="35471000000"/>
        <price t="2014-03-26" v="34341000000"/>
        <price t="2014-03-27" v="33847000000"/>
        <price t="2014-03-28" v="33829000000"/>
        <price t="2014-03-31" v="33637000000"/>
        <price t="2014-04-01" v="34299000000"/>
        <price t="2014-04-02" v="34196000000"/>
        <price t="2014-04-03" v="33362000000"/>
        <price t="2014-04-04" v="32300000000"/>
        <price t="2014-04-07" v="31776000000"/>
        <price t="2014-04-08" v="32707000000"/>
        <price t="2014-04-09" v="33181000000"/>
        <price t="2014-04-10" v="31711000000"/>
        <price t="2014-04-11" v="31173000000"/>
        <price t="2014-04-14" v="31591000000"/>
        <price t="2014-04-15" v="31608000000"/>
        <price t="2014-04-16" v="32368000000"/>
        <price t="2014-04-17" v="32491000000"/>
        <price t="2014-04-21" v="33087000000"/>
        <price t="2014-04-22" v="32932000000"/>
        <price t="2014-04-23" v="32458000000"/>
        <price t="2014-04-24" v="33715000000"/>
        <price t="2014-04-25" v="30383000000"/>
        <price t="2014-04-28" v="29658000000"/>
        <price t="2014-04-29" v="30038000000"/>
        <price t="2014-04-30" v="30413000000"/>
        <price t="2014-05-01" v="30789000000"/>
        <price t="2014-05-02" v="30801000000"/>
        <price t="2014-05-05" v="31005000000"/>
        <price t="2014-05-06" v="29738000000"/>
        <price t="2014-05-07" v="29271000000"/>
        <price t="2014-05-08" v="28832000000"/>
        <price t="2014-05-09" v="29224000000"/>
        <price t="2014-05-12" v="30286000000"/>
        <price t="2014-05-13" v="30464000000"/>
        <price t="2014-05-14" v="29762000000"/>
        <price t="2014-05-15" v="29519000000"/>
        <price t="2014-05-16" v="29770000000"/>
        <price t="2014-05-19" v="29676000000"/>
        <price t="2014-05-20" v="30119000000"/>
        <price t="2014-05-21" v="30501000000"/>
        <price t="2014-05-22" v="30491000000"/>
        <price t="2014-05-23" v="31224000000"/>
        <price t="2014-05-27" v="31082000000"/>
        <price t="2014-05-28" v="31016000000"/>
        <price t="2014-05-29" v="31378000000"/>
        <price t="2014-05-30" v="31255000000"/>
        <price t="2014-06-02" v="30884000000"/>
        <price t="2014-06-03" v="30719000000"/>
        <price t="2014-06-04" v="30678000000"/>
        <price t="2014-06-05" v="32357000000"/>
        <price t="2014-06-06" v="32967000000"/>
        <price t="2014-06-09" v="32750000000"/>
        <price t="2014-06-10" v="33241000000"/>
        <price t="2014-06-11" v="33520000000"/>
        <price t="2014-06-12" v="32591000000"/>
        <price t="2014-06-13" v="32627000000"/>
        <price t="2014-06-16" v="32762000000"/>
        <price t="2014-06-17" v="32562000000"/>
        <price t="2014-06-18" v="33438000000"/>
        <price t="2014-06-19" v="32700000000"/>
        <price t="2014-06-20" v="32420000000"/>
        <price t="2014-06-23" v="32724000000"/>
        <price t="2014-06-24" v="32416000000"/>
        <price t="2014-06-25" v="32744000000"/>
        <price t="2014-06-26" v="32569000000"/>
        <price t="2014-06-27" v="32457000000"/>
        <price t="2014-06-30" v="32478000000"/>
        <price t="2014-07-01" v="33239000000"/>
        <price t="2014-07-02" v="33285000000"/>
        <price t="2014-07-03" v="33749000000"/>
        <price t="2014-07-07" v="33355000000"/>
        <price t="2014-07-08" v="32381000000"/>
        <price t="2014-07-09" v="32997000000"/>
        <price t="2014-07-10" v="32792000000"/>
        <price t="2014-07-11" v="34620000000"/>
        <price t="2014-07-14" v="35532000000"/>
        <price t="2014-07-15" v="35444000000"/>
        <price t="2014-07-16" v="35590000000"/>
        <price t="2014-07-17" v="35245000000"/>
        <price t="2014-07-18" v="35866000000"/>
        <price t="2014-07-21" v="35976000000"/>
        <price t="2014-07-22" v="36084000000"/>
        <price t="2014-07-23" v="35814000000"/>
        <price t="2014-07-24" v="35861000000"/>
        <price t="2014-07-25" v="32401000000"/>
        <price t="2014-07-28" v="32041000000"/>
        <price t="2014-07-29" v="32000000000"/>
        <price t="2014-07-30" v="32251000000"/>
        <price t="2014-07-31" v="31299000000"/>
        <price t="2014-08-01" v="30706000000"/>
        <price t="2014-08-04" v="31365000000"/>
        <price t="2014-08-05" v="31232000000"/>
        <price t="2014-08-06" v="31389000000"/>
        <price t="2014-08-07" v="31145000000"/>
        <price t="2014-08-08" v="31680000000"/>
        <price t="2014-08-11" v="31833000000"/>
        <price t="2014-08-12" v="31932000000"/>
        <price t="2014-08-13" v="32628000000"/>
        <price t="2014-08-14" v="33321000000"/>
        <price t="2014-08-15" v="33363000000"/>
        <price t="2014-08-18" v="33453000000"/>
        <price t="2014-08-19" v="33513000000"/>
        <price t="2014-08-20" v="33578000000"/>
        <price t="2014-08-21" v="33291000000"/>
        <price t="2014-08-22" v="33159000000"/>
        <price t="2014-08-25" v="33402000000"/>
        <price t="2014-08-26" v="34183000000"/>
        <price t="2014-08-27" v="34318000000"/>
        <price t="2014-08-28" v="34002000000"/>
        <price t="2014-08-29" v="33904000000"/>
        <price t="2014-09-02" v="34238000000"/>
        <price t="2014-09-03" v="33900000000"/>
        <price t="2014-09-04" v="34595000000"/>
        <price t="2014-09-05" v="34638000000"/>
        <price t="2014-09-08" v="34234000000"/>
        <price t="2014-09-09" v="32975000000"/>
        <price t="2014-09-10" v="33133000000"/>
        <price t="2014-09-11" v="33052000000"/>
        <price t="2014-09-12" v="33119000000"/>
        <price t="2014-09-15" v="32389000000"/>
        <price t="2014-09-16" v="32776000000"/>
        <price t="2014-09-17" v="32400000000"/>
        <price t="2014-09-18" v="32500000000"/>
        <price t="2014-09-19" v="33132000000"/>
        <price t="2014-09-22" v="32450000000"/>
        <price t="2014-09-23" v="32363000000"/>
        <price t="2014-09-24" v="32821000000"/>
        <price t="2014-09-25" v="32193000000"/>
        <price t="2014-09-26" v="32321000000"/>
        <price t="2014-09-29" v="32182000000"/>
        <price t="2014-09-30" v="32244000000"/>
        <price t="2014-10-01" v="31746000000"/>
        <price t="2014-10-02" v="31841000000"/>
        <price t="2014-10-03" v="32274000000"/>
        <price t="2014-10-06" v="32220000000"/>
        <price t="2014-10-07" v="31698000000"/>
        <price t="2014-10-08" v="32270000000"/>
        <price t="2014-10-09" v="31537000000"/>
        <price t="2014-10-10" v="31139000000"/>
        <price t="2014-10-13" v="30645000000"/>
        <price t="2014-10-14" v="30831000000"/>
        <price t="2014-10-15" v="30597000000"/>
        <price t="2014-10-16" v="30286000000"/>
        <price t="2014-10-17" v="30364000000"/>
        <price t="2014-10-20" v="30621000000"/>
        <price t="2014-10-21" v="31533000000"/>
        <price t="2014-10-22" v="31297000000"/>
        <price t="2014-10-23" v="31318000000"/>
        <price t="2014-10-24" v="28706000000"/>
        <price t="2014-10-27" v="28997000000"/>
        <price t="2014-10-28" v="29559000000"/>
        <price t="2014-10-29" v="29412000000"/>
        <price t="2014-10-30" v="29907000000"/>
        <price t="2014-10-31" v="30546000000"/>
        <price t="2014-11-03" v="30572000000"/>
        <price t="2014-11-04" v="30281000000"/>
        <price t="2014-11-05" v="29652000000"/>
        <price t="2014-11-06" v="29664000000"/>
        <price t="2014-11-07" v="29986000000"/>
        <price t="2014-11-10" v="30511000000"/>
        <price t="2014-11-11" v="31201000000"/>
        <price t="2014-11-12" v="31151000000"/>
        <price t="2014-11-13" v="31648000000"/>
        <price t="2014-11-14" v="32782000000"/>
        <price t="2014-11-17" v="32305000000"/>
        <price t="2014-11-18" v="32493000000"/>
        <price t="2014-11-19" v="32654000000"/>
        <price t="2014-11-20" v="33054000000"/>
        <price t="2014-11-21" v="33263000000"/>
        <price t="2014-11-24" v="33564000000"/>
        <price t="2014-11-25" v="33504000000"/>
        <price t="2014-11-26" v="33357000000"/>
        <price t="2014-11-28" v="33864000000"/>
        <price t="2014-12-01" v="32600000000"/>
        <price t="2014-12-02" v="32631000000"/>
        <price t="2014-12-03" v="31650000000"/>
        <price t="2014-12-04" v="31693000000"/>
        <price t="2014-12-05" v="31263000000"/>
        <price t="2014-12-08" v="30664000000"/>
        <price t="2014-12-09" v="31250000000"/>
        <price t="2014-12-10" v="30584000000"/>
        <price t="2014-12-11" v="30736000000"/>
        <price t="2014-12-12" v="30732000000"/>
        <price t="2014-12-15" v="30607000000"/>
        <price t="2014-12-16" v="29506000000"/>
        <price t="2014-12-17" v="29888000000"/>
        <price t="2014-12-18" v="29773000000"/>
        <price t="2014-12-19" v="29990000000"/>
        <price t="2014-12-22" v="30654000000"/>
        <price t="2014-12-23" v="30629000000"/>
        <price t="2014-12-24" v="30303000000"/>
        <price t="2014-12-26" v="30909000000"/>
        <price t="2014-12-29" v="31204000000"/>
        <price t="2014-12-30" v="31030000000"/>
        <price t="2014-12-31" v="31035000000"/>
        <price t="2015-01-02" v="30852000000"/>
        <price t="2015-01-05" v="30219000000"/>
        <price t="2015-01-06" v="29529000000"/>
        <price t="2015-01-07" v="29842000000"/>
        <price t="2015-01-08" v="30046000000"/>
        <price t="2015-01-09" v="29693000000"/>
        <price t="2015-01-12" v="29141000000"/>
        <price t="2015-01-13" v="29474000000"/>
        <price t="2015-01-14" v="29327000000"/>
        <price t="2015-01-15" v="28695000000"/>
        <price t="2015-01-16" v="29074000000"/>
        <price t="2015-01-20" v="28944000000"/>
        <price t="2015-01-21" v="29725000000"/>
        <price t="2015-01-22" v="31032000000"/>
        <price t="2015-01-23" v="31239000000"/>
        <price t="2015-01-26" v="30966000000"/>
        <price t="2015-01-27" v="30675000000"/>
        <price t="2015-01-28" v="30391000000"/>
        <price t="2015-01-29" v="31178000000"/>
        <price t="2015-01-30" v="35453000000"/>
        <price t="2015-02-02" v="36447000000"/>
        <price t="2015-02-03" v="36355000000"/>
        <price t="2015-02-04" v="36475000000"/>
        <price t="2015-02-05" v="37389000000"/>
        <price t="2015-02-06" v="37428000000"/>
        <price t="2015-02-09" v="37056000000"/>
        <price t="2015-02-10" v="37300000000"/>
        <price t="2015-02-11" v="37514000000"/>
        <price t="2015-02-12" v="37717000000"/>
        <price t="2015-02-13" v="38183000000"/>
        <price t="2015-02-17" v="37543000000"/>
        <price t="2015-02-18" v="37337000000"/>
        <price t="2015-02-19" v="37900000000"/>
        <price t="2015-02-20" v="38366000000"/>
        <price t="2015-02-23" v="38014000000"/>
        <price t="2015-02-24" v="37859000000"/>
        <price t="2015-02-25" v="38537000000"/>
        <price t="2015-02-26" v="38480000000"/>
        <price t="2015-02-27" v="38016000000"/>
        <price t="2015-03-02" v="38566000000"/>
        <price t="2015-03-03" v="38461000000"/>
        <price t="2015-03-04" v="38272000000"/>
        <price t="2015-03-05" v="38783000000"/>
        <price t="2015-03-06" v="38009000000"/>
        <price t="2015-03-09" v="37856000000"/>
        <price t="2015-03-10" v="36951000000"/>
        <price t="2015-03-11" v="36637000000"/>
        <price t="2015-03-12" v="37424000000"/>
        <price t="2015-03-13" v="37058000000"/>
        <price t="2015-03-16" v="37335000000"/>
        <price t="2015-03-17" v="37192000000"/>
        <price t="2015-03-18" v="37514000000"/>
        <price t="2015-03-19" v="37324000000"/>
        <price t="2015-03-20" v="37849000000"/>
        <price t="2015-03-23" v="37511000000"/>
        <price t="2015-03-24" v="37409000000"/>
        <price t="2015-03-25" v="37096000000"/>
        <price t="2015-03-26" v="36735000000"/>
        <price t="2015-03-27" v="37056000000"/>
        <price t="2015-03-30" v="37459000000"/>
        <price t="2015-03-31" v="37210000000"/>
        <price t="2015-04-01" v="37026000000"/>
        <price t="2015-04-02" v="37225000000"/>
        <price t="2015-04-06" v="37704000000"/>
        <price t="2015-04-07" v="37441000000"/>
        <price t="2015-04-08" v="38120000000"/>
        <price t="2015-04-09" v="38354000000"/>
        <price t="2015-04-10" v="38265000000"/>
        <price t="2015-04-13" v="38236000000"/>
        <price t="2015-04-14" v="38511000000"/>
        <price t="2015-04-15" v="38345000000"/>
        <price t="2015-04-16" v="38604000000"/>
        <price t="2015-04-17" v="37556000000"/>
        <price t="2015-04-20" v="38951000000"/>
        <price t="2015-04-21" v="39118000000"/>
        <price t="2015-04-22" v="38980000000"/>
        <price t="2015-04-23" v="38999000000"/>
        <price t="2015-04-24" v="44510000000"/>
        <price t="2015-04-27" v="43856000000"/>
        <price t="2015-04-28" v="42931000000"/>
        <price t="2015-04-29" v="42937000000"/>
        <price t="2015-04-30" v="42178000000"/>
        <price t="2015-05-01" v="42287000000"/>
        <price t="2015-05-04" v="42304000000"/>
        <price t="2015-05-05" v="42119000000"/>
        <price t="2015-05-06" v="41910000000"/>
        <price t="2015-05-07" v="42688000000"/>
        <price t="2015-05-08" v="43369000000"/>
        <price t="2015-05-11" v="43285000000"/>
        <price t="2015-05-12" v="43102000000"/>
        <price t="2015-05-13" v="42687000000"/>
        <price t="2015-05-14" v="43228000000"/>
        <price t="2015-05-15" v="42600000000"/>
        <price t="2015-05-18" v="42524000000"/>
        <price t="2015-05-19" v="42171000000"/>
        <price t="2015-05-20" v="42386000000"/>
        <price t="2015-05-21" v="43163000000"/>
        <price t="2015-05-22" v="42763000000"/>
        <price t="2015-05-26" v="42547000000"/>
        <price t="2015-05-27" v="43142000000"/>
        <price t="2015-05-28" v="42657000000"/>
        <price t="2015-05-29" v="42923000000"/>
        <price t="2015-06-01" v="43092000000"/>
        <price t="2015-06-02" v="43099000000"/>
        <price t="2015-06-03" v="43659000000"/>
        <price t="2015-06-04" v="43078000000"/>
        <price t="2015-06-05" v="42695000000"/>
        <price t="2015-06-08" v="42350000000"/>
        <price t="2015-06-09" v="42548000000"/>
        <price t="2015-06-10" v="43077000000"/>
        <price t="2015-06-11" v="43297000000"/>
        <price t="2015-06-12" v="42992000000"/>
        <price t="2015-06-15" v="42367000000"/>
        <price t="2015-06-16" v="42726000000"/>
        <price t="2015-06-17" v="42781000000"/>
        <price t="2015-06-18" v="43939000000"/>
        <price t="2015-06-19" v="43492000000"/>
        <price t="2015-06-22" v="43629000000"/>
        <price t="2015-06-23" v="44599000000"/>
        <price t="2015-06-24" v="44084000000"/>
        <price t="2015-06-25" v="44010000000"/>
        <price t="2015-06-26" v="43810000000"/>
        <price t="2015-06-29" v="42986000000"/>
        <price t="2015-06-30" v="43409000000"/>
        <price t="2015-07-01" v="43739000000"/>
        <price t="2015-07-02" v="43771000000"/>
        <price t="2015-07-06" v="43604000000"/>
        <price t="2015-07-07" v="43672000000"/>
        <price t="2015-07-08" v="42970000000"/>
        <price t="2015-07-09" v="43439000000"/>
        <price t="2015-07-10" v="44351000000"/>
        <price t="2015-07-13" v="45557000000"/>
        <price t="2015-07-14" v="46557000000"/>
        <price t="2015-07-15" v="46119000000"/>
        <price t="2015-07-16" v="47548000000"/>
        <price t="2015-07-17" v="48301000000"/>
        <price t="2015-07-20" v="48810000000"/>
        <price t="2015-07-21" v="48800000000"/>
        <price t="2015-07-22" v="48827000000"/>
        <price t="2015-07-23" v="48218000000"/>
        <price t="2015-07-24" v="52942000000"/>
        <price t="2015-07-27" v="53141000000"/>
        <price t="2015-07-28" v="52603000000"/>
        <price t="2015-07-29" v="52900000000"/>
        <price t="2015-07-30" v="53676000000"/>
        <price t="2015-07-31" v="53615000000"/>
        <price t="2015-08-03" v="53503000000"/>
        <price t="2015-08-04" v="53190000000"/>
        <price t="2015-08-05" v="53701000000"/>
        <price t="2015-08-06" v="52946000000"/>
        <price t="2015-08-07" v="52262000000"/>
        <price t="2015-08-10" v="52400000000"/>
        <price t="2015-08-11" v="52746000000"/>
        <price t="2015-08-12" v="52591000000"/>
        <price t="2015-08-13" v="52966000000"/>
        <price t="2015-08-14" v="53152000000"/>
        <price t="2015-08-17" v="53522000000"/>
        <price t="2015-08-18" v="53502000000"/>
        <price t="2015-08-19" v="53292000000"/>
        <price t="2015-08-20" v="51578000000"/>
        <price t="2015-08-21" v="49447000000"/>
        <price t="2015-08-24" v="46337000000"/>
        <price t="2015-08-25" v="46637000000"/>
        <price t="2015-08-26" v="50077000000"/>
        <price t="2015-08-27" v="51837000000"/>
        <price t="2015-08-28" v="51801000000"/>
        <price t="2015-08-31" v="51289000000"/>
        <price t="2015-09-01" v="49654000000"/>
        <price t="2015-09-02" v="51055000000"/>
        <price t="2015-09-03" v="50472000000"/>
        <price t="2015-09-04" v="49900000000"/>
        <price t="2015-09-08" v="51754000000"/>
        <price t="2015-09-09" v="51689000000"/>
        <price t="2015-09-10" v="52224000000"/>
        <price t="2015-09-11" v="52944000000"/>
        <price t="2015-09-14" v="52138000000"/>
        <price t="2015-09-15" v="52237000000"/>
        <price t="2015-09-16" v="52739000000"/>
        <price t="2015-09-17" v="53887000000"/>
        <price t="2015-09-18" v="54026000000"/>
        <price t="2015-09-21" v="54839000000"/>
        <price t="2015-09-22" v="53840000000"/>
        <price t="2015-09-23" v="53607000000"/>
        <price t="2015-09-24" v="53375000000"/>
        <price t="2015-09-25" v="52425000000"/>
        <price t="2015-09-28" v="50406000000"/>
        <price t="2015-09-29" v="49607000000"/>
        <price t="2015-09-30" v="51189000000"/>
        <price t="2015-10-01" v="52072000000"/>
        <price t="2015-10-02" v="53254000000"/>
        <price t="2015-10-05" v="54368000000"/>
        <price t="2015-10-06" v="53748000000"/>
        <price t="2015-10-07" v="54194000000"/>
        <price t="2015-10-08" v="53316000000"/>
        <price t="2015-10-09" v="53980000000"/>
        <price t="2015-10-12" v="55019000000"/>
        <price t="2015-10-13" v="54890000000"/>
        <price t="2015-10-14" v="54483000000"/>
        <price t="2015-10-15" v="56244000000"/>
        <price t="2015-10-16" v="57076000000"/>
        <price t="2015-10-19" v="57315000000"/>
        <price t="2015-10-20" v="56088000000"/>
        <price t="2015-10-21" v="55577000000"/>
        <price t="2015-10-22" v="56391000000"/>
        <price t="2015-10-23" v="59903000000"/>
        <price t="2015-10-26" v="60861000000"/>
        <price t="2015-10-27" v="61101000000"/>
        <price t="2015-10-28" v="61710000000"/>
        <price t="2015-10-29" v="62655000000"/>
        <price t="2015-10-30" v="62590000000"/>
        <price t="2015-11-02" v="62835000000"/>
        <price t="2015-11-03" v="62531000000"/>
        <price t="2015-11-04" v="64095000000"/>
        <price t="2015-11-05" v="65565000000"/>
        <price t="2015-11-06" v="65937000000"/>
        <price t="2015-11-09" v="65549000000"/>
        <price t="2015-11-10" v="65968000000"/>
        <price t="2015-11-11" v="67325000000"/>
        <price t="2015-11-12" v="66560000000"/>
        <price t="2015-11-13" v="64235000000"/>
        <price t="2015-11-16" v="64781000000"/>
        <price t="2015-11-17" v="64330000000"/>
        <price t="2015-11-18" v="66354000000"/>
        <price t="2015-11-19" v="66127000000"/>
        <price t="2015-11-20" v="66845000000"/>
        <price t="2015-11-23" v="67899000000"/>
        <price t="2015-11-24" v="67115000000"/>
        <price t="2015-11-25" v="67534000000"/>
        <price t="2015-11-27" v="67326000000"/>
        <price t="2015-11-30" v="66480000000"/>
        <price t="2015-12-01" v="67906000000"/>
        <price t="2015-12-02" v="67601000000"/>
        <price t="2015-12-03" v="66625000000"/>
        <price t="2015-12-04" v="67264000000"/>
        <price t="2015-12-07" v="66983000000"/>
        <price t="2015-12-08" v="67733000000"/>
        <price t="2015-12-09" v="66479000000"/>
        <price t="2015-12-10" v="66232000000"/>
        <price t="2015-12-11" v="64015000000"/>
        <price t="2015-12-14" v="65791000000"/>
        <price t="2015-12-15" v="65864000000"/>
        <price t="2015-12-16" v="67577000000"/>
        <price t="2015-12-17" v="67065000000"/>
        <price t="2015-12-18" v="66414000000"/>
        <price t="2015-12-21" v="66451000000"/>
        <price t="2015-12-22" v="66315000000"/>
        <price t="2015-12-23" v="66370000000"/>
        <price t="2015-12-24" v="66279000000"/>
        <price t="2015-12-28" v="67520000000"/>
        <price t="2015-12-29" v="69397000000"/>
        <price t="2015-12-30" v="68907000000"/>
        <price t="2015-12-31" v="67589000000"/>
        <price t="2016-01-04" v="63699000000"/>
        <price t="2016-01-05" v="63379000000"/>
        <price t="2016-01-06" v="63265000000"/>
        <price t="2016-01-07" v="60794000000"/>
        <price t="2016-01-08" v="60705000000"/>
        <price t="2016-01-11" v="61774000000"/>
        <price t="2016-01-12" v="61789000000"/>
        <price t="2016-01-13" v="58181000000"/>
        <price t="2016-01-14" v="59300000000"/>
        <price t="2016-01-15" v="57018000000"/>
        <price t="2016-01-19" v="57448000000"/>
        <price t="2016-01-20" v="57177000000"/>
        <price t="2016-01-21" v="57502000000"/>
        <price t="2016-01-22" v="59638000000"/>
        <price t="2016-01-25" v="59653000000"/>
        <price t="2016-01-26" v="60125000000"/>
        <price t="2016-01-27" v="58335000000"/>
        <price t="2016-01-28" v="63535000000"/>
        <price t="2016-01-29" v="58700000000"/>
        <price t="2016-02-01" v="57481000000"/>
        <price t="2016-02-02" v="55210000000"/>
        <price t="2016-02-03" v="53107000000"/>
        <price t="2016-02-04" v="53626000000"/>
        <price t="2016-02-05" v="50213000000"/>
        <price t="2016-02-08" v="48810000000"/>
        <price t="2016-02-09" v="48207000000"/>
        <price t="2016-02-10" v="49048000000"/>
        <price t="2016-02-11" v="50382000000"/>
        <price t="2016-02-12" v="50708000000"/>
        <price t="2016-02-16" v="52110000000"/>
        <price t="2016-02-17" v="53410000000"/>
        <price t="2016-02-18" v="52500000000"/>
        <price t="2016-02-19" v="53490000000"/>
        <price t="2016-02-22" v="55950000000"/>
        <price t="2016-02-23" v="55294000000"/>
        <price t="2016-02-24" v="55404000000"/>
        <price t="2016-02-25" v="55515000000"/>
        <price t="2016-02-26" v="55523000000"/>
        <price t="2016-02-29" v="55252000000"/>
        <price t="2016-03-01" v="57904000000"/>
        <price t="2016-03-02" v="58021000000"/>
        <price t="2016-03-03" v="57749000000"/>
        <price t="2016-03-04" v="57514000000"/>
        <price t="2016-03-07" v="56280000000"/>
        <price t="2016-03-08" v="56026000000"/>
        <price t="2016-03-09" v="55947000000"/>
        <price t="2016-03-10" v="55893000000"/>
        <price t="2016-03-11" v="56961000000"/>
        <price t="2016-03-14" v="57337000000"/>
        <price t="2016-03-15" v="57702000000"/>
        <price t="2016-03-16" v="57427000000"/>
        <price t="2016-03-17" v="55944000000"/>
        <price t="2016-03-18" v="55208000000"/>
        <price t="2016-03-21" v="55398000000"/>
        <price t="2016-03-22" v="56048000000"/>
        <price t="2016-03-23" v="56963000000"/>
        <price t="2016-03-24" v="58295000000"/>
        <price t="2016-03-28" v="57987000000"/>
        <price t="2016-03-29" v="59386000000"/>
        <price t="2016-03-30" v="59869000000"/>
        <price t="2016-03-31" v="59364000000"/>
        <price t="2016-04-01" v="59850000000"/>
        <price t="2016-04-04" v="59319000000"/>
        <price t="2016-04-05" v="58614000000"/>
        <price t="2016-04-06" v="60208000000"/>
        <price t="2016-04-07" v="59143000000"/>
        <price t="2016-04-08" v="59460000000"/>
        <price t="2016-04-11" v="59593000000"/>
        <price t="2016-04-12" v="60317000000"/>
        <price t="2016-04-13" v="61482000000"/>
        <price t="2016-04-14" v="62075000000"/>
        <price t="2016-04-15" v="62589000000"/>
        <price t="2016-04-18" v="63535000000"/>
        <price t="2016-04-19" v="62790000000"/>
        <price t="2016-04-20" v="63299000000"/>
        <price t="2016-04-21" v="63100000000"/>
        <price t="2016-04-22" v="62050000000"/>
        <price t="2016-04-25" v="62620000000"/>
        <price t="2016-04-26" v="61688000000"/>
        <price t="2016-04-27" v="60657000000"/>
        <price t="2016-04-28" v="60200000000"/>
        <price t="2016-04-29" v="65959000000"/>
        <price t="2016-05-02" v="68385000000"/>
        <price t="2016-05-03" v="67132000000"/>
        <price t="2016-05-04" v="67090000000"/>
        <price t="2016-05-05" v="65909000000"/>
        <price t="2016-05-06" v="67395000000"/>
        <price t="2016-05-09" v="67975000000"/>
        <price t="2016-05-10" v="70307000000"/>
        <price t="2016-05-11" v="71323000000"/>
        <price t="2016-05-12" v="71793000000"/>
        <price t="2016-05-13" v="70992000000"/>
        <price t="2016-05-16" v="71066000000"/>
        <price t="2016-05-17" v="69527000000"/>
        <price t="2016-05-18" v="69745000000"/>
        <price t="2016-05-19" v="69852000000"/>
        <price t="2016-05-20" v="70280000000"/>
        <price t="2016-05-23" v="69675000000"/>
        <price t="2016-05-24" v="70420000000"/>
        <price t="2016-05-25" v="70835000000"/>
        <price t="2016-05-26" v="71491000000"/>
        <price t="2016-05-27" v="71224000000"/>
        <price t="2016-05-31" v="72279000000"/>
        <price t="2016-06-01" v="71944000000"/>
        <price t="2016-06-02" v="72824000000"/>
        <price t="2016-06-03" v="72554000000"/>
        <price t="2016-06-06" v="72673000000"/>
        <price t="2016-06-07" v="72374000000"/>
        <price t="2016-06-08" v="72664000000"/>
        <price t="2016-06-09" v="72765000000"/>
        <price t="2016-06-10" v="71791000000"/>
        <price t="2016-06-13" v="71524000000"/>
        <price t="2016-06-14" v="71930000000"/>
        <price t="2016-06-15" v="71426000000"/>
        <price t="2016-06-16" v="71751000000"/>
        <price t="2016-06-17" v="70639000000"/>
        <price t="2016-06-20" v="71401000000"/>
        <price t="2016-06-21" v="71582000000"/>
        <price t="2016-06-22" v="71060000000"/>
        <price t="2016-06-23" v="72208000000"/>
        <price t="2016-06-24" v="69896000000"/>
        <price t="2016-06-27" v="69136000000"/>
        <price t="2016-06-28" v="70795000000"/>
        <price t="2016-06-29" v="71560000000"/>
        <price t="2016-06-30" v="71562000000"/>
        <price t="2016-07-01" v="72568000000"/>
        <price t="2016-07-05" v="72810000000"/>
        <price t="2016-07-06" v="73761000000"/>
        <price t="2016-07-07" v="73657000000"/>
        <price t="2016-07-08" v="74581000000"/>
        <price t="2016-07-11" v="75378000000"/>
        <price t="2016-07-12" v="74821000000"/>
        <price t="2016-07-13" v="74263000000"/>
        <price t="2016-07-14" v="74120000000"/>
        <price t="2016-07-15" v="73544000000"/>
        <price t="2016-07-18" v="73607000000"/>
        <price t="2016-07-19" v="73995000000"/>
        <price t="2016-07-20" v="74572000000"/>
        <price t="2016-07-21" v="74443000000"/>
        <price t="2016-07-22" v="74486000000"/>
        <price t="2016-07-25" v="73961000000"/>
        <price t="2016-07-26" v="73559000000"/>
        <price t="2016-07-27" v="73667000000"/>
        <price t="2016-07-28" v="75261000000"/>
        <price t="2016-07-29" v="75881000000"/>
        <price t="2016-08-01" v="76774000000"/>
        <price t="2016-08-02" v="76058000000"/>
        <price t="2016-08-03" v="75464000000"/>
        <price t="2016-08-04" v="76077000000"/>
        <price t="2016-08-05" v="76598000000"/>
        <price t="2016-08-08" v="76656000000"/>
        <price t="2016-08-09" v="76831000000"/>
        <price t="2016-08-10" v="76856000000"/>
        <price t="2016-08-11" v="77124000000"/>
        <price t="2016-08-12" v="77256000000"/>
        <price t="2016-08-15" v="76849000000"/>
        <price t="2016-08-16" v="76404000000"/>
        <price t="2016-08-17" v="76463000000"/>
        <price t="2016-08-18" v="76446000000"/>
        <price t="2016-08-19" v="75731000000"/>
        <price t="2016-08-22" v="75948000000"/>
        <price t="2016-08-23" v="76245000000"/>
        <price t="2016-08-24" v="75725000000"/>
        <price t="2016-08-25" v="75922000000"/>
        <price t="2016-08-26" v="76900000000"/>
        <price t="2016-08-29" v="77129000000"/>
        <price t="2016-08-30" v="76758000000"/>
        <price t="2016-08-31" v="76916000000"/>
        <price t="2016-09-01" v="77062000000"/>
        <price t="2016-09-02" v="77244000000"/>
        <price t="2016-09-06" v="78887000000"/>
        <price t="2016-09-07" v="78448000000"/>
        <price t="2016-09-08" v="78406000000"/>
        <price t="2016-09-09" v="76014000000"/>
        <price t="2016-09-12" v="77149000000"/>
        <price t="2016-09-13" v="76101000000"/>
        <price t="2016-09-14" v="76109000000"/>
        <price t="2016-09-15" v="76969000000"/>
        <price t="2016-09-16" v="77852000000"/>
        <price t="2016-09-19" v="77510000000"/>
        <price t="2016-09-20" v="78022000000"/>
        <price t="2016-09-21" v="78974000000"/>
        <price t="2016-09-22" v="80470000000"/>
        <price t="2016-09-23" v="80575000000"/>
        <price t="2016-09-26" v="79916000000"/>
        <price t="2016-09-27" v="81611000000"/>
        <price t="2016-09-28" v="82872000000"/>
        <price t="2016-09-29" v="82905000000"/>
        <price t="2016-09-30" v="83731000000"/>
        <price t="2016-10-03" v="83674000000"/>
        <price t="2016-10-04" v="83403000000"/>
        <price t="2016-10-05" v="84436000000"/>
        <price t="2016-10-06" v="84166000000"/>
        <price t="2016-10-07" v="83943000000"/>
        <price t="2016-10-10" v="84171000000"/>
        <price t="2016-10-11" v="83100000000"/>
        <price t="2016-10-12" v="83409000000"/>
        <price t="2016-10-13" v="82928000000"/>
        <price t="2016-10-14" v="82296000000"/>
        <price t="2016-10-17" v="81295000000"/>
        <price t="2016-10-18" v="81765000000"/>
        <price t="2016-10-19" v="81769000000"/>
        <price t="2016-10-20" v="81032000000"/>
        <price t="2016-10-21" v="81899000000"/>
        <price t="2016-10-24" v="83809000000"/>
        <price t="2016-10-25" v="83518000000"/>
        <price t="2016-10-26" v="82259000000"/>
        <price t="2016-10-27" v="81836000000"/>
        <price t="2016-10-28" v="77632000000"/>
        <price t="2016-10-31" v="78982000000"/>
        <price t="2016-11-01" v="78541000000"/>
        <price t="2016-11-02" v="76556000000"/>
        <price t="2016-11-03" v="76703000000"/>
        <price t="2016-11-04" v="75505000000"/>
        <price t="2016-11-07" v="78493000000"/>
        <price t="2016-11-08" v="78775000000"/>
        <price t="2016-11-09" v="77188000000"/>
        <price t="2016-11-10" v="74238000000"/>
        <price t="2016-11-11" v="73901000000"/>
        <price t="2016-11-14" v="71907000000"/>
        <price t="2016-11-15" v="74324000000"/>
        <price t="2016-11-16" v="74649000000"/>
        <price t="2016-11-17" v="75640000000"/>
        <price t="2016-11-18" v="76016000000"/>
        <price t="2016-11-21" v="78000000000"/>
        <price t="2016-11-22" v="78533000000"/>
        <price t="2016-11-23" v="78012000000"/>
        <price t="2016-11-25" v="78037000000"/>
        <price t="2016-11-28" v="76677000000"/>
        <price t="2016-11-29" v="76252000000"/>
        <price t="2016-11-30" v="75057000000"/>
        <price t="2016-12-01" v="74365000000"/>
        <price t="2016-12-02" v="74034000000"/>
        <price t="2016-12-05" v="75936000000"/>
        <price t="2016-12-06" v="76472000000"/>
        <price t="2016-12-07" v="77042000000"/>
        <price t="2016-12-08" v="76733000000"/>
        <price t="2016-12-09" v="76866000000"/>
        <price t="2016-12-12" v="76012000000"/>
        <price t="2016-12-13" v="77434000000"/>
        <price t="2016-12-14" v="76882000000"/>
        <price t="2016-12-15" v="76100000000"/>
        <price t="2016-12-16" v="75777000000"/>
        <price t="2016-12-19" v="76600000000"/>
        <price t="2016-12-20" v="77122000000"/>
        <price t="2016-12-21" v="77060000000"/>
        <price t="2016-12-22" v="76634000000"/>
        <price t="2016-12-23" v="76059000000"/>
        <price t="2016-12-27" v="77140000000"/>
        <price t="2016-12-28" v="77213000000"/>
        <price t="2016-12-29" v="76515000000"/>
        <price t="2016-12-30" v="74987000000"/>
        <price t="2017-01-03" v="75367000000"/>
        <price t="2017-01-04" v="75718000000"/>
        <price t="2017-01-05" v="78045000000"/>
        <price t="2017-01-06" v="79599000000"/>
        <price t="2017-01-09" v="79692000000"/>
        <price t="2017-01-10" v="79590000000"/>
        <price t="2017-01-11" v="79902000000"/>
        <price t="2017-01-12" v="81364000000"/>
        <price t="2017-01-13" v="81714000000"/>
        <price t="2017-01-17" v="80972000000"/>
        <price t="2017-01-18" v="80748000000"/>
        <price t="2017-01-19" v="80904000000"/>
        <price t="2017-01-20" v="80833000000"/>
        <price t="2017-01-23" v="81788000000"/>
        <price t="2017-01-24" v="82244000000"/>
        <price t="2017-01-25" v="83652000000"/>
        <price t="2017-01-26" v="83915000000"/>
        <price t="2017-01-27" v="83577000000"/>
        <price t="2017-01-30" v="83038000000"/>
        <price t="2017-01-31" v="82348000000"/>
        <price t="2017-02-01" v="83235000000"/>
        <price t="2017-02-02" v="83995000000"/>
        <price t="2017-02-03" v="81020000000"/>
        <price t="2017-02-06" v="80764000000"/>
        <price t="2017-02-07" v="81250000000"/>
        <price t="2017-02-08" v="81971000000"/>
        <price t="2017-02-09" v="82136000000"/>
        <price t="2017-02-10" v="82746000000"/>
        <price t="2017-02-13" v="83653000000"/>
        <price t="2017-02-14" v="83639000000"/>
        <price t="2017-02-15" v="84270000000"/>
        <price t="2017-02-16" v="84414000000"/>
        <price t="2017-02-17" v="84507000000"/>
        <price t="2017-02-21" v="85644000000"/>
        <price t="2017-02-22" v="85561000000"/>
        <price t="2017-02-23" v="85219000000"/>
        <price t="2017-02-24" v="84524000000"/>
        <price t="2017-02-27" v="84864000000"/>
        <price t="2017-02-28" v="84504000000"/>
        <price t="2017-03-01" v="85308000000"/>
        <price t="2017-03-02" v="84891000000"/>
        <price t="2017-03-03" v="84988000000"/>
        <price t="2017-03-06" v="84661000000"/>
        <price t="2017-03-07" v="84602000000"/>
        <price t="2017-03-08" v="85050000000"/>
        <price t="2017-03-09" v="85300000000"/>
        <price t="2017-03-10" v="85246000000"/>
        <price t="2017-03-13" v="85459000000"/>
        <price t="2017-03-14" v="85253000000"/>
        <price t="2017-03-15" v="85297000000"/>
        <price t="2017-03-16" v="85342000000"/>
        <price t="2017-03-17" v="85231000000"/>
        <price t="2017-03-20" v="85697000000"/>
        <price t="2017-03-21" v="84320000000"/>
        <price t="2017-03-22" v="84806000000"/>
        <price t="2017-03-23" v="84738000000"/>
        <price t="2017-03-24" v="84561000000"/>
        <price t="2017-03-27" v="84682000000"/>
        <price t="2017-03-28" v="85600000000"/>
        <price t="2017-03-29" v="87432000000"/>
        <price t="2017-03-30" v="87634000000"/>
        <price t="2017-03-31" v="88654000000"/>
        <price t="2017-04-03" v="89151000000"/>
        <price t="2017-04-04" v="90683000000"/>
        <price t="2017-04-05" v="90928000000"/>
        <price t="2017-04-06" v="89828000000"/>
        <price t="2017-04-07" v="89488000000"/>
        <price t="2017-04-10" v="90704000000"/>
        <price t="2017-04-11" v="90236000000"/>
        <price t="2017-04-12" v="89623000000"/>
        <price t="2017-04-13" v="88467000000"/>
        <price t="2017-04-17" v="90199000000"/>
        <price t="2017-04-18" v="90378000000"/>
        <price t="2017-04-19" v="89920000000"/>
        <price t="2017-04-20" v="90206000000"/>
        <price t="2017-04-21" v="89853000000"/>
        <price t="2017-04-24" v="90741000000"/>
        <price t="2017-04-25" v="90762000000"/>
        <price t="2017-04-26" v="90929000000"/>
        <price t="2017-04-27" v="91838000000"/>
        <price t="2017-04-28" v="92499000000"/>
        <price t="2017-05-01" v="94823000000"/>
        <price t="2017-05-02" v="94694000000"/>
        <price t="2017-05-03" v="94103000000"/>
        <price t="2017-05-04" v="93753000000"/>
        <price t="2017-05-05" v="93415000000"/>
        <price t="2017-05-08" v="94904000000"/>
        <price t="2017-05-09" v="95282000000"/>
        <price t="2017-05-10" v="94895000000"/>
        <price t="2017-05-11" v="94762000000"/>
        <price t="2017-05-12" v="96135000000"/>
        <price t="2017-05-15" v="95797000000"/>
        <price t="2017-05-16" v="96607000000"/>
        <price t="2017-05-17" v="94476000000"/>
        <price t="2017-05-18" v="95849000000"/>
        <price t="2017-05-19" v="95984000000"/>
        <price t="2017-05-22" v="97067000000"/>
        <price t="2017-05-23" v="97154000000"/>
        <price t="2017-05-24" v="98035000000"/>
        <price t="2017-05-25" v="99338000000"/>
        <price t="2017-05-26" v="99578000000"/>
        <price t="2017-05-30" v="99670000000"/>
        <price t="2017-05-31" v="99462000000"/>
        <price t="2017-06-01" v="99595000000"/>
        <price t="2017-06-02" v="100673000000"/>
        <price t="2017-06-05" v="101134000000"/>
        <price t="2017-06-06" v="100300000000"/>
        <price t="2017-06-07" v="101007000000"/>
        <price t="2017-06-08" v="101027000000"/>
        <price t="2017-06-09" v="97831000000"/>
        <price t="2017-06-12" v="96491000000"/>
        <price t="2017-06-13" v="98079000000"/>
        <price t="2017-06-14" v="97647000000"/>
        <price t="2017-06-15" v="96417000000"/>
        <price t="2017-06-16" v="98771000000"/>
        <price t="2017-06-19" v="99517000000"/>
        <price t="2017-06-20" v="99259000000"/>
        <price t="2017-06-21" v="100223000000"/>
        <price t="2017-06-22" v="100130000000"/>
        <price t="2017-06-23" v="100374000000"/>
        <price t="2017-06-26" v="99398000000"/>
        <price t="2017-06-27" v="97678000000"/>
        <price t="2017-06-28" v="99033000000"/>
        <price t="2017-06-29" v="97593000000"/>
        <price t="2017-06-30" v="96800000000"/>
        <price t="2017-07-03" v="95366000000"/>
        <price t="2017-07-05" v="97140000000"/>
        <price t="2017-07-06" v="96514000000"/>
        <price t="2017-07-07" v="97876000000"/>
        <price t="2017-07-10" v="99647000000"/>
        <price t="2017-07-11" v="99413000000"/>
        <price t="2017-07-12" v="100651000000"/>
        <price t="2017-07-13" v="100063000000"/>
        <price t="2017-07-14" v="100181000000"/>
        <price t="2017-07-17" v="101004000000"/>
        <price t="2017-07-18" v="102445000000"/>
        <price t="2017-07-19" v="102687000000"/>
        <price t="2017-07-20" v="102870000000"/>
        <price t="2017-07-21" v="102567000000"/>
        <price t="2017-07-24" v="103895000000"/>
        <price t="2017-07-25" v="103987000000"/>
        <price t="2017-07-26" v="105280000000"/>
        <price t="2017-07-27" v="104600000000"/>
        <price t="2017-07-28" v="102004000000"/>
        <price t="2017-07-31" v="98778000000"/>
        <price t="2017-08-01" v="99619000000"/>
        <price t="2017-08-02" v="99589000000"/>
        <price t="2017-08-03" v="98692000000"/>
        <price t="2017-08-04" v="98758000000"/>
        <price t="2017-08-07" v="99227000000"/>
        <price t="2017-08-08" v="98984000000"/>
        <price t="2017-08-09" v="98201000000"/>
        <price t="2017-08-10" v="95692000000"/>
        <price t="2017-08-11" v="96799000000"/>
        <price t="2017-08-14" v="98330000000"/>
        <price t="2017-08-15" v="98274000000"/>
        <price t="2017-08-16" v="97818000000"/>
        <price t="2017-08-17" v="96057000000"/>
        <price t="2017-08-18" v="95847000000"/>
        <price t="2017-08-21" v="95329000000"/>
        <price t="2017-08-22" v="96690000000"/>
        <price t="2017-08-23" v="95800000000"/>
        <price t="2017-08-24" v="95245000000"/>
        <price t="2017-08-25" v="94526000000"/>
        <price t="2017-08-28" v="94602000000"/>
        <price t="2017-08-29" v="95406000000"/>
        <price t="2017-08-30" v="96759000000"/>
        <price t="2017-08-31" v="98060000000"/>
        <price t="2017-09-01" v="97825000000"/>
        <price t="2017-09-05" v="96527000000"/>
        <price t="2017-09-06" v="96780000000"/>
        <price t="2017-09-07" v="97947000000"/>
        <price t="2017-09-08" v="96590000000"/>
        <price t="2017-09-11" v="97796000000"/>
        <price t="2017-09-12" v="98258000000"/>
        <price t="2017-09-13" v="99960000000"/>
        <price t="2017-09-14" v="99221000000"/>
        <price t="2017-09-15" v="98679000000"/>
        <price t="2017-09-18" v="97419000000"/>
        <price t="2017-09-19" v="96986000000"/>
        <price t="2017-09-20" v="97321000000"/>
        <price t="2017-09-21" v="96465000000"/>
        <price t="2017-09-22" v="95510000000"/>
        <price t="2017-09-25" v="93979000000"/>
        <price t="2017-09-26" v="93860000000"/>
        <price t="2017-09-27" v="95087000000"/>
        <price t="2017-09-28" v="95640000000"/>
        <price t="2017-09-29" v="96135000000"/>
        <price t="2017-10-02" v="95919000000"/>
        <price t="2017-10-03" v="95710000000"/>
        <price t="2017-10-04" v="96545000000"/>
        <price t="2017-10-05" v="98085000000"/>
        <price t="2017-10-06" v="98958000000"/>
        <price t="2017-10-09" v="99099000000"/>
        <price t="2017-10-10" v="98720000000"/>
        <price t="2017-10-11" v="99500000000"/>
        <price t="2017-10-12" v="100093000000"/>
        <price t="2017-10-13" v="100294000000"/>
        <price t="2017-10-16" v="100634000000"/>
        <price t="2017-10-17" v="100913000000"/>
        <price t="2017-10-18" v="99700000000"/>
        <price t="2017-10-19" v="98661000000"/>
        <price t="2017-10-20" v="98291000000"/>
        <price t="2017-10-23" v="96630000000"/>
        <price t="2017-10-24" v="97590000000"/>
        <price t="2017-10-25" v="97291000000"/>
        <price t="2017-10-26" v="97243000000"/>
        <price t="2017-10-27" v="110095000000"/>
        <price t="2017-10-30" v="111085000000"/>
        <price t="2017-10-31" v="110528000000"/>
        <price t="2017-11-01" v="110368000000"/>
        <price t="2017-11-02" v="109422000000"/>
        <price t="2017-11-03" v="111160000000"/>
        <price t="2017-11-06" v="112066000000"/>
        <price t="2017-11-07" v="112317000000"/>
        <price t="2017-11-08" v="113288000000"/>
        <price t="2017-11-09" v="112913000000"/>
        <price t="2017-11-10" v="112535000000"/>
        <price t="2017-11-13" v="112917000000"/>
        <price t="2017-11-14" v="113684000000"/>
        <price t="2017-11-15" v="112669000000"/>
        <price t="2017-11-16" v="113729000000"/>
        <price t="2017-11-17" v="112988000000"/>
        <price t="2017-11-20" v="112631000000"/>
        <price t="2017-11-21" v="113949000000"/>
        <price t="2017-11-22" v="115616000000"/>
        <price t="2017-11-24" v="118600000000"/>
        <price t="2017-11-27" v="119583000000"/>
        <price t="2017-11-28" v="119360000000"/>
        <price t="2017-11-29" v="116127000000"/>
        <price t="2017-11-30" v="117675000000"/>
        <price t="2017-12-01" v="116235000000"/>
        <price t="2017-12-04" v="113395000000"/>
        <price t="2017-12-05" v="114157000000"/>
        <price t="2017-12-06" v="115235000000"/>
        <price t="2017-12-07" v="115979000000"/>
        <price t="2017-12-08" v="116200000000"/>
        <price t="2017-12-11" v="116892000000"/>
        <price t="2017-12-12" v="116508000000"/>
        <price t="2017-12-13" v="116413000000"/>
        <price t="2017-12-14" v="117426000000"/>
        <price t="2017-12-15" v="117914000000"/>
        <price t="2017-12-18" v="119058000000"/>
        <price t="2017-12-19" v="118738000000"/>
        <price t="2017-12-20" v="117762000000"/>
        <price t="2017-12-21" v="117476000000"/>
        <price t="2017-12-22" v="116836000000"/>
        <price t="2017-12-26" v="117676000000"/>
        <price t="2017-12-27" v="118226000000"/>
        <price t="2017-12-28" v="118610000000"/>
        <price t="2017-12-29" v="116947000000"/>
        <price t="2018-01-02" v="118901000000"/>
        <price t="2018-01-03" v="120420000000"/>
        <price t="2018-01-04" v="120959000000"/>
        <price t="2018-01-05" v="122914000000"/>
        <price t="2018-01-08" v="124687000000"/>
        <price t="2018-01-09" v="125270000000"/>
        <price t="2018-01-10" v="125433000000"/>
        <price t="2018-01-11" v="127668000000"/>
        <price t="2018-01-12" v="130520000000"/>
        <price t="2018-01-16" v="130486000000"/>
        <price t="2018-01-17" v="129500000000"/>
        <price t="2018-01-18" v="129332000000"/>
        <price t="2018-01-19" v="129458000000"/>
        <price t="2018-01-22" v="132731000000"/>
        <price t="2018-01-23" v="136254000000"/>
        <price t="2018-01-24" v="135751000000"/>
        <price t="2018-01-25" v="137795000000"/>
        <price t="2018-01-26" v="140205000000"/>
        <price t="2018-01-29" v="141768000000"/>
        <price t="2018-01-30" v="143782000000"/>
        <price t="2018-01-31" v="145089000000"/>
        <price t="2018-02-01" v="139000000000"/>
        <price t="2018-02-02" v="142995000000"/>
        <price t="2018-02-05" v="139000000000"/>
        <price t="2018-02-06" v="144284000000"/>
        <price t="2018-02-07" v="141678000000"/>
        <price t="2018-02-08" v="135050000000"/>
        <price t="2018-02-09" v="133960000000"/>
        <price t="2018-02-12" v="138623000000"/>
        <price t="2018-02-13" v="141451000000"/>
        <price t="2018-02-14" v="145105000000"/>
        <price t="2018-02-15" v="146176000000"/>
        <price t="2018-02-16" v="144869000000"/>
        <price t="2018-02-20" v="146835000000"/>
        <price t="2018-02-21" v="148292000000"/>
        <price t="2018-02-22" v="148534000000"/>
        <price t="2018-02-23" v="150000000000"/>
        <price t="2018-02-26" v="152195000000"/>
        <price t="2018-02-27" v="151198000000"/>
        <price t="2018-02-28" v="151245000000"/>
        <price t="2018-03-01" v="149345000000"/>
        <price t="2018-03-02" v="150025000000"/>
        <price t="2018-03-05" v="152361000000"/>
        <price t="2018-03-06" v="153764000000"/>
        <price t="2018-03-07" v="154500000000"/>
        <price t="2018-03-08" v="155186000000"/>
        <price t="2018-03-09" v="157889000000"/>
        <price t="2018-03-12" v="159839000000"/>
        <price t="2018-03-13" v="158818000000"/>
        <price t="2018-03-14" v="159100000000"/>
        <price t="2018-03-15" v="158232000000"/>
        <price t="2018-03-16" v="157168000000"/>
        <price t="2018-03-19" v="154493000000"/>
        <price t="2018-03-20" v="158651000000"/>
        <price t="2018-03-21" v="158186000000"/>
        <price t="2018-03-22" v="154492000000"/>
        <price t="2018-03-23" v="149556000000"/>
        <price t="2018-03-26" v="155586000000"/>
        <price t="2018-03-27" v="149705000000"/>
        <price t="2018-03-28" v="143142000000"/>
        <price t="2018-03-29" v="144734000000"/>
        <price t="2018-04-02" v="137199000000"/>
        <price t="2018-04-03" v="139205000000"/>
        <price t="2018-04-04" v="141057000000"/>
        <price t="2018-04-05" v="145175000000"/>
        <price t="2018-04-06" v="140523000000"/>
        <price t="2018-04-09" v="140608000000"/>
        <price t="2018-04-10" v="143622000000"/>
        <price t="2018-04-11" v="142705000000"/>
        <price t="2018-04-12" v="144850000000"/>
        <price t="2018-04-13" v="143079000000"/>
        <price t="2018-04-16" v="144150000000"/>
        <price t="2018-04-17" v="150383000000"/>
        <price t="2018-04-18" v="152784000000"/>
        <price t="2018-04-19" v="155691000000"/>
        <price t="2018-04-20" v="152749000000"/>
        <price t="2018-04-23" v="151786000000"/>
        <price t="2018-04-24" v="146009000000"/>
        <price t="2018-04-25" v="146017000000"/>
        <price t="2018-04-26" v="151796000000"/>
        <price t="2018-04-27" v="157262000000"/>
        <price t="2018-04-30" v="156613000000"/>
        <price t="2018-05-01" v="158226000000"/>
        <price t="2018-05-02" v="156968000000"/>
        <price t="2018-05-03" v="157208000000"/>
        <price t="2018-05-04" v="158095000000"/>
        <price t="2018-05-07" v="160014000000"/>
        <price t="2018-05-08" v="159239000000"/>
        <price t="2018-05-09" v="160800000000"/>
        <price t="2018-05-10" v="160908000000"/>
        <price t="2018-05-11" v="160291000000"/>
        <price t="2018-05-14" v="160154000000"/>
        <price t="2018-05-15" v="157612000000"/>
        <price t="2018-05-16" v="158728000000"/>
        <price t="2018-05-17" v="158176000000"/>
        <price t="2018-05-18" v="157437000000"/>
        <price t="2018-05-21" v="158546000000"/>
        <price t="2018-05-22" v="158140000000"/>
        <price t="2018-05-23" v="160186000000"/>
        <price t="2018-05-24" v="160307000000"/>
        <price t="2018-05-25" v="161015000000"/>
        <price t="2018-05-29" v="161287000000"/>
        <price t="2018-05-30" v="162489000000"/>
        <price t="2018-05-31" v="162962000000"/>
        <price t="2018-06-01" v="164154000000"/>
        <price t="2018-06-04" v="166527000000"/>
        <price t="2018-06-05" v="169635000000"/>
        <price t="2018-06-06" v="169575000000"/>
        <price t="2018-06-07" v="168930000000"/>
        <price t="2018-06-08" v="168399000000"/>
        <price t="2018-06-11" v="168912000000"/>
        <price t="2018-06-12" v="169875000000"/>
        <price t="2018-06-13" v="170486000000"/>
        <price t="2018-06-14" v="172386000000"/>
        <price t="2018-06-15" v="171597000000"/>
        <price t="2018-06-18" v="172379000000"/>
        <price t="2018-06-19" v="173478000000"/>
        <price t="2018-06-20" v="175008000000"/>
        <price t="2018-06-21" v="173022000000"/>
        <price t="2018-06-22" v="171567000000"/>
        <price t="2018-06-25" v="166315000000"/>
        <price t="2018-06-26" v="169109000000"/>
        <price t="2018-06-27" v="166051000000"/>
        <price t="2018-06-28" v="170145000000"/>
        <price t="2018-06-29" v="169980000000"/>
        <price t="2018-07-02" v="171378000000"/>
        <price t="2018-07-03" v="169396000000"/>
        <price t="2018-07-05" v="169973000000"/>
        <price t="2018-07-06" v="171063000000"/>
        <price t="2018-07-09" v="173902000000"/>
        <price t="2018-07-10" v="174307000000"/>
        <price t="2018-07-11" v="175500000000"/>
        <price t="2018-07-12" v="179662000000"/>
        <price t="2018-07-13" v="181303000000"/>
        <price t="2018-07-16" v="182249000000"/>
        <price t="2018-07-17" v="184393000000"/>
        <price t="2018-07-18" v="184292000000"/>
        <price t="2018-07-19" v="181297000000"/>
        <price t="2018-07-20" v="181370000000"/>
        <price t="2018-07-23" v="180200000000"/>
        <price t="2018-07-24" v="182924000000"/>
        <price t="2018-07-25" v="186361000000"/>
        <price t="2018-07-26" v="180800000000"/>
        <price t="2018-07-27" v="181727000000"/>
        <price t="2018-07-30" v="177922000000"/>
        <price t="2018-07-31" v="177744000000"/>
        <price t="2018-08-01" v="179717000000"/>
        <price t="2018-08-02" v="183433000000"/>
        <price t="2018-08-03" v="182329000000"/>
        <price t="2018-08-06" v="184775000000"/>
        <price t="2018-08-07" v="186248000000"/>
        <price t="2018-08-08" v="188652000000"/>
        <price t="2018-08-09" v="189852000000"/>
        <price t="2018-08-10" v="188630000000"/>
        <price t="2018-08-13" v="189620000000"/>
        <price t="2018-08-14" v="191965000000"/>
        <price t="2018-08-15" v="188262000000"/>
        <price t="2018-08-16" v="188652000000"/>
        <price t="2018-08-17" v="188222000000"/>
        <price t="2018-08-20" v="187671000000"/>
        <price t="2018-08-21" v="188342000000"/>
        <price t="2018-08-22" v="190490000000"/>
        <price t="2018-08-23" v="190290000000"/>
        <price t="2018-08-24" v="190539000000"/>
        <price t="2018-08-27" v="192768000000"/>
        <price t="2018-08-28" v="193282000000"/>
        <price t="2018-08-29" v="199810000000"/>
        <price t="2018-08-30" v="200238000000"/>
        <price t="2018-08-31" v="201271000000"/>
        <price t="2018-09-04" v="203951000000"/>
        <price t="2018-09-05" v="199482000000"/>
        <price t="2018-09-06" v="195831000000"/>
        <price t="2018-09-07" v="195207000000"/>
        <price t="2018-09-10" v="193901000000"/>
        <price t="2018-09-11" v="198715000000"/>
        <price t="2018-09-12" v="199000000000"/>
        <price t="2018-09-13" v="198987000000"/>
        <price t="2018-09-14" v="197019000000"/>
        <price t="2018-09-17" v="190803000000"/>
        <price t="2018-09-18" v="194105000000"/>
        <price t="2018-09-19" v="192642000000"/>
        <price t="2018-09-20" v="194430000000"/>
        <price t="2018-09-21" v="191501000000"/>
        <price t="2018-09-24" v="193436000000"/>
        <price t="2018-09-25" v="197455000000"/>
        <price t="2018-09-26" v="197485000000"/>
        <price t="2018-09-27" v="201298000000"/>
        <price t="2018-09-28" v="200300000000"/>
        <price t="2018-10-01" v="200436000000"/>
        <price t="2018-10-02" v="197131000000"/>
        <price t="2018-10-03" v="195276000000"/>
        <price t="2018-10-04" v="190942000000"/>
        <price t="2018-10-05" v="188965000000"/>
        <price t="2018-10-08" v="186442000000"/>
        <price t="2018-10-09" v="187032000000"/>
        <price t="2018-10-10" v="175525000000"/>
        <price t="2018-10-11" v="171936000000"/>
        <price t="2018-10-12" v="178861000000"/>
        <price t="2018-10-15" v="176095000000"/>
        <price t="2018-10-16" v="181996000000"/>
        <price t="2018-10-17" v="183173000000"/>
        <price t="2018-10-18" v="177072000000"/>
        <price t="2018-10-19" v="176403000000"/>
        <price t="2018-10-22" v="178930000000"/>
        <price t="2018-10-23" v="176870000000"/>
        <price t="2018-10-24" v="166420000000"/>
        <price t="2018-10-25" v="178217000000"/>
        <price t="2018-10-26" v="164281000000"/>
        <price t="2018-10-29" v="153888000000"/>
        <price t="2018-10-30" v="153042000000"/>
        <price t="2018-10-31" v="159801000000"/>
        <price t="2018-11-01" v="166553000000"/>
        <price t="2018-11-02" v="166553000000"/>
        <price t="2018-11-05" v="162780000000"/>
        <price t="2018-11-06" v="164281000000"/>
        <price t="2018-11-07" v="175549000000"/>
        <price t="2018-11-08" v="175491000000"/>
        <price t="2018-11-09" v="171243000000"/>
        <price t="2018-11-12" v="163685000000"/>
        <price t="2018-11-13" v="163117000000"/>
        <price t="2018-11-14" v="159901000000"/>
        <price t="2018-11-15" v="161944000000"/>
        <price t="2018-11-16" v="159341000000"/>
        <price t="2018-11-19" v="151229000000"/>
        <price t="2018-11-20" v="149546000000"/>
        <price t="2018-11-21" v="151673000000"/>
        <price t="2018-11-23" v="150206000000"/>
        <price t="2018-11-26" v="158133000000"/>
        <price t="2018-11-27" v="158142000000"/>
        <price t="2018-11-28" v="167775000000"/>
        <price t="2018-11-29" v="167357000000"/>
        <price t="2018-11-30" v="169017000000"/>
        <price t="2018-12-03" v="177236000000"/>
        <price t="2018-12-04" v="166840000000"/>
        <price t="2018-12-06" v="169919000000"/>
        <price t="2018-12-07" v="162913000000"/>
        <price t="2018-12-10" v="164103000000"/>
        <price t="2018-12-11" v="164324000000"/>
        <price t="2018-12-12" v="166354000000"/>
        <price t="2018-12-13" v="165838000000"/>
        <price t="2018-12-14" v="159191000000"/>
        <price t="2018-12-17" v="152091000000"/>
        <price t="2018-12-18" v="155148000000"/>
        <price t="2018-12-19" v="149508000000"/>
        <price t="2018-12-20" v="146083000000"/>
        <price t="2018-12-21" v="137745000000"/>
        <price t="2018-12-24" v="134396000000"/>
        <price t="2018-12-26" v="147090000000"/>
        <price t="2018-12-27" v="146164000000"/>
        <price t="2018-12-28" v="147802000000"/>
        <price t="2018-12-31" v="150197000000"/>
        <price t="2019-01-02" v="153913000000"/>
        <price t="2019-01-03" v="150028000000"/>
        <price t="2019-01-04" v="157539000000"/>
        <price t="2019-01-07" v="162951000000"/>
        <price t="2019-01-08" v="165658000000"/>
        <price t="2019-01-09" v="165942000000"/>
        <price t="2019-01-10" v="165622000000"/>
        <price t="2019-01-11" v="164056000000"/>
        <price t="2019-01-14" v="161721000000"/>
        <price t="2019-01-15" v="167456000000"/>
        <price t="2019-01-16" v="168378000000"/>
        <price t="2019-01-17" v="169322000000"/>
        <price t="2019-01-18" v="169620000000"/>
        <price t="2019-01-22" v="163217000000"/>
        <price t="2019-01-23" v="164002000000"/>
        <price t="2019-01-24" v="165493000000"/>
        <price t="2019-01-25" v="167057000000"/>
        <price t="2019-01-28" v="163789000000"/>
        <price t="2019-01-29" v="159388000000"/>
        <price t="2019-01-30" v="167043000000"/>
        <price t="2019-01-31" v="171873000000"/>
        <price t="2019-02-01" v="162623000000"/>
        <price t="2019-02-04" v="163331000000"/>
        <price t="2019-02-05" v="165881000000"/>
        <price t="2019-02-06" v="164026000000"/>
        <price t="2019-02-07" v="161437000000"/>
        <price t="2019-02-08" v="158822000000"/>
        <price t="2019-02-11" v="159100000000"/>
        <price t="2019-02-12" v="163801000000"/>
        <price t="2019-02-13" v="164000000000"/>
        <price t="2019-02-14" v="162265000000"/>
        <price t="2019-02-15" v="160795000000"/>
        <price t="2019-02-19" v="162758000000"/>
        <price t="2019-02-20" v="162210000000"/>
        <price t="2019-02-21" v="161944000000"/>
        <price t="2019-02-22" v="163156000000"/>
        <price t="2019-02-25" v="163300000000"/>
        <price t="2019-02-26" v="163640000000"/>
        <price t="2019-02-27" v="164109000000"/>
        <price t="2019-02-28" v="163983000000"/>
        <price t="2019-03-01" v="167173000000"/>
        <price t="2019-03-04" v="169617000000"/>
        <price t="2019-03-05" v="169243000000"/>
        <price t="2019-03-06" v="166895000000"/>
        <price t="2019-03-07" v="162595000000"/>
        <price t="2019-03-08" v="162080000000"/>
        <price t="2019-03-11" v="167062000000"/>
        <price t="2019-03-12" v="167310000000"/>
        <price t="2019-03-13" v="169081000000"/>
        <price t="2019-03-14" v="168622000000"/>
        <price t="2019-03-15" v="171236000000"/>
        <price t="2019-03-18" v="174215000000"/>
        <price t="2019-03-19" v="176185000000"/>
        <price t="2019-03-20" v="179727000000"/>
        <price t="2019-03-21" v="181926000000"/>
        <price t="2019-03-22" v="176477000000"/>
        <price t="2019-03-25" v="177426000000"/>
        <price t="2019-03-26" v="178376000000"/>
        <price t="2019-03-27" v="176570000000"/>
        <price t="2019-03-28" v="177342000000"/>
        <price t="2019-03-29" v="178075000000"/>
        <price t="2019-04-01" v="181419000000"/>
        <price t="2019-04-02" v="181398000000"/>
        <price t="2019-04-03" v="182070000000"/>
        <price t="2019-04-04" v="181886000000"/>
        <price t="2019-04-05" v="183728000000"/>
        <price t="2019-04-08" v="184986000000"/>
        <price t="2019-04-09" v="183584000000"/>
        <price t="2019-04-10" v="184733000000"/>
        <price t="2019-04-11" v="184407000000"/>
        <price t="2019-04-12" v="184306000000"/>
        <price t="2019-04-15" v="184487000000"/>
        <price t="2019-04-16" v="186304000000"/>
        <price t="2019-04-17" v="186482000000"/>
        <price t="2019-04-18" v="186169000000"/>
        <price t="2019-04-22" v="188731000000"/>
        <price t="2019-04-23" v="192377000000"/>
        <price t="2019-04-24" v="190175000000"/>
        <price t="2019-04-25" v="190225000000"/>
        <price t="2019-04-26" v="195063000000"/>
        <price t="2019-04-29" v="193843000000"/>
        <price t="2019-04-30" v="192652000000"/>
        <price t="2019-05-01" v="191152000000"/>
        <price t="2019-05-02" v="190082000000"/>
        <price t="2019-05-03" v="196246000000"/>
        <price t="2019-05-06" v="195055000000"/>
        <price t="2019-05-07" v="192100000000"/>
        <price t="2019-05-08" v="191777000000"/>
        <price t="2019-05-09" v="189987000000"/>
        <price t="2019-05-10" v="188998000000"/>
        <price t="2019-05-13" v="182268000000"/>
        <price t="2019-05-14" v="184012000000"/>
        <price t="2019-05-15" v="187115000000"/>
        <price t="2019-05-16" v="190757000000"/>
        <price t="2019-05-17" v="186900000000"/>
        <price t="2019-05-20" v="185897000000"/>
        <price t="2019-05-21" v="185752000000"/>
        <price t="2019-05-22" v="185968000000"/>
        <price t="2019-05-23" v="181548000000"/>
        <price t="2019-05-24" v="182328000000"/>
        <price t="2019-05-28" v="183643000000"/>
        <price t="2019-05-29" v="181919000000"/>
        <price t="2019-05-30" v="181632000000"/>
        <price t="2019-05-31" v="177507000000"/>
        <price t="2019-06-03" v="169269000000"/>
        <price t="2019-06-04" v="172956000000"/>
        <price t="2019-06-05" v="173850000000"/>
        <price t="2019-06-06" v="175436000000"/>
        <price t="2019-06-07" v="180403000000"/>
        <price t="2019-06-10" v="186063000000"/>
        <price t="2019-06-11" v="186370000000"/>
        <price t="2019-06-12" v="185532000000"/>
        <price t="2019-06-13" v="187030000000"/>
        <price t="2019-06-14" v="186967000000"/>
        <price t="2019-06-17" v="188603000000"/>
        <price t="2019-06-18" v="190137000000"/>
        <price t="2019-06-19" v="190879000000"/>
        <price t="2019-06-20" v="191819000000"/>
        <price t="2019-06-21" v="191130000000"/>
        <price t="2019-06-24" v="191390000000"/>
        <price t="2019-06-25" v="187827000000"/>
        <price t="2019-06-26" v="189783000000"/>
        <price t="2019-06-27" v="190428000000"/>
        <price t="2019-06-28" v="189363000000"/>
        <price t="2019-07-01" v="192219000000"/>
        <price t="2019-07-02" v="193431000000"/>
        <price t="2019-07-03" v="193900000000"/>
        <price t="2019-07-05" v="194291000000"/>
        <price t="2019-07-08" v="195232000000"/>
        <price t="2019-07-09" v="198830000000"/>
        <price t="2019-07-10" v="201741000000"/>
        <price t="2019-07-11" v="200107000000"/>
        <price t="2019-07-12" v="201100000000"/>
        <price t="2019-07-15" v="202099000000"/>
        <price t="2019-07-16" v="200990000000"/>
        <price t="2019-07-17" v="199203000000"/>
        <price t="2019-07-18" v="197790000000"/>
        <price t="2019-07-19" v="196452000000"/>
        <price t="2019-07-22" v="198563000000"/>
        <price t="2019-07-23" v="199449000000"/>
        <price t="2019-07-24" v="200081000000"/>
        <price t="2019-07-25" v="197382000000"/>
        <price t="2019-07-26" v="194305000000"/>
        <price t="2019-07-29" v="191245000000"/>
        <price t="2019-07-30" v="189853000000"/>
        <price t="2019-07-31" v="186678000000"/>
        <price t="2019-08-01" v="185532000000"/>
        <price t="2019-08-02" v="182324000000"/>
        <price t="2019-08-05" v="176513000000"/>
        <price t="2019-08-06" v="178783000000"/>
        <price t="2019-08-07" v="179340000000"/>
        <price t="2019-08-08" v="183289000000"/>
        <price t="2019-08-09" v="180758000000"/>
        <price t="2019-08-12" v="178492000000"/>
        <price t="2019-08-13" v="182434000000"/>
        <price t="2019-08-14" v="176296000000"/>
        <price t="2019-08-15" v="177612000000"/>
        <price t="2019-08-16" v="179257000000"/>
        <price t="2019-08-19" v="181612000000"/>
        <price t="2019-08-20" v="180138000000"/>
        <price t="2019-08-21" v="182354000000"/>
        <price t="2019-08-22" v="180466000000"/>
        <price t="2019-08-23" v="174962000000"/>
        <price t="2019-08-26" v="176887000000"/>
        <price t="2019-08-27" v="176183000000"/>
        <price t="2019-08-28" v="176425000000"/>
        <price t="2019-08-29" v="178640000000"/>
        <price t="2019-08-30" v="177629000000"/>
        <price t="2019-09-03" v="178984000000"/>
        <price t="2019-09-04" v="180062000000"/>
        <price t="2019-09-05" v="184072000000"/>
        <price t="2019-09-06" v="183351000000"/>
        <price t="2019-09-09" v="183135000000"/>
        <price t="2019-09-10" v="182055000000"/>
        <price t="2019-09-11" v="182299000000"/>
        <price t="2019-09-12" v="184355000000"/>
        <price t="2019-09-13" v="183934000000"/>
        <price t="2019-09-16" v="180784000000"/>
        <price t="2019-09-17" v="182255000000"/>
        <price t="2019-09-18" v="181746000000"/>
        <price t="2019-09-19" v="182150000000"/>
        <price t="2019-09-20" v="179416000000"/>
        <price t="2019-09-23" v="178530000000"/>
        <price t="2019-09-24" v="174161000000"/>
        <price t="2019-09-25" v="176833000000"/>
        <price t="2019-09-26" v="173984000000"/>
        <price t="2019-09-27" v="172545000000"/>
        <price t="2019-09-30" v="173591000000"/>
        <price t="2019-10-01" v="173565000000"/>
        <price t="2019-10-02" v="171323000000"/>
        <price t="2019-10-03" v="172442000000"/>
        <price t="2019-10-04" v="173965000000"/>
        <price t="2019-10-07" v="173266000000"/>
        <price t="2019-10-08" v="170551000000"/>
        <price t="2019-10-09" v="172199000000"/>
        <price t="2019-10-10" v="172026000000"/>
        <price t="2019-10-11" v="173192000000"/>
        <price t="2019-10-14" v="173643000000"/>
        <price t="2019-10-15" v="176738000000"/>
        <price t="2019-10-16" v="177743000000"/>
        <price t="2019-10-17" v="178748000000"/>
        <price t="2019-10-18" v="175751000000"/>
        <price t="2019-10-21" v="178566000000"/>
        <price t="2019-10-22" v="176573000000"/>
        <price t="2019-10-23" v="176217000000"/>
        <price t="2019-10-24" v="178078000000"/>
        <price t="2019-10-25" v="176133000000"/>
        <price t="2019-10-28" v="177708000000"/>
        <price t="2019-10-29" v="176271000000"/>
        <price t="2019-10-30" v="177999000000"/>
        <price t="2019-10-31" v="177666000000"/>
        <price t="2019-11-01" v="179144000000"/>
        <price t="2019-11-04" v="180466000000"/>
        <price t="2019-11-05" v="180171000000"/>
        <price t="2019-11-06" v="179577000000"/>
        <price t="2019-11-07" v="178820000000"/>
        <price t="2019-11-08" v="178588000000"/>
        <price t="2019-11-11" v="177165000000"/>
        <price t="2019-11-12" v="177800000000"/>
        <price t="2019-11-13" v="175311000000"/>
        <price t="2019-11-14" v="175460000000"/>
        <price t="2019-11-15" v="173949000000"/>
        <price t="2019-11-18" v="175253000000"/>
        <price t="2019-11-19" v="175279000000"/>
        <price t="2019-11-20" v="174553000000"/>
        <price t="2019-11-21" v="173471000000"/>
        <price t="2019-11-22" v="174572000000"/>
        <price t="2019-11-25" v="177384000000"/>
        <price t="2019-11-26" v="179694000000"/>
        <price t="2019-11-27" v="181851000000"/>
        <price t="2019-11-29" v="180080000000"/>
        <price t="2019-12-02" v="178160000000"/>
        <price t="2019-12-03" v="176996000000"/>
        <price t="2019-12-04" v="176069000000"/>
        <price t="2019-12-05" v="174048000000"/>
        <price t="2019-12-06" v="175160000000"/>
        <price t="2019-12-09" v="174951000000"/>
        <price t="2019-12-10" v="173921000000"/>
        <price t="2019-12-11" v="174872000000"/>
        <price t="2019-12-12" v="176033000000"/>
        <price t="2019-12-13" v="176094000000"/>
        <price t="2019-12-16" v="176921000000"/>
        <price t="2019-12-17" v="179066000000"/>
        <price t="2019-12-18" v="178403000000"/>
        <price t="2019-12-19" v="179228000000"/>
        <price t="2019-12-20" v="178650000000"/>
        <price t="2019-12-23" v="179300000000"/>
        <price t="2019-12-24" v="178921000000"/>
        <price t="2019-12-26" v="186877000000"/>
        <price t="2019-12-27" v="186980000000"/>
        <price t="2019-12-30" v="184689000000"/>
        <price t="2019-12-31" v="184784000000"/>
        <price t="2020-01-02" v="189801000000"/>
        <price t="2020-01-03" v="187497000000"/>
        <price t="2020-01-06" v="190288000000"/>
        <price t="2020-01-07" v="190686000000"/>
        <price t="2020-01-08" v="189197000000"/>
        <price t="2020-01-09" v="190105000000"/>
        <price t="2020-01-10" v="188316000000"/>
        <price t="2020-01-13" v="189130000000"/>
        <price t="2020-01-14" v="186944000000"/>
        <price t="2020-01-15" v="186202000000"/>
        <price t="2020-01-16" v="187794000000"/>
        <price t="2020-01-17" v="186472000000"/>
        <price t="2020-01-21" v="189200000000"/>
        <price t="2020-01-22" v="188746000000"/>
        <price t="2020-01-23" v="188458000000"/>
        <price t="2020-01-24" v="186164000000"/>
        <price t="2020-01-27" v="182834000000"/>
        <price t="2020-01-28" v="185325000000"/>
        <price t="2020-01-29" v="185800000000"/>
        <price t="2020-01-30" v="187068000000"/>
        <price t="2020-01-31" v="200872000000"/>
        <price t="2020-02-03" v="200420000000"/>
        <price t="2020-02-04" v="204967000000"/>
        <price t="2020-02-05" v="203987000000"/>
        <price t="2020-02-06" v="205023000000"/>
        <price t="2020-02-07" v="207928000000"/>
        <price t="2020-02-10" v="213391000000"/>
        <price t="2020-02-11" v="215080000000"/>
        <price t="2020-02-12" v="216000000000"/>
        <price t="2020-02-13" v="214987000000"/>
        <price t="2020-02-14" v="213487000000"/>
        <price t="2020-02-18" v="215567000000"/>
        <price t="2020-02-19" v="217022000000"/>
        <price t="2020-02-20" v="215310000000"/>
        <price t="2020-02-21" v="209597000000"/>
        <price t="2020-02-24" v="200929000000"/>
        <price t="2020-02-25" v="197274000000"/>
        <price t="2020-02-26" v="197959000000"/>
        <price t="2020-02-27" v="188430000000"/>
        <price t="2020-02-28" v="188375000000"/>
        <price t="2020-03-02" v="195395000000"/>
        <price t="2020-03-03" v="190899000000"/>
        <price t="2020-03-04" v="197583000000"/>
        <price t="2020-03-05" v="192403000000"/>
        <price t="2020-03-06" v="190109000000"/>
        <price t="2020-03-09" v="180061000000"/>
        <price t="2020-03-10" v="189182000000"/>
        <price t="2020-03-11" v="182086000000"/>
        <price t="2020-03-12" v="167661000000"/>
        <price t="2020-03-13" v="178500000000"/>
        <price t="2020-03-16" v="168915000000"/>
        <price t="2020-03-17" v="180784000000"/>
        <price t="2020-03-18" v="183000000000"/>
        <price t="2020-03-19" v="188093000000"/>
        <price t="2020-03-20" v="184609000000"/>
        <price t="2020-03-23" v="190283000000"/>
        <price t="2020-03-24" v="194010000000"/>
        <price t="2020-03-25" v="188584000000"/>
        <price t="2020-03-26" v="195549000000"/>
        <price t="2020-03-27" v="190010000000"/>
        <price t="2020-03-30" v="196395000000"/>
        <price t="2020-03-31" v="194972000000"/>
        <price t="2020-04-01" v="190770000000"/>
        <price t="2020-04-02" v="191883000000"/>
        <price t="2020-04-03" v="190659000000"/>
        <price t="2020-04-06" v="199759000000"/>
        <price t="2020-04-07" v="201160000000"/>
        <price t="2020-04-08" v="204300000000"/>
        <price t="2020-04-09" v="204276000000"/>
        <price t="2020-04-13" v="216887000000"/>
        <price t="2020-04-14" v="228332000000"/>
        <price t="2020-04-15" v="230768000000"/>
        <price t="2020-04-16" v="240819000000"/>
        <price t="2020-04-17" v="237500000000"/>
        <price t="2020-04-20" v="239361000000"/>
        <price t="2020-04-21" v="232812000000"/>
        <price t="2020-04-22" v="236349000000"/>
        <price t="2020-04-23" v="239945000000"/>
        <price t="2020-04-24" v="241022000000"/>
        <price t="2020-04-27" v="237600000000"/>
        <price t="2020-04-28" v="231408000000"/>
        <price t="2020-04-29" v="237271000000"/>
        <price t="2020-04-30" v="247400000000"/>
        <price t="2020-05-01" v="228604000000"/>
        <price t="2020-05-04" v="231599000000"/>
        <price t="2020-05-05" v="231780000000"/>
        <price t="2020-05-06" v="235126000000"/>
        <price t="2020-05-07" v="236761000000"/>
        <price t="2020-05-08" v="237961000000"/>
        <price t="2020-05-11" v="240900000000"/>
        <price t="2020-05-12" v="235695000000"/>
        <price t="2020-05-13" v="236792000000"/>
        <price t="2020-05-14" v="238885000000"/>
        <price t="2020-05-15" v="240978000000"/>
        <price t="2020-05-18" v="242626000000"/>
        <price t="2020-05-19" v="244933000000"/>
        <price t="2020-05-20" v="249794000000"/>
        <price t="2020-05-21" v="244674000000"/>
        <price t="2020-05-22" v="243688000000"/>
        <price t="2020-05-26" v="242186000000"/>
        <price t="2020-05-27" v="241039000000"/>
        <price t="2020-05-28" v="240110000000"/>
        <price t="2020-05-29" v="244237000000"/>
        <price t="2020-06-01" v="247104000000"/>
        <price t="2020-06-02" v="247241000000"/>
        <price t="2020-06-03" v="247840000000"/>
        <price t="2020-06-04" v="246060000000"/>
        <price t="2020-06-05" v="248300000000"/>
        <price t="2020-06-08" v="252406000000"/>
        <price t="2020-06-09" v="260086000000"/>
        <price t="2020-06-10" v="264745000000"/>
        <price t="2020-06-11" v="255796000000"/>
        <price t="2020-06-12" v="254502000000"/>
        <price t="2020-06-15" v="257268000000"/>
        <price t="2020-06-16" v="261527000000"/>
        <price t="2020-06-17" v="264098000000"/>
        <price t="2020-06-18" v="265398000000"/>
        <price t="2020-06-19" v="267501000000"/>
        <price t="2020-06-22" v="271382000000"/>
        <price t="2020-06-23" v="276441000000"/>
        <price t="2020-06-24" v="273440000000"/>
        <price t="2020-06-25" v="275458000000"/>
        <price t="2020-06-26" v="269287000000"/>
        <price t="2020-06-29" v="268038000000"/>
        <price t="2020-06-30" v="275882000000"/>
        <price t="2020-07-01" v="287870000000"/>
        <price t="2020-07-02" v="289030000000"/>
        <price t="2020-07-06" v="305704000000"/>
        <price t="2020-07-07" v="300012000000"/>
        <price t="2020-07-08" v="308111000000"/>
        <price t="2020-07-09" v="318263000000"/>
        <price t="2020-07-10" v="320000000000"/>
        <price t="2020-07-13" v="310400000000"/>
        <price t="2020-07-14" v="308400000000"/>
        <price t="2020-07-15" v="300887000000"/>
        <price t="2020-07-16" v="299990000000"/>
        <price t="2020-07-17" v="296197000000"/>
        <price t="2020-07-20" v="319684000000"/>
        <price t="2020-07-21" v="313829000000"/>
        <price t="2020-07-22" v="309991000000"/>
        <price t="2020-07-23" v="298655000000"/>
        <price t="2020-07-24" v="300891000000"/>
        <price t="2020-07-27" v="305521000000"/>
        <price t="2020-07-28" v="300033000000"/>
        <price t="2020-07-29" v="303353000000"/>
        <price t="2020-07-30" v="305188000000"/>
        <price t="2020-07-31" v="316468000000"/>
        <price t="2020-08-03" v="311189000000"/>
        <price t="2020-08-04" v="313883000000"/>
        <price t="2020-08-05" v="320503000000"/>
        <price t="2020-08-06" v="322500000000"/>
        <price t="2020-08-07" v="316746000000"/>
        <price t="2020-08-10" v="314816000000"/>
        <price t="2020-08-11" v="308067000000"/>
        <price t="2020-08-12" v="316224000000"/>
        <price t="2020-08-13" v="316102000000"/>
        <price t="2020-08-14" v="314802000000"/>
        <price t="2020-08-17" v="318241000000"/>
        <price t="2020-08-18" v="331249000000"/>
        <price t="2020-08-19" v="326048000000"/>
        <price t="2020-08-20" v="329737000000"/>
        <price t="2020-08-21" v="328472000000"/>
        <price t="2020-08-24" v="330746000000"/>
        <price t="2020-08-25" v="334649000000"/>
        <price t="2020-08-26" v="344185000000"/>
        <price t="2020-08-27" v="340000000000"/>
        <price t="2020-08-28" v="340180000000"/>
        <price t="2020-08-31" v="345096000000"/>
        <price t="2020-09-01" v="349912000000"/>
        <price t="2020-09-02" v="353145000000"/>
        <price t="2020-09-03" v="336800000000"/>
        <price t="2020-09-04" v="329462000000"/>
        <price t="2020-09-08" v="314984000000"/>
        <price t="2020-09-09" v="326861000000"/>
        <price t="2020-09-10" v="317511000000"/>
        <price t="2020-09-11" v="311622000000"/>
        <price t="2020-09-14" v="310297000000"/>
        <price t="2020-09-15" v="315613000000"/>
        <price t="2020-09-16" v="307810000000"/>
        <price t="2020-09-17" v="300873000000"/>
        <price t="2020-09-18" v="295491000000"/>
        <price t="2020-09-21" v="296047000000"/>
        <price t="2020-09-22" v="312899000000"/>
        <price t="2020-09-23" v="299986000000"/>
        <price t="2020-09-24" v="301979000000"/>
        <price t="2020-09-25" v="309513000000"/>
        <price t="2020-09-28" v="317405000000"/>
        <price t="2020-09-29" v="314488000000"/>
        <price t="2020-09-30" v="314873000000"/>
        <price t="2020-10-01" v="322126000000"/>
        <price t="2020-10-02" v="312500000000"/>
        <price t="2020-10-05" v="319920000000"/>
        <price t="2020-10-06" v="309996000000"/>
        <price t="2020-10-07" v="319569000000"/>
        <price t="2020-10-08" v="319055000000"/>
        <price t="2020-10-09" v="328665000000"/>
        <price t="2020-10-12" v="344293000000"/>
        <price t="2020-10-13" v="344363000000"/>
        <price t="2020-10-14" v="336371000000"/>
        <price t="2020-10-15" v="333865000000"/>
        <price t="2020-10-16" v="327271000000"/>
        <price t="2020-10-19" v="320721000000"/>
        <price t="2020-10-20" v="321701000000"/>
        <price t="2020-10-21" v="318494000000"/>
        <price t="2020-10-22" v="317640000000"/>
        <price t="2020-10-23" v="320440000000"/>
        <price t="2020-10-26" v="320704000000"/>
        <price t="2020-10-27" v="328633000000"/>
        <price t="2020-10-28" v="316278000000"/>
        <price t="2020-10-29" v="321101000000"/>
        <price t="2020-10-30" v="303615000000"/>
        <price t="2020-11-02" v="300448000000"/>
        <price t="2020-11-03" v="304841000000"/>
        <price t="2020-11-04" v="324116000000"/>
        <price t="2020-11-05" v="332200000000"/>
        <price t="2020-11-06" v="331137000000"/>
        <price t="2020-11-09" v="314374000000"/>
        <price t="2020-11-10" v="303502000000"/>
        <price t="2020-11-11" v="313739000000"/>
        <price t="2020-11-12" v="311028000000"/>
        <price t="2020-11-13" v="312881000000"/>
        <price t="2020-11-16" v="313106000000"/>
        <price t="2020-11-17" v="313566000000"/>
        <price t="2020-11-18" v="310546000000"/>
        <price t="2020-11-19" v="311702000000"/>
        <price t="2020-11-20" v="309940000000"/>
        <price t="2020-11-23" v="309839000000"/>
        <price t="2020-11-24" v="311806000000"/>
        <price t="2020-11-25" v="318507000000"/>
        <price t="2020-11-27" v="319534000000"/>
        <price t="2020-11-30" v="316804000000"/>
        <price t="2020-12-01" v="322008000000"/>
        <price t="2020-12-02" v="320353000000"/>
        <price t="2020-12-03" v="318673000000"/>
        <price t="2020-12-04" v="316258000000"/>
        <price t="2020-12-07" v="315800000000"/>
        <price t="2020-12-08" v="317729000000"/>
        <price t="2020-12-09" v="310420000000"/>
        <price t="2020-12-10" v="310149000000"/>
        <price t="2020-12-11" v="311642000000"/>
        <price t="2020-12-14" v="315697000000"/>
        <price t="2020-12-15" v="316512000000"/>
        <price t="2020-12-16" v="324096000000"/>
        <price t="2020-12-17" v="323608000000"/>
        <price t="2020-12-18" v="320165000000"/>
        <price t="2020-12-21" v="320618000000"/>
        <price t="2020-12-22" v="320652000000"/>
        <price t="2020-12-23" v="318527000000"/>
        <price t="2020-12-24" v="317269000000"/>
        <price t="2020-12-28" v="328396000000"/>
        <price t="2020-12-29" v="332200000000"/>
        <price t="2020-12-30" v="328585000000"/>
        <price t="2020-12-31" v="325693000000"/>
        <price t="2021-01-04" v="318663000000"/>
        <price t="2021-01-05" v="321851000000"/>
        <price t="2021-01-06" v="313838000000"/>
        <price t="2021-01-07" v="316216000000"/>
        <price t="2021-01-08" v="318270000000"/>
        <price t="2021-01-11" v="311421000000"/>
        <price t="2021-01-12" v="312083000000"/>
        <price t="2021-01-13" v="316589000000"/>
        <price t="2021-01-14" v="312747000000"/>
        <price t="2021-01-15" v="310425000000"/>
        <price t="2021-01-19" v="312076000000"/>
        <price t="2021-01-20" v="326338000000"/>
        <price t="2021-01-21" v="330699000000"/>
        <price t="2021-01-22" v="329223000000"/>
        <price t="2021-01-25" v="329400000000"/>
        <price t="2021-01-26" v="332613000000"/>
        <price t="2021-01-27" v="323258000000"/>
        <price t="2021-01-28" v="323762000000"/>
        <price t="2021-01-29" v="320620000000"/>
        <price t="2021-02-01" v="334288000000"/>
        <price t="2021-02-02" v="338000000000"/>
        <price t="2021-02-03" v="331253000000"/>
        <price t="2021-02-04" v="333100000000"/>
        <price t="2021-02-05" v="335215000000"/>
        <price t="2021-02-08" v="332294000000"/>
        <price t="2021-02-09" v="330500000000"/>
        <price t="2021-02-10" v="328658000000"/>
        <price t="2021-02-11" v="326213000000"/>
        <price t="2021-02-12" v="327771000000"/>
        <price t="2021-02-16" v="326895000000"/>
        <price t="2021-02-17" v="330864000000"/>
        <price t="2021-02-18" v="332823000000"/>
        <price t="2021-02-19" v="324990000000"/>
        <price t="2021-02-22" v="318074000000"/>
        <price t="2021-02-23" v="319450000000"/>
        <price t="2021-02-24" v="315953000000"/>
        <price t="2021-02-25" v="305716000000"/>
        <price t="2021-02-26" v="309293000000"/>
        <price t="2021-03-01" v="314614000000"/>
        <price t="2021-03-02" v="309453000000"/>
        <price t="2021-03-03" v="300500000000"/>
        <price t="2021-03-04" v="297757000000"/>
        <price t="2021-03-05" v="300046000000"/>
        <price t="2021-03-08" v="295195000000"/>
        <price t="2021-03-09" v="306285000000"/>
        <price t="2021-03-10" v="305764000000"/>
        <price t="2021-03-11" v="311359000000"/>
        <price t="2021-03-12" v="308949000000"/>
        <price t="2021-03-15" v="308168000000"/>
        <price t="2021-03-16" v="309186000000"/>
        <price t="2021-03-17" v="313573000000"/>
        <price t="2021-03-18" v="302799000000"/>
        <price t="2021-03-19" v="307496000000"/>
        <price t="2021-03-22" v="311087000000"/>
        <price t="2021-03-23" v="313750000000"/>
        <price t="2021-03-24" v="308707000000"/>
        <price t="2021-03-25" v="304626000000"/>
        <price t="2021-03-26" v="305203000000"/>
        <price t="2021-03-29" v="307573000000"/>
        <price t="2021-03-30" v="305529000000"/>
        <price t="2021-03-31" v="309408000000"/>
        <price t="2021-04-01" v="316100000000"/>
        <price t="2021-04-05" v="322673000000"/>
        <price t="2021-04-06" v="322382000000"/>
        <price t="2021-04-07" v="327939000000"/>
        <price t="2021-04-08" v="329930000000"/>
        <price t="2021-04-09" v="337220000000"/>
        <price t="2021-04-12" v="337939000000"/>
        <price t="2021-04-13" v="340000000000"/>
        <price t="2021-04-14" v="333300000000"/>
        <price t="2021-04-15" v="337909000000"/>
        <price t="2021-04-16" v="339944000000"/>
        <price t="2021-04-19" v="337201000000"/>
        <price t="2021-04-20" v="333469000000"/>
        <price t="2021-04-21" v="336202000000"/>
        <price t="2021-04-22" v="330904000000"/>
        <price t="2021-04-23" v="334088000000"/>
        <price t="2021-04-26" v="340900000000"/>
        <price t="2021-04-27" v="341743000000"/>
        <price t="2021-04-28" v="345850000000"/>
        <price t="2021-04-29" v="347131000000"/>
        <price t="2021-04-30" v="346742000000"/>
        <price t="2021-05-03" v="338649000000"/>
        <price t="2021-05-04" v="331187000000"/>
        <price t="2021-05-05" v="327054000000"/>
        <price t="2021-05-06" v="330637000000"/>
        <price t="2021-05-07" v="329161000000"/>
        <price t="2021-05-10" v="319049000000"/>
        <price t="2021-05-11" v="322391000000"/>
        <price t="2021-05-12" v="315194000000"/>
        <price t="2021-05-13" v="316147000000"/>
        <price t="2021-05-14" v="322290000000"/>
        <price t="2021-05-17" v="327039000000"/>
        <price t="2021-05-18" v="323228000000"/>
        <price t="2021-05-19" v="323180000000"/>
        <price t="2021-05-20" v="324768000000"/>
        <price t="2021-05-21" v="320308000000"/>
        <price t="2021-05-24" v="324499000000"/>
        <price t="2021-05-25" v="325905000000"/>
        <price t="2021-05-26" v="326516000000"/>
        <price t="2021-05-27" v="323011000000"/>
        <price t="2021-05-28" v="322307000000"/>
        <price t="2021-06-01" v="321865000000"/>
        <price t="2021-06-02" v="323399000000"/>
        <price t="2021-06-03" v="318701000000"/>
        <price t="2021-06-04" v="320622000000"/>
        <price t="2021-06-07" v="319801000000"/>
        <price t="2021-06-08" v="326411000000"/>
        <price t="2021-06-09" v="328115000000"/>
        <price t="2021-06-10" v="334965000000"/>
        <price t="2021-06-11" v="334683000000"/>
        <price t="2021-06-14" v="338387000000"/>
        <price t="2021-06-15" v="338313000000"/>
        <price t="2021-06-16" v="341525000000"/>
        <price t="2021-06-17" v="348924000000"/>
        <price t="2021-06-18" v="348690000000"/>
        <price t="2021-06-21" v="345396000000"/>
        <price t="2021-06-22" v="350544000000"/>
        <price t="2021-06-23" v="350382000000"/>
        <price t="2021-06-24" v="344908000000"/>
        <price t="2021-06-25" v="340146000000"/>
        <price t="2021-06-28" v="344389000000"/>
        <price t="2021-06-29" v="344814000000"/>
        <price t="2021-06-30" v="344016000000"/>
        <price t="2021-07-01" v="343297000000"/>
        <price t="2021-07-02" v="351098000000"/>
        <price t="2021-07-06" v="367574000000"/>
        <price t="2021-07-07" v="369658000000"/>
        <price t="2021-07-08" v="373141000000"/>
        <price t="2021-07-09" v="371934000000"/>
        <price t="2021-07-12" v="371855000000"/>
        <price t="2021-07-13" v="367736000000"/>
        <price t="2021-07-14" v="368168000000"/>
        <price t="2021-07-15" v="363120000000"/>
        <price t="2021-07-16" v="357363000000"/>
        <price t="2021-07-19" v="354959000000"/>
        <price t="2021-07-20" v="357319000000"/>
        <price t="2021-07-21" v="358520000000"/>
        <price t="2021-07-22" v="363803000000"/>
        <price t="2021-07-23" v="365664000000"/>
        <price t="2021-07-26" v="369982000000"/>
        <price t="2021-07-27" v="362639000000"/>
        <price t="2021-07-28" v="363032000000"/>
        <price t="2021-07-29" v="359992000000"/>
        <price t="2021-07-30" v="332759000000"/>
        <price t="2021-08-02" v="333148000000"/>
        <price t="2021-08-03" v="336624000000"/>
        <price t="2021-08-04" v="335472000000"/>
        <price t="2021-08-05" v="337599000000"/>
        <price t="2021-08-06" v="334494000000"/>
        <price t="2021-08-09" v="334187000000"/>
        <price t="2021-08-10" v="332068000000"/>
        <price t="2021-08-11" v="329211000000"/>
        <price t="2021-08-12" v="330350000000"/>
        <price t="2021-08-13" v="329397000000"/>
        <price t="2021-08-16" v="329899000000"/>
        <price t="2021-08-17" v="324196000000"/>
        <price t="2021-08-18" v="320122000000"/>
        <price t="2021-08-19" v="318775000000"/>
        <price t="2021-08-20" v="319995000000"/>
        <price t="2021-08-23" v="326587000000"/>
        <price t="2021-08-24" v="330578000000"/>
        <price t="2021-08-25" v="329918000000"/>
        <price t="2021-08-26" v="331600000000"/>
        <price t="2021-08-27" v="334963000000"/>
        <price t="2021-08-30" v="342157000000"/>
        <price t="2021-08-31" v="347079000000"/>
        <price t="2021-09-01" v="347900000000"/>
        <price t="2021-09-02" v="346312000000"/>
        <price t="2021-09-03" v="347805000000"/>
        <price t="2021-09-07" v="350929000000"/>
        <price t="2021-09-08" v="352550000000"/>
        <price t="2021-09-09" v="348416000000"/>
        <price t="2021-09-10" v="346915000000"/>
        <price t="2021-09-13" v="345717000000"/>
        <price t="2021-09-14" v="345000000000"/>
        <price t="2021-09-15" v="347579000000"/>
        <price t="2021-09-16" v="348824000000"/>
        <price t="2021-09-17" v="346252000000"/>
        <price t="2021-09-20" v="335573000000"/>
        <price t="2021-09-21" v="334363000000"/>
        <price t="2021-09-22" v="338005000000"/>
        <price t="2021-09-23" v="341600000000"/>
        <price t="2021-09-24" v="342552000000"/>
        <price t="2021-09-27" v="340580000000"/>
        <price t="2021-09-28" v="331596000000"/>
        <price t="2021-09-29" v="330112000000"/>
        <price t="2021-09-30" v="328504000000"/>
        <price t="2021-10-01" v="328326000000"/>
        <price t="2021-10-04" v="318978000000"/>
        <price t="2021-10-05" v="322100000000"/>
        <price t="2021-10-06" v="326201000000"/>
        <price t="2021-10-07" v="330243000000"/>
        <price t="2021-10-08" v="328862000000"/>
        <price t="2021-10-11" v="324630000000"/>
        <price t="2021-10-12" v="324733000000"/>
        <price t="2021-10-13" v="328428000000"/>
        <price t="2021-10-14" v="329986000000"/>
        <price t="2021-10-15" v="340902000000"/>
        <price t="2021-10-18" v="344674000000"/>
        <price t="2021-10-19" v="344415000000"/>
        <price t="2021-10-20" v="341506000000"/>
        <price t="2021-10-21" v="343501000000"/>
        <price t="2021-10-22" v="333555000000"/>
        <price t="2021-10-25" v="332037000000"/>
        <price t="2021-10-26" v="337607000000"/>
        <price t="2021-10-27" v="339249000000"/>
        <price t="2021-10-28" v="344657000000"/>
        <price t="2021-10-29" v="337243000000"/>
        <price t="2021-11-01" v="331811000000"/>
        <price t="2021-11-02" v="331275000000"/>
        <price t="2021-11-03" v="338400000000"/>
        <price t="2021-11-04" v="347700000000"/>
        <price t="2021-11-05" v="351899000000"/>
        <price t="2021-11-08" v="348898000000"/>
        <price t="2021-11-09" v="357623000000"/>
        <price t="2021-11-10" v="348205000000"/>
        <price t="2021-11-11" v="347250000000"/>
        <price t="2021-11-12" v="352515000000"/>
        <price t="2021-11-15" v="354568000000"/>
        <price t="2021-11-16" v="354070000000"/>
        <price t="2021-11-17" v="354900000000"/>
        <price t="2021-11-18" v="369606000000"/>
        <price t="2021-11-19" v="367657000000"/>
        <price t="2021-11-22" v="357257000000"/>
        <price t="2021-11-23" v="358004000000"/>
        <price t="2021-11-24" v="358041000000"/>
        <price t="2021-11-26" v="350456000000"/>
        <price t="2021-11-29" v="356157000000"/>
        <price t="2021-11-30" v="350707000000"/>
        <price t="2021-12-01" v="344372000000"/>
        <price t="2021-12-02" v="343736000000"/>
        <price t="2021-12-03" v="338979000000"/>
        <price t="2021-12-06" v="342737000000"/>
        <price t="2021-12-07" v="352329000000"/>
        <price t="2021-12-08" v="352316000000"/>
        <price t="2021-12-09" v="348342000000"/>
        <price t="2021-12-10" v="344424000000"/>
        <price t="2021-12-13" v="339135000000"/>
        <price t="2021-12-14" v="338183000000"/>
        <price t="2021-12-15" v="346630000000"/>
        <price t="2021-12-16" v="337742000000"/>
        <price t="2021-12-17" v="340035000000"/>
        <price t="2021-12-20" v="334158000000"/>
        <price t="2021-12-21" v="340834000000"/>
        <price t="2021-12-22" v="342074000000"/>
        <price t="2021-12-23" v="342137000000"/>
        <price t="2021-12-27" v="339339000000"/>
        <price t="2021-12-28" v="341322000000"/>
        <price t="2021-12-29" v="338402000000"/>
        <price t="2021-12-30" v="337289000000"/>
        <price t="2021-12-31" v="333434000000"/>
        <price t="2022-01-03" v="340809000000"/>
        <price t="2022-01-04" v="335044000000"/>
        <price t="2022-01-05" v="328714000000"/>
        <price t="2022-01-06" v="326508000000"/>
        <price t="2022-01-07" v="325108000000"/>
        <price t="2022-01-10" v="322972000000"/>
        <price t="2022-01-11" v="330724000000"/>
        <price t="2022-01-12" v="330414000000"/>
        <price t="2022-01-13" v="322428000000"/>
        <price t="2022-01-14" v="324276000000"/>
        <price t="2022-01-18" v="317835000000"/>
        <price t="2022-01-19" v="312598000000"/>
        <price t="2022-01-20" v="303335000000"/>
        <price t="2022-01-21" v="285286000000"/>
        <price t="2022-01-24" v="289088000000"/>
        <price t="2022-01-25" v="279972000000"/>
        <price t="2022-01-26" v="277745000000"/>
        <price t="2022-01-27" v="279275000000"/>
        <price t="2022-01-28" v="287956000000"/>
        <price t="2022-01-31" v="299147000000"/>
        <price t="2022-02-01" v="302387000000"/>
        <price t="2022-02-02" v="301225000000"/>
        <price t="2022-02-03" v="277691000000"/>
        <price t="2022-02-04" v="315279000000"/>
        <price t="2022-02-07" v="315871000000"/>
        <price t="2022-02-08" v="322827000000"/>
        <price t="2022-02-09" v="322379000000"/>
        <price t="2022-02-10" v="318007000000"/>
        <price t="2022-02-11" v="306587000000"/>
        <price t="2022-02-14" v="310334000000"/>
        <price t="2022-02-15" v="313021000000"/>
        <price t="2022-02-16" v="316201000000"/>
        <price t="2022-02-17" v="309305000000"/>
        <price t="2022-02-18" v="305203000000"/>
        <price t="2022-02-22" v="300395000000"/>
        <price t="2022-02-23" v="289654000000"/>
        <price t="2022-02-24" v="302716000000"/>
        <price t="2022-02-25" v="307577000000"/>
        <price t="2022-02-28" v="307126000000"/>
        <price t="2022-03-01" v="302284000000"/>
        <price t="2022-03-02" v="304105000000"/>
        <price t="2022-03-03" v="295797000000"/>
        <price t="2022-03-04" v="291282000000"/>
        <price t="2022-03-07" v="274906000000"/>
        <price t="2022-03-08" v="272029000000"/>
        <price t="2022-03-09" v="278558000000"/>
        <price t="2022-03-10" v="293635000000"/>
        <price t="2022-03-11" v="291049000000"/>
        <price t="2022-03-14" v="283706000000"/>
        <price t="2022-03-15" v="294733000000"/>
        <price t="2022-03-16" v="306208000000"/>
        <price t="2022-03-17" v="314478000000"/>
        <price t="2022-03-18" v="322501000000"/>
        <price t="2022-03-21" v="322983000000"/>
        <price t="2022-03-22" v="329778000000"/>
        <price t="2022-03-23" v="326816000000"/>
        <price t="2022-03-24" v="327299000000"/>
        <price t="2022-03-25" v="329547000000"/>
        <price t="2022-03-28" v="337981000000"/>
        <price t="2022-03-29" v="338630000000"/>
        <price t="2022-03-30" v="332602000000"/>
        <price t="2022-03-31" v="325995000000"/>
        <price t="2022-04-01" v="327120000000"/>
        <price t="2022-04-04" v="336693000000"/>
        <price t="2022-04-05" v="328110000000"/>
        <price t="2022-04-06" v="317512000000"/>
        <price t="2022-04-07" v="315569000000"/>
        <price t="2022-04-08" v="308921000000"/>
        <price t="2022-04-11" v="302244000000"/>
        <price t="2022-04-12" v="301575000000"/>
        <price t="2022-04-13" v="311082000000"/>
        <price t="2022-04-14" v="303413000000"/>
        <price t="2022-04-18" v="305570000000"/>
        <price t="2022-04-19" v="316231000000"/>
        <price t="2022-04-20" v="307996000000"/>
        <price t="2022-04-21" v="296592000000"/>
        <price t="2022-04-22" v="288700000000"/>
        <price t="2022-04-25" v="292148000000"/>
        <price t="2022-04-26" v="278782000000"/>
        <price t="2022-04-27" v="276334000000"/>
        <price t="2022-04-28" v="289193000000"/>
        <price t="2022-04-29" v="248563000000"/>
        <price t="2022-05-02" v="249000000000"/>
        <price t="2022-05-03" v="248507000000"/>
        <price t="2022-05-04" v="251857000000"/>
        <price t="2022-05-05" v="232814000000"/>
        <price t="2022-05-06" v="229545000000"/>
        <price t="2022-05-09" v="217578000000"/>
        <price t="2022-05-10" v="217718000000"/>
        <price t="2022-05-11" v="210744000000"/>
        <price t="2022-05-12" v="213861000000"/>
        <price t="2022-05-13" v="226110000000"/>
        <price t="2022-05-16" v="221621000000"/>
        <price t="2022-05-17" v="230737000000"/>
        <price t="2022-05-18" v="214225000000"/>
        <price t="2022-05-19" v="214638000000"/>
        <price t="2022-05-20" v="215182000000"/>
        <price t="2022-05-23" v="215114000000"/>
        <price t="2022-05-24" v="208200000000"/>
        <price t="2022-05-25" v="213550000000"/>
        <price t="2022-05-26" v="222155000000"/>
        <price t="2022-05-27" v="230293000000"/>
        <price t="2022-05-31" v="240419000000"/>
        <price t="2022-06-01" v="243368000000"/>
        <price t="2022-06-02" v="251022000000"/>
        <price t="2022-06-03" v="244700000000"/>
        <price t="2022-06-06" v="12479000000"/>
        <price t="2022-06-07" v="12300000000"/>
        <price t="2022-06-08" v="12118000000"/>
        <price t="2022-06-09" v="11615000000"/>
        <price t="2022-06-10" v="10965000000"/>
        <price t="2022-06-13" v="10367000000"/>
        <price t="2022-06-14" v="10231000000"/>
        <price t="2022-06-15" v="10767000000"/>
        <price t="2022-06-16" v="10366000000"/>
        <price t="2022-06-17" v="10622000000"/>
        <price t="2022-06-21" v="10868000000"/>
        <price t="2022-06-22" v="10895000000"/>
        <price t="2022-06-23" v="11244000000"/>
        <price t="2022-06-24" v="11646000000"/>
        <price t="2022-06-27" v="11322000000"/>
        <price t="2022-06-28" v="10740000000"/>
        <price t="2022-06-29" v="10892000000"/>
        <price t="2022-06-30" v="10621000000"/>
        <price t="2022-07-01" v="10956000000"/>
        <price t="2022-07-05" v="11350000000"/>
        <price t="2022-07-06" v="11433000000"/>
        <price t="2022-07-07" v="11633000000"/>
        <price t="2022-07-08" v="11554000000"/>
        <price t="2022-07-11" v="11175000000"/>
        <price t="2022-07-12" v="10922000000"/>
        <price t="2022-07-13" v="11040000000"/>
        <price t="2022-07-14" v="11063000000"/>
        <price t="2022-07-15" v="11355000000"/>
        <price t="2022-07-18" v="11376000000"/>
        <price t="2022-07-19" v="11821000000"/>
        <price t="2022-07-20" v="12277000000"/>
        <price t="2022-07-21" v="12463000000"/>
        <price t="2022-07-22" v="12242000000"/>
        <price t="2022-07-25" v="12114000000"/>
        <price t="2022-07-26" v="11481000000"/>
        <price t="2022-07-27" v="12097000000"/>
        <price t="2022-07-28" v="12228000000"/>
        <price t="2022-07-29" v="13495000000"/>
        <price t="2022-08-01" v="13539000000"/>
        <price t="2022-08-02" v="13416000000"/>
        <price t="2022-08-03" v="13952000000"/>
        <price t="2022-08-04" v="14257000000"/>
        <price t="2022-08-05" v="14080000000"/>
        <price t="2022-08-08" v="13941000000"/>
        <price t="2022-08-09" v="13783000000"/>
        <price t="2022-08-10" v="14269000000"/>
        <price t="2022-08-11" v="14064000000"/>
        <price t="2022-08-12" v="14355000000"/>
        <price t="2022-08-15" v="14318000000"/>
        <price t="2022-08-16" v="14478000000"/>
        <price t="2022-08-17" v="14210000000"/>
        <price t="2022-08-18" v="14230000000"/>
        <price t="2022-08-19" v="13823000000"/>
        <price t="2022-08-22" v="13322000000"/>
        <price t="2022-08-23" v="13362000000"/>
        <price t="2022-08-24" v="13380000000"/>
        <price t="2022-08-25" v="13728000000"/>
        <price t="2022-08-26" v="13075000000"/>
        <price t="2022-08-29" v="12979000000"/>
        <price t="2022-08-30" v="12873000000"/>
        <price t="2022-08-31" v="12677000000"/>
        <price t="2022-09-01" v="12782000000"/>
        <price t="2022-09-02" v="12751000000"/>
        <price t="2022-09-06" v="12611000000"/>
        <price t="2022-09-07" v="12948000000"/>
        <price t="2022-09-08" v="12982000000"/>
        <price t="2022-09-09" v="13327000000"/>
        <price t="2022-09-12" v="13645000000"/>
        <price t="2022-09-13" v="12682000000"/>
        <price t="2022-09-14" v="12855000000"/>
        <price t="2022-09-15" v="12628000000"/>
        <price t="2022-09-16" v="12353000000"/>
        <price t="2022-09-19" v="12466000000"/>
        <price t="2022-09-20" v="12219000000"/>
        <price t="2022-09-21" v="11854000000"/>
        <price t="2022-09-22" v="11731000000"/>
        <price t="2022-09-23" v="11378000000"/>
        <price t="2022-09-26" v="11515000000"/>
        <price t="2022-09-27" v="11441000000"/>
        <price t="2022-09-28" v="11801000000"/>
        <price t="2022-09-29" v="11480000000"/>
        <price t="2022-09-30" v="11300000000"/>
        <price t="2022-10-03" v="11588000000"/>
        <price t="2022-10-04" v="12109000000"/>
        <price t="2022-10-05" v="12095000000"/>
        <price t="2022-10-06" v="12030000000"/>
        <price t="2022-10-07" v="11456000000"/>
        <price t="2022-10-10" v="11367000000"/>
        <price t="2022-10-11" v="11221000000"/>
        <price t="2022-10-12" v="11290000000"/>
        <price t="2022-10-13" v="11253000000"/>
        <price t="2022-10-14" v="10690000000"/>
        <price t="2022-10-17" v="11379000000"/>
        <price t="2022-10-18" v="11636000000"/>
        <price t="2022-10-19" v="11507000000"/>
        <price t="2022-10-20" v="11525000000"/>
        <price t="2022-10-21" v="11932000000"/>
        <price t="2022-10-24" v="11982000000"/>
        <price t="2022-10-25" v="12060000000"/>
        <price t="2022-10-26" v="11566000000"/>
        <price t="2022-10-27" v="11096000000"/>
        <price t="2022-10-28" v="10341000000"/>
        <price t="2022-10-31" v="10244000000"/>
        <price t="2022-11-01" v="9679000000"/>
        <price t="2022-11-02" v="9212000000"/>
        <price t="2022-11-03" v="8930000000"/>
        <price t="2022-11-04" v="9098000000"/>
        <price t="2022-11-07" v="9053000000"/>
        <price t="2022-11-08" v="8998000000"/>
        <price t="2022-11-09" v="8614000000"/>
        <price t="2022-11-10" v="9663000000"/>
        <price t="2022-11-11" v="10079000000"/>
        <price t="2022-11-14" v="9849000000"/>
        <price t="2022-11-15" v="9894000000"/>
        <price t="2022-11-16" v="9712000000"/>
        <price t="2022-11-17" v="9485000000"/>
        <price t="2022-11-18" v="9414000000"/>
        <price t="2022-11-21" v="9246000000"/>
        <price t="2022-11-22" v="9320000000"/>
        <price t="2022-11-23" v="9413000000"/>
        <price t="2022-11-25" v="9341000000"/>
        <price t="2022-11-28" v="9395000000"/>
        <price t="2022-11-29" v="9242000000"/>
        <price t="2022-11-30" v="9654000000"/>
        <price t="2022-12-01" v="9550000000"/>
        <price t="2022-12-02" v="9413000000"/>
        <price t="2022-12-05" v="9101000000"/>
        <price t="2022-12-06" v="8825000000"/>
        <price t="2022-12-07" v="8846000000"/>
        <price t="2022-12-08" v="9035000000"/>
        <price t="2022-12-09" v="8909000000"/>
        <price t="2022-12-12" v="9055000000"/>
        <price t="2022-12-13" v="9249000000"/>
        <price t="2022-12-14" v="9158000000"/>
        <price t="2022-12-15" v="8845000000"/>
        <price t="2022-12-16" v="8786000000"/>
        <price t="2022-12-19" v="8492000000"/>
        <price t="2022-12-20" v="8519000000"/>
        <price t="2022-12-21" v="8677000000"/>
        <price t="2022-12-22" v="8379000000"/>
        <price t="2022-12-23" v="8525000000"/>
        <price t="2022-12-27" v="8304000000"/>
        <price t="2022-12-28" v="8182000000"/>
        <price t="2022-12-29" v="8418000000"/>
        <price t="2022-12-30" v="8400000000"/>
        <price t="2023-01-03" v="8582000000"/>
        <price t="2023-01-04" v="8514000000"/>
        <price t="2023-01-05" v="8312000000"/>
        <price t="2023-01-06" v="8608000000"/>
        <price t="2023-01-09" v="8736000000"/>
        <price t="2023-01-10" v="8987000000"/>
        <price t="2023-01-11" v="9509000000"/>
        <price t="2023-01-12" v="9527000000"/>
        <price t="2023-01-13" v="9812000000"/>
        <price t="2023-01-17" v="9605000000"/>
        <price t="2023-01-18" v="9546000000"/>
        <price t="2023-01-19" v="9368000000"/>
        <price t="2023-01-20" v="9725000000"/>
        <price t="2023-01-23" v="9752000000"/>
        <price t="2023-01-24" v="9632000000"/>
        <price t="2023-01-25" v="9718000000"/>
        <price t="2023-01-26" v="9922000000"/>
        <price t="2023-01-27" v="10224000000"/>
        <price t="2023-01-30" v="10055000000"/>
        <price t="2023-01-31" v="10313000000"/>
        <price t="2023-02-01" v="10515000000"/>
        <price t="2023-02-02" v="11291000000"/>
        <price t="2023-02-03" v="10339000000"/>
        <price t="2023-02-06" v="10218000000"/>
        <price t="2023-02-07" v="10211000000"/>
        <price t="2023-02-08" v="10005000000"/>
        <price t="2023-02-09" v="9824000000"/>
        <price t="2023-02-10" v="9761000000"/>
        <price t="2023-02-13" v="9954000000"/>
        <price t="2023-02-14" v="9970000000"/>
        <price t="2023-02-15" v="10116000000"/>
        <price t="2023-02-16" v="9815000000"/>
        <price t="2023-02-17" v="9720000000"/>
        <price t="2023-02-21" v="9458000000"/>
        <price t="2023-02-22" v="9579000000"/>
        <price t="2023-02-23" v="9582000000"/>
        <price t="2023-02-24" v="9350000000"/>
        <price t="2023-02-27" v="9376000000"/>
        <price t="2023-02-28" v="9423000000"/>
        <price t="2023-03-01" v="9217000000"/>
        <price t="2023-03-02" v="9213000000"/>
        <price t="2023-03-03" v="9490000000"/>
        <price t="2023-03-06" v="9375000000"/>
        <price t="2023-03-07" v="9355000000"/>
        <price t="2023-03-08" v="9392000000"/>
        <price t="2023-03-09" v="9225000000"/>
        <price t="2023-03-10" v="9073000000"/>
        <price t="2023-03-13" v="9243000000"/>
        <price t="2023-03-14" v="9488000000"/>
        <price t="2023-03-15" v="9620000000"/>
        <price t="2023-03-16" v="10004000000"/>
        <price t="2023-03-17" v="9895000000"/>
        <price t="2023-03-20" v="9771000000"/>
        <price t="2023-03-21" v="10061000000"/>
        <price t="2023-03-22" v="9870000000"/>
        <price t="2023-03-23" v="9871000000"/>
        <price t="2023-03-24" v="9813000000"/>
        <price t="2023-03-27" v="9804000000"/>
        <price t="2023-03-28" v="9724000000"/>
        <price t="2023-03-29" v="10025000000"/>
        <price t="2023-03-30" v="10200000000"/>
        <price t="2023-03-31" v="10329000000"/>
        <price t="2023-04-03" v="10241000000"/>
        <price t="2023-04-04" v="10395000000"/>
        <price t="2023-04-05" v="10110000000"/>
        <price t="2023-04-06" v="10206000000"/>
        <price t="2023-04-10" v="10217000000"/>
        <price t="2023-04-11" v="9992000000"/>
        <price t="2023-04-12" v="9783000000"/>
        <price t="2023-04-13" v="10240000000"/>
        <price t="2023-04-14" v="10251000000"/>
        <price t="2023-04-17" v="10274000000"/>
        <price t="2023-04-18" v="10230000000"/>
        <price t="2023-04-19" v="10430000000"/>
        <price t="2023-04-20" v="10381000000"/>
        <price t="2023-04-21" v="10696000000"/>
        <price t="2023-04-24" v="10621000000"/>
        <price t="2023-04-25" v="10257000000"/>
        <price t="2023-04-26" v="10498000000"/>
        <price t="2023-04-27" v="10982000000"/>
        <price t="2023-04-28" v="10545000000"/>
        <price t="2023-05-01" v="10205000000"/>
        <price t="2023-05-02" v="10363000000"/>
        <price t="2023-05-03" v="10365000000"/>
        <price t="2023-05-04" v="10400000000"/>
        <price t="2023-05-05" v="10566000000"/>
        <price t="2023-05-08" v="10583000000"/>
        <price t="2023-05-09" v="10662000000"/>
        <price t="2023-05-10" v="11019000000"/>
        <price t="2023-05-11" v="11218000000"/>
        <price t="2023-05-12" v="11026000000"/>
        <price t="2023-05-15" v="11120000000"/>
        <price t="2023-05-16" v="11340000000"/>
        <price t="2023-05-17" v="11550000000"/>
        <price t="2023-05-18" v="11815000000"/>
        <price t="2023-05-19" v="11625000000"/>
        <price t="2023-05-22" v="11501000000"/>
        <price t="2023-05-23" v="11499000000"/>
        <price t="2023-05-24" v="11675000000"/>
        <price t="2023-05-25" v="11500000000"/>
        <price t="2023-05-26" v="12011000000"/>
        <price t="2023-05-30" v="12166000000"/>
        <price t="2023-05-31" v="12058000000"/>
        <price t="2023-06-01" v="12277000000"/>
        <price t="2023-06-02" v="12425000000"/>
        <price t="2023-06-05" v="12530000000"/>
        <price t="2023-06-06" v="12661000000"/>
        <price t="2023-06-07" v="12123000000"/>
        <price t="2023-06-08" v="12425000000"/>
        <price t="2023-06-09" v="12343000000"/>
        <price t="2023-06-12" v="12657000000"/>
        <price t="2023-06-13" v="12666000000"/>
        <price t="2023-06-14" v="12642000000"/>
        <price t="2023-06-15" v="12711000000"/>
        <price t="2023-06-16" v="12549000000"/>
        <price t="2023-06-20" v="12578000000"/>
        <price t="2023-06-21" v="12483000000"/>
        <price t="2023-06-22" v="13015000000"/>
        <price t="2023-06-23" v="12933000000"/>
        <price t="2023-06-26" v="12733000000"/>
        <price t="2023-06-27" v="12918000000"/>
        <price t="2023-06-28" v="12904000000"/>
        <price t="2023-06-29" v="12790000000"/>
        <price t="2023-06-30" v="13036000000"/>
        <price t="2023-07-03" v="13022000000"/>
        <price t="2023-07-05" v="13038000000"/>
        <price t="2023-07-06" v="12836000000"/>
        <price t="2023-07-07" v="12978000000"/>
        <price t="2023-07-10" v="12713000000"/>
        <price t="2023-07-11" v="12878000000"/>
        <price t="2023-07-12" v="13080000000"/>
        <price t="2023-07-13" v="13430000000"/>
        <price t="2023-07-14" v="13468000000"/>
        <price t="2023-07-17" v="13356000000"/>
        <price t="2023-07-18" v="13283000000"/>
        <price t="2023-07-19" v="13536000000"/>
        <price t="2023-07-20" v="12996000000"/>
        <price t="2023-07-21" v="13000000000"/>
        <price t="2023-07-24" v="12880000000"/>
        <price t="2023-07-25" v="12913000000"/>
        <price t="2023-07-26" v="12815000000"/>
        <price t="2023-07-27" v="12825000000"/>
        <price t="2023-07-28" v="13221000000"/>
        <price t="2023-07-31" v="13368000000"/>
        <price t="2023-08-01" v="13169000000"/>
        <price t="2023-08-02" v="12821000000"/>
        <price t="2023-08-03" v="12891000000"/>
        <price t="2023-08-04" v="13957000000"/>
        <price t="2023-08-07" v="14222000000"/>
        <price t="2023-08-08" v="13994000000"/>
        <price t="2023-08-09" v="13785000000"/>
        <price t="2023-08-10" v="13856000000"/>
        <price t="2023-08-11" v="13841000000"/>
        <price t="2023-08-14" v="14057000000"/>
        <price t="2023-08-15" v="13767000000"/>
        <price t="2023-08-16" v="13507000000"/>
        <price t="2023-08-17" v="13398000000"/>
        <price t="2023-08-18" v="13322000000"/>
        <price t="2023-08-21" v="13468000000"/>
        <price t="2023-08-22" v="13425000000"/>
        <price t="2023-08-23" v="13552000000"/>
        <price t="2023-08-24" v="13184000000"/>
        <price t="2023-08-25" v="13326000000"/>
        <price t="2023-08-28" v="13314000000"/>
        <price t="2023-08-29" v="13491000000"/>
        <price t="2023-08-30" v="13507000000"/>
        <price t="2023-08-31" v="13801000000"/>
        <price t="2023-09-01" v="13812000000"/>
        <price t="2023-09-05" v="13727000000"/>
        <price t="2023-09-06" v="13536000000"/>
        <price t="2023-09-07" v="13785000000"/>
        <price t="2023-09-08" v="13823000000"/>
        <price t="2023-09-11" v="14310000000"/>
        <price t="2023-09-12" v="14123000000"/>
        <price t="2023-09-13" v="14485000000"/>
        <price t="2023-09-14" v="14472000000"/>
        <price t="2023-09-15" v="14039000000"/>
        <price t="2023-09-18" v="13998000000"/>
        <price t="2023-09-19" v="13763000000"/>
        <price t="2023-09-20" v="13529000000"/>
        <price t="2023-09-21" v="12933000000"/>
        <price t="2023-09-22" v="12912000000"/>
        <price t="2023-09-25" v="13127000000"/>
        <price t="2023-09-26" v="12598000000"/>
        <price t="2023-09-27" v="12598000000"/>
        <price t="2023-09-28" v="12598000000"/>
        <price t="2023-09-29" v="12712000000"/>
        <price t="2023-10-02" v="12946000000"/>
        <price t="2023-10-03" v="12472000000"/>
        <price t="2023-10-04" v="12700000000"/>
        <price t="2023-10-05" v="12596000000"/>
        <price t="2023-10-06" v="12796000000"/>
        <price t="2023-10-09" v="12826000000"/>
        <price t="2023-10-10" v="12948000000"/>
        <price t="2023-10-11" v="13183000000"/>
        <price t="2023-10-12" v="13233000000"/>
        <price t="2023-10-13" v="12979000000"/>
        <price t="2023-10-16" v="13255000000"/>
        <price t="2023-10-17" v="13147000000"/>
        <price t="2023-10-18" v="12813000000"/>
        <price t="2023-10-19" v="12840000000"/>
        <price t="2023-10-20" v="12517000000"/>
        <price t="2023-10-23" v="12656000000"/>
        <price t="2023-10-24" v="12856000000"/>
        <price t="2023-10-25" v="12139000000"/>
        <price t="2023-10-26" v="11957000000"/>
        <price t="2023-10-27" v="12774000000"/>
        <price t="2023-10-30" v="13271000000"/>
        <price t="2023-10-31" v="13309000000"/>
        <price t="2023-11-01" v="13700000000"/>
        <price t="2023-11-02" v="13807000000"/>
        <price t="2023-11-03" v="13860000000"/>
        <price t="2023-11-06" v="13974000000"/>
        <price t="2023-11-07" v="14271000000"/>
        <price t="2023-11-08" v="14208000000"/>
        <price t="2023-11-09" v="14060000000"/>
        <price t="2023-11-10" v="14356000000"/>
        <price t="2023-11-13" v="14259000000"/>
        <price t="2023-11-14" v="14580000000"/>
        <price t="2023-11-15" v="14320000000"/>
        <price t="2023-11-16" v="14283000000"/>
        <price t="2023-11-17" v="14518000000"/>
        <price t="2023-11-20" v="14613000000"/>
        <price t="2023-11-21" v="14390000000"/>
        <price t="2023-11-22" v="14671000000"/>
        <price t="2023-11-24" v="14674000000"/>
        <price t="2023-11-27" v="14773000000"/>
        <price t="2023-11-28" v="14703000000"/>
        <price t="2023-11-29" v="14632000000"/>
        <price t="2023-11-30" v="14609000000"/>
        <price t="2023-12-01" v="14703000000"/>
        <price t="2023-12-04" v="14484000000"/>
        <price t="2023-12-05" v="14688000000"/>
        <price t="2023-12-06" v="14452000000"/>
        <price t="2023-12-07" v="14688000000"/>
        <price t="2023-12-08" v="14742000000"/>
        <price t="2023-12-11" v="14589000000"/>
        <price t="2023-12-12" v="14748000000"/>
        <price t="2023-12-13" v="14884000000"/>
        <price t="2023-12-14" v="14742000000"/>
        <price t="2023-12-15" v="14997000000"/>
        <price t="2023-12-18" v="15407000000"/>
        <price t="2023-12-19" v="15379000000"/>
        <price t="2023-12-20" v="15212000000"/>
        <price t="2023-12-21" v="15384000000"/>
        <price t="2023-12-22" v="15342000000"/>
        <price t="2023-12-26" v="15341000000"/>
        <price t="2023-12-27" v="15334000000"/>
        <price t="2023-12-28" v="15338000000"/>
        <price t="2023-12-29" v="15194000000"/>
        <price t="2024-01-02" v="14993000000"/>
        <price t="2024-01-03" v="14847000000"/>
        <price t="2024-01-04" v="14457000000"/>
        <price t="2024-01-05" v="14524000000"/>
        <price t="2024-01-08" v="14910000000"/>
        <price t="2024-01-09" v="15137000000"/>
        <price t="2024-01-10" v="15373000000"/>
        <price t="2024-01-11" v="15518000000"/>
        <price t="2024-01-12" v="15462000000"/>
        <price t="2024-01-16" v="15316000000"/>
        <price t="2024-01-17" v="15171000000"/>
        <price t="2024-01-18" v="15350000000"/>
        <price t="2024-01-19" v="15534000000"/>
        <price t="2024-01-22" v="15478000000"/>
        <price t="2024-01-23" v="15602000000"/>
        <price t="2024-01-24" v="15687000000"/>
        <price t="2024-01-25" v="15775000000"/>
        <price t="2024-01-26" v="15912000000"/>
        <price t="2024-01-29" v="16126000000"/>
        <price t="2024-01-30" v="15900000000"/>
        <price t="2024-01-31" v="15520000000"/>
        <price t="2024-02-01" v="15928000000"/>
        <price t="2024-02-02" v="17181000000"/>
        <price t="2024-02-05" v="17031000000"/>
        <price t="2024-02-06" v="16915000000"/>
        <price t="2024-02-07" v="17053000000"/>
        <price t="2024-02-08" v="16984000000"/>
        <price t="2024-02-09" v="17445000000"/>
        <price t="2024-02-12" v="17260500000"/>
      </prices>
      <latest t="2024-02-12" v="17251000000">
        <high>-1</high>
        <low>-1</low>
        <volume>-1</volume>
      </latest>
      <attributes>
        <map/>
      </attributes>
      <events/>
      <property type="FEED" name="GENERIC-JSON-DATE">$.chart.result[0].timestamp[*]</property>
      <property type="FEED" name="GENERIC-JSON-CLOSE">$.chart.result[0].indicators.quote[0].close[*]</property>
      <property type="FEED" name="PORTFOLIO-REPORT-MARKET">XETR</property>
      <property type="FEED" name="PORTFOLIO-REPORT-MARKETS">[{&quot;marketCode&quot;:&quot;XETR&quot;,&quot;currencyCode&quot;:&quot;EUR&quot;,&quot;symbol&quot;:&quot;AMZ&quot;,&quot;firstPriceDate&quot;:&quot;2000-01-03&quot;,&quot;lastPriceDate&quot;:&quot;2024-02-09&quot;}]</property>
      <isRetired>false</isRetired>
      <updatedAt>2024-02-12T17:17:21.382960300Z</updatedAt>
    </security>
    <security>
      <uuid>d8ca67cd-921e-4a18-84d7-2dc6056e2e2d</uuid>
      <onlineId>b7f458d6debe41288ee029cbbdc9ed69</onlineId>
      <name>PROSUS NV split</name>
      <currencyCode>EUR</currencyCode>
      <isin>NL0013654783</isin>
      <tickerSymbol>1TY</tickerSymbol>
      <wkn>A2PRDK</wkn>
      <feed>PORTFOLIO-REPORT</feed>
      <prices>
        <price t="2019-09-12" v="8400000000"/>
        <price t="2019-09-13" v="7378000000"/>
        <price t="2019-09-16" v="7342000000"/>
        <price t="2019-09-17" v="6965000000"/>
        <price t="2019-09-18" v="6770000000"/>
        <price t="2019-09-19" v="6820000000"/>
        <price t="2019-09-20" v="6926000000"/>
        <price t="2019-09-23" v="6970000000"/>
        <price t="2019-09-24" v="6933000000"/>
        <price t="2019-09-25" v="6843000000"/>
        <price t="2019-09-26" v="6800000000"/>
        <price t="2019-09-27" v="6620000000"/>
        <price t="2019-09-30" v="6691000000"/>
        <price t="2019-10-01" v="6755000000"/>
        <price t="2019-10-02" v="6600000000"/>
        <price t="2019-10-04" v="6568000000"/>
        <price t="2019-10-07" v="6570000000"/>
        <price t="2019-10-08" v="6476000000"/>
        <price t="2019-10-09" v="6450000000"/>
        <price t="2019-10-10" v="6470000000"/>
        <price t="2019-10-11" v="6660000000"/>
        <price t="2019-10-14" v="6569000000"/>
        <price t="2019-10-15" v="6615000000"/>
        <price t="2019-10-16" v="6598000000"/>
        <price t="2019-10-17" v="6688000000"/>
        <price t="2019-10-18" v="6717000000"/>
        <price t="2019-10-21" v="6605000000"/>
        <price t="2019-10-22" v="6652000000"/>
        <price t="2019-10-23" v="6268000000"/>
        <price t="2019-10-24" v="6353000000"/>
        <price t="2019-10-25" v="6243000000"/>
        <price t="2019-10-28" v="6320000000"/>
        <price t="2019-10-29" v="6308000000"/>
        <price t="2019-10-30" v="6176000000"/>
        <price t="2019-10-31" v="6185000000"/>
        <price t="2019-11-01" v="6201000000"/>
        <price t="2019-11-04" v="6200000000"/>
        <price t="2019-11-05" v="6329000000"/>
        <price t="2019-11-06" v="6300000000"/>
        <price t="2019-11-07" v="6368000000"/>
        <price t="2019-11-08" v="6325000000"/>
        <price t="2019-11-11" v="6229000000"/>
        <price t="2019-11-12" v="6217000000"/>
        <price t="2019-11-13" v="6150000000"/>
        <price t="2019-11-14" v="6085000000"/>
        <price t="2019-11-15" v="6146000000"/>
        <price t="2019-11-18" v="6250000000"/>
        <price t="2019-11-19" v="6240000000"/>
        <price t="2019-11-20" v="6229000000"/>
        <price t="2019-11-21" v="6240000000"/>
        <price t="2019-11-22" v="6332000000"/>
        <price t="2019-11-25" v="6367000000"/>
        <price t="2019-11-26" v="6240000000"/>
        <price t="2019-11-27" v="6295000000"/>
        <price t="2019-11-28" v="6258000000"/>
        <price t="2019-11-29" v="6184000000"/>
        <price t="2019-12-02" v="6061000000"/>
        <price t="2019-12-03" v="5984000000"/>
        <price t="2019-12-04" v="6025000000"/>
        <price t="2019-12-05" v="5976000000"/>
        <price t="2019-12-06" v="6100000000"/>
        <price t="2019-12-09" v="6005000000"/>
        <price t="2019-12-10" v="5902000000"/>
        <price t="2019-12-11" v="5939000000"/>
        <price t="2019-12-12" v="6051000000"/>
        <price t="2019-12-13" v="6180000000"/>
        <price t="2019-12-16" v="6297000000"/>
        <price t="2019-12-17" v="6487000000"/>
        <price t="2019-12-18" v="6550000000"/>
        <price t="2019-12-19" v="6546000000"/>
        <price t="2019-12-20" v="6667000000"/>
        <price t="2019-12-23" v="6649000000"/>
        <price t="2019-12-27" v="6716000000"/>
        <price t="2019-12-30" v="6723000000"/>
        <price t="2020-01-02" v="6855000000"/>
        <price t="2020-01-03" v="6696000000"/>
        <price t="2020-01-06" v="6670000000"/>
        <price t="2020-01-07" v="6788000000"/>
        <price t="2020-01-08" v="6772000000"/>
        <price t="2020-01-09" v="6963000000"/>
        <price t="2020-01-10" v="7198000000"/>
        <price t="2020-01-13" v="7166000000"/>
        <price t="2020-01-14" v="7126000000"/>
        <price t="2020-01-15" v="7085000000"/>
        <price t="2020-01-16" v="7085000000"/>
        <price t="2020-01-17" v="7148000000"/>
        <price t="2020-01-20" v="7244000000"/>
        <price t="2020-01-21" v="7095000000"/>
        <price t="2020-01-22" v="6897000000"/>
        <price t="2020-01-23" v="6766000000"/>
        <price t="2020-01-24" v="6852000000"/>
        <price t="2020-01-27" v="6507000000"/>
        <price t="2020-01-29" v="6792000000"/>
        <price t="2020-01-30" v="6910000000"/>
        <price t="2020-01-31" v="6678000000"/>
        <price t="2020-02-03" v="6687000000"/>
        <price t="2020-02-04" v="6810000000"/>
        <price t="2020-02-05" v="6900000000"/>
        <price t="2020-02-06" v="7028000000"/>
        <price t="2020-02-07" v="6931000000"/>
        <price t="2020-02-10" v="6833000000"/>
        <price t="2020-02-11" v="7025000000"/>
        <price t="2020-02-12" v="7075000000"/>
        <price t="2020-02-13" v="7223000000"/>
        <price t="2020-02-14" v="7192000000"/>
        <price t="2020-02-17" v="7228000000"/>
        <price t="2020-02-18" v="7122000000"/>
        <price t="2020-02-19" v="7340000000"/>
        <price t="2020-02-20" v="7142000000"/>
        <price t="2020-02-21" v="7115000000"/>
        <price t="2020-02-24" v="6782000000"/>
        <price t="2020-02-26" v="6855000000"/>
        <price t="2020-02-27" v="6571000000"/>
        <price t="2020-02-28" v="6129000000"/>
        <price t="2020-03-02" v="6492000000"/>
        <price t="2020-03-03" v="6436000000"/>
        <price t="2020-03-04" v="6425000000"/>
        <price t="2020-03-06" v="6309000000"/>
        <price t="2020-03-09" v="5918000000"/>
        <price t="2020-03-10" v="6045000000"/>
        <price t="2020-03-11" v="5931000000"/>
        <price t="2020-03-12" v="5282000000"/>
        <price t="2020-03-13" v="5580000000"/>
        <price t="2020-03-16" v="4912500000"/>
        <price t="2020-03-17" v="4870500000"/>
        <price t="2020-03-18" v="4927000000"/>
        <price t="2020-03-19" v="5154000000"/>
        <price t="2020-03-20" v="5398000000"/>
        <price t="2020-03-23" v="5503000000"/>
        <price t="2020-03-24" v="5725000000"/>
        <price t="2020-03-26" v="6379000000"/>
        <price t="2020-03-27" v="5980000000"/>
        <price t="2020-03-30" v="6203000000"/>
        <price t="2020-03-31" v="6291000000"/>
        <price t="2020-04-01" v="6052000000"/>
        <price t="2020-04-02" v="6052000000"/>
        <price t="2020-04-03" v="6074000000"/>
        <price t="2020-04-06" v="6268000000"/>
        <price t="2020-04-07" v="6360000000"/>
        <price t="2020-04-08" v="6342000000"/>
        <price t="2020-04-09" v="6314000000"/>
        <price t="2020-04-14" v="6318000000"/>
        <price t="2020-04-15" v="6210000000"/>
        <price t="2020-04-16" v="6526000000"/>
        <price t="2020-04-17" v="6546000000"/>
        <price t="2020-04-20" v="6688000000"/>
        <price t="2020-04-21" v="6500000000"/>
        <price t="2020-04-22" v="6754000000"/>
        <price t="2020-04-23" v="6766000000"/>
        <price t="2020-04-24" v="6748000000"/>
        <price t="2020-04-27" v="6794000000"/>
        <price t="2020-04-28" v="6946000000"/>
        <price t="2020-04-29" v="6946000000"/>
        <price t="2020-04-30" v="6920000000"/>
        <price t="2020-05-04" v="6704000000"/>
        <price t="2020-05-05" v="6954000000"/>
        <price t="2020-05-06" v="6962000000"/>
        <price t="2020-05-07" v="7088000000"/>
        <price t="2020-05-08" v="7342000000"/>
        <price t="2020-05-11" v="7718000000"/>
        <price t="2020-05-12" v="7858000000"/>
        <price t="2020-05-13" v="8222000000"/>
        <price t="2020-05-14" v="8064000000"/>
        <price t="2020-05-15" v="7884000000"/>
        <price t="2020-05-18" v="7886000000"/>
        <price t="2020-05-19" v="8130000000"/>
        <price t="2020-05-20" v="8396000000"/>
        <price t="2020-05-21" v="8100000000"/>
        <price t="2020-05-22" v="7812000000"/>
        <price t="2020-05-25" v="7786000000"/>
        <price t="2020-05-26" v="7850000000"/>
        <price t="2020-05-27" v="7498000000"/>
        <price t="2020-05-28" v="7450000000"/>
        <price t="2020-05-29" v="7390000000"/>
        <price t="2020-06-02" v="7612000000"/>
        <price t="2020-06-03" v="7634000000"/>
        <price t="2020-06-04" v="7488000000"/>
        <price t="2020-06-05" v="7556000000"/>
        <price t="2020-06-08" v="7420000000"/>
        <price t="2020-06-09" v="7604000000"/>
        <price t="2020-06-10" v="7824000000"/>
        <price t="2020-06-11" v="7750000000"/>
        <price t="2020-06-12" v="7700000000"/>
        <price t="2020-06-15" v="7486000000"/>
        <price t="2020-06-16" v="7844000000"/>
        <price t="2020-06-17" v="7940000000"/>
        <price t="2020-06-18" v="8030000000"/>
        <price t="2020-06-19" v="8048000000"/>
        <price t="2020-06-22" v="8190000000"/>
        <price t="2020-06-23" v="8476000000"/>
        <price t="2020-06-24" v="8224000000"/>
        <price t="2020-06-25" v="8020000000"/>
        <price t="2020-06-26" v="8066000000"/>
        <price t="2020-06-29" v="8010000000"/>
        <price t="2020-06-30" v="8188000000"/>
        <price t="2020-07-01" v="8272000000"/>
        <price t="2020-07-02" v="8366000000"/>
        <price t="2020-07-03" v="8416000000"/>
        <price t="2020-07-06" v="8486000000"/>
        <price t="2020-07-07" v="8490000000"/>
        <price t="2020-07-08" v="8682000000"/>
        <price t="2020-07-09" v="8820000000"/>
        <price t="2020-07-10" v="8650000000"/>
        <price t="2020-07-13" v="8796000000"/>
        <price t="2020-07-14" v="8438000000"/>
        <price t="2020-07-15" v="8660000000"/>
        <price t="2020-07-16" v="8470000000"/>
        <price t="2020-07-17" v="8468000000"/>
        <price t="2020-07-20" v="8438000000"/>
        <price t="2020-07-21" v="8850000000"/>
        <price t="2020-07-22" v="8514000000"/>
        <price t="2020-07-23" v="8556000000"/>
        <price t="2020-07-24" v="8210000000"/>
        <price t="2020-07-27" v="8260000000"/>
        <price t="2020-07-28" v="8290000000"/>
        <price t="2020-07-29" v="8400000000"/>
        <price t="2020-07-30" v="8146000000"/>
        <price t="2020-07-31" v="8220000000"/>
        <price t="2020-08-03" v="8388000000"/>
        <price t="2020-08-04" v="8300000000"/>
        <price t="2020-08-05" v="8468000000"/>
        <price t="2020-08-06" v="8426000000"/>
        <price t="2020-08-07" v="8058000000"/>
        <price t="2020-08-10" v="7748000000"/>
        <price t="2020-08-11" v="7972000000"/>
        <price t="2020-08-12" v="8280000000"/>
        <price t="2020-08-13" v="8054000000"/>
        <price t="2020-08-14" v="7974000000"/>
        <price t="2020-08-17" v="7974000000"/>
        <price t="2020-08-18" v="7904000000"/>
        <price t="2020-08-19" v="7786000000"/>
        <price t="2020-08-20" v="7680000000"/>
        <price t="2020-08-21" v="8070000000"/>
        <price t="2020-08-24" v="8270000000"/>
        <price t="2020-08-25" v="8444000000"/>
        <price t="2020-08-26" v="8752000000"/>
        <price t="2020-08-27" v="8858000000"/>
        <price t="2020-08-28" v="8632000000"/>
        <price t="2020-08-31" v="8382000000"/>
        <price t="2020-09-01" v="8748000000"/>
        <price t="2020-09-02" v="8668000000"/>
        <price t="2020-09-03" v="8242000000"/>
        <price t="2020-09-04" v="8032000000"/>
        <price t="2020-09-07" v="8048000000"/>
        <price t="2020-09-08" v="7986000000"/>
        <price t="2020-09-09" v="8124000000"/>
        <price t="2020-09-10" v="8084000000"/>
        <price t="2020-09-11" v="8090000000"/>
        <price t="2020-09-14" v="8138000000"/>
        <price t="2020-09-15" v="8232000000"/>
        <price t="2020-09-16" v="8220000000"/>
        <price t="2020-09-17" v="8076000000"/>
        <price t="2020-09-18" v="7886000000"/>
        <price t="2020-09-21" v="7604000000"/>
        <price t="2020-09-22" v="7770000000"/>
        <price t="2020-09-23" v="8030000000"/>
        <price t="2020-09-24" v="7922000000"/>
        <price t="2020-09-25" v="7788000000"/>
        <price t="2020-09-28" v="7828000000"/>
        <price t="2020-09-29" v="7742000000"/>
        <price t="2020-09-30" v="7856000000"/>
        <price t="2020-10-01" v="7902000000"/>
        <price t="2020-10-02" v="7966000000"/>
        <price t="2020-10-05" v="8028000000"/>
        <price t="2020-10-06" v="7976000000"/>
        <price t="2020-10-07" v="7886000000"/>
        <price t="2020-10-08" v="7766000000"/>
        <price t="2020-10-09" v="8044000000"/>
        <price t="2020-10-12" v="8146000000"/>
        <price t="2020-10-13" v="8234000000"/>
        <price t="2020-10-14" v="8394000000"/>
        <price t="2020-10-15" v="8140000000"/>
        <price t="2020-10-16" v="8376000000"/>
        <price t="2020-10-19" v="8302000000"/>
        <price t="2020-10-20" v="8258000000"/>
        <price t="2020-10-21" v="8130000000"/>
        <price t="2020-10-22" v="8032000000"/>
        <price t="2020-10-23" v="7946000000"/>
        <price t="2020-10-26" v="8080000000"/>
        <price t="2020-10-27" v="8362000000"/>
        <price t="2020-10-28" v="8268000000"/>
        <price t="2020-10-29" v="8328000000"/>
        <price t="2020-10-30" v="8582000000"/>
        <price t="2020-11-02" v="8754000000"/>
        <price t="2020-11-03" v="8498000000"/>
        <price t="2020-11-04" v="9106000000"/>
        <price t="2020-11-05" v="9416000000"/>
        <price t="2020-11-06" v="9722000000"/>
        <price t="2020-11-09" v="9582000000"/>
        <price t="2020-11-10" v="8968000000"/>
        <price t="2020-11-11" v="8730000000"/>
        <price t="2020-11-12" v="8982000000"/>
        <price t="2020-11-13" v="8936000000"/>
        <price t="2020-11-16" v="8792000000"/>
        <price t="2020-11-17" v="8776000000"/>
        <price t="2020-11-18" v="8872000000"/>
        <price t="2020-11-19" v="8756000000"/>
        <price t="2020-11-20" v="9094000000"/>
        <price t="2020-11-23" v="9148000000"/>
        <price t="2020-11-24" v="9294000000"/>
        <price t="2020-11-25" v="9234000000"/>
        <price t="2020-11-26" v="9388000000"/>
        <price t="2020-11-27" v="9330000000"/>
        <price t="2020-11-30" v="9120000000"/>
        <price t="2020-12-01" v="9356000000"/>
        <price t="2020-12-02" v="9238000000"/>
        <price t="2020-12-03" v="9396000000"/>
        <price t="2020-12-04" v="9308000000"/>
        <price t="2020-12-07" v="9252000000"/>
        <price t="2020-12-08" v="9198000000"/>
        <price t="2020-12-09" v="9284000000"/>
        <price t="2020-12-10" v="9204000000"/>
        <price t="2020-12-11" v="9300000000"/>
        <price t="2020-12-14" v="9050000000"/>
        <price t="2020-12-15" v="9136000000"/>
        <price t="2020-12-16" v="9168000000"/>
        <price t="2020-12-17" v="9200000000"/>
        <price t="2020-12-18" v="8980000000"/>
        <price t="2020-12-21" v="9092000000"/>
        <price t="2020-12-22" v="8970000000"/>
        <price t="2020-12-23" v="9044000000"/>
        <price t="2020-12-28" v="8600000000"/>
        <price t="2020-12-29" v="8792000000"/>
        <price t="2020-12-30" v="8886000000"/>
        <price t="2021-01-04" v="8816000000"/>
        <price t="2021-01-05" v="9000000000"/>
        <price t="2021-01-06" v="8924000000"/>
        <price t="2021-01-07" v="8404000000"/>
        <price t="2021-01-08" v="8684000000"/>
        <price t="2021-01-11" v="8746000000"/>
        <price t="2021-01-12" v="8818000000"/>
        <price t="2021-01-13" v="8874000000"/>
        <price t="2021-01-14" v="9270000000"/>
        <price t="2021-01-15" v="9204000000"/>
        <price t="2021-01-18" v="9308000000"/>
        <price t="2021-01-19" v="9658000000"/>
        <price t="2021-01-20" v="9856000000"/>
        <price t="2021-01-21" v="9694000000"/>
        <price t="2021-01-22" v="9920000000"/>
        <price t="2021-01-25" v="10340000000"/>
        <price t="2021-01-26" v="10030000000"/>
        <price t="2021-01-27" v="9608000000"/>
        <price t="2021-01-28" v="9732000000"/>
        <price t="2021-01-29" v="9630000000"/>
        <price t="2021-02-01" v="9800000000"/>
        <price t="2021-02-02" v="9920000000"/>
        <price t="2021-02-03" v="10020000000"/>
        <price t="2021-02-04" v="10155000000"/>
        <price t="2021-02-05" v="10070000000"/>
        <price t="2021-02-08" v="10170000000"/>
        <price t="2021-02-09" v="10200000000"/>
        <price t="2021-02-10" v="10355000000"/>
        <price t="2021-02-11" v="10435000000"/>
        <price t="2021-02-12" v="10580000000"/>
        <price t="2021-02-15" v="10680000000"/>
        <price t="2021-02-16" v="10580000000"/>
        <price t="2021-02-17" v="10905000000"/>
        <price t="2021-02-18" v="10860000000"/>
        <price t="2021-02-19" v="10870000000"/>
        <price t="2021-02-22" v="10385000000"/>
        <price t="2021-02-23" v="10005000000"/>
        <price t="2021-02-24" v="10005000000"/>
        <price t="2021-02-25" v="9900000000"/>
        <price t="2021-02-26" v="9772000000"/>
        <price t="2021-03-01" v="10025000000"/>
        <price t="2021-03-02" v="10040000000"/>
        <price t="2021-03-03" v="10100000000"/>
        <price t="2021-03-04" v="9828000000"/>
        <price t="2021-03-05" v="9400000000"/>
        <price t="2021-03-08" v="9332000000"/>
        <price t="2021-03-09" v="9690000000"/>
        <price t="2021-03-10" v="9868000000"/>
        <price t="2021-03-11" v="10120000000"/>
        <price t="2021-03-12" v="9500000000"/>
        <price t="2021-03-15" v="9376000000"/>
        <price t="2021-03-16" v="9480000000"/>
        <price t="2021-03-17" v="9292000000"/>
        <price t="2021-03-18" v="9246000000"/>
        <price t="2021-03-19" v="9318000000"/>
        <price t="2021-03-22" v="9456000000"/>
        <price t="2021-03-23" v="9486000000"/>
        <price t="2021-03-24" v="9362000000"/>
        <price t="2021-03-25" v="9286000000"/>
        <price t="2021-03-26" v="9426000000"/>
        <price t="2021-03-29" v="9372000000"/>
        <price t="2021-03-30" v="9534000000"/>
        <price t="2021-03-31" v="9470000000"/>
        <price t="2021-04-01" v="10040000000"/>
        <price t="2021-04-06" v="9865000000"/>
        <price t="2021-04-07" v="9470000000"/>
        <price t="2021-04-08" v="9618000000"/>
        <price t="2021-04-09" v="9453000000"/>
        <price t="2021-04-12" v="9318000000"/>
        <price t="2021-04-13" v="9445000000"/>
        <price t="2021-04-14" v="9461000000"/>
        <price t="2021-04-15" v="9665000000"/>
        <price t="2021-04-16" v="9669000000"/>
        <price t="2021-04-19" v="9430000000"/>
        <price t="2021-04-20" v="9267000000"/>
        <price t="2021-04-21" v="9212000000"/>
        <price t="2021-04-22" v="9301000000"/>
        <price t="2021-04-23" v="9287000000"/>
        <price t="2021-04-26" v="9224000000"/>
        <price t="2021-04-27" v="9259000000"/>
        <price t="2021-04-28" v="9285000000"/>
        <price t="2021-04-29" v="9178000000"/>
        <price t="2021-04-30" v="9080000000"/>
        <price t="2021-05-03" v="9070000000"/>
        <price t="2021-05-04" v="8652000000"/>
        <price t="2021-05-05" v="8750000000"/>
        <price t="2021-05-06" v="8858000000"/>
        <price t="2021-05-07" v="8964000000"/>
        <price t="2021-05-10" v="8648000000"/>
        <price t="2021-05-11" v="8421000000"/>
        <price t="2021-05-12" v="8612000000"/>
        <price t="2021-05-13" v="8406000000"/>
        <price t="2021-05-14" v="8427000000"/>
        <price t="2021-05-17" v="8519000000"/>
        <price t="2021-05-18" v="8425000000"/>
        <price t="2021-05-19" v="8291000000"/>
        <price t="2021-05-20" v="8480000000"/>
        <price t="2021-05-21" v="8403000000"/>
        <price t="2021-05-25" v="8567000000"/>
        <price t="2021-05-26" v="8530000000"/>
        <price t="2021-05-27" v="8329000000"/>
        <price t="2021-05-28" v="8434000000"/>
        <price t="2021-05-31" v="8436000000"/>
        <price t="2021-06-01" v="8629000000"/>
        <price t="2021-06-02" v="8654000000"/>
        <price t="2021-06-03" v="8589000000"/>
        <price t="2021-06-04" v="8740000000"/>
        <price t="2021-06-07" v="8601000000"/>
        <price t="2021-06-08" v="8587000000"/>
        <price t="2021-06-09" v="8530000000"/>
        <price t="2021-06-10" v="8526000000"/>
        <price t="2021-06-11" v="8543000000"/>
        <price t="2021-06-14" v="8535000000"/>
        <price t="2021-06-15" v="8452000000"/>
        <price t="2021-06-16" v="8555000000"/>
        <price t="2021-06-17" v="8534000000"/>
        <price t="2021-06-18" v="8398000000"/>
        <price t="2021-06-21" v="8500000000"/>
        <price t="2021-06-22" v="8259000000"/>
        <price t="2021-06-23" v="8245000000"/>
        <price t="2021-06-24" v="8225000000"/>
        <price t="2021-06-25" v="8253000000"/>
        <price t="2021-06-28" v="8285000000"/>
        <price t="2021-06-29" v="8370000000"/>
        <price t="2021-06-30" v="8341000000"/>
        <price t="2021-07-01" v="8187000000"/>
        <price t="2021-07-02" v="8288000000"/>
        <price t="2021-07-05" v="7804000000"/>
        <price t="2021-07-06" v="7851000000"/>
        <price t="2021-07-07" v="8065000000"/>
        <price t="2021-07-08" v="7702000000"/>
        <price t="2021-07-09" v="7748000000"/>
        <price t="2021-07-12" v="7778000000"/>
        <price t="2021-07-13" v="7936000000"/>
        <price t="2021-07-14" v="7992000000"/>
        <price t="2021-07-15" v="8045000000"/>
        <price t="2021-07-16" v="8070000000"/>
        <price t="2021-07-19" v="8009000000"/>
        <price t="2021-07-20" v="7910000000"/>
        <price t="2021-07-21" v="8007000000"/>
        <price t="2021-07-22" v="8133000000"/>
        <price t="2021-07-23" v="7950000000"/>
        <price t="2021-07-26" v="7300000000"/>
        <price t="2021-07-27" v="6764000000"/>
        <price t="2021-07-28" v="7207000000"/>
        <price t="2021-07-29" v="7627000000"/>
        <price t="2021-07-30" v="7479000000"/>
        <price t="2021-08-02" v="7597000000"/>
        <price t="2021-08-03" v="7068000000"/>
        <price t="2021-08-04" v="7259000000"/>
        <price t="2021-08-05" v="7162000000"/>
        <price t="2021-08-06" v="7217000000"/>
        <price t="2021-08-09" v="7546000000"/>
        <price t="2021-08-10" v="7886000000"/>
        <price t="2021-08-11" v="7855000000"/>
        <price t="2021-08-12" v="7779000000"/>
        <price t="2021-08-13" v="7551000000"/>
        <price t="2021-08-16" v="7354000000"/>
        <price t="2021-08-17" v="7200000000"/>
        <price t="2021-08-18" v="7256000000"/>
        <price t="2021-08-19" v="6904000000"/>
        <price t="2021-08-20" v="6850000000"/>
        <price t="2021-08-23" v="6833000000"/>
        <price t="2021-08-24" v="7122000000"/>
        <price t="2021-08-25" v="7178000000"/>
        <price t="2021-08-26" v="7112000000"/>
        <price t="2021-08-27" v="7204000000"/>
        <price t="2021-08-30" v="7057000000"/>
        <price t="2021-08-31" v="7441000000"/>
        <price t="2021-09-01" v="7776000000"/>
        <price t="2021-09-02" v="7766000000"/>
        <price t="2021-09-03" v="7718000000"/>
        <price t="2021-09-06" v="7895000000"/>
        <price t="2021-09-07" v="7984000000"/>
        <price t="2021-09-08" v="7850000000"/>
        <price t="2021-09-09" v="7411000000"/>
        <price t="2021-09-10" v="7333000000"/>
        <price t="2021-09-13" v="7170000000"/>
        <price t="2021-09-14" v="7161000000"/>
        <price t="2021-09-15" v="6905000000"/>
        <price t="2021-09-16" v="7000000000"/>
        <price t="2021-09-17" v="6914000000"/>
        <price t="2021-09-20" v="6790000000"/>
        <price t="2021-09-21" v="6875000000"/>
        <price t="2021-09-22" v="6979000000"/>
        <price t="2021-09-23" v="7076000000"/>
        <price t="2021-09-24" v="7013000000"/>
        <price t="2021-09-27" v="7009000000"/>
        <price t="2021-09-28" v="6928000000"/>
        <price t="2021-09-29" v="6966000000"/>
        <price t="2021-09-30" v="6950000000"/>
        <price t="2021-10-01" v="6840000000"/>
        <price t="2021-10-04" v="6676000000"/>
        <price t="2021-10-05" v="6869000000"/>
        <price t="2021-10-06" v="6710000000"/>
        <price t="2021-10-07" v="7219000000"/>
        <price t="2021-10-08" v="7130000000"/>
        <price t="2021-10-11" v="7145000000"/>
        <price t="2021-10-12" v="7114000000"/>
        <price t="2021-10-13" v="7124000000"/>
        <price t="2021-10-14" v="7236000000"/>
        <price t="2021-10-15" v="7357000000"/>
        <price t="2021-10-18" v="7308000000"/>
        <price t="2021-10-19" v="7640000000"/>
        <price t="2021-10-20" v="7903000000"/>
        <price t="2021-10-21" v="7866000000"/>
        <price t="2021-10-22" v="7823000000"/>
        <price t="2021-10-25" v="7666000000"/>
        <price t="2021-10-26" v="7744000000"/>
        <price t="2021-10-27" v="7551000000"/>
        <price t="2021-10-28" v="7571000000"/>
        <price t="2021-10-29" v="7571000000"/>
        <price t="2021-11-01" v="7677000000"/>
        <price t="2021-11-02" v="7344000000"/>
        <price t="2021-11-03" v="7618000000"/>
        <price t="2021-11-04" v="7615000000"/>
        <price t="2021-11-05" v="7345000000"/>
        <price t="2021-11-08" v="7271000000"/>
        <price t="2021-11-09" v="7285000000"/>
        <price t="2021-11-10" v="7343000000"/>
        <price t="2021-11-11" v="7305000000"/>
        <price t="2021-11-12" v="7525000000"/>
        <price t="2021-11-15" v="7582000000"/>
        <price t="2021-11-16" v="7849000000"/>
        <price t="2021-11-17" v="7769000000"/>
        <price t="2021-11-18" v="7648000000"/>
        <price t="2021-11-19" v="7738000000"/>
        <price t="2021-11-22" v="7520000000"/>
        <price t="2021-11-23" v="7465000000"/>
        <price t="2021-11-24" v="7358000000"/>
        <price t="2021-11-25" v="7402000000"/>
        <price t="2021-11-26" v="7088000000"/>
        <price t="2021-11-29" v="7070000000"/>
        <price t="2021-11-30" v="7137000000"/>
        <price t="2021-12-01" v="7516000000"/>
        <price t="2021-12-02" v="7190000000"/>
        <price t="2021-12-03" v="6990000000"/>
        <price t="2021-12-06" v="7213000000"/>
        <price t="2021-12-07" v="7563000000"/>
        <price t="2021-12-08" v="7353000000"/>
        <price t="2021-12-09" v="7331000000"/>
        <price t="2021-12-10" v="7200000000"/>
        <price t="2021-12-13" v="7071000000"/>
        <price t="2021-12-14" v="6989000000"/>
        <price t="2021-12-15" v="6820000000"/>
        <price t="2021-12-16" v="7010000000"/>
        <price t="2021-12-17" v="6959000000"/>
        <price t="2021-12-20" v="6841000000"/>
        <price t="2021-12-21" v="6871000000"/>
        <price t="2021-12-22" v="7036000000"/>
        <price t="2021-12-23" v="7305000000"/>
        <price t="2021-12-27" v="7381000000"/>
        <price t="2021-12-28" v="7183000000"/>
        <price t="2021-12-29" v="7070000000"/>
        <price t="2021-12-30" v="7100000000"/>
        <price t="2022-01-03" v="7390000000"/>
        <price t="2022-01-04" v="7336000000"/>
        <price t="2022-01-05" v="7230000000"/>
        <price t="2022-01-06" v="7074000000"/>
        <price t="2022-01-07" v="7050000000"/>
        <price t="2022-01-10" v="7045000000"/>
        <price t="2022-01-11" v="7392000000"/>
        <price t="2022-01-12" v="7778000000"/>
        <price t="2022-01-13" v="7803000000"/>
        <price t="2022-01-14" v="7697000000"/>
        <price t="2022-01-17" v="7622000000"/>
        <price t="2022-01-18" v="7401000000"/>
        <price t="2022-01-19" v="7362000000"/>
        <price t="2022-01-20" v="7739000000"/>
        <price t="2022-01-21" v="7592000000"/>
        <price t="2022-01-24" v="7223000000"/>
        <price t="2022-01-25" v="6996000000"/>
        <price t="2022-01-26" v="7066000000"/>
        <price t="2022-01-27" v="7010000000"/>
        <price t="2022-01-28" v="7119000000"/>
        <price t="2022-01-31" v="7396000000"/>
        <price t="2022-02-01" v="7415000000"/>
        <price t="2022-02-02" v="7244000000"/>
        <price t="2022-02-03" v="7153000000"/>
        <price t="2022-02-04" v="7052000000"/>
        <price t="2022-02-07" v="7183000000"/>
        <price t="2022-02-08" v="7123000000"/>
        <price t="2022-02-09" v="7406000000"/>
        <price t="2022-02-10" v="7100000000"/>
        <price t="2022-02-11" v="6900000000"/>
        <price t="2022-02-14" v="6731000000"/>
        <price t="2022-02-15" v="6800000000"/>
        <price t="2022-02-16" v="6831000000"/>
        <price t="2022-02-17" v="6698000000"/>
        <price t="2022-02-18" v="6460000000"/>
        <price t="2022-02-21" v="5956000000"/>
        <price t="2022-02-22" v="5917000000"/>
        <price t="2022-02-23" v="5692000000"/>
        <price t="2022-02-24" v="5369000000"/>
        <price t="2022-02-25" v="5472000000"/>
        <price t="2022-02-28" v="5548000000"/>
        <price t="2022-03-01" v="5487000000"/>
        <price t="2022-03-02" v="5447000000"/>
        <price t="2022-03-03" v="5229000000"/>
        <price t="2022-03-04" v="4757000000"/>
        <price t="2022-03-07" v="4869000000"/>
        <price t="2022-03-08" v="5083000000"/>
        <price t="2022-03-09" v="5355000000"/>
        <price t="2022-03-10" v="5166000000"/>
        <price t="2022-03-11" v="5095000000"/>
        <price t="2022-03-14" v="4572000000"/>
        <price t="2022-03-15" v="4268000000"/>
        <price t="2022-03-16" v="5232000000"/>
        <price t="2022-03-17" v="5110000000"/>
        <price t="2022-03-18" v="5282000000"/>
        <price t="2022-03-21" v="5139000000"/>
        <price t="2022-03-22" v="5241000000"/>
        <price t="2022-03-23" v="4988000000"/>
        <price t="2022-03-24" v="4960000000"/>
        <price t="2022-03-25" v="4777500000"/>
        <price t="2022-03-28" v="4805500000"/>
        <price t="2022-03-29" v="4991500000"/>
        <price t="2022-03-30" v="4990000000"/>
        <price t="2022-03-31" v="4855500000"/>
        <price t="2022-04-01" v="5108000000"/>
        <price t="2022-04-04" v="5286000000"/>
        <price t="2022-04-05" v="5277000000"/>
        <price t="2022-04-06" v="4971000000"/>
        <price t="2022-04-07" v="4832500000"/>
        <price t="2022-04-08" v="4818500000"/>
        <price t="2022-04-11" v="4860500000"/>
        <price t="2022-04-12" v="4829000000"/>
        <price t="2022-04-13" v="4865000000"/>
        <price t="2022-04-14" v="4735000000"/>
        <price t="2022-04-19" v="4503000000"/>
        <price t="2022-04-20" v="4506000000"/>
        <price t="2022-04-21" v="4349500000"/>
        <price t="2022-04-22" v="4343500000"/>
        <price t="2022-04-25" v="4230500000"/>
        <price t="2022-04-26" v="4224500000"/>
        <price t="2022-04-27" v="4306000000"/>
        <price t="2022-04-28" v="4276500000"/>
        <price t="2022-04-29" v="4697500000"/>
        <price t="2022-05-02" v="4522500000"/>
        <price t="2022-05-03" v="4662000000"/>
        <price t="2022-05-04" v="4498000000"/>
        <price t="2022-05-05" v="4287000000"/>
        <price t="2022-05-06" v="4251000000"/>
        <price t="2022-05-09" v="4028000000"/>
        <price t="2022-05-10" v="4028000000"/>
        <price t="2022-05-11" v="4301500000"/>
        <price t="2022-05-12" v="4380000000"/>
        <price t="2022-05-13" v="4367500000"/>
        <price t="2022-05-16" v="4390500000"/>
        <price t="2022-05-17" v="4717500000"/>
        <price t="2022-05-18" v="4506500000"/>
        <price t="2022-05-19" v="4570500000"/>
        <price t="2022-05-20" v="4540000000"/>
        <price t="2022-05-23" v="4430000000"/>
        <price t="2022-05-24" v="4165500000"/>
        <price t="2022-05-25" v="4321000000"/>
        <price t="2022-05-26" v="4495000000"/>
        <price t="2022-05-27" v="4608000000"/>
        <price t="2022-05-30" v="4745000000"/>
        <price t="2022-05-31" v="4829500000"/>
        <price t="2022-06-01" v="4659000000"/>
        <price t="2022-06-02" v="4705000000"/>
        <price t="2022-06-03" v="4656500000"/>
        <price t="2022-06-06" v="4852000000"/>
        <price t="2022-06-07" v="4759000000"/>
        <price t="2022-06-08" v="5132000000"/>
        <price t="2022-06-09" v="5057000000"/>
        <price t="2022-06-10" v="4925000000"/>
        <price t="2022-06-13" v="4794000000"/>
        <price t="2022-06-14" v="4772500000"/>
        <price t="2022-06-15" v="5033000000"/>
        <price t="2022-06-16" v="4774000000"/>
        <price t="2022-06-17" v="4945000000"/>
        <price t="2022-06-20" v="4879000000"/>
        <price t="2022-06-21" v="5021000000"/>
        <price t="2022-06-22" v="4980500000"/>
        <price t="2022-06-23" v="5084000000"/>
        <price t="2022-06-24" v="5293000000"/>
        <price t="2022-06-27" v="6204000000"/>
        <price t="2022-06-28" v="6022000000"/>
        <price t="2022-06-29" v="6225000000"/>
        <price t="2022-06-30" v="6248000000"/>
        <price t="2022-07-01" v="6500000000"/>
        <price t="2022-07-04" v="6410000000"/>
        <price t="2022-07-05" v="6655000000"/>
        <price t="2022-07-06" v="6618000000"/>
        <price t="2022-07-07" v="7107000000"/>
        <price t="2022-07-08" v="6707000000"/>
        <price t="2022-07-11" v="6629000000"/>
        <price t="2022-07-12" v="6764000000"/>
        <price t="2022-07-13" v="6572000000"/>
        <price t="2022-07-14" v="6498000000"/>
        <price t="2022-07-15" v="6397000000"/>
        <price t="2022-07-18" v="6588000000"/>
        <price t="2022-07-19" v="6739000000"/>
        <price t="2022-07-20" v="6825000000"/>
        <price t="2022-07-21" v="6915000000"/>
        <price t="2022-07-22" v="6846000000"/>
        <price t="2022-07-25" v="6803000000"/>
        <price t="2022-07-26" v="6658000000"/>
        <price t="2022-07-27" v="6583000000"/>
        <price t="2022-07-28" v="6610000000"/>
        <price t="2022-07-29" v="6367000000"/>
        <price t="2022-08-01" v="6339000000"/>
        <price t="2022-08-02" v="6276000000"/>
        <price t="2022-08-03" v="6443000000"/>
        <price t="2022-08-04" v="6495000000"/>
        <price t="2022-08-05" v="6327000000"/>
        <price t="2022-08-08" v="6454000000"/>
        <price t="2022-08-09" v="6318000000"/>
        <price t="2022-08-10" v="6334000000"/>
        <price t="2022-08-11" v="6442000000"/>
        <price t="2022-08-12" v="6290000000"/>
        <price t="2022-08-15" v="6354000000"/>
        <price t="2022-08-16" v="6509000000"/>
        <price t="2022-08-17" v="6494000000"/>
        <price t="2022-08-18" v="6410000000"/>
        <price t="2022-08-19" v="6294000000"/>
        <price t="2022-08-22" v="6264000000"/>
        <price t="2022-08-23" v="6217000000"/>
        <price t="2022-08-24" v="6250000000"/>
        <price t="2022-08-25" v="6634000000"/>
        <price t="2022-08-26" v="6482000000"/>
        <price t="2022-08-29" v="6323000000"/>
        <price t="2022-08-30" v="6227000000"/>
        <price t="2022-08-31" v="6276000000"/>
        <price t="2022-09-01" v="5952000000"/>
        <price t="2022-09-02" v="6050000000"/>
        <price t="2022-09-05" v="5945000000"/>
        <price t="2022-09-06" v="5830000000"/>
        <price t="2022-09-07" v="5806000000"/>
        <price t="2022-09-08" v="5870000000"/>
        <price t="2022-09-09" v="6026000000"/>
        <price t="2022-09-12" v="6060000000"/>
        <price t="2022-09-13" v="5912000000"/>
        <price t="2022-09-14" v="5956000000"/>
        <price t="2022-09-15" v="5959000000"/>
        <price t="2022-09-16" v="5694000000"/>
        <price t="2022-09-19" v="5751000000"/>
        <price t="2022-09-20" v="5784000000"/>
        <price t="2022-09-21" v="5752000000"/>
        <price t="2022-09-22" v="5504000000"/>
        <price t="2022-09-23" v="5349000000"/>
        <price t="2022-09-26" v="5585000000"/>
        <price t="2022-09-27" v="5491000000"/>
        <price t="2022-09-28" v="5456000000"/>
        <price t="2022-09-29" v="5265000000"/>
        <price t="2022-09-30" v="5387000000"/>
        <price t="2022-10-03" v="5378000000"/>
        <price t="2022-10-04" v="5613000000"/>
        <price t="2022-10-05" v="5587000000"/>
        <price t="2022-10-06" v="5732000000"/>
        <price t="2022-10-07" v="5490000000"/>
        <price t="2022-10-10" v="5300000000"/>
        <price t="2022-10-11" v="5336000000"/>
        <price t="2022-10-12" v="5228000000"/>
        <price t="2022-10-13" v="5062000000"/>
        <price t="2022-10-14" v="5237000000"/>
        <price t="2022-10-17" v="5361000000"/>
        <price t="2022-10-18" v="5408000000"/>
        <price t="2022-10-19" v="5068000000"/>
        <price t="2022-10-20" v="5056000000"/>
        <price t="2022-10-21" v="4926500000"/>
        <price t="2022-10-24" v="4087500000"/>
        <price t="2022-10-25" v="4190500000"/>
        <price t="2022-10-26" v="4330000000"/>
        <price t="2022-10-27" v="4373500000"/>
        <price t="2022-10-28" v="4133000000"/>
        <price t="2022-10-31" v="4435500000"/>
        <price t="2022-11-01" v="4848500000"/>
        <price t="2022-11-02" v="4736000000"/>
        <price t="2022-11-03" v="4698000000"/>
        <price t="2022-11-04" v="5045000000"/>
        <price t="2022-11-07" v="5042000000"/>
        <price t="2022-11-08" v="5052000000"/>
        <price t="2022-11-09" v="4853500000"/>
        <price t="2022-11-10" v="5160000000"/>
        <price t="2022-11-11" v="5492000000"/>
        <price t="2022-11-14" v="5517000000"/>
        <price t="2022-11-15" v="5899000000"/>
        <price t="2022-11-16" v="5950000000"/>
        <price t="2022-11-17" v="6068000000"/>
        <price t="2022-11-18" v="5857000000"/>
        <price t="2022-11-21" v="5820000000"/>
        <price t="2022-11-22" v="5635000000"/>
        <price t="2022-11-23" v="5741000000"/>
        <price t="2022-11-24" v="5878000000"/>
        <price t="2022-11-25" v="5853000000"/>
        <price t="2022-11-28" v="5981000000"/>
        <price t="2022-11-29" v="6019000000"/>
        <price t="2022-11-30" v="6236000000"/>
        <price t="2022-12-01" v="6182000000"/>
        <price t="2022-12-02" v="6193000000"/>
        <price t="2022-12-05" v="6366000000"/>
        <price t="2022-12-06" v="6282000000"/>
        <price t="2022-12-07" v="6254000000"/>
        <price t="2022-12-08" v="6438000000"/>
        <price t="2022-12-09" v="6459000000"/>
        <price t="2022-12-12" v="6366000000"/>
        <price t="2022-12-13" v="6662000000"/>
        <price t="2022-12-14" v="6659000000"/>
        <price t="2022-12-15" v="6434000000"/>
        <price t="2022-12-16" v="6375000000"/>
        <price t="2022-12-19" v="6403000000"/>
        <price t="2022-12-20" v="6333000000"/>
        <price t="2022-12-21" v="6379000000"/>
        <price t="2022-12-22" v="6368000000"/>
        <price t="2022-12-23" v="6408000000"/>
        <price t="2022-12-27" v="6517000000"/>
        <price t="2022-12-28" v="6407000000"/>
        <price t="2022-12-29" v="6659000000"/>
        <price t="2022-12-30" v="6481000000"/>
        <price t="2023-01-02" v="6642000000"/>
        <price t="2023-01-03" v="6860000000"/>
        <price t="2023-01-04" v="7275000000"/>
        <price t="2023-01-05" v="7137000000"/>
        <price t="2023-01-06" v="7300000000"/>
        <price t="2023-01-09" v="7451000000"/>
        <price t="2023-01-10" v="7441000000"/>
        <price t="2023-01-11" v="7511000000"/>
        <price t="2023-01-12" v="7477000000"/>
        <price t="2023-01-13" v="7575000000"/>
        <price t="2023-01-16" v="7501000000"/>
        <price t="2023-01-17" v="7573000000"/>
        <price t="2023-01-18" v="7470000000"/>
        <price t="2023-01-19" v="7466000000"/>
        <price t="2023-01-20" v="7537000000"/>
        <price t="2023-01-23" v="7613000000"/>
        <price t="2023-01-24" v="7698000000"/>
        <price t="2023-01-25" v="7576000000"/>
        <price t="2023-01-26" v="7726000000"/>
        <price t="2023-01-27" v="7824000000"/>
        <price t="2023-01-30" v="7324000000"/>
        <price t="2023-01-31" v="7391000000"/>
        <price t="2023-02-01" v="7297000000"/>
        <price t="2023-02-02" v="7421000000"/>
        <price t="2023-02-03" v="7442000000"/>
        <price t="2023-02-06" v="7328000000"/>
        <price t="2023-02-07" v="7386000000"/>
        <price t="2023-02-08" v="7367000000"/>
        <price t="2023-02-09" v="7515000000"/>
        <price t="2023-02-10" v="7404000000"/>
        <price t="2023-02-13" v="7590000000"/>
        <price t="2023-02-14" v="7435000000"/>
        <price t="2023-02-15" v="7496000000"/>
        <price t="2023-02-16" v="7478000000"/>
        <price t="2023-02-17" v="7353000000"/>
        <price t="2023-02-20" v="7308000000"/>
        <price t="2023-02-21" v="6937000000"/>
        <price t="2023-02-22" v="6877000000"/>
        <price t="2023-02-23" v="6861000000"/>
        <price t="2023-02-24" v="6644000000"/>
        <price t="2023-02-27" v="6773000000"/>
        <price t="2023-02-28" v="6816000000"/>
        <price t="2023-03-01" v="6984000000"/>
        <price t="2023-03-02" v="6993000000"/>
        <price t="2023-03-03" v="7019000000"/>
        <price t="2023-03-06" v="6964000000"/>
        <price t="2023-03-07" v="6791000000"/>
        <price t="2023-03-08" v="6776000000"/>
        <price t="2023-03-09" v="6644000000"/>
        <price t="2023-03-10" v="6522000000"/>
        <price t="2023-03-13" v="6546000000"/>
        <price t="2023-03-14" v="6688000000"/>
        <price t="2023-03-15" v="6438000000"/>
        <price t="2023-03-16" v="6547000000"/>
        <price t="2023-03-17" v="6454000000"/>
        <price t="2023-03-20" v="6562000000"/>
        <price t="2023-03-21" v="6547000000"/>
        <price t="2023-03-22" v="6709000000"/>
        <price t="2023-03-23" v="7148000000"/>
        <price t="2023-03-24" v="7100000000"/>
        <price t="2023-03-27" v="6731000000"/>
        <price t="2023-03-28" v="6988000000"/>
        <price t="2023-03-29" v="7177000000"/>
        <price t="2023-03-30" v="7185000000"/>
        <price t="2023-03-31" v="7208000000"/>
        <price t="2023-04-03" v="7177000000"/>
        <price t="2023-04-04" v="7139000000"/>
        <price t="2023-04-05" v="6985000000"/>
        <price t="2023-04-06" v="7031000000"/>
        <price t="2023-04-11" v="6911000000"/>
        <price t="2023-04-12" v="6493000000"/>
        <price t="2023-04-13" v="6674000000"/>
        <price t="2023-04-14" v="6798000000"/>
        <price t="2023-04-17" v="7034000000"/>
        <price t="2023-04-18" v="7096000000"/>
        <price t="2023-04-19" v="6997000000"/>
        <price t="2023-04-20" v="7041000000"/>
        <price t="2023-04-21" v="6928000000"/>
        <price t="2023-04-24" v="6730000000"/>
        <price t="2023-04-25" v="6612000000"/>
        <price t="2023-04-26" v="6677000000"/>
        <price t="2023-04-27" v="6744000000"/>
        <price t="2023-04-28" v="6761000000"/>
        <price t="2023-05-02" v="6675000000"/>
        <price t="2023-05-03" v="6648000000"/>
        <price t="2023-05-04" v="6577000000"/>
        <price t="2023-05-05" v="6711000000"/>
        <price t="2023-05-08" v="6693000000"/>
        <price t="2023-05-09" v="6363000000"/>
        <price t="2023-05-10" v="6439000000"/>
        <price t="2023-05-11" v="6569000000"/>
        <price t="2023-05-12" v="6498000000"/>
        <price t="2023-05-15" v="6848000000"/>
        <price t="2023-05-16" v="6788000000"/>
        <price t="2023-05-17" v="6944000000"/>
        <price t="2023-05-18" v="6814000000"/>
        <price t="2023-05-19" v="6769000000"/>
        <price t="2023-05-22" v="6820000000"/>
        <price t="2023-05-23" v="6685000000"/>
        <price t="2023-05-24" v="6538000000"/>
        <price t="2023-05-25" v="6395000000"/>
        <price t="2023-05-26" v="6468000000"/>
        <price t="2023-05-29" v="6378000000"/>
        <price t="2023-05-30" v="6285000000"/>
        <price t="2023-05-31" v="6208000000"/>
        <price t="2023-06-01" v="6306000000"/>
        <price t="2023-06-02" v="6593000000"/>
        <price t="2023-06-05" v="6517000000"/>
        <price t="2023-06-06" v="6584000000"/>
        <price t="2023-06-07" v="6543000000"/>
        <price t="2023-06-08" v="6630000000"/>
        <price t="2023-06-09" v="6618000000"/>
        <price t="2023-06-12" v="6718000000"/>
        <price t="2023-06-13" v="6782000000"/>
        <price t="2023-06-14" v="6770000000"/>
        <price t="2023-06-15" v="6889000000"/>
        <price t="2023-06-16" v="6908000000"/>
        <price t="2023-06-19" v="6907000000"/>
        <price t="2023-06-20" v="6598000000"/>
        <price t="2023-06-21" v="6470000000"/>
        <price t="2023-06-22" v="6429000000"/>
        <price t="2023-06-23" v="6292000000"/>
        <price t="2023-06-26" v="6349000000"/>
        <price t="2023-06-27" v="6683000000"/>
        <price t="2023-06-28" v="6691000000"/>
        <price t="2023-06-29" v="6591000000"/>
        <price t="2023-06-30" v="6684000000"/>
        <price t="2023-07-03" v="6774000000"/>
        <price t="2023-07-04" v="6774000000"/>
        <price t="2023-07-05" v="6598000000"/>
        <price t="2023-07-06" v="6282000000"/>
        <price t="2023-07-07" v="6417000000"/>
        <price t="2023-07-10" v="6441000000"/>
        <price t="2023-07-11" v="6464000000"/>
        <price t="2023-07-12" v="6742000000"/>
        <price t="2023-07-13" v="6921000000"/>
        <price t="2023-07-14" v="6928000000"/>
        <price t="2023-07-17" v="6817000000"/>
        <price t="2023-07-18" v="6766000000"/>
        <price t="2023-07-19" v="6779000000"/>
        <price t="2023-07-20" v="6699000000"/>
        <price t="2023-07-21" v="6662000000"/>
        <price t="2023-07-24" v="6745000000"/>
        <price t="2023-07-25" v="6885000000"/>
        <price t="2023-07-26" v="6857000000"/>
        <price t="2023-07-27" v="6951000000"/>
        <price t="2023-07-28" v="7236000000"/>
        <price t="2023-07-31" v="7175000000"/>
        <price t="2023-08-01" v="7170000000"/>
        <price t="2023-08-02" v="6900000000"/>
        <price t="2023-08-03" v="6967000000"/>
        <price t="2023-08-04" v="6889000000"/>
        <price t="2023-08-07" v="6718000000"/>
        <price t="2023-08-08" v="6625000000"/>
        <price t="2023-08-09" v="6635000000"/>
        <price t="2023-08-10" v="6827000000"/>
        <price t="2023-08-11" v="6558000000"/>
        <price t="2023-08-14" v="6519000000"/>
        <price t="2023-08-15" v="6562000000"/>
        <price t="2023-08-16" v="6402000000"/>
        <price t="2023-08-17" v="6467000000"/>
        <price t="2023-08-18" v="6360000000"/>
        <price t="2023-08-21" v="6334000000"/>
        <price t="2023-08-22" v="6317000000"/>
        <price t="2023-08-23" v="6372000000"/>
        <price t="2023-08-24" v="6291000000"/>
        <price t="2023-08-25" v="6286000000"/>
        <price t="2023-08-28" v="6415000000"/>
        <price t="2023-08-29" v="6499000000"/>
        <price t="2023-08-30" v="6306000000"/>
        <price t="2023-08-31" v="6401000000"/>
        <price t="2023-09-01" v="6489000000"/>
        <price t="2023-09-04" v="6481000000"/>
        <price t="2023-09-05" v="6502000000"/>
        <price t="2023-09-06" v="6540000000"/>
        <price t="2023-09-07" v="6357000000"/>
        <price t="2023-09-08" v="6314000000"/>
        <price t="2023-09-11" v="6430000000"/>
        <price t="2023-09-12" v="6436000000"/>
        <price t="2023-09-13" v="6411000000"/>
        <price t="2023-09-14" v="2989500000"/>
        <price t="2023-09-15" v="2959000000"/>
        <price t="2023-09-18" v="2915000000"/>
        <price t="2023-09-19" v="2893500000"/>
        <price t="2023-09-20" v="2876500000"/>
        <price t="2023-09-21" v="2736500000"/>
        <price t="2023-09-22" v="2861000000"/>
        <price t="2023-09-25" v="2782500000"/>
        <price t="2023-09-26" v="2757000000"/>
        <price t="2023-09-27" v="2776500000"/>
        <price t="2023-09-28" v="2778000000"/>
        <price t="2023-09-29" v="2791500000"/>
        <price t="2023-10-02" v="2775000000"/>
        <price t="2023-10-03" v="2692000000"/>
        <price t="2023-10-04" v="2727000000"/>
        <price t="2023-10-05" v="2696500000"/>
        <price t="2023-10-06" v="2774500000"/>
        <price t="2023-10-09" v="2740500000"/>
        <price t="2023-10-10" v="2860000000"/>
        <price t="2023-10-11" v="2879000000"/>
        <price t="2023-10-12" v="2835500000"/>
        <price t="2023-10-13" v="2761500000"/>
        <price t="2023-10-16" v="2819000000"/>
        <price t="2023-10-17" v="2769000000"/>
        <price t="2023-10-18" v="2698500000"/>
        <price t="2023-10-19" v="2657000000"/>
        <price t="2023-10-20" v="2604500000"/>
        <price t="2023-10-23" v="2612500000"/>
        <price t="2023-10-24" v="2659500000"/>
        <price t="2023-10-25" v="2637500000"/>
        <price t="2023-10-26" v="2612000000"/>
        <price t="2023-10-27" v="2640000000"/>
        <price t="2023-10-30" v="2647500000"/>
        <price t="2023-10-31" v="2642500000"/>
        <price t="2023-11-01" v="2665500000"/>
        <price t="2023-11-02" v="2704500000"/>
        <price t="2023-11-03" v="2839000000"/>
        <price t="2023-11-06" v="2848500000"/>
        <price t="2023-11-07" v="2853500000"/>
        <price t="2023-11-08" v="2855500000"/>
        <price t="2023-11-09" v="2908500000"/>
        <price t="2023-11-10" v="2852000000"/>
        <price t="2023-11-13" v="2886000000"/>
        <price t="2023-11-14" v="2955500000"/>
        <price t="2023-11-15" v="3134000000"/>
        <price t="2023-11-16" v="3013500000"/>
        <price t="2023-11-17" v="3024000000"/>
        <price t="2023-11-20" v="3038000000"/>
        <price t="2023-11-21" v="3000500000"/>
        <price t="2023-11-22" v="3027000000"/>
        <price t="2023-11-23" v="3068000000"/>
        <price t="2023-11-24" v="3022500000"/>
        <price t="2023-11-27" v="3027500000"/>
        <price t="2023-11-28" v="3014000000"/>
        <price t="2023-11-29" v="3001500000"/>
        <price t="2023-11-30" v="3050500000"/>
        <price t="2023-12-01" v="3032000000"/>
        <price t="2023-12-04" v="3040500000"/>
        <price t="2023-12-05" v="2991500000"/>
        <price t="2023-12-06" v="3005500000"/>
        <price t="2023-12-07" v="3007000000"/>
        <price t="2023-12-08" v="2991500000"/>
        <price t="2023-12-11" v="3007500000"/>
        <price t="2023-12-12" v="2996500000"/>
        <price t="2023-12-13" v="2978000000"/>
        <price t="2023-12-14" v="3011500000"/>
        <price t="2023-12-15" v="3042000000"/>
        <price t="2023-12-18" v="2920000000"/>
        <price t="2023-12-19" v="2980500000"/>
        <price t="2023-12-20" v="2960000000"/>
        <price t="2023-12-21" v="2950000000"/>
        <price t="2023-12-22" v="2554500000"/>
        <price t="2023-12-27" v="2658000000"/>
        <price t="2023-12-28" v="2673000000"/>
        <price t="2023-12-29" v="2712500000"/>
        <price t="2024-01-02" v="2692000000"/>
        <price t="2024-01-03" v="2718000000"/>
        <price t="2024-01-04" v="2742500000"/>
        <price t="2024-01-05" v="2725500000"/>
        <price t="2024-01-08" v="2755000000"/>
        <price t="2024-01-09" v="2698000000"/>
        <price t="2024-01-10" v="2682500000"/>
        <price t="2024-01-11" v="2673000000"/>
        <price t="2024-01-12" v="2705000000"/>
        <price t="2024-01-15" v="2684000000"/>
        <price t="2024-01-16" v="2648500000"/>
        <price t="2024-01-17" v="2581000000"/>
        <price t="2024-01-18" v="2618500000"/>
        <price t="2024-01-19" v="2576000000"/>
        <price t="2024-01-22" v="2570500000"/>
        <price t="2024-01-23" v="2710000000"/>
        <price t="2024-01-24" v="2807000000"/>
        <price t="2024-01-25" v="2841000000"/>
        <price t="2024-01-26" v="2827000000"/>
        <price t="2024-01-29" v="2800000000"/>
        <price t="2024-01-30" v="2783500000"/>
        <price t="2024-01-31" v="2750000000"/>
        <price t="2024-02-01" v="2800000000"/>
        <price t="2024-02-02" v="2808500000"/>
        <price t="2024-02-05" v="2799000000"/>
        <price t="2024-02-06" v="2935500000"/>
        <price t="2024-02-07" v="2944500000"/>
        <price t="2024-02-08" v="2941500000"/>
        <price t="2024-02-09" v="2947500000"/>
      </prices>
      <latest t="2024-02-09" v="2947500000">
        <high>-1</high>
        <low>-1</low>
        <volume>-1</volume>
      </latest>
      <attributes>
        <map/>
      </attributes>
      <events>
        <event>
          <date>2023-09-14</date>
          <type>STOCK_SPLIT</type>
          <details>1.1796:1</details>
        </event>
        <event>
          <date>2023-09-14</date>
          <type>STOCK_SPLIT</type>
          <details>2:1</details>
        </event>
      </events>
      <property type="FEED" name="PORTFOLIO-REPORT-MARKET">XETR</property>
      <property type="FEED" name="PORTFOLIO-REPORT-MARKETS">[{&quot;marketCode&quot;:&quot;XETR&quot;,&quot;currencyCode&quot;:&quot;EUR&quot;,&quot;symbol&quot;:&quot;1TY&quot;,&quot;firstPriceDate&quot;:&quot;2019-09-12&quot;,&quot;lastPriceDate&quot;:&quot;2024-02-09&quot;}]</property>
      <isRetired>false</isRetired>
      <updatedAt>2024-02-10T21:20:00.407878200Z</updatedAt>
    </security>
    <security>
      <uuid>cc243436-7d52-4ba1-a544-2b34f980a3cd</uuid>
      <name>PROSUS</name>
      <currencyCode>EUR</currencyCode>
      <tickerSymbol>PRX.AS</tickerSymbol>
      <feed>YAHOO</feed>
      <prices>
        <price t="2019-09-11" v="3403840000"/>
        <price t="2019-09-12" v="3314830000"/>
        <price t="2019-09-13" v="3390530000"/>
        <price t="2019-09-16" v="3234080000"/>
        <price t="2019-09-17" v="3179480000"/>
        <price t="2019-09-18" v="3106070000"/>
        <price t="2019-09-19" v="3156540000"/>
        <price t="2019-09-20" v="3196460000"/>
        <price t="2019-09-23" v="3209300000"/>
        <price t="2019-09-24" v="3156540000"/>
        <price t="2019-09-25" v="3119840000"/>
        <price t="2019-09-26" v="3138650000"/>
        <price t="2019-09-27" v="3086350000"/>
        <price t="2019-09-30" v="3090020000"/>
        <price t="2019-10-01" v="3089100000"/>
        <price t="2019-10-02" v="2987700000"/>
        <price t="2019-10-03" v="2988620000"/>
        <price t="2019-10-04" v="2999630000"/>
        <price t="2019-10-07" v="3027160000"/>
        <price t="2019-10-08" v="2950080000"/>
        <price t="2019-10-09" v="2973020000"/>
        <price t="2019-10-10" v="2962470000"/>
        <price t="2019-10-11" v="3051020000"/>
        <price t="2019-10-14" v="3012940000"/>
        <price t="2019-10-15" v="3034960000"/>
        <price t="2019-10-16" v="3028080000"/>
        <price t="2019-10-17" v="3083590000"/>
        <price t="2019-10-18" v="3073960000"/>
        <price t="2019-10-21" v="3033130000"/>
        <price t="2019-10-22" v="3047350000"/>
        <price t="2019-10-23" v="2875760000"/>
        <price t="2019-10-24" v="2914760000"/>
        <price t="2019-10-25" v="2867500000"/>
        <price t="2019-10-28" v="2918430000"/>
        <price t="2019-10-29" v="2899610000"/>
        <price t="2019-10-30" v="2834010000"/>
        <price t="2019-10-31" v="2836760000"/>
        <price t="2019-11-01" v="2844560000"/>
        <price t="2019-11-04" v="2860160000"/>
        <price t="2019-11-05" v="2903740000"/>
        <price t="2019-11-06" v="2890900000"/>
        <price t="2019-11-07" v="2921640000"/>
        <price t="2019-11-08" v="2898240000"/>
        <price t="2019-11-11" v="2856490000"/>
        <price t="2019-11-12" v="2853280000"/>
        <price t="2019-11-13" v="2786290000"/>
        <price t="2019-11-14" v="2792710000"/>
        <price t="2019-11-15" v="2820240000"/>
        <price t="2019-11-18" v="2866580000"/>
        <price t="2019-11-19" v="2901450000"/>
        <price t="2019-11-20" v="2856030000"/>
        <price t="2019-11-21" v="2849150000"/>
        <price t="2019-11-22" v="2904660000"/>
        <price t="2019-11-25" v="2918880000"/>
        <price t="2019-11-26" v="2924850000"/>
        <price t="2019-11-27" v="2888140000"/>
        <price t="2019-11-28" v="2871170000"/>
        <price t="2019-11-29" v="2838590000"/>
        <price t="2019-12-02" v="2780330000"/>
        <price t="2019-12-03" v="2755090000"/>
        <price t="2019-12-04" v="2766560000"/>
        <price t="2019-12-05" v="2741790000"/>
        <price t="2019-12-06" v="2757390000"/>
        <price t="2019-12-09" v="2755090000"/>
        <price t="2019-12-10" v="2700500000"/>
        <price t="2019-12-11" v="2724810000"/>
        <price t="2019-12-12" v="2775740000"/>
        <price t="2019-12-13" v="2834470000"/>
        <price t="2019-12-16" v="2889060000"/>
        <price t="2019-12-17" v="2974400000"/>
        <price t="2019-12-18" v="2991830000"/>
        <price t="2019-12-19" v="3005140000"/>
        <price t="2019-12-20" v="3070750000"/>
        <price t="2019-12-23" v="3048720000"/>
        <price t="2019-12-24" v="3053310000"/>
        <price t="2019-12-27" v="3081300000"/>
        <price t="2019-12-30" v="3084050000"/>
        <price t="2019-12-31" v="3052390000"/>
        <price t="2020-01-02" v="3135440000"/>
        <price t="2020-01-03" v="3070290000"/>
        <price t="2020-01-06" v="3092770000"/>
        <price t="2020-01-07" v="3115250000"/>
        <price t="2020-01-08" v="3137270000"/>
        <price t="2020-01-09" v="3196460000"/>
        <price t="2020-01-10" v="3306110000"/>
        <price t="2020-01-13" v="3287300000"/>
        <price t="2020-01-14" v="3268950000"/>
        <price t="2020-01-15" v="3248300000"/>
        <price t="2020-01-16" v="3240040000"/>
        <price t="2020-01-17" v="3281790000"/>
        <price t="2020-01-20" v="3324000000"/>
        <price t="2020-01-21" v="3251510000"/>
        <price t="2020-01-22" v="3164340000"/>
        <price t="2020-01-23" v="3100110000"/>
        <price t="2020-01-24" v="3121670000"/>
        <price t="2020-01-27" v="2982200000"/>
        <price t="2020-01-28" v="3059280000"/>
        <price t="2020-01-29" v="3118000000"/>
        <price t="2020-01-30" v="3064320000"/>
        <price t="2020-01-31" v="2992750000"/>
        <price t="2020-02-03" v="3067990000"/>
        <price t="2020-02-04" v="3182240000"/>
        <price t="2020-02-05" v="3187280000"/>
        <price t="2020-02-06" v="3224900000"/>
        <price t="2020-02-07" v="3179940000"/>
        <price t="2020-02-10" v="3134520000"/>
        <price t="2020-02-11" v="3262070000"/>
        <price t="2020-02-12" v="3296940000"/>
        <price t="2020-02-13" v="3318500000"/>
        <price t="2020-02-14" v="3298770000"/>
        <price t="2020-02-17" v="3316200000"/>
        <price t="2020-02-18" v="3267570000"/>
        <price t="2020-02-19" v="3323090000"/>
        <price t="2020-02-20" v="3279040000"/>
        <price t="2020-02-21" v="3265740000"/>
        <price t="2020-02-24" v="3111120000"/>
        <price t="2020-02-25" v="3119840000"/>
        <price t="2020-02-26" v="3146450000"/>
        <price t="2020-02-27" v="2995040000"/>
        <price t="2020-02-28" v="2921180000"/>
        <price t="2020-03-02" v="2970730000"/>
        <price t="2020-03-03" v="2954670000"/>
        <price t="2020-03-04" v="3037250000"/>
        <price t="2020-03-05" v="3073960000"/>
        <price t="2020-03-06" v="2893650000"/>
        <price t="2020-03-09" v="2728940000"/>
        <price t="2020-03-10" v="2710590000"/>
        <price t="2020-03-11" v="2720220000"/>
        <price t="2020-03-12" v="2476600000"/>
        <price t="2020-03-13" v="2464210000"/>
        <price t="2020-03-16" v="2339420000"/>
        <price t="2020-03-17" v="2410080000"/>
        <price t="2020-03-18" v="2262800000"/>
        <price t="2020-03-19" v="2419710000"/>
        <price t="2020-03-20" v="2482570000"/>
        <price t="2020-03-23" v="2608740000"/>
        <price t="2020-03-24" v="2775740000"/>
        <price t="2020-03-25" v="2924390000"/>
        <price t="2020-03-26" v="2927140000"/>
        <price t="2020-03-27" v="2890440000"/>
        <price t="2020-03-30" v="2866580000"/>
        <price t="2020-03-31" v="2897320000"/>
        <price t="2020-04-01" v="2809690000"/>
        <price t="2020-04-02" v="2839970000"/>
        <price t="2020-04-03" v="2795930000"/>
        <price t="2020-04-06" v="2874840000"/>
        <price t="2020-04-07" v="2918880000"/>
        <price t="2020-04-08" v="2908790000"/>
        <price t="2020-04-09" v="2928980000"/>
        <price t="2020-04-14" v="2884020000"/>
        <price t="2020-04-15" v="2844560000"/>
        <price t="2020-04-16" v="3017980000"/>
        <price t="2020-04-17" v="3002390000"/>
        <price t="2020-04-20" v="3066620000"/>
        <price t="2020-04-21" v="2976690000"/>
        <price t="2020-04-22" v="3110660000"/>
        <price t="2020-04-23" v="3102400000"/>
        <price t="2020-04-24" v="3096900000"/>
        <price t="2020-04-27" v="3117090000"/>
        <price t="2020-04-28" v="3184070000"/>
        <price t="2020-04-29" v="3167550000"/>
        <price t="2020-04-30" v="3173980000"/>
        <price t="2020-05-04" v="3073960000"/>
        <price t="2020-05-05" v="3195080000"/>
        <price t="2020-05-06" v="3184070000"/>
        <price t="2020-05-07" v="3251060000"/>
        <price t="2020-05-08" v="3376770000"/>
        <price t="2020-05-11" v="3546520000"/>
        <price t="2020-05-12" v="3581390000"/>
        <price t="2020-05-13" v="3776840000"/>
        <price t="2020-05-14" v="3697010000"/>
        <price t="2020-05-15" v="3601580000"/>
        <price t="2020-05-18" v="3616260000"/>
        <price t="2020-05-19" v="3721780000"/>
        <price t="2020-05-20" v="3841070000"/>
        <price t="2020-05-21" v="3709850000"/>
        <price t="2020-05-22" v="3584140000"/>
        <price t="2020-05-25" v="3561200000"/>
        <price t="2020-05-26" v="3610750000"/>
        <price t="2020-05-27" v="3417140000"/>
        <price t="2020-05-28" v="3417140000"/>
        <price t="2020-05-29" v="3422650000"/>
        <price t="2020-06-01" v="3489630000"/>
        <price t="2020-06-02" v="3493300000"/>
        <price t="2020-06-03" v="3502480000"/>
        <price t="2020-06-04" v="3445590000"/>
        <price t="2020-06-05" v="3466690000"/>
        <price t="2020-06-08" v="3398790000"/>
        <price t="2020-06-09" v="3484130000"/>
        <price t="2020-06-10" v="3578640000"/>
        <price t="2020-06-11" v="3550190000"/>
        <price t="2020-06-12" v="3532760000"/>
        <price t="2020-06-15" v="3441920000"/>
        <price t="2020-06-16" v="3601580000"/>
        <price t="2020-06-17" v="3657550000"/>
        <price t="2020-06-18" v="3688750000"/>
        <price t="2020-06-19" v="3694260000"/>
        <price t="2020-06-22" v="3763080000"/>
        <price t="2020-06-23" v="3849330000"/>
        <price t="2020-06-24" v="3730960000"/>
        <price t="2020-06-25" v="3670400000"/>
        <price t="2020-06-26" v="3667650000"/>
        <price t="2020-06-29" v="3647460000"/>
        <price t="2020-06-30" v="3796110000"/>
        <price t="2020-07-01" v="3795190000"/>
        <price t="2020-07-02" v="3836480000"/>
        <price t="2020-07-03" v="3853920000"/>
        <price t="2020-07-06" v="3890620000"/>
        <price t="2020-07-07" v="3895210000"/>
        <price t="2020-07-08" v="3996150000"/>
        <price t="2020-07-09" v="4046610000"/>
        <price t="2020-07-10" v="3962190000"/>
        <price t="2020-07-13" v="4038360000"/>
        <price t="2020-07-14" v="3898880000"/>
        <price t="2020-07-15" v="3971370000"/>
        <price t="2020-07-16" v="3901630000"/>
        <price t="2020-07-17" v="3876860000"/>
        <price t="2020-07-20" v="3931000000"/>
        <price t="2020-07-21" v="4073220000"/>
        <price t="2020-07-22" v="3901630000"/>
        <price t="2020-07-23" v="3930080000"/>
        <price t="2020-07-24" v="3771330000"/>
        <price t="2020-07-27" v="3780510000"/>
        <price t="2020-07-28" v="3842910000"/>
        <price t="2020-07-29" v="3867680000"/>
        <price t="2020-07-30" v="3762160000"/>
        <price t="2020-07-31" v="3766750000"/>
        <price t="2020-08-03" v="3862180000"/>
        <price t="2020-08-04" v="3807120000"/>
        <price t="2020-08-05" v="3914480000"/>
        <price t="2020-08-06" v="3849330000"/>
        <price t="2020-08-07" v="3694260000"/>
        <price t="2020-08-10" v="3560290000"/>
        <price t="2020-08-11" v="3691500000"/>
        <price t="2020-08-12" v="3817210000"/>
        <price t="2020-08-13" v="3691500000"/>
        <price t="2020-08-14" v="3641040000"/>
        <price t="2020-08-17" v="3657550000"/>
        <price t="2020-08-18" v="3623600000"/>
        <price t="2020-08-19" v="3574050000"/>
        <price t="2020-08-20" v="3538260000"/>
        <price t="2020-08-21" v="3703430000"/>
        <price t="2020-08-24" v="3794270000"/>
        <price t="2020-08-25" v="3867680000"/>
        <price t="2020-08-26" v="4018170000"/>
        <price t="2020-08-27" v="4038360000"/>
        <price t="2020-08-28" v="3969540000"/>
        <price t="2020-08-31" v="3846580000"/>
        <price t="2020-09-01" v="3994310000"/>
        <price t="2020-09-02" v="3970450000"/>
        <price t="2020-09-03" v="3807120000"/>
        <price t="2020-09-04" v="3679570000"/>
        <price t="2020-09-07" v="3700680000"/>
        <price t="2020-09-08" v="3664890000"/>
        <price t="2020-09-09" v="3730040000"/>
        <price t="2020-09-10" v="3708940000"/>
        <price t="2020-09-11" v="3697930000"/>
        <price t="2020-09-14" v="3727290000"/>
        <price t="2020-09-15" v="3759410000"/>
        <price t="2020-09-16" v="3751150000"/>
        <price t="2020-09-17" v="3682330000"/>
        <price t="2020-09-18" v="3612590000"/>
        <price t="2020-09-21" v="3488710000"/>
        <price t="2020-09-22" v="3555700000"/>
        <price t="2020-09-23" v="3661220000"/>
        <price t="2020-09-24" v="3637360000"/>
        <price t="2020-09-25" v="3574050000"/>
        <price t="2020-09-28" v="3580470000"/>
        <price t="2020-09-29" v="3545600000"/>
        <price t="2020-09-30" v="3610750000"/>
        <price t="2020-10-01" v="3641040000"/>
        <price t="2020-10-02" v="3630940000"/>
        <price t="2020-10-05" v="3686000000"/>
        <price t="2020-10-06" v="3637360000"/>
        <price t="2020-10-07" v="3616260000"/>
        <price t="2020-10-08" v="3559370000"/>
        <price t="2020-10-09" v="3670400000"/>
        <price t="2020-10-12" v="3752980000"/>
        <price t="2020-10-13" v="3797030000"/>
        <price t="2020-10-14" v="3850250000"/>
        <price t="2020-10-15" v="3760320000"/>
        <price t="2020-10-16" v="3832810000"/>
        <price t="2020-10-19" v="3899800000"/>
        <price t="2020-10-20" v="3798860000"/>
        <price t="2020-10-21" v="3723620000"/>
        <price t="2020-10-22" v="3687830000"/>
        <price t="2020-10-23" v="3642870000"/>
        <price t="2020-10-26" v="3716280000"/>
        <price t="2020-10-27" v="3820880000"/>
        <price t="2020-10-28" v="3801610000"/>
        <price t="2020-10-29" v="3817210000"/>
        <price t="2020-10-30" v="3935580000"/>
        <price t="2020-11-02" v="4028260000"/>
        <price t="2020-11-03" v="3898880000"/>
        <price t="2020-11-04" v="4179670000"/>
        <price t="2020-11-05" v="4335660000"/>
        <price t="2020-11-06" v="4446690000"/>
        <price t="2020-11-09" v="4427420000"/>
        <price t="2020-11-10" v="4100750000"/>
        <price t="2020-11-11" v="3979630000"/>
        <price t="2020-11-12" v="4120940000"/>
        <price t="2020-11-13" v="4074140000"/>
        <price t="2020-11-16" v="4043860000"/>
        <price t="2020-11-17" v="4025510000"/>
        <price t="2020-11-18" v="4071390000"/>
        <price t="2020-11-19" v="4025510000"/>
        <price t="2020-11-20" v="4175080000"/>
        <price t="2020-11-23" v="4195270000"/>
        <price t="2020-11-24" v="4246650000"/>
        <price t="2020-11-25" v="4231970000"/>
        <price t="2020-11-26" v="4306290000"/>
        <price t="2020-11-27" v="4277850000"/>
        <price t="2020-11-30" v="4167740000"/>
        <price t="2020-12-01" v="4289780000"/>
        <price t="2020-12-02" v="4238390000"/>
        <price t="2020-12-03" v="4306290000"/>
        <price t="2020-12-04" v="4268670000"/>
        <price t="2020-12-07" v="4260410000"/>
        <price t="2020-12-08" v="4209950000"/>
        <price t="2020-12-09" v="4266840000"/>
        <price t="2020-12-10" v="4231970000"/>
        <price t="2020-12-11" v="4259500000"/>
        <price t="2020-12-14" v="4132870000"/>
        <price t="2020-12-15" v="4179670000"/>
        <price t="2020-12-16" v="4179670000"/>
        <price t="2020-12-17" v="4222790000"/>
        <price t="2020-12-18" v="4128280000"/>
        <price t="2020-12-21" v="4181500000"/>
        <price t="2020-12-22" v="4108090000"/>
        <price t="2020-12-23" v="4146630000"/>
        <price t="2020-12-24" v="4110850000"/>
        <price t="2020-12-28" v="3960360000"/>
        <price t="2020-12-29" v="4013580000"/>
        <price t="2020-12-30" v="4058540000"/>
        <price t="2020-12-31" v="4053950000"/>
        <price t="2021-01-04" v="4059460000"/>
        <price t="2021-01-05" v="4142040000"/>
        <price t="2021-01-06" v="4086070000"/>
        <price t="2021-01-07" v="3842910000"/>
        <price t="2021-01-08" v="3987890000"/>
        <price t="2021-01-11" v="4002570000"/>
        <price t="2021-01-12" v="4044780000"/>
        <price t="2021-01-13" v="4040190000"/>
        <price t="2021-01-14" v="4256740000"/>
        <price t="2021-01-15" v="4231970000"/>
        <price t="2021-01-18" v="4266840000"/>
        <price t="2021-01-19" v="4425580000"/>
        <price t="2021-01-20" v="4489810000"/>
        <price t="2021-01-21" v="4468710000"/>
        <price t="2021-01-22" v="4549460000"/>
        <price t="2021-01-25" v="4711870000"/>
        <price t="2021-01-26" v="4583410000"/>
        <price t="2021-01-27" v="4411820000"/>
        <price t="2021-01-28" v="4468710000"/>
        <price t="2021-01-29" v="4396220000"/>
        <price t="2021-02-01" v="4488900000"/>
        <price t="2021-02-02" v="4543040000"/>
        <price t="2021-02-03" v="4588000000"/>
        <price t="2021-02-04" v="4629290000"/>
        <price t="2021-02-05" v="4590290000"/>
        <price t="2021-02-08" v="4631580000"/>
        <price t="2021-02-09" v="4682050000"/>
        <price t="2021-02-10" v="4737110000"/>
        <price t="2021-02-11" v="4803630000"/>
        <price t="2021-02-12" v="4831160000"/>
        <price t="2021-02-15" v="4879340000"/>
        <price t="2021-02-16" v="4831160000"/>
        <price t="2021-02-17" v="5003210000"/>
        <price t="2021-02-18" v="4973390000"/>
        <price t="2021-02-19" v="4964210000"/>
        <price t="2021-02-22" v="4757750000"/>
        <price t="2021-02-23" v="4645350000"/>
        <price t="2021-02-24" v="4562310000"/>
        <price t="2021-02-25" v="4556800000"/>
        <price t="2021-02-26" v="4498990000"/>
        <price t="2021-03-01" v="4592590000"/>
        <price t="2021-03-02" v="4583410000"/>
        <price t="2021-03-03" v="4633880000"/>
        <price t="2021-03-04" v="4509080000"/>
        <price t="2021-03-05" v="4352170000"/>
        <price t="2021-03-08" v="4300790000"/>
        <price t="2021-03-09" v="4447610000"/>
        <price t="2021-03-10" v="4521930000"/>
        <price t="2021-03-11" v="4645350000"/>
        <price t="2021-03-12" v="4335660000"/>
        <price t="2021-03-15" v="4317310000"/>
        <price t="2021-03-16" v="4352170000"/>
        <price t="2021-03-17" v="4267760000"/>
        <price t="2021-03-18" v="4265920000"/>
        <price t="2021-03-19" v="4304460000"/>
        <price t="2021-03-22" v="4345750000"/>
        <price t="2021-03-23" v="4370530000"/>
        <price t="2021-03-24" v="4271430000"/>
        <price t="2021-03-25" v="4265000000"/>
        <price t="2021-03-26" v="4336580000"/>
        <price t="2021-03-29" v="4294370000"/>
        <price t="2021-03-30" v="4355850000"/>
        <price t="2021-03-31" v="4349420000"/>
        <price t="2021-04-01" v="4580660000"/>
        <price t="2021-04-06" v="4519180000"/>
        <price t="2021-04-07" v="4310880000"/>
        <price t="2021-04-08" v="4387500000"/>
        <price t="2021-04-09" v="4335200000"/>
        <price t="2021-04-12" v="4251700000"/>
        <price t="2021-04-13" v="4318680000"/>
        <price t="2021-04-14" v="4350340000"/>
        <price t="2021-04-15" v="4407230000"/>
        <price t="2021-04-16" v="4413200000"/>
        <price t="2021-04-19" v="4326020000"/>
        <price t="2021-04-20" v="4242060000"/>
        <price t="2021-04-21" v="4220960000"/>
        <price t="2021-04-22" v="4256740000"/>
        <price t="2021-04-23" v="4269130000"/>
        <price t="2021-04-26" v="4224170000"/>
        <price t="2021-04-27" v="4246650000"/>
        <price t="2021-04-28" v="4251240000"/>
        <price t="2021-04-29" v="4184250000"/>
        <price t="2021-04-30" v="4139750000"/>
        <price t="2021-05-03" v="4137460000"/>
        <price t="2021-05-04" v="3989260000"/>
        <price t="2021-05-05" v="4030100000"/>
        <price t="2021-05-06" v="4042030000"/>
        <price t="2021-05-07" v="4117270000"/>
        <price t="2021-05-10" v="3973210000"/>
        <price t="2021-05-11" v="3888330000"/>
        <price t="2021-05-12" v="3970450000"/>
        <price t="2021-05-13" v="3832350000"/>
        <price t="2021-05-14" v="3858510000"/>
        <price t="2021-05-17" v="3879150000"/>
        <price t="2021-05-18" v="3862180000"/>
        <price t="2021-05-19" v="3803910000"/>
        <price t="2021-05-20" v="3899800000"/>
        <price t="2021-05-21" v="3830980000"/>
        <price t="2021-05-24" v="3849330000"/>
        <price t="2021-05-25" v="3904390000"/>
        <price t="2021-05-26" v="3888330000"/>
        <price t="2021-05-27" v="3814460000"/>
        <price t="2021-05-28" v="3892920000"/>
        <price t="2021-05-31" v="3895670000"/>
        <price t="2021-06-01" v="3937880000"/>
        <price t="2021-06-02" v="3998440000"/>
        <price t="2021-06-03" v="3954400000"/>
        <price t="2021-06-04" v="3992480000"/>
        <price t="2021-06-07" v="3920900000"/>
        <price t="2021-06-08" v="3919990000"/>
        <price t="2021-06-09" v="3891080000"/>
        <price t="2021-06-10" v="3885580000"/>
        <price t="2021-06-11" v="3923660000"/>
        <price t="2021-06-14" v="3913100000"/>
        <price t="2021-06-15" v="3857590000"/>
        <price t="2021-06-16" v="3924110000"/>
        <price t="2021-06-17" v="3941550000"/>
        <price t="2021-06-18" v="3862640000"/>
        <price t="2021-06-21" v="3880990000"/>
        <price t="2021-06-22" v="3757570000"/>
        <price t="2021-06-23" v="3773170000"/>
        <price t="2021-06-24" v="3752060000"/>
        <price t="2021-06-25" v="3761240000"/>
        <price t="2021-06-28" v="3780510000"/>
        <price t="2021-06-29" v="3813540000"/>
        <price t="2021-06-30" v="3783720000"/>
        <price t="2021-07-01" v="3737380000"/>
        <price t="2021-07-02" v="3784180000"/>
        <price t="2021-07-05" v="3555240000"/>
        <price t="2021-07-06" v="3617640000"/>
        <price t="2021-07-07" v="3676820000"/>
        <price t="2021-07-08" v="3527710000"/>
        <price t="2021-07-09" v="3549270000"/>
        <price t="2021-07-12" v="3564420000"/>
        <price t="2021-07-13" v="3642870000"/>
        <price t="2021-07-14" v="3681870000"/>
        <price t="2021-07-15" v="3692880000"/>
        <price t="2021-07-16" v="3721780000"/>
        <price t="2021-07-19" v="3673610000"/>
        <price t="2021-07-20" v="3628650000"/>
        <price t="2021-07-21" v="3681870000"/>
        <price t="2021-07-22" v="3738760000"/>
        <price t="2021-07-23" v="3669020000"/>
        <price t="2021-07-26" v="3344650000"/>
        <price t="2021-07-27" v="3104240000"/>
        <price t="2021-07-28" v="3309320000"/>
        <price t="2021-07-29" v="3507980000"/>
        <price t="2021-07-30" v="3434120000"/>
        <price t="2021-08-02" v="3480460000"/>
        <price t="2021-08-03" v="3240040000"/>
        <price t="2021-08-04" v="3336390000"/>
        <price t="2021-08-05" v="3289140000"/>
        <price t="2021-08-06" v="3313910000"/>
        <price t="2021-08-09" v="3436410000"/>
        <price t="2021-08-10" v="3595610000"/>
        <price t="2021-08-11" v="3605710000"/>
        <price t="2021-08-12" v="3594700000"/>
        <price t="2021-08-13" v="3484130000"/>
        <price t="2021-08-16" v="3351990000"/>
        <price t="2021-08-17" v="3243260000"/>
        <price t="2021-08-18" v="3303820000"/>
        <price t="2021-08-19" v="3148280000"/>
        <price t="2021-08-20" v="3158840000"/>
        <price t="2021-08-23" v="3135900000"/>
        <price t="2021-08-24" v="3254730000"/>
        <price t="2021-08-25" v="3285470000"/>
        <price t="2021-08-26" v="3254730000"/>
        <price t="2021-08-27" v="3292810000"/>
        <price t="2021-08-30" v="3229490000"/>
        <price t="2021-08-31" v="3436410000"/>
        <price t="2021-09-01" v="3563960000"/>
        <price t="2021-09-02" v="3583230000"/>
        <price t="2021-09-03" v="3549270000"/>
        <price t="2021-09-06" v="3620390000"/>
        <price t="2021-09-07" v="3668100000"/>
        <price t="2021-09-08" v="3599280000"/>
        <price t="2021-09-09" v="3412550000"/>
        <price t="2021-09-10" v="3389150000"/>
        <price t="2021-09-13" v="3291430000"/>
        <price t="2021-09-14" v="3263440000"/>
        <price t="2021-09-15" v="3176730000"/>
        <price t="2021-09-16" v="3205630000"/>
        <price t="2021-09-17" v="3162050000"/>
        <price t="2021-09-20" v="3112040000"/>
        <price t="2021-09-21" v="3133600000"/>
        <price t="2021-09-22" v="3178560000"/>
        <price t="2021-09-23" v="3247380000"/>
        <price t="2021-09-24" v="3221230000"/>
        <price t="2021-09-27" v="3212520000"/>
        <price t="2021-09-28" v="3173060000"/>
        <price t="2021-09-29" v="3190490000"/>
        <price t="2021-09-30" v="3165260000"/>
        <price t="2021-10-01" v="3115250000"/>
        <price t="2021-10-04" v="3040010000"/>
        <price t="2021-10-05" v="3118000000"/>
        <price t="2021-10-06" v="3101490000"/>
        <price t="2021-10-07" v="3317580000"/>
        <price t="2021-10-08" v="3291890000"/>
        <price t="2021-10-11" v="3279960000"/>
        <price t="2021-10-12" v="3236370000"/>
        <price t="2021-10-13" v="3265740000"/>
        <price t="2021-10-14" v="3304730000"/>
        <price t="2021-10-15" v="3400620000"/>
        <price t="2021-10-18" v="3383190000"/>
        <price t="2021-10-19" v="3496050000"/>
        <price t="2021-10-20" v="3619010000"/>
        <price t="2021-10-21" v="3601580000"/>
        <price t="2021-10-22" v="3617640000"/>
        <price t="2021-10-25" v="3516240000"/>
        <price t="2021-10-26" v="3539640000"/>
        <price t="2021-10-27" v="3486880000"/>
        <price t="2021-10-28" v="3511190000"/>
        <price t="2021-10-29" v="3496510000"/>
        <price t="2021-11-01" v="3492380000"/>
        <price t="2021-11-02" v="3394200000"/>
        <price t="2021-11-03" v="3484580000"/>
        <price t="2021-11-04" v="3474030000"/>
        <price t="2021-11-05" v="3345110000"/>
        <price t="2021-11-08" v="3320790000"/>
        <price t="2021-11-09" v="3333640000"/>
        <price t="2021-11-10" v="3336390000"/>
        <price t="2021-11-11" v="3358410000"/>
        <price t="2021-11-12" v="3419430000"/>
        <price t="2021-11-15" v="3455220000"/>
        <price t="2021-11-16" v="3600200000"/>
        <price t="2021-11-17" v="3557990000"/>
        <price t="2021-11-18" v="3532760000"/>
        <price t="2021-11-19" v="3550190000"/>
        <price t="2021-11-22" v="3466230000"/>
        <price t="2021-11-23" v="3418060000"/>
        <price t="2021-11-24" v="3378600000"/>
        <price t="2021-11-25" v="3367590000"/>
        <price t="2021-11-26" v="3271700000"/>
        <price t="2021-11-29" v="3242800000"/>
        <price t="2021-11-30" v="3253810000"/>
        <price t="2021-12-01" v="3424020000"/>
        <price t="2021-12-02" v="3317120000"/>
        <price t="2021-12-03" v="3223530000"/>
        <price t="2021-12-06" v="3275830000"/>
        <price t="2021-12-07" v="3485040000"/>
        <price t="2021-12-08" v="3398790000"/>
        <price t="2021-12-09" v="3362540000"/>
        <price t="2021-12-10" v="3311160000"/>
        <price t="2021-12-13" v="3263440000"/>
        <price t="2021-12-14" v="3190490000"/>
        <price t="2021-12-15" v="3138650000"/>
        <price t="2021-12-16" v="3191410000"/>
        <price t="2021-12-17" v="3184990000"/>
        <price t="2021-12-20" v="3116170000"/>
        <price t="2021-12-21" v="3142780000"/>
        <price t="2021-12-22" v="3204260000"/>
        <price t="2021-12-23" v="3352910000"/>
        <price t="2021-12-24" v="3326300000"/>
        <price t="2021-12-27" v="3374470000"/>
        <price t="2021-12-28" v="3268950000"/>
        <price t="2021-12-29" v="3229950000"/>
        <price t="2021-12-30" v="3311160000"/>
        <price t="2021-12-31" v="3373550000"/>
        <price t="2022-01-03" v="3399250000"/>
        <price t="2022-01-04" v="3385480000"/>
        <price t="2022-01-05" v="3323090000"/>
        <price t="2022-01-06" v="3256560000"/>
        <price t="2022-01-07" v="3255180000"/>
        <price t="2022-01-10" v="3240040000"/>
        <price t="2022-01-11" v="3416680000"/>
        <price t="2022-01-12" v="3595610000"/>
        <price t="2022-01-13" v="3573130000"/>
        <price t="2022-01-14" v="3548360000"/>
        <price t="2022-01-17" v="3520830000"/>
        <price t="2022-01-18" v="3404290000"/>
        <price t="2022-01-19" v="3349240000"/>
        <price t="2022-01-20" v="3565330000"/>
        <price t="2022-01-21" v="3507980000"/>
        <price t="2022-01-24" v="3325380000"/>
        <price t="2022-01-25" v="3197830000"/>
        <price t="2022-01-26" v="3250140000"/>
        <price t="2022-01-27" v="3234540000"/>
        <price t="2022-01-28" v="3237290000"/>
        <price t="2022-01-31" v="3369430000"/>
        <price t="2022-02-01" v="3428610000"/>
        <price t="2022-02-02" v="3318960000"/>
        <price t="2022-02-03" v="3243710000"/>
        <price t="2022-02-04" v="3252430000"/>
        <price t="2022-02-07" v="3264360000"/>
        <price t="2022-02-08" v="3282250000"/>
        <price t="2022-02-09" v="3374470000"/>
        <price t="2022-02-10" v="3279960000"/>
        <price t="2022-02-11" v="3163880000"/>
        <price t="2022-02-14" v="3112040000"/>
        <price t="2022-02-15" v="3113420000"/>
        <price t="2022-02-16" v="3103780000"/>
        <price t="2022-02-17" v="3071210000"/>
        <price t="2022-02-18" v="2961550000"/>
        <price t="2022-02-21" v="2747290000"/>
        <price t="2022-02-22" v="2727110000"/>
        <price t="2022-02-23" v="2592220000"/>
        <price t="2022-02-24" v="2458710000"/>
        <price t="2022-02-25" v="2500000000"/>
        <price t="2022-02-28" v="2542670000"/>
        <price t="2022-03-01" v="2507800000"/>
        <price t="2022-03-02" v="2480270000"/>
        <price t="2022-03-03" v="2378880000"/>
        <price t="2022-03-04" v="2176320000"/>
        <price t="2022-03-07" v="2218300000"/>
        <price t="2022-03-08" v="2292850000"/>
        <price t="2022-03-09" v="2473390000"/>
        <price t="2022-03-10" v="2353180000"/>
        <price t="2022-03-11" v="2323360000"/>
        <price t="2022-03-14" v="2082950000"/>
        <price t="2022-03-15" v="1945080000"/>
        <price t="2022-03-16" v="2409620000"/>
        <price t="2022-03-17" v="2348140000"/>
        <price t="2022-03-18" v="2472930000"/>
        <price t="2022-03-21" v="2342170000"/>
        <price t="2022-03-22" v="2421550000"/>
        <price t="2022-03-23" v="2305010000"/>
        <price t="2022-03-24" v="2266240000"/>
        <price t="2022-03-25" v="2206600000"/>
        <price t="2022-03-28" v="2195590000"/>
        <price t="2022-03-29" v="2307300000"/>
        <price t="2022-03-30" v="2294000000"/>
        <price t="2022-03-31" v="2228620000"/>
        <price t="2022-04-01" v="2333460000"/>
        <price t="2022-04-04" v="2445860000"/>
        <price t="2022-04-05" v="2406400000"/>
        <price t="2022-04-06" v="2265090000"/>
        <price t="2022-04-07" v="2204300000"/>
        <price t="2022-04-08" v="2196730000"/>
        <price t="2022-04-11" v="2221050000"/>
        <price t="2022-04-12" v="2202470000"/>
        <price t="2022-04-13" v="2218530000"/>
        <price t="2022-04-14" v="2157510000"/>
        <price t="2022-04-19" v="2059090000"/>
        <price t="2022-04-20" v="2054960000"/>
        <price t="2022-04-21" v="1980870000"/>
        <price t="2022-04-22" v="2007480000"/>
        <price t="2022-04-25" v="1957930000"/>
        <price t="2022-04-26" v="1952880000"/>
        <price t="2022-04-27" v="1997840000"/>
        <price t="2022-04-28" v="1960910000"/>
        <price t="2022-04-29" v="2137550000"/>
        <price t="2022-05-02" v="2093730000"/>
        <price t="2022-05-03" v="2124930000"/>
        <price t="2022-05-04" v="2044410000"/>
        <price t="2022-05-05" v="1953340000"/>
        <price t="2022-05-06" v="1936590000"/>
        <price t="2022-05-09" v="1838180000"/>
        <price t="2022-05-10" v="1853090000"/>
        <price t="2022-05-11" v="1984310000"/>
        <price t="2022-05-12" v="2003350000"/>
        <price t="2022-05-13" v="2014590000"/>
        <price t="2022-05-16" v="2025140000"/>
        <price t="2022-05-17" v="2148330000"/>
        <price t="2022-05-18" v="2055420000"/>
        <price t="2022-05-19" v="2087540000"/>
        <price t="2022-05-20" v="2085930000"/>
        <price t="2022-05-23" v="2044180000"/>
        <price t="2022-05-24" v="1907460000"/>
        <price t="2022-05-25" v="1997380000"/>
        <price t="2022-05-26" v="2080430000"/>
        <price t="2022-05-27" v="2104510000"/>
        <price t="2022-05-30" v="2171960000"/>
        <price t="2022-05-31" v="2215090000"/>
        <price t="2022-06-01" v="2153610000"/>
        <price t="2022-06-02" v="2155670000"/>
        <price t="2022-06-03" v="2121260000"/>
        <price t="2022-06-06" v="2243990000"/>
        <price t="2022-06-07" v="2199940000"/>
        <price t="2022-06-08" v="2380710000"/>
        <price t="2022-06-09" v="2338500000"/>
        <price t="2022-06-10" v="2274730000"/>
        <price t="2022-06-13" v="2199260000"/>
        <price t="2022-06-14" v="2185950000"/>
        <price t="2022-06-15" v="2295830000"/>
        <price t="2022-06-16" v="2168290000"/>
        <price t="2022-06-17" v="2242610000"/>
        <price t="2022-06-20" v="2257070000"/>
        <price t="2022-06-21" v="2292620000"/>
        <price t="2022-06-22" v="2277940000"/>
        <price t="2022-06-23" v="2328410000"/>
        <price t="2022-06-24" v="2434850000"/>
        <price t="2022-06-27" v="2817490000"/>
        <price t="2022-06-28" v="2772070000"/>
        <price t="2022-06-29" v="2853730000"/>
        <price t="2022-06-30" v="2866580000"/>
        <price t="2022-07-01" v="2963390000"/>
        <price t="2022-07-04" v="2962930000"/>
        <price t="2022-07-05" v="3059280000"/>
        <price t="2022-07-06" v="3057900000"/>
        <price t="2022-07-07" v="3283630000"/>
        <price t="2022-07-08" v="3101490000"/>
        <price t="2022-07-11" v="3054230000"/>
        <price t="2022-07-12" v="3091390000"/>
        <price t="2022-07-13" v="2978070000"/>
        <price t="2022-07-14" v="2984490000"/>
        <price t="2022-07-15" v="2913380000"/>
        <price t="2022-07-18" v="3019820000"/>
        <price t="2022-07-19" v="3083130000"/>
        <price t="2022-07-20" v="3134980000"/>
        <price t="2022-07-21" v="3173060000"/>
        <price t="2022-07-22" v="3146910000"/>
        <price t="2022-07-25" v="3101950000"/>
        <price t="2022-07-26" v="3051480000"/>
        <price t="2022-07-27" v="3018440000"/>
        <price t="2022-07-28" v="3039550000"/>
        <price t="2022-07-29" v="2918430000"/>
        <price t="2022-08-01" v="2886770000"/>
        <price t="2022-08-02" v="2864290000"/>
        <price t="2022-08-03" v="2959720000"/>
        <price t="2022-08-04" v="2978990000"/>
        <price t="2022-08-05" v="2918880000"/>
        <price t="2022-08-08" v="2934480000"/>
        <price t="2022-08-09" v="2879890000"/>
        <price t="2022-08-10" v="2883100000"/>
        <price t="2022-08-11" v="2920260000"/>
        <price t="2022-08-12" v="2884470000"/>
        <price t="2022-08-15" v="2907410000"/>
        <price t="2022-08-16" v="2973020000"/>
        <price t="2022-08-17" v="2962930000"/>
        <price t="2022-08-18" v="2922550000"/>
        <price t="2022-08-19" v="2884020000"/>
        <price t="2022-08-22" v="2874380000"/>
        <price t="2022-08-23" v="2857860000"/>
        <price t="2022-08-24" v="2877130000"/>
        <price t="2022-08-25" v="3062030000"/>
        <price t="2022-08-26" v="2978990000"/>
        <price t="2022-08-29" v="2928980000"/>
        <price t="2022-08-30" v="2861080000"/>
        <price t="2022-08-31" v="2833090000"/>
        <price t="2022-09-01" v="2731230000"/>
        <price t="2022-09-02" v="2756930000"/>
        <price t="2022-09-05" v="2723440000"/>
        <price t="2022-09-06" v="2671590000"/>
        <price t="2022-09-07" v="2666540000"/>
        <price t="2022-09-08" v="2690860000"/>
        <price t="2022-09-09" v="2745920000"/>
        <price t="2022-09-12" v="2776660000"/>
        <price t="2022-09-13" v="2719770000"/>
        <price t="2022-09-14" v="2726650000"/>
        <price t="2022-09-15" v="2710590000"/>
        <price t="2022-09-16" v="2639930000"/>
        <price t="2022-09-19" v="2619750000"/>
        <price t="2022-09-20" v="2638560000"/>
        <price t="2022-09-21" v="2610570000"/>
        <price t="2022-09-22" v="2524780000"/>
        <price t="2022-09-23" v="2450450000"/>
        <price t="2022-09-26" v="2542670000"/>
        <price t="2022-09-27" v="2512390000"/>
        <price t="2022-09-28" v="2509630000"/>
        <price t="2022-09-29" v="2419710000"/>
        <price t="2022-09-30" v="2476140000"/>
        <price t="2022-10-03" v="2477520000"/>
        <price t="2022-10-04" v="2605980000"/>
        <price t="2022-10-05" v="2559190000"/>
        <price t="2022-10-06" v="2616990000"/>
        <price t="2022-10-07" v="2505510000"/>
        <price t="2022-10-10" v="2438060000"/>
        <price t="2022-10-11" v="2452740000"/>
        <price t="2022-10-12" v="2397230000"/>
        <price t="2022-10-13" v="2318320000"/>
        <price t="2022-10-14" v="2346760000"/>
        <price t="2022-10-17" v="2449990000"/>
        <price t="2022-10-18" v="2470640000"/>
        <price t="2022-10-19" v="2326570000"/>
        <price t="2022-10-20" v="2326110000"/>
        <price t="2022-10-21" v="2253400000"/>
        <price t="2022-10-24" v="1863190000"/>
        <price t="2022-10-25" v="1916410000"/>
        <price t="2022-10-26" v="1995780000"/>
        <price t="2022-10-27" v="2000600000"/>
        <price t="2022-10-28" v="1895300000"/>
        <price t="2022-10-31" v="2020550000"/>
        <price t="2022-11-01" v="2208660000"/>
        <price t="2022-11-02" v="2169660000"/>
        <price t="2022-11-03" v="2137780000"/>
        <price t="2022-11-04" v="2299500000"/>
        <price t="2022-11-07" v="2330700000"/>
        <price t="2022-11-08" v="2316020000"/>
        <price t="2022-11-09" v="2234350000"/>
        <price t="2022-11-10" v="2371540000"/>
        <price t="2022-11-11" v="2527990000"/>
        <price t="2022-11-14" v="2530740000"/>
        <price t="2022-11-15" v="2709210000"/>
        <price t="2022-11-16" v="2733530000"/>
        <price t="2022-11-17" v="2771610000"/>
        <price t="2022-11-18" v="2708300000"/>
        <price t="2022-11-21" v="2667920000"/>
        <price t="2022-11-22" v="2597270000"/>
        <price t="2022-11-23" v="2653700000"/>
        <price t="2022-11-24" v="2695450000"/>
        <price t="2022-11-25" v="2668840000"/>
        <price t="2022-11-28" v="2760140000"/>
        <price t="2022-11-29" v="2765190000"/>
        <price t="2022-11-30" v="2867040000"/>
        <price t="2022-12-01" v="2841810000"/>
        <price t="2022-12-02" v="2857860000"/>
        <price t="2022-12-05" v="2921640000"/>
        <price t="2022-12-06" v="2883560000"/>
        <price t="2022-12-07" v="2868420000"/>
        <price t="2022-12-08" v="2954670000"/>
        <price t="2022-12-09" v="2981280000"/>
        <price t="2022-12-12" v="2932190000"/>
        <price t="2022-12-13" v="3056520000"/>
        <price t="2022-12-14" v="3052850000"/>
        <price t="2022-12-15" v="2940450000"/>
        <price t="2022-12-16" v="2927140000"/>
        <price t="2022-12-19" v="2934020000"/>
        <price t="2022-12-20" v="2898240000"/>
        <price t="2022-12-21" v="2950080000"/>
        <price t="2022-12-22" v="2922550000"/>
        <price t="2022-12-23" v="2916130000"/>
        <price t="2022-12-27" v="2970730000"/>
        <price t="2022-12-28" v="2938610000"/>
        <price t="2022-12-29" v="3033130000"/>
        <price t="2022-12-30" v="2956960000"/>
        <price t="2023-01-02" v="3035420000"/>
        <price t="2023-01-03" v="3159300000"/>
        <price t="2023-01-04" v="3330430000"/>
        <price t="2023-01-05" v="3271240000"/>
        <price t="2023-01-06" v="3339600000"/>
        <price t="2023-01-09" v="3406590000"/>
        <price t="2023-01-10" v="3412090000"/>
        <price t="2023-01-11" v="3468980000"/>
        <price t="2023-01-12" v="3452010000"/>
        <price t="2023-01-13" v="3490090000"/>
        <price t="2023-01-16" v="3434120000"/>
        <price t="2023-01-17" v="3466230000"/>
        <price t="2023-01-18" v="3454760000"/>
        <price t="2023-01-19" v="3411640000"/>
        <price t="2023-01-20" v="3457970000"/>
        <price t="2023-01-23" v="3492840000"/>
        <price t="2023-01-24" v="3508440000"/>
        <price t="2023-01-25" v="3491470000"/>
        <price t="2023-01-26" v="3574510000"/>
        <price t="2023-01-27" v="3617640000"/>
        <price t="2023-01-30" v="3390070000"/>
        <price t="2023-01-31" v="3386860000"/>
        <price t="2023-02-01" v="3357040000"/>
        <price t="2023-02-02" v="3390990000"/>
        <price t="2023-02-03" v="3437330000"/>
        <price t="2023-02-06" v="3360710000"/>
        <price t="2023-02-07" v="3385940000"/>
        <price t="2023-02-08" v="3381810000"/>
        <price t="2023-02-09" v="3456140000"/>
        <price t="2023-02-10" v="3396950000"/>
        <price t="2023-02-13" v="3478160000"/>
        <price t="2023-02-14" v="3409340000"/>
        <price t="2023-02-15" v="3457060000"/>
        <price t="2023-02-16" v="3431820000"/>
        <price t="2023-02-17" v="3349240000"/>
        <price t="2023-02-20" v="3339140000"/>
        <price t="2023-02-21" v="3182690000"/>
        <price t="2023-02-22" v="3162510000"/>
        <price t="2023-02-23" v="3148280000"/>
        <price t="2023-02-24" v="3058360000"/>
        <price t="2023-02-27" v="3106530000"/>
        <price t="2023-02-28" v="3116170000"/>
        <price t="2023-03-01" v="3216650000"/>
        <price t="2023-03-02" v="3196000000"/>
        <price t="2023-03-03" v="3220770000"/>
        <price t="2023-03-06" v="3196920000"/>
        <price t="2023-03-07" v="3118460000"/>
        <price t="2023-03-08" v="3116170000"/>
        <price t="2023-03-09" v="3030830000"/>
        <price t="2023-03-10" v="2991370000"/>
        <price t="2023-03-13" v="2975780000"/>
        <price t="2023-03-14" v="3040010000"/>
        <price t="2023-03-15" v="2958340000"/>
        <price t="2023-03-16" v="3003300000"/>
        <price t="2023-03-17" v="2979450000"/>
        <price t="2023-03-20" v="3011560000"/>
        <price t="2023-03-21" v="2998720000"/>
        <price t="2023-03-22" v="3084050000"/>
        <price t="2023-03-23" v="3279960000"/>
        <price t="2023-03-24" v="3243710000"/>
        <price t="2023-03-27" v="3069830000"/>
        <price t="2023-03-28" v="3205180000"/>
        <price t="2023-03-29" v="3294640000"/>
        <price t="2023-03-30" v="3306570000"/>
        <price t="2023-03-31" v="3300610000"/>
        <price t="2023-04-03" v="3288680000"/>
        <price t="2023-04-04" v="3272160000"/>
        <price t="2023-04-05" v="3205180000"/>
        <price t="2023-04-06" v="3226280000"/>
        <price t="2023-04-11" v="3172140000"/>
        <price t="2023-04-12" v="2976230000"/>
        <price t="2023-04-13" v="3085430000"/>
        <price t="2023-04-14" v="3118000000"/>
        <price t="2023-04-17" v="3227200000"/>
        <price t="2023-04-18" v="3254730000"/>
        <price t="2023-04-19" v="3223070000"/>
        <price t="2023-04-20" v="3231330000"/>
        <price t="2023-04-21" v="3180860000"/>
        <price t="2023-04-24" v="3076250000"/>
        <price t="2023-04-25" v="3036800000"/>
        <price t="2023-04-26" v="3073960000"/>
        <price t="2023-04-27" v="3105620000"/>
        <price t="2023-04-28" v="3113870000"/>
        <price t="2023-05-02" v="3073040000"/>
        <price t="2023-05-03" v="3047810000"/>
        <price t="2023-05-04" v="3028080000"/>
        <price t="2023-05-05" v="3090020000"/>
        <price t="2023-05-08" v="3071210000"/>
        <price t="2023-05-09" v="2909710000"/>
        <price t="2023-05-10" v="2962930000"/>
        <price t="2023-05-11" v="3010640000"/>
        <price t="2023-05-12" v="2980820000"/>
        <price t="2023-05-15" v="3122590000"/>
        <price t="2023-05-16" v="3119840000"/>
        <price t="2023-05-17" v="3197830000"/>
        <price t="2023-05-18" v="3119840000"/>
        <price t="2023-05-19" v="3105620000"/>
        <price t="2023-05-22" v="3117540000"/>
        <price t="2023-05-23" v="3062950000"/>
        <price t="2023-05-24" v="2999630000"/>
        <price t="2023-05-25" v="2923010000"/>
        <price t="2023-05-26" v="2968890000"/>
        <price t="2023-05-29" v="2908790000"/>
        <price t="2023-05-30" v="2895030000"/>
        <price t="2023-05-31" v="2824830000"/>
        <price t="2023-06-01" v="2904660000"/>
        <price t="2023-06-02" v="3038170000"/>
        <price t="2023-06-05" v="3012940000"/>
        <price t="2023-06-06" v="3021200000"/>
        <price t="2023-06-07" v="3013860000"/>
        <price t="2023-06-08" v="3041380000"/>
        <price t="2023-06-09" v="3036340000"/>
        <price t="2023-06-12" v="3073040000"/>
        <price t="2023-06-13" v="3110660000"/>
        <price t="2023-06-14" v="3106530000"/>
        <price t="2023-06-15" v="3159750000"/>
        <price t="2023-06-16" v="3173060000"/>
        <price t="2023-06-19" v="3190030000"/>
        <price t="2023-06-20" v="3016150000"/>
        <price t="2023-06-21" v="2968430000"/>
        <price t="2023-06-22" v="2948710000"/>
        <price t="2023-06-23" v="2885390000"/>
        <price t="2023-06-26" v="2901910000"/>
        <price t="2023-06-27" v="3082680000"/>
        <price t="2023-06-28" v="3083590000"/>
        <price t="2023-06-29" v="3031750000"/>
        <price t="2023-06-30" v="3079010000"/>
        <price t="2023-07-03" v="3090020000"/>
        <price t="2023-07-04" v="3112960000"/>
        <price t="2023-07-05" v="3040470000"/>
        <price t="2023-07-06" v="2890440000"/>
        <price t="2023-07-07" v="2945490000"/>
        <price t="2023-07-10" v="2941820000"/>
        <price t="2023-07-11" v="2969350000"/>
        <price t="2023-07-12" v="3092770000"/>
        <price t="2023-07-13" v="3178110000"/>
        <price t="2023-07-14" v="3176730000"/>
        <price t="2023-07-17" v="3137270000"/>
        <price t="2023-07-18" v="3090930000"/>
        <price t="2023-07-19" v="3113870000"/>
        <price t="2023-07-20" v="3073960000"/>
        <price t="2023-07-21" v="3061110000"/>
        <price t="2023-07-24" v="3094600000"/>
        <price t="2023-07-25" v="3153790000"/>
        <price t="2023-07-26" v="3139570000"/>
        <price t="2023-07-27" v="3190950000"/>
        <price t="2023-07-28" v="3332720000"/>
        <price t="2023-07-31" v="3304730000"/>
        <price t="2023-08-01" v="3281340000"/>
        <price t="2023-08-02" v="3150120000"/>
        <price t="2023-08-03" v="3195540000"/>
        <price t="2023-08-04" v="3160670000"/>
        <price t="2023-08-07" v="3082220000"/>
        <price t="2023-08-08" v="3039550000"/>
        <price t="2023-08-09" v="3044140000"/>
        <price t="2023-08-10" v="3113420000"/>
        <price t="2023-08-11" v="2995040000"/>
        <price t="2023-08-14" v="2997800000"/>
        <price t="2023-08-15" v="2996420000"/>
        <price t="2023-08-16" v="2928060000"/>
        <price t="2023-08-17" v="2964760000"/>
        <price t="2023-08-18" v="2926680000"/>
        <price t="2023-08-21" v="2892270000"/>
        <price t="2023-08-22" v="2897320000"/>
        <price t="2023-08-23" v="2914760000"/>
        <price t="2023-08-24" v="2885390000"/>
        <price t="2023-08-25" v="2868870000"/>
        <price t="2023-08-28" v="2942740000"/>
        <price t="2023-08-29" v="2980820000"/>
        <price t="2023-08-30" v="2895490000"/>
        <price t="2023-08-31" v="2926220000"/>
        <price t="2023-09-01" v="2965680000"/>
        <price t="2023-09-04" v="2982660000"/>
        <price t="2023-09-05" v="2982200000"/>
        <price t="2023-09-06" v="3000550000"/>
        <price t="2023-09-07" v="2907870000"/>
        <price t="2023-09-08" v="2894110000"/>
        <price t="2023-09-11" v="2950080000"/>
        <price t="2023-09-12" v="2969350000"/>
        <price t="2023-09-13" v="2944120000"/>
        <price t="2023-09-14" v="2978000000"/>
        <price t="2023-09-15" v="2959500000"/>
        <price t="2023-09-18" v="2896500000"/>
        <price t="2023-09-19" v="2884500000"/>
        <price t="2023-09-20" v="2887000000"/>
        <price t="2023-09-21" v="2736500000"/>
        <price t="2023-09-22" v="2866000000"/>
        <price t="2023-09-25" v="2793500000"/>
        <price t="2023-09-26" v="2757500000"/>
        <price t="2023-09-27" v="2770000000"/>
        <price t="2023-09-28" v="2778500000"/>
        <price t="2023-09-29" v="2792000000"/>
        <price t="2023-10-02" v="2786500000"/>
        <price t="2023-10-03" v="2713000000"/>
        <price t="2023-10-04" v="2715500000"/>
        <price t="2023-10-05" v="2696500000"/>
        <price t="2023-10-06" v="2770000000"/>
        <price t="2023-10-09" v="2746500000"/>
        <price t="2023-10-10" v="2840500000"/>
        <price t="2023-10-11" v="2875500000"/>
        <price t="2023-10-12" v="2823500000"/>
        <price t="2023-10-13" v="2760000000"/>
        <price t="2023-10-16" v="2795000000"/>
        <price t="2023-10-17" v="2780000000"/>
        <price t="2023-10-18" v="2718500000"/>
        <price t="2023-10-19" v="2645000000"/>
        <price t="2023-10-20" v="2604500000"/>
        <price t="2023-10-23" v="2611500000"/>
        <price t="2023-10-24" v="2659500000"/>
        <price t="2023-10-25" v="2637000000"/>
        <price t="2023-10-26" v="2600500000"/>
        <price t="2023-10-27" v="2628000000"/>
        <price t="2023-10-30" v="2649000000"/>
        <price t="2023-10-31" v="2643000000"/>
        <price t="2023-11-01" v="2668500000"/>
        <price t="2023-11-02" v="2694500000"/>
        <price t="2023-11-03" v="2830500000"/>
        <price t="2023-11-06" v="2849500000"/>
        <price t="2023-11-07" v="2858000000"/>
        <price t="2023-11-08" v="2860500000"/>
        <price t="2023-11-09" v="2897500000"/>
        <price t="2023-11-10" v="2841500000"/>
        <price t="2023-11-13" v="2888000000"/>
        <price t="2023-11-14" v="2960500000"/>
        <price t="2023-11-15" v="3133500000"/>
        <price t="2023-11-16" v="3006000000"/>
        <price t="2023-11-17" v="3024000000"/>
        <price t="2023-11-20" v="3066000000"/>
        <price t="2023-11-21" v="3011500000"/>
        <price t="2023-11-22" v="3028000000"/>
        <price t="2023-11-23" v="3065000000"/>
        <price t="2023-11-24" v="3048000000"/>
        <price t="2023-11-27" v="3031000000"/>
        <price t="2023-11-28" v="3011500000"/>
        <price t="2023-11-29" v="3007500000"/>
        <price t="2023-11-30" v="3040000000"/>
        <price t="2023-12-01" v="3030000000"/>
        <price t="2023-12-04" v="3045000000"/>
        <price t="2023-12-05" v="2995000000"/>
        <price t="2023-12-06" v="3005500000"/>
        <price t="2023-12-07" v="3010000000"/>
        <price t="2023-12-08" v="3008000000"/>
        <price t="2023-12-11" v="3017000000"/>
        <price t="2023-12-12" v="2996500000"/>
        <price t="2023-12-13" v="2976000000"/>
        <price t="2023-12-14" v="3011000000"/>
        <price t="2023-12-15" v="3041000000"/>
        <price t="2023-12-18" v="2919500000"/>
        <price t="2023-12-19" v="3007500000"/>
        <price t="2023-12-20" v="2974000000"/>
        <price t="2023-12-21" v="2959000000"/>
        <price t="2023-12-22" v="2563000000"/>
        <price t="2023-12-27" v="2625000000"/>
        <price t="2023-12-28" v="2675000000"/>
        <price t="2023-12-29" v="2698500000"/>
        <price t="2024-01-02" v="2686500000"/>
        <price t="2024-01-03" v="2725500000"/>
        <price t="2024-01-04" v="2758500000"/>
        <price t="2024-01-05" v="2729500000"/>
        <price t="2024-01-08" v="2723000000"/>
        <price t="2024-01-09" v="2700000000"/>
        <price t="2024-01-10" v="2672000000"/>
        <price t="2024-01-11" v="2673000000"/>
        <price t="2024-01-12" v="2705000000"/>
        <price t="2024-01-15" v="2673000000"/>
        <price t="2024-01-16" v="2638000000"/>
        <price t="2024-01-17" v="2577500000"/>
        <price t="2024-01-18" v="2618500000"/>
        <price t="2024-01-19" v="2576000000"/>
        <price t="2024-01-22" v="2560000000"/>
        <price t="2024-01-23" v="2698500000"/>
        <price t="2024-01-24" v="2798000000"/>
        <price t="2024-01-25" v="2810500000"/>
        <price t="2024-01-26" v="2827000000"/>
        <price t="2024-01-29" v="2803500000"/>
        <price t="2024-01-30" v="2781000000"/>
        <price t="2024-01-31" v="2753000000"/>
        <price t="2024-02-01" v="2786500000"/>
        <price t="2024-02-02" v="2807000000"/>
        <price t="2024-02-05" v="2803500000"/>
        <price t="2024-02-06" v="2940000000"/>
        <price t="2024-02-07" v="2941000000"/>
        <price t="2024-02-08" v="2938000000"/>
        <price t="2024-02-09" v="2940000000"/>
        <price t="2024-02-12" v="2971000000"/>
      </prices>
      <latest t="2024-02-12" v="2971000000">
        <high>-1</high>
        <low>-1</low>
        <volume>-1</volume>
      </latest>
      <attributes>
        <map/>
      </attributes>
      <events/>
      <isRetired>false</isRetired>
      <updatedAt>2024-02-09T22:40:45.131954300Z</updatedAt>
    </security>
    <security>
      <uuid>e660d39a-e6c4-42fa-b6ef-c66cd5db3050</uuid>
      <name>PROXIMUS</name>
      <currencyCode>EUR</currencyCode>
      <tickerSymbol>PROX.BR</tickerSymbol>
      <feed>YAHOO</feed>
      <prices>
        <price t="2014-02-12" v="109550000"/>
        <price t="2014-02-13" v="109950000"/>
        <price t="2014-02-14" v="111625000"/>
        <price t="2014-02-17" v="112525000"/>
        <price t="2014-02-18" v="113500000"/>
        <price t="2014-02-19" v="112675000"/>
        <price t="2014-02-20" v="111825000"/>
        <price t="2014-02-21" v="112375000"/>
        <price t="2014-02-24" v="114250000"/>
        <price t="2014-02-25" v="113950000"/>
        <price t="2014-02-26" v="113550000"/>
        <price t="2014-02-27" v="111150000"/>
        <price t="2014-02-28" v="109275000"/>
        <price t="2014-03-03" v="106250000"/>
        <price t="2014-03-04" v="109000000"/>
        <price t="2014-03-05" v="109425000"/>
        <price t="2014-03-06" v="112000000"/>
        <price t="2014-03-07" v="112300000"/>
        <price t="2014-03-10" v="114225000"/>
        <price t="2014-03-11" v="113925000"/>
        <price t="2014-03-12" v="113825000"/>
        <price t="2014-03-13" v="109025000"/>
        <price t="2014-03-14" v="109100000"/>
        <price t="2014-03-17" v="111800000"/>
        <price t="2014-03-18" v="112950000"/>
        <price t="2014-03-19" v="113350000"/>
        <price t="2014-03-20" v="113750000"/>
        <price t="2014-03-21" v="113025000"/>
        <price t="2014-03-24" v="111675000"/>
        <price t="2014-03-25" v="111450000"/>
        <price t="2014-03-26" v="112500000"/>
        <price t="2014-03-27" v="113025000"/>
        <price t="2014-03-28" v="114200000"/>
        <price t="2014-03-31" v="113650000"/>
        <price t="2014-04-01" v="114500000"/>
        <price t="2014-04-02" v="114775000"/>
        <price t="2014-04-03" v="114750000"/>
        <price t="2014-04-04" v="114000000"/>
        <price t="2014-04-07" v="113775000"/>
        <price t="2014-04-08" v="112600000"/>
        <price t="2014-04-09" v="114325000"/>
        <price t="2014-04-10" v="113775000"/>
        <price t="2014-04-11" v="113525000"/>
        <price t="2014-04-14" v="112900000"/>
        <price t="2014-04-15" v="111475000"/>
        <price t="2014-04-16" v="112500000"/>
        <price t="2014-04-17" v="112500000"/>
        <price t="2014-04-22" v="105500000"/>
        <price t="2014-04-23" v="105550000"/>
        <price t="2014-04-24" v="106600000"/>
        <price t="2014-04-25" v="106300000"/>
        <price t="2014-04-28" v="106725000"/>
        <price t="2014-04-29" v="109750000"/>
        <price t="2014-04-30" v="110300000"/>
        <price t="2014-05-02" v="111425000"/>
        <price t="2014-05-05" v="112150000"/>
        <price t="2014-05-06" v="113275000"/>
        <price t="2014-05-07" v="113075000"/>
        <price t="2014-05-08" v="113150000"/>
        <price t="2014-05-09" v="116425000"/>
        <price t="2014-05-12" v="117750000"/>
        <price t="2014-05-13" v="118325000"/>
        <price t="2014-05-14" v="118750000"/>
        <price t="2014-05-15" v="119150000"/>
        <price t="2014-05-16" v="119475000"/>
        <price t="2014-05-19" v="119225000"/>
        <price t="2014-05-20" v="119250000"/>
        <price t="2014-05-21" v="118975000"/>
        <price t="2014-05-22" v="119000000"/>
        <price t="2014-05-23" v="118775000"/>
        <price t="2014-05-26" v="119225000"/>
        <price t="2014-05-27" v="119075000"/>
        <price t="2014-05-28" v="121525000"/>
        <price t="2014-05-29" v="121500000"/>
        <price t="2014-05-30" v="121525000"/>
        <price t="2014-06-02" v="120900000"/>
        <price t="2014-06-03" v="119425000"/>
        <price t="2014-06-04" v="120325000"/>
        <price t="2014-06-05" v="121225000"/>
        <price t="2014-06-06" v="122250000"/>
        <price t="2014-06-09" v="123275000"/>
        <price t="2014-06-10" v="123400000"/>
        <price t="2014-06-11" v="122450000"/>
        <price t="2014-06-12" v="124300000"/>
        <price t="2014-06-13" v="123750000"/>
        <price t="2014-06-16" v="122875000"/>
        <price t="2014-06-17" v="123900000"/>
        <price t="2014-06-18" v="124100000"/>
        <price t="2014-06-19" v="123575000"/>
        <price t="2014-06-20" v="122775000"/>
        <price t="2014-06-23" v="123475000"/>
        <price t="2014-06-24" v="123925000"/>
        <price t="2014-06-25" v="121300000"/>
        <price t="2014-06-26" v="121650000"/>
        <price t="2014-06-27" v="122325000"/>
        <price t="2014-06-30" v="121175000"/>
        <price t="2014-07-01" v="122800000"/>
        <price t="2014-07-02" v="121625000"/>
        <price t="2014-07-03" v="121275000"/>
        <price t="2014-07-04" v="120650000"/>
        <price t="2014-07-07" v="120175000"/>
        <price t="2014-07-08" v="119900000"/>
        <price t="2014-07-09" v="120475000"/>
        <price t="2014-07-10" v="118650000"/>
        <price t="2014-07-11" v="118750000"/>
        <price t="2014-07-14" v="119825000"/>
        <price t="2014-07-15" v="120550000"/>
        <price t="2014-07-16" v="119600000"/>
        <price t="2014-07-17" v="117900000"/>
        <price t="2014-07-18" v="119225000"/>
        <price t="2014-07-21" v="119175000"/>
        <price t="2014-07-22" v="120150000"/>
        <price t="2014-07-23" v="120700000"/>
        <price t="2014-07-24" v="121700000"/>
        <price t="2014-07-25" v="120950000"/>
        <price t="2014-07-28" v="121850000"/>
        <price t="2014-07-29" v="123275000"/>
        <price t="2014-07-30" v="122775000"/>
        <price t="2014-07-31" v="122100000"/>
        <price t="2014-08-01" v="127900000"/>
        <price t="2014-08-04" v="130850000"/>
        <price t="2014-08-05" v="130300000"/>
        <price t="2014-08-06" v="130175000"/>
        <price t="2014-08-07" v="126800000"/>
        <price t="2014-08-08" v="125625000"/>
        <price t="2014-08-11" v="127525000"/>
        <price t="2014-08-12" v="127850000"/>
        <price t="2014-08-13" v="129250000"/>
        <price t="2014-08-14" v="129450000"/>
        <price t="2014-08-15" v="131750000"/>
        <price t="2014-08-18" v="131625000"/>
        <price t="2014-08-19" v="133000000"/>
        <price t="2014-08-20" v="132750000"/>
        <price t="2014-08-21" v="133950000"/>
        <price t="2014-08-22" v="133500000"/>
        <price t="2014-08-25" v="133200000"/>
        <price t="2014-08-26" v="133600000"/>
        <price t="2014-08-27" v="134975000"/>
        <price t="2014-08-28" v="135125000"/>
        <price t="2014-08-29" v="135675000"/>
        <price t="2014-09-01" v="135675000"/>
        <price t="2014-09-02" v="134900000"/>
        <price t="2014-09-03" v="134700000"/>
        <price t="2014-09-04" v="135375000"/>
        <price t="2014-09-05" v="136250000"/>
        <price t="2014-09-08" v="135925000"/>
        <price t="2014-09-09" v="136000000"/>
        <price t="2014-09-10" v="135625000"/>
        <price t="2014-09-11" v="135900000"/>
        <price t="2014-09-12" v="136125000"/>
        <price t="2014-09-15" v="136450000"/>
        <price t="2014-09-16" v="135675000"/>
        <price t="2014-09-17" v="136300000"/>
        <price t="2014-09-18" v="137500000"/>
        <price t="2014-09-19" v="137725000"/>
        <price t="2014-09-22" v="137350000"/>
        <price t="2014-09-23" v="135375000"/>
        <price t="2014-09-24" v="137250000"/>
        <price t="2014-09-25" v="135300000"/>
        <price t="2014-09-26" v="137000000"/>
        <price t="2014-09-29" v="137650000"/>
        <price t="2014-09-30" v="137800000"/>
        <price t="2014-10-01" v="139450000"/>
        <price t="2014-10-02" v="137550000"/>
        <price t="2014-10-03" v="140150000"/>
        <price t="2014-10-06" v="137850000"/>
        <price t="2014-10-07" v="137850000"/>
        <price t="2014-10-08" v="138400000"/>
        <price t="2014-10-09" v="138325000"/>
        <price t="2014-10-10" v="136750000"/>
        <price t="2014-10-13" v="134000000"/>
        <price t="2014-10-14" v="132450000"/>
        <price t="2014-10-15" v="128975000"/>
        <price t="2014-10-16" v="129275000"/>
        <price t="2014-10-17" v="131350000"/>
        <price t="2014-10-20" v="131125000"/>
        <price t="2014-10-21" v="133825000"/>
        <price t="2014-10-22" v="136500000"/>
        <price t="2014-10-23" v="138700000"/>
        <price t="2014-10-24" v="147450000"/>
        <price t="2014-10-27" v="147600000"/>
        <price t="2014-10-28" v="151750000"/>
        <price t="2014-10-29" v="151900000"/>
        <price t="2014-10-30" v="149900000"/>
        <price t="2014-10-31" v="150550000"/>
        <price t="2014-11-03" v="149475000"/>
        <price t="2014-11-04" v="150800000"/>
        <price t="2014-11-05" v="151925000"/>
        <price t="2014-11-06" v="148950000"/>
        <price t="2014-11-07" v="146975000"/>
        <price t="2014-11-10" v="148625000"/>
        <price t="2014-11-11" v="151050000"/>
        <price t="2014-11-12" v="150475000"/>
        <price t="2014-11-13" v="151000000"/>
        <price t="2014-11-14" v="151600000"/>
        <price t="2014-11-17" v="152500000"/>
        <price t="2014-11-18" v="155600000"/>
        <price t="2014-11-19" v="155350000"/>
        <price t="2014-11-20" v="153900000"/>
        <price t="2014-11-21" v="153300000"/>
        <price t="2014-11-24" v="153700000"/>
        <price t="2014-11-25" v="157200000"/>
        <price t="2014-11-26" v="156200000"/>
        <price t="2014-11-27" v="158000000"/>
        <price t="2014-11-28" v="158725000"/>
        <price t="2014-12-01" v="158050000"/>
        <price t="2014-12-02" v="157600000"/>
        <price t="2014-12-03" v="158975000"/>
        <price t="2014-12-04" v="159700000"/>
        <price t="2014-12-05" v="161000000"/>
        <price t="2014-12-08" v="161450000"/>
        <price t="2014-12-09" v="156800000"/>
        <price t="2014-12-10" v="154275000"/>
        <price t="2014-12-11" v="155975000"/>
        <price t="2014-12-12" v="150550000"/>
        <price t="2014-12-15" v="147750000"/>
        <price t="2014-12-16" v="149600000"/>
        <price t="2014-12-17" v="148775000"/>
        <price t="2014-12-18" v="150800000"/>
        <price t="2014-12-19" v="151200000"/>
        <price t="2014-12-22" v="153325000"/>
        <price t="2014-12-23" v="153400000"/>
        <price t="2014-12-24" v="153150000"/>
        <price t="2014-12-29" v="150625000"/>
        <price t="2014-12-30" v="150000000"/>
        <price t="2014-12-31" v="150500000"/>
        <price t="2015-01-02" v="150175000"/>
        <price t="2015-01-05" v="147600000"/>
        <price t="2015-01-06" v="147125000"/>
        <price t="2015-01-07" v="148500000"/>
        <price t="2015-01-08" v="146475000"/>
        <price t="2015-01-09" v="148200000"/>
        <price t="2015-01-12" v="150500000"/>
        <price t="2015-01-13" v="153025000"/>
        <price t="2015-01-14" v="152150000"/>
        <price t="2015-01-15" v="153475000"/>
        <price t="2015-01-16" v="156925000"/>
        <price t="2015-01-19" v="156450000"/>
        <price t="2015-01-20" v="157000000"/>
        <price t="2015-01-21" v="157150000"/>
        <price t="2015-01-22" v="159400000"/>
        <price t="2015-01-23" v="163825000"/>
        <price t="2015-01-26" v="166550000"/>
        <price t="2015-01-27" v="166525000"/>
        <price t="2015-01-28" v="166225000"/>
        <price t="2015-01-29" v="166800000"/>
        <price t="2015-01-30" v="164975000"/>
        <price t="2015-02-02" v="164225000"/>
        <price t="2015-02-03" v="165300000"/>
        <price t="2015-02-04" v="167375000"/>
        <price t="2015-02-05" v="167350000"/>
        <price t="2015-02-06" v="167750000"/>
        <price t="2015-02-09" v="165025000"/>
        <price t="2015-02-10" v="170450000"/>
        <price t="2015-02-11" v="170375000"/>
        <price t="2015-02-12" v="171300000"/>
        <price t="2015-02-13" v="171900000"/>
        <price t="2015-02-16" v="171875000"/>
        <price t="2015-02-17" v="172300000"/>
        <price t="2015-02-18" v="174725000"/>
        <price t="2015-02-19" v="175975000"/>
        <price t="2015-02-20" v="175675000"/>
        <price t="2015-02-23" v="176500000"/>
        <price t="2015-02-24" v="176650000"/>
        <price t="2015-02-25" v="178350000"/>
        <price t="2015-02-26" v="178025000"/>
        <price t="2015-02-27" v="168075000"/>
        <price t="2015-03-02" v="169250000"/>
        <price t="2015-03-03" v="166875000"/>
        <price t="2015-03-04" v="169125000"/>
        <price t="2015-03-05" v="167600000"/>
        <price t="2015-03-06" v="167500000"/>
        <price t="2015-03-09" v="164775000"/>
        <price t="2015-03-10" v="162450000"/>
        <price t="2015-03-11" v="164250000"/>
        <price t="2015-03-12" v="161750000"/>
        <price t="2015-03-13" v="161275000"/>
        <price t="2015-03-16" v="162700000"/>
        <price t="2015-03-17" v="162500000"/>
        <price t="2015-03-18" v="160125000"/>
        <price t="2015-03-19" v="159700000"/>
        <price t="2015-03-20" v="156500000"/>
        <price t="2015-03-23" v="158625000"/>
        <price t="2015-03-24" v="161850000"/>
        <price t="2015-03-25" v="163000000"/>
        <price t="2015-03-26" v="162725000"/>
        <price t="2015-03-27" v="160650000"/>
        <price t="2015-03-30" v="163850000"/>
        <price t="2015-03-31" v="162875000"/>
        <price t="2015-04-01" v="163600000"/>
        <price t="2015-04-02" v="164650000"/>
        <price t="2015-04-07" v="165225000"/>
        <price t="2015-04-08" v="165450000"/>
        <price t="2015-04-09" v="168950000"/>
        <price t="2015-04-10" v="168250000"/>
        <price t="2015-04-13" v="169850000"/>
        <price t="2015-04-14" v="170900000"/>
        <price t="2015-04-15" v="169850000"/>
        <price t="2015-04-16" v="168925000"/>
        <price t="2015-04-17" v="166850000"/>
        <price t="2015-04-20" v="171525000"/>
        <price t="2015-04-21" v="171475000"/>
        <price t="2015-04-22" v="165100000"/>
        <price t="2015-04-23" v="170600000"/>
        <price t="2015-04-24" v="170900000"/>
        <price t="2015-04-27" v="171175000"/>
        <price t="2015-04-28" v="169250000"/>
        <price t="2015-04-29" v="165625000"/>
        <price t="2015-04-30" v="166525000"/>
        <price t="2015-05-04" v="168350000"/>
        <price t="2015-05-05" v="165025000"/>
        <price t="2015-05-06" v="161250000"/>
        <price t="2015-05-07" v="160000000"/>
        <price t="2015-05-08" v="166900000"/>
        <price t="2015-05-11" v="165075000"/>
        <price t="2015-05-12" v="162775000"/>
        <price t="2015-05-13" v="161525000"/>
        <price t="2015-05-14" v="162350000"/>
        <price t="2015-05-15" v="160325000"/>
        <price t="2015-05-18" v="162250000"/>
        <price t="2015-05-19" v="164125000"/>
        <price t="2015-05-20" v="163825000"/>
        <price t="2015-05-21" v="164025000"/>
        <price t="2015-05-22" v="162650000"/>
        <price t="2015-05-25" v="161700000"/>
        <price t="2015-05-26" v="160900000"/>
        <price t="2015-05-27" v="161600000"/>
        <price t="2015-05-28" v="159075000"/>
        <price t="2015-05-29" v="158125000"/>
        <price t="2015-06-01" v="158725000"/>
        <price t="2015-06-02" v="158975000"/>
        <price t="2015-06-03" v="160400000"/>
        <price t="2015-06-04" v="160025000"/>
        <price t="2015-06-05" v="157200000"/>
        <price t="2015-06-08" v="156825000"/>
        <price t="2015-06-09" v="155225000"/>
        <price t="2015-06-10" v="157050000"/>
        <price t="2015-06-11" v="156575000"/>
        <price t="2015-06-12" v="155650000"/>
        <price t="2015-06-15" v="153575000"/>
        <price t="2015-06-16" v="153825000"/>
        <price t="2015-06-17" v="152150000"/>
        <price t="2015-06-18" v="153450000"/>
        <price t="2015-06-19" v="153600000"/>
        <price t="2015-06-22" v="157025000"/>
        <price t="2015-06-23" v="161275000"/>
        <price t="2015-06-24" v="162475000"/>
        <price t="2015-06-25" v="162800000"/>
        <price t="2015-06-26" v="164575000"/>
        <price t="2015-06-29" v="161000000"/>
        <price t="2015-06-30" v="158350000"/>
        <price t="2015-07-01" v="158625000"/>
        <price t="2015-07-02" v="158500000"/>
        <price t="2015-07-03" v="156825000"/>
        <price t="2015-07-06" v="153825000"/>
        <price t="2015-07-07" v="152125000"/>
        <price t="2015-07-08" v="155000000"/>
        <price t="2015-07-09" v="156950000"/>
        <price t="2015-07-10" v="164075000"/>
        <price t="2015-07-13" v="165475000"/>
        <price t="2015-07-14" v="167100000"/>
        <price t="2015-07-15" v="168600000"/>
        <price t="2015-07-16" v="170425000"/>
        <price t="2015-07-17" v="168625000"/>
        <price t="2015-07-20" v="171025000"/>
        <price t="2015-07-21" v="170625000"/>
        <price t="2015-07-22" v="170075000"/>
        <price t="2015-07-23" v="170525000"/>
        <price t="2015-07-24" v="170400000"/>
        <price t="2015-07-27" v="167425000"/>
        <price t="2015-07-28" v="168425000"/>
        <price t="2015-07-29" v="171700000"/>
        <price t="2015-07-30" v="169775000"/>
        <price t="2015-07-31" v="171450000"/>
        <price t="2015-08-03" v="174900000"/>
        <price t="2015-08-04" v="174800000"/>
        <price t="2015-08-05" v="175525000"/>
        <price t="2015-08-06" v="174325000"/>
        <price t="2015-08-07" v="172425000"/>
        <price t="2015-08-10" v="174025000"/>
        <price t="2015-08-11" v="173950000"/>
        <price t="2015-08-12" v="169050000"/>
        <price t="2015-08-13" v="169750000"/>
        <price t="2015-08-14" v="169625000"/>
        <price t="2015-08-17" v="168750000"/>
        <price t="2015-08-18" v="167900000"/>
        <price t="2015-08-19" v="166425000"/>
        <price t="2015-08-20" v="161700000"/>
        <price t="2015-08-21" v="158150000"/>
        <price t="2015-08-24" v="150150000"/>
        <price t="2015-08-25" v="157500000"/>
        <price t="2015-08-26" v="156150000"/>
        <price t="2015-08-27" v="158900000"/>
        <price t="2015-08-28" v="160625000"/>
        <price t="2015-08-31" v="160475000"/>
        <price t="2015-09-01" v="156200000"/>
        <price t="2015-09-02" v="156800000"/>
        <price t="2015-09-03" v="159925000"/>
        <price t="2015-09-04" v="156825000"/>
        <price t="2015-09-07" v="158700000"/>
        <price t="2015-09-08" v="159075000"/>
        <price t="2015-09-09" v="162225000"/>
        <price t="2015-09-10" v="161400000"/>
        <price t="2015-09-11" v="158950000"/>
        <price t="2015-09-14" v="158275000"/>
        <price t="2015-09-15" v="157075000"/>
        <price t="2015-09-16" v="158550000"/>
        <price t="2015-09-17" v="158550000"/>
        <price t="2015-09-18" v="159600000"/>
        <price t="2015-09-21" v="160625000"/>
        <price t="2015-09-22" v="155800000"/>
        <price t="2015-09-23" v="156000000"/>
        <price t="2015-09-24" v="152825000"/>
        <price t="2015-09-25" v="157000000"/>
        <price t="2015-09-28" v="154650000"/>
        <price t="2015-09-29" v="152875000"/>
        <price t="2015-09-30" v="154300000"/>
        <price t="2015-10-01" v="150950000"/>
        <price t="2015-10-02" v="150025000"/>
        <price t="2015-10-05" v="155400000"/>
        <price t="2015-10-06" v="152025000"/>
        <price t="2015-10-07" v="150250000"/>
        <price t="2015-10-08" v="150025000"/>
        <price t="2015-10-09" v="148025000"/>
        <price t="2015-10-12" v="148475000"/>
        <price t="2015-10-13" v="146800000"/>
        <price t="2015-10-14" v="144425000"/>
        <price t="2015-10-15" v="146325000"/>
        <price t="2015-10-16" v="150625000"/>
        <price t="2015-10-19" v="151625000"/>
        <price t="2015-10-20" v="152250000"/>
        <price t="2015-10-21" v="152425000"/>
        <price t="2015-10-22" v="156500000"/>
        <price t="2015-10-23" v="160000000"/>
        <price t="2015-10-26" v="161000000"/>
        <price t="2015-10-27" v="159150000"/>
        <price t="2015-10-28" v="159500000"/>
        <price t="2015-10-29" v="161275000"/>
        <price t="2015-10-30" v="157575000"/>
        <price t="2015-11-02" v="156975000"/>
        <price t="2015-11-03" v="155625000"/>
        <price t="2015-11-04" v="156550000"/>
        <price t="2015-11-05" v="154600000"/>
        <price t="2015-11-06" v="154450000"/>
        <price t="2015-11-09" v="151525000"/>
        <price t="2015-11-10" v="153850000"/>
        <price t="2015-11-11" v="155600000"/>
        <price t="2015-11-12" v="152625000"/>
        <price t="2015-11-13" v="154825000"/>
        <price t="2015-11-16" v="156150000"/>
        <price t="2015-11-17" v="160275000"/>
        <price t="2015-11-18" v="158400000"/>
        <price t="2015-11-19" v="159375000"/>
        <price t="2015-11-20" v="158600000"/>
        <price t="2015-11-23" v="157550000"/>
        <price t="2015-11-24" v="156425000"/>
        <price t="2015-11-25" v="156300000"/>
        <price t="2015-11-26" v="157675000"/>
        <price t="2015-11-27" v="158275000"/>
        <price t="2015-11-30" v="156325000"/>
        <price t="2015-12-01" v="155250000"/>
        <price t="2015-12-02" v="152150000"/>
        <price t="2015-12-03" v="149275000"/>
        <price t="2015-12-04" v="147500000"/>
        <price t="2015-12-07" v="149075000"/>
        <price t="2015-12-08" v="146750000"/>
        <price t="2015-12-09" v="144000000"/>
        <price t="2015-12-10" v="142775000"/>
        <price t="2015-12-11" v="141725000"/>
        <price t="2015-12-14" v="139675000"/>
        <price t="2015-12-15" v="140325000"/>
        <price t="2015-12-16" v="144850000"/>
        <price t="2015-12-17" v="150000000"/>
        <price t="2015-12-18" v="148250000"/>
        <price t="2015-12-21" v="145150000"/>
        <price t="2015-12-22" v="144000000"/>
        <price t="2015-12-23" v="147350000"/>
        <price t="2015-12-24" v="147025000"/>
        <price t="2015-12-28" v="147900000"/>
        <price t="2015-12-29" v="150650000"/>
        <price t="2015-12-30" v="149450000"/>
        <price t="2016-01-04" v="146850000"/>
        <price t="2016-01-05" v="147125000"/>
        <price t="2016-01-06" v="146900000"/>
        <price t="2016-01-07" v="151200000"/>
        <price t="2016-01-08" v="150650000"/>
        <price t="2016-01-11" v="149475000"/>
        <price t="2016-01-12" v="150425000"/>
        <price t="2016-01-13" v="151300000"/>
        <price t="2016-01-14" v="147675000"/>
        <price t="2016-01-15" v="146350000"/>
        <price t="2016-01-18" v="143925000"/>
        <price t="2016-01-19" v="145825000"/>
        <price t="2016-01-20" v="141425000"/>
        <price t="2016-01-21" v="145075000"/>
        <price t="2016-01-22" v="151400000"/>
        <price t="2016-01-25" v="152650000"/>
        <price t="2016-01-26" v="152250000"/>
        <price t="2016-01-27" v="154400000"/>
        <price t="2016-01-28" v="154175000"/>
        <price t="2016-01-29" v="158750000"/>
        <price t="2016-02-01" v="158275000"/>
        <price t="2016-02-02" v="156300000"/>
        <price t="2016-02-03" v="156825000"/>
        <price t="2016-02-04" v="154725000"/>
        <price t="2016-02-05" v="154025000"/>
        <price t="2016-02-08" v="149875000"/>
        <price t="2016-02-09" v="148250000"/>
        <price t="2016-02-10" v="147275000"/>
        <price t="2016-02-11" v="143825000"/>
        <price t="2016-02-12" v="147075000"/>
        <price t="2016-02-15" v="152250000"/>
        <price t="2016-02-16" v="151225000"/>
        <price t="2016-02-17" v="153275000"/>
        <price t="2016-02-18" v="154500000"/>
        <price t="2016-02-19" v="152650000"/>
        <price t="2016-02-22" v="155500000"/>
        <price t="2016-02-23" v="153025000"/>
        <price t="2016-02-24" v="150300000"/>
        <price t="2016-02-25" v="154900000"/>
        <price t="2016-02-26" v="149250000"/>
        <price t="2016-02-29" v="145375000"/>
        <price t="2016-03-01" v="149475000"/>
        <price t="2016-03-02" v="149375000"/>
        <price t="2016-03-03" v="149100000"/>
        <price t="2016-03-04" v="148275000"/>
        <price t="2016-03-07" v="147650000"/>
        <price t="2016-03-08" v="147575000"/>
        <price t="2016-03-09" v="147525000"/>
        <price t="2016-03-10" v="148175000"/>
        <price t="2016-03-11" v="151700000"/>
        <price t="2016-03-14" v="153250000"/>
        <price t="2016-03-15" v="154100000"/>
        <price t="2016-03-16" v="155150000"/>
        <price t="2016-03-17" v="153425000"/>
        <price t="2016-03-18" v="150800000"/>
        <price t="2016-03-21" v="151525000"/>
        <price t="2016-03-22" v="150950000"/>
        <price t="2016-03-23" v="149875000"/>
        <price t="2016-03-24" v="148450000"/>
        <price t="2016-03-29" v="149925000"/>
        <price t="2016-03-30" v="152350000"/>
        <price t="2016-03-31" v="150175000"/>
        <price t="2016-04-01" v="149450000"/>
        <price t="2016-04-04" v="149725000"/>
        <price t="2016-04-05" v="148025000"/>
        <price t="2016-04-06" v="149500000"/>
        <price t="2016-04-07" v="148850000"/>
        <price t="2016-04-08" v="150400000"/>
        <price t="2016-04-11" v="150750000"/>
        <price t="2016-04-12" v="152050000"/>
        <price t="2016-04-13" v="151425000"/>
        <price t="2016-04-14" v="152800000"/>
        <price t="2016-04-15" v="153125000"/>
        <price t="2016-04-18" v="153075000"/>
        <price t="2016-04-19" v="154825000"/>
        <price t="2016-04-20" v="153600000"/>
        <price t="2016-04-21" v="152925000"/>
        <price t="2016-04-22" v="151400000"/>
        <price t="2016-04-25" v="150600000"/>
        <price t="2016-04-26" v="150500000"/>
        <price t="2016-04-27" v="147150000"/>
        <price t="2016-04-28" v="147175000"/>
        <price t="2016-04-29" v="146875000"/>
        <price t="2016-05-02" v="145900000"/>
        <price t="2016-05-03" v="146575000"/>
        <price t="2016-05-04" v="139250000"/>
        <price t="2016-05-05" v="139825000"/>
        <price t="2016-05-06" v="137625000"/>
        <price t="2016-05-09" v="140650000"/>
        <price t="2016-05-10" v="140825000"/>
        <price t="2016-05-11" v="140450000"/>
        <price t="2016-05-12" v="139800000"/>
        <price t="2016-05-13" v="140650000"/>
        <price t="2016-05-16" v="141175000"/>
        <price t="2016-05-17" v="141875000"/>
        <price t="2016-05-18" v="141925000"/>
        <price t="2016-05-19" v="140000000"/>
        <price t="2016-05-20" v="142900000"/>
        <price t="2016-05-23" v="142025000"/>
        <price t="2016-05-24" v="142700000"/>
        <price t="2016-05-25" v="142800000"/>
        <price t="2016-05-26" v="145750000"/>
        <price t="2016-05-27" v="146700000"/>
        <price t="2016-05-30" v="147650000"/>
        <price t="2016-05-31" v="146000000"/>
        <price t="2016-06-01" v="147350000"/>
        <price t="2016-06-02" v="146675000"/>
        <price t="2016-06-03" v="146600000"/>
        <price t="2016-06-06" v="145825000"/>
        <price t="2016-06-07" v="146600000"/>
        <price t="2016-06-08" v="145425000"/>
        <price t="2016-06-09" v="144000000"/>
        <price t="2016-06-10" v="141250000"/>
        <price t="2016-06-13" v="138800000"/>
        <price t="2016-06-14" v="135025000"/>
        <price t="2016-06-15" v="135250000"/>
        <price t="2016-06-16" v="134650000"/>
        <price t="2016-06-17" v="134275000"/>
        <price t="2016-06-20" v="137600000"/>
        <price t="2016-06-21" v="137650000"/>
        <price t="2016-06-22" v="137650000"/>
        <price t="2016-06-23" v="139350000"/>
        <price t="2016-06-24" v="136225000"/>
        <price t="2016-06-27" v="133900000"/>
        <price t="2016-06-28" v="136500000"/>
        <price t="2016-06-29" v="140825000"/>
        <price t="2016-06-30" v="142375000"/>
        <price t="2016-07-01" v="143800000"/>
        <price t="2016-07-04" v="142650000"/>
        <price t="2016-07-05" v="139450000"/>
        <price t="2016-07-06" v="135000000"/>
        <price t="2016-07-07" v="136500000"/>
        <price t="2016-07-08" v="137950000"/>
        <price t="2016-07-11" v="139625000"/>
        <price t="2016-07-12" v="141225000"/>
        <price t="2016-07-13" v="141875000"/>
        <price t="2016-07-14" v="142675000"/>
        <price t="2016-07-15" v="143650000"/>
        <price t="2016-07-18" v="142800000"/>
        <price t="2016-07-19" v="141350000"/>
        <price t="2016-07-20" v="140975000"/>
        <price t="2016-07-21" v="139425000"/>
        <price t="2016-07-22" v="141775000"/>
        <price t="2016-07-25" v="142100000"/>
        <price t="2016-07-26" v="141200000"/>
        <price t="2016-07-27" v="141075000"/>
        <price t="2016-07-28" v="141075000"/>
        <price t="2016-07-29" v="139575000"/>
        <price t="2016-08-01" v="139125000"/>
        <price t="2016-08-02" v="137550000"/>
        <price t="2016-08-03" v="137675000"/>
        <price t="2016-08-04" v="137975000"/>
        <price t="2016-08-05" v="139700000"/>
        <price t="2016-08-08" v="139575000"/>
        <price t="2016-08-09" v="141550000"/>
        <price t="2016-08-10" v="141750000"/>
        <price t="2016-08-11" v="142425000"/>
        <price t="2016-08-12" v="142125000"/>
        <price t="2016-08-15" v="141350000"/>
        <price t="2016-08-16" v="139150000"/>
        <price t="2016-08-17" v="137575000"/>
        <price t="2016-08-18" v="138100000"/>
        <price t="2016-08-19" v="137125000"/>
        <price t="2016-08-22" v="137800000"/>
        <price t="2016-08-23" v="138225000"/>
        <price t="2016-08-24" v="137675000"/>
        <price t="2016-08-25" v="137300000"/>
        <price t="2016-08-26" v="138125000"/>
        <price t="2016-08-29" v="137250000"/>
        <price t="2016-08-30" v="137200000"/>
        <price t="2016-08-31" v="137150000"/>
        <price t="2016-09-01" v="136425000"/>
        <price t="2016-09-02" v="138900000"/>
        <price t="2016-09-05" v="138850000"/>
        <price t="2016-09-06" v="138975000"/>
        <price t="2016-09-07" v="138550000"/>
        <price t="2016-09-08" v="139325000"/>
        <price t="2016-09-09" v="139000000"/>
        <price t="2016-09-12" v="136775000"/>
        <price t="2016-09-13" v="135075000"/>
        <price t="2016-09-14" v="134500000"/>
        <price t="2016-09-15" v="132875000"/>
        <price t="2016-09-16" v="134125000"/>
        <price t="2016-09-19" v="134875000"/>
        <price t="2016-09-20" v="135550000"/>
        <price t="2016-09-21" v="136725000"/>
        <price t="2016-09-22" v="139050000"/>
        <price t="2016-09-23" v="138475000"/>
        <price t="2016-09-26" v="135575000"/>
        <price t="2016-09-27" v="136750000"/>
        <price t="2016-09-28" v="136375000"/>
        <price t="2016-09-29" v="135400000"/>
        <price t="2016-09-30" v="132925000"/>
        <price t="2016-10-03" v="132650000"/>
        <price t="2016-10-04" v="134175000"/>
        <price t="2016-10-05" v="128775000"/>
        <price t="2016-10-06" v="127150000"/>
        <price t="2016-10-07" v="126525000"/>
        <price t="2016-10-10" v="127675000"/>
        <price t="2016-10-11" v="129975000"/>
        <price t="2016-10-12" v="128075000"/>
        <price t="2016-10-13" v="128150000"/>
        <price t="2016-10-14" v="129100000"/>
        <price t="2016-10-17" v="129425000"/>
        <price t="2016-10-18" v="130325000"/>
        <price t="2016-10-19" v="128700000"/>
        <price t="2016-10-20" v="129325000"/>
        <price t="2016-10-21" v="129325000"/>
        <price t="2016-10-24" v="129875000"/>
        <price t="2016-10-25" v="132150000"/>
        <price t="2016-10-26" v="130725000"/>
        <price t="2016-10-27" v="132950000"/>
        <price t="2016-10-28" v="130600000"/>
        <price t="2016-10-31" v="130400000"/>
        <price t="2016-11-01" v="128950000"/>
        <price t="2016-11-02" v="129350000"/>
        <price t="2016-11-03" v="128750000"/>
        <price t="2016-11-04" v="128125000"/>
        <price t="2016-11-07" v="128525000"/>
        <price t="2016-11-08" v="129300000"/>
        <price t="2016-11-09" v="129550000"/>
        <price t="2016-11-10" v="128350000"/>
        <price t="2016-11-11" v="128500000"/>
        <price t="2016-11-14" v="128475000"/>
        <price t="2016-11-15" v="129125000"/>
        <price t="2016-11-16" v="130125000"/>
        <price t="2016-11-17" v="131675000"/>
        <price t="2016-11-18" v="130900000"/>
        <price t="2016-11-21" v="131150000"/>
        <price t="2016-11-22" v="133475000"/>
        <price t="2016-11-23" v="132650000"/>
        <price t="2016-11-24" v="132325000"/>
        <price t="2016-11-25" v="133650000"/>
        <price t="2016-11-28" v="132575000"/>
        <price t="2016-11-29" v="133000000"/>
        <price t="2016-11-30" v="133375000"/>
        <price t="2016-12-01" v="131350000"/>
        <price t="2016-12-02" v="130625000"/>
        <price t="2016-12-05" v="129425000"/>
        <price t="2016-12-06" v="130125000"/>
        <price t="2016-12-07" v="128600000"/>
        <price t="2016-12-08" v="129825000"/>
        <price t="2016-12-09" v="131700000"/>
        <price t="2016-12-12" v="131200000"/>
        <price t="2016-12-13" v="133875000"/>
        <price t="2016-12-14" v="134275000"/>
        <price t="2016-12-15" v="133775000"/>
        <price t="2016-12-16" v="134150000"/>
        <price t="2016-12-19" v="134650000"/>
        <price t="2016-12-20" v="135150000"/>
        <price t="2016-12-21" v="134125000"/>
        <price t="2016-12-22" v="134500000"/>
        <price t="2016-12-23" v="135950000"/>
        <price t="2016-12-27" v="136075000"/>
        <price t="2016-12-28" v="135075000"/>
        <price t="2016-12-29" v="136800000"/>
        <price t="2016-12-30" v="136800000"/>
        <price t="2017-01-02" v="137650000"/>
        <price t="2017-01-03" v="137275000"/>
        <price t="2017-01-04" v="139075000"/>
        <price t="2017-01-05" v="139775000"/>
        <price t="2017-01-06" v="139725000"/>
        <price t="2017-01-09" v="139025000"/>
        <price t="2017-01-10" v="135450000"/>
        <price t="2017-01-11" v="136875000"/>
        <price t="2017-01-12" v="136725000"/>
        <price t="2017-01-13" v="137375000"/>
        <price t="2017-01-16" v="137450000"/>
        <price t="2017-01-17" v="137175000"/>
        <price t="2017-01-18" v="137200000"/>
        <price t="2017-01-19" v="137100000"/>
        <price t="2017-01-20" v="137875000"/>
        <price t="2017-01-23" v="136425000"/>
        <price t="2017-01-24" v="135350000"/>
        <price t="2017-01-25" v="135200000"/>
        <price t="2017-01-26" v="134750000"/>
        <price t="2017-01-27" v="134000000"/>
        <price t="2017-01-30" v="134050000"/>
        <price t="2017-01-31" v="132825000"/>
        <price t="2017-02-01" v="133750000"/>
        <price t="2017-02-02" v="132350000"/>
        <price t="2017-02-03" v="133325000"/>
        <price t="2017-02-06" v="132100000"/>
        <price t="2017-02-07" v="132075000"/>
        <price t="2017-02-08" v="133725000"/>
        <price t="2017-02-09" v="136025000"/>
        <price t="2017-02-10" v="135375000"/>
        <price t="2017-02-13" v="134925000"/>
        <price t="2017-02-14" v="135575000"/>
        <price t="2017-02-15" v="135925000"/>
        <price t="2017-02-16" v="137550000"/>
        <price t="2017-02-17" v="137525000"/>
        <price t="2017-02-20" v="138775000"/>
        <price t="2017-02-21" v="138475000"/>
        <price t="2017-02-22" v="138275000"/>
        <price t="2017-02-23" v="139250000"/>
        <price t="2017-02-24" v="141875000"/>
        <price t="2017-02-27" v="139200000"/>
        <price t="2017-02-28" v="138775000"/>
        <price t="2017-03-01" v="138900000"/>
        <price t="2017-03-02" v="139525000"/>
        <price t="2017-03-03" v="139150000"/>
        <price t="2017-03-06" v="139225000"/>
        <price t="2017-03-07" v="140125000"/>
        <price t="2017-03-08" v="140325000"/>
        <price t="2017-03-09" v="142775000"/>
        <price t="2017-03-10" v="143875000"/>
        <price t="2017-03-13" v="144150000"/>
        <price t="2017-03-14" v="143625000"/>
        <price t="2017-03-15" v="143250000"/>
        <price t="2017-03-16" v="145375000"/>
        <price t="2017-03-17" v="146075000"/>
        <price t="2017-03-20" v="145450000"/>
        <price t="2017-03-21" v="144325000"/>
        <price t="2017-03-22" v="145050000"/>
        <price t="2017-03-23" v="146400000"/>
        <price t="2017-03-24" v="145800000"/>
        <price t="2017-03-27" v="145900000"/>
        <price t="2017-03-28" v="146250000"/>
        <price t="2017-03-29" v="145500000"/>
        <price t="2017-03-30" v="147300000"/>
        <price t="2017-03-31" v="147075000"/>
        <price t="2017-04-03" v="146125000"/>
        <price t="2017-04-04" v="146100000"/>
        <price t="2017-04-05" v="146475000"/>
        <price t="2017-04-06" v="145650000"/>
        <price t="2017-04-07" v="145225000"/>
        <price t="2017-04-10" v="146200000"/>
        <price t="2017-04-11" v="146125000"/>
        <price t="2017-04-12" v="146475000"/>
        <price t="2017-04-13" v="146200000"/>
        <price t="2017-04-18" v="146000000"/>
        <price t="2017-04-19" v="145125000"/>
        <price t="2017-04-20" v="146600000"/>
        <price t="2017-04-21" v="145925000"/>
        <price t="2017-04-24" v="147550000"/>
        <price t="2017-04-25" v="146700000"/>
        <price t="2017-04-26" v="142400000"/>
        <price t="2017-04-27" v="141525000"/>
        <price t="2017-04-28" v="140425000"/>
        <price t="2017-05-02" v="142075000"/>
        <price t="2017-05-03" v="142975000"/>
        <price t="2017-05-04" v="143575000"/>
        <price t="2017-05-05" v="148000000"/>
        <price t="2017-05-08" v="149375000"/>
        <price t="2017-05-09" v="151125000"/>
        <price t="2017-05-10" v="151075000"/>
        <price t="2017-05-11" v="150425000"/>
        <price t="2017-05-12" v="154250000"/>
        <price t="2017-05-15" v="152750000"/>
        <price t="2017-05-16" v="153850000"/>
        <price t="2017-05-17" v="154925000"/>
        <price t="2017-05-18" v="154325000"/>
        <price t="2017-05-19" v="156000000"/>
        <price t="2017-05-22" v="159825000"/>
        <price t="2017-05-23" v="160025000"/>
        <price t="2017-05-24" v="161250000"/>
        <price t="2017-05-25" v="162775000"/>
        <price t="2017-05-26" v="164025000"/>
        <price t="2017-05-29" v="163225000"/>
        <price t="2017-05-30" v="159925000"/>
        <price t="2017-05-31" v="159975000"/>
        <price t="2017-06-01" v="162325000"/>
        <price t="2017-06-02" v="162475000"/>
        <price t="2017-06-05" v="161950000"/>
        <price t="2017-06-06" v="163700000"/>
        <price t="2017-06-07" v="163550000"/>
        <price t="2017-06-08" v="163350000"/>
        <price t="2017-06-09" v="163625000"/>
        <price t="2017-06-12" v="162025000"/>
        <price t="2017-06-13" v="162625000"/>
        <price t="2017-06-14" v="160325000"/>
        <price t="2017-06-15" v="154600000"/>
        <price t="2017-06-16" v="156325000"/>
        <price t="2017-06-19" v="157425000"/>
        <price t="2017-06-20" v="154775000"/>
        <price t="2017-06-21" v="154975000"/>
        <price t="2017-06-22" v="155775000"/>
        <price t="2017-06-23" v="155950000"/>
        <price t="2017-06-26" v="156150000"/>
        <price t="2017-06-27" v="154600000"/>
        <price t="2017-06-28" v="154650000"/>
        <price t="2017-06-29" v="153475000"/>
        <price t="2017-06-30" v="153150000"/>
        <price t="2017-07-03" v="154325000"/>
        <price t="2017-07-04" v="153350000"/>
        <price t="2017-07-05" v="153000000"/>
        <price t="2017-07-06" v="152400000"/>
        <price t="2017-07-07" v="153050000"/>
        <price t="2017-07-10" v="154000000"/>
        <price t="2017-07-11" v="151950000"/>
        <price t="2017-07-12" v="154350000"/>
        <price t="2017-07-13" v="156150000"/>
        <price t="2017-07-14" v="155200000"/>
        <price t="2017-07-17" v="156075000"/>
        <price t="2017-07-18" v="154575000"/>
        <price t="2017-07-19" v="155975000"/>
        <price t="2017-07-20" v="155925000"/>
        <price t="2017-07-21" v="155225000"/>
        <price t="2017-07-24" v="154775000"/>
        <price t="2017-07-25" v="154175000"/>
        <price t="2017-07-26" v="159000000"/>
        <price t="2017-07-27" v="159000000"/>
        <price t="2017-07-28" v="151175000"/>
        <price t="2017-07-31" v="148475000"/>
        <price t="2017-08-01" v="150425000"/>
        <price t="2017-08-02" v="149800000"/>
        <price t="2017-08-03" v="150875000"/>
        <price t="2017-08-04" v="152125000"/>
        <price t="2017-08-07" v="151925000"/>
        <price t="2017-08-08" v="152000000"/>
        <price t="2017-08-09" v="151800000"/>
        <price t="2017-08-10" v="150450000"/>
        <price t="2017-08-11" v="148050000"/>
        <price t="2017-08-14" v="150175000"/>
        <price t="2017-08-15" v="150150000"/>
        <price t="2017-08-16" v="149275000"/>
        <price t="2017-08-17" v="148200000"/>
        <price t="2017-08-18" v="148275000"/>
        <price t="2017-08-21" v="147675000"/>
        <price t="2017-08-22" v="148450000"/>
        <price t="2017-08-23" v="147850000"/>
        <price t="2017-08-24" v="148025000"/>
        <price t="2017-08-25" v="147500000"/>
        <price t="2017-08-28" v="146875000"/>
        <price t="2017-08-29" v="145625000"/>
        <price t="2017-08-30" v="146750000"/>
        <price t="2017-08-31" v="148075000"/>
        <price t="2017-09-01" v="147075000"/>
        <price t="2017-09-04" v="146625000"/>
        <price t="2017-09-05" v="145800000"/>
        <price t="2017-09-06" v="145175000"/>
        <price t="2017-09-07" v="146600000"/>
        <price t="2017-09-08" v="145950000"/>
        <price t="2017-09-11" v="147700000"/>
        <price t="2017-09-12" v="146225000"/>
        <price t="2017-09-13" v="145475000"/>
        <price t="2017-09-14" v="144500000"/>
        <price t="2017-09-15" v="143800000"/>
        <price t="2017-09-18" v="143850000"/>
        <price t="2017-09-19" v="145475000"/>
        <price t="2017-09-20" v="145050000"/>
        <price t="2017-09-21" v="143775000"/>
        <price t="2017-09-22" v="143000000"/>
        <price t="2017-09-25" v="144950000"/>
        <price t="2017-09-26" v="145700000"/>
        <price t="2017-09-27" v="146225000"/>
        <price t="2017-09-28" v="145250000"/>
        <price t="2017-09-29" v="145775000"/>
        <price t="2017-10-02" v="145625000"/>
        <price t="2017-10-03" v="145050000"/>
        <price t="2017-10-04" v="143550000"/>
        <price t="2017-10-05" v="144775000"/>
        <price t="2017-10-06" v="143300000"/>
        <price t="2017-10-09" v="144500000"/>
        <price t="2017-10-10" v="144675000"/>
        <price t="2017-10-11" v="144450000"/>
        <price t="2017-10-12" v="144100000"/>
        <price t="2017-10-13" v="144100000"/>
        <price t="2017-10-16" v="144050000"/>
        <price t="2017-10-17" v="144325000"/>
        <price t="2017-10-18" v="142825000"/>
        <price t="2017-10-19" v="142175000"/>
        <price t="2017-10-20" v="142400000"/>
        <price t="2017-10-23" v="142375000"/>
        <price t="2017-10-24" v="141975000"/>
        <price t="2017-10-25" v="140925000"/>
        <price t="2017-10-26" v="143725000"/>
        <price t="2017-10-27" v="143650000"/>
        <price t="2017-10-30" v="142650000"/>
        <price t="2017-10-31" v="142550000"/>
        <price t="2017-11-01" v="144450000"/>
        <price t="2017-11-02" v="144600000"/>
        <price t="2017-11-03" v="144100000"/>
        <price t="2017-11-06" v="145225000"/>
        <price t="2017-11-07" v="143225000"/>
        <price t="2017-11-08" v="144175000"/>
        <price t="2017-11-09" v="143975000"/>
        <price t="2017-11-10" v="143425000"/>
        <price t="2017-11-13" v="143350000"/>
        <price t="2017-11-14" v="143525000"/>
        <price t="2017-11-15" v="143750000"/>
        <price t="2017-11-16" v="144850000"/>
        <price t="2017-11-17" v="143425000"/>
        <price t="2017-11-20" v="143600000"/>
        <price t="2017-11-21" v="142350000"/>
        <price t="2017-11-22" v="140950000"/>
        <price t="2017-11-23" v="141450000"/>
        <price t="2017-11-24" v="141450000"/>
        <price t="2017-11-27" v="141000000"/>
        <price t="2017-11-28" v="141600000"/>
        <price t="2017-11-29" v="142850000"/>
        <price t="2017-11-30" v="143975000"/>
        <price t="2017-12-01" v="144075000"/>
        <price t="2017-12-04" v="145525000"/>
        <price t="2017-12-05" v="144500000"/>
        <price t="2017-12-06" v="142400000"/>
        <price t="2017-12-07" v="144700000"/>
        <price t="2017-12-08" v="143475000"/>
        <price t="2017-12-11" v="141300000"/>
        <price t="2017-12-12" v="140625000"/>
        <price t="2017-12-13" v="137925000"/>
        <price t="2017-12-14" v="137325000"/>
        <price t="2017-12-15" v="138500000"/>
        <price t="2017-12-18" v="139500000"/>
        <price t="2017-12-19" v="139475000"/>
        <price t="2017-12-20" v="138075000"/>
        <price t="2017-12-21" v="138575000"/>
        <price t="2017-12-22" v="138700000"/>
        <price t="2017-12-27" v="138375000"/>
        <price t="2017-12-28" v="137950000"/>
        <price t="2017-12-29" v="136750000"/>
        <price t="2018-01-02" v="137100000"/>
        <price t="2018-01-03" v="137500000"/>
        <price t="2018-01-04" v="138100000"/>
        <price t="2018-01-05" v="139450000"/>
        <price t="2018-01-08" v="139700000"/>
        <price t="2018-01-09" v="139700000"/>
        <price t="2018-01-10" v="137400000"/>
        <price t="2018-01-11" v="135750000"/>
        <price t="2018-01-12" v="135950000"/>
        <price t="2018-01-15" v="136400000"/>
        <price t="2018-01-16" v="137150000"/>
        <price t="2018-01-17" v="136300000"/>
        <price t="2018-01-18" v="137100000"/>
        <price t="2018-01-19" v="136900000"/>
        <price t="2018-01-22" v="139500000"/>
        <price t="2018-01-23" v="139350000"/>
        <price t="2018-01-24" v="139350000"/>
        <price t="2018-01-25" v="139100000"/>
        <price t="2018-01-26" v="140500000"/>
        <price t="2018-01-29" v="138800000"/>
        <price t="2018-01-30" v="135250000"/>
        <price t="2018-01-31" v="135800000"/>
        <price t="2018-02-01" v="134850000"/>
        <price t="2018-02-02" v="134500000"/>
        <price t="2018-02-05" v="131450000"/>
        <price t="2018-02-06" v="127850000"/>
        <price t="2018-02-07" v="130300000"/>
        <price t="2018-02-08" v="128200000"/>
        <price t="2018-02-09" v="126550000"/>
        <price t="2018-02-12" v="128750000"/>
        <price t="2018-02-13" v="126850000"/>
        <price t="2018-02-14" v="127700000"/>
        <price t="2018-02-15" v="127700000"/>
        <price t="2018-02-16" v="130300000"/>
        <price t="2018-02-19" v="129200000"/>
        <price t="2018-02-20" v="129250000"/>
        <price t="2018-02-21" v="130500000"/>
        <price t="2018-02-22" v="131850000"/>
        <price t="2018-02-23" v="134100000"/>
        <price t="2018-02-26" v="133950000"/>
        <price t="2018-02-27" v="132000000"/>
        <price t="2018-02-28" v="131950000"/>
        <price t="2018-03-01" v="131700000"/>
        <price t="2018-03-02" v="132850000"/>
        <price t="2018-03-05" v="131100000"/>
        <price t="2018-03-06" v="130700000"/>
        <price t="2018-03-07" v="131800000"/>
        <price t="2018-03-08" v="133500000"/>
        <price t="2018-03-09" v="133850000"/>
        <price t="2018-03-12" v="133200000"/>
        <price t="2018-03-13" v="131300000"/>
        <price t="2018-03-14" v="130850000"/>
        <price t="2018-03-15" v="127800000"/>
        <price t="2018-03-16" v="127950000"/>
        <price t="2018-03-19" v="125700000"/>
        <price t="2018-03-20" v="125000000"/>
        <price t="2018-03-21" v="124050000"/>
        <price t="2018-03-22" v="122650000"/>
        <price t="2018-03-23" v="122450000"/>
        <price t="2018-03-26" v="121850000"/>
        <price t="2018-03-27" v="123550000"/>
        <price t="2018-03-28" v="124550000"/>
        <price t="2018-03-29" v="126150000"/>
        <price t="2018-04-03" v="123200000"/>
        <price t="2018-04-04" v="123550000"/>
        <price t="2018-04-05" v="126950000"/>
        <price t="2018-04-06" v="126100000"/>
        <price t="2018-04-09" v="127000000"/>
        <price t="2018-04-10" v="127000000"/>
        <price t="2018-04-11" v="127550000"/>
        <price t="2018-04-12" v="128250000"/>
        <price t="2018-04-13" v="128600000"/>
        <price t="2018-04-16" v="129250000"/>
        <price t="2018-04-17" v="129700000"/>
        <price t="2018-04-18" v="126750000"/>
        <price t="2018-04-19" v="126550000"/>
        <price t="2018-04-20" v="128750000"/>
        <price t="2018-04-23" v="131400000"/>
        <price t="2018-04-24" v="129250000"/>
        <price t="2018-04-25" v="125450000"/>
        <price t="2018-04-26" v="126050000"/>
        <price t="2018-04-27" v="127450000"/>
        <price t="2018-04-30" v="127150000"/>
        <price t="2018-05-02" v="126550000"/>
        <price t="2018-05-03" v="124450000"/>
        <price t="2018-05-04" v="123000000"/>
        <price t="2018-05-07" v="123400000"/>
        <price t="2018-05-08" v="123100000"/>
        <price t="2018-05-09" v="122200000"/>
        <price t="2018-05-10" v="121250000"/>
        <price t="2018-05-11" v="121150000"/>
        <price t="2018-05-14" v="119750000"/>
        <price t="2018-05-15" v="116950000"/>
        <price t="2018-05-16" v="117100000"/>
        <price t="2018-05-17" v="117150000"/>
        <price t="2018-05-18" v="115150000"/>
        <price t="2018-05-21" v="114250000"/>
        <price t="2018-05-22" v="115950000"/>
        <price t="2018-05-23" v="117000000"/>
        <price t="2018-05-24" v="115700000"/>
        <price t="2018-05-25" v="115100000"/>
        <price t="2018-05-28" v="114750000"/>
        <price t="2018-05-29" v="113400000"/>
        <price t="2018-05-30" v="113500000"/>
        <price t="2018-05-31" v="114550000"/>
        <price t="2018-06-01" v="114800000"/>
        <price t="2018-06-04" v="115250000"/>
        <price t="2018-06-05" v="114100000"/>
        <price t="2018-06-06" v="113800000"/>
        <price t="2018-06-07" v="113100000"/>
        <price t="2018-06-08" v="112350000"/>
        <price t="2018-06-11" v="113400000"/>
        <price t="2018-06-12" v="112300000"/>
        <price t="2018-06-13" v="107850000"/>
        <price t="2018-06-14" v="108850000"/>
        <price t="2018-06-15" v="106500000"/>
        <price t="2018-06-18" v="105600000"/>
        <price t="2018-06-19" v="103850000"/>
        <price t="2018-06-20" v="102650000"/>
        <price t="2018-06-21" v="102850000"/>
        <price t="2018-06-22" v="104650000"/>
        <price t="2018-06-25" v="103050000"/>
        <price t="2018-06-26" v="101600000"/>
        <price t="2018-06-27" v="102300000"/>
        <price t="2018-06-28" v="101350000"/>
        <price t="2018-06-29" v="96550000"/>
        <price t="2018-07-02" v="97075000"/>
        <price t="2018-07-03" v="99500000"/>
        <price t="2018-07-04" v="102200000"/>
        <price t="2018-07-05" v="104800000"/>
        <price t="2018-07-06" v="104000000"/>
        <price t="2018-07-09" v="104450000"/>
        <price t="2018-07-10" v="104450000"/>
        <price t="2018-07-11" v="102850000"/>
        <price t="2018-07-12" v="103450000"/>
        <price t="2018-07-13" v="101550000"/>
        <price t="2018-07-16" v="101150000"/>
        <price t="2018-07-17" v="100650000"/>
        <price t="2018-07-18" v="100300000"/>
        <price t="2018-07-19" v="100650000"/>
        <price t="2018-07-20" v="103350000"/>
        <price t="2018-07-23" v="101550000"/>
        <price t="2018-07-24" v="99500000"/>
        <price t="2018-07-25" v="98475000"/>
        <price t="2018-07-26" v="100500000"/>
        <price t="2018-07-27" v="108350000"/>
        <price t="2018-07-30" v="106850000"/>
        <price t="2018-07-31" v="104650000"/>
        <price t="2018-08-01" v="104300000"/>
        <price t="2018-08-02" v="104100000"/>
        <price t="2018-08-03" v="106750000"/>
        <price t="2018-08-06" v="106300000"/>
        <price t="2018-08-07" v="106500000"/>
        <price t="2018-08-08" v="105750000"/>
        <price t="2018-08-09" v="104800000"/>
        <price t="2018-08-10" v="103000000"/>
        <price t="2018-08-13" v="103450000"/>
        <price t="2018-08-14" v="102250000"/>
        <price t="2018-08-15" v="100850000"/>
        <price t="2018-08-16" v="101550000"/>
        <price t="2018-08-17" v="101850000"/>
        <price t="2018-08-20" v="103050000"/>
        <price t="2018-08-21" v="102600000"/>
        <price t="2018-08-22" v="102950000"/>
        <price t="2018-08-23" v="102950000"/>
        <price t="2018-08-24" v="102600000"/>
        <price t="2018-08-27" v="103000000"/>
        <price t="2018-08-28" v="102150000"/>
        <price t="2018-08-29" v="101700000"/>
        <price t="2018-08-30" v="99150000"/>
        <price t="2018-08-31" v="99725000"/>
        <price t="2018-09-03" v="99400000"/>
        <price t="2018-09-04" v="99325000"/>
        <price t="2018-09-05" v="99250000"/>
        <price t="2018-09-06" v="99550000"/>
        <price t="2018-09-07" v="100750000"/>
        <price t="2018-09-10" v="102750000"/>
        <price t="2018-09-11" v="101750000"/>
        <price t="2018-09-12" v="102100000"/>
        <price t="2018-09-13" v="102700000"/>
        <price t="2018-09-14" v="102950000"/>
        <price t="2018-09-17" v="103250000"/>
        <price t="2018-09-18" v="103450000"/>
        <price t="2018-09-19" v="102500000"/>
        <price t="2018-09-20" v="105100000"/>
        <price t="2018-09-21" v="103000000"/>
        <price t="2018-09-24" v="104250000"/>
        <price t="2018-09-25" v="102700000"/>
        <price t="2018-09-26" v="102500000"/>
        <price t="2018-09-27" v="103350000"/>
        <price t="2018-09-28" v="102900000"/>
        <price t="2018-10-01" v="103650000"/>
        <price t="2018-10-02" v="103150000"/>
        <price t="2018-10-03" v="103950000"/>
        <price t="2018-10-04" v="103000000"/>
        <price t="2018-10-05" v="105450000"/>
        <price t="2018-10-08" v="104050000"/>
        <price t="2018-10-09" v="106450000"/>
        <price t="2018-10-10" v="110350000"/>
        <price t="2018-10-11" v="109350000"/>
        <price t="2018-10-12" v="108400000"/>
        <price t="2018-10-15" v="110550000"/>
        <price t="2018-10-16" v="112900000"/>
        <price t="2018-10-17" v="111900000"/>
        <price t="2018-10-18" v="112950000"/>
        <price t="2018-10-19" v="114800000"/>
        <price t="2018-10-22" v="113750000"/>
        <price t="2018-10-23" v="115900000"/>
        <price t="2018-10-24" v="116450000"/>
        <price t="2018-10-25" v="116150000"/>
        <price t="2018-10-26" v="110550000"/>
        <price t="2018-10-29" v="114650000"/>
        <price t="2018-10-30" v="114050000"/>
        <price t="2018-10-31" v="112750000"/>
        <price t="2018-11-01" v="114750000"/>
        <price t="2018-11-02" v="113000000"/>
        <price t="2018-11-05" v="113850000"/>
        <price t="2018-11-06" v="112800000"/>
        <price t="2018-11-07" v="115000000"/>
        <price t="2018-11-08" v="116000000"/>
        <price t="2018-11-09" v="114250000"/>
        <price t="2018-11-12" v="113350000"/>
        <price t="2018-11-13" v="115450000"/>
        <price t="2018-11-14" v="117850000"/>
        <price t="2018-11-15" v="116350000"/>
        <price t="2018-11-16" v="117450000"/>
        <price t="2018-11-19" v="117000000"/>
        <price t="2018-11-20" v="114850000"/>
        <price t="2018-11-21" v="116050000"/>
        <price t="2018-11-22" v="114000000"/>
        <price t="2018-11-23" v="114950000"/>
        <price t="2018-11-26" v="119050000"/>
        <price t="2018-11-27" v="119950000"/>
        <price t="2018-11-28" v="121250000"/>
        <price t="2018-11-29" v="120600000"/>
        <price t="2018-11-30" v="122200000"/>
        <price t="2018-12-03" v="118300000"/>
        <price t="2018-12-04" v="120750000"/>
        <price t="2018-12-05" v="119200000"/>
        <price t="2018-12-06" v="116850000"/>
        <price t="2018-12-07" v="116350000"/>
        <price t="2018-12-10" v="112750000"/>
        <price t="2018-12-11" v="116550000"/>
        <price t="2018-12-12" v="117500000"/>
        <price t="2018-12-13" v="116200000"/>
        <price t="2018-12-14" v="116950000"/>
        <price t="2018-12-17" v="116550000"/>
        <price t="2018-12-18" v="118500000"/>
        <price t="2018-12-19" v="120700000"/>
        <price t="2018-12-20" v="117650000"/>
        <price t="2018-12-21" v="117350000"/>
        <price t="2018-12-24" v="116400000"/>
        <price t="2018-12-27" v="114750000"/>
        <price t="2018-12-28" v="117150000"/>
        <price t="2018-12-31" v="118100000"/>
        <price t="2019-01-02" v="118100000"/>
        <price t="2019-01-03" v="119500000"/>
        <price t="2019-01-04" v="119550000"/>
        <price t="2019-01-07" v="119950000"/>
        <price t="2019-01-08" v="118950000"/>
        <price t="2019-01-09" v="118950000"/>
        <price t="2019-01-10" v="115100000"/>
        <price t="2019-01-11" v="115500000"/>
        <price t="2019-01-14" v="111700000"/>
        <price t="2019-01-15" v="111200000"/>
        <price t="2019-01-16" v="111600000"/>
        <price t="2019-01-17" v="111800000"/>
        <price t="2019-01-18" v="113900000"/>
        <price t="2019-01-21" v="112000000"/>
        <price t="2019-01-22" v="112800000"/>
        <price t="2019-01-23" v="113600000"/>
        <price t="2019-01-24" v="113850000"/>
        <price t="2019-01-25" v="115250000"/>
        <price t="2019-01-28" v="117100000"/>
        <price t="2019-01-29" v="117350000"/>
        <price t="2019-01-30" v="117950000"/>
        <price t="2019-01-31" v="117050000"/>
        <price t="2019-02-01" v="116500000"/>
        <price t="2019-02-04" v="116200000"/>
        <price t="2019-02-05" v="117800000"/>
        <price t="2019-02-06" v="117250000"/>
        <price t="2019-02-07" v="114600000"/>
        <price t="2019-02-08" v="110450000"/>
        <price t="2019-02-11" v="111250000"/>
        <price t="2019-02-12" v="110600000"/>
        <price t="2019-02-13" v="110900000"/>
        <price t="2019-02-14" v="111500000"/>
        <price t="2019-02-15" v="109800000"/>
        <price t="2019-02-18" v="112650000"/>
        <price t="2019-02-19" v="113300000"/>
        <price t="2019-02-20" v="113550000"/>
        <price t="2019-02-21" v="115550000"/>
        <price t="2019-02-22" v="114900000"/>
        <price t="2019-02-25" v="115000000"/>
        <price t="2019-02-26" v="115000000"/>
        <price t="2019-02-27" v="115900000"/>
        <price t="2019-02-28" v="116150000"/>
        <price t="2019-03-01" v="112400000"/>
        <price t="2019-03-04" v="111800000"/>
        <price t="2019-03-05" v="114450000"/>
        <price t="2019-03-06" v="113750000"/>
        <price t="2019-03-07" v="114100000"/>
        <price t="2019-03-08" v="114900000"/>
        <price t="2019-03-11" v="115350000"/>
        <price t="2019-03-12" v="116200000"/>
        <price t="2019-03-13" v="117550000"/>
        <price t="2019-03-14" v="119200000"/>
        <price t="2019-03-15" v="121200000"/>
        <price t="2019-03-18" v="122850000"/>
        <price t="2019-03-19" v="124800000"/>
        <price t="2019-03-20" v="125300000"/>
        <price t="2019-03-21" v="126150000"/>
        <price t="2019-03-22" v="125250000"/>
        <price t="2019-03-25" v="124250000"/>
        <price t="2019-03-26" v="126150000"/>
        <price t="2019-03-27" v="127750000"/>
        <price t="2019-03-28" v="127000000"/>
        <price t="2019-03-29" v="128550000"/>
        <price t="2019-04-01" v="130400000"/>
        <price t="2019-04-02" v="131400000"/>
        <price t="2019-04-03" v="133200000"/>
        <price t="2019-04-04" v="133850000"/>
        <price t="2019-04-05" v="133650000"/>
        <price t="2019-04-08" v="133550000"/>
        <price t="2019-04-09" v="133850000"/>
        <price t="2019-04-10" v="133700000"/>
        <price t="2019-04-11" v="133650000"/>
        <price t="2019-04-12" v="133350000"/>
        <price t="2019-04-15" v="134850000"/>
        <price t="2019-04-16" v="132250000"/>
        <price t="2019-04-17" v="132300000"/>
        <price t="2019-04-18" v="132350000"/>
        <price t="2019-04-23" v="132800000"/>
        <price t="2019-04-24" v="125050000"/>
        <price t="2019-04-25" v="124500000"/>
        <price t="2019-04-26" v="125200000"/>
        <price t="2019-04-29" v="124800000"/>
        <price t="2019-04-30" v="124750000"/>
        <price t="2019-05-02" v="124800000"/>
        <price t="2019-05-03" v="124000000"/>
        <price t="2019-05-06" v="123850000"/>
        <price t="2019-05-07" v="124750000"/>
        <price t="2019-05-08" v="125500000"/>
        <price t="2019-05-09" v="123550000"/>
        <price t="2019-05-10" v="123900000"/>
        <price t="2019-05-13" v="123100000"/>
        <price t="2019-05-14" v="125000000"/>
        <price t="2019-05-15" v="125350000"/>
        <price t="2019-05-16" v="127800000"/>
        <price t="2019-05-17" v="127350000"/>
        <price t="2019-05-20" v="128300000"/>
        <price t="2019-05-21" v="128300000"/>
        <price t="2019-05-22" v="128450000"/>
        <price t="2019-05-23" v="125000000"/>
        <price t="2019-05-24" v="125250000"/>
        <price t="2019-05-27" v="126950000"/>
        <price t="2019-05-28" v="128000000"/>
        <price t="2019-05-29" v="128200000"/>
        <price t="2019-05-30" v="128700000"/>
        <price t="2019-05-31" v="129750000"/>
        <price t="2019-06-03" v="128500000"/>
        <price t="2019-06-04" v="126250000"/>
        <price t="2019-06-05" v="128300000"/>
        <price t="2019-06-06" v="128550000"/>
        <price t="2019-06-07" v="130800000"/>
        <price t="2019-06-10" v="130950000"/>
        <price t="2019-06-11" v="131500000"/>
        <price t="2019-06-12" v="132000000"/>
        <price t="2019-06-13" v="132450000"/>
        <price t="2019-06-14" v="130600000"/>
        <price t="2019-06-17" v="130750000"/>
        <price t="2019-06-18" v="132900000"/>
        <price t="2019-06-19" v="130900000"/>
        <price t="2019-06-20" v="128450000"/>
        <price t="2019-06-21" v="127650000"/>
        <price t="2019-06-24" v="129550000"/>
        <price t="2019-06-25" v="131550000"/>
        <price t="2019-06-26" v="128600000"/>
        <price t="2019-06-27" v="129250000"/>
        <price t="2019-06-28" v="129600000"/>
        <price t="2019-07-01" v="129100000"/>
        <price t="2019-07-02" v="130500000"/>
        <price t="2019-07-03" v="131400000"/>
        <price t="2019-07-04" v="131850000"/>
        <price t="2019-07-05" v="130250000"/>
        <price t="2019-07-08" v="123850000"/>
        <price t="2019-07-09" v="124450000"/>
        <price t="2019-07-10" v="125950000"/>
        <price t="2019-07-11" v="125800000"/>
        <price t="2019-07-12" v="126650000"/>
        <price t="2019-07-15" v="125800000"/>
        <price t="2019-07-16" v="125550000"/>
        <price t="2019-07-17" v="125950000"/>
        <price t="2019-07-18" v="127350000"/>
        <price t="2019-07-19" v="127950000"/>
        <price t="2019-07-22" v="128500000"/>
        <price t="2019-07-23" v="129050000"/>
        <price t="2019-07-24" v="128200000"/>
        <price t="2019-07-25" v="129100000"/>
        <price t="2019-07-26" v="131150000"/>
        <price t="2019-07-29" v="133100000"/>
        <price t="2019-07-30" v="128150000"/>
        <price t="2019-07-31" v="129050000"/>
        <price t="2019-08-01" v="131300000"/>
        <price t="2019-08-02" v="131300000"/>
        <price t="2019-08-05" v="130350000"/>
        <price t="2019-08-06" v="129950000"/>
        <price t="2019-08-07" v="131700000"/>
        <price t="2019-08-08" v="131200000"/>
        <price t="2019-08-09" v="129900000"/>
        <price t="2019-08-12" v="130400000"/>
        <price t="2019-08-13" v="132550000"/>
        <price t="2019-08-14" v="131500000"/>
        <price t="2019-08-15" v="133050000"/>
        <price t="2019-08-16" v="135800000"/>
        <price t="2019-08-19" v="137800000"/>
        <price t="2019-08-20" v="129300000"/>
        <price t="2019-08-21" v="130400000"/>
        <price t="2019-08-22" v="130400000"/>
        <price t="2019-08-23" v="131000000"/>
        <price t="2019-08-26" v="132000000"/>
        <price t="2019-08-27" v="132200000"/>
        <price t="2019-08-28" v="133000000"/>
        <price t="2019-08-29" v="133100000"/>
        <price t="2019-08-30" v="134450000"/>
        <price t="2019-09-02" v="133300000"/>
        <price t="2019-09-03" v="132250000"/>
        <price t="2019-09-04" v="132400000"/>
        <price t="2019-09-05" v="132050000"/>
        <price t="2019-09-06" v="128750000"/>
        <price t="2019-09-09" v="128050000"/>
        <price t="2019-09-10" v="129300000"/>
        <price t="2019-09-11" v="130450000"/>
        <price t="2019-09-12" v="131900000"/>
        <price t="2019-09-13" v="128500000"/>
        <price t="2019-09-16" v="128250000"/>
        <price t="2019-09-17" v="129900000"/>
        <price t="2019-09-18" v="129250000"/>
        <price t="2019-09-19" v="131350000"/>
        <price t="2019-09-20" v="133650000"/>
        <price t="2019-09-23" v="134100000"/>
        <price t="2019-09-24" v="134400000"/>
        <price t="2019-09-25" v="135000000"/>
        <price t="2019-09-26" v="137500000"/>
        <price t="2019-09-27" v="136450000"/>
        <price t="2019-09-30" v="136250000"/>
        <price t="2019-10-01" v="136950000"/>
        <price t="2019-10-02" v="136450000"/>
        <price t="2019-10-03" v="135750000"/>
        <price t="2019-10-04" v="137700000"/>
        <price t="2019-10-07" v="139200000"/>
        <price t="2019-10-08" v="138050000"/>
        <price t="2019-10-09" v="139200000"/>
        <price t="2019-10-10" v="140150000"/>
        <price t="2019-10-11" v="140850000"/>
        <price t="2019-10-14" v="137750000"/>
        <price t="2019-10-15" v="138200000"/>
        <price t="2019-10-16" v="136350000"/>
        <price t="2019-10-17" v="135950000"/>
        <price t="2019-10-18" v="135300000"/>
        <price t="2019-10-21" v="136750000"/>
        <price t="2019-10-22" v="139450000"/>
        <price t="2019-10-23" v="139650000"/>
        <price t="2019-10-24" v="137450000"/>
        <price t="2019-10-25" v="133850000"/>
        <price t="2019-10-28" v="134750000"/>
        <price t="2019-10-29" v="133900000"/>
        <price t="2019-10-30" v="136200000"/>
        <price t="2019-10-31" v="137650000"/>
        <price t="2019-11-01" v="136250000"/>
        <price t="2019-11-04" v="136150000"/>
        <price t="2019-11-05" v="136050000"/>
        <price t="2019-11-06" v="136700000"/>
        <price t="2019-11-07" v="137350000"/>
        <price t="2019-11-08" v="138050000"/>
        <price t="2019-11-11" v="137900000"/>
        <price t="2019-11-12" v="137600000"/>
        <price t="2019-11-13" v="139550000"/>
        <price t="2019-11-14" v="136450000"/>
        <price t="2019-11-15" v="136850000"/>
        <price t="2019-11-18" v="138600000"/>
        <price t="2019-11-19" v="137500000"/>
        <price t="2019-11-20" v="138300000"/>
        <price t="2019-11-21" v="138400000"/>
        <price t="2019-11-22" v="137200000"/>
        <price t="2019-11-25" v="136800000"/>
        <price t="2019-11-26" v="137800000"/>
        <price t="2019-11-27" v="138850000"/>
        <price t="2019-11-28" v="136300000"/>
        <price t="2019-11-29" v="136900000"/>
        <price t="2019-12-02" v="135050000"/>
        <price t="2019-12-03" v="134800000"/>
        <price t="2019-12-04" v="132700000"/>
        <price t="2019-12-05" v="131750000"/>
        <price t="2019-12-06" v="131850000"/>
        <price t="2019-12-09" v="131750000"/>
        <price t="2019-12-10" v="130300000"/>
        <price t="2019-12-11" v="131450000"/>
        <price t="2019-12-12" v="129550000"/>
        <price t="2019-12-13" v="129500000"/>
        <price t="2019-12-16" v="130150000"/>
        <price t="2019-12-17" v="128200000"/>
        <price t="2019-12-18" v="129850000"/>
        <price t="2019-12-19" v="129950000"/>
        <price t="2019-12-20" v="131000000"/>
        <price t="2019-12-23" v="129400000"/>
        <price t="2019-12-24" v="129150000"/>
        <price t="2019-12-27" v="130000000"/>
        <price t="2019-12-30" v="128600000"/>
        <price t="2019-12-31" v="127600000"/>
        <price t="2020-01-02" v="129000000"/>
        <price t="2020-01-03" v="129350000"/>
        <price t="2020-01-06" v="129100000"/>
        <price t="2020-01-07" v="129100000"/>
        <price t="2020-01-08" v="124200000"/>
        <price t="2020-01-09" v="126750000"/>
        <price t="2020-01-10" v="126150000"/>
        <price t="2020-01-13" v="124500000"/>
        <price t="2020-01-14" v="123750000"/>
        <price t="2020-01-15" v="123750000"/>
        <price t="2020-01-16" v="126100000"/>
        <price t="2020-01-17" v="125650000"/>
        <price t="2020-01-20" v="126250000"/>
        <price t="2020-01-21" v="126400000"/>
        <price t="2020-01-22" v="128250000"/>
        <price t="2020-01-23" v="127650000"/>
        <price t="2020-01-24" v="128600000"/>
        <price t="2020-01-27" v="127950000"/>
        <price t="2020-01-28" v="131050000"/>
        <price t="2020-01-29" v="130850000"/>
        <price t="2020-01-30" v="130350000"/>
        <price t="2020-01-31" v="128600000"/>
        <price t="2020-02-03" v="128600000"/>
        <price t="2020-02-04" v="127950000"/>
        <price t="2020-02-05" v="128950000"/>
        <price t="2020-02-06" v="130600000"/>
        <price t="2020-02-07" v="132100000"/>
        <price t="2020-02-10" v="130650000"/>
        <price t="2020-02-11" v="130450000"/>
        <price t="2020-02-12" v="131100000"/>
        <price t="2020-02-13" v="130900000"/>
        <price t="2020-02-14" v="131850000"/>
        <price t="2020-02-17" v="131550000"/>
        <price t="2020-02-18" v="133100000"/>
        <price t="2020-02-19" v="135400000"/>
        <price t="2020-02-20" v="130800000"/>
        <price t="2020-02-21" v="122900000"/>
        <price t="2020-02-24" v="120750000"/>
        <price t="2020-02-25" v="116950000"/>
        <price t="2020-02-26" v="114650000"/>
        <price t="2020-02-27" v="110650000"/>
        <price t="2020-02-28" v="111800000"/>
        <price t="2020-03-02" v="113550000"/>
        <price t="2020-03-03" v="111150000"/>
        <price t="2020-03-04" v="114450000"/>
        <price t="2020-03-05" v="111650000"/>
        <price t="2020-03-06" v="109300000"/>
        <price t="2020-03-09" v="103000000"/>
        <price t="2020-03-10" v="97950000"/>
        <price t="2020-03-11" v="97475000"/>
        <price t="2020-03-12" v="86725000"/>
        <price t="2020-03-13" v="87275000"/>
        <price t="2020-03-16" v="86000000"/>
        <price t="2020-03-17" v="104050000"/>
        <price t="2020-03-18" v="112700000"/>
        <price t="2020-03-19" v="98500000"/>
        <price t="2020-03-20" v="96600000"/>
        <price t="2020-03-23" v="97000000"/>
        <price t="2020-03-24" v="102100000"/>
        <price t="2020-03-25" v="100250000"/>
        <price t="2020-03-26" v="101050000"/>
        <price t="2020-03-27" v="100800000"/>
        <price t="2020-03-30" v="108200000"/>
        <price t="2020-03-31" v="104350000"/>
        <price t="2020-04-01" v="98550000"/>
        <price t="2020-04-02" v="104450000"/>
        <price t="2020-04-03" v="108900000"/>
        <price t="2020-04-06" v="103800000"/>
        <price t="2020-04-07" v="102500000"/>
        <price t="2020-04-08" v="101600000"/>
        <price t="2020-04-09" v="102550000"/>
        <price t="2020-04-14" v="101300000"/>
        <price t="2020-04-15" v="101750000"/>
        <price t="2020-04-16" v="103250000"/>
        <price t="2020-04-17" v="106050000"/>
        <price t="2020-04-20" v="108900000"/>
        <price t="2020-04-21" v="105350000"/>
        <price t="2020-04-22" v="101100000"/>
        <price t="2020-04-23" v="99650000"/>
        <price t="2020-04-24" v="96600000"/>
        <price t="2020-04-27" v="96700000"/>
        <price t="2020-04-28" v="96850000"/>
        <price t="2020-04-29" v="98625000"/>
        <price t="2020-04-30" v="97350000"/>
        <price t="2020-05-04" v="91700000"/>
        <price t="2020-05-05" v="92475000"/>
        <price t="2020-05-06" v="92250000"/>
        <price t="2020-05-07" v="90000000"/>
        <price t="2020-05-08" v="90900000"/>
        <price t="2020-05-11" v="93050000"/>
        <price t="2020-05-12" v="97500000"/>
        <price t="2020-05-13" v="97950000"/>
        <price t="2020-05-14" v="94100000"/>
        <price t="2020-05-15" v="93250000"/>
        <price t="2020-05-18" v="93650000"/>
        <price t="2020-05-19" v="87875000"/>
        <price t="2020-05-20" v="89050000"/>
        <price t="2020-05-21" v="88175000"/>
        <price t="2020-05-22" v="88350000"/>
        <price t="2020-05-25" v="88375000"/>
        <price t="2020-05-26" v="91550000"/>
        <price t="2020-05-27" v="91825000"/>
        <price t="2020-05-28" v="96475000"/>
        <price t="2020-05-29" v="93975000"/>
        <price t="2020-06-01" v="96700000"/>
        <price t="2020-06-02" v="97625000"/>
        <price t="2020-06-03" v="99225000"/>
        <price t="2020-06-04" v="101100000"/>
        <price t="2020-06-05" v="101500000"/>
        <price t="2020-06-08" v="104050000"/>
        <price t="2020-06-09" v="101950000"/>
        <price t="2020-06-10" v="101550000"/>
        <price t="2020-06-11" v="96750000"/>
        <price t="2020-06-12" v="97100000"/>
        <price t="2020-06-15" v="95975000"/>
        <price t="2020-06-16" v="98600000"/>
        <price t="2020-06-17" v="95075000"/>
        <price t="2020-06-18" v="95975000"/>
        <price t="2020-06-19" v="94950000"/>
        <price t="2020-06-22" v="92950000"/>
        <price t="2020-06-23" v="94100000"/>
        <price t="2020-06-24" v="92300000"/>
        <price t="2020-06-25" v="93525000"/>
        <price t="2020-06-26" v="92975000"/>
        <price t="2020-06-29" v="92575000"/>
        <price t="2020-06-30" v="90700000"/>
        <price t="2020-07-01" v="92600000"/>
        <price t="2020-07-02" v="92300000"/>
        <price t="2020-07-03" v="91650000"/>
        <price t="2020-07-06" v="92700000"/>
        <price t="2020-07-07" v="91100000"/>
        <price t="2020-07-08" v="90800000"/>
        <price t="2020-07-09" v="89275000"/>
        <price t="2020-07-10" v="90275000"/>
        <price t="2020-07-13" v="90725000"/>
        <price t="2020-07-14" v="92425000"/>
        <price t="2020-07-15" v="90600000"/>
        <price t="2020-07-16" v="91275000"/>
        <price t="2020-07-17" v="91200000"/>
        <price t="2020-07-20" v="91600000"/>
        <price t="2020-07-21" v="89950000"/>
        <price t="2020-07-22" v="91625000"/>
        <price t="2020-07-23" v="90200000"/>
        <price t="2020-07-24" v="89925000"/>
        <price t="2020-07-27" v="88675000"/>
        <price t="2020-07-28" v="89175000"/>
        <price t="2020-07-29" v="88825000"/>
        <price t="2020-07-30" v="86475000"/>
        <price t="2020-07-31" v="87550000"/>
        <price t="2020-08-03" v="86400000"/>
        <price t="2020-08-04" v="86700000"/>
        <price t="2020-08-05" v="85275000"/>
        <price t="2020-08-06" v="82925000"/>
        <price t="2020-08-07" v="83550000"/>
        <price t="2020-08-10" v="84700000"/>
        <price t="2020-08-11" v="86150000"/>
        <price t="2020-08-12" v="87900000"/>
        <price t="2020-08-13" v="86900000"/>
        <price t="2020-08-14" v="87375000"/>
        <price t="2020-08-17" v="85050000"/>
        <price t="2020-08-18" v="84550000"/>
        <price t="2020-08-19" v="86525000"/>
        <price t="2020-08-20" v="85150000"/>
        <price t="2020-08-21" v="85225000"/>
        <price t="2020-08-24" v="87050000"/>
        <price t="2020-08-25" v="85950000"/>
        <price t="2020-08-26" v="85650000"/>
        <price t="2020-08-27" v="85050000"/>
        <price t="2020-08-28" v="84075000"/>
        <price t="2020-08-31" v="82950000"/>
        <price t="2020-09-01" v="81000000"/>
        <price t="2020-09-02" v="82375000"/>
        <price t="2020-09-03" v="82825000"/>
        <price t="2020-09-04" v="82225000"/>
        <price t="2020-09-07" v="83175000"/>
        <price t="2020-09-08" v="81300000"/>
        <price t="2020-09-09" v="84125000"/>
        <price t="2020-09-10" v="83275000"/>
        <price t="2020-09-11" v="84075000"/>
        <price t="2020-09-14" v="83375000"/>
        <price t="2020-09-15" v="82925000"/>
        <price t="2020-09-16" v="84150000"/>
        <price t="2020-09-17" v="83675000"/>
        <price t="2020-09-18" v="81225000"/>
        <price t="2020-09-21" v="80475000"/>
        <price t="2020-09-22" v="81475000"/>
        <price t="2020-09-23" v="78575000"/>
        <price t="2020-09-24" v="76825000"/>
        <price t="2020-09-25" v="76950000"/>
        <price t="2020-09-28" v="78875000"/>
        <price t="2020-09-29" v="77625000"/>
        <price t="2020-09-30" v="77875000"/>
        <price t="2020-10-01" v="77000000"/>
        <price t="2020-10-02" v="78300000"/>
        <price t="2020-10-05" v="80975000"/>
        <price t="2020-10-06" v="83475000"/>
        <price t="2020-10-07" v="81200000"/>
        <price t="2020-10-08" v="82900000"/>
        <price t="2020-10-09" v="84450000"/>
        <price t="2020-10-12" v="85375000"/>
        <price t="2020-10-13" v="85925000"/>
        <price t="2020-10-14" v="82825000"/>
        <price t="2020-10-15" v="81525000"/>
        <price t="2020-10-16" v="80425000"/>
        <price t="2020-10-19" v="81575000"/>
        <price t="2020-10-20" v="81225000"/>
        <price t="2020-10-21" v="79725000"/>
        <price t="2020-10-22" v="79325000"/>
        <price t="2020-10-23" v="81675000"/>
        <price t="2020-10-26" v="80500000"/>
        <price t="2020-10-27" v="78950000"/>
        <price t="2020-10-28" v="76700000"/>
        <price t="2020-10-29" v="77200000"/>
        <price t="2020-10-30" v="83475000"/>
        <price t="2020-11-02" v="82975000"/>
        <price t="2020-11-03" v="80800000"/>
        <price t="2020-11-04" v="80675000"/>
        <price t="2020-11-05" v="78075000"/>
        <price t="2020-11-06" v="78500000"/>
        <price t="2020-11-09" v="81425000"/>
        <price t="2020-11-10" v="85025000"/>
        <price t="2020-11-11" v="85775000"/>
        <price t="2020-11-12" v="87050000"/>
        <price t="2020-11-13" v="86850000"/>
        <price t="2020-11-16" v="88300000"/>
        <price t="2020-11-17" v="88975000"/>
        <price t="2020-11-18" v="88975000"/>
        <price t="2020-11-19" v="86450000"/>
        <price t="2020-11-20" v="85375000"/>
        <price t="2020-11-23" v="85300000"/>
        <price t="2020-11-24" v="86950000"/>
        <price t="2020-11-25" v="88150000"/>
        <price t="2020-11-26" v="87900000"/>
        <price t="2020-11-27" v="89975000"/>
        <price t="2020-11-30" v="87550000"/>
        <price t="2020-12-01" v="87250000"/>
        <price t="2020-12-02" v="88500000"/>
        <price t="2020-12-03" v="90200000"/>
        <price t="2020-12-04" v="90500000"/>
        <price t="2020-12-07" v="90500000"/>
        <price t="2020-12-08" v="90950000"/>
        <price t="2020-12-09" v="90100000"/>
        <price t="2020-12-10" v="89550000"/>
        <price t="2020-12-11" v="89325000"/>
        <price t="2020-12-14" v="86600000"/>
        <price t="2020-12-15" v="86000000"/>
        <price t="2020-12-16" v="85700000"/>
        <price t="2020-12-17" v="85425000"/>
        <price t="2020-12-18" v="85950000"/>
        <price t="2020-12-21" v="82825000"/>
        <price t="2020-12-22" v="81575000"/>
        <price t="2020-12-23" v="82850000"/>
        <price t="2020-12-24" v="82650000"/>
        <price t="2020-12-28" v="82975000"/>
        <price t="2020-12-29" v="83000000"/>
        <price t="2020-12-30" v="82375000"/>
        <price t="2020-12-31" v="81050000"/>
        <price t="2021-01-04" v="82700000"/>
        <price t="2021-01-05" v="82325000"/>
        <price t="2021-01-06" v="83450000"/>
        <price t="2021-01-07" v="84600000"/>
        <price t="2021-01-08" v="83600000"/>
        <price t="2021-01-11" v="83850000"/>
        <price t="2021-01-12" v="84275000"/>
        <price t="2021-01-13" v="85225000"/>
        <price t="2021-01-14" v="86450000"/>
        <price t="2021-01-15" v="86100000"/>
        <price t="2021-01-18" v="85650000"/>
        <price t="2021-01-19" v="84450000"/>
        <price t="2021-01-20" v="85650000"/>
        <price t="2021-01-21" v="86450000"/>
        <price t="2021-01-22" v="86800000"/>
        <price t="2021-01-25" v="86975000"/>
        <price t="2021-01-26" v="86750000"/>
        <price t="2021-01-27" v="89525000"/>
        <price t="2021-01-28" v="87950000"/>
        <price t="2021-01-29" v="86900000"/>
        <price t="2021-02-01" v="86200000"/>
        <price t="2021-02-02" v="86450000"/>
        <price t="2021-02-03" v="86875000"/>
        <price t="2021-02-04" v="86650000"/>
        <price t="2021-02-05" v="86675000"/>
        <price t="2021-02-08" v="85850000"/>
        <price t="2021-02-09" v="85225000"/>
        <price t="2021-02-10" v="86225000"/>
        <price t="2021-02-11" v="85150000"/>
        <price t="2021-02-12" v="84900000"/>
        <price t="2021-02-15" v="86150000"/>
        <price t="2021-02-16" v="86625000"/>
        <price t="2021-02-17" v="88800000"/>
        <price t="2021-02-18" v="87000000"/>
        <price t="2021-02-19" v="88525000"/>
        <price t="2021-02-22" v="89275000"/>
        <price t="2021-02-23" v="90675000"/>
        <price t="2021-02-24" v="91500000"/>
        <price t="2021-02-25" v="91400000"/>
        <price t="2021-02-26" v="81000000"/>
        <price t="2021-03-01" v="81925000"/>
        <price t="2021-03-02" v="82050000"/>
        <price t="2021-03-03" v="81200000"/>
        <price t="2021-03-04" v="83350000"/>
        <price t="2021-03-05" v="83400000"/>
        <price t="2021-03-08" v="84175000"/>
        <price t="2021-03-09" v="83900000"/>
        <price t="2021-03-10" v="85700000"/>
        <price t="2021-03-11" v="85500000"/>
        <price t="2021-03-12" v="86175000"/>
        <price t="2021-03-15" v="86625000"/>
        <price t="2021-03-16" v="88800000"/>
        <price t="2021-03-17" v="90850000"/>
        <price t="2021-03-18" v="91050000"/>
        <price t="2021-03-19" v="91275000"/>
        <price t="2021-03-22" v="89600000"/>
        <price t="2021-03-23" v="89750000"/>
        <price t="2021-03-24" v="89750000"/>
        <price t="2021-03-25" v="89600000"/>
        <price t="2021-03-26" v="91625000"/>
        <price t="2021-03-29" v="93400000"/>
        <price t="2021-03-30" v="93725000"/>
        <price t="2021-03-31" v="92800000"/>
        <price t="2021-04-01" v="94000000"/>
        <price t="2021-04-06" v="93675000"/>
        <price t="2021-04-07" v="93975000"/>
        <price t="2021-04-08" v="94300000"/>
        <price t="2021-04-09" v="93875000"/>
        <price t="2021-04-12" v="93900000"/>
        <price t="2021-04-13" v="93075000"/>
        <price t="2021-04-14" v="93075000"/>
        <price t="2021-04-15" v="92300000"/>
        <price t="2021-04-16" v="92750000"/>
        <price t="2021-04-19" v="93700000"/>
        <price t="2021-04-20" v="93125000"/>
        <price t="2021-04-21" v="93050000"/>
        <price t="2021-04-22" v="92800000"/>
        <price t="2021-04-23" v="91550000"/>
        <price t="2021-04-26" v="92250000"/>
        <price t="2021-04-27" v="92825000"/>
        <price t="2021-04-28" v="88600000"/>
        <price t="2021-04-29" v="89375000"/>
        <price t="2021-04-30" v="88650000"/>
        <price t="2021-05-03" v="88600000"/>
        <price t="2021-05-04" v="89100000"/>
        <price t="2021-05-05" v="87675000"/>
        <price t="2021-05-06" v="87725000"/>
        <price t="2021-05-07" v="87125000"/>
        <price t="2021-05-10" v="87525000"/>
        <price t="2021-05-11" v="85200000"/>
        <price t="2021-05-12" v="85200000"/>
        <price t="2021-05-13" v="84500000"/>
        <price t="2021-05-14" v="84925000"/>
        <price t="2021-05-17" v="86175000"/>
        <price t="2021-05-18" v="86100000"/>
        <price t="2021-05-19" v="85300000"/>
        <price t="2021-05-20" v="84650000"/>
        <price t="2021-05-21" v="84875000"/>
        <price t="2021-05-24" v="85700000"/>
        <price t="2021-05-25" v="84725000"/>
        <price t="2021-05-26" v="84525000"/>
        <price t="2021-05-27" v="84125000"/>
        <price t="2021-05-28" v="83625000"/>
        <price t="2021-05-31" v="83025000"/>
        <price t="2021-06-01" v="83425000"/>
        <price t="2021-06-02" v="84675000"/>
        <price t="2021-06-03" v="84075000"/>
        <price t="2021-06-04" v="84650000"/>
        <price t="2021-06-07" v="85375000"/>
        <price t="2021-06-08" v="85700000"/>
        <price t="2021-06-09" v="86600000"/>
        <price t="2021-06-10" v="86575000"/>
        <price t="2021-06-11" v="87075000"/>
        <price t="2021-06-14" v="86850000"/>
        <price t="2021-06-15" v="87800000"/>
        <price t="2021-06-16" v="88100000"/>
        <price t="2021-06-17" v="86350000"/>
        <price t="2021-06-18" v="84775000"/>
        <price t="2021-06-21" v="84925000"/>
        <price t="2021-06-22" v="85125000"/>
        <price t="2021-06-23" v="83550000"/>
        <price t="2021-06-24" v="81800000"/>
        <price t="2021-06-25" v="81700000"/>
        <price t="2021-06-28" v="81525000"/>
        <price t="2021-06-29" v="81700000"/>
        <price t="2021-06-30" v="81450000"/>
        <price t="2021-07-01" v="82900000"/>
        <price t="2021-07-02" v="82700000"/>
        <price t="2021-07-05" v="82825000"/>
        <price t="2021-07-06" v="82425000"/>
        <price t="2021-07-07" v="82700000"/>
        <price t="2021-07-08" v="81950000"/>
        <price t="2021-07-09" v="82725000"/>
        <price t="2021-07-12" v="83800000"/>
        <price t="2021-07-13" v="83850000"/>
        <price t="2021-07-14" v="83625000"/>
        <price t="2021-07-15" v="83550000"/>
        <price t="2021-07-16" v="84125000"/>
        <price t="2021-07-19" v="82725000"/>
        <price t="2021-07-20" v="83550000"/>
        <price t="2021-07-21" v="84925000"/>
        <price t="2021-07-22" v="84625000"/>
        <price t="2021-07-23" v="84850000"/>
        <price t="2021-07-26" v="85950000"/>
        <price t="2021-07-27" v="86000000"/>
        <price t="2021-07-28" v="86350000"/>
        <price t="2021-07-29" v="85475000"/>
        <price t="2021-07-30" v="86625000"/>
        <price t="2021-08-02" v="85975000"/>
        <price t="2021-08-03" v="86650000"/>
        <price t="2021-08-04" v="87000000"/>
        <price t="2021-08-05" v="86850000"/>
        <price t="2021-08-06" v="86925000"/>
        <price t="2021-08-09" v="87900000"/>
        <price t="2021-08-10" v="87725000"/>
        <price t="2021-08-11" v="87375000"/>
        <price t="2021-08-12" v="87475000"/>
        <price t="2021-08-13" v="87675000"/>
        <price t="2021-08-16" v="87750000"/>
        <price t="2021-08-17" v="87775000"/>
        <price t="2021-08-18" v="87850000"/>
        <price t="2021-08-19" v="86925000"/>
        <price t="2021-08-20" v="87100000"/>
        <price t="2021-08-23" v="86975000"/>
        <price t="2021-08-24" v="86875000"/>
        <price t="2021-08-25" v="86850000"/>
        <price t="2021-08-26" v="84475000"/>
        <price t="2021-08-27" v="83525000"/>
        <price t="2021-08-30" v="83600000"/>
        <price t="2021-08-31" v="83025000"/>
        <price t="2021-09-01" v="83950000"/>
        <price t="2021-09-02" v="83675000"/>
        <price t="2021-09-03" v="83475000"/>
        <price t="2021-09-06" v="83650000"/>
        <price t="2021-09-07" v="83725000"/>
        <price t="2021-09-08" v="84850000"/>
        <price t="2021-09-09" v="84750000"/>
        <price t="2021-09-10" v="83000000"/>
        <price t="2021-09-13" v="84050000"/>
        <price t="2021-09-14" v="83675000"/>
        <price t="2021-09-15" v="84125000"/>
        <price t="2021-09-16" v="84600000"/>
        <price t="2021-09-17" v="84400000"/>
        <price t="2021-09-20" v="83650000"/>
        <price t="2021-09-21" v="83900000"/>
        <price t="2021-09-22" v="84625000"/>
        <price t="2021-09-23" v="85725000"/>
        <price t="2021-09-24" v="85050000"/>
        <price t="2021-09-27" v="86325000"/>
        <price t="2021-09-28" v="85600000"/>
        <price t="2021-09-29" v="85550000"/>
        <price t="2021-09-30" v="85700000"/>
        <price t="2021-10-01" v="84800000"/>
        <price t="2021-10-04" v="85800000"/>
        <price t="2021-10-05" v="86275000"/>
        <price t="2021-10-06" v="86200000"/>
        <price t="2021-10-07" v="86450000"/>
        <price t="2021-10-08" v="87225000"/>
        <price t="2021-10-11" v="87300000"/>
        <price t="2021-10-12" v="87500000"/>
        <price t="2021-10-13" v="87275000"/>
        <price t="2021-10-14" v="87800000"/>
        <price t="2021-10-15" v="87825000"/>
        <price t="2021-10-18" v="87225000"/>
        <price t="2021-10-19" v="85400000"/>
        <price t="2021-10-20" v="86250000"/>
        <price t="2021-10-21" v="86750000"/>
        <price t="2021-10-22" v="87550000"/>
        <price t="2021-10-25" v="86500000"/>
        <price t="2021-10-26" v="86000000"/>
        <price t="2021-10-27" v="85400000"/>
        <price t="2021-10-28" v="83950000"/>
        <price t="2021-10-29" v="81425000"/>
        <price t="2021-11-01" v="80225000"/>
        <price t="2021-11-02" v="81225000"/>
        <price t="2021-11-03" v="82425000"/>
        <price t="2021-11-04" v="81425000"/>
        <price t="2021-11-05" v="82575000"/>
        <price t="2021-11-08" v="82400000"/>
        <price t="2021-11-09" v="83425000"/>
        <price t="2021-11-10" v="84500000"/>
        <price t="2021-11-11" v="84475000"/>
        <price t="2021-11-12" v="84400000"/>
        <price t="2021-11-15" v="85575000"/>
        <price t="2021-11-16" v="84925000"/>
        <price t="2021-11-17" v="84275000"/>
        <price t="2021-11-18" v="82475000"/>
        <price t="2021-11-19" v="81925000"/>
        <price t="2021-11-22" v="84875000"/>
        <price t="2021-11-23" v="84150000"/>
        <price t="2021-11-24" v="84350000"/>
        <price t="2021-11-25" v="83900000"/>
        <price t="2021-11-26" v="81325000"/>
        <price t="2021-11-29" v="80150000"/>
        <price t="2021-11-30" v="80100000"/>
        <price t="2021-12-01" v="84150000"/>
        <price t="2021-12-02" v="83750000"/>
        <price t="2021-12-03" v="82550000"/>
        <price t="2021-12-06" v="83550000"/>
        <price t="2021-12-07" v="83075000"/>
        <price t="2021-12-08" v="80300000"/>
        <price t="2021-12-09" v="80475000"/>
        <price t="2021-12-10" v="80950000"/>
        <price t="2021-12-13" v="81800000"/>
        <price t="2021-12-14" v="83825000"/>
        <price t="2021-12-15" v="83950000"/>
        <price t="2021-12-16" v="84800000"/>
        <price t="2021-12-17" v="88575000"/>
        <price t="2021-12-20" v="87600000"/>
        <price t="2021-12-21" v="87650000"/>
        <price t="2021-12-22" v="87000000"/>
        <price t="2021-12-23" v="87200000"/>
        <price t="2021-12-24" v="87525000"/>
        <price t="2021-12-27" v="86325000"/>
        <price t="2021-12-28" v="86600000"/>
        <price t="2021-12-29" v="86375000"/>
        <price t="2021-12-30" v="86325000"/>
        <price t="2021-12-31" v="85700000"/>
        <price t="2022-01-03" v="86550000"/>
        <price t="2022-01-04" v="86900000"/>
        <price t="2022-01-05" v="85300000"/>
        <price t="2022-01-06" v="85175000"/>
        <price t="2022-01-07" v="85325000"/>
        <price t="2022-01-10" v="86825000"/>
        <price t="2022-01-11" v="87525000"/>
        <price t="2022-01-12" v="86950000"/>
        <price t="2022-01-13" v="88125000"/>
        <price t="2022-01-14" v="88800000"/>
        <price t="2022-01-17" v="86350000"/>
        <price t="2022-01-18" v="87175000"/>
        <price t="2022-01-19" v="87425000"/>
        <price t="2022-01-20" v="86650000"/>
        <price t="2022-01-21" v="85975000"/>
        <price t="2022-01-24" v="87450000"/>
        <price t="2022-01-25" v="89800000"/>
        <price t="2022-01-26" v="89475000"/>
        <price t="2022-01-27" v="92325000"/>
        <price t="2022-01-28" v="91600000"/>
        <price t="2022-01-31" v="90575000"/>
        <price t="2022-02-01" v="87250000"/>
        <price t="2022-02-02" v="86925000"/>
        <price t="2022-02-03" v="89500000"/>
        <price t="2022-02-04" v="89225000"/>
        <price t="2022-02-07" v="90125000"/>
        <price t="2022-02-08" v="90550000"/>
        <price t="2022-02-09" v="91425000"/>
        <price t="2022-02-10" v="90775000"/>
        <price t="2022-02-11" v="91125000"/>
        <price t="2022-02-14" v="90025000"/>
        <price t="2022-02-15" v="90725000"/>
        <price t="2022-02-16" v="91450000"/>
        <price t="2022-02-17" v="90300000"/>
        <price t="2022-02-18" v="93000000"/>
        <price t="2022-02-21" v="93250000"/>
        <price t="2022-02-22" v="91225000"/>
        <price t="2022-02-23" v="90825000"/>
        <price t="2022-02-24" v="86200000"/>
        <price t="2022-02-25" v="90400000"/>
        <price t="2022-02-28" v="88800000"/>
        <price t="2022-03-01" v="89575000"/>
        <price t="2022-03-02" v="89650000"/>
        <price t="2022-03-03" v="89050000"/>
        <price t="2022-03-04" v="85750000"/>
        <price t="2022-03-07" v="83950000"/>
        <price t="2022-03-08" v="83300000"/>
        <price t="2022-03-09" v="85075000"/>
        <price t="2022-03-10" v="85325000"/>
        <price t="2022-03-11" v="84900000"/>
        <price t="2022-03-14" v="85275000"/>
        <price t="2022-03-15" v="86475000"/>
        <price t="2022-03-16" v="86900000"/>
        <price t="2022-03-17" v="85950000"/>
        <price t="2022-03-18" v="84250000"/>
        <price t="2022-03-21" v="87150000"/>
        <price t="2022-03-22" v="86125000"/>
        <price t="2022-03-23" v="86400000"/>
        <price t="2022-03-24" v="86825000"/>
        <price t="2022-03-25" v="88300000"/>
        <price t="2022-03-28" v="88950000"/>
        <price t="2022-03-29" v="85450000"/>
        <price t="2022-03-30" v="85000000"/>
        <price t="2022-03-31" v="84250000"/>
        <price t="2022-04-01" v="83700000"/>
        <price t="2022-04-04" v="82450000"/>
        <price t="2022-04-05" v="82750000"/>
        <price t="2022-04-06" v="83700000"/>
        <price t="2022-04-07" v="83800000"/>
        <price t="2022-04-08" v="84975000"/>
        <price t="2022-04-11" v="85925000"/>
        <price t="2022-04-12" v="86225000"/>
        <price t="2022-04-13" v="86225000"/>
        <price t="2022-04-14" v="86675000"/>
        <price t="2022-04-19" v="86225000"/>
        <price t="2022-04-20" v="87200000"/>
        <price t="2022-04-21" v="86700000"/>
        <price t="2022-04-22" v="85825000"/>
        <price t="2022-04-25" v="84825000"/>
        <price t="2022-04-26" v="84300000"/>
        <price t="2022-04-27" v="81475000"/>
        <price t="2022-04-28" v="80475000"/>
        <price t="2022-04-29" v="83000000"/>
        <price t="2022-05-02" v="82925000"/>
        <price t="2022-05-03" v="85775000"/>
        <price t="2022-05-04" v="83550000"/>
        <price t="2022-05-05" v="83975000"/>
        <price t="2022-05-06" v="82725000"/>
        <price t="2022-05-09" v="82100000"/>
        <price t="2022-05-10" v="82350000"/>
        <price t="2022-05-11" v="81500000"/>
        <price t="2022-05-12" v="81450000"/>
        <price t="2022-05-13" v="81200000"/>
        <price t="2022-05-16" v="82675000"/>
        <price t="2022-05-17" v="82925000"/>
        <price t="2022-05-18" v="82525000"/>
        <price t="2022-05-19" v="80200000"/>
        <price t="2022-05-20" v="80875000"/>
        <price t="2022-05-23" v="81550000"/>
        <price t="2022-05-24" v="81050000"/>
        <price t="2022-05-25" v="81650000"/>
        <price t="2022-05-26" v="82125000"/>
        <price t="2022-05-27" v="82250000"/>
        <price t="2022-05-30" v="80725000"/>
        <price t="2022-05-31" v="80375000"/>
        <price t="2022-06-01" v="80075000"/>
        <price t="2022-06-02" v="79700000"/>
        <price t="2022-06-03" v="78900000"/>
        <price t="2022-06-06" v="79200000"/>
        <price t="2022-06-07" v="78725000"/>
        <price t="2022-06-08" v="77900000"/>
        <price t="2022-06-09" v="76600000"/>
        <price t="2022-06-10" v="75725000"/>
        <price t="2022-06-13" v="75800000"/>
        <price t="2022-06-14" v="75725000"/>
        <price t="2022-06-15" v="76225000"/>
        <price t="2022-06-16" v="76850000"/>
        <price t="2022-06-17" v="77625000"/>
        <price t="2022-06-20" v="78525000"/>
        <price t="2022-06-21" v="72550000"/>
        <price t="2022-06-22" v="72000000"/>
        <price t="2022-06-23" v="67475000"/>
        <price t="2022-06-24" v="70200000"/>
        <price t="2022-06-27" v="71175000"/>
        <price t="2022-06-28" v="71975000"/>
        <price t="2022-06-29" v="71475000"/>
        <price t="2022-06-30" v="70325000"/>
        <price t="2022-07-01" v="70125000"/>
        <price t="2022-07-04" v="70800000"/>
        <price t="2022-07-05" v="70150000"/>
        <price t="2022-07-06" v="69975000"/>
        <price t="2022-07-07" v="71575000"/>
        <price t="2022-07-08" v="71950000"/>
        <price t="2022-07-11" v="71125000"/>
        <price t="2022-07-12" v="71350000"/>
        <price t="2022-07-13" v="70875000"/>
        <price t="2022-07-14" v="68950000"/>
        <price t="2022-07-15" v="68725000"/>
        <price t="2022-07-18" v="69300000"/>
        <price t="2022-07-19" v="69225000"/>
        <price t="2022-07-20" v="68450000"/>
        <price t="2022-07-21" v="67500000"/>
        <price t="2022-07-22" v="66700000"/>
        <price t="2022-07-25" v="67750000"/>
        <price t="2022-07-26" v="66925000"/>
        <price t="2022-07-27" v="67075000"/>
        <price t="2022-07-28" v="66150000"/>
        <price t="2022-07-29" v="67725000"/>
        <price t="2022-08-01" v="67475000"/>
        <price t="2022-08-02" v="67275000"/>
        <price t="2022-08-03" v="64900000"/>
        <price t="2022-08-04" v="64575000"/>
        <price t="2022-08-05" v="65875000"/>
        <price t="2022-08-08" v="65850000"/>
        <price t="2022-08-09" v="66000000"/>
        <price t="2022-08-10" v="66625000"/>
        <price t="2022-08-11" v="66725000"/>
        <price t="2022-08-12" v="66750000"/>
        <price t="2022-08-15" v="66650000"/>
        <price t="2022-08-16" v="67950000"/>
        <price t="2022-08-17" v="67175000"/>
        <price t="2022-08-18" v="67475000"/>
        <price t="2022-08-19" v="67550000"/>
        <price t="2022-08-22" v="66775000"/>
        <price t="2022-08-23" v="67275000"/>
        <price t="2022-08-24" v="65750000"/>
        <price t="2022-08-25" v="65500000"/>
        <price t="2022-08-26" v="63950000"/>
        <price t="2022-08-29" v="64575000"/>
        <price t="2022-08-30" v="65050000"/>
        <price t="2022-08-31" v="63400000"/>
        <price t="2022-09-01" v="63100000"/>
        <price t="2022-09-02" v="62425000"/>
        <price t="2022-09-05" v="61850000"/>
        <price t="2022-09-06" v="62150000"/>
        <price t="2022-09-07" v="60925000"/>
        <price t="2022-09-08" v="58925000"/>
        <price t="2022-09-09" v="60850000"/>
        <price t="2022-09-12" v="61650000"/>
        <price t="2022-09-13" v="60500000"/>
        <price t="2022-09-14" v="59950000"/>
        <price t="2022-09-15" v="59200000"/>
        <price t="2022-09-16" v="56650000"/>
        <price t="2022-09-19" v="57525000"/>
        <price t="2022-09-20" v="55500000"/>
        <price t="2022-09-21" v="55450000"/>
        <price t="2022-09-22" v="55475000"/>
        <price t="2022-09-23" v="53275000"/>
        <price t="2022-09-26" v="53450000"/>
        <price t="2022-09-27" v="53225000"/>
        <price t="2022-09-28" v="53225000"/>
        <price t="2022-09-29" v="52900000"/>
        <price t="2022-09-30" v="52975000"/>
        <price t="2022-10-03" v="53875000"/>
        <price t="2022-10-04" v="54350000"/>
        <price t="2022-10-05" v="52475000"/>
        <price t="2022-10-06" v="51275000"/>
        <price t="2022-10-07" v="49000000"/>
        <price t="2022-10-10" v="48760000"/>
        <price t="2022-10-11" v="47900000"/>
        <price t="2022-10-12" v="47230000"/>
        <price t="2022-10-13" v="46570000"/>
        <price t="2022-10-14" v="46320000"/>
        <price t="2022-10-17" v="47740000"/>
        <price t="2022-10-18" v="48290000"/>
        <price t="2022-10-19" v="47910000"/>
        <price t="2022-10-20" v="48450000"/>
        <price t="2022-10-21" v="47830000"/>
        <price t="2022-10-24" v="48400000"/>
        <price t="2022-10-25" v="48090000"/>
        <price t="2022-10-26" v="48610000"/>
        <price t="2022-10-27" v="49290000"/>
        <price t="2022-10-28" v="51025000"/>
        <price t="2022-10-31" v="53050000"/>
        <price t="2022-11-01" v="53325000"/>
        <price t="2022-11-02" v="53900000"/>
        <price t="2022-11-03" v="51900000"/>
        <price t="2022-11-04" v="53000000"/>
        <price t="2022-11-07" v="53100000"/>
        <price t="2022-11-08" v="53300000"/>
        <price t="2022-11-09" v="54225000"/>
        <price t="2022-11-10" v="55650000"/>
        <price t="2022-11-11" v="55200000"/>
        <price t="2022-11-14" v="56300000"/>
        <price t="2022-11-15" v="54825000"/>
        <price t="2022-11-16" v="53175000"/>
        <price t="2022-11-17" v="52550000"/>
        <price t="2022-11-18" v="53450000"/>
        <price t="2022-11-21" v="53175000"/>
        <price t="2022-11-22" v="53125000"/>
        <price t="2022-11-23" v="52100000"/>
        <price t="2022-11-24" v="53000000"/>
        <price t="2022-11-25" v="53225000"/>
        <price t="2022-11-28" v="52425000"/>
        <price t="2022-11-29" v="50775000"/>
        <price t="2022-11-30" v="49990000"/>
        <price t="2022-12-01" v="51900000"/>
        <price t="2022-12-02" v="51600000"/>
        <price t="2022-12-05" v="49280000"/>
        <price t="2022-12-06" v="48290000"/>
        <price t="2022-12-07" v="45170000"/>
        <price t="2022-12-08" v="45090000"/>
        <price t="2022-12-09" v="45090000"/>
        <price t="2022-12-12" v="44110000"/>
        <price t="2022-12-13" v="44440000"/>
        <price t="2022-12-14" v="43750000"/>
        <price t="2022-12-15" v="43960000"/>
        <price t="2022-12-16" v="42460000"/>
        <price t="2022-12-19" v="42610000"/>
        <price t="2022-12-20" v="42370000"/>
        <price t="2022-12-21" v="43890000"/>
        <price t="2022-12-22" v="43780000"/>
        <price t="2022-12-23" v="44450000"/>
        <price t="2022-12-27" v="44540000"/>
        <price t="2022-12-28" v="44790000"/>
        <price t="2022-12-29" v="45450000"/>
        <price t="2022-12-30" v="44980000"/>
        <price t="2023-01-02" v="45720000"/>
        <price t="2023-01-03" v="46590000"/>
        <price t="2023-01-04" v="47120000"/>
        <price t="2023-01-05" v="48100000"/>
        <price t="2023-01-06" v="48620000"/>
        <price t="2023-01-09" v="47300000"/>
        <price t="2023-01-10" v="46690000"/>
        <price t="2023-01-11" v="46240000"/>
        <price t="2023-01-12" v="47330000"/>
        <price t="2023-01-13" v="47220000"/>
        <price t="2023-01-16" v="47040000"/>
        <price t="2023-01-17" v="48080000"/>
        <price t="2023-01-18" v="49250000"/>
        <price t="2023-01-19" v="46970000"/>
        <price t="2023-01-20" v="47650000"/>
        <price t="2023-01-23" v="47820000"/>
        <price t="2023-01-24" v="48060000"/>
        <price t="2023-01-25" v="47430000"/>
        <price t="2023-01-26" v="47470000"/>
        <price t="2023-01-27" v="47880000"/>
        <price t="2023-01-30" v="47180000"/>
        <price t="2023-01-31" v="47060000"/>
        <price t="2023-02-01" v="47470000"/>
        <price t="2023-02-02" v="49190000"/>
        <price t="2023-02-03" v="48500000"/>
        <price t="2023-02-06" v="46850000"/>
        <price t="2023-02-07" v="46290000"/>
        <price t="2023-02-08" v="46310000"/>
        <price t="2023-02-09" v="45600000"/>
        <price t="2023-02-10" v="45100000"/>
        <price t="2023-02-13" v="889600000"/>
        <price t="2023-02-14" v="906800000"/>
        <price t="2023-02-15" v="908400000"/>
        <price t="2023-02-16" v="915600000"/>
        <price t="2023-02-17" v="920600000"/>
        <price t="2023-02-20" v="924400000"/>
        <price t="2023-02-21" v="884800000"/>
        <price t="2023-02-22" v="901600000"/>
        <price t="2023-02-23" v="868000000"/>
        <price t="2023-02-24" v="866000000"/>
        <price t="2023-02-27" v="880400000"/>
        <price t="2023-02-28" v="872000000"/>
        <price t="2023-03-01" v="865400000"/>
        <price t="2023-03-02" v="854000000"/>
        <price t="2023-03-03" v="861600000"/>
        <price t="2023-03-06" v="875000000"/>
        <price t="2023-03-07" v="840000000"/>
        <price t="2023-03-08" v="842400000"/>
        <price t="2023-03-09" v="839600000"/>
        <price t="2023-03-10" v="810000000"/>
        <price t="2023-03-13" v="797200000"/>
        <price t="2023-03-14" v="811400000"/>
        <price t="2023-03-15" v="802600000"/>
        <price t="2023-03-16" v="833400000"/>
        <price t="2023-03-17" v="822000000"/>
        <price t="2023-03-20" v="848200000"/>
        <price t="2023-03-21" v="894400000"/>
        <price t="2023-03-22" v="903800000"/>
        <price t="2023-03-23" v="856800000"/>
        <price t="2023-03-24" v="871600000"/>
        <price t="2023-03-27" v="856800000"/>
        <price t="2023-03-28" v="860000000"/>
        <price t="2023-03-29" v="880200000"/>
        <price t="2023-03-30" v="894000000"/>
        <price t="2023-03-31" v="889400000"/>
        <price t="2023-04-03" v="910400000"/>
        <price t="2023-04-04" v="892000000"/>
        <price t="2023-04-05" v="890200000"/>
        <price t="2023-04-06" v="897400000"/>
        <price t="2023-04-11" v="896800000"/>
        <price t="2023-04-12" v="893800000"/>
        <price t="2023-04-13" v="901200000"/>
        <price t="2023-04-14" v="900600000"/>
        <price t="2023-04-17" v="915800000"/>
        <price t="2023-04-18" v="891800000"/>
        <price t="2023-04-19" v="889800000"/>
        <price t="2023-04-20" v="868800000"/>
        <price t="2023-04-21" v="859200000"/>
        <price t="2023-04-24" v="845400000"/>
        <price t="2023-04-25" v="839600000"/>
        <price t="2023-04-26" v="795400000"/>
        <price t="2023-04-27" v="813600000"/>
        <price t="2023-04-28" v="773000000"/>
        <price t="2023-05-02" v="747200000"/>
        <price t="2023-05-03" v="748400000"/>
        <price t="2023-05-04" v="740600000"/>
        <price t="2023-05-05" v="767000000"/>
        <price t="2023-05-08" v="784600000"/>
        <price t="2023-05-09" v="781600000"/>
        <price t="2023-05-10" v="773200000"/>
        <price t="2023-05-11" v="771400000"/>
        <price t="2023-05-12" v="758600000"/>
        <price t="2023-05-15" v="763000000"/>
        <price t="2023-05-16" v="759000000"/>
        <price t="2023-05-17" v="745000000"/>
        <price t="2023-05-18" v="732400000"/>
        <price t="2023-05-19" v="735400000"/>
        <price t="2023-05-22" v="735000000"/>
        <price t="2023-05-23" v="753600000"/>
        <price t="2023-05-24" v="747600000"/>
        <price t="2023-05-25" v="730800000"/>
        <price t="2023-05-26" v="732400000"/>
        <price t="2023-05-29" v="724600000"/>
        <price t="2023-05-30" v="717200000"/>
        <price t="2023-05-31" v="726200000"/>
        <price t="2023-06-01" v="732600000"/>
        <price t="2023-06-02" v="742200000"/>
        <price t="2023-06-05" v="737600000"/>
        <price t="2023-06-06" v="736200000"/>
        <price t="2023-06-07" v="747600000"/>
        <price t="2023-06-08" v="734200000"/>
        <price t="2023-06-09" v="734000000"/>
        <price t="2023-06-12" v="717200000"/>
        <price t="2023-06-13" v="718400000"/>
        <price t="2023-06-14" v="720200000"/>
        <price t="2023-06-15" v="719600000"/>
        <price t="2023-06-16" v="712200000"/>
        <price t="2023-06-19" v="709600000"/>
        <price t="2023-06-20" v="706200000"/>
        <price t="2023-06-21" v="693000000"/>
        <price t="2023-06-22" v="688200000"/>
        <price t="2023-06-23" v="684800000"/>
        <price t="2023-06-26" v="673000000"/>
        <price t="2023-06-27" v="677600000"/>
        <price t="2023-06-28" v="682400000"/>
        <price t="2023-06-29" v="676600000"/>
        <price t="2023-06-30" v="682400000"/>
        <price t="2023-07-03" v="689600000"/>
        <price t="2023-07-04" v="702200000"/>
        <price t="2023-07-05" v="695400000"/>
        <price t="2023-07-06" v="691400000"/>
        <price t="2023-07-07" v="708000000"/>
        <price t="2023-07-10" v="705200000"/>
        <price t="2023-07-11" v="706000000"/>
        <price t="2023-07-12" v="720000000"/>
        <price t="2023-07-13" v="723400000"/>
        <price t="2023-07-14" v="722600000"/>
        <price t="2023-07-17" v="705600000"/>
        <price t="2023-07-18" v="712600000"/>
        <price t="2023-07-19" v="722000000"/>
        <price t="2023-07-20" v="730000000"/>
        <price t="2023-07-21" v="715600000"/>
        <price t="2023-07-24" v="726000000"/>
        <price t="2023-07-25" v="732000000"/>
        <price t="2023-07-26" v="727200000"/>
        <price t="2023-07-27" v="718000000"/>
        <price t="2023-07-28" v="704000000"/>
        <price t="2023-07-31" v="696600000"/>
        <price t="2023-08-01" v="678000000"/>
        <price t="2023-08-02" v="664200000"/>
        <price t="2023-08-03" v="661200000"/>
        <price t="2023-08-04" v="657200000"/>
        <price t="2023-08-07" v="651400000"/>
        <price t="2023-08-08" v="641600000"/>
        <price t="2023-08-09" v="651600000"/>
        <price t="2023-08-10" v="669200000"/>
        <price t="2023-08-11" v="663000000"/>
        <price t="2023-08-14" v="665800000"/>
        <price t="2023-08-15" v="670000000"/>
        <price t="2023-08-16" v="665600000"/>
        <price t="2023-08-17" v="655200000"/>
        <price t="2023-08-18" v="645400000"/>
        <price t="2023-08-21" v="647800000"/>
        <price t="2023-08-22" v="652200000"/>
        <price t="2023-08-23" v="662200000"/>
        <price t="2023-08-24" v="663400000"/>
        <price t="2023-08-25" v="666600000"/>
        <price t="2023-08-28" v="682400000"/>
        <price t="2023-08-29" v="683800000"/>
        <price t="2023-08-30" v="689800000"/>
        <price t="2023-08-31" v="697800000"/>
        <price t="2023-09-01" v="701200000"/>
        <price t="2023-09-04" v="708800000"/>
        <price t="2023-09-05" v="711400000"/>
        <price t="2023-09-06" v="728600000"/>
        <price t="2023-09-07" v="732000000"/>
        <price t="2023-09-08" v="735200000"/>
        <price t="2023-09-11" v="753400000"/>
        <price t="2023-09-12" v="756000000"/>
        <price t="2023-09-13" v="756400000"/>
        <price t="2023-09-14" v="764000000"/>
        <price t="2023-09-15" v="759000000"/>
        <price t="2023-09-18" v="763200000"/>
        <price t="2023-09-19" v="774600000"/>
        <price t="2023-09-20" v="790400000"/>
        <price t="2023-09-21" v="802800000"/>
        <price t="2023-09-22" v="805600000"/>
        <price t="2023-09-25" v="790400000"/>
        <price t="2023-09-26" v="781000000"/>
        <price t="2023-09-27" v="770200000"/>
        <price t="2023-09-28" v="765800000"/>
        <price t="2023-09-29" v="769800000"/>
        <price t="2023-10-02" v="768200000"/>
        <price t="2023-10-03" v="751200000"/>
        <price t="2023-10-04" v="746000000"/>
        <price t="2023-10-05" v="748800000"/>
        <price t="2023-10-06" v="757400000"/>
        <price t="2023-10-09" v="766400000"/>
        <price t="2023-10-10" v="775800000"/>
        <price t="2023-10-11" v="770600000"/>
        <price t="2023-10-12" v="765800000"/>
        <price t="2023-10-13" v="805200000"/>
        <price t="2023-10-16" v="822600000"/>
        <price t="2023-10-17" v="812200000"/>
        <price t="2023-10-18" v="811400000"/>
        <price t="2023-10-19" v="806000000"/>
        <price t="2023-10-20" v="801000000"/>
        <price t="2023-10-23" v="787200000"/>
        <price t="2023-10-24" v="768200000"/>
        <price t="2023-10-25" v="756400000"/>
        <price t="2023-10-26" v="755000000"/>
        <price t="2023-10-27" v="772800000"/>
        <price t="2023-10-30" v="774600000"/>
        <price t="2023-10-31" v="782200000"/>
        <price t="2023-11-01" v="781200000"/>
        <price t="2023-11-02" v="792600000"/>
        <price t="2023-11-03" v="806000000"/>
        <price t="2023-11-06" v="806600000"/>
        <price t="2023-11-07" v="801400000"/>
        <price t="2023-11-08" v="805000000"/>
        <price t="2023-11-09" v="817200000"/>
        <price t="2023-11-10" v="811000000"/>
        <price t="2023-11-13" v="806000000"/>
        <price t="2023-11-14" v="857000000"/>
        <price t="2023-11-15" v="876800000"/>
        <price t="2023-11-16" v="873800000"/>
        <price t="2023-11-17" v="876400000"/>
        <price t="2023-11-20" v="870400000"/>
        <price t="2023-11-21" v="870200000"/>
        <price t="2023-11-22" v="871400000"/>
        <price t="2023-11-23" v="870200000"/>
        <price t="2023-11-24" v="877400000"/>
        <price t="2023-11-27" v="883600000"/>
        <price t="2023-11-28" v="881000000"/>
        <price t="2023-11-29" v="878800000"/>
        <price t="2023-11-30" v="880600000"/>
        <price t="2023-12-01" v="886000000"/>
        <price t="2023-12-04" v="895000000"/>
        <price t="2023-12-05" v="898600000"/>
        <price t="2023-12-06" v="863800000"/>
        <price t="2023-12-07" v="890000000"/>
        <price t="2023-12-08" v="883400000"/>
        <price t="2023-12-11" v="877200000"/>
        <price t="2023-12-12" v="869600000"/>
        <price t="2023-12-13" v="864400000"/>
        <price t="2023-12-14" v="867800000"/>
        <price t="2023-12-15" v="858000000"/>
        <price t="2023-12-18" v="853600000"/>
        <price t="2023-12-19" v="853200000"/>
        <price t="2023-12-20" v="856800000"/>
        <price t="2023-12-21" v="853000000"/>
        <price t="2023-12-22" v="856600000"/>
        <price t="2023-12-27" v="852400000"/>
        <price t="2023-12-28" v="853000000"/>
        <price t="2023-12-29" v="851000000"/>
        <price t="2024-01-02" v="876200000"/>
        <price t="2024-01-03" v="874000000"/>
        <price t="2024-01-04" v="890800000"/>
        <price t="2024-01-05" v="895800000"/>
        <price t="2024-01-08" v="881600000"/>
        <price t="2024-01-09" v="883000000"/>
        <price t="2024-01-10" v="885000000"/>
        <price t="2024-01-11" v="874400000"/>
        <price t="2024-01-12" v="885400000"/>
        <price t="2024-01-15" v="889200000"/>
        <price t="2024-01-16" v="901800000"/>
        <price t="2024-01-17" v="931000000"/>
        <price t="2024-01-18" v="926000000"/>
        <price t="2024-01-19" v="924000000"/>
        <price t="2024-01-22" v="927400000"/>
        <price t="2024-01-23" v="921200000"/>
        <price t="2024-01-24" v="919600000"/>
        <price t="2024-01-25" v="904800000"/>
        <price t="2024-01-26" v="909000000"/>
        <price t="2024-01-29" v="878400000"/>
        <price t="2024-01-30" v="880400000"/>
        <price t="2024-01-31" v="879800000"/>
        <price t="2024-02-01" v="871200000"/>
        <price t="2024-02-02" v="865800000"/>
        <price t="2024-02-05" v="857400000"/>
        <price t="2024-02-06" v="849600000"/>
        <price t="2024-02-07" v="839000000"/>
        <price t="2024-02-08" v="838200000"/>
        <price t="2024-02-09" v="833200000"/>
        <price t="2024-02-12" v="835400000"/>
      </prices>
      <latest t="2024-02-12" v="835400000">
        <high>-1</high>
        <low>-1</low>
        <volume>-1</volume>
      </latest>
      <attributes>
        <map/>
      </attributes>
      <events>
        <event>
          <date>2023-02-12</date>
          <type>STOCK_SPLIT</type>
          <details>20:1</details>
        </event>
      </events>
      <isRetired>false</isRetired>
      <updatedAt>2024-02-12T16:00:56.451667600Z</updatedAt>
    </security>
    <security>
      <uuid>7d0c1909-6883-47c0-8093-4d40b3885089</uuid>
      <name>test</name>
      <currencyCode>EUR</currencyCode>
      <feed>MANUAL</feed>
      <prices/>
      <attributes>
        <map/>
      </attributes>
      <events>
        <event>
          <date>2024-02-12</date>
          <type>STOCK_SPLIT</type>
          <details>20:1</details>
        </event>
      </events>
      <isRetired>false</isRetired>
      <updatedAt>2024-02-12T16:08:31.601951Z</updatedAt>
    </security>
  </securities>
  <watchlists/>
  <accounts>
    <account>
      <uuid>a8844383-5b6c-4b59-b786-d48ccafd628b</uuid>
      <name>broker-A (EUR)</name>
      <currencyCode>EUR</currencyCode>
      <isRetired>false</isRetired>
      <transactions>
        <account-transaction>
          <uuid>7b619edd-a396-4b48-a82d-f9e3cc2eb5d4</uuid>
          <date>2024-01-15T00:00</date>
          <currencyCode>EUR</currencyCode>
          <amount>112500</amount>
          <security reference="../../../../../securities/security"/>
          <crossEntry class="buysell">
            <portfolio>
              <uuid>ccd0ccf0-d4cd-4c16-8316-2b8727eb514d</uuid>
              <name>broker-A</name>
              <isRetired>false</isRetired>
              <referenceAccount reference="../../../../.."/>
              <transactions>
                <portfolio-transaction>
                  <uuid>b635aa11-0df6-4bd9-887a-fc1588204788</uuid>
                  <date>2024-01-15T00:00</date>
                  <currencyCode>EUR</currencyCode>
                  <amount>112500</amount>
                  <security reference="../../../../../../../../../securities/security"/>
                  <crossEntry class="buysell" reference="../../../.."/>
                  <shares>2500000000</shares>
                  <updatedAt>2024-01-14T11:17:49.260552200Z</updatedAt>
                  <type>BUY</type>
                </portfolio-transaction>
                <portfolio-transaction>
                  <uuid>42bce30a-2ce0-4ebd-bcc3-e4cc26a28d64</uuid>
                  <date>2021-12-10T00:00</date>
                  <currencyCode>EUR</currencyCode>
                  <amount>2800</amount>
                  <security reference="../../../../../../../../../securities/security[6]"/>
                  <crossEntry class="buysell">
                    <portfolio reference="../../../.."/>
                    <portfolioTransaction reference="../.."/>
                    <account reference="../../../../../../../.."/>
                    <accountTransaction>
                      <uuid>71f04805-6adc-45ed-97a5-c3bb96cbbb7b</uuid>
                      <date>2021-12-10T00:00</date>
                      <currencyCode>EUR</currencyCode>
                      <amount>2800</amount>
                      <security reference="../../../../../../../../../../../securities/security[6]"/>
                      <crossEntry class="buysell" reference="../.."/>
                      <shares>0</shares>
                      <updatedAt>2024-02-05T20:51:01.018772300Z</updatedAt>
                      <type>BUY</type>
                    </accountTransaction>
                  </crossEntry>
                  <shares>100000000</shares>
                  <updatedAt>2024-02-05T20:51:01.018772300Z</updatedAt>
                  <type>BUY</type>
                </portfolio-transaction>
                <portfolio-transaction>
                  <uuid>e03c4f53-79e2-4e05-8704-53b4dc051354</uuid>
                  <date>2020-01-01T00:00</date>
                  <currencyCode>EUR</currencyCode>
                  <amount>6434</amount>
                  <security reference="../../../../../../../../../securities/security[5]"/>
                  <crossEntry class="buysell">
                    <portfolio reference="../../../.."/>
                    <portfolioTransaction reference="../.."/>
                    <account reference="../../../../../../../.."/>
                    <accountTransaction>
                      <uuid>5f9e0918-6abe-4714-aa9a-66efc8a6ed65</uuid>
                      <date>2020-01-01T00:00</date>
                      <currencyCode>EUR</currencyCode>
                      <amount>6434</amount>
                      <security reference="../../../../../../../../../../../securities/security[5]"/>
                      <crossEntry class="buysell" reference="../.."/>
                      <shares>0</shares>
                      <updatedAt>2024-02-05T20:51:24.796701400Z</updatedAt>
                      <type>BUY</type>
                    </accountTransaction>
                  </crossEntry>
                  <shares>100000000</shares>
                  <updatedAt>2024-02-05T20:51:24.796701400Z</updatedAt>
                  <type>BUY</type>
                </portfolio-transaction>
                <portfolio-transaction>
                  <uuid>bbf5c8ea-ff5c-4e55-bb8a-fa5c7113eca5</uuid>
                  <date>2021-12-10T00:00</date>
                  <currencyCode>EUR</currencyCode>
                  <amount>2800</amount>
                  <security reference="../../../../../../../../../securities/security[6]"/>
                  <crossEntry class="buysell">
                    <portfolio reference="../../../.."/>
                    <portfolioTransaction reference="../.."/>
                    <account reference="../../../../../../../.."/>
                    <accountTransaction>
                      <uuid>d057ca2a-f7cb-46c5-ba19-5615b6c9e9f9</uuid>
                      <date>2021-12-10T00:00</date>
                      <currencyCode>EUR</currencyCode>
                      <amount>2800</amount>
                      <security reference="../../../../../../../../../../../securities/security[6]"/>
                      <crossEntry class="buysell" reference="../.."/>
                      <shares>0</shares>
                      <note>Result op spin-off of old Daimler AG (now Mercedes)&#xd;
Purchase of 1 share with result of dividend of 2 shares Mercedes</note>
                      <updatedAt>2024-02-05T21:14:31.823985600Z</updatedAt>
                      <type>BUY</type>
                    </accountTransaction>
                  </crossEntry>
                  <shares>100000000</shares>
                  <note>Result op spin-off of old Daimler AG (now Mercedes)&#xd;
Purchase of 1 share with result of dividend of 2 shares Mercedes</note>
                  <updatedAt>2024-02-05T21:14:31.823985600Z</updatedAt>
                  <type>BUY</type>
                </portfolio-transaction>
                <portfolio-transaction>
                  <uuid>ea986fb1-13d0-432c-8323-7c75d92b39ca</uuid>
                  <date>2022-01-03T00:00</date>
                  <currencyCode>EUR</currencyCode>
                  <amount>626484</amount>
                  <security reference="../../../../../../../../../securities/security[8]"/>
                  <crossEntry class="buysell">
                    <portfolio reference="../../../.."/>
                    <portfolioTransaction reference="../.."/>
                    <account reference="../../../../../../../.."/>
                    <accountTransaction>
                      <uuid>547fec52-470f-494d-a6e7-a6b274f78d07</uuid>
                      <date>2022-01-03T00:00</date>
                      <currencyCode>EUR</currencyCode>
                      <amount>626484</amount>
                      <security reference="../../../../../../../../../../../securities/security[8]"/>
                      <crossEntry class="buysell" reference="../.."/>
                      <shares>0</shares>
                      <updatedAt>2024-02-09T22:43:57.326173200Z</updatedAt>
                      <type>BUY</type>
                    </accountTransaction>
                  </crossEntry>
                  <shares>20000000000</shares>
                  <updatedAt>2024-02-09T22:45:07.692625200Z</updatedAt>
                  <type>BUY</type>
                </portfolio-transaction>
                <portfolio-transaction>
                  <uuid>bd2daab5-b30a-4dce-a784-cd2b09105703</uuid>
                  <date>2023-07-02T00:00</date>
                  <currencyCode>EUR</currencyCode>
                  <amount>275517</amount>
                  <security reference="../../../../../../../../../securities/security[8]"/>
                  <crossEntry class="buysell">
                    <portfolio reference="../../../.."/>
                    <portfolioTransaction reference="../.."/>
                    <account reference="../../../../../../../.."/>
                    <accountTransaction>
                      <uuid>1d55b318-9f82-4829-9c7f-7fe72e2f2e6d</uuid>
                      <date>2023-07-02T00:00</date>
                      <currencyCode>EUR</currencyCode>
                      <amount>275517</amount>
                      <security reference="../../../../../../../../../../../securities/security[8]"/>
                      <crossEntry class="buysell" reference="../.."/>
                      <shares>0</shares>
                      <updatedAt>2024-02-09T22:44:23.397151700Z</updatedAt>
                      <type>SELL</type>
                    </accountTransaction>
                  </crossEntry>
                  <shares>10000000000</shares>
                  <updatedAt>2024-02-09T22:45:07.692625200Z</updatedAt>
                  <type>SELL</type>
                </portfolio-transaction>
              </transactions>
              <attributes>
                <map/>
              </attributes>
              <updatedAt>2023-06-07T17:57:54.777434100Z</updatedAt>
            </portfolio>
            <portfolioTransaction reference="../portfolio/transactions/portfolio-transaction"/>
            <account reference="../../../.."/>
            <accountTransaction reference="../.."/>
          </crossEntry>
          <shares>0</shares>
          <updatedAt>2024-01-14T11:17:49.260552200Z</updatedAt>
          <type>BUY</type>
        </account-transaction>
        <account-transaction reference="../account-transaction/crossEntry/portfolio/transactions/portfolio-transaction[2]/crossEntry/accountTransaction"/>
        <account-transaction reference="../account-transaction/crossEntry/portfolio/transactions/portfolio-transaction[3]/crossEntry/accountTransaction"/>
        <account-transaction>
          <uuid>39a3e28e-1ec8-468b-99ed-161ee63734cd</uuid>
          <date>2021-12-10T00:00</date>
          <currencyCode>EUR</currencyCode>
          <amount>2800</amount>
          <security reference="../../../../../securities/security[5]"/>
          <shares>200000000</shares>
          <note>fictitious dividend, created for the purchase of the spin-off&#xd;
of 1 share Daimler Truck Holding at 28€/share</note>
          <updatedAt>2024-02-05T21:19:11.429843600Z</updatedAt>
          <type>DIVIDENDS</type>
        </account-transaction>
        <account-transaction reference="../account-transaction/crossEntry/portfolio/transactions/portfolio-transaction[4]/crossEntry/accountTransaction"/>
        <account-transaction reference="../account-transaction/crossEntry/portfolio/transactions/portfolio-transaction[5]/crossEntry/accountTransaction"/>
        <account-transaction reference="../account-transaction/crossEntry/portfolio/transactions/portfolio-transaction[6]/crossEntry/accountTransaction"/>
        <account-transaction>
          <uuid>3929158a-69e3-4c6c-b2d5-d3e8206b61db</uuid>
          <date>2022-09-27T00:00</date>
          <currencyCode>EUR</currencyCode>
          <amount>70</amount>
          <security reference="../../../../../securities/security[8]"/>
          <shares>20000000000</shares>
          <updatedAt>2024-02-09T22:45:07.692625200Z</updatedAt>
          <type>DIVIDENDS</type>
        </account-transaction>
      </transactions>
      <attributes>
        <map/>
      </attributes>
      <updatedAt>2023-06-07T17:58:03.601398500Z</updatedAt>
    </account>
    <account>
      <uuid>954059d0-d009-47fe-a8e0-4b522a88a2aa</uuid>
      <name>broker-A (USD)</name>
      <currencyCode>USD</currencyCode>
      <isRetired>false</isRetired>
      <transactions/>
      <attributes>
        <map/>
      </attributes>
      <updatedAt>2024-01-13T18:48:11.296788800Z</updatedAt>
    </account>
    <account>
      <uuid>a1ef80f1-b379-4f42-8211-89cacf9a5c21</uuid>
      <name>broker-B (EUR)</name>
      <currencyCode>EUR</currencyCode>
      <isRetired>false</isRetired>
      <transactions/>
      <attributes>
        <map/>
      </attributes>
      <updatedAt>2024-01-13T20:16:10.076875600Z</updatedAt>
    </account>
    <account>
      <uuid>6b80f960-fcef-4bae-ba8e-0163db4962a2</uuid>
      <name>broker-B (USD)</name>
      <currencyCode>USD</currencyCode>
      <isRetired>false</isRetired>
      <transactions/>
      <attributes>
        <map/>
      </attributes>
      <updatedAt>2024-01-13T20:16:30.101652600Z</updatedAt>
    </account>
  </accounts>
  <portfolios>
    <portfolio reference="../../accounts/account/transactions/account-transaction/crossEntry/portfolio"/>
    <portfolio>
      <uuid>4bf19ec7-0129-4aa7-9b16-b1053d435b81</uuid>
      <name>broker-B</name>
      <isRetired>false</isRetired>
      <referenceAccount reference="../../../accounts/account"/>
      <transactions/>
      <attributes>
        <map/>
      </attributes>
      <updatedAt>2024-01-13T10:57:11.323304300Z</updatedAt>
    </portfolio>
  </portfolios>
  <plans/>
  <taxonomies/>
  <dashboards>
    <dashboard name="Dashboard">
      <configuration>
        <entry>
          <string>REPORTING_PERIOD</string>
          <string>L1Y0</string>
        </entry>
      </configuration>
      <columns>
        <column>
          <weight>1</weight>
          <widgets>
            <widget type="HEADING">
              <label>Key Indicators</label>
            </widget>
            <widget type="TTWROR">
              <label>True Time-Weighted Rate of Return (cumulative)</label>
              <configuration/>
            </widget>
            <widget type="IRR">
              <label>Internal Rate of Return (IRR)</label>
              <configuration/>
            </widget>
            <widget type="ABSOLUTE_CHANGE">
              <label>Absolute Change</label>
              <configuration/>
            </widget>
            <widget type="DELTA">
              <label>Delta (for reporting period)</label>
              <configuration/>
            </widget>
            <widget type="HEADING">
              <label>Last Day</label>
            </widget>
            <widget type="TTWROR">
              <label>True Time-Weighted Rate of Return (cumulative)</label>
              <configuration>
                <entry>
                  <string>REPORTING_PERIOD</string>
                  <string>T1</string>
                </entry>
              </configuration>
            </widget>
            <widget type="ABSOLUTE_CHANGE">
              <label>Absolute Change</label>
              <configuration>
                <entry>
                  <string>REPORTING_PERIOD</string>
                  <string>T1</string>
                </entry>
              </configuration>
            </widget>
          </widgets>
        </column>
        <column>
          <weight>1</weight>
          <widgets>
            <widget type="HEADING">
              <label>Risk Indicators</label>
            </widget>
            <widget type="MAXDRAWDOWN">
              <label>Maximum Drawdown</label>
              <configuration/>
            </widget>
            <widget type="MAXDRAWDOWNDURATION">
              <label>Max Drawdown Duration</label>
              <configuration/>
            </widget>
            <widget type="VOLATILITY">
              <label>Volatility</label>
              <configuration/>
            </widget>
            <widget type="SEMIVOLATILITY">
              <label>Semivariance</label>
              <configuration/>
            </widget>
          </widgets>
        </column>
        <column>
          <weight>1</weight>
          <widgets>
            <widget type="HEADING">
              <label>Calculation</label>
            </widget>
            <widget type="CALCULATION">
              <label>Performance Calculation</label>
              <configuration/>
            </widget>
          </widgets>
        </column>
      </columns>
    </dashboard>
  </dashboards>
  <properties>
    <entry>
      <string>security-chart-details</string>
      <string>SCALING_LINEAR,INVESTMENT,DIVIDENDS,EVENTS,SHOW_MAIN_HORIZONTAL_LINES</string>
    </entry>
  </properties>
  <settings>
    <bookmarks>
      <bookmark>
        <label>finance.yahoo.com</label>
        <pattern>http://finance.yahoo.com/quote/{tickerSymbol}</pattern>
      </bookmark>
      <bookmark>
        <label>onvista.de</label>
        <pattern>http://www.onvista.de/suche.html?SEARCH_VALUE={isin}</pattern>
      </bookmark>
      <bookmark>
        <label>finanzen.net</label>
        <pattern>http://www.finanzen.net/suchergebnis.asp?frmAktiensucheTextfeld={isin}</pattern>
      </bookmark>
      <bookmark>
        <label>ariva.de</label>
        <pattern>http://www.ariva.de/{isin}</pattern>
      </bookmark>
      <bookmark>
        <label>justetf.com  (ETF)</label>
        <pattern>https://www.justetf.com/etf-profile.html?isin={isin}</pattern>
      </bookmark>
      <bookmark>
        <label>fondsweb.com</label>
        <pattern>http://www.fondsweb.com/{isin}</pattern>
      </bookmark>
      <bookmark>
        <label>morningstar.de</label>
        <pattern>http://www.morningstar.de/de/funds/SecuritySearchResults.aspx?type=ALL&amp;search={isin}</pattern>
      </bookmark>
      <bookmark>
        <label>extraETF.com (ETF)</label>
        <pattern>https://extraetf.com/etf-profile/{isin}</pattern>
      </bookmark>
      <bookmark>
        <label>alleaktien.de (Share)</label>
        <pattern>https://www.alleaktien.de/quantitativ/{isin}/</pattern>
      </bookmark>
      <bookmark>
        <label>comdirect.de (Share)</label>
        <pattern>https://www.comdirect.de/inf/aktien/{isin}</pattern>
      </bookmark>
      <bookmark>
        <label>comdirect.de (ETF)</label>
        <pattern>https://www.comdirect.de/inf/etfs/{isin}</pattern>
      </bookmark>
      <bookmark>
        <label>divvydiary.com</label>
        <pattern>https://divvydiary.com/symbols/{isin}</pattern>
      </bookmark>
      <bookmark>
        <label>trackingdifferences.com (ETF)</label>
        <pattern>https://www.trackingdifferences.com/ETF/ISIN/{isin}</pattern>
      </bookmark>
      <bookmark>
        <label>tradingview.com</label>
        <pattern>https://www.tradingview.com/chart/?symbol=XETR:{tickerSymbolPrefix}</pattern>
      </bookmark>
      <bookmark>
        <label>cnbc.com (Share)</label>
        <pattern>https://www.cnbc.com/quotes/{tickerSymbolPrefix}</pattern>
      </bookmark>
      <bookmark>
        <label>nasdaq.com (Share)</label>
        <pattern>https://www.nasdaq.com/market-activity/stocks/{tickerSymbolPrefix}</pattern>
      </bookmark>
    </bookmarks>
    <attributeTypes>
      <attribute-type>
        <id>logo</id>
        <name>Logo</name>
        <columnLabel>Logo</columnLabel>
        <target>name.abuchen.portfolio.model.Security</target>
        <type>java.lang.String</type>
        <converterClass>name.abuchen.portfolio.model.AttributeType$ImageConverter</converterClass>
      </attribute-type>
      <attribute-type>
        <id>logo</id>
        <name>Logo</name>
        <columnLabel>Logo</columnLabel>
        <target>name.abuchen.portfolio.model.Account</target>
        <type>java.lang.String</type>
        <converterClass>name.abuchen.portfolio.model.AttributeType$ImageConverter</converterClass>
      </attribute-type>
      <attribute-type>
        <id>logo</id>
        <name>Logo</name>
        <columnLabel>Logo</columnLabel>
        <target>name.abuchen.portfolio.model.Portfolio</target>
        <type>java.lang.String</type>
        <converterClass>name.abuchen.portfolio.model.AttributeType$ImageConverter</converterClass>
      </attribute-type>
      <attribute-type>
        <id>logo</id>
        <name>Logo</name>
        <columnLabel>Logo</columnLabel>
        <target>name.abuchen.portfolio.model.InvestmentPlan</target>
        <type>java.lang.String</type>
        <converterClass>name.abuchen.portfolio.model.AttributeType$ImageConverter</converterClass>
      </attribute-type>
      <attribute-type>
        <id>ter</id>
        <name>Total Expense Ratio (TER)</name>
        <columnLabel>TER</columnLabel>
        <source>ter</source>
        <target>name.abuchen.portfolio.model.Security</target>
        <type>java.lang.Double</type>
        <converterClass>name.abuchen.portfolio.model.AttributeType$PercentConverter</converterClass>
      </attribute-type>
      <attribute-type>
        <id>aum</id>
        <name>Assets under Management</name>
        <columnLabel>AUM</columnLabel>
        <target>name.abuchen.portfolio.model.Security</target>
        <type>java.lang.Long</type>
        <converterClass>name.abuchen.portfolio.model.AttributeType$AmountPlainConverter</converterClass>
      </attribute-type>
      <attribute-type>
        <id>vendor</id>
        <name>Vendor</name>
        <columnLabel>Vendor</columnLabel>
        <source>vendor</source>
        <target>name.abuchen.portfolio.model.Security</target>
        <type>java.lang.String</type>
        <converterClass>name.abuchen.portfolio.model.AttributeType$StringConverter</converterClass>
      </attribute-type>
      <attribute-type>
        <id>acquisitionFee</id>
        <name>Acquisition Fee (percentage)</name>
        <columnLabel>Acquisition Fee</columnLabel>
        <target>name.abuchen.portfolio.model.Security</target>
        <type>java.lang.Double</type>
        <converterClass>name.abuchen.portfolio.model.AttributeType$PercentConverter</converterClass>
      </attribute-type>
      <attribute-type>
        <id>managementFee</id>
        <name>Management Fee (percentage)</name>
        <columnLabel>Management Fee</columnLabel>
        <target>name.abuchen.portfolio.model.Security</target>
        <type>java.lang.Double</type>
        <converterClass>name.abuchen.portfolio.model.AttributeType$PercentConverter</converterClass>
      </attribute-type>
    </attributeTypes>
    <configurationSets>
      <entry>
        <string>StatementOfAssetsHistoryView-PICKER</string>
        <config-set>
          <configurations>
            <config>
              <uuid>6a5bd133-1dd6-439d-a4dd-f1038913cad2</uuid>
              <name>Standard</name>
              <data>Securityd5b2f238-3652-470a-8cc2-cc4e4c28a544;#ffff80;SOLID;false;2,Security9fa48143-a7ef-4443-927b-8c1ef0e16fe6;#ff8040;SOLID;false;2</data>
            </config>
          </configurations>
        </config-set>
      </entry>
      <entry>
        <string>ReturnsVolatilityChartView-PICKER</string>
        <config-set>
          <configurations>
            <config>
              <uuid>6c2d3073-1d95-4f1f-b51f-03dfac0891dd</uuid>
              <name>Standard</name>
              <data>Client-totals;#000000;SOLID;false;2</data>
            </config>
          </configurations>
        </config-set>
      </entry>
      <entry>
        <string>name.abuchen.portfolio.ui.views.SecuritiesPerformanceView</string>
        <config-set>
          <configurations>
            <config>
              <uuid>3580a087-a144-41e6-b45e-351eb5535064</uuid>
              <name>Standard</name>
              <data>{&quot;items&quot;:[{&quot;id&quot;:&quot;shares&quot;,&quot;width&quot;:87},{&quot;id&quot;:&quot;name&quot;,&quot;sortDirection&quot;:1024,&quot;width&quot;:114},{&quot;id&quot;:&quot;pv&quot;,&quot;width&quot;:235},{&quot;id&quot;:&quot;pp&quot;,&quot;width&quot;:228},{&quot;id&quot;:&quot;quote&quot;,&quot;width&quot;:103},{&quot;id&quot;:&quot;5&quot;,&quot;width&quot;:104},{&quot;id&quot;:&quot;changeonpreviousamount&quot;,&quot;width&quot;:120},{&quot;id&quot;:&quot;mv&quot;,&quot;width&quot;:160},{&quot;id&quot;:&quot;sumdiv&quot;,&quot;width&quot;:130},{&quot;id&quot;:&quot;izf&quot;,&quot;width&quot;:177},{&quot;id&quot;:&quot;delta&quot;,&quot;width&quot;:143}]}</data>
            </config>
          </configurations>
        </config-set>
      </entry>
      <entry>
        <string>PerformanceChartView-PICKER</string>
        <config-set>
          <configurations>
            <config>
              <uuid>7600e16d-0168-49d1-aadb-18c66a64bc8f</uuid>
              <name>Standard</name>
              <data>Client-totals;#000000;SOLID;false;2</data>
            </config>
          </configurations>
        </config-set>
      </entry>
      <entry>
        <string>name.abuchen.portfolio.ui.views.SecuritiesTable</string>
        <config-set>
          <configurations>
            <config>
              <uuid>ace4b28f-3207-4dc2-95fa-edc3936851f9</uuid>
              <name>Standard</name>
              <data>{&quot;items&quot;:[{&quot;id&quot;:&quot;0&quot;,&quot;sortDirection&quot;:128,&quot;width&quot;:400},{&quot;id&quot;:&quot;note&quot;,&quot;width&quot;:200},{&quot;id&quot;:&quot;1&quot;,&quot;width&quot;:100},{&quot;id&quot;:&quot;2&quot;,&quot;width&quot;:111},{&quot;id&quot;:&quot;7&quot;,&quot;width&quot;:97},{&quot;id&quot;:&quot;4&quot;,&quot;width&quot;:102},{&quot;id&quot;:&quot;5&quot;,&quot;width&quot;:80},{&quot;id&quot;:&quot;changeonpreviousamount&quot;,&quot;width&quot;:136},{&quot;id&quot;:&quot;9&quot;,&quot;width&quot;:164},{&quot;id&quot;:&quot;10&quot;,&quot;width&quot;:171},{&quot;id&quot;:&quot;q-date-first-historic&quot;,&quot;width&quot;:167}]}</data>
            </config>
          </configurations>
        </config-set>
      </entry>
      <entry>
        <string>reporting-periods</string>
        <config-set>
          <configurations>
            <config>
              <uuid></uuid>
              <name></name>
              <data>L1Y0</data>
            </config>
            <config>
              <uuid></uuid>
              <name></name>
              <data>L2Y0</data>
            </config>
            <config>
              <uuid></uuid>
              <name></name>
              <data>L3Y0</data>
            </config>
            <config>
              <uuid></uuid>
              <name></name>
              <data>F2022-06-12_2023-06-12</data>
            </config>
            <config>
              <uuid></uuid>
              <name></name>
              <data>F2020-06-12_2023-06-12</data>
            </config>
            <config>
              <uuid></uuid>
              <name></name>
              <data>F2021-06-12_2023-06-12</data>
            </config>
          </configurations>
        </config-set>
      </entry>
      <entry>
        <string>name.abuchen.portfolio.ui.views.StatementOfAssetsViewer</string>
        <config-set>
          <configurations>
            <config>
              <uuid>5626df9e-7f9b-47e2-b7f4-07557fdf6e55</uuid>
              <name>Standard</name>
              <data>{&quot;items&quot;:[{&quot;id&quot;:&quot;0&quot;,&quot;width&quot;:80},{&quot;id&quot;:&quot;1&quot;,&quot;width&quot;:300},{&quot;id&quot;:&quot;2&quot;,&quot;width&quot;:121},{&quot;id&quot;:&quot;4&quot;,&quot;width&quot;:112},{&quot;id&quot;:&quot;5&quot;,&quot;width&quot;:222},{&quot;id&quot;:&quot;6&quot;,&quot;width&quot;:239},{&quot;id&quot;:&quot;note&quot;,&quot;width&quot;:200}]}</data>
            </config>
          </configurations>
        </config-set>
      </entry>
      <entry>
        <string>client-filter-definitions</string>
        <config-set>
          <configurations/>
        </config-set>
      </entry>
      <entry>
        <string>client-filter-selection</string>
        <config-set>
          <configurations>
            <config>
              <uuid>PaymentsViewModel</uuid>
              <name></name>
              <data></data>
            </config>
          </configurations>
        </config-set>
      </entry>
    </configurationSets>
  </settings>
</client>