<client>
  <version>59</version>
  <baseCurrency>EUR</baseCurrency>
  <securities>
    <security>
      <uuid>c2c88e26-d8e3-47ab-9dad-d210fa8d7748</uuid>
      <onlineId>be525a0ebdef4921b261aa2498a6949e</onlineId>
      <name>BASF</name>
      <currencyCode>EUR</currencyCode>
      <isin>DE000BASF111</isin>
      <tickerSymbol>BAS</tickerSymbol>
      <wkn>BASF11</wkn>
      <feed>PORTFOLIO-REPORT</feed>
      <prices>
        <price t="2000-01-03" v="4975000000"/>
        <price t="2000-01-04" v="4785000000"/>
        <price t="2000-01-05" v="4675000000"/>
        <price t="2000-01-06" v="4803000000"/>
        <price t="2000-01-07" v="5000000000"/>
        <price t="2000-01-10" v="5022000000"/>
        <price t="2000-01-11" v="4799000000"/>
        <price t="2000-01-12" v="4800000000"/>
        <price t="2000-01-13" v="4750000000"/>
        <price t="2000-01-14" v="4750000000"/>
        <price t="2000-01-17" v="4787000000"/>
        <price t="2000-01-18" v="4795000000"/>
        <price t="2000-01-19" v="4984000000"/>
        <price t="2000-01-20" v="4940000000"/>
        <price t="2000-01-21" v="4805000000"/>
        <price t="2000-01-24" v="4718000000"/>
        <price t="2000-01-25" v="4525000000"/>
        <price t="2000-01-26" v="4402000000"/>
        <price t="2000-01-27" v="4455000000"/>
        <price t="2000-01-28" v="4525000000"/>
        <price t="2000-01-31" v="4405000000"/>
        <price t="2000-02-01" v="4202000000"/>
        <price t="2000-02-02" v="4500000000"/>
        <price t="2000-02-03" v="4365000000"/>
        <price t="2000-02-04" v="4307000000"/>
        <price t="2000-02-07" v="4175000000"/>
        <price t="2000-02-08" v="4305000000"/>
        <price t="2000-02-09" v="4310000000"/>
        <price t="2000-02-10" v="4400000000"/>
        <price t="2000-02-11" v="4413000000"/>
        <price t="2000-02-14" v="4320000000"/>
        <price t="2000-02-15" v="4099000000"/>
        <price t="2000-02-16" v="4399000000"/>
        <price t="2000-02-17" v="4650000000"/>
        <price t="2000-02-18" v="4740000000"/>
        <price t="2000-02-21" v="4700000000"/>
        <price t="2000-02-22" v="4650000000"/>
        <price t="2000-02-23" v="4714000000"/>
        <price t="2000-02-24" v="4590000000"/>
        <price t="2000-02-25" v="4516000000"/>
        <price t="2000-02-28" v="4690000000"/>
        <price t="2000-02-29" v="4790000000"/>
        <price t="2000-03-01" v="4620000000"/>
        <price t="2000-03-02" v="4690000000"/>
        <price t="2000-03-03" v="4541000000"/>
        <price t="2000-03-06" v="4625000000"/>
        <price t="2000-03-07" v="4480000000"/>
        <price t="2000-03-08" v="4565000000"/>
        <price t="2000-03-09" v="4579000000"/>
        <price t="2000-03-10" v="4620000000"/>
        <price t="2000-03-13" v="4665000000"/>
        <price t="2000-03-14" v="4785000000"/>
        <price t="2000-03-15" v="4740000000"/>
        <price t="2000-03-16" v="4889000000"/>
        <price t="2000-03-17" v="5000000000"/>
        <price t="2000-03-20" v="4940000000"/>
        <price t="2000-03-21" v="4870000000"/>
        <price t="2000-03-22" v="4915000000"/>
        <price t="2000-03-23" v="4910000000"/>
        <price t="2000-03-24" v="4980000000"/>
        <price t="2000-03-27" v="4925000000"/>
        <price t="2000-03-28" v="4900000000"/>
        <price t="2000-03-29" v="4970000000"/>
        <price t="2000-03-30" v="4932000000"/>
        <price t="2000-03-31" v="4955000000"/>
        <price t="2000-04-03" v="4880000000"/>
        <price t="2000-04-04" v="5068000000"/>
        <price t="2000-04-05" v="4945000000"/>
        <price t="2000-04-06" v="4800000000"/>
        <price t="2000-04-07" v="4750000000"/>
        <price t="2000-04-10" v="4715000000"/>
        <price t="2000-04-11" v="4766000000"/>
        <price t="2000-04-12" v="4929000000"/>
        <price t="2000-04-13" v="4970000000"/>
        <price t="2000-04-14" v="4864000000"/>
        <price t="2000-04-17" v="4835000000"/>
        <price t="2000-04-18" v="4731000000"/>
        <price t="2000-04-19" v="4550000000"/>
        <price t="2000-04-20" v="4601000000"/>
        <price t="2000-04-21" v="4601000000"/>
        <price t="2000-04-24" v="4601000000"/>
        <price t="2000-04-25" v="4775000000"/>
        <price t="2000-04-26" v="4880000000"/>
        <price t="2000-04-27" v="4900000000"/>
        <price t="2000-04-28" v="4809000000"/>
        <price t="2000-05-01" v="4809000000"/>
        <price t="2000-05-02" v="4765000000"/>
        <price t="2000-05-03" v="4755000000"/>
        <price t="2000-05-04" v="4850000000"/>
        <price t="2000-05-05" v="4885000000"/>
        <price t="2000-05-08" v="4900000000"/>
        <price t="2000-05-09" v="4985000000"/>
        <price t="2000-05-10" v="4890000000"/>
        <price t="2000-05-11" v="4901000000"/>
        <price t="2000-05-12" v="4903000000"/>
        <price t="2000-05-15" v="4793000000"/>
        <price t="2000-05-16" v="4903000000"/>
        <price t="2000-05-17" v="4820000000"/>
        <price t="2000-05-18" v="4845000000"/>
        <price t="2000-05-19" v="4750000000"/>
        <price t="2000-05-22" v="4718000000"/>
        <price t="2000-05-23" v="4745000000"/>
        <price t="2000-05-24" v="4712000000"/>
        <price t="2000-05-25" v="4600000000"/>
        <price t="2000-05-26" v="4500000000"/>
        <price t="2000-05-29" v="4545000000"/>
        <price t="2000-05-30" v="4526000000"/>
        <price t="2000-05-31" v="4385000000"/>
        <price t="2000-06-01" v="4420000000"/>
        <price t="2000-06-02" v="4600000000"/>
        <price t="2000-06-05" v="4667000000"/>
        <price t="2000-06-06" v="4434000000"/>
        <price t="2000-06-07" v="4570000000"/>
        <price t="2000-06-08" v="4492000000"/>
        <price t="2000-06-09" v="4500000000"/>
        <price t="2000-06-12" v="4486000000"/>
        <price t="2000-06-13" v="4401000000"/>
        <price t="2000-06-14" v="4289000000"/>
        <price t="2000-06-15" v="4178000000"/>
        <price t="2000-06-16" v="3940000000"/>
        <price t="2000-06-19" v="4170000000"/>
        <price t="2000-06-20" v="4113000000"/>
        <price t="2000-06-21" v="4000000000"/>
        <price t="2000-06-22" v="3992000000"/>
        <price t="2000-06-23" v="3943000000"/>
        <price t="2000-06-26" v="4045000000"/>
        <price t="2000-06-27" v="4101000000"/>
        <price t="2000-06-28" v="4213000000"/>
        <price t="2000-06-29" v="4156000000"/>
        <price t="2000-06-30" v="4210000000"/>
        <price t="2000-07-03" v="4296000000"/>
        <price t="2000-07-04" v="4341000000"/>
        <price t="2000-07-05" v="4315000000"/>
        <price t="2000-07-06" v="4230000000"/>
        <price t="2000-07-07" v="4247000000"/>
        <price t="2000-07-10" v="4215000000"/>
        <price t="2000-07-11" v="4200000000"/>
        <price t="2000-07-12" v="4350000000"/>
        <price t="2000-07-13" v="4460000000"/>
        <price t="2000-07-14" v="4365000000"/>
        <price t="2000-07-17" v="4389000000"/>
        <price t="2000-07-18" v="4425000000"/>
        <price t="2000-07-19" v="4350000000"/>
        <price t="2000-07-20" v="4386000000"/>
        <price t="2000-07-21" v="4390000000"/>
        <price t="2000-07-24" v="4463000000"/>
        <price t="2000-07-25" v="4470000000"/>
        <price t="2000-07-26" v="4495000000"/>
        <price t="2000-07-27" v="4432000000"/>
        <price t="2000-07-28" v="4450000000"/>
        <price t="2000-07-31" v="4470000000"/>
        <price t="2000-08-01" v="4474000000"/>
        <price t="2000-08-02" v="4410000000"/>
        <price t="2000-08-03" v="4475000000"/>
        <price t="2000-08-04" v="4480000000"/>
        <price t="2000-08-07" v="4521000000"/>
        <price t="2000-08-08" v="4245000000"/>
        <price t="2000-08-09" v="4195000000"/>
        <price t="2000-08-10" v="4206000000"/>
        <price t="2000-08-11" v="4191000000"/>
        <price t="2000-08-14" v="4217000000"/>
        <price t="2000-08-15" v="4225000000"/>
        <price t="2000-08-16" v="4195000000"/>
        <price t="2000-08-17" v="4138000000"/>
        <price t="2000-08-18" v="4166000000"/>
        <price t="2000-08-21" v="4182000000"/>
        <price t="2000-08-22" v="4257000000"/>
        <price t="2000-08-23" v="4202000000"/>
        <price t="2000-08-24" v="4201000000"/>
        <price t="2000-08-25" v="4219000000"/>
        <price t="2000-08-28" v="4280000000"/>
        <price t="2000-08-29" v="4255000000"/>
        <price t="2000-08-30" v="4228000000"/>
        <price t="2000-08-31" v="4177000000"/>
        <price t="2000-09-01" v="4211000000"/>
        <price t="2000-09-04" v="4275000000"/>
        <price t="2000-09-05" v="4377000000"/>
        <price t="2000-09-06" v="4378000000"/>
        <price t="2000-09-07" v="4266000000"/>
        <price t="2000-09-08" v="4190000000"/>
        <price t="2000-09-11" v="4205000000"/>
        <price t="2000-09-12" v="4136000000"/>
        <price t="2000-09-13" v="4126000000"/>
        <price t="2000-09-14" v="4155000000"/>
        <price t="2000-09-15" v="4169000000"/>
        <price t="2000-09-18" v="4080000000"/>
        <price t="2000-09-19" v="4128000000"/>
        <price t="2000-09-20" v="4020000000"/>
        <price t="2000-09-21" v="3958000000"/>
        <price t="2000-09-22" v="4064000000"/>
        <price t="2000-09-25" v="4057000000"/>
        <price t="2000-09-26" v="4049000000"/>
        <price t="2000-09-27" v="4030000000"/>
        <price t="2000-09-28" v="4049000000"/>
        <price t="2000-09-29" v="4027000000"/>
        <price t="2000-10-02" v="4051000000"/>
        <price t="2000-10-04" v="4170000000"/>
        <price t="2000-10-05" v="4269000000"/>
        <price t="2000-10-06" v="4295000000"/>
        <price t="2000-10-09" v="4170000000"/>
        <price t="2000-10-10" v="4216000000"/>
        <price t="2000-10-11" v="4169000000"/>
        <price t="2000-10-12" v="4050000000"/>
        <price t="2000-10-13" v="4071000000"/>
        <price t="2000-10-16" v="4010000000"/>
        <price t="2000-10-17" v="4075000000"/>
        <price t="2000-10-18" v="4048000000"/>
        <price t="2000-10-19" v="4121000000"/>
        <price t="2000-10-20" v="4055000000"/>
        <price t="2000-10-23" v="4066000000"/>
        <price t="2000-10-24" v="4190000000"/>
        <price t="2000-10-25" v="4222000000"/>
        <price t="2000-10-26" v="4220000000"/>
        <price t="2000-10-27" v="4350000000"/>
        <price t="2000-10-30" v="4500000000"/>
        <price t="2000-10-31" v="4620000000"/>
        <price t="2000-11-01" v="4585000000"/>
        <price t="2000-11-02" v="4574000000"/>
        <price t="2000-11-03" v="4592000000"/>
        <price t="2000-11-06" v="4550000000"/>
        <price t="2000-11-07" v="4470000000"/>
        <price t="2000-11-08" v="4430000000"/>
        <price t="2000-11-09" v="4346000000"/>
        <price t="2000-11-10" v="4369000000"/>
        <price t="2000-11-13" v="4300000000"/>
        <price t="2000-11-14" v="4390000000"/>
        <price t="2000-11-15" v="4410000000"/>
        <price t="2000-11-16" v="4361000000"/>
        <price t="2000-11-17" v="4330000000"/>
        <price t="2000-11-20" v="4255000000"/>
        <price t="2000-11-21" v="4336000000"/>
        <price t="2000-11-22" v="4306000000"/>
        <price t="2000-11-23" v="4300000000"/>
        <price t="2000-11-24" v="4365000000"/>
        <price t="2000-11-27" v="4376000000"/>
        <price t="2000-11-28" v="4425000000"/>
        <price t="2000-11-29" v="4432000000"/>
        <price t="2000-11-30" v="4335000000"/>
        <price t="2000-12-01" v="4415000000"/>
        <price t="2000-12-04" v="4393000000"/>
        <price t="2000-12-05" v="4619000000"/>
        <price t="2000-12-06" v="4683000000"/>
        <price t="2000-12-07" v="4720000000"/>
        <price t="2000-12-08" v="4795000000"/>
        <price t="2000-12-11" v="4699000000"/>
        <price t="2000-12-12" v="4580000000"/>
        <price t="2000-12-13" v="4590000000"/>
        <price t="2000-12-14" v="4610000000"/>
        <price t="2000-12-15" v="4610000000"/>
        <price t="2000-12-18" v="4745000000"/>
        <price t="2000-12-19" v="4700000000"/>
        <price t="2000-12-20" v="4720000000"/>
        <price t="2000-12-21" v="4651000000"/>
        <price t="2000-12-22" v="4660000000"/>
        <price t="2000-12-25" v="4660000000"/>
        <price t="2000-12-26" v="4660000000"/>
        <price t="2000-12-27" v="4758000000"/>
        <price t="2000-12-28" v="4784000000"/>
        <price t="2000-12-29" v="4817000000"/>
        <price t="2001-01-01" v="4817000000"/>
        <price t="2001-01-02" v="4870000000"/>
        <price t="2001-01-03" v="4799000000"/>
        <price t="2001-01-04" v="4906000000"/>
        <price t="2001-01-05" v="4916000000"/>
        <price t="2001-01-08" v="4877000000"/>
        <price t="2001-01-09" v="4799000000"/>
        <price t="2001-01-10" v="4610000000"/>
        <price t="2001-01-11" v="4635000000"/>
        <price t="2001-01-12" v="4617000000"/>
        <price t="2001-01-15" v="4668000000"/>
        <price t="2001-01-16" v="4735000000"/>
        <price t="2001-01-17" v="4679000000"/>
        <price t="2001-01-18" v="4620000000"/>
        <price t="2001-01-19" v="4425000000"/>
        <price t="2001-01-22" v="4561000000"/>
        <price t="2001-01-23" v="4595000000"/>
        <price t="2001-01-24" v="4511000000"/>
        <price t="2001-01-25" v="4508000000"/>
        <price t="2001-01-26" v="4572000000"/>
        <price t="2001-01-29" v="4595000000"/>
        <price t="2001-01-30" v="4629000000"/>
        <price t="2001-01-31" v="4729000000"/>
        <price t="2001-02-01" v="4785000000"/>
        <price t="2001-02-02" v="4800000000"/>
        <price t="2001-02-05" v="4820000000"/>
        <price t="2001-02-06" v="4780000000"/>
        <price t="2001-02-07" v="4755000000"/>
        <price t="2001-02-08" v="4750000000"/>
        <price t="2001-02-09" v="4681000000"/>
        <price t="2001-02-12" v="4670000000"/>
        <price t="2001-02-13" v="4655000000"/>
        <price t="2001-02-14" v="4705000000"/>
        <price t="2001-02-15" v="4790000000"/>
        <price t="2001-02-16" v="4700000000"/>
        <price t="2001-02-19" v="4819000000"/>
        <price t="2001-02-20" v="4794000000"/>
        <price t="2001-02-21" v="4765000000"/>
        <price t="2001-02-22" v="4716000000"/>
        <price t="2001-02-23" v="4658000000"/>
        <price t="2001-02-26" v="4809000000"/>
        <price t="2001-02-27" v="4848000000"/>
        <price t="2001-02-28" v="4895000000"/>
        <price t="2001-03-01" v="4886000000"/>
        <price t="2001-03-02" v="4854000000"/>
        <price t="2001-03-05" v="4934000000"/>
        <price t="2001-03-06" v="4948000000"/>
        <price t="2001-03-07" v="5045000000"/>
        <price t="2001-03-08" v="5018000000"/>
        <price t="2001-03-09" v="4973000000"/>
        <price t="2001-03-12" v="4940000000"/>
        <price t="2001-03-13" v="4820000000"/>
        <price t="2001-03-14" v="4685000000"/>
        <price t="2001-03-15" v="4734000000"/>
        <price t="2001-03-16" v="4595000000"/>
        <price t="2001-03-19" v="4640000000"/>
        <price t="2001-03-20" v="4680000000"/>
        <price t="2001-03-21" v="4506000000"/>
        <price t="2001-03-22" v="4280000000"/>
        <price t="2001-03-23" v="4310000000"/>
        <price t="2001-03-26" v="4397000000"/>
        <price t="2001-03-27" v="4607000000"/>
        <price t="2001-03-28" v="4555000000"/>
        <price t="2001-03-29" v="4605000000"/>
        <price t="2001-03-30" v="4526000000"/>
        <price t="2001-04-02" v="4475000000"/>
        <price t="2001-04-03" v="4362000000"/>
        <price t="2001-04-04" v="4412000000"/>
        <price t="2001-04-05" v="4407000000"/>
        <price t="2001-04-06" v="4446000000"/>
        <price t="2001-04-09" v="4579000000"/>
        <price t="2001-04-10" v="4603000000"/>
        <price t="2001-04-11" v="4665000000"/>
        <price t="2001-04-12" v="4750000000"/>
        <price t="2001-04-13" v="4750000000"/>
        <price t="2001-04-16" v="4750000000"/>
        <price t="2001-04-17" v="4756000000"/>
        <price t="2001-04-18" v="4821000000"/>
        <price t="2001-04-19" v="4946000000"/>
        <price t="2001-04-20" v="4904000000"/>
        <price t="2001-04-23" v="4904000000"/>
        <price t="2001-04-24" v="4930000000"/>
        <price t="2001-04-25" v="4835000000"/>
        <price t="2001-04-26" v="4930000000"/>
        <price t="2001-04-27" v="4880000000"/>
        <price t="2001-04-30" v="4848000000"/>
        <price t="2001-05-01" v="4848000000"/>
        <price t="2001-05-02" v="4725000000"/>
        <price t="2001-05-03" v="4550000000"/>
        <price t="2001-05-04" v="4715000000"/>
        <price t="2001-05-07" v="4722000000"/>
        <price t="2001-05-08" v="4780000000"/>
        <price t="2001-05-09" v="4823000000"/>
        <price t="2001-05-10" v="4860000000"/>
        <price t="2001-05-11" v="4857000000"/>
        <price t="2001-05-14" v="4790000000"/>
        <price t="2001-05-15" v="4783000000"/>
        <price t="2001-05-16" v="4880000000"/>
        <price t="2001-05-17" v="4921000000"/>
        <price t="2001-05-18" v="4975000000"/>
        <price t="2001-05-21" v="4983000000"/>
        <price t="2001-05-22" v="4975000000"/>
        <price t="2001-05-23" v="4935000000"/>
        <price t="2001-05-24" v="4880000000"/>
        <price t="2001-05-25" v="4830000000"/>
        <price t="2001-05-28" v="4830000000"/>
        <price t="2001-05-29" v="4715000000"/>
        <price t="2001-05-30" v="4690000000"/>
        <price t="2001-05-31" v="4706000000"/>
        <price t="2001-06-01" v="4720000000"/>
        <price t="2001-06-04" v="4761000000"/>
        <price t="2001-06-05" v="4710000000"/>
        <price t="2001-06-06" v="4671000000"/>
        <price t="2001-06-07" v="4693000000"/>
        <price t="2001-06-08" v="4645000000"/>
        <price t="2001-06-11" v="4661000000"/>
        <price t="2001-06-12" v="4655000000"/>
        <price t="2001-06-13" v="4635000000"/>
        <price t="2001-06-14" v="4550000000"/>
        <price t="2001-06-15" v="4480000000"/>
        <price t="2001-06-18" v="4471000000"/>
        <price t="2001-06-19" v="4453000000"/>
        <price t="2001-06-20" v="4473000000"/>
        <price t="2001-06-21" v="4400000000"/>
        <price t="2001-06-22" v="4374000000"/>
        <price t="2001-06-25" v="4360000000"/>
        <price t="2001-06-26" v="4381000000"/>
        <price t="2001-06-27" v="4378000000"/>
        <price t="2001-06-28" v="4529000000"/>
        <price t="2001-06-29" v="4660000000"/>
        <price t="2001-07-02" v="4680000000"/>
        <price t="2001-07-03" v="4665000000"/>
        <price t="2001-07-04" v="4709000000"/>
        <price t="2001-07-05" v="4728000000"/>
        <price t="2001-07-06" v="4650000000"/>
        <price t="2001-07-09" v="4692000000"/>
        <price t="2001-07-10" v="4676000000"/>
        <price t="2001-07-11" v="4670000000"/>
        <price t="2001-07-12" v="4705000000"/>
        <price t="2001-07-13" v="4770000000"/>
        <price t="2001-07-16" v="4740000000"/>
        <price t="2001-07-17" v="4727000000"/>
        <price t="2001-07-18" v="4688000000"/>
        <price t="2001-07-19" v="4746000000"/>
        <price t="2001-07-20" v="4729000000"/>
        <price t="2001-07-23" v="4703000000"/>
        <price t="2001-07-24" v="4641000000"/>
        <price t="2001-07-25" v="4495000000"/>
        <price t="2001-07-26" v="4510000000"/>
        <price t="2001-07-27" v="4534000000"/>
        <price t="2001-07-30" v="4615000000"/>
        <price t="2001-07-31" v="4650000000"/>
        <price t="2001-08-01" v="4666000000"/>
        <price t="2001-08-02" v="4594000000"/>
        <price t="2001-08-03" v="4545000000"/>
        <price t="2001-08-06" v="4610000000"/>
        <price t="2001-08-07" v="4568000000"/>
        <price t="2001-08-08" v="4439000000"/>
        <price t="2001-08-09" v="4441000000"/>
        <price t="2001-08-10" v="4490000000"/>
        <price t="2001-08-13" v="4509000000"/>
        <price t="2001-08-14" v="4500000000"/>
        <price t="2001-08-15" v="4477000000"/>
        <price t="2001-08-16" v="4445000000"/>
        <price t="2001-08-17" v="4399000000"/>
        <price t="2001-08-20" v="4445000000"/>
        <price t="2001-08-21" v="4483000000"/>
        <price t="2001-08-22" v="4570000000"/>
        <price t="2001-08-23" v="4540000000"/>
        <price t="2001-08-24" v="4610000000"/>
        <price t="2001-08-27" v="4635000000"/>
        <price t="2001-08-28" v="4650000000"/>
        <price t="2001-08-29" v="4629000000"/>
        <price t="2001-08-30" v="4535000000"/>
        <price t="2001-08-31" v="4500000000"/>
        <price t="2001-09-03" v="4540000000"/>
        <price t="2001-09-04" v="4689000000"/>
        <price t="2001-09-05" v="4629000000"/>
        <price t="2001-09-06" v="4560000000"/>
        <price t="2001-09-07" v="4492000000"/>
        <price t="2001-09-10" v="4350000000"/>
        <price t="2001-09-11" v="4140000000"/>
        <price t="2001-09-12" v="4070000000"/>
        <price t="2001-09-13" v="4040000000"/>
        <price t="2001-09-14" v="3765000000"/>
        <price t="2001-09-17" v="3790000000"/>
        <price t="2001-09-18" v="3620000000"/>
        <price t="2001-09-19" v="3431000000"/>
        <price t="2001-09-20" v="3180000000"/>
        <price t="2001-09-21" v="3100000000"/>
        <price t="2001-09-24" v="3555000000"/>
        <price t="2001-09-25" v="3520000000"/>
        <price t="2001-09-26" v="3520000000"/>
        <price t="2001-09-27" v="3708000000"/>
        <price t="2001-09-28" v="3887000000"/>
        <price t="2001-10-01" v="3797000000"/>
        <price t="2001-10-02" v="3721000000"/>
        <price t="2001-10-03" v="3744000000"/>
        <price t="2001-10-04" v="3754000000"/>
        <price t="2001-10-05" v="3840000000"/>
        <price t="2001-10-08" v="3821000000"/>
        <price t="2001-10-09" v="3821000000"/>
        <price t="2001-10-10" v="3821000000"/>
        <price t="2001-10-11" v="4010000000"/>
        <price t="2001-10-12" v="4107000000"/>
        <price t="2001-10-15" v="3972000000"/>
        <price t="2001-10-16" v="3920000000"/>
        <price t="2001-10-17" v="3937000000"/>
        <price t="2001-10-18" v="3849000000"/>
        <price t="2001-10-19" v="3801000000"/>
        <price t="2001-10-22" v="3790000000"/>
        <price t="2001-10-23" v="3925000000"/>
        <price t="2001-10-24" v="3941000000"/>
        <price t="2001-10-25" v="3850000000"/>
        <price t="2001-10-26" v="3930000000"/>
        <price t="2001-10-29" v="3864000000"/>
        <price t="2001-10-30" v="3760000000"/>
        <price t="2001-10-31" v="3760000000"/>
        <price t="2001-11-01" v="3825000000"/>
        <price t="2001-11-02" v="3770000000"/>
        <price t="2001-11-05" v="3905000000"/>
        <price t="2001-11-06" v="3900000000"/>
        <price t="2001-11-07" v="4060000000"/>
        <price t="2001-11-08" v="4170000000"/>
        <price t="2001-11-09" v="4110000000"/>
        <price t="2001-11-12" v="4017000000"/>
        <price t="2001-11-13" v="4130000000"/>
        <price t="2001-11-14" v="4105000000"/>
        <price t="2001-11-15" v="4030000000"/>
        <price t="2001-11-16" v="4201000000"/>
        <price t="2001-11-19" v="4305000000"/>
        <price t="2001-11-20" v="4330000000"/>
        <price t="2001-11-21" v="4326000000"/>
        <price t="2001-11-22" v="4300000000"/>
        <price t="2001-11-23" v="4294000000"/>
        <price t="2001-11-26" v="4333000000"/>
        <price t="2001-11-27" v="4321000000"/>
        <price t="2001-11-28" v="4255000000"/>
        <price t="2001-11-29" v="4310000000"/>
        <price t="2001-11-30" v="4290000000"/>
        <price t="2001-12-03" v="4284000000"/>
        <price t="2001-12-04" v="4260000000"/>
        <price t="2001-12-05" v="4410000000"/>
        <price t="2001-12-06" v="4380000000"/>
        <price t="2001-12-07" v="4305000000"/>
        <price t="2001-12-10" v="4295000000"/>
        <price t="2001-12-11" v="4299000000"/>
        <price t="2001-12-12" v="4210000000"/>
        <price t="2001-12-13" v="4090000000"/>
        <price t="2001-12-14" v="4084000000"/>
        <price t="2001-12-17" v="4126000000"/>
        <price t="2001-12-18" v="4168000000"/>
        <price t="2001-12-19" v="4102000000"/>
        <price t="2001-12-20" v="4056000000"/>
        <price t="2001-12-21" v="4060000000"/>
        <price t="2001-12-24" v="4060000000"/>
        <price t="2001-12-25" v="4060000000"/>
        <price t="2001-12-26" v="4060000000"/>
        <price t="2001-12-27" v="4180000000"/>
        <price t="2001-12-28" v="4175000000"/>
        <price t="2001-12-31" v="4175000000"/>
        <price t="2002-01-01" v="4175000000"/>
        <price t="2002-01-02" v="4225000000"/>
        <price t="2002-01-03" v="4307000000"/>
        <price t="2002-01-04" v="4310000000"/>
        <price t="2002-01-07" v="4350000000"/>
        <price t="2002-01-08" v="4279000000"/>
        <price t="2002-01-09" v="4305000000"/>
        <price t="2002-01-10" v="4314000000"/>
        <price t="2002-01-11" v="4300000000"/>
        <price t="2002-01-14" v="4185000000"/>
        <price t="2002-01-15" v="4190000000"/>
        <price t="2002-01-16" v="4210000000"/>
        <price t="2002-01-17" v="4305000000"/>
        <price t="2002-01-18" v="4333000000"/>
        <price t="2002-01-21" v="4335000000"/>
        <price t="2002-01-22" v="4320000000"/>
        <price t="2002-01-23" v="4436000000"/>
        <price t="2002-01-24" v="4487000000"/>
        <price t="2002-01-25" v="4530000000"/>
        <price t="2002-01-28" v="4471000000"/>
        <price t="2002-01-29" v="4412000000"/>
        <price t="2002-01-30" v="4450000000"/>
        <price t="2002-01-31" v="4499000000"/>
        <price t="2002-02-01" v="4495000000"/>
        <price t="2002-02-04" v="4490000000"/>
        <price t="2002-02-05" v="4500000000"/>
        <price t="2002-02-06" v="4350000000"/>
        <price t="2002-02-07" v="4291000000"/>
        <price t="2002-02-08" v="4286000000"/>
        <price t="2002-02-11" v="4380000000"/>
        <price t="2002-02-12" v="4370000000"/>
        <price t="2002-02-13" v="4325000000"/>
        <price t="2002-02-14" v="4171000000"/>
        <price t="2002-02-15" v="4116000000"/>
        <price t="2002-02-18" v="4145000000"/>
        <price t="2002-02-19" v="4075000000"/>
        <price t="2002-02-20" v="4095000000"/>
        <price t="2002-02-21" v="4208000000"/>
        <price t="2002-02-22" v="4271000000"/>
        <price t="2002-02-25" v="4265000000"/>
        <price t="2002-02-26" v="4321000000"/>
        <price t="2002-02-27" v="4408000000"/>
        <price t="2002-02-28" v="4442000000"/>
        <price t="2002-03-01" v="4472000000"/>
        <price t="2002-03-04" v="4595000000"/>
        <price t="2002-03-05" v="4587000000"/>
        <price t="2002-03-06" v="4635000000"/>
        <price t="2002-03-07" v="4660000000"/>
        <price t="2002-03-08" v="4756000000"/>
        <price t="2002-03-11" v="4660000000"/>
        <price t="2002-03-12" v="4638000000"/>
        <price t="2002-03-13" v="4580000000"/>
        <price t="2002-03-14" v="4622000000"/>
        <price t="2002-03-15" v="4682000000"/>
        <price t="2002-03-18" v="4703000000"/>
        <price t="2002-03-19" v="4695000000"/>
        <price t="2002-03-20" v="4687000000"/>
        <price t="2002-03-21" v="4675000000"/>
        <price t="2002-03-22" v="4720000000"/>
        <price t="2002-03-25" v="4700000000"/>
        <price t="2002-03-26" v="4680000000"/>
        <price t="2002-03-27" v="4600000000"/>
        <price t="2002-03-28" v="4665000000"/>
        <price t="2002-03-29" v="4665000000"/>
        <price t="2002-04-01" v="4665000000"/>
        <price t="2002-04-02" v="4725000000"/>
        <price t="2002-04-03" v="4800000000"/>
        <price t="2002-04-04" v="4679000000"/>
        <price t="2002-04-05" v="4704000000"/>
        <price t="2002-04-08" v="4678000000"/>
        <price t="2002-04-09" v="4670000000"/>
        <price t="2002-04-10" v="4735000000"/>
        <price t="2002-04-11" v="4643000000"/>
        <price t="2002-04-12" v="4700000000"/>
        <price t="2002-04-15" v="4740000000"/>
        <price t="2002-04-16" v="4747000000"/>
        <price t="2002-04-17" v="4748000000"/>
        <price t="2002-04-18" v="4724000000"/>
        <price t="2002-04-19" v="4778000000"/>
        <price t="2002-04-22" v="4790000000"/>
        <price t="2002-04-23" v="4694000000"/>
        <price t="2002-04-24" v="4691000000"/>
        <price t="2002-04-25" v="4481000000"/>
        <price t="2002-04-26" v="4524000000"/>
        <price t="2002-04-29" v="4504000000"/>
        <price t="2002-04-30" v="4755000000"/>
        <price t="2002-05-01" v="4755000000"/>
        <price t="2002-05-02" v="4685000000"/>
        <price t="2002-05-03" v="4614000000"/>
        <price t="2002-05-06" v="4551000000"/>
        <price t="2002-05-07" v="4526000000"/>
        <price t="2002-05-08" v="4634000000"/>
        <price t="2002-05-09" v="4617000000"/>
        <price t="2002-05-10" v="4675000000"/>
        <price t="2002-05-13" v="4749000000"/>
        <price t="2002-05-14" v="4765000000"/>
        <price t="2002-05-15" v="4800000000"/>
        <price t="2002-05-16" v="4766000000"/>
        <price t="2002-05-17" v="4871000000"/>
        <price t="2002-05-20" v="4833000000"/>
        <price t="2002-05-21" v="4873000000"/>
        <price t="2002-05-22" v="4825000000"/>
        <price t="2002-05-23" v="4825000000"/>
        <price t="2002-05-24" v="4858000000"/>
        <price t="2002-05-27" v="4900000000"/>
        <price t="2002-05-28" v="4850000000"/>
        <price t="2002-05-29" v="4890000000"/>
        <price t="2002-05-30" v="4870000000"/>
        <price t="2002-05-31" v="4980000000"/>
        <price t="2002-06-03" v="4868000000"/>
        <price t="2002-06-04" v="4680000000"/>
        <price t="2002-06-05" v="4647000000"/>
        <price t="2002-06-06" v="4707000000"/>
        <price t="2002-06-07" v="4650000000"/>
        <price t="2002-06-10" v="4684000000"/>
        <price t="2002-06-11" v="4615000000"/>
        <price t="2002-06-12" v="4525000000"/>
        <price t="2002-06-13" v="4575000000"/>
        <price t="2002-06-14" v="4405000000"/>
        <price t="2002-06-17" v="4599000000"/>
        <price t="2002-06-18" v="4600000000"/>
        <price t="2002-06-19" v="4500000000"/>
        <price t="2002-06-20" v="4500000000"/>
        <price t="2002-06-21" v="4610000000"/>
        <price t="2002-06-24" v="4550000000"/>
        <price t="2002-06-25" v="4614000000"/>
        <price t="2002-06-26" v="4550000000"/>
        <price t="2002-06-27" v="4571000000"/>
        <price t="2002-06-28" v="4715000000"/>
        <price t="2002-07-01" v="4640000000"/>
        <price t="2002-07-02" v="4565000000"/>
        <price t="2002-07-03" v="4595000000"/>
        <price t="2002-07-04" v="4640000000"/>
        <price t="2002-07-05" v="4770000000"/>
        <price t="2002-07-08" v="4765000000"/>
        <price t="2002-07-09" v="4600000000"/>
        <price t="2002-07-10" v="4450000000"/>
        <price t="2002-07-11" v="4345000000"/>
        <price t="2002-07-12" v="4335000000"/>
        <price t="2002-07-15" v="4123000000"/>
        <price t="2002-07-16" v="4143000000"/>
        <price t="2002-07-17" v="4216000000"/>
        <price t="2002-07-18" v="4239000000"/>
        <price t="2002-07-19" v="3981000000"/>
        <price t="2002-07-22" v="3849000000"/>
        <price t="2002-07-23" v="3725000000"/>
        <price t="2002-07-24" v="3790000000"/>
        <price t="2002-07-25" v="3600000000"/>
        <price t="2002-07-26" v="3835000000"/>
        <price t="2002-07-29" v="4090000000"/>
        <price t="2002-07-30" v="4111000000"/>
        <price t="2002-07-31" v="3900000000"/>
        <price t="2002-08-01" v="3877000000"/>
        <price t="2002-08-02" v="3915000000"/>
        <price t="2002-08-05" v="3740000000"/>
        <price t="2002-08-06" v="3987000000"/>
        <price t="2002-08-07" v="3915000000"/>
        <price t="2002-08-08" v="4196000000"/>
        <price t="2002-08-09" v="4295000000"/>
        <price t="2002-08-12" v="4166000000"/>
        <price t="2002-08-13" v="4180000000"/>
        <price t="2002-08-14" v="4050000000"/>
        <price t="2002-08-15" v="4140000000"/>
        <price t="2002-08-16" v="4113000000"/>
        <price t="2002-08-19" v="4176000000"/>
        <price t="2002-08-20" v="4055000000"/>
        <price t="2002-08-21" v="4115000000"/>
        <price t="2002-08-22" v="4196000000"/>
        <price t="2002-08-23" v="4180000000"/>
        <price t="2002-08-26" v="4150000000"/>
        <price t="2002-08-27" v="4199000000"/>
        <price t="2002-08-28" v="4065000000"/>
        <price t="2002-08-29" v="4069000000"/>
        <price t="2002-08-30" v="4204000000"/>
        <price t="2002-09-02" v="4150000000"/>
        <price t="2002-09-03" v="3925000000"/>
        <price t="2002-09-04" v="4000000000"/>
        <price t="2002-09-05" v="3998000000"/>
        <price t="2002-09-06" v="4085000000"/>
        <price t="2002-09-09" v="4066000000"/>
        <price t="2002-09-10" v="4090000000"/>
        <price t="2002-09-11" v="4170000000"/>
        <price t="2002-09-12" v="4058000000"/>
        <price t="2002-09-13" v="4046000000"/>
        <price t="2002-09-16" v="4068000000"/>
        <price t="2002-09-17" v="3999000000"/>
        <price t="2002-09-18" v="3867000000"/>
        <price t="2002-09-19" v="3850000000"/>
        <price t="2002-09-20" v="3900000000"/>
        <price t="2002-09-23" v="3780000000"/>
        <price t="2002-09-24" v="3601000000"/>
        <price t="2002-09-25" v="3671000000"/>
        <price t="2002-09-26" v="3740000000"/>
        <price t="2002-09-27" v="3670000000"/>
        <price t="2002-09-30" v="3590000000"/>
        <price t="2002-10-01" v="3650000000"/>
        <price t="2002-10-02" v="3590000000"/>
        <price t="2002-10-03" v="3563000000"/>
        <price t="2002-10-04" v="3388000000"/>
        <price t="2002-10-07" v="3390000000"/>
        <price t="2002-10-08" v="3290000000"/>
        <price t="2002-10-09" v="3340000000"/>
        <price t="2002-10-10" v="3471000000"/>
        <price t="2002-10-11" v="3697000000"/>
        <price t="2002-10-14" v="3579000000"/>
        <price t="2002-10-15" v="3788000000"/>
        <price t="2002-10-16" v="3784000000"/>
        <price t="2002-10-17" v="3863000000"/>
        <price t="2002-10-18" v="3840000000"/>
        <price t="2002-10-21" v="3903000000"/>
        <price t="2002-10-22" v="3775000000"/>
        <price t="2002-10-23" v="3645000000"/>
        <price t="2002-10-24" v="3675000000"/>
        <price t="2002-10-25" v="3625000000"/>
        <price t="2002-10-28" v="3777000000"/>
        <price t="2002-10-29" v="3620000000"/>
        <price t="2002-10-30" v="3733000000"/>
        <price t="2002-10-31" v="3744000000"/>
        <price t="2002-11-01" v="3700000000"/>
        <price t="2002-11-04" v="3855000000"/>
        <price t="2002-11-05" v="3860000000"/>
        <price t="2002-11-06" v="3806000000"/>
        <price t="2002-11-07" v="3664000000"/>
        <price t="2002-11-08" v="3652000000"/>
        <price t="2002-11-11" v="3748000000"/>
        <price t="2002-11-12" v="3800000000"/>
        <price t="2002-11-13" v="3740000000"/>
        <price t="2002-11-14" v="3810000000"/>
        <price t="2002-11-15" v="3804000000"/>
        <price t="2002-11-18" v="3800000000"/>
        <price t="2002-11-19" v="3715000000"/>
        <price t="2002-11-20" v="3730000000"/>
        <price t="2002-11-21" v="3780000000"/>
        <price t="2002-11-22" v="3808000000"/>
        <price t="2002-11-25" v="3797000000"/>
        <price t="2002-11-26" v="3679000000"/>
        <price t="2002-11-27" v="3840000000"/>
        <price t="2002-11-28" v="3875000000"/>
        <price t="2002-11-29" v="3870000000"/>
        <price t="2002-12-02" v="4079000000"/>
        <price t="2002-12-03" v="4025000000"/>
        <price t="2002-12-04" v="4043000000"/>
        <price t="2002-12-05" v="3977000000"/>
        <price t="2002-12-06" v="3938000000"/>
        <price t="2002-12-09" v="3840000000"/>
        <price t="2002-12-10" v="3941000000"/>
        <price t="2002-12-11" v="3965000000"/>
        <price t="2002-12-12" v="3860000000"/>
        <price t="2002-12-13" v="3762000000"/>
        <price t="2002-12-16" v="3845000000"/>
        <price t="2002-12-17" v="3855000000"/>
        <price t="2002-12-18" v="3707000000"/>
        <price t="2002-12-19" v="3592000000"/>
        <price t="2002-12-20" v="3745000000"/>
        <price t="2002-12-23" v="3741000000"/>
        <price t="2002-12-24" v="3741000000"/>
        <price t="2002-12-25" v="3741000000"/>
        <price t="2002-12-26" v="3741000000"/>
        <price t="2002-12-27" v="3570000000"/>
        <price t="2002-12-30" v="3608000000"/>
        <price t="2002-12-31" v="3608000000"/>
        <price t="2003-01-02" v="3865000000"/>
        <price t="2003-01-03" v="3808000000"/>
        <price t="2003-01-06" v="3925000000"/>
        <price t="2003-01-07" v="3834000000"/>
        <price t="2003-01-08" v="3738000000"/>
        <price t="2003-01-09" v="3690000000"/>
        <price t="2003-01-10" v="3663000000"/>
        <price t="2003-01-13" v="3680000000"/>
        <price t="2003-01-14" v="3733000000"/>
        <price t="2003-01-15" v="3669000000"/>
        <price t="2003-01-16" v="3735000000"/>
        <price t="2003-01-17" v="3600000000"/>
        <price t="2003-01-20" v="3577000000"/>
        <price t="2003-01-21" v="3508000000"/>
        <price t="2003-01-22" v="3428000000"/>
        <price t="2003-01-23" v="3481000000"/>
        <price t="2003-01-24" v="3354000000"/>
        <price t="2003-01-27" v="3186000000"/>
        <price t="2003-01-28" v="3250000000"/>
        <price t="2003-01-29" v="3360000000"/>
        <price t="2003-01-30" v="3320000000"/>
        <price t="2003-01-31" v="3452000000"/>
        <price t="2003-02-03" v="3460000000"/>
        <price t="2003-02-04" v="3345000000"/>
        <price t="2003-02-05" v="3467000000"/>
        <price t="2003-02-06" v="3340000000"/>
        <price t="2003-02-07" v="3300000000"/>
        <price t="2003-02-10" v="3354000000"/>
        <price t="2003-02-11" v="3398000000"/>
        <price t="2003-02-12" v="3290000000"/>
        <price t="2003-02-13" v="3278000000"/>
        <price t="2003-02-14" v="3440000000"/>
        <price t="2003-02-17" v="3478000000"/>
        <price t="2003-02-18" v="3485000000"/>
        <price t="2003-02-19" v="3387000000"/>
        <price t="2003-02-20" v="3357000000"/>
        <price t="2003-02-21" v="3400000000"/>
        <price t="2003-02-24" v="3284000000"/>
        <price t="2003-02-25" v="3321000000"/>
        <price t="2003-02-26" v="3280000000"/>
        <price t="2003-02-27" v="3346000000"/>
        <price t="2003-02-28" v="3382000000"/>
        <price t="2003-03-03" v="3400000000"/>
        <price t="2003-03-04" v="3368000000"/>
        <price t="2003-03-05" v="3322000000"/>
        <price t="2003-03-06" v="3264000000"/>
        <price t="2003-03-07" v="3226000000"/>
        <price t="2003-03-10" v="3161000000"/>
        <price t="2003-03-11" v="3019000000"/>
        <price t="2003-03-12" v="2841000000"/>
        <price t="2003-03-13" v="3106000000"/>
        <price t="2003-03-14" v="3165000000"/>
        <price t="2003-03-17" v="3119000000"/>
        <price t="2003-03-18" v="3525000000"/>
        <price t="2003-03-19" v="3688000000"/>
        <price t="2003-03-20" v="3625000000"/>
        <price t="2003-03-21" v="3801000000"/>
        <price t="2003-03-24" v="3500000000"/>
        <price t="2003-03-25" v="3637000000"/>
        <price t="2003-03-26" v="3622000000"/>
        <price t="2003-03-27" v="3630000000"/>
        <price t="2003-03-28" v="3537000000"/>
        <price t="2003-03-31" v="3411000000"/>
        <price t="2003-04-01" v="3381000000"/>
        <price t="2003-04-02" v="3614000000"/>
        <price t="2003-04-03" v="3660000000"/>
        <price t="2003-04-04" v="3832000000"/>
        <price t="2003-04-07" v="3980000000"/>
        <price t="2003-04-08" v="3872000000"/>
        <price t="2003-04-09" v="3825000000"/>
        <price t="2003-04-10" v="3825000000"/>
        <price t="2003-04-11" v="3869000000"/>
        <price t="2003-04-14" v="3880000000"/>
        <price t="2003-04-15" v="3823000000"/>
        <price t="2003-04-16" v="3796000000"/>
        <price t="2003-04-17" v="3950000000"/>
        <price t="2003-04-22" v="4052000000"/>
        <price t="2003-04-23" v="4005000000"/>
        <price t="2003-04-24" v="3930000000"/>
        <price t="2003-04-25" v="3816000000"/>
        <price t="2003-04-28" v="3950000000"/>
        <price t="2003-04-29" v="3942000000"/>
        <price t="2003-04-30" v="3997000000"/>
        <price t="2003-05-02" v="4053000000"/>
        <price t="2003-05-05" v="4025000000"/>
        <price t="2003-05-06" v="4029000000"/>
        <price t="2003-05-07" v="3839000000"/>
        <price t="2003-05-08" v="3664000000"/>
        <price t="2003-05-09" v="3752000000"/>
        <price t="2003-05-12" v="3725000000"/>
        <price t="2003-05-13" v="3630000000"/>
        <price t="2003-05-14" v="3730000000"/>
        <price t="2003-05-15" v="3782000000"/>
        <price t="2003-05-16" v="3785000000"/>
        <price t="2003-05-19" v="3570000000"/>
        <price t="2003-05-20" v="3544000000"/>
        <price t="2003-05-21" v="3524000000"/>
        <price t="2003-05-22" v="3495000000"/>
        <price t="2003-05-23" v="3475000000"/>
        <price t="2003-05-26" v="3409000000"/>
        <price t="2003-05-27" v="3499000000"/>
        <price t="2003-05-28" v="3590000000"/>
        <price t="2003-05-29" v="3527000000"/>
        <price t="2003-05-30" v="3685000000"/>
        <price t="2003-06-02" v="3685000000"/>
        <price t="2003-06-03" v="3634000000"/>
        <price t="2003-06-04" v="3710000000"/>
        <price t="2003-06-05" v="3614000000"/>
        <price t="2003-06-06" v="3685000000"/>
        <price t="2003-06-09" v="3680000000"/>
        <price t="2003-06-10" v="3700000000"/>
        <price t="2003-06-11" v="3760000000"/>
        <price t="2003-06-12" v="3821000000"/>
        <price t="2003-06-13" v="3828000000"/>
        <price t="2003-06-16" v="3910000000"/>
        <price t="2003-06-17" v="3944000000"/>
        <price t="2003-06-18" v="3974000000"/>
        <price t="2003-06-19" v="3930000000"/>
        <price t="2003-06-20" v="3920000000"/>
        <price t="2003-06-23" v="3840000000"/>
        <price t="2003-06-24" v="3817000000"/>
        <price t="2003-06-25" v="3780000000"/>
        <price t="2003-06-26" v="3814000000"/>
        <price t="2003-06-27" v="3801000000"/>
        <price t="2003-06-30" v="3720000000"/>
        <price t="2003-07-01" v="3652000000"/>
        <price t="2003-07-02" v="3722000000"/>
        <price t="2003-07-03" v="3689000000"/>
        <price t="2003-07-04" v="3766000000"/>
        <price t="2003-07-07" v="3933000000"/>
        <price t="2003-07-08" v="3965000000"/>
        <price t="2003-07-09" v="3905000000"/>
        <price t="2003-07-10" v="3891000000"/>
        <price t="2003-07-11" v="3958000000"/>
        <price t="2003-07-14" v="4040000000"/>
        <price t="2003-07-15" v="3993000000"/>
        <price t="2003-07-16" v="3994000000"/>
        <price t="2003-07-17" v="4058000000"/>
        <price t="2003-07-18" v="4072000000"/>
        <price t="2003-07-21" v="4009000000"/>
        <price t="2003-07-22" v="4034000000"/>
        <price t="2003-07-23" v="4008000000"/>
        <price t="2003-07-24" v="4074000000"/>
        <price t="2003-07-25" v="4039000000"/>
        <price t="2003-07-28" v="4070000000"/>
        <price t="2003-07-29" v="4120000000"/>
        <price t="2003-07-30" v="4125000000"/>
        <price t="2003-07-31" v="4245000000"/>
        <price t="2003-08-01" v="4228000000"/>
        <price t="2003-08-04" v="4179000000"/>
        <price t="2003-08-05" v="4215000000"/>
        <price t="2003-08-06" v="4140000000"/>
        <price t="2003-08-07" v="3983000000"/>
        <price t="2003-08-08" v="3993000000"/>
        <price t="2003-08-11" v="3985000000"/>
        <price t="2003-08-12" v="4013000000"/>
        <price t="2003-08-13" v="4035000000"/>
        <price t="2003-08-14" v="4119000000"/>
        <price t="2003-08-15" v="4179000000"/>
        <price t="2003-08-18" v="4236000000"/>
        <price t="2003-08-19" v="4215000000"/>
        <price t="2003-08-20" v="4222000000"/>
        <price t="2003-08-21" v="4241000000"/>
        <price t="2003-08-22" v="4280000000"/>
        <price t="2003-08-25" v="4233000000"/>
        <price t="2003-08-26" v="4236000000"/>
        <price t="2003-08-27" v="4258000000"/>
        <price t="2003-08-28" v="4251000000"/>
        <price t="2003-08-29" v="4194000000"/>
        <price t="2003-09-01" v="4305000000"/>
        <price t="2003-09-02" v="4287000000"/>
        <price t="2003-09-03" v="4300000000"/>
        <price t="2003-09-04" v="4280000000"/>
        <price t="2003-09-05" v="4215000000"/>
        <price t="2003-09-08" v="4241000000"/>
        <price t="2003-09-09" v="4185000000"/>
        <price t="2003-09-10" v="4165000000"/>
        <price t="2003-09-11" v="4183000000"/>
        <price t="2003-09-12" v="4123000000"/>
        <price t="2003-09-15" v="4132000000"/>
        <price t="2003-09-16" v="4163000000"/>
        <price t="2003-09-17" v="4120000000"/>
        <price t="2003-09-18" v="4128000000"/>
        <price t="2003-09-19" v="4147000000"/>
        <price t="2003-09-22" v="3996000000"/>
        <price t="2003-09-23" v="3900000000"/>
        <price t="2003-09-24" v="3779000000"/>
        <price t="2003-09-25" v="3829000000"/>
        <price t="2003-09-26" v="3856000000"/>
        <price t="2003-09-29" v="3820000000"/>
        <price t="2003-09-30" v="3770000000"/>
        <price t="2003-10-01" v="3829000000"/>
        <price t="2003-10-02" v="3755000000"/>
        <price t="2003-10-03" v="3978000000"/>
        <price t="2003-10-06" v="3934000000"/>
        <price t="2003-10-07" v="3833000000"/>
        <price t="2003-10-08" v="3837000000"/>
        <price t="2003-10-09" v="3937000000"/>
        <price t="2003-10-10" v="3890000000"/>
        <price t="2003-10-13" v="3940000000"/>
        <price t="2003-10-14" v="3968000000"/>
        <price t="2003-10-15" v="3988000000"/>
        <price t="2003-10-16" v="4028000000"/>
        <price t="2003-10-17" v="3951000000"/>
        <price t="2003-10-20" v="3996000000"/>
        <price t="2003-10-21" v="4026000000"/>
        <price t="2003-10-22" v="3890000000"/>
        <price t="2003-10-23" v="3940000000"/>
        <price t="2003-10-24" v="3893000000"/>
        <price t="2003-10-27" v="3965000000"/>
        <price t="2003-10-28" v="4011000000"/>
        <price t="2003-10-29" v="4004000000"/>
        <price t="2003-10-30" v="3986000000"/>
        <price t="2003-10-31" v="3946000000"/>
        <price t="2003-11-03" v="3998000000"/>
        <price t="2003-11-04" v="4127000000"/>
        <price t="2003-11-05" v="4172000000"/>
        <price t="2003-11-06" v="4155000000"/>
        <price t="2003-11-07" v="4263000000"/>
        <price t="2003-11-10" v="4177000000"/>
        <price t="2003-11-11" v="4164000000"/>
        <price t="2003-11-12" v="4151000000"/>
        <price t="2003-11-13" v="4200000000"/>
        <price t="2003-11-14" v="4230000000"/>
        <price t="2003-11-17" v="4120000000"/>
        <price t="2003-11-18" v="4123000000"/>
        <price t="2003-11-19" v="4104000000"/>
        <price t="2003-11-20" v="4132000000"/>
        <price t="2003-11-21" v="4126000000"/>
        <price t="2003-11-24" v="4174000000"/>
        <price t="2003-11-25" v="4146000000"/>
        <price t="2003-11-26" v="4096000000"/>
        <price t="2003-11-27" v="4134000000"/>
        <price t="2003-11-28" v="4126000000"/>
        <price t="2003-12-01" v="4240000000"/>
        <price t="2003-12-02" v="4228000000"/>
        <price t="2003-12-03" v="4335000000"/>
        <price t="2003-12-04" v="4300000000"/>
        <price t="2003-12-05" v="4274000000"/>
        <price t="2003-12-08" v="4241000000"/>
        <price t="2003-12-09" v="4331000000"/>
        <price t="2003-12-10" v="4250000000"/>
        <price t="2003-12-11" v="4240000000"/>
        <price t="2003-12-12" v="4200000000"/>
        <price t="2003-12-15" v="4240000000"/>
        <price t="2003-12-16" v="4226000000"/>
        <price t="2003-12-17" v="4216000000"/>
        <price t="2003-12-18" v="4254000000"/>
        <price t="2003-12-19" v="4316000000"/>
        <price t="2003-12-22" v="4290000000"/>
        <price t="2003-12-23" v="4329000000"/>
        <price t="2003-12-29" v="4391000000"/>
        <price t="2003-12-30" v="4458000000"/>
        <price t="2004-01-02" v="4474000000"/>
        <price t="2004-01-05" v="4482000000"/>
        <price t="2004-01-06" v="4508000000"/>
        <price t="2004-01-07" v="4500000000"/>
        <price t="2004-01-08" v="4500000000"/>
        <price t="2004-01-09" v="4470000000"/>
        <price t="2004-01-12" v="4466000000"/>
        <price t="2004-01-13" v="4497000000"/>
        <price t="2004-01-14" v="4563000000"/>
        <price t="2004-01-15" v="4520000000"/>
        <price t="2004-01-16" v="4522000000"/>
        <price t="2004-01-19" v="4550000000"/>
        <price t="2004-01-20" v="4502000000"/>
        <price t="2004-01-21" v="4525000000"/>
        <price t="2004-01-22" v="4496000000"/>
        <price t="2004-01-23" v="4482000000"/>
        <price t="2004-01-26" v="4454000000"/>
        <price t="2004-01-27" v="4494000000"/>
        <price t="2004-01-28" v="4491000000"/>
        <price t="2004-01-29" v="4485000000"/>
        <price t="2004-01-30" v="4439000000"/>
        <price t="2004-02-02" v="4448000000"/>
        <price t="2004-02-03" v="4376000000"/>
        <price t="2004-02-04" v="4348000000"/>
        <price t="2004-02-05" v="4304000000"/>
        <price t="2004-02-06" v="4300000000"/>
        <price t="2004-02-09" v="4361000000"/>
        <price t="2004-02-10" v="4373000000"/>
        <price t="2004-02-11" v="4318000000"/>
        <price t="2004-02-12" v="4312000000"/>
        <price t="2004-02-13" v="4196000000"/>
        <price t="2004-02-16" v="4272000000"/>
        <price t="2004-02-17" v="4240000000"/>
        <price t="2004-02-18" v="4214000000"/>
        <price t="2004-02-19" v="4265000000"/>
        <price t="2004-02-20" v="4192000000"/>
        <price t="2004-02-23" v="4200000000"/>
        <price t="2004-02-24" v="4161000000"/>
        <price t="2004-02-25" v="4173000000"/>
        <price t="2004-02-26" v="4235000000"/>
        <price t="2004-02-27" v="4280000000"/>
        <price t="2004-03-01" v="4386000000"/>
        <price t="2004-03-02" v="4400000000"/>
        <price t="2004-03-03" v="4337000000"/>
        <price t="2004-03-04" v="4361000000"/>
        <price t="2004-03-05" v="4340000000"/>
        <price t="2004-03-08" v="4378000000"/>
        <price t="2004-03-09" v="4316000000"/>
        <price t="2004-03-10" v="4317000000"/>
        <price t="2004-03-11" v="4165000000"/>
        <price t="2004-03-12" v="4202000000"/>
        <price t="2004-03-15" v="4080000000"/>
        <price t="2004-03-16" v="4165000000"/>
        <price t="2004-03-17" v="4250000000"/>
        <price t="2004-03-18" v="4162000000"/>
        <price t="2004-03-19" v="4101000000"/>
        <price t="2004-03-22" v="4049000000"/>
        <price t="2004-03-23" v="4067000000"/>
        <price t="2004-03-24" v="4057000000"/>
        <price t="2004-03-25" v="4142000000"/>
        <price t="2004-03-26" v="4115000000"/>
        <price t="2004-03-29" v="4167000000"/>
        <price t="2004-03-30" v="4141000000"/>
        <price t="2004-03-31" v="4133000000"/>
        <price t="2004-04-01" v="4199000000"/>
        <price t="2004-04-02" v="4332000000"/>
        <price t="2004-04-05" v="4387000000"/>
        <price t="2004-04-06" v="4320000000"/>
        <price t="2004-04-07" v="4354000000"/>
        <price t="2004-04-08" v="4322000000"/>
        <price t="2004-04-13" v="4390000000"/>
        <price t="2004-04-14" v="4352000000"/>
        <price t="2004-04-15" v="4365000000"/>
        <price t="2004-04-16" v="4401000000"/>
        <price t="2004-04-19" v="4411000000"/>
        <price t="2004-04-20" v="4458000000"/>
        <price t="2004-04-21" v="4375000000"/>
        <price t="2004-04-22" v="4425000000"/>
        <price t="2004-04-23" v="4455000000"/>
        <price t="2004-04-26" v="4489000000"/>
        <price t="2004-04-27" v="4481000000"/>
        <price t="2004-04-28" v="4400000000"/>
        <price t="2004-04-29" v="4385000000"/>
        <price t="2004-04-30" v="4304000000"/>
        <price t="2004-05-03" v="4290000000"/>
        <price t="2004-05-04" v="4212000000"/>
        <price t="2004-05-05" v="4238000000"/>
        <price t="2004-05-06" v="4143000000"/>
        <price t="2004-05-07" v="4136000000"/>
        <price t="2004-05-10" v="4060000000"/>
        <price t="2004-05-11" v="4118000000"/>
        <price t="2004-05-12" v="4074000000"/>
        <price t="2004-05-13" v="4150000000"/>
        <price t="2004-05-14" v="4139000000"/>
        <price t="2004-05-17" v="4095000000"/>
        <price t="2004-05-18" v="4141000000"/>
        <price t="2004-05-19" v="4194000000"/>
        <price t="2004-05-20" v="4163000000"/>
        <price t="2004-05-21" v="4138000000"/>
        <price t="2004-05-24" v="4174000000"/>
        <price t="2004-05-25" v="4103000000"/>
        <price t="2004-05-26" v="4165000000"/>
        <price t="2004-05-27" v="4237000000"/>
        <price t="2004-05-28" v="4186000000"/>
        <price t="2004-05-31" v="4213000000"/>
        <price t="2004-06-01" v="4189000000"/>
        <price t="2004-06-02" v="4236000000"/>
        <price t="2004-06-03" v="4237000000"/>
        <price t="2004-06-04" v="4268000000"/>
        <price t="2004-06-07" v="4313000000"/>
        <price t="2004-06-08" v="4290000000"/>
        <price t="2004-06-09" v="4257000000"/>
        <price t="2004-06-10" v="4278000000"/>
        <price t="2004-06-11" v="4249000000"/>
        <price t="2004-06-14" v="4181000000"/>
        <price t="2004-06-15" v="4211000000"/>
        <price t="2004-06-16" v="4260000000"/>
        <price t="2004-06-17" v="4263000000"/>
        <price t="2004-06-18" v="4269000000"/>
        <price t="2004-06-21" v="4286000000"/>
        <price t="2004-06-22" v="4234000000"/>
        <price t="2004-06-23" v="4280000000"/>
        <price t="2004-06-24" v="4364000000"/>
        <price t="2004-06-25" v="4356000000"/>
        <price t="2004-06-28" v="4431000000"/>
        <price t="2004-06-29" v="4445000000"/>
        <price t="2004-06-30" v="4399000000"/>
        <price t="2004-07-01" v="4398000000"/>
        <price t="2004-07-02" v="4384000000"/>
        <price t="2004-07-05" v="4392000000"/>
        <price t="2004-07-06" v="4341000000"/>
        <price t="2004-07-07" v="4374000000"/>
        <price t="2004-07-08" v="4412000000"/>
        <price t="2004-07-09" v="4402000000"/>
        <price t="2004-07-12" v="4385000000"/>
        <price t="2004-07-13" v="4400000000"/>
        <price t="2004-07-14" v="4413000000"/>
        <price t="2004-07-15" v="4398000000"/>
        <price t="2004-07-16" v="4401000000"/>
        <price t="2004-07-19" v="4360000000"/>
        <price t="2004-07-20" v="4371000000"/>
        <price t="2004-07-21" v="4390000000"/>
        <price t="2004-07-22" v="4283000000"/>
        <price t="2004-07-23" v="4312000000"/>
        <price t="2004-07-26" v="4254000000"/>
        <price t="2004-07-27" v="4317000000"/>
        <price t="2004-07-28" v="4321000000"/>
        <price t="2004-07-29" v="4403000000"/>
        <price t="2004-07-30" v="4428000000"/>
        <price t="2004-08-02" v="4402000000"/>
        <price t="2004-08-03" v="4467000000"/>
        <price t="2004-08-04" v="4450000000"/>
        <price t="2004-08-05" v="4515000000"/>
        <price t="2004-08-06" v="4398000000"/>
        <price t="2004-08-09" v="4366000000"/>
        <price t="2004-08-10" v="4365000000"/>
        <price t="2004-08-11" v="4318000000"/>
        <price t="2004-08-12" v="4331000000"/>
        <price t="2004-08-13" v="4265000000"/>
        <price t="2004-08-16" v="4300000000"/>
        <price t="2004-08-17" v="4314000000"/>
        <price t="2004-08-18" v="4347000000"/>
        <price t="2004-08-19" v="4344000000"/>
        <price t="2004-08-20" v="4355000000"/>
        <price t="2004-08-23" v="4402000000"/>
        <price t="2004-08-24" v="4380000000"/>
        <price t="2004-08-25" v="4435000000"/>
        <price t="2004-08-26" v="4467000000"/>
        <price t="2004-08-27" v="4504000000"/>
        <price t="2004-08-30" v="4488000000"/>
        <price t="2004-08-31" v="4441000000"/>
        <price t="2004-09-01" v="4474000000"/>
        <price t="2004-09-02" v="4489000000"/>
        <price t="2004-09-03" v="4555000000"/>
        <price t="2004-09-06" v="4563000000"/>
        <price t="2004-09-07" v="4565000000"/>
        <price t="2004-09-08" v="4557000000"/>
        <price t="2004-09-09" v="4523000000"/>
        <price t="2004-09-10" v="4536000000"/>
        <price t="2004-09-13" v="4600000000"/>
        <price t="2004-09-14" v="4606000000"/>
        <price t="2004-09-15" v="4612000000"/>
        <price t="2004-09-16" v="4615000000"/>
        <price t="2004-09-17" v="4672000000"/>
        <price t="2004-09-20" v="4663000000"/>
        <price t="2004-09-21" v="4666000000"/>
        <price t="2004-09-22" v="4619000000"/>
        <price t="2004-09-23" v="4573000000"/>
        <price t="2004-09-24" v="4582000000"/>
        <price t="2004-09-27" v="4568000000"/>
        <price t="2004-09-28" v="4603000000"/>
        <price t="2004-09-29" v="4765000000"/>
        <price t="2004-09-30" v="4745000000"/>
        <price t="2004-10-01" v="4876000000"/>
        <price t="2004-10-04" v="4856000000"/>
        <price t="2004-10-05" v="4863000000"/>
        <price t="2004-10-06" v="4876000000"/>
        <price t="2004-10-07" v="4890000000"/>
        <price t="2004-10-08" v="4815000000"/>
        <price t="2004-10-11" v="4805000000"/>
        <price t="2004-10-12" v="4730000000"/>
        <price t="2004-10-13" v="4717000000"/>
        <price t="2004-10-14" v="4687000000"/>
        <price t="2004-10-15" v="4728000000"/>
        <price t="2004-10-18" v="4762000000"/>
        <price t="2004-10-19" v="4860000000"/>
        <price t="2004-10-20" v="4793000000"/>
        <price t="2004-10-21" v="4848000000"/>
        <price t="2004-10-22" v="4916000000"/>
        <price t="2004-10-25" v="4777000000"/>
        <price t="2004-10-26" v="4797000000"/>
        <price t="2004-10-27" v="4885000000"/>
        <price t="2004-10-28" v="4875000000"/>
        <price t="2004-10-29" v="4890000000"/>
        <price t="2004-11-01" v="4975000000"/>
        <price t="2004-11-02" v="4980000000"/>
        <price t="2004-11-03" v="4945000000"/>
        <price t="2004-11-04" v="4970000000"/>
        <price t="2004-11-05" v="5010000000"/>
        <price t="2004-11-08" v="4994000000"/>
        <price t="2004-11-09" v="5028000000"/>
        <price t="2004-11-10" v="5116000000"/>
        <price t="2004-11-11" v="5023000000"/>
        <price t="2004-11-12" v="5001000000"/>
        <price t="2004-11-15" v="4980000000"/>
        <price t="2004-11-16" v="4958000000"/>
        <price t="2004-11-17" v="5060000000"/>
        <price t="2004-11-18" v="5105000000"/>
        <price t="2004-11-19" v="5088000000"/>
        <price t="2004-11-22" v="5071000000"/>
        <price t="2004-11-23" v="5053000000"/>
        <price t="2004-11-24" v="5049000000"/>
        <price t="2004-11-25" v="5123000000"/>
        <price t="2004-11-26" v="5115000000"/>
        <price t="2004-11-29" v="5104000000"/>
        <price t="2004-11-30" v="5064000000"/>
        <price t="2004-12-01" v="5200000000"/>
        <price t="2004-12-02" v="5193000000"/>
        <price t="2004-12-03" v="5181000000"/>
        <price t="2004-12-06" v="5230000000"/>
        <price t="2004-12-07" v="5234000000"/>
        <price t="2004-12-08" v="5117000000"/>
        <price t="2004-12-09" v="5097000000"/>
        <price t="2004-12-10" v="5148000000"/>
        <price t="2004-12-13" v="5187000000"/>
        <price t="2004-12-14" v="5165000000"/>
        <price t="2004-12-15" v="5138000000"/>
        <price t="2004-12-16" v="5179000000"/>
        <price t="2004-12-17" v="5097000000"/>
        <price t="2004-12-20" v="5178000000"/>
        <price t="2004-12-21" v="5185000000"/>
        <price t="2004-12-22" v="5165000000"/>
        <price t="2004-12-23" v="5230000000"/>
        <price t="2004-12-27" v="5244000000"/>
        <price t="2004-12-28" v="5278000000"/>
        <price t="2004-12-29" v="5277000000"/>
        <price t="2004-12-30" v="5300000000"/>
        <price t="2005-01-03" v="5336000000"/>
        <price t="2005-01-04" v="5317000000"/>
        <price t="2005-01-05" v="5268000000"/>
        <price t="2005-01-06" v="5266000000"/>
        <price t="2005-01-07" v="5289000000"/>
        <price t="2005-01-10" v="5252000000"/>
        <price t="2005-01-11" v="5183000000"/>
        <price t="2005-01-12" v="5134000000"/>
        <price t="2005-01-13" v="5173000000"/>
        <price t="2005-01-14" v="5206000000"/>
        <price t="2005-01-17" v="5225000000"/>
        <price t="2005-01-18" v="5241000000"/>
        <price t="2005-01-19" v="5295000000"/>
        <price t="2005-01-20" v="5258000000"/>
        <price t="2005-01-21" v="5203000000"/>
        <price t="2005-01-24" v="5187000000"/>
        <price t="2005-01-25" v="5172000000"/>
        <price t="2005-01-26" v="5160000000"/>
        <price t="2005-01-27" v="5215000000"/>
        <price t="2005-01-28" v="5183000000"/>
        <price t="2005-01-31" v="5239000000"/>
        <price t="2005-02-01" v="5295000000"/>
        <price t="2005-02-02" v="5313000000"/>
        <price t="2005-02-03" v="5300000000"/>
        <price t="2005-02-04" v="5370000000"/>
        <price t="2005-02-07" v="5402000000"/>
        <price t="2005-02-08" v="5450000000"/>
        <price t="2005-02-09" v="5496000000"/>
        <price t="2005-02-10" v="5483000000"/>
        <price t="2005-02-11" v="5560000000"/>
        <price t="2005-02-14" v="5583000000"/>
        <price t="2005-02-15" v="5640000000"/>
        <price t="2005-02-16" v="5604000000"/>
        <price t="2005-02-17" v="5630000000"/>
        <price t="2005-02-18" v="5677000000"/>
        <price t="2005-02-21" v="5674000000"/>
        <price t="2005-02-22" v="5613000000"/>
        <price t="2005-02-23" v="5590000000"/>
        <price t="2005-02-24" v="5600000000"/>
        <price t="2005-02-25" v="5636000000"/>
        <price t="2005-02-28" v="5654000000"/>
        <price t="2005-03-01" v="5677000000"/>
        <price t="2005-03-02" v="5649000000"/>
        <price t="2005-03-03" v="5632000000"/>
        <price t="2005-03-04" v="5750000000"/>
        <price t="2005-03-07" v="5830000000"/>
        <price t="2005-03-08" v="5725000000"/>
        <price t="2005-03-09" v="5684000000"/>
        <price t="2005-03-10" v="5613000000"/>
        <price t="2005-03-11" v="5610000000"/>
        <price t="2005-03-14" v="5600000000"/>
        <price t="2005-03-15" v="5645000000"/>
        <price t="2005-03-16" v="5530000000"/>
        <price t="2005-03-17" v="5488000000"/>
        <price t="2005-03-18" v="5470000000"/>
        <price t="2005-03-21" v="5445000000"/>
        <price t="2005-03-22" v="5500000000"/>
        <price t="2005-03-23" v="5534000000"/>
        <price t="2005-03-24" v="5474000000"/>
        <price t="2005-03-29" v="5493000000"/>
        <price t="2005-03-30" v="5422000000"/>
        <price t="2005-03-31" v="5469000000"/>
        <price t="2005-04-01" v="5534000000"/>
        <price t="2005-04-04" v="5501000000"/>
        <price t="2005-04-05" v="5553000000"/>
        <price t="2005-04-06" v="5628000000"/>
        <price t="2005-04-07" v="5622000000"/>
        <price t="2005-04-08" v="5611000000"/>
        <price t="2005-04-11" v="5572000000"/>
        <price t="2005-04-12" v="5511000000"/>
        <price t="2005-04-13" v="5452000000"/>
        <price t="2005-04-14" v="5350000000"/>
        <price t="2005-04-15" v="5218000000"/>
        <price t="2005-04-18" v="5103000000"/>
        <price t="2005-04-19" v="5209000000"/>
        <price t="2005-04-20" v="5180000000"/>
        <price t="2005-04-21" v="5152000000"/>
        <price t="2005-04-22" v="5203000000"/>
        <price t="2005-04-25" v="5256000000"/>
        <price t="2005-04-26" v="5249000000"/>
        <price t="2005-04-27" v="5150000000"/>
        <price t="2005-04-28" v="5144000000"/>
        <price t="2005-04-29" v="5011000000"/>
        <price t="2005-05-02" v="5081000000"/>
        <price t="2005-05-03" v="5147000000"/>
        <price t="2005-05-04" v="5166000000"/>
        <price t="2005-05-05" v="5191000000"/>
        <price t="2005-05-06" v="5250000000"/>
        <price t="2005-05-09" v="5229000000"/>
        <price t="2005-05-10" v="5212000000"/>
        <price t="2005-05-11" v="5179000000"/>
        <price t="2005-05-12" v="5220000000"/>
        <price t="2005-05-13" v="5133000000"/>
        <price t="2005-05-16" v="5110000000"/>
        <price t="2005-05-17" v="5074000000"/>
        <price t="2005-05-18" v="5211000000"/>
        <price t="2005-05-19" v="5267000000"/>
        <price t="2005-05-20" v="5264000000"/>
        <price t="2005-05-23" v="5291000000"/>
        <price t="2005-05-24" v="5348000000"/>
        <price t="2005-05-25" v="5361000000"/>
        <price t="2005-05-26" v="5361000000"/>
        <price t="2005-05-27" v="5368000000"/>
        <price t="2005-05-30" v="5418000000"/>
        <price t="2005-05-31" v="5391000000"/>
        <price t="2005-06-01" v="5505000000"/>
        <price t="2005-06-02" v="5546000000"/>
        <price t="2005-06-03" v="5515000000"/>
        <price t="2005-06-06" v="5517000000"/>
        <price t="2005-06-07" v="5580000000"/>
        <price t="2005-06-08" v="5585000000"/>
        <price t="2005-06-09" v="5576000000"/>
        <price t="2005-06-10" v="5622000000"/>
        <price t="2005-06-13" v="5644000000"/>
        <price t="2005-06-14" v="5625000000"/>
        <price t="2005-06-15" v="5601000000"/>
        <price t="2005-06-16" v="5639000000"/>
        <price t="2005-06-17" v="5682000000"/>
        <price t="2005-06-20" v="5622000000"/>
        <price t="2005-06-21" v="5627000000"/>
        <price t="2005-06-22" v="5608000000"/>
        <price t="2005-06-23" v="5625000000"/>
        <price t="2005-06-24" v="5489000000"/>
        <price t="2005-06-27" v="5474000000"/>
        <price t="2005-06-28" v="5560000000"/>
        <price t="2005-06-29" v="5502000000"/>
        <price t="2005-06-30" v="5500000000"/>
        <price t="2005-07-01" v="5570000000"/>
        <price t="2005-07-04" v="5558000000"/>
        <price t="2005-07-05" v="5487000000"/>
        <price t="2005-07-06" v="5476000000"/>
        <price t="2005-07-07" v="5380000000"/>
        <price t="2005-07-08" v="5450000000"/>
        <price t="2005-07-11" v="5534000000"/>
        <price t="2005-07-12" v="5511000000"/>
        <price t="2005-07-13" v="5570000000"/>
        <price t="2005-07-14" v="5626000000"/>
        <price t="2005-07-15" v="5605000000"/>
        <price t="2005-07-18" v="5611000000"/>
        <price t="2005-07-19" v="5742000000"/>
        <price t="2005-07-20" v="5754000000"/>
        <price t="2005-07-21" v="5796000000"/>
        <price t="2005-07-22" v="5765000000"/>
        <price t="2005-07-25" v="5765000000"/>
        <price t="2005-07-26" v="5740000000"/>
        <price t="2005-07-27" v="5700000000"/>
        <price t="2005-07-28" v="5873000000"/>
        <price t="2005-07-29" v="5840000000"/>
        <price t="2005-08-01" v="5884000000"/>
        <price t="2005-08-02" v="5992000000"/>
        <price t="2005-08-03" v="5945000000"/>
        <price t="2005-08-04" v="5841000000"/>
        <price t="2005-08-05" v="5767000000"/>
        <price t="2005-08-08" v="5796000000"/>
        <price t="2005-08-09" v="5875000000"/>
        <price t="2005-08-10" v="5890000000"/>
        <price t="2005-08-11" v="5901000000"/>
        <price t="2005-08-12" v="5825000000"/>
        <price t="2005-08-15" v="5820000000"/>
        <price t="2005-08-16" v="5716000000"/>
        <price t="2005-08-17" v="5760000000"/>
        <price t="2005-08-18" v="5700000000"/>
        <price t="2005-08-19" v="5787000000"/>
        <price t="2005-08-22" v="5829000000"/>
        <price t="2005-08-23" v="5804000000"/>
        <price t="2005-08-24" v="5799000000"/>
        <price t="2005-08-25" v="5715000000"/>
        <price t="2005-08-26" v="5616000000"/>
        <price t="2005-08-29" v="5667000000"/>
        <price t="2005-08-30" v="5652000000"/>
        <price t="2005-08-31" v="5679000000"/>
        <price t="2005-09-01" v="5760000000"/>
        <price t="2005-09-02" v="5799000000"/>
        <price t="2005-09-05" v="5867000000"/>
        <price t="2005-09-06" v="5945000000"/>
        <price t="2005-09-07" v="5984000000"/>
        <price t="2005-09-08" v="5999000000"/>
        <price t="2005-09-09" v="6010000000"/>
        <price t="2005-09-12" v="6075000000"/>
        <price t="2005-09-13" v="5952000000"/>
        <price t="2005-09-14" v="5965000000"/>
        <price t="2005-09-15" v="5946000000"/>
        <price t="2005-09-16" v="6040000000"/>
        <price t="2005-09-19" v="5985000000"/>
        <price t="2005-09-20" v="6037000000"/>
        <price t="2005-09-21" v="5900000000"/>
        <price t="2005-09-22" v="5839000000"/>
        <price t="2005-09-23" v="5909000000"/>
        <price t="2005-09-26" v="6118000000"/>
        <price t="2005-09-27" v="6054000000"/>
        <price t="2005-09-28" v="6171000000"/>
        <price t="2005-09-29" v="6140000000"/>
        <price t="2005-09-30" v="6250000000"/>
        <price t="2005-10-03" v="6394000000"/>
        <price t="2005-10-04" v="6460000000"/>
        <price t="2005-10-05" v="6360000000"/>
        <price t="2005-10-06" v="6270000000"/>
        <price t="2005-10-07" v="6288000000"/>
        <price t="2005-10-10" v="6340000000"/>
        <price t="2005-10-11" v="6288000000"/>
        <price t="2005-10-12" v="6183000000"/>
        <price t="2005-10-13" v="6153000000"/>
        <price t="2005-10-14" v="6144000000"/>
        <price t="2005-10-17" v="6058000000"/>
        <price t="2005-10-18" v="6038000000"/>
        <price t="2005-10-19" v="5930000000"/>
        <price t="2005-10-20" v="5955000000"/>
        <price t="2005-10-21" v="5878000000"/>
        <price t="2005-10-24" v="6025000000"/>
        <price t="2005-10-25" v="5932000000"/>
        <price t="2005-10-26" v="5988000000"/>
        <price t="2005-10-27" v="5837000000"/>
        <price t="2005-10-28" v="5879000000"/>
        <price t="2005-10-31" v="6015000000"/>
        <price t="2005-11-01" v="6000000000"/>
        <price t="2005-11-02" v="5919000000"/>
        <price t="2005-11-03" v="5950000000"/>
        <price t="2005-11-04" v="5902000000"/>
        <price t="2005-11-07" v="5973000000"/>
        <price t="2005-11-08" v="5928000000"/>
        <price t="2005-11-09" v="6000000000"/>
        <price t="2005-11-10" v="5950000000"/>
        <price t="2005-11-11" v="6093000000"/>
        <price t="2005-11-14" v="6117000000"/>
        <price t="2005-11-15" v="6165000000"/>
        <price t="2005-11-16" v="6098000000"/>
        <price t="2005-11-17" v="6113000000"/>
        <price t="2005-11-18" v="6132000000"/>
        <price t="2005-11-21" v="6208000000"/>
        <price t="2005-11-22" v="6217000000"/>
        <price t="2005-11-23" v="6246000000"/>
        <price t="2005-11-24" v="6268000000"/>
        <price t="2005-11-25" v="6280000000"/>
        <price t="2005-11-28" v="6250000000"/>
        <price t="2005-11-29" v="6270000000"/>
        <price t="2005-11-30" v="6265000000"/>
        <price t="2005-12-01" v="6377000000"/>
        <price t="2005-12-02" v="6387000000"/>
        <price t="2005-12-05" v="6329000000"/>
        <price t="2005-12-06" v="6350000000"/>
        <price t="2005-12-07" v="6286000000"/>
        <price t="2005-12-08" v="6310000000"/>
        <price t="2005-12-09" v="6310000000"/>
        <price t="2005-12-12" v="6283000000"/>
        <price t="2005-12-13" v="6273000000"/>
        <price t="2005-12-14" v="6295000000"/>
        <price t="2005-12-15" v="6326000000"/>
        <price t="2005-12-16" v="6444000000"/>
        <price t="2005-12-19" v="6392000000"/>
        <price t="2005-12-20" v="6419000000"/>
        <price t="2005-12-21" v="6492000000"/>
        <price t="2005-12-22" v="6480000000"/>
        <price t="2005-12-23" v="6493000000"/>
        <price t="2005-12-27" v="6512000000"/>
        <price t="2005-12-28" v="6510000000"/>
        <price t="2005-12-29" v="6533000000"/>
        <price t="2005-12-30" v="6471000000"/>
        <price t="2006-01-02" v="6483000000"/>
        <price t="2006-01-03" v="6390000000"/>
        <price t="2006-01-04" v="6305000000"/>
        <price t="2006-01-05" v="6355000000"/>
        <price t="2006-01-06" v="6329000000"/>
        <price t="2006-01-09" v="6289000000"/>
        <price t="2006-01-10" v="6233000000"/>
        <price t="2006-01-11" v="6306000000"/>
        <price t="2006-01-12" v="6332000000"/>
        <price t="2006-01-13" v="6263000000"/>
        <price t="2006-01-16" v="6349000000"/>
        <price t="2006-01-17" v="6364000000"/>
        <price t="2006-01-18" v="6339000000"/>
        <price t="2006-01-19" v="6289000000"/>
        <price t="2006-01-20" v="6193000000"/>
        <price t="2006-01-23" v="6212000000"/>
        <price t="2006-01-24" v="6195000000"/>
        <price t="2006-01-25" v="6285000000"/>
        <price t="2006-01-26" v="6274000000"/>
        <price t="2006-01-27" v="6419000000"/>
        <price t="2006-01-30" v="6358000000"/>
        <price t="2006-01-31" v="6486000000"/>
        <price t="2006-02-01" v="6555000000"/>
        <price t="2006-02-02" v="6446000000"/>
        <price t="2006-02-03" v="6455000000"/>
        <price t="2006-02-06" v="6447000000"/>
        <price t="2006-02-07" v="6448000000"/>
        <price t="2006-02-08" v="6386000000"/>
        <price t="2006-02-09" v="6451000000"/>
        <price t="2006-02-10" v="6372000000"/>
        <price t="2006-02-13" v="6381000000"/>
        <price t="2006-02-14" v="6420000000"/>
        <price t="2006-02-15" v="6344000000"/>
        <price t="2006-02-16" v="6347000000"/>
        <price t="2006-02-17" v="6290000000"/>
        <price t="2006-02-20" v="6290000000"/>
        <price t="2006-02-21" v="6300000000"/>
        <price t="2006-02-22" v="6315000000"/>
        <price t="2006-02-23" v="6299000000"/>
        <price t="2006-02-24" v="6356000000"/>
        <price t="2006-02-27" v="6418000000"/>
        <price t="2006-02-28" v="6326000000"/>
        <price t="2006-03-01" v="6387000000"/>
        <price t="2006-03-02" v="6339000000"/>
        <price t="2006-03-03" v="6230000000"/>
        <price t="2006-03-06" v="6165000000"/>
        <price t="2006-03-07" v="6231000000"/>
        <price t="2006-03-08" v="6215000000"/>
        <price t="2006-03-09" v="6252000000"/>
        <price t="2006-03-10" v="6282000000"/>
        <price t="2006-03-13" v="6240000000"/>
        <price t="2006-03-14" v="6256000000"/>
        <price t="2006-03-15" v="6280000000"/>
        <price t="2006-03-16" v="6342000000"/>
        <price t="2006-03-17" v="6278000000"/>
        <price t="2006-03-20" v="6348000000"/>
        <price t="2006-03-21" v="6332000000"/>
        <price t="2006-03-22" v="6404000000"/>
        <price t="2006-03-23" v="6430000000"/>
        <price t="2006-03-24" v="6595000000"/>
        <price t="2006-03-27" v="6472000000"/>
        <price t="2006-03-28" v="6431000000"/>
        <price t="2006-03-29" v="6440000000"/>
        <price t="2006-03-30" v="6534000000"/>
        <price t="2006-03-31" v="6470000000"/>
        <price t="2006-04-03" v="6513000000"/>
        <price t="2006-04-04" v="6475000000"/>
        <price t="2006-04-05" v="6430000000"/>
        <price t="2006-04-06" v="6448000000"/>
        <price t="2006-04-07" v="6363000000"/>
        <price t="2006-04-10" v="6409000000"/>
        <price t="2006-04-11" v="6360000000"/>
        <price t="2006-04-12" v="6344000000"/>
        <price t="2006-04-13" v="6415000000"/>
        <price t="2006-04-18" v="6429000000"/>
        <price t="2006-04-19" v="6537000000"/>
        <price t="2006-04-20" v="6755000000"/>
        <price t="2006-04-21" v="6949000000"/>
        <price t="2006-04-24" v="6947000000"/>
        <price t="2006-04-25" v="6856000000"/>
        <price t="2006-04-26" v="6905000000"/>
        <price t="2006-04-27" v="6826000000"/>
        <price t="2006-04-28" v="6796000000"/>
        <price t="2006-05-02" v="6875000000"/>
        <price t="2006-05-03" v="6741000000"/>
        <price t="2006-05-04" v="6901000000"/>
        <price t="2006-05-05" v="6874000000"/>
        <price t="2006-05-08" v="6800000000"/>
        <price t="2006-05-09" v="6884000000"/>
        <price t="2006-05-10" v="6778000000"/>
        <price t="2006-05-11" v="6795000000"/>
        <price t="2006-05-12" v="6625000000"/>
        <price t="2006-05-15" v="6561000000"/>
        <price t="2006-05-16" v="6543000000"/>
        <price t="2006-05-17" v="6337000000"/>
        <price t="2006-05-18" v="6355000000"/>
        <price t="2006-05-19" v="6379000000"/>
        <price t="2006-05-22" v="6222000000"/>
        <price t="2006-05-23" v="6368000000"/>
        <price t="2006-05-24" v="6296000000"/>
        <price t="2006-05-25" v="6450000000"/>
        <price t="2006-05-26" v="6499000000"/>
        <price t="2006-05-29" v="6455000000"/>
        <price t="2006-05-30" v="6301000000"/>
        <price t="2006-05-31" v="6350000000"/>
        <price t="2006-06-01" v="6322000000"/>
        <price t="2006-06-02" v="6315000000"/>
        <price t="2006-06-05" v="6269000000"/>
        <price t="2006-06-06" v="6216000000"/>
        <price t="2006-06-07" v="6261000000"/>
        <price t="2006-06-08" v="6086000000"/>
        <price t="2006-06-09" v="6111000000"/>
        <price t="2006-06-12" v="5992000000"/>
        <price t="2006-06-13" v="5897000000"/>
        <price t="2006-06-14" v="5916000000"/>
        <price t="2006-06-15" v="6004000000"/>
        <price t="2006-06-16" v="5971000000"/>
        <price t="2006-06-19" v="5946000000"/>
        <price t="2006-06-20" v="6010000000"/>
        <price t="2006-06-21" v="6046000000"/>
        <price t="2006-06-22" v="6072000000"/>
        <price t="2006-06-23" v="6091000000"/>
        <price t="2006-06-26" v="6076000000"/>
        <price t="2006-06-27" v="6012000000"/>
        <price t="2006-06-28" v="5989000000"/>
        <price t="2006-06-29" v="6168000000"/>
        <price t="2006-06-30" v="6278000000"/>
        <price t="2006-07-03" v="6336000000"/>
        <price t="2006-07-04" v="6372000000"/>
        <price t="2006-07-05" v="6233000000"/>
        <price t="2006-07-06" v="6257000000"/>
        <price t="2006-07-07" v="6255000000"/>
        <price t="2006-07-10" v="6298000000"/>
        <price t="2006-07-11" v="6234000000"/>
        <price t="2006-07-12" v="6279000000"/>
        <price t="2006-07-13" v="6188000000"/>
        <price t="2006-07-14" v="6069000000"/>
        <price t="2006-07-17" v="6077000000"/>
        <price t="2006-07-18" v="6075000000"/>
        <price t="2006-07-19" v="6186000000"/>
        <price t="2006-07-20" v="6187000000"/>
        <price t="2006-07-21" v="6127000000"/>
        <price t="2006-07-24" v="6237000000"/>
        <price t="2006-07-25" v="6235000000"/>
        <price t="2006-07-26" v="6289000000"/>
        <price t="2006-07-27" v="6307000000"/>
        <price t="2006-07-28" v="6266000000"/>
        <price t="2006-07-31" v="6301000000"/>
        <price t="2006-08-01" v="6240000000"/>
        <price t="2006-08-02" v="6238000000"/>
        <price t="2006-08-03" v="6211000000"/>
        <price t="2006-08-04" v="6255000000"/>
        <price t="2006-08-07" v="6149000000"/>
        <price t="2006-08-08" v="6150000000"/>
        <price t="2006-08-09" v="6239000000"/>
        <price t="2006-08-10" v="6151000000"/>
        <price t="2006-08-11" v="6159000000"/>
        <price t="2006-08-14" v="6190000000"/>
        <price t="2006-08-15" v="6265000000"/>
        <price t="2006-08-16" v="6280000000"/>
        <price t="2006-08-17" v="6339000000"/>
        <price t="2006-08-18" v="6347000000"/>
        <price t="2006-08-21" v="6310000000"/>
        <price t="2006-08-22" v="6313000000"/>
        <price t="2006-08-23" v="6269000000"/>
        <price t="2006-08-24" v="6334000000"/>
        <price t="2006-08-25" v="6367000000"/>
        <price t="2006-08-28" v="6412000000"/>
        <price t="2006-08-29" v="6394000000"/>
        <price t="2006-08-30" v="6478000000"/>
        <price t="2006-08-31" v="6433000000"/>
        <price t="2006-09-01" v="6465000000"/>
        <price t="2006-09-04" v="6493000000"/>
        <price t="2006-09-05" v="6464000000"/>
        <price t="2006-09-06" v="6341000000"/>
        <price t="2006-09-07" v="6288000000"/>
        <price t="2006-09-08" v="6334000000"/>
        <price t="2006-09-11" v="6308000000"/>
        <price t="2006-09-12" v="6330000000"/>
        <price t="2006-09-13" v="6329000000"/>
        <price t="2006-09-14" v="6243000000"/>
        <price t="2006-09-15" v="6247000000"/>
        <price t="2006-09-18" v="6210000000"/>
        <price t="2006-09-19" v="6136000000"/>
        <price t="2006-09-20" v="6222000000"/>
        <price t="2006-09-21" v="6304000000"/>
        <price t="2006-09-22" v="6234000000"/>
        <price t="2006-09-25" v="6236000000"/>
        <price t="2006-09-26" v="6309000000"/>
        <price t="2006-09-27" v="6334000000"/>
        <price t="2006-09-28" v="6291000000"/>
        <price t="2006-09-29" v="6315000000"/>
        <price t="2006-10-02" v="6374000000"/>
        <price t="2006-10-03" v="6362000000"/>
        <price t="2006-10-04" v="6441000000"/>
        <price t="2006-10-05" v="6476000000"/>
        <price t="2006-10-06" v="6468000000"/>
        <price t="2006-10-09" v="6514000000"/>
        <price t="2006-10-10" v="6513000000"/>
        <price t="2006-10-11" v="6533000000"/>
        <price t="2006-10-12" v="6577000000"/>
        <price t="2006-10-13" v="6568000000"/>
        <price t="2006-10-16" v="6582000000"/>
        <price t="2006-10-17" v="6512000000"/>
        <price t="2006-10-18" v="6621000000"/>
        <price t="2006-10-19" v="6636000000"/>
        <price t="2006-10-20" v="6685000000"/>
        <price t="2006-10-23" v="6744000000"/>
        <price t="2006-10-24" v="6742000000"/>
        <price t="2006-10-25" v="6753000000"/>
        <price t="2006-10-26" v="6851000000"/>
        <price t="2006-10-27" v="6892000000"/>
        <price t="2006-10-30" v="6895000000"/>
        <price t="2006-10-31" v="6906000000"/>
        <price t="2006-11-01" v="6857000000"/>
        <price t="2006-11-02" v="6785000000"/>
        <price t="2006-11-03" v="6730000000"/>
        <price t="2006-11-06" v="6798000000"/>
        <price t="2006-11-07" v="6826000000"/>
        <price t="2006-11-08" v="6871000000"/>
        <price t="2006-11-09" v="6868000000"/>
        <price t="2006-11-10" v="7000000000"/>
        <price t="2006-11-13" v="6995000000"/>
        <price t="2006-11-14" v="7048000000"/>
        <price t="2006-11-15" v="7068000000"/>
        <price t="2006-11-16" v="7039000000"/>
        <price t="2006-11-17" v="7048000000"/>
        <price t="2006-11-20" v="7000000000"/>
        <price t="2006-11-21" v="7031000000"/>
        <price t="2006-11-22" v="7020000000"/>
        <price t="2006-11-23" v="7160000000"/>
        <price t="2006-11-24" v="7071000000"/>
        <price t="2006-11-27" v="6929000000"/>
        <price t="2006-11-28" v="6965000000"/>
        <price t="2006-11-29" v="7025000000"/>
        <price t="2006-11-30" v="6955000000"/>
        <price t="2006-12-01" v="6900000000"/>
        <price t="2006-12-04" v="6950000000"/>
        <price t="2006-12-05" v="7035000000"/>
        <price t="2006-12-06" v="7047000000"/>
        <price t="2006-12-07" v="7074000000"/>
        <price t="2006-12-08" v="7101000000"/>
        <price t="2006-12-11" v="7101000000"/>
        <price t="2006-12-12" v="7132000000"/>
        <price t="2006-12-13" v="7163000000"/>
        <price t="2006-12-14" v="7163000000"/>
        <price t="2006-12-15" v="7257000000"/>
        <price t="2006-12-18" v="7256000000"/>
        <price t="2006-12-19" v="7206000000"/>
        <price t="2006-12-20" v="7346000000"/>
        <price t="2006-12-21" v="7353000000"/>
        <price t="2006-12-22" v="7294000000"/>
        <price t="2006-12-27" v="7418000000"/>
        <price t="2006-12-28" v="7424000000"/>
        <price t="2006-12-29" v="7385000000"/>
        <price t="2007-01-02" v="7482000000"/>
        <price t="2007-01-03" v="7447000000"/>
        <price t="2007-01-04" v="7366000000"/>
        <price t="2007-01-05" v="7315000000"/>
        <price t="2007-01-08" v="7295000000"/>
        <price t="2007-01-09" v="7342000000"/>
        <price t="2007-01-10" v="7201000000"/>
        <price t="2007-01-11" v="7278000000"/>
        <price t="2007-01-12" v="7356000000"/>
        <price t="2007-01-15" v="7389000000"/>
        <price t="2007-01-16" v="7390000000"/>
        <price t="2007-01-17" v="7393000000"/>
        <price t="2007-01-18" v="7318000000"/>
        <price t="2007-01-19" v="7346000000"/>
        <price t="2007-01-22" v="7265000000"/>
        <price t="2007-01-23" v="7222000000"/>
        <price t="2007-01-24" v="7282000000"/>
        <price t="2007-01-25" v="7196000000"/>
        <price t="2007-01-26" v="7195000000"/>
        <price t="2007-01-29" v="7278000000"/>
        <price t="2007-01-30" v="7304000000"/>
        <price t="2007-01-31" v="7393000000"/>
        <price t="2007-02-01" v="7568000000"/>
        <price t="2007-02-02" v="7564000000"/>
        <price t="2007-02-05" v="7550000000"/>
        <price t="2007-02-06" v="7680000000"/>
        <price t="2007-02-07" v="7674000000"/>
        <price t="2007-02-08" v="7626000000"/>
        <price t="2007-02-09" v="7700000000"/>
        <price t="2007-02-12" v="7650000000"/>
        <price t="2007-02-13" v="7681000000"/>
        <price t="2007-02-14" v="7700000000"/>
        <price t="2007-02-15" v="7671000000"/>
        <price t="2007-02-16" v="7622000000"/>
        <price t="2007-02-19" v="7599000000"/>
        <price t="2007-02-20" v="7611000000"/>
        <price t="2007-02-21" v="7585000000"/>
        <price t="2007-02-22" v="7994000000"/>
        <price t="2007-02-23" v="7917000000"/>
        <price t="2007-02-26" v="8014000000"/>
        <price t="2007-02-27" v="7787000000"/>
        <price t="2007-02-28" v="7685000000"/>
        <price t="2007-03-01" v="7666000000"/>
        <price t="2007-03-02" v="7682000000"/>
        <price t="2007-03-05" v="7607000000"/>
        <price t="2007-03-06" v="7705000000"/>
        <price t="2007-03-07" v="7800000000"/>
        <price t="2007-03-08" v="7846000000"/>
        <price t="2007-03-09" v="7871000000"/>
        <price t="2007-03-12" v="7894000000"/>
        <price t="2007-03-13" v="7754000000"/>
        <price t="2007-03-14" v="7542000000"/>
        <price t="2007-03-15" v="7704000000"/>
        <price t="2007-03-16" v="7632000000"/>
        <price t="2007-03-19" v="7736000000"/>
        <price t="2007-03-20" v="7796000000"/>
        <price t="2007-03-21" v="7803000000"/>
        <price t="2007-03-22" v="7937000000"/>
        <price t="2007-03-23" v="7900000000"/>
        <price t="2007-03-26" v="7975000000"/>
        <price t="2007-03-27" v="8147000000"/>
        <price t="2007-03-28" v="8247000000"/>
        <price t="2007-03-29" v="8375000000"/>
        <price t="2007-03-30" v="8428000000"/>
        <price t="2007-04-02" v="8417000000"/>
        <price t="2007-04-03" v="8499000000"/>
        <price t="2007-04-04" v="8584000000"/>
        <price t="2007-04-05" v="8677000000"/>
        <price t="2007-04-10" v="8777000000"/>
        <price t="2007-04-11" v="8690000000"/>
        <price t="2007-04-12" v="8644000000"/>
        <price t="2007-04-13" v="8922000000"/>
        <price t="2007-04-16" v="9090000000"/>
        <price t="2007-04-17" v="9015000000"/>
        <price t="2007-04-18" v="8932000000"/>
        <price t="2007-04-19" v="8890000000"/>
        <price t="2007-04-20" v="8961000000"/>
        <price t="2007-04-23" v="8915000000"/>
        <price t="2007-04-24" v="8877000000"/>
        <price t="2007-04-25" v="9021000000"/>
        <price t="2007-04-26" v="8847000000"/>
        <price t="2007-04-27" v="8774000000"/>
        <price t="2007-04-30" v="8743000000"/>
        <price t="2007-05-02" v="8715000000"/>
        <price t="2007-05-03" v="8767000000"/>
        <price t="2007-05-04" v="8822000000"/>
        <price t="2007-05-07" v="8846000000"/>
        <price t="2007-05-08" v="8772000000"/>
        <price t="2007-05-09" v="8793000000"/>
        <price t="2007-05-10" v="8746000000"/>
        <price t="2007-05-11" v="8768000000"/>
        <price t="2007-05-14" v="8777000000"/>
        <price t="2007-05-15" v="8835000000"/>
        <price t="2007-05-16" v="8844000000"/>
        <price t="2007-05-17" v="8841000000"/>
        <price t="2007-05-18" v="9008000000"/>
        <price t="2007-05-21" v="9132000000"/>
        <price t="2007-05-22" v="9136000000"/>
        <price t="2007-05-23" v="9065000000"/>
        <price t="2007-05-24" v="9057000000"/>
        <price t="2007-05-25" v="9089000000"/>
        <price t="2007-05-29" v="9050000000"/>
        <price t="2007-05-30" v="8999000000"/>
        <price t="2007-05-31" v="9204000000"/>
        <price t="2007-06-01" v="9245000000"/>
        <price t="2007-06-04" v="9223000000"/>
        <price t="2007-06-05" v="9226000000"/>
        <price t="2007-06-06" v="8844000000"/>
        <price t="2007-06-07" v="8685000000"/>
        <price t="2007-06-08" v="8662000000"/>
        <price t="2007-06-11" v="8812000000"/>
        <price t="2007-06-12" v="8823000000"/>
        <price t="2007-06-13" v="8772000000"/>
        <price t="2007-06-14" v="8927000000"/>
        <price t="2007-06-15" v="9204000000"/>
        <price t="2007-06-18" v="9403000000"/>
        <price t="2007-06-19" v="9478000000"/>
        <price t="2007-06-20" v="9677000000"/>
        <price t="2007-06-21" v="9461000000"/>
        <price t="2007-06-22" v="9466000000"/>
        <price t="2007-06-25" v="9373000000"/>
        <price t="2007-06-26" v="9282000000"/>
        <price t="2007-06-27" v="9267000000"/>
        <price t="2007-06-28" v="9480000000"/>
        <price t="2007-06-29" v="9724000000"/>
        <price t="2007-07-02" v="9609000000"/>
        <price t="2007-07-03" v="9752000000"/>
        <price t="2007-07-04" v="9734000000"/>
        <price t="2007-07-05" v="9660000000"/>
        <price t="2007-07-06" v="9864000000"/>
        <price t="2007-07-09" v="9916000000"/>
        <price t="2007-07-10" v="9690000000"/>
        <price t="2007-07-11" v="9584000000"/>
        <price t="2007-07-12" v="9711000000"/>
        <price t="2007-07-13" v="9893000000"/>
        <price t="2007-07-16" v="9922000000"/>
        <price t="2007-07-17" v="9945000000"/>
        <price t="2007-07-18" v="9772000000"/>
        <price t="2007-07-19" v="9860000000"/>
        <price t="2007-07-20" v="9753000000"/>
        <price t="2007-07-23" v="9788000000"/>
        <price t="2007-07-24" v="9610000000"/>
        <price t="2007-07-25" v="9502000000"/>
        <price t="2007-07-26" v="9400000000"/>
        <price t="2007-07-27" v="9173000000"/>
        <price t="2007-07-30" v="9382000000"/>
        <price t="2007-07-31" v="9530000000"/>
        <price t="2007-08-01" v="9315000000"/>
        <price t="2007-08-02" v="9390000000"/>
        <price t="2007-08-03" v="9185000000"/>
        <price t="2007-08-06" v="9367000000"/>
        <price t="2007-08-07" v="9416000000"/>
        <price t="2007-08-08" v="9443000000"/>
        <price t="2007-08-09" v="9163000000"/>
        <price t="2007-08-10" v="9150000000"/>
        <price t="2007-08-13" v="9350000000"/>
        <price t="2007-08-14" v="9187000000"/>
        <price t="2007-08-15" v="9206000000"/>
        <price t="2007-08-16" v="9008000000"/>
        <price t="2007-08-17" v="9008000000"/>
        <price t="2007-08-20" v="9063000000"/>
        <price t="2007-08-21" v="9217000000"/>
        <price t="2007-08-22" v="9234000000"/>
        <price t="2007-08-23" v="9302000000"/>
        <price t="2007-08-24" v="9270000000"/>
        <price t="2007-08-27" v="9314000000"/>
        <price t="2007-08-28" v="9285000000"/>
        <price t="2007-08-29" v="9408000000"/>
        <price t="2007-08-30" v="9551000000"/>
        <price t="2007-08-31" v="9713000000"/>
        <price t="2007-09-03" v="9659000000"/>
        <price t="2007-09-04" v="9761000000"/>
        <price t="2007-09-05" v="9530000000"/>
        <price t="2007-09-06" v="9525000000"/>
        <price t="2007-09-07" v="9350000000"/>
        <price t="2007-09-10" v="9201000000"/>
        <price t="2007-09-11" v="9275000000"/>
        <price t="2007-09-12" v="9235000000"/>
        <price t="2007-09-13" v="9334000000"/>
        <price t="2007-09-14" v="9301000000"/>
        <price t="2007-09-17" v="9349000000"/>
        <price t="2007-09-18" v="9484000000"/>
        <price t="2007-09-19" v="9639000000"/>
        <price t="2007-09-20" v="9619000000"/>
        <price t="2007-09-21" v="9604000000"/>
        <price t="2007-09-24" v="9722000000"/>
        <price t="2007-09-25" v="9768000000"/>
        <price t="2007-09-26" v="9665000000"/>
        <price t="2007-09-27" v="9712000000"/>
        <price t="2007-09-28" v="9700000000"/>
        <price t="2007-10-01" v="9715000000"/>
        <price t="2007-10-02" v="9563000000"/>
        <price t="2007-10-03" v="9550000000"/>
        <price t="2007-10-04" v="9512000000"/>
        <price t="2007-10-05" v="9597000000"/>
        <price t="2007-10-08" v="9708000000"/>
        <price t="2007-10-09" v="9608000000"/>
        <price t="2007-10-10" v="9526000000"/>
        <price t="2007-10-11" v="9516000000"/>
        <price t="2007-10-12" v="9561000000"/>
        <price t="2007-10-15" v="9501000000"/>
        <price t="2007-10-16" v="9510000000"/>
        <price t="2007-10-17" v="9598000000"/>
        <price t="2007-10-18" v="9563000000"/>
        <price t="2007-10-19" v="9657000000"/>
        <price t="2007-10-22" v="9543000000"/>
        <price t="2007-10-23" v="9664000000"/>
        <price t="2007-10-24" v="9580000000"/>
        <price t="2007-10-25" v="9755000000"/>
        <price t="2007-10-26" v="9785000000"/>
        <price t="2007-10-29" v="9834000000"/>
        <price t="2007-10-30" v="9591000000"/>
        <price t="2007-10-31" v="9550000000"/>
        <price t="2007-11-01" v="9310000000"/>
        <price t="2007-11-02" v="9289000000"/>
        <price t="2007-11-05" v="9285000000"/>
        <price t="2007-11-06" v="9370000000"/>
        <price t="2007-11-07" v="9409000000"/>
        <price t="2007-11-08" v="9322000000"/>
        <price t="2007-11-09" v="9280000000"/>
        <price t="2007-11-12" v="9147000000"/>
        <price t="2007-11-13" v="9228000000"/>
        <price t="2007-11-14" v="9297000000"/>
        <price t="2007-11-15" v="9106000000"/>
        <price t="2007-11-16" v="9016000000"/>
        <price t="2007-11-19" v="8744000000"/>
        <price t="2007-11-20" v="9071000000"/>
        <price t="2007-11-21" v="9141000000"/>
        <price t="2007-11-22" v="9262000000"/>
        <price t="2007-11-23" v="9261000000"/>
        <price t="2007-11-26" v="9185000000"/>
        <price t="2007-11-27" v="9060000000"/>
        <price t="2007-11-28" v="9341000000"/>
        <price t="2007-11-29" v="9416000000"/>
        <price t="2007-11-30" v="9476000000"/>
        <price t="2007-12-03" v="9456000000"/>
        <price t="2007-12-04" v="9440000000"/>
        <price t="2007-12-05" v="9635000000"/>
        <price t="2007-12-06" v="9688000000"/>
        <price t="2007-12-07" v="9720000000"/>
        <price t="2007-12-10" v="9649000000"/>
        <price t="2007-12-11" v="9674000000"/>
        <price t="2007-12-12" v="9812000000"/>
        <price t="2007-12-13" v="9850000000"/>
        <price t="2007-12-14" v="9823000000"/>
        <price t="2007-12-17" v="9717000000"/>
        <price t="2007-12-18" v="9738000000"/>
        <price t="2007-12-19" v="9786000000"/>
        <price t="2007-12-20" v="9867000000"/>
        <price t="2007-12-21" v="10108000000"/>
        <price t="2007-12-27" v="10161000000"/>
        <price t="2007-12-28" v="10141000000"/>
        <price t="2008-01-02" v="10094000000"/>
        <price t="2008-01-03" v="10160000000"/>
        <price t="2008-01-04" v="10217000000"/>
        <price t="2008-01-07" v="10420000000"/>
        <price t="2008-01-08" v="10397000000"/>
        <price t="2008-01-09" v="10482000000"/>
        <price t="2008-01-10" v="9978000000"/>
        <price t="2008-01-11" v="9984000000"/>
        <price t="2008-01-14" v="9947000000"/>
        <price t="2008-01-15" v="9884000000"/>
        <price t="2008-01-16" v="9555000000"/>
        <price t="2008-01-17" v="9487000000"/>
        <price t="2008-01-18" v="9191000000"/>
        <price t="2008-01-21" v="8500000000"/>
        <price t="2008-01-22" v="8550000000"/>
        <price t="2008-01-23" v="8077000000"/>
        <price t="2008-01-24" v="8446000000"/>
        <price t="2008-01-25" v="8406000000"/>
        <price t="2008-01-28" v="8316000000"/>
        <price t="2008-01-29" v="8599000000"/>
        <price t="2008-01-30" v="8556000000"/>
        <price t="2008-01-31" v="8721000000"/>
        <price t="2008-02-01" v="8793000000"/>
        <price t="2008-02-04" v="8755000000"/>
        <price t="2008-02-05" v="8506000000"/>
        <price t="2008-02-06" v="8582000000"/>
        <price t="2008-02-07" v="8415000000"/>
        <price t="2008-02-08" v="8395000000"/>
        <price t="2008-02-11" v="8405000000"/>
        <price t="2008-02-12" v="8647000000"/>
        <price t="2008-02-13" v="8674000000"/>
        <price t="2008-02-14" v="8723000000"/>
        <price t="2008-02-15" v="8554000000"/>
        <price t="2008-02-18" v="8700000000"/>
        <price t="2008-02-19" v="8826000000"/>
        <price t="2008-02-20" v="8687000000"/>
        <price t="2008-02-21" v="8533000000"/>
        <price t="2008-02-22" v="8430000000"/>
        <price t="2008-02-25" v="8502000000"/>
        <price t="2008-02-26" v="8655000000"/>
        <price t="2008-02-27" v="8650000000"/>
        <price t="2008-02-28" v="8520000000"/>
        <price t="2008-02-29" v="8398000000"/>
        <price t="2008-03-03" v="8363000000"/>
        <price t="2008-03-04" v="8207000000"/>
        <price t="2008-03-05" v="8456000000"/>
        <price t="2008-03-06" v="8435000000"/>
        <price t="2008-03-07" v="8328000000"/>
        <price t="2008-03-10" v="8258000000"/>
        <price t="2008-03-11" v="8438000000"/>
        <price t="2008-03-12" v="8448000000"/>
        <price t="2008-03-13" v="8401000000"/>
        <price t="2008-03-14" v="8362000000"/>
        <price t="2008-03-17" v="8314000000"/>
        <price t="2008-03-18" v="8568000000"/>
        <price t="2008-03-19" v="8516000000"/>
        <price t="2008-03-20" v="8373000000"/>
        <price t="2008-03-25" v="8557000000"/>
        <price t="2008-03-26" v="8403000000"/>
        <price t="2008-03-27" v="8593000000"/>
        <price t="2008-03-28" v="8489000000"/>
        <price t="2008-03-31" v="8531000000"/>
        <price t="2008-04-01" v="8715000000"/>
        <price t="2008-04-02" v="8858000000"/>
        <price t="2008-04-03" v="8915000000"/>
        <price t="2008-04-04" v="8886000000"/>
        <price t="2008-04-07" v="8924000000"/>
        <price t="2008-04-08" v="8931000000"/>
        <price t="2008-04-09" v="8903000000"/>
        <price t="2008-04-10" v="8975000000"/>
        <price t="2008-04-11" v="8903000000"/>
        <price t="2008-04-14" v="8842000000"/>
        <price t="2008-04-15" v="8999000000"/>
        <price t="2008-04-16" v="9150000000"/>
        <price t="2008-04-17" v="9165000000"/>
        <price t="2008-04-18" v="9345000000"/>
        <price t="2008-04-21" v="9302000000"/>
        <price t="2008-04-22" v="9149000000"/>
        <price t="2008-04-23" v="9290000000"/>
        <price t="2008-04-24" v="9383000000"/>
        <price t="2008-04-25" v="9005000000"/>
        <price t="2008-04-28" v="9041000000"/>
        <price t="2008-04-29" v="9073000000"/>
        <price t="2008-04-30" v="9165000000"/>
        <price t="2008-05-02" v="9086000000"/>
        <price t="2008-05-05" v="9160000000"/>
        <price t="2008-05-06" v="9117000000"/>
        <price t="2008-05-07" v="9078000000"/>
        <price t="2008-05-08" v="9045000000"/>
        <price t="2008-05-09" v="8909000000"/>
        <price t="2008-05-12" v="8978000000"/>
        <price t="2008-05-13" v="9129000000"/>
        <price t="2008-05-14" v="9124000000"/>
        <price t="2008-05-15" v="9164000000"/>
        <price t="2008-05-16" v="9283000000"/>
        <price t="2008-05-19" v="9336000000"/>
        <price t="2008-05-20" v="9307000000"/>
        <price t="2008-05-21" v="9416000000"/>
        <price t="2008-05-22" v="9437000000"/>
        <price t="2008-05-23" v="9335000000"/>
        <price t="2008-05-26" v="9407000000"/>
        <price t="2008-05-27" v="9380000000"/>
        <price t="2008-05-28" v="9518000000"/>
        <price t="2008-05-29" v="9537000000"/>
        <price t="2008-05-30" v="9637000000"/>
        <price t="2008-06-02" v="9521000000"/>
        <price t="2008-06-03" v="9670000000"/>
        <price t="2008-06-04" v="9669000000"/>
        <price t="2008-06-05" v="9625000000"/>
        <price t="2008-06-06" v="9445000000"/>
        <price t="2008-06-09" v="9612000000"/>
        <price t="2008-06-10" v="9399000000"/>
        <price t="2008-06-11" v="9295000000"/>
        <price t="2008-06-12" v="9421000000"/>
        <price t="2008-06-13" v="9486000000"/>
        <price t="2008-06-16" v="9347000000"/>
        <price t="2008-06-17" v="9439000000"/>
        <price t="2008-06-18" v="9265000000"/>
        <price t="2008-06-19" v="9238000000"/>
        <price t="2008-06-20" v="8981000000"/>
        <price t="2008-06-23" v="9060000000"/>
        <price t="2008-06-24" v="9007000000"/>
        <price t="2008-06-25" v="8968000000"/>
        <price t="2008-06-26" v="8858000000"/>
        <price t="2008-06-27" v="4412000000"/>
        <price t="2008-06-30" v="4382000000"/>
        <price t="2008-07-01" v="4332000000"/>
        <price t="2008-07-02" v="4277000000"/>
        <price t="2008-07-03" v="4261000000"/>
        <price t="2008-07-04" v="4220000000"/>
        <price t="2008-07-07" v="4273000000"/>
        <price t="2008-07-08" v="4191000000"/>
        <price t="2008-07-09" v="4149000000"/>
        <price t="2008-07-10" v="4123000000"/>
        <price t="2008-07-11" v="4056000000"/>
        <price t="2008-07-14" v="4069000000"/>
        <price t="2008-07-15" v="4043000000"/>
        <price t="2008-07-16" v="4050000000"/>
        <price t="2008-07-17" v="4093000000"/>
        <price t="2008-07-18" v="4125000000"/>
        <price t="2008-07-21" v="4144000000"/>
        <price t="2008-07-22" v="4217000000"/>
        <price t="2008-07-23" v="4213000000"/>
        <price t="2008-07-24" v="4135000000"/>
        <price t="2008-07-25" v="4196000000"/>
        <price t="2008-07-28" v="4126000000"/>
        <price t="2008-07-29" v="4142000000"/>
        <price t="2008-07-30" v="4115000000"/>
        <price t="2008-07-31" v="4069000000"/>
        <price t="2008-08-01" v="4016000000"/>
        <price t="2008-08-04" v="3969000000"/>
        <price t="2008-08-05" v="3993000000"/>
        <price t="2008-08-06" v="3997000000"/>
        <price t="2008-08-07" v="3991000000"/>
        <price t="2008-08-08" v="3974000000"/>
        <price t="2008-08-11" v="4008000000"/>
        <price t="2008-08-12" v="4034000000"/>
        <price t="2008-08-13" v="3995000000"/>
        <price t="2008-08-14" v="3992000000"/>
        <price t="2008-08-15" v="3988000000"/>
        <price t="2008-08-18" v="3999000000"/>
        <price t="2008-08-19" v="3985000000"/>
        <price t="2008-08-20" v="3972000000"/>
        <price t="2008-08-21" v="3928000000"/>
        <price t="2008-08-22" v="3950000000"/>
        <price t="2008-08-25" v="3927000000"/>
        <price t="2008-08-26" v="3961000000"/>
        <price t="2008-08-27" v="3935000000"/>
        <price t="2008-08-28" v="3925000000"/>
        <price t="2008-08-29" v="3938000000"/>
        <price t="2008-09-01" v="3942000000"/>
        <price t="2008-09-02" v="3990000000"/>
        <price t="2008-09-03" v="3971000000"/>
        <price t="2008-09-04" v="3903000000"/>
        <price t="2008-09-05" v="3817000000"/>
        <price t="2008-09-08" v="3841000000"/>
        <price t="2008-09-09" v="3775000000"/>
        <price t="2008-09-10" v="3744000000"/>
        <price t="2008-09-11" v="3741000000"/>
        <price t="2008-09-12" v="3781000000"/>
        <price t="2008-09-15" v="3610000000"/>
        <price t="2008-09-16" v="3516000000"/>
        <price t="2008-09-17" v="3383000000"/>
        <price t="2008-09-18" v="3281000000"/>
        <price t="2008-09-19" v="3432000000"/>
        <price t="2008-09-22" v="3420000000"/>
        <price t="2008-09-23" v="3440000000"/>
        <price t="2008-09-24" v="3457000000"/>
        <price t="2008-09-25" v="3529000000"/>
        <price t="2008-09-26" v="3497000000"/>
        <price t="2008-09-29" v="3364000000"/>
        <price t="2008-09-30" v="3383000000"/>
        <price t="2008-10-01" v="3369000000"/>
        <price t="2008-10-02" v="3250000000"/>
        <price t="2008-10-03" v="3326000000"/>
        <price t="2008-10-06" v="3170000000"/>
        <price t="2008-10-07" v="3124000000"/>
        <price t="2008-10-08" v="2832000000"/>
        <price t="2008-10-09" v="2825900000"/>
        <price t="2008-10-10" v="2555000000"/>
        <price t="2008-10-13" v="2845000000"/>
        <price t="2008-10-14" v="2910000000"/>
        <price t="2008-10-15" v="2622000000"/>
        <price t="2008-10-16" v="2396000000"/>
        <price t="2008-10-17" v="2444000000"/>
        <price t="2008-10-20" v="2489900000"/>
        <price t="2008-10-21" v="2500000000"/>
        <price t="2008-10-22" v="2366000000"/>
        <price t="2008-10-23" v="2346900000"/>
        <price t="2008-10-24" v="2224000000"/>
        <price t="2008-10-27" v="2018000000"/>
        <price t="2008-10-28" v="2063000000"/>
        <price t="2008-10-29" v="2461000000"/>
        <price t="2008-10-30" v="2380000000"/>
        <price t="2008-10-31" v="2632000000"/>
        <price t="2008-11-03" v="2754000000"/>
        <price t="2008-11-04" v="2931900000"/>
        <price t="2008-11-05" v="2795000000"/>
        <price t="2008-11-06" v="2541000000"/>
        <price t="2008-11-07" v="2608000000"/>
        <price t="2008-11-10" v="2749000000"/>
        <price t="2008-11-11" v="2605000000"/>
        <price t="2008-11-12" v="2540000000"/>
        <price t="2008-11-13" v="2574000000"/>
        <price t="2008-11-14" v="2588000000"/>
        <price t="2008-11-17" v="2555000000"/>
        <price t="2008-11-18" v="2543000000"/>
        <price t="2008-11-19" v="2196000000"/>
        <price t="2008-11-20" v="2240000000"/>
        <price t="2008-11-21" v="2180000000"/>
        <price t="2008-11-24" v="2441000000"/>
        <price t="2008-11-25" v="2490000000"/>
        <price t="2008-11-26" v="2460000000"/>
        <price t="2008-11-27" v="2518000000"/>
        <price t="2008-11-28" v="2510000000"/>
        <price t="2008-12-01" v="2307000000"/>
        <price t="2008-12-02" v="2399000000"/>
        <price t="2008-12-03" v="2322000000"/>
        <price t="2008-12-04" v="2362000000"/>
        <price t="2008-12-05" v="2261000000"/>
        <price t="2008-12-08" v="2487000000"/>
        <price t="2008-12-09" v="2544000000"/>
        <price t="2008-12-10" v="2630000000"/>
        <price t="2008-12-11" v="2566000000"/>
        <price t="2008-12-12" v="2510000000"/>
        <price t="2008-12-15" v="2543000000"/>
        <price t="2008-12-16" v="2630000000"/>
        <price t="2008-12-17" v="2642000000"/>
        <price t="2008-12-18" v="2669000000"/>
        <price t="2008-12-19" v="2643000000"/>
        <price t="2008-12-22" v="2631000000"/>
        <price t="2008-12-23" v="2606000000"/>
        <price t="2008-12-29" v="2672000000"/>
        <price t="2008-12-30" v="2773000000"/>
        <price t="2009-01-02" v="2790000000"/>
        <price t="2009-01-05" v="2759000000"/>
        <price t="2009-01-06" v="2749000000"/>
        <price t="2009-01-07" v="2649000000"/>
        <price t="2009-01-08" v="2665000000"/>
        <price t="2009-01-09" v="2576000000"/>
        <price t="2009-01-12" v="2561000000"/>
        <price t="2009-01-13" v="2539000000"/>
        <price t="2009-01-14" v="2406000000"/>
        <price t="2009-01-15" v="2311000000"/>
        <price t="2009-01-16" v="2376000000"/>
        <price t="2009-01-19" v="2268000000"/>
        <price t="2009-01-20" v="2276000000"/>
        <price t="2009-01-21" v="2301000000"/>
        <price t="2009-01-22" v="2291000000"/>
        <price t="2009-01-23" v="2186000000"/>
        <price t="2009-01-26" v="2233000000"/>
        <price t="2009-01-27" v="2220000000"/>
        <price t="2009-01-28" v="2278000000"/>
        <price t="2009-01-29" v="2363000000"/>
        <price t="2009-01-30" v="2272000000"/>
        <price t="2009-02-02" v="2225000000"/>
        <price t="2009-02-03" v="2253000000"/>
        <price t="2009-02-04" v="2425000000"/>
        <price t="2009-02-05" v="2409000000"/>
        <price t="2009-02-06" v="2610000000"/>
        <price t="2009-02-09" v="2629000000"/>
        <price t="2009-02-10" v="2527000000"/>
        <price t="2009-02-11" v="2496000000"/>
        <price t="2009-02-12" v="2405000000"/>
        <price t="2009-02-13" v="2458000000"/>
        <price t="2009-02-16" v="2447000000"/>
        <price t="2009-02-17" v="2323000000"/>
        <price t="2009-02-18" v="2318000000"/>
        <price t="2009-02-19" v="2293000000"/>
        <price t="2009-02-20" v="2174000000"/>
        <price t="2009-02-23" v="2148000000"/>
        <price t="2009-02-24" v="2177000000"/>
        <price t="2009-02-25" v="2101800000"/>
        <price t="2009-02-26" v="2262000000"/>
        <price t="2009-02-27" v="2190000000"/>
        <price t="2009-03-02" v="2099000000"/>
        <price t="2009-03-03" v="2071000000"/>
        <price t="2009-03-04" v="2234000000"/>
        <price t="2009-03-05" v="2080000000"/>
        <price t="2009-03-06" v="2074000000"/>
        <price t="2009-03-09" v="2082000000"/>
        <price t="2009-03-10" v="2289000000"/>
        <price t="2009-03-11" v="2366000000"/>
        <price t="2009-03-12" v="2428000000"/>
        <price t="2009-03-13" v="2426000000"/>
        <price t="2009-03-16" v="2431000000"/>
        <price t="2009-03-17" v="2396000000"/>
        <price t="2009-03-18" v="2355000000"/>
        <price t="2009-03-19" v="2365000000"/>
        <price t="2009-03-20" v="2395000000"/>
        <price t="2009-03-23" v="2456000000"/>
        <price t="2009-03-24" v="2479000000"/>
        <price t="2009-03-25" v="2433000000"/>
        <price t="2009-03-26" v="2426000000"/>
        <price t="2009-03-27" v="2379000000"/>
        <price t="2009-03-30" v="2224000000"/>
        <price t="2009-03-31" v="2279000000"/>
        <price t="2009-04-01" v="2308000000"/>
        <price t="2009-04-02" v="2483000000"/>
        <price t="2009-04-03" v="2596000000"/>
        <price t="2009-04-06" v="2569000000"/>
        <price t="2009-04-07" v="2521000000"/>
        <price t="2009-04-08" v="2524000000"/>
        <price t="2009-04-09" v="2689000000"/>
        <price t="2009-04-14" v="2772000000"/>
        <price t="2009-04-15" v="2723000000"/>
        <price t="2009-04-16" v="2707000000"/>
        <price t="2009-04-17" v="2714000000"/>
        <price t="2009-04-20" v="2606000000"/>
        <price t="2009-04-21" v="2586000000"/>
        <price t="2009-04-22" v="2650000000"/>
        <price t="2009-04-23" v="2579000000"/>
        <price t="2009-04-24" v="2713000000"/>
        <price t="2009-04-27" v="2731000000"/>
        <price t="2009-04-28" v="2682000000"/>
        <price t="2009-04-29" v="2661000000"/>
        <price t="2009-04-30" v="2857000000"/>
        <price t="2009-05-04" v="2905000000"/>
        <price t="2009-05-05" v="2900000000"/>
        <price t="2009-05-06" v="2922000000"/>
        <price t="2009-05-07" v="2883000000"/>
        <price t="2009-05-08" v="2952000000"/>
        <price t="2009-05-11" v="2920000000"/>
        <price t="2009-05-12" v="2941000000"/>
        <price t="2009-05-13" v="2813000000"/>
        <price t="2009-05-14" v="2740000000"/>
        <price t="2009-05-15" v="2790000000"/>
        <price t="2009-05-18" v="2873000000"/>
        <price t="2009-05-19" v="2910000000"/>
        <price t="2009-05-20" v="3069000000"/>
        <price t="2009-05-21" v="2969000000"/>
        <price t="2009-05-22" v="2993000000"/>
        <price t="2009-05-25" v="2997000000"/>
        <price t="2009-05-26" v="3048000000"/>
        <price t="2009-05-27" v="3043000000"/>
        <price t="2009-05-28" v="2994000000"/>
        <price t="2009-05-29" v="2975000000"/>
        <price t="2009-06-01" v="3189000000"/>
        <price t="2009-06-02" v="3190000000"/>
        <price t="2009-06-03" v="3178000000"/>
        <price t="2009-06-04" v="3130000000"/>
        <price t="2009-06-05" v="3134000000"/>
        <price t="2009-06-08" v="3090000000"/>
        <price t="2009-06-09" v="3079000000"/>
        <price t="2009-06-10" v="3104000000"/>
        <price t="2009-06-11" v="3145000000"/>
        <price t="2009-06-12" v="3159000000"/>
        <price t="2009-06-15" v="3082000000"/>
        <price t="2009-06-16" v="3044000000"/>
        <price t="2009-06-17" v="2928000000"/>
        <price t="2009-06-18" v="2898000000"/>
        <price t="2009-06-19" v="2903000000"/>
        <price t="2009-06-22" v="2808000000"/>
        <price t="2009-06-23" v="2800000000"/>
        <price t="2009-06-24" v="2888000000"/>
        <price t="2009-06-25" v="2817000000"/>
        <price t="2009-06-26" v="2802000000"/>
        <price t="2009-06-29" v="2912000000"/>
        <price t="2009-06-30" v="2833000000"/>
        <price t="2009-07-01" v="2911000000"/>
        <price t="2009-07-02" v="2761000000"/>
        <price t="2009-07-03" v="2766000000"/>
        <price t="2009-07-06" v="2760000000"/>
        <price t="2009-07-07" v="2755000000"/>
        <price t="2009-07-08" v="2750000000"/>
        <price t="2009-07-09" v="2775000000"/>
        <price t="2009-07-10" v="2766000000"/>
        <price t="2009-07-13" v="2904000000"/>
        <price t="2009-07-14" v="2969000000"/>
        <price t="2009-07-15" v="3106000000"/>
        <price t="2009-07-16" v="3150000000"/>
        <price t="2009-07-17" v="3171000000"/>
        <price t="2009-07-20" v="3199000000"/>
        <price t="2009-07-21" v="3273000000"/>
        <price t="2009-07-22" v="3325000000"/>
        <price t="2009-07-23" v="3440000000"/>
        <price t="2009-07-24" v="3429000000"/>
        <price t="2009-07-27" v="3396000000"/>
        <price t="2009-07-28" v="3383000000"/>
        <price t="2009-07-29" v="3481000000"/>
        <price t="2009-07-30" v="3420000000"/>
        <price t="2009-07-31" v="3516000000"/>
        <price t="2009-08-03" v="3615000000"/>
        <price t="2009-08-04" v="3568000000"/>
        <price t="2009-08-05" v="3563000000"/>
        <price t="2009-08-06" v="3509000000"/>
        <price t="2009-08-07" v="3525000000"/>
        <price t="2009-08-10" v="3527000000"/>
        <price t="2009-08-11" v="3457000000"/>
        <price t="2009-08-12" v="3457000000"/>
        <price t="2009-08-13" v="3601000000"/>
        <price t="2009-08-14" v="3477000000"/>
        <price t="2009-08-17" v="3396000000"/>
        <price t="2009-08-18" v="3446000000"/>
        <price t="2009-08-19" v="3449000000"/>
        <price t="2009-08-20" v="3541000000"/>
        <price t="2009-08-21" v="3620000000"/>
        <price t="2009-08-24" v="3678000000"/>
        <price t="2009-08-25" v="3813000000"/>
        <price t="2009-08-26" v="3686000000"/>
        <price t="2009-08-27" v="3631000000"/>
        <price t="2009-08-28" v="3696000000"/>
        <price t="2009-08-31" v="3639000000"/>
        <price t="2009-09-01" v="3613000000"/>
        <price t="2009-09-02" v="3590000000"/>
        <price t="2009-09-03" v="3458000000"/>
        <price t="2009-09-04" v="3496000000"/>
        <price t="2009-09-07" v="3597000000"/>
        <price t="2009-09-08" v="3647000000"/>
        <price t="2009-09-09" v="3649000000"/>
        <price t="2009-09-10" v="3591000000"/>
        <price t="2009-09-11" v="3618000000"/>
        <price t="2009-09-14" v="3581000000"/>
        <price t="2009-09-15" v="3594000000"/>
        <price t="2009-09-16" v="3657000000"/>
        <price t="2009-09-17" v="3655000000"/>
        <price t="2009-09-18" v="3698000000"/>
        <price t="2009-09-21" v="3641000000"/>
        <price t="2009-09-22" v="3680000000"/>
        <price t="2009-09-23" v="3645000000"/>
        <price t="2009-09-24" v="3575000000"/>
        <price t="2009-09-25" v="3526000000"/>
        <price t="2009-09-28" v="3635000000"/>
        <price t="2009-09-29" v="3607000000"/>
        <price t="2009-09-30" v="3621000000"/>
        <price t="2009-10-01" v="3473000000"/>
        <price t="2009-10-02" v="3415000000"/>
        <price t="2009-10-05" v="3469000000"/>
        <price t="2009-10-06" v="3612000000"/>
        <price t="2009-10-07" v="3624000000"/>
        <price t="2009-10-08" v="3747000000"/>
        <price t="2009-10-09" v="3749000000"/>
        <price t="2009-10-12" v="3835000000"/>
        <price t="2009-10-13" v="3782000000"/>
        <price t="2009-10-14" v="4061000000"/>
        <price t="2009-10-15" v="4011000000"/>
        <price t="2009-10-16" v="3940000000"/>
        <price t="2009-10-19" v="4082000000"/>
        <price t="2009-10-20" v="4002000000"/>
        <price t="2009-10-21" v="4040000000"/>
        <price t="2009-10-22" v="3950000000"/>
        <price t="2009-10-23" v="3916000000"/>
        <price t="2009-10-26" v="3829000000"/>
        <price t="2009-10-27" v="3824000000"/>
        <price t="2009-10-28" v="3700000000"/>
        <price t="2009-10-29" v="3742000000"/>
        <price t="2009-10-30" v="3650000000"/>
        <price t="2009-11-02" v="3644000000"/>
        <price t="2009-11-03" v="3624000000"/>
        <price t="2009-11-04" v="3696000000"/>
        <price t="2009-11-05" v="3787000000"/>
        <price t="2009-11-06" v="3755000000"/>
        <price t="2009-11-09" v="3850000000"/>
        <price t="2009-11-10" v="3872000000"/>
        <price t="2009-11-11" v="3936000000"/>
        <price t="2009-11-12" v="3947000000"/>
        <price t="2009-11-13" v="3976000000"/>
        <price t="2009-11-16" v="4102000000"/>
        <price t="2009-11-17" v="4055000000"/>
        <price t="2009-11-18" v="4029000000"/>
        <price t="2009-11-19" v="3989000000"/>
        <price t="2009-11-20" v="3987000000"/>
        <price t="2009-11-23" v="4148000000"/>
        <price t="2009-11-24" v="4126000000"/>
        <price t="2009-11-25" v="4190000000"/>
        <price t="2009-11-26" v="4025000000"/>
        <price t="2009-11-27" v="4059000000"/>
        <price t="2009-11-30" v="4016000000"/>
        <price t="2009-12-01" v="4097000000"/>
        <price t="2009-12-02" v="4160000000"/>
        <price t="2009-12-03" v="4140000000"/>
        <price t="2009-12-04" v="4189000000"/>
        <price t="2009-12-07" v="4253000000"/>
        <price t="2009-12-08" v="4122000000"/>
        <price t="2009-12-09" v="4173000000"/>
        <price t="2009-12-10" v="4225000000"/>
        <price t="2009-12-11" v="4304000000"/>
        <price t="2009-12-14" v="4297000000"/>
        <price t="2009-12-15" v="4307000000"/>
        <price t="2009-12-16" v="4375000000"/>
        <price t="2009-12-17" v="4318000000"/>
        <price t="2009-12-18" v="4299000000"/>
        <price t="2009-12-21" v="4350000000"/>
        <price t="2009-12-22" v="4350000000"/>
        <price t="2009-12-23" v="4387000000"/>
        <price t="2009-12-28" v="4395000000"/>
        <price t="2009-12-29" v="4382000000"/>
        <price t="2009-12-30" v="4346000000"/>
        <price t="2010-01-04" v="4485000000"/>
        <price t="2010-01-05" v="4417000000"/>
        <price t="2010-01-06" v="4445000000"/>
        <price t="2010-01-07" v="4415500000"/>
        <price t="2010-01-08" v="4402000000"/>
        <price t="2010-01-11" v="4353000000"/>
        <price t="2010-01-12" v="4198000000"/>
        <price t="2010-01-13" v="4237500000"/>
        <price t="2010-01-14" v="4246000000"/>
        <price t="2010-01-15" v="4156500000"/>
        <price t="2010-01-18" v="4232000000"/>
        <price t="2010-01-19" v="4286000000"/>
        <price t="2010-01-20" v="4145500000"/>
        <price t="2010-01-21" v="4090500000"/>
        <price t="2010-01-22" v="4046500000"/>
        <price t="2010-01-25" v="4002000000"/>
        <price t="2010-01-26" v="3991500000"/>
        <price t="2010-01-27" v="4034500000"/>
        <price t="2010-01-28" v="4002500000"/>
        <price t="2010-01-29" v="4122500000"/>
        <price t="2010-02-01" v="4173000000"/>
        <price t="2010-02-02" v="4200000000"/>
        <price t="2010-02-03" v="4213000000"/>
        <price t="2010-02-04" v="4025500000"/>
        <price t="2010-02-05" v="3943000000"/>
        <price t="2010-02-08" v="4002000000"/>
        <price t="2010-02-09" v="4001500000"/>
        <price t="2010-02-10" v="4043000000"/>
        <price t="2010-02-11" v="4026500000"/>
        <price t="2010-02-12" v="4020000000"/>
        <price t="2010-02-15" v="4020500000"/>
        <price t="2010-02-16" v="4084000000"/>
        <price t="2010-02-17" v="4155000000"/>
        <price t="2010-02-18" v="4200500000"/>
        <price t="2010-02-19" v="4206000000"/>
        <price t="2010-02-22" v="4180000000"/>
        <price t="2010-02-23" v="4126500000"/>
        <price t="2010-02-24" v="4065500000"/>
        <price t="2010-02-25" v="4111500000"/>
        <price t="2010-02-26" v="4124000000"/>
        <price t="2010-03-01" v="4210500000"/>
        <price t="2010-03-02" v="4214000000"/>
        <price t="2010-03-03" v="4227500000"/>
        <price t="2010-03-04" v="4175000000"/>
        <price t="2010-03-05" v="4310000000"/>
        <price t="2010-03-08" v="4323000000"/>
        <price t="2010-03-09" v="4328000000"/>
        <price t="2010-03-10" v="4403500000"/>
        <price t="2010-03-11" v="4424000000"/>
        <price t="2010-03-12" v="4425500000"/>
        <price t="2010-03-15" v="4372000000"/>
        <price t="2010-03-16" v="4415000000"/>
        <price t="2010-03-17" v="4455000000"/>
        <price t="2010-03-18" v="4475500000"/>
        <price t="2010-03-19" v="4430000000"/>
        <price t="2010-03-22" v="4471000000"/>
        <price t="2010-03-23" v="4493500000"/>
        <price t="2010-03-24" v="4486500000"/>
        <price t="2010-03-25" v="4534000000"/>
        <price t="2010-03-26" v="4525000000"/>
        <price t="2010-03-29" v="4552000000"/>
        <price t="2010-03-30" v="4572500000"/>
        <price t="2010-03-31" v="4592000000"/>
        <price t="2010-04-01" v="4700000000"/>
        <price t="2010-04-06" v="4705500000"/>
        <price t="2010-04-07" v="4662500000"/>
        <price t="2010-04-08" v="4625000000"/>
        <price t="2010-04-09" v="4697000000"/>
        <price t="2010-04-12" v="4692000000"/>
        <price t="2010-04-13" v="4664000000"/>
        <price t="2010-04-14" v="4668500000"/>
        <price t="2010-04-15" v="4653000000"/>
        <price t="2010-04-16" v="4595000000"/>
        <price t="2010-04-19" v="4565000000"/>
        <price t="2010-04-20" v="4610000000"/>
        <price t="2010-04-21" v="4641500000"/>
        <price t="2010-04-22" v="4616500000"/>
        <price t="2010-04-23" v="4775000000"/>
        <price t="2010-04-26" v="4854500000"/>
        <price t="2010-04-27" v="4710500000"/>
        <price t="2010-04-28" v="4640000000"/>
        <price t="2010-04-29" v="4592500000"/>
        <price t="2010-04-30" v="4398000000"/>
        <price t="2010-05-03" v="4459500000"/>
        <price t="2010-05-04" v="4306500000"/>
        <price t="2010-05-05" v="4249500000"/>
        <price t="2010-05-06" v="4272000000"/>
        <price t="2010-05-07" v="4100000000"/>
        <price t="2010-05-10" v="4374000000"/>
        <price t="2010-05-11" v="4351000000"/>
        <price t="2010-05-12" v="4492000000"/>
        <price t="2010-05-13" v="4567500000"/>
        <price t="2010-05-14" v="4418000000"/>
        <price t="2010-05-17" v="4468000000"/>
        <price t="2010-05-18" v="4550000000"/>
        <price t="2010-05-19" v="4372500000"/>
        <price t="2010-05-20" v="4222000000"/>
        <price t="2010-05-21" v="4209500000"/>
        <price t="2010-05-24" v="4187500000"/>
        <price t="2010-05-25" v="4084500000"/>
        <price t="2010-05-26" v="4163500000"/>
        <price t="2010-05-27" v="4330500000"/>
        <price t="2010-05-28" v="4285000000"/>
        <price t="2010-05-31" v="4306000000"/>
        <price t="2010-06-01" v="4303500000"/>
        <price t="2010-06-02" v="4281000000"/>
        <price t="2010-06-03" v="4354000000"/>
        <price t="2010-06-04" v="4274500000"/>
        <price t="2010-06-07" v="4280500000"/>
        <price t="2010-06-08" v="4310000000"/>
        <price t="2010-06-09" v="4420000000"/>
        <price t="2010-06-10" v="4478000000"/>
        <price t="2010-06-11" v="4489000000"/>
        <price t="2010-06-14" v="4575000000"/>
        <price t="2010-06-15" v="4590000000"/>
        <price t="2010-06-16" v="4641000000"/>
        <price t="2010-06-17" v="4661000000"/>
        <price t="2010-06-18" v="4621500000"/>
        <price t="2010-06-21" v="4689500000"/>
        <price t="2010-06-22" v="4674000000"/>
        <price t="2010-06-23" v="4683000000"/>
        <price t="2010-06-24" v="4626000000"/>
        <price t="2010-06-25" v="4616000000"/>
        <price t="2010-06-28" v="4750500000"/>
        <price t="2010-06-29" v="4540000000"/>
        <price t="2010-06-30" v="4511000000"/>
        <price t="2010-07-01" v="4392500000"/>
        <price t="2010-07-02" v="4384000000"/>
        <price t="2010-07-05" v="4334500000"/>
        <price t="2010-07-06" v="4458000000"/>
        <price t="2010-07-07" v="4443500000"/>
        <price t="2010-07-08" v="4501000000"/>
        <price t="2010-07-09" v="4574500000"/>
        <price t="2010-07-12" v="4603000000"/>
        <price t="2010-07-13" v="4650000000"/>
        <price t="2010-07-14" v="4636000000"/>
        <price t="2010-07-15" v="4587000000"/>
        <price t="2010-07-16" v="4496000000"/>
        <price t="2010-07-19" v="4449500000"/>
        <price t="2010-07-20" v="4410000000"/>
        <price t="2010-07-21" v="4444000000"/>
        <price t="2010-07-22" v="4590000000"/>
        <price t="2010-07-23" v="4671000000"/>
        <price t="2010-07-26" v="4674000000"/>
        <price t="2010-07-27" v="4611000000"/>
        <price t="2010-07-28" v="4533000000"/>
        <price t="2010-07-29" v="4431000000"/>
        <price t="2010-07-30" v="4481000000"/>
        <price t="2010-08-02" v="4631500000"/>
        <price t="2010-08-03" v="4590000000"/>
        <price t="2010-08-04" v="4645000000"/>
        <price t="2010-08-05" v="4556500000"/>
        <price t="2010-08-06" v="4474500000"/>
        <price t="2010-08-09" v="4575500000"/>
        <price t="2010-08-10" v="4534500000"/>
        <price t="2010-08-11" v="4431000000"/>
        <price t="2010-08-12" v="4456500000"/>
        <price t="2010-08-13" v="4378000000"/>
        <price t="2010-08-16" v="4366000000"/>
        <price t="2010-08-17" v="4470000000"/>
        <price t="2010-08-18" v="4447500000"/>
        <price t="2010-08-19" v="4347000000"/>
        <price t="2010-08-20" v="4255000000"/>
        <price t="2010-08-23" v="4273500000"/>
        <price t="2010-08-24" v="4190000000"/>
        <price t="2010-08-25" v="4142000000"/>
        <price t="2010-08-26" v="4193000000"/>
        <price t="2010-08-27" v="4202500000"/>
        <price t="2010-08-30" v="4162500000"/>
        <price t="2010-08-31" v="4163500000"/>
        <price t="2010-09-01" v="4297500000"/>
        <price t="2010-09-02" v="4302500000"/>
        <price t="2010-09-03" v="4334000000"/>
        <price t="2010-09-06" v="4338500000"/>
        <price t="2010-09-07" v="4300000000"/>
        <price t="2010-09-08" v="4309000000"/>
        <price t="2010-09-09" v="4350500000"/>
        <price t="2010-09-10" v="4377000000"/>
        <price t="2010-09-13" v="4469000000"/>
        <price t="2010-09-14" v="4522500000"/>
        <price t="2010-09-15" v="4509000000"/>
        <price t="2010-09-16" v="4520000000"/>
        <price t="2010-09-17" v="4477000000"/>
        <price t="2010-09-20" v="4545500000"/>
        <price t="2010-09-21" v="4527500000"/>
        <price t="2010-09-22" v="4557500000"/>
        <price t="2010-09-23" v="4562500000"/>
        <price t="2010-09-24" v="4691500000"/>
        <price t="2010-09-27" v="4659500000"/>
        <price t="2010-09-28" v="4687000000"/>
        <price t="2010-09-29" v="4646000000"/>
        <price t="2010-09-30" v="4625500000"/>
        <price t="2010-10-01" v="4687000000"/>
        <price t="2010-10-04" v="4646000000"/>
        <price t="2010-10-05" v="4724500000"/>
        <price t="2010-10-06" v="4850500000"/>
        <price t="2010-10-07" v="4775000000"/>
        <price t="2010-10-08" v="4873000000"/>
        <price t="2010-10-11" v="4860000000"/>
        <price t="2010-10-12" v="4848000000"/>
        <price t="2010-10-13" v="4970500000"/>
        <price t="2010-10-14" v="5020000000"/>
        <price t="2010-10-15" v="5097000000"/>
        <price t="2010-10-18" v="5103000000"/>
        <price t="2010-10-19" v="5064000000"/>
        <price t="2010-10-20" v="5193000000"/>
        <price t="2010-10-21" v="5280000000"/>
        <price t="2010-10-22" v="5277000000"/>
        <price t="2010-10-25" v="5311000000"/>
        <price t="2010-10-26" v="5269000000"/>
        <price t="2010-10-27" v="5222000000"/>
        <price t="2010-10-28" v="5237000000"/>
        <price t="2010-10-29" v="5228000000"/>
        <price t="2010-11-01" v="5257000000"/>
        <price t="2010-11-02" v="5423000000"/>
        <price t="2010-11-03" v="5406000000"/>
        <price t="2010-11-04" v="5615000000"/>
        <price t="2010-11-05" v="5715000000"/>
        <price t="2010-11-08" v="5675000000"/>
        <price t="2010-11-09" v="5741000000"/>
        <price t="2010-11-10" v="5609000000"/>
        <price t="2010-11-11" v="5663000000"/>
        <price t="2010-11-12" v="5612000000"/>
        <price t="2010-11-15" v="5708000000"/>
        <price t="2010-11-16" v="5498000000"/>
        <price t="2010-11-17" v="5549000000"/>
        <price t="2010-11-18" v="5710000000"/>
        <price t="2010-11-19" v="5740000000"/>
        <price t="2010-11-22" v="5782000000"/>
        <price t="2010-11-23" v="5668000000"/>
        <price t="2010-11-24" v="5867000000"/>
        <price t="2010-11-25" v="5918000000"/>
        <price t="2010-11-26" v="5847000000"/>
        <price t="2010-11-29" v="5629000000"/>
        <price t="2010-11-30" v="5750000000"/>
        <price t="2010-12-01" v="5926000000"/>
        <price t="2010-12-02" v="5995000000"/>
        <price t="2010-12-03" v="5919000000"/>
        <price t="2010-12-06" v="6002000000"/>
        <price t="2010-12-07" v="6115000000"/>
        <price t="2010-12-08" v="6098000000"/>
        <price t="2010-12-09" v="6039000000"/>
        <price t="2010-12-10" v="6050000000"/>
        <price t="2010-12-13" v="6069000000"/>
        <price t="2010-12-14" v="6095000000"/>
        <price t="2010-12-15" v="6151000000"/>
        <price t="2010-12-16" v="6173000000"/>
        <price t="2010-12-17" v="6083000000"/>
        <price t="2010-12-20" v="6105000000"/>
        <price t="2010-12-21" v="6171000000"/>
        <price t="2010-12-22" v="6161000000"/>
        <price t="2010-12-23" v="6142000000"/>
        <price t="2010-12-27" v="6066000000"/>
        <price t="2010-12-28" v="6060000000"/>
        <price t="2010-12-29" v="6135000000"/>
        <price t="2010-12-30" v="5970000000"/>
        <price t="2011-01-03" v="6042000000"/>
        <price t="2011-01-04" v="5880000000"/>
        <price t="2011-01-05" v="5789000000"/>
        <price t="2011-01-06" v="5794000000"/>
        <price t="2011-01-07" v="5710000000"/>
        <price t="2011-01-10" v="5678000000"/>
        <price t="2011-01-11" v="5707000000"/>
        <price t="2011-01-12" v="5857000000"/>
        <price t="2011-01-13" v="5842000000"/>
        <price t="2011-01-14" v="5757000000"/>
        <price t="2011-01-17" v="5715000000"/>
        <price t="2011-01-18" v="5741000000"/>
        <price t="2011-01-19" v="5595000000"/>
        <price t="2011-01-20" v="5565000000"/>
        <price t="2011-01-21" v="5664000000"/>
        <price t="2011-01-24" v="5593000000"/>
        <price t="2011-01-25" v="5612000000"/>
        <price t="2011-01-26" v="5722000000"/>
        <price t="2011-01-27" v="5741000000"/>
        <price t="2011-01-28" v="5629000000"/>
        <price t="2011-01-31" v="5618000000"/>
        <price t="2011-02-01" v="5800000000"/>
        <price t="2011-02-02" v="5804000000"/>
        <price t="2011-02-03" v="5777000000"/>
        <price t="2011-02-04" v="5735000000"/>
        <price t="2011-02-07" v="5845000000"/>
        <price t="2011-02-08" v="5769000000"/>
        <price t="2011-02-09" v="5782000000"/>
        <price t="2011-02-10" v="5853000000"/>
        <price t="2011-02-11" v="5804000000"/>
        <price t="2011-02-14" v="5949000000"/>
        <price t="2011-02-15" v="6056000000"/>
        <price t="2011-02-16" v="6030000000"/>
        <price t="2011-02-17" v="6097000000"/>
        <price t="2011-02-18" v="6154000000"/>
        <price t="2011-02-21" v="5990000000"/>
        <price t="2011-02-22" v="5949000000"/>
        <price t="2011-02-23" v="5875000000"/>
        <price t="2011-02-24" v="5900000000"/>
        <price t="2011-02-25" v="5918000000"/>
        <price t="2011-02-28" v="6026000000"/>
        <price t="2011-03-01" v="5982000000"/>
        <price t="2011-03-02" v="6033000000"/>
        <price t="2011-03-03" v="6096000000"/>
        <price t="2011-03-04" v="6060000000"/>
        <price t="2011-03-07" v="6117000000"/>
        <price t="2011-03-08" v="5996000000"/>
        <price t="2011-03-09" v="5939000000"/>
        <price t="2011-03-10" v="5873000000"/>
        <price t="2011-03-11" v="5839000000"/>
        <price t="2011-03-14" v="5778000000"/>
        <price t="2011-03-15" v="5546000000"/>
        <price t="2011-03-16" v="5396000000"/>
        <price t="2011-03-17" v="5531000000"/>
        <price t="2011-03-18" v="5625000000"/>
        <price t="2011-03-21" v="5693000000"/>
        <price t="2011-03-22" v="5646000000"/>
        <price t="2011-03-23" v="5647000000"/>
        <price t="2011-03-24" v="5837000000"/>
        <price t="2011-03-25" v="5903000000"/>
        <price t="2011-03-28" v="5909000000"/>
        <price t="2011-03-29" v="5927000000"/>
        <price t="2011-03-30" v="6046000000"/>
        <price t="2011-03-31" v="6103000000"/>
        <price t="2011-04-01" v="6189000000"/>
        <price t="2011-04-04" v="6195000000"/>
        <price t="2011-04-05" v="6228000000"/>
        <price t="2011-04-06" v="6343000000"/>
        <price t="2011-04-07" v="6311000000"/>
        <price t="2011-04-08" v="6383000000"/>
        <price t="2011-04-11" v="6441000000"/>
        <price t="2011-04-12" v="6259000000"/>
        <price t="2011-04-13" v="6305000000"/>
        <price t="2011-04-14" v="6297000000"/>
        <price t="2011-04-15" v="6405000000"/>
        <price t="2011-04-18" v="6226000000"/>
        <price t="2011-04-19" v="6233000000"/>
        <price t="2011-04-20" v="6530000000"/>
        <price t="2011-04-21" v="6586000000"/>
        <price t="2011-04-26" v="6660000000"/>
        <price t="2011-04-27" v="6783000000"/>
        <price t="2011-04-28" v="6856000000"/>
        <price t="2011-04-29" v="6940000000"/>
        <price t="2011-05-02" v="6862000000"/>
        <price t="2011-05-03" v="6862000000"/>
        <price t="2011-05-04" v="6659000000"/>
        <price t="2011-05-05" v="6600000000"/>
        <price t="2011-05-06" v="6841000000"/>
        <price t="2011-05-09" v="6564000000"/>
        <price t="2011-05-10" v="6630000000"/>
        <price t="2011-05-11" v="6487000000"/>
        <price t="2011-05-12" v="6414000000"/>
        <price t="2011-05-13" v="6406000000"/>
        <price t="2011-05-16" v="6439000000"/>
        <price t="2011-05-17" v="6240000000"/>
        <price t="2011-05-18" v="6308000000"/>
        <price t="2011-05-19" v="6358000000"/>
        <price t="2011-05-20" v="6266000000"/>
        <price t="2011-05-23" v="6123000000"/>
        <price t="2011-05-24" v="6169000000"/>
        <price t="2011-05-25" v="6117000000"/>
        <price t="2011-05-26" v="6083000000"/>
        <price t="2011-05-27" v="6130000000"/>
        <price t="2011-05-30" v="6192000000"/>
        <price t="2011-05-31" v="6426000000"/>
        <price t="2011-06-01" v="6341000000"/>
        <price t="2011-06-02" v="6146000000"/>
        <price t="2011-06-03" v="6242000000"/>
        <price t="2011-06-06" v="6286000000"/>
        <price t="2011-06-07" v="6260000000"/>
        <price t="2011-06-08" v="6224000000"/>
        <price t="2011-06-09" v="6400000000"/>
        <price t="2011-06-10" v="6315000000"/>
        <price t="2011-06-13" v="6319000000"/>
        <price t="2011-06-14" v="6453000000"/>
        <price t="2011-06-15" v="6310000000"/>
        <price t="2011-06-16" v="6285000000"/>
        <price t="2011-06-17" v="6329000000"/>
        <price t="2011-06-20" v="6280000000"/>
        <price t="2011-06-21" v="6520000000"/>
        <price t="2011-06-22" v="6527000000"/>
        <price t="2011-06-23" v="6444000000"/>
        <price t="2011-06-24" v="6429000000"/>
        <price t="2011-06-27" v="6368000000"/>
        <price t="2011-06-28" v="6472000000"/>
        <price t="2011-06-29" v="6631000000"/>
        <price t="2011-06-30" v="6757000000"/>
        <price t="2011-07-01" v="6784000000"/>
        <price t="2011-07-04" v="6770000000"/>
        <price t="2011-07-05" v="6780000000"/>
        <price t="2011-07-06" v="6845000000"/>
        <price t="2011-07-07" v="6875000000"/>
        <price t="2011-07-08" v="6837000000"/>
        <price t="2011-07-11" v="6695000000"/>
        <price t="2011-07-12" v="6700000000"/>
        <price t="2011-07-13" v="6823000000"/>
        <price t="2011-07-14" v="6850000000"/>
        <price t="2011-07-15" v="6791000000"/>
        <price t="2011-07-18" v="6743000000"/>
        <price t="2011-07-19" v="6700000000"/>
        <price t="2011-07-20" v="6620000000"/>
        <price t="2011-07-21" v="6676000000"/>
        <price t="2011-07-22" v="6657000000"/>
        <price t="2011-07-25" v="6734000000"/>
        <price t="2011-07-26" v="6675000000"/>
        <price t="2011-07-27" v="6586000000"/>
        <price t="2011-07-28" v="6309000000"/>
        <price t="2011-07-29" v="6322000000"/>
        <price t="2011-08-01" v="6121000000"/>
        <price t="2011-08-02" v="6015000000"/>
        <price t="2011-08-03" v="5851000000"/>
        <price t="2011-08-04" v="5663000000"/>
        <price t="2011-08-05" v="5399000000"/>
        <price t="2011-08-08" v="5099000000"/>
        <price t="2011-08-09" v="5211000000"/>
        <price t="2011-08-10" v="4953000000"/>
        <price t="2011-08-11" v="5223000000"/>
        <price t="2011-08-12" v="5415000000"/>
        <price t="2011-08-15" v="5432000000"/>
        <price t="2011-08-16" v="5398000000"/>
        <price t="2011-08-17" v="5350000000"/>
        <price t="2011-08-18" v="5052000000"/>
        <price t="2011-08-19" v="4866000000"/>
        <price t="2011-08-22" v="4784000000"/>
        <price t="2011-08-23" v="4828000000"/>
        <price t="2011-08-24" v="4989500000"/>
        <price t="2011-08-25" v="4825000000"/>
        <price t="2011-08-26" v="4762500000"/>
        <price t="2011-08-29" v="4836000000"/>
        <price t="2011-08-30" v="4802500000"/>
        <price t="2011-08-31" v="4967000000"/>
        <price t="2011-09-01" v="4882500000"/>
        <price t="2011-09-02" v="4706500000"/>
        <price t="2011-09-05" v="4445500000"/>
        <price t="2011-09-06" v="4440000000"/>
        <price t="2011-09-07" v="4625000000"/>
        <price t="2011-09-08" v="4661500000"/>
        <price t="2011-09-09" v="4420000000"/>
        <price t="2011-09-12" v="4366000000"/>
        <price t="2011-09-13" v="4467500000"/>
        <price t="2011-09-14" v="4638000000"/>
        <price t="2011-09-15" v="4781000000"/>
        <price t="2011-09-16" v="4743000000"/>
        <price t="2011-09-19" v="4647500000"/>
        <price t="2011-09-20" v="4783000000"/>
        <price t="2011-09-21" v="4642000000"/>
        <price t="2011-09-22" v="4435000000"/>
        <price t="2011-09-23" v="4427000000"/>
        <price t="2011-09-26" v="4540000000"/>
        <price t="2011-09-27" v="4701000000"/>
        <price t="2011-09-28" v="4651500000"/>
        <price t="2011-09-29" v="4724000000"/>
        <price t="2011-09-30" v="4608500000"/>
        <price t="2011-10-03" v="4505000000"/>
        <price t="2011-10-04" v="4400000000"/>
        <price t="2011-10-05" v="4681500000"/>
        <price t="2011-10-06" v="4900500000"/>
        <price t="2011-10-07" v="4949000000"/>
        <price t="2011-10-10" v="5106000000"/>
        <price t="2011-10-11" v="5030000000"/>
        <price t="2011-10-12" v="5104000000"/>
        <price t="2011-10-13" v="5055000000"/>
        <price t="2011-10-14" v="5133000000"/>
        <price t="2011-10-17" v="5050000000"/>
        <price t="2011-10-18" v="5087000000"/>
        <price t="2011-10-19" v="5010000000"/>
        <price t="2011-10-20" v="4910500000"/>
        <price t="2011-10-21" v="5079000000"/>
        <price t="2011-10-24" v="5163000000"/>
        <price t="2011-10-25" v="5185000000"/>
        <price t="2011-10-26" v="5060000000"/>
        <price t="2011-10-27" v="5437000000"/>
        <price t="2011-10-28" v="5499000000"/>
        <price t="2011-10-31" v="5319000000"/>
        <price t="2011-11-01" v="5085000000"/>
        <price t="2011-11-02" v="5150000000"/>
        <price t="2011-11-03" v="5333000000"/>
        <price t="2011-11-04" v="5132000000"/>
        <price t="2011-11-07" v="5041000000"/>
        <price t="2011-11-08" v="5079000000"/>
        <price t="2011-11-09" v="4997000000"/>
        <price t="2011-11-10" v="5020000000"/>
        <price t="2011-11-11" v="5160000000"/>
        <price t="2011-11-14" v="5119000000"/>
        <price t="2011-11-15" v="5089000000"/>
        <price t="2011-11-16" v="5058000000"/>
        <price t="2011-11-17" v="5026000000"/>
        <price t="2011-11-18" v="4972500000"/>
        <price t="2011-11-21" v="4814500000"/>
        <price t="2011-11-22" v="4736500000"/>
        <price t="2011-11-23" v="4708000000"/>
        <price t="2011-11-24" v="4644000000"/>
        <price t="2011-11-25" v="4724000000"/>
        <price t="2011-11-28" v="4953000000"/>
        <price t="2011-11-29" v="5056000000"/>
        <price t="2011-11-30" v="5404000000"/>
        <price t="2011-12-01" v="5306000000"/>
        <price t="2011-12-02" v="5398000000"/>
        <price t="2011-12-05" v="5456000000"/>
        <price t="2011-12-06" v="5411000000"/>
        <price t="2011-12-07" v="5388000000"/>
        <price t="2011-12-08" v="5314000000"/>
        <price t="2011-12-09" v="5390000000"/>
        <price t="2011-12-12" v="5161000000"/>
        <price t="2011-12-13" v="5110000000"/>
        <price t="2011-12-14" v="5058000000"/>
        <price t="2011-12-15" v="5113000000"/>
        <price t="2011-12-16" v="5171000000"/>
        <price t="2011-12-19" v="5115000000"/>
        <price t="2011-12-20" v="5290000000"/>
        <price t="2011-12-21" v="5240000000"/>
        <price t="2011-12-22" v="5263000000"/>
        <price t="2011-12-23" v="5283000000"/>
        <price t="2011-12-27" v="5317000000"/>
        <price t="2011-12-28" v="5239000000"/>
        <price t="2011-12-29" v="5317000000"/>
        <price t="2011-12-30" v="5389000000"/>
        <price t="2012-01-02" v="5514000000"/>
        <price t="2012-01-03" v="5635000000"/>
        <price t="2012-01-04" v="5616000000"/>
        <price t="2012-01-05" v="5675000000"/>
        <price t="2012-01-06" v="5592000000"/>
        <price t="2012-01-09" v="5567000000"/>
        <price t="2012-01-10" v="5749000000"/>
        <price t="2012-01-11" v="5750000000"/>
        <price t="2012-01-12" v="5820000000"/>
        <price t="2012-01-13" v="5762000000"/>
        <price t="2012-01-16" v="5792000000"/>
        <price t="2012-01-17" v="5879000000"/>
        <price t="2012-01-18" v="5903000000"/>
        <price t="2012-01-19" v="5901000000"/>
        <price t="2012-01-20" v="5839000000"/>
        <price t="2012-01-23" v="5895000000"/>
        <price t="2012-01-24" v="5872000000"/>
        <price t="2012-01-25" v="5925000000"/>
        <price t="2012-01-26" v="6000000000"/>
        <price t="2012-01-27" v="6048000000"/>
        <price t="2012-01-30" v="5981000000"/>
        <price t="2012-01-31" v="5878000000"/>
        <price t="2012-02-01" v="5989000000"/>
        <price t="2012-02-02" v="6048000000"/>
        <price t="2012-02-03" v="6132000000"/>
        <price t="2012-02-06" v="6135000000"/>
        <price t="2012-02-07" v="6087000000"/>
        <price t="2012-02-08" v="6056000000"/>
        <price t="2012-02-09" v="6142000000"/>
        <price t="2012-02-10" v="6038000000"/>
        <price t="2012-02-13" v="6073000000"/>
        <price t="2012-02-14" v="6123000000"/>
        <price t="2012-02-15" v="6198000000"/>
        <price t="2012-02-16" v="6200000000"/>
        <price t="2012-02-17" v="6298000000"/>
        <price t="2012-02-20" v="6466000000"/>
        <price t="2012-02-21" v="6500000000"/>
        <price t="2012-02-22" v="6415000000"/>
        <price t="2012-02-23" v="6458000000"/>
        <price t="2012-02-24" v="6470000000"/>
        <price t="2012-02-27" v="6581000000"/>
        <price t="2012-02-28" v="6652000000"/>
        <price t="2012-02-29" v="6590000000"/>
        <price t="2012-03-01" v="6724000000"/>
        <price t="2012-03-02" v="6664000000"/>
        <price t="2012-03-05" v="6565000000"/>
        <price t="2012-03-06" v="6242000000"/>
        <price t="2012-03-07" v="6301000000"/>
        <price t="2012-03-08" v="6488000000"/>
        <price t="2012-03-09" v="6522000000"/>
        <price t="2012-03-12" v="6552000000"/>
        <price t="2012-03-13" v="6662000000"/>
        <price t="2012-03-14" v="6669000000"/>
        <price t="2012-03-15" v="6744000000"/>
        <price t="2012-03-16" v="6798000000"/>
        <price t="2012-03-19" v="6742000000"/>
        <price t="2012-03-20" v="6723000000"/>
        <price t="2012-03-21" v="6725000000"/>
        <price t="2012-03-22" v="6592000000"/>
        <price t="2012-03-23" v="6585000000"/>
        <price t="2012-03-26" v="6707000000"/>
        <price t="2012-03-27" v="6720000000"/>
        <price t="2012-03-28" v="6598000000"/>
        <price t="2012-03-29" v="6496000000"/>
        <price t="2012-03-30" v="6559000000"/>
        <price t="2012-04-02" v="6661000000"/>
        <price t="2012-04-03" v="6569000000"/>
        <price t="2012-04-04" v="6355000000"/>
        <price t="2012-04-05" v="6348000000"/>
        <price t="2012-04-10" v="6201000000"/>
        <price t="2012-04-11" v="6269000000"/>
        <price t="2012-04-12" v="6355000000"/>
        <price t="2012-04-13" v="6163000000"/>
        <price t="2012-04-16" v="6286000000"/>
        <price t="2012-04-17" v="6557000000"/>
        <price t="2012-04-18" v="6472000000"/>
        <price t="2012-04-19" v="6501000000"/>
        <price t="2012-04-20" v="6620000000"/>
        <price t="2012-04-23" v="6367000000"/>
        <price t="2012-04-24" v="6393000000"/>
        <price t="2012-04-25" v="6519000000"/>
        <price t="2012-04-26" v="6500000000"/>
        <price t="2012-04-27" v="6525000000"/>
        <price t="2012-04-30" v="6219000000"/>
        <price t="2012-05-02" v="6131000000"/>
        <price t="2012-05-03" v="6092000000"/>
        <price t="2012-05-04" v="5949000000"/>
        <price t="2012-05-07" v="5898000000"/>
        <price t="2012-05-08" v="5746000000"/>
        <price t="2012-05-09" v="5757000000"/>
        <price t="2012-05-10" v="5821000000"/>
        <price t="2012-05-11" v="5876000000"/>
        <price t="2012-05-14" v="5769000000"/>
        <price t="2012-05-15" v="5729000000"/>
        <price t="2012-05-16" v="5734000000"/>
        <price t="2012-05-17" v="5682000000"/>
        <price t="2012-05-18" v="5694000000"/>
        <price t="2012-05-21" v="5747000000"/>
        <price t="2012-05-22" v="5832000000"/>
        <price t="2012-05-23" v="5678000000"/>
        <price t="2012-05-24" v="5708000000"/>
        <price t="2012-05-25" v="5705000000"/>
        <price t="2012-05-28" v="5701000000"/>
        <price t="2012-05-29" v="5795000000"/>
        <price t="2012-05-30" v="5679000000"/>
        <price t="2012-05-31" v="5638000000"/>
        <price t="2012-06-01" v="5406000000"/>
        <price t="2012-06-04" v="5348000000"/>
        <price t="2012-06-05" v="5345000000"/>
        <price t="2012-06-06" v="5466000000"/>
        <price t="2012-06-07" v="5575000000"/>
        <price t="2012-06-08" v="5547000000"/>
        <price t="2012-06-11" v="5583000000"/>
        <price t="2012-06-12" v="5583000000"/>
        <price t="2012-06-13" v="5579000000"/>
        <price t="2012-06-14" v="5510000000"/>
        <price t="2012-06-15" v="5591000000"/>
        <price t="2012-06-18" v="5610000000"/>
        <price t="2012-06-19" v="5719000000"/>
        <price t="2012-06-20" v="5687000000"/>
        <price t="2012-06-21" v="5635000000"/>
        <price t="2012-06-22" v="5409000000"/>
        <price t="2012-06-25" v="5274000000"/>
        <price t="2012-06-26" v="5305000000"/>
        <price t="2012-06-27" v="5309000000"/>
        <price t="2012-06-28" v="5189000000"/>
        <price t="2012-06-29" v="5470000000"/>
        <price t="2012-07-02" v="5525000000"/>
        <price t="2012-07-03" v="5650000000"/>
        <price t="2012-07-04" v="5710000000"/>
        <price t="2012-07-05" v="5689000000"/>
        <price t="2012-07-06" v="5610000000"/>
        <price t="2012-07-09" v="5546000000"/>
        <price t="2012-07-10" v="5538000000"/>
        <price t="2012-07-11" v="5497000000"/>
        <price t="2012-07-12" v="5466000000"/>
        <price t="2012-07-13" v="5596000000"/>
        <price t="2012-07-16" v="5625000000"/>
        <price t="2012-07-17" v="5691000000"/>
        <price t="2012-07-18" v="5746000000"/>
        <price t="2012-07-19" v="5861000000"/>
        <price t="2012-07-20" v="5801000000"/>
        <price t="2012-07-23" v="5624000000"/>
        <price t="2012-07-24" v="5599000000"/>
        <price t="2012-07-25" v="5616000000"/>
        <price t="2012-07-26" v="5776000000"/>
        <price t="2012-07-27" v="5894000000"/>
        <price t="2012-07-30" v="6024000000"/>
        <price t="2012-07-31" v="5948000000"/>
        <price t="2012-08-01" v="5908000000"/>
        <price t="2012-08-02" v="5775000000"/>
        <price t="2012-08-03" v="5971000000"/>
        <price t="2012-08-06" v="6038000000"/>
        <price t="2012-08-07" v="6121000000"/>
        <price t="2012-08-08" v="6094000000"/>
        <price t="2012-08-09" v="6099000000"/>
        <price t="2012-08-10" v="6093000000"/>
        <price t="2012-08-13" v="6051000000"/>
        <price t="2012-08-14" v="6126000000"/>
        <price t="2012-08-15" v="6121000000"/>
        <price t="2012-08-16" v="6152000000"/>
        <price t="2012-08-17" v="6205000000"/>
        <price t="2012-08-20" v="6230000000"/>
        <price t="2012-08-21" v="6304000000"/>
        <price t="2012-08-22" v="6232000000"/>
        <price t="2012-08-23" v="6168000000"/>
        <price t="2012-08-24" v="6213000000"/>
        <price t="2012-08-27" v="6282000000"/>
        <price t="2012-08-28" v="6245000000"/>
        <price t="2012-08-29" v="6252000000"/>
        <price t="2012-08-30" v="6122000000"/>
        <price t="2012-08-31" v="6181000000"/>
        <price t="2012-09-03" v="6244000000"/>
        <price t="2012-09-04" v="6151000000"/>
        <price t="2012-09-05" v="6143000000"/>
        <price t="2012-09-06" v="6377000000"/>
        <price t="2012-09-07" v="6420000000"/>
        <price t="2012-09-10" v="6413000000"/>
        <price t="2012-09-11" v="6572000000"/>
        <price t="2012-09-12" v="6566000000"/>
        <price t="2012-09-13" v="6500000000"/>
        <price t="2012-09-14" v="6663000000"/>
        <price t="2012-09-17" v="6665000000"/>
        <price t="2012-09-18" v="6678000000"/>
        <price t="2012-09-19" v="6695000000"/>
        <price t="2012-09-20" v="6744000000"/>
        <price t="2012-09-21" v="6790000000"/>
        <price t="2012-09-24" v="6748000000"/>
        <price t="2012-09-25" v="6790000000"/>
        <price t="2012-09-26" v="6672000000"/>
        <price t="2012-09-27" v="6655000000"/>
        <price t="2012-09-28" v="6565000000"/>
        <price t="2012-10-01" v="6746000000"/>
        <price t="2012-10-02" v="6661000000"/>
        <price t="2012-10-03" v="6684000000"/>
        <price t="2012-10-04" v="6560000000"/>
        <price t="2012-10-05" v="6674000000"/>
        <price t="2012-10-08" v="6547000000"/>
        <price t="2012-10-09" v="6438000000"/>
        <price t="2012-10-10" v="6408000000"/>
        <price t="2012-10-11" v="6495000000"/>
        <price t="2012-10-12" v="6438000000"/>
        <price t="2012-10-15" v="6490000000"/>
        <price t="2012-10-16" v="6558000000"/>
        <price t="2012-10-17" v="6550000000"/>
        <price t="2012-10-18" v="6617000000"/>
        <price t="2012-10-19" v="6587000000"/>
        <price t="2012-10-22" v="6515000000"/>
        <price t="2012-10-23" v="6250000000"/>
        <price t="2012-10-24" v="6266000000"/>
        <price t="2012-10-25" v="6318000000"/>
        <price t="2012-10-26" v="6368000000"/>
        <price t="2012-10-29" v="6357000000"/>
        <price t="2012-10-30" v="6410000000"/>
        <price t="2012-10-31" v="6393000000"/>
        <price t="2012-11-01" v="6470000000"/>
        <price t="2012-11-02" v="6509000000"/>
        <price t="2012-11-05" v="6436000000"/>
        <price t="2012-11-06" v="6487000000"/>
        <price t="2012-11-07" v="6347000000"/>
        <price t="2012-11-08" v="6342000000"/>
        <price t="2012-11-09" v="6317000000"/>
        <price t="2012-11-12" v="6306000000"/>
        <price t="2012-11-13" v="6409000000"/>
        <price t="2012-11-14" v="6363000000"/>
        <price t="2012-11-15" v="6320000000"/>
        <price t="2012-11-16" v="6250000000"/>
        <price t="2012-11-19" v="6435000000"/>
        <price t="2012-11-20" v="6580000000"/>
        <price t="2012-11-21" v="6578000000"/>
        <price t="2012-11-22" v="6658000000"/>
        <price t="2012-11-23" v="6754000000"/>
        <price t="2012-11-26" v="6739000000"/>
        <price t="2012-11-27" v="6790000000"/>
        <price t="2012-11-28" v="6811000000"/>
        <price t="2012-11-29" v="6876000000"/>
        <price t="2012-11-30" v="6890000000"/>
        <price t="2012-12-03" v="6947000000"/>
        <price t="2012-12-04" v="6895000000"/>
        <price t="2012-12-05" v="6930000000"/>
        <price t="2012-12-06" v="7033000000"/>
        <price t="2012-12-07" v="7001000000"/>
        <price t="2012-12-10" v="7061000000"/>
        <price t="2012-12-11" v="7130000000"/>
        <price t="2012-12-12" v="7155000000"/>
        <price t="2012-12-13" v="7181000000"/>
        <price t="2012-12-14" v="7204000000"/>
        <price t="2012-12-17" v="7214000000"/>
        <price t="2012-12-18" v="7277000000"/>
        <price t="2012-12-19" v="7309000000"/>
        <price t="2012-12-20" v="7230000000"/>
        <price t="2012-12-21" v="7117000000"/>
        <price t="2012-12-27" v="7180000000"/>
        <price t="2012-12-28" v="7115000000"/>
        <price t="2013-01-02" v="7318000000"/>
        <price t="2013-01-03" v="7235000000"/>
        <price t="2013-01-04" v="7247000000"/>
        <price t="2013-01-07" v="7164000000"/>
        <price t="2013-01-08" v="7114000000"/>
        <price t="2013-01-09" v="7141000000"/>
        <price t="2013-01-10" v="7092000000"/>
        <price t="2013-01-11" v="7100000000"/>
        <price t="2013-01-14" v="7176000000"/>
        <price t="2013-01-15" v="7186000000"/>
        <price t="2013-01-16" v="7235000000"/>
        <price t="2013-01-17" v="7320000000"/>
        <price t="2013-01-18" v="7317000000"/>
        <price t="2013-01-21" v="7381000000"/>
        <price t="2013-01-22" v="7311000000"/>
        <price t="2013-01-23" v="7286000000"/>
        <price t="2013-01-24" v="7379000000"/>
        <price t="2013-01-25" v="7560000000"/>
        <price t="2013-01-28" v="7558000000"/>
        <price t="2013-01-29" v="7581000000"/>
        <price t="2013-01-30" v="7510000000"/>
        <price t="2013-01-31" v="7466000000"/>
        <price t="2013-02-01" v="7585000000"/>
        <price t="2013-02-04" v="7314000000"/>
        <price t="2013-02-05" v="7346000000"/>
        <price t="2013-02-06" v="7209000000"/>
        <price t="2013-02-07" v="7194000000"/>
        <price t="2013-02-08" v="7208000000"/>
        <price t="2013-02-11" v="7185000000"/>
        <price t="2013-02-12" v="7151000000"/>
        <price t="2013-02-13" v="7253000000"/>
        <price t="2013-02-14" v="7132000000"/>
        <price t="2013-02-15" v="7075000000"/>
        <price t="2013-02-18" v="7145000000"/>
        <price t="2013-02-19" v="7379000000"/>
        <price t="2013-02-20" v="7412000000"/>
        <price t="2013-02-21" v="7280000000"/>
        <price t="2013-02-22" v="7432000000"/>
        <price t="2013-02-25" v="7501000000"/>
        <price t="2013-02-26" v="7166000000"/>
        <price t="2013-02-27" v="7209000000"/>
        <price t="2013-02-28" v="7218000000"/>
        <price t="2013-03-01" v="7183000000"/>
        <price t="2013-03-04" v="7157000000"/>
        <price t="2013-03-05" v="7305000000"/>
        <price t="2013-03-06" v="7348000000"/>
        <price t="2013-03-07" v="7340000000"/>
        <price t="2013-03-08" v="7328000000"/>
        <price t="2013-03-11" v="7348000000"/>
        <price t="2013-03-12" v="7336000000"/>
        <price t="2013-03-13" v="7402000000"/>
        <price t="2013-03-14" v="7532000000"/>
        <price t="2013-03-15" v="7509000000"/>
        <price t="2013-03-18" v="7432000000"/>
        <price t="2013-03-19" v="7335000000"/>
        <price t="2013-03-20" v="7354000000"/>
        <price t="2013-03-21" v="7130000000"/>
        <price t="2013-03-22" v="7080000000"/>
        <price t="2013-03-25" v="6957000000"/>
        <price t="2013-03-26" v="6962000000"/>
        <price t="2013-03-27" v="6798000000"/>
        <price t="2013-03-28" v="6832000000"/>
        <price t="2013-04-02" v="6952000000"/>
        <price t="2013-04-03" v="6930000000"/>
        <price t="2013-04-04" v="6900000000"/>
        <price t="2013-04-05" v="6687000000"/>
        <price t="2013-04-08" v="6670000000"/>
        <price t="2013-04-09" v="6691000000"/>
        <price t="2013-04-10" v="6850000000"/>
        <price t="2013-04-11" v="6931000000"/>
        <price t="2013-04-12" v="6840000000"/>
        <price t="2013-04-15" v="6863000000"/>
        <price t="2013-04-16" v="6812000000"/>
        <price t="2013-04-17" v="6555000000"/>
        <price t="2013-04-18" v="6563000000"/>
        <price t="2013-04-19" v="6563000000"/>
        <price t="2013-04-22" v="6604000000"/>
        <price t="2013-04-23" v="6766000000"/>
        <price t="2013-04-24" v="6835000000"/>
        <price t="2013-04-25" v="7000000000"/>
        <price t="2013-04-26" v="7259000000"/>
        <price t="2013-04-29" v="7073000000"/>
        <price t="2013-04-30" v="7092000000"/>
        <price t="2013-05-02" v="7180000000"/>
        <price t="2013-05-03" v="7334000000"/>
        <price t="2013-05-06" v="7300000000"/>
        <price t="2013-05-07" v="7376000000"/>
        <price t="2013-05-08" v="7363000000"/>
        <price t="2013-05-09" v="7406000000"/>
        <price t="2013-05-10" v="7381000000"/>
        <price t="2013-05-13" v="7399000000"/>
        <price t="2013-05-14" v="7430000000"/>
        <price t="2013-05-15" v="7358000000"/>
        <price t="2013-05-16" v="7398000000"/>
        <price t="2013-05-17" v="7442000000"/>
        <price t="2013-05-20" v="7394000000"/>
        <price t="2013-05-21" v="7535000000"/>
        <price t="2013-05-22" v="7541000000"/>
        <price t="2013-05-23" v="7426000000"/>
        <price t="2013-05-24" v="7345000000"/>
        <price t="2013-05-27" v="7422000000"/>
        <price t="2013-05-28" v="7530000000"/>
        <price t="2013-05-29" v="7470000000"/>
        <price t="2013-05-30" v="7499000000"/>
        <price t="2013-05-31" v="7523000000"/>
        <price t="2013-06-03" v="7579000000"/>
        <price t="2013-06-04" v="7510000000"/>
        <price t="2013-06-05" v="7312000000"/>
        <price t="2013-06-06" v="7158000000"/>
        <price t="2013-06-07" v="7283000000"/>
        <price t="2013-06-10" v="7390000000"/>
        <price t="2013-06-11" v="7336000000"/>
        <price t="2013-06-12" v="7287000000"/>
        <price t="2013-06-13" v="7234000000"/>
        <price t="2013-06-14" v="7281000000"/>
        <price t="2013-06-17" v="7372000000"/>
        <price t="2013-06-18" v="7436000000"/>
        <price t="2013-06-19" v="7390000000"/>
        <price t="2013-06-20" v="7093000000"/>
        <price t="2013-06-21" v="6950000000"/>
        <price t="2013-06-24" v="6842000000"/>
        <price t="2013-06-25" v="6932000000"/>
        <price t="2013-06-26" v="6972000000"/>
        <price t="2013-06-27" v="6833000000"/>
        <price t="2013-06-28" v="6863000000"/>
        <price t="2013-07-01" v="6859000000"/>
        <price t="2013-07-02" v="6825000000"/>
        <price t="2013-07-03" v="6777000000"/>
        <price t="2013-07-04" v="6904000000"/>
        <price t="2013-07-05" v="6696000000"/>
        <price t="2013-07-08" v="6910000000"/>
        <price t="2013-07-09" v="6972000000"/>
        <price t="2013-07-10" v="6995000000"/>
        <price t="2013-07-11" v="7120000000"/>
        <price t="2013-07-12" v="7046000000"/>
        <price t="2013-07-15" v="7080000000"/>
        <price t="2013-07-16" v="7009000000"/>
        <price t="2013-07-17" v="7083000000"/>
        <price t="2013-07-18" v="7068000000"/>
        <price t="2013-07-19" v="7000000000"/>
        <price t="2013-07-22" v="7017000000"/>
        <price t="2013-07-23" v="6980000000"/>
        <price t="2013-07-24" v="6986000000"/>
        <price t="2013-07-25" v="6674000000"/>
        <price t="2013-07-26" v="6587000000"/>
        <price t="2013-07-29" v="6652000000"/>
        <price t="2013-07-30" v="6744000000"/>
        <price t="2013-07-31" v="6666000000"/>
        <price t="2013-08-01" v="6759000000"/>
        <price t="2013-08-02" v="6788000000"/>
        <price t="2013-08-05" v="6666000000"/>
        <price t="2013-08-06" v="6581000000"/>
        <price t="2013-08-07" v="6502000000"/>
        <price t="2013-08-08" v="6520000000"/>
        <price t="2013-08-09" v="6479000000"/>
        <price t="2013-08-12" v="6611000000"/>
        <price t="2013-08-13" v="6793000000"/>
        <price t="2013-08-14" v="6790000000"/>
        <price t="2013-08-15" v="6779000000"/>
        <price t="2013-08-16" v="6801000000"/>
        <price t="2013-08-19" v="6798000000"/>
        <price t="2013-08-20" v="6762000000"/>
        <price t="2013-08-21" v="6704000000"/>
        <price t="2013-08-22" v="6831000000"/>
        <price t="2013-08-23" v="6903000000"/>
        <price t="2013-08-26" v="6924000000"/>
        <price t="2013-08-27" v="6810000000"/>
        <price t="2013-08-28" v="6684000000"/>
        <price t="2013-08-29" v="6675000000"/>
        <price t="2013-08-30" v="6613000000"/>
        <price t="2013-09-02" v="6760000000"/>
        <price t="2013-09-03" v="6723000000"/>
        <price t="2013-09-04" v="6787000000"/>
        <price t="2013-09-05" v="6711000000"/>
        <price t="2013-09-06" v="6685000000"/>
        <price t="2013-09-09" v="6726000000"/>
        <price t="2013-09-10" v="6939000000"/>
        <price t="2013-09-11" v="6962000000"/>
        <price t="2013-09-12" v="6982000000"/>
        <price t="2013-09-13" v="6979000000"/>
        <price t="2013-09-16" v="7234000000"/>
        <price t="2013-09-17" v="7208000000"/>
        <price t="2013-09-18" v="7216000000"/>
        <price t="2013-09-19" v="7225000000"/>
        <price t="2013-09-20" v="7199000000"/>
        <price t="2013-09-23" v="7230000000"/>
        <price t="2013-09-24" v="7235000000"/>
        <price t="2013-09-25" v="7219000000"/>
        <price t="2013-09-26" v="7209000000"/>
        <price t="2013-09-27" v="7153000000"/>
        <price t="2013-09-30" v="7090000000"/>
        <price t="2013-10-01" v="7163000000"/>
        <price t="2013-10-02" v="7154000000"/>
        <price t="2013-10-03" v="7095000000"/>
        <price t="2013-10-04" v="7076000000"/>
        <price t="2013-10-07" v="7037000000"/>
        <price t="2013-10-08" v="7005000000"/>
        <price t="2013-10-09" v="6990000000"/>
        <price t="2013-10-10" v="7157000000"/>
        <price t="2013-10-11" v="7169000000"/>
        <price t="2013-10-14" v="7145000000"/>
        <price t="2013-10-15" v="7217000000"/>
        <price t="2013-10-16" v="7311000000"/>
        <price t="2013-10-17" v="7295000000"/>
        <price t="2013-10-18" v="7351000000"/>
        <price t="2013-10-21" v="7348000000"/>
        <price t="2013-10-22" v="7397000000"/>
        <price t="2013-10-23" v="7405000000"/>
        <price t="2013-10-24" v="7419000000"/>
        <price t="2013-10-25" v="7517000000"/>
        <price t="2013-10-28" v="7569000000"/>
        <price t="2013-10-29" v="7604000000"/>
        <price t="2013-10-30" v="7583000000"/>
        <price t="2013-10-31" v="7663000000"/>
        <price t="2013-11-01" v="7658000000"/>
        <price t="2013-11-04" v="7610000000"/>
        <price t="2013-11-05" v="7583000000"/>
        <price t="2013-11-06" v="7585000000"/>
        <price t="2013-11-07" v="7617000000"/>
        <price t="2013-11-08" v="7568000000"/>
        <price t="2013-11-11" v="7587000000"/>
        <price t="2013-11-12" v="7609000000"/>
        <price t="2013-11-13" v="7626000000"/>
        <price t="2013-11-14" v="7782000000"/>
        <price t="2013-11-15" v="7800000000"/>
        <price t="2013-11-18" v="7796000000"/>
        <price t="2013-11-19" v="7753000000"/>
        <price t="2013-11-20" v="7720000000"/>
        <price t="2013-11-21" v="7675000000"/>
        <price t="2013-11-22" v="7664000000"/>
        <price t="2013-11-25" v="7769000000"/>
        <price t="2013-11-26" v="7751000000"/>
        <price t="2013-11-27" v="7800000000"/>
        <price t="2013-11-28" v="7818000000"/>
        <price t="2013-11-29" v="7860000000"/>
        <price t="2013-12-02" v="7897000000"/>
        <price t="2013-12-03" v="7726000000"/>
        <price t="2013-12-04" v="7572000000"/>
        <price t="2013-12-05" v="7496000000"/>
        <price t="2013-12-06" v="7564000000"/>
        <price t="2013-12-09" v="7562000000"/>
        <price t="2013-12-10" v="7509000000"/>
        <price t="2013-12-11" v="7436000000"/>
        <price t="2013-12-12" v="7394000000"/>
        <price t="2013-12-13" v="7365000000"/>
        <price t="2013-12-16" v="7517000000"/>
        <price t="2013-12-17" v="7425000000"/>
        <price t="2013-12-18" v="7451000000"/>
        <price t="2013-12-19" v="7525000000"/>
        <price t="2013-12-20" v="7601000000"/>
        <price t="2013-12-23" v="7690000000"/>
        <price t="2013-12-27" v="7795000000"/>
        <price t="2013-12-30" v="7749000000"/>
        <price t="2014-01-02" v="7638000000"/>
        <price t="2014-01-03" v="7657000000"/>
        <price t="2014-01-06" v="7642000000"/>
        <price t="2014-01-07" v="7852000000"/>
        <price t="2014-01-08" v="7800000000"/>
        <price t="2014-01-09" v="7672000000"/>
        <price t="2014-01-10" v="7740000000"/>
        <price t="2014-01-13" v="7749000000"/>
        <price t="2014-01-14" v="7757000000"/>
        <price t="2014-01-15" v="7818000000"/>
        <price t="2014-01-16" v="7899000000"/>
        <price t="2014-01-17" v="7949000000"/>
        <price t="2014-01-20" v="7986000000"/>
        <price t="2014-01-21" v="8061000000"/>
        <price t="2014-01-22" v="8022000000"/>
        <price t="2014-01-23" v="7974000000"/>
        <price t="2014-01-24" v="7781000000"/>
        <price t="2014-01-27" v="7761000000"/>
        <price t="2014-01-28" v="7913000000"/>
        <price t="2014-01-29" v="7900000000"/>
        <price t="2014-01-30" v="7973000000"/>
        <price t="2014-01-31" v="7953000000"/>
        <price t="2014-02-03" v="7799000000"/>
        <price t="2014-02-04" v="7659000000"/>
        <price t="2014-02-05" v="7665000000"/>
        <price t="2014-02-06" v="7817000000"/>
        <price t="2014-02-07" v="7882000000"/>
        <price t="2014-02-10" v="7832000000"/>
        <price t="2014-02-11" v="8004000000"/>
        <price t="2014-02-12" v="8057000000"/>
        <price t="2014-02-13" v="8126000000"/>
        <price t="2014-02-14" v="8251000000"/>
        <price t="2014-02-17" v="8220000000"/>
        <price t="2014-02-18" v="8263000000"/>
        <price t="2014-02-19" v="8275000000"/>
        <price t="2014-02-20" v="8224000000"/>
        <price t="2014-02-21" v="8217000000"/>
        <price t="2014-02-24" v="8326000000"/>
        <price t="2014-02-25" v="8308000000"/>
        <price t="2014-02-26" v="8381000000"/>
        <price t="2014-02-27" v="8200000000"/>
        <price t="2014-02-28" v="8342000000"/>
        <price t="2014-03-03" v="7997000000"/>
        <price t="2014-03-04" v="8219000000"/>
        <price t="2014-03-05" v="8117000000"/>
        <price t="2014-03-06" v="8115000000"/>
        <price t="2014-03-07" v="7969000000"/>
        <price t="2014-03-10" v="7934000000"/>
        <price t="2014-03-11" v="7973000000"/>
        <price t="2014-03-12" v="7820000000"/>
        <price t="2014-03-13" v="7586000000"/>
        <price t="2014-03-14" v="7692000000"/>
        <price t="2014-03-17" v="7782000000"/>
        <price t="2014-03-18" v="7783000000"/>
        <price t="2014-03-19" v="7819000000"/>
        <price t="2014-03-20" v="7749000000"/>
        <price t="2014-03-21" v="7800000000"/>
        <price t="2014-03-24" v="7650000000"/>
        <price t="2014-03-25" v="7785000000"/>
        <price t="2014-03-26" v="7879000000"/>
        <price t="2014-03-27" v="7920000000"/>
        <price t="2014-03-28" v="8041000000"/>
        <price t="2014-03-31" v="8068000000"/>
        <price t="2014-04-01" v="8072000000"/>
        <price t="2014-04-02" v="8037000000"/>
        <price t="2014-04-03" v="8003000000"/>
        <price t="2014-04-04" v="8077000000"/>
        <price t="2014-04-07" v="7889000000"/>
        <price t="2014-04-08" v="7925000000"/>
        <price t="2014-04-09" v="7884000000"/>
        <price t="2014-04-10" v="7931000000"/>
        <price t="2014-04-11" v="7762000000"/>
        <price t="2014-04-14" v="7821000000"/>
        <price t="2014-04-15" v="7698000000"/>
        <price t="2014-04-16" v="7807000000"/>
        <price t="2014-04-17" v="7936000000"/>
        <price t="2014-04-22" v="8161000000"/>
        <price t="2014-04-23" v="8147000000"/>
        <price t="2014-04-24" v="8207000000"/>
        <price t="2014-04-25" v="8120000000"/>
        <price t="2014-04-28" v="8144000000"/>
        <price t="2014-04-29" v="8281000000"/>
        <price t="2014-04-30" v="8343000000"/>
        <price t="2014-05-02" v="8401000000"/>
        <price t="2014-05-05" v="8128000000"/>
        <price t="2014-05-06" v="8021000000"/>
        <price t="2014-05-07" v="8124000000"/>
        <price t="2014-05-08" v="8239000000"/>
        <price t="2014-05-09" v="8243000000"/>
        <price t="2014-05-12" v="8350000000"/>
        <price t="2014-05-13" v="8349000000"/>
        <price t="2014-05-14" v="8369000000"/>
        <price t="2014-05-15" v="8317000000"/>
        <price t="2014-05-16" v="8233000000"/>
        <price t="2014-05-19" v="8278000000"/>
        <price t="2014-05-20" v="8243000000"/>
        <price t="2014-05-21" v="8297000000"/>
        <price t="2014-05-22" v="8300000000"/>
        <price t="2014-05-23" v="8308000000"/>
        <price t="2014-05-26" v="8377000000"/>
        <price t="2014-05-27" v="8444000000"/>
        <price t="2014-05-28" v="8481000000"/>
        <price t="2014-05-29" v="8473000000"/>
        <price t="2014-05-30" v="8447000000"/>
        <price t="2014-06-02" v="8450000000"/>
        <price t="2014-06-03" v="8486000000"/>
        <price t="2014-06-04" v="8509000000"/>
        <price t="2014-06-05" v="8543000000"/>
        <price t="2014-06-06" v="8586000000"/>
        <price t="2014-06-09" v="8610000000"/>
        <price t="2014-06-10" v="8587000000"/>
        <price t="2014-06-11" v="8571000000"/>
        <price t="2014-06-12" v="8620000000"/>
        <price t="2014-06-13" v="8550000000"/>
        <price t="2014-06-16" v="8517000000"/>
        <price t="2014-06-17" v="8611000000"/>
        <price t="2014-06-18" v="8602000000"/>
        <price t="2014-06-19" v="8703000000"/>
        <price t="2014-06-20" v="8736000000"/>
        <price t="2014-06-23" v="8678000000"/>
        <price t="2014-06-24" v="8652000000"/>
        <price t="2014-06-25" v="8602000000"/>
        <price t="2014-06-26" v="8500000000"/>
        <price t="2014-06-27" v="8464000000"/>
        <price t="2014-06-30" v="8503000000"/>
        <price t="2014-07-01" v="8536000000"/>
        <price t="2014-07-02" v="8584000000"/>
        <price t="2014-07-03" v="8714000000"/>
        <price t="2014-07-04" v="8705000000"/>
        <price t="2014-07-07" v="8607000000"/>
        <price t="2014-07-08" v="8469000000"/>
        <price t="2014-07-09" v="8550000000"/>
        <price t="2014-07-10" v="8342000000"/>
        <price t="2014-07-11" v="8335000000"/>
        <price t="2014-07-14" v="8440000000"/>
        <price t="2014-07-15" v="8358000000"/>
        <price t="2014-07-16" v="8491000000"/>
        <price t="2014-07-17" v="8363000000"/>
        <price t="2014-07-18" v="8335000000"/>
        <price t="2014-07-21" v="8193000000"/>
        <price t="2014-07-22" v="8308000000"/>
        <price t="2014-07-23" v="8357000000"/>
        <price t="2014-07-24" v="8235000000"/>
        <price t="2014-07-25" v="8037000000"/>
        <price t="2014-07-28" v="8027000000"/>
        <price t="2014-07-29" v="8106000000"/>
        <price t="2014-07-30" v="7983000000"/>
        <price t="2014-07-31" v="7764000000"/>
        <price t="2014-08-01" v="7604000000"/>
        <price t="2014-08-04" v="7474000000"/>
        <price t="2014-08-05" v="7499000000"/>
        <price t="2014-08-06" v="7496000000"/>
        <price t="2014-08-07" v="7450000000"/>
        <price t="2014-08-08" v="7395000000"/>
        <price t="2014-08-11" v="7571000000"/>
        <price t="2014-08-12" v="7434000000"/>
        <price t="2014-08-13" v="7604000000"/>
        <price t="2014-08-14" v="7592000000"/>
        <price t="2014-08-15" v="7468000000"/>
        <price t="2014-08-18" v="7620000000"/>
        <price t="2014-08-19" v="7646000000"/>
        <price t="2014-08-20" v="7621000000"/>
        <price t="2014-08-21" v="7740000000"/>
        <price t="2014-08-22" v="7677000000"/>
        <price t="2014-08-25" v="7868000000"/>
        <price t="2014-08-26" v="7950000000"/>
        <price t="2014-08-27" v="7927000000"/>
        <price t="2014-08-28" v="7808000000"/>
        <price t="2014-08-29" v="7829000000"/>
        <price t="2014-09-01" v="7791000000"/>
        <price t="2014-09-02" v="7821000000"/>
        <price t="2014-09-03" v="7924000000"/>
        <price t="2014-09-04" v="7889000000"/>
        <price t="2014-09-05" v="7856000000"/>
        <price t="2014-09-08" v="7795000000"/>
        <price t="2014-09-09" v="7749000000"/>
        <price t="2014-09-10" v="7746000000"/>
        <price t="2014-09-11" v="7717000000"/>
        <price t="2014-09-12" v="7700000000"/>
        <price t="2014-09-15" v="7705000000"/>
        <price t="2014-09-16" v="7597000000"/>
        <price t="2014-09-17" v="7630000000"/>
        <price t="2014-09-18" v="7671000000"/>
        <price t="2014-09-19" v="7714000000"/>
        <price t="2014-09-22" v="7678000000"/>
        <price t="2014-09-23" v="7546000000"/>
        <price t="2014-09-24" v="7566000000"/>
        <price t="2014-09-25" v="7289000000"/>
        <price t="2014-09-26" v="7316000000"/>
        <price t="2014-09-29" v="7241000000"/>
        <price t="2014-09-30" v="7263000000"/>
        <price t="2014-10-01" v="7095000000"/>
        <price t="2014-10-02" v="6958000000"/>
        <price t="2014-10-06" v="7002000000"/>
        <price t="2014-10-07" v="6878000000"/>
        <price t="2014-10-08" v="6807000000"/>
        <price t="2014-10-09" v="6835000000"/>
        <price t="2014-10-10" v="6658000000"/>
        <price t="2014-10-13" v="6770000000"/>
        <price t="2014-10-14" v="6745000000"/>
        <price t="2014-10-15" v="6561000000"/>
        <price t="2014-10-16" v="6700000000"/>
        <price t="2014-10-17" v="6931000000"/>
        <price t="2014-10-20" v="6792000000"/>
        <price t="2014-10-21" v="6958000000"/>
        <price t="2014-10-22" v="7006000000"/>
        <price t="2014-10-23" v="7103000000"/>
        <price t="2014-10-24" v="6878000000"/>
        <price t="2014-10-27" v="6662000000"/>
        <price t="2014-10-28" v="6834000000"/>
        <price t="2014-10-29" v="6856000000"/>
        <price t="2014-10-30" v="6857000000"/>
        <price t="2014-10-31" v="7024000000"/>
        <price t="2014-11-03" v="6908000000"/>
        <price t="2014-11-04" v="6828000000"/>
        <price t="2014-11-05" v="6986000000"/>
        <price t="2014-11-06" v="7087000000"/>
        <price t="2014-11-07" v="6996000000"/>
        <price t="2014-11-10" v="7027000000"/>
        <price t="2014-11-11" v="7025000000"/>
        <price t="2014-11-12" v="6930000000"/>
        <price t="2014-11-13" v="6897000000"/>
        <price t="2014-11-14" v="6913000000"/>
        <price t="2014-11-17" v="6955000000"/>
        <price t="2014-11-18" v="7133000000"/>
        <price t="2014-11-19" v="7148000000"/>
        <price t="2014-11-20" v="7110000000"/>
        <price t="2014-11-21" v="7375000000"/>
        <price t="2014-11-24" v="7442000000"/>
        <price t="2014-11-25" v="7472000000"/>
        <price t="2014-11-26" v="7521000000"/>
        <price t="2014-11-27" v="7450000000"/>
        <price t="2014-11-28" v="7301000000"/>
        <price t="2014-12-01" v="7255000000"/>
        <price t="2014-12-02" v="7311000000"/>
        <price t="2014-12-03" v="7365000000"/>
        <price t="2014-12-04" v="7288000000"/>
        <price t="2014-12-05" v="7430000000"/>
        <price t="2014-12-08" v="7357000000"/>
        <price t="2014-12-09" v="7242000000"/>
        <price t="2014-12-10" v="7217000000"/>
        <price t="2014-12-11" v="7240000000"/>
        <price t="2014-12-12" v="6916000000"/>
        <price t="2014-12-15" v="6708000000"/>
        <price t="2014-12-16" v="6890000000"/>
        <price t="2014-12-17" v="6910000000"/>
        <price t="2014-12-18" v="7063000000"/>
        <price t="2014-12-19" v="6952000000"/>
        <price t="2014-12-22" v="7027000000"/>
        <price t="2014-12-23" v="7101000000"/>
        <price t="2014-12-29" v="7090000000"/>
        <price t="2014-12-30" v="6988000000"/>
        <price t="2015-01-02" v="6969000000"/>
        <price t="2015-01-05" v="6671000000"/>
        <price t="2015-01-06" v="6669000000"/>
        <price t="2015-01-07" v="6713000000"/>
        <price t="2015-01-08" v="6987000000"/>
        <price t="2015-01-09" v="6812000000"/>
        <price t="2015-01-12" v="6881000000"/>
        <price t="2015-01-13" v="7103000000"/>
        <price t="2015-01-14" v="7032000000"/>
        <price t="2015-01-15" v="7195000000"/>
        <price t="2015-01-16" v="7267000000"/>
        <price t="2015-01-19" v="7336000000"/>
        <price t="2015-01-20" v="7408000000"/>
        <price t="2015-01-21" v="7452000000"/>
        <price t="2015-01-22" v="7568000000"/>
        <price t="2015-01-23" v="7683000000"/>
        <price t="2015-01-26" v="7767000000"/>
        <price t="2015-01-27" v="7720000000"/>
        <price t="2015-01-28" v="7857000000"/>
        <price t="2015-01-29" v="7916000000"/>
        <price t="2015-01-30" v="7950000000"/>
        <price t="2015-02-02" v="8115000000"/>
        <price t="2015-02-03" v="8079000000"/>
        <price t="2015-02-04" v="8098000000"/>
        <price t="2015-02-05" v="8143000000"/>
        <price t="2015-02-06" v="8090000000"/>
        <price t="2015-02-09" v="8027000000"/>
        <price t="2015-02-10" v="8067000000"/>
        <price t="2015-02-11" v="8094000000"/>
        <price t="2015-02-12" v="8270000000"/>
        <price t="2015-02-13" v="8325000000"/>
        <price t="2015-02-16" v="8281000000"/>
        <price t="2015-02-17" v="8224000000"/>
        <price t="2015-02-18" v="8293000000"/>
        <price t="2015-02-19" v="8271000000"/>
        <price t="2015-02-20" v="8349000000"/>
        <price t="2015-02-23" v="8356000000"/>
        <price t="2015-02-24" v="8461000000"/>
        <price t="2015-02-25" v="8512000000"/>
        <price t="2015-02-26" v="8702000000"/>
        <price t="2015-02-27" v="8565000000"/>
        <price t="2015-03-02" v="8578000000"/>
        <price t="2015-03-03" v="8525000000"/>
        <price t="2015-03-04" v="8585000000"/>
        <price t="2015-03-05" v="8736000000"/>
        <price t="2015-03-06" v="8817000000"/>
        <price t="2015-03-09" v="8847000000"/>
        <price t="2015-03-10" v="8740000000"/>
        <price t="2015-03-11" v="9048000000"/>
        <price t="2015-03-12" v="9000000000"/>
        <price t="2015-03-13" v="9053000000"/>
        <price t="2015-03-16" v="9275000000"/>
        <price t="2015-03-17" v="9115000000"/>
        <price t="2015-03-18" v="9061000000"/>
        <price t="2015-03-19" v="8993000000"/>
        <price t="2015-03-20" v="9233000000"/>
        <price t="2015-03-23" v="9145000000"/>
        <price t="2015-03-24" v="9268000000"/>
        <price t="2015-03-25" v="9092000000"/>
        <price t="2015-03-26" v="9150000000"/>
        <price t="2015-03-27" v="9207000000"/>
        <price t="2015-03-30" v="9430000000"/>
        <price t="2015-03-31" v="9255000000"/>
        <price t="2015-04-01" v="9325000000"/>
        <price t="2015-04-02" v="9264000000"/>
        <price t="2015-04-07" v="9507000000"/>
        <price t="2015-04-08" v="9400000000"/>
        <price t="2015-04-09" v="9502000000"/>
        <price t="2015-04-10" v="9672000000"/>
        <price t="2015-04-13" v="9589000000"/>
        <price t="2015-04-14" v="9484000000"/>
        <price t="2015-04-15" v="9486000000"/>
        <price t="2015-04-16" v="9135000000"/>
        <price t="2015-04-17" v="8918000000"/>
        <price t="2015-04-20" v="9203000000"/>
        <price t="2015-04-21" v="9253000000"/>
        <price t="2015-04-22" v="9132000000"/>
        <price t="2015-04-23" v="9047000000"/>
        <price t="2015-04-24" v="9139000000"/>
        <price t="2015-04-27" v="9370000000"/>
        <price t="2015-04-28" v="9234000000"/>
        <price t="2015-04-29" v="8907000000"/>
        <price t="2015-04-30" v="8948000000"/>
        <price t="2015-05-04" v="8924000000"/>
        <price t="2015-05-05" v="8593000000"/>
        <price t="2015-05-06" v="8635000000"/>
        <price t="2015-05-07" v="8613000000"/>
        <price t="2015-05-08" v="8835000000"/>
        <price t="2015-05-11" v="8754000000"/>
        <price t="2015-05-12" v="8591000000"/>
        <price t="2015-05-13" v="8477000000"/>
        <price t="2015-05-14" v="8689000000"/>
        <price t="2015-05-15" v="8598000000"/>
        <price t="2015-05-18" v="8686000000"/>
        <price t="2015-05-19" v="8838000000"/>
        <price t="2015-05-20" v="8795000000"/>
        <price t="2015-05-21" v="8798000000"/>
        <price t="2015-05-22" v="8790000000"/>
        <price t="2015-05-26" v="8603000000"/>
        <price t="2015-05-27" v="8685000000"/>
        <price t="2015-05-28" v="8624000000"/>
        <price t="2015-05-29" v="8420000000"/>
        <price t="2015-06-01" v="8416000000"/>
        <price t="2015-06-02" v="8321000000"/>
        <price t="2015-06-03" v="8438000000"/>
        <price t="2015-06-04" v="8325000000"/>
        <price t="2015-06-05" v="8216000000"/>
        <price t="2015-06-08" v="8087000000"/>
        <price t="2015-06-09" v="8085000000"/>
        <price t="2015-06-10" v="8301000000"/>
        <price t="2015-06-11" v="8378000000"/>
        <price t="2015-06-12" v="8220000000"/>
        <price t="2015-06-15" v="8110000000"/>
        <price t="2015-06-16" v="8094000000"/>
        <price t="2015-06-17" v="8074000000"/>
        <price t="2015-06-18" v="8184000000"/>
        <price t="2015-06-19" v="8092000000"/>
        <price t="2015-06-22" v="8461000000"/>
        <price t="2015-06-23" v="8525000000"/>
        <price t="2015-06-24" v="8385000000"/>
        <price t="2015-06-25" v="8345000000"/>
        <price t="2015-06-26" v="8315000000"/>
        <price t="2015-06-29" v="7995000000"/>
        <price t="2015-06-30" v="7882000000"/>
        <price t="2015-07-01" v="8068000000"/>
        <price t="2015-07-02" v="7972000000"/>
        <price t="2015-07-03" v="7967000000"/>
        <price t="2015-07-06" v="7800000000"/>
        <price t="2015-07-07" v="7606000000"/>
        <price t="2015-07-08" v="7677000000"/>
        <price t="2015-07-09" v="7862000000"/>
        <price t="2015-07-10" v="8169000000"/>
        <price t="2015-07-13" v="8310000000"/>
        <price t="2015-07-14" v="8356000000"/>
        <price t="2015-07-15" v="8390000000"/>
        <price t="2015-07-16" v="8485000000"/>
        <price t="2015-07-17" v="8443000000"/>
        <price t="2015-07-20" v="8525000000"/>
        <price t="2015-07-21" v="8437000000"/>
        <price t="2015-07-22" v="8273000000"/>
        <price t="2015-07-23" v="8287000000"/>
        <price t="2015-07-24" v="7910000000"/>
        <price t="2015-07-27" v="7690000000"/>
        <price t="2015-07-28" v="7730000000"/>
        <price t="2015-07-29" v="7731000000"/>
        <price t="2015-07-30" v="7760000000"/>
        <price t="2015-07-31" v="7855000000"/>
        <price t="2015-08-03" v="7918000000"/>
        <price t="2015-08-04" v="7926000000"/>
        <price t="2015-08-05" v="8118000000"/>
        <price t="2015-08-06" v="8147000000"/>
        <price t="2015-08-07" v="8127000000"/>
        <price t="2015-08-10" v="8226000000"/>
        <price t="2015-08-11" v="7958000000"/>
        <price t="2015-08-12" v="7664000000"/>
        <price t="2015-08-13" v="7669000000"/>
        <price t="2015-08-14" v="7629000000"/>
        <price t="2015-08-17" v="7574000000"/>
        <price t="2015-08-18" v="7531000000"/>
        <price t="2015-08-19" v="7326000000"/>
        <price t="2015-08-20" v="7142000000"/>
        <price t="2015-08-21" v="6926000000"/>
        <price t="2015-08-24" v="6642000000"/>
        <price t="2015-08-25" v="6953000000"/>
        <price t="2015-08-26" v="6882000000"/>
        <price t="2015-08-27" v="7164000000"/>
        <price t="2015-08-28" v="7188000000"/>
        <price t="2015-08-31" v="7182000000"/>
        <price t="2015-09-01" v="6996000000"/>
        <price t="2015-09-02" v="7043000000"/>
        <price t="2015-09-03" v="7134000000"/>
        <price t="2015-09-04" v="6959000000"/>
        <price t="2015-09-07" v="6991000000"/>
        <price t="2015-09-08" v="7067000000"/>
        <price t="2015-09-09" v="7096000000"/>
        <price t="2015-09-10" v="7021000000"/>
        <price t="2015-09-11" v="6970000000"/>
        <price t="2015-09-14" v="6968000000"/>
        <price t="2015-09-15" v="7008000000"/>
        <price t="2015-09-16" v="7067000000"/>
        <price t="2015-09-17" v="6980000000"/>
        <price t="2015-09-18" v="6732000000"/>
        <price t="2015-09-21" v="6831000000"/>
        <price t="2015-09-22" v="6645000000"/>
        <price t="2015-09-23" v="6662000000"/>
        <price t="2015-09-24" v="6574000000"/>
        <price t="2015-09-25" v="6764000000"/>
        <price t="2015-09-28" v="6609000000"/>
        <price t="2015-09-29" v="6666000000"/>
        <price t="2015-09-30" v="6832000000"/>
        <price t="2015-10-01" v="6646000000"/>
        <price t="2015-10-02" v="6671000000"/>
        <price t="2015-10-05" v="6873000000"/>
        <price t="2015-10-06" v="6954000000"/>
        <price t="2015-10-07" v="7111000000"/>
        <price t="2015-10-08" v="7177000000"/>
        <price t="2015-10-09" v="7304000000"/>
        <price t="2015-10-12" v="7267000000"/>
        <price t="2015-10-13" v="7164000000"/>
        <price t="2015-10-14" v="7004000000"/>
        <price t="2015-10-15" v="7132000000"/>
        <price t="2015-10-16" v="7102000000"/>
        <price t="2015-10-19" v="7133000000"/>
        <price t="2015-10-20" v="7121000000"/>
        <price t="2015-10-21" v="7158000000"/>
        <price t="2015-10-22" v="7429000000"/>
        <price t="2015-10-23" v="7664000000"/>
        <price t="2015-10-26" v="7659000000"/>
        <price t="2015-10-27" v="7298000000"/>
        <price t="2015-10-28" v="7336000000"/>
        <price t="2015-10-29" v="7388000000"/>
        <price t="2015-10-30" v="7453000000"/>
        <price t="2015-11-02" v="7516000000"/>
        <price t="2015-11-03" v="7602000000"/>
        <price t="2015-11-04" v="7604000000"/>
        <price t="2015-11-05" v="7581000000"/>
        <price t="2015-11-06" v="7713000000"/>
        <price t="2015-11-09" v="7646000000"/>
        <price t="2015-11-10" v="7593000000"/>
        <price t="2015-11-11" v="7614000000"/>
        <price t="2015-11-12" v="7463000000"/>
        <price t="2015-11-13" v="7402000000"/>
        <price t="2015-11-16" v="7421000000"/>
        <price t="2015-11-17" v="7635000000"/>
        <price t="2015-11-18" v="7635000000"/>
        <price t="2015-11-19" v="7732000000"/>
        <price t="2015-11-20" v="7767000000"/>
        <price t="2015-11-23" v="7775000000"/>
        <price t="2015-11-24" v="7652000000"/>
        <price t="2015-11-25" v="7800000000"/>
        <price t="2015-11-26" v="7862000000"/>
        <price t="2015-11-27" v="7788000000"/>
        <price t="2015-11-30" v="7834000000"/>
        <price t="2015-12-01" v="7677000000"/>
        <price t="2015-12-02" v="7617000000"/>
        <price t="2015-12-03" v="7287000000"/>
        <price t="2015-12-04" v="7236000000"/>
        <price t="2015-12-07" v="7269000000"/>
        <price t="2015-12-08" v="7120000000"/>
        <price t="2015-12-09" v="7072000000"/>
        <price t="2015-12-10" v="7050000000"/>
        <price t="2015-12-11" v="6886000000"/>
        <price t="2015-12-14" v="6801000000"/>
        <price t="2015-12-15" v="7005000000"/>
        <price t="2015-12-16" v="7022000000"/>
        <price t="2015-12-17" v="7138000000"/>
        <price t="2015-12-18" v="7022000000"/>
        <price t="2015-12-21" v="6895000000"/>
        <price t="2015-12-22" v="6899000000"/>
        <price t="2015-12-23" v="7095000000"/>
        <price t="2015-12-28" v="7031000000"/>
        <price t="2015-12-29" v="7152000000"/>
        <price t="2015-12-30" v="7072000000"/>
        <price t="2016-01-04" v="6758000000"/>
        <price t="2016-01-05" v="6720000000"/>
        <price t="2016-01-06" v="6608000000"/>
        <price t="2016-01-07" v="6447000000"/>
        <price t="2016-01-08" v="6368000000"/>
        <price t="2016-01-11" v="6325000000"/>
        <price t="2016-01-12" v="6431000000"/>
        <price t="2016-01-13" v="6428000000"/>
        <price t="2016-01-14" v="6392000000"/>
        <price t="2016-01-15" v="6181000000"/>
        <price t="2016-01-18" v="6079000000"/>
        <price t="2016-01-19" v="6117000000"/>
        <price t="2016-01-20" v="6012000000"/>
        <price t="2016-01-21" v="6151000000"/>
        <price t="2016-01-22" v="6294000000"/>
        <price t="2016-01-25" v="6168000000"/>
        <price t="2016-01-26" v="6208000000"/>
        <price t="2016-01-27" v="6095000000"/>
        <price t="2016-01-28" v="6065000000"/>
        <price t="2016-01-29" v="6110000000"/>
        <price t="2016-02-01" v="6044000000"/>
        <price t="2016-02-02" v="5891000000"/>
        <price t="2016-02-03" v="5882000000"/>
        <price t="2016-02-04" v="5933000000"/>
        <price t="2016-02-05" v="5940000000"/>
        <price t="2016-02-08" v="5784000000"/>
        <price t="2016-02-09" v="5740000000"/>
        <price t="2016-02-10" v="5786000000"/>
        <price t="2016-02-11" v="5670000000"/>
        <price t="2016-02-12" v="5785000000"/>
        <price t="2016-02-15" v="5913000000"/>
        <price t="2016-02-16" v="5836000000"/>
        <price t="2016-02-17" v="5989000000"/>
        <price t="2016-02-18" v="6037000000"/>
        <price t="2016-02-19" v="6004000000"/>
        <price t="2016-02-22" v="6127000000"/>
        <price t="2016-02-23" v="5987000000"/>
        <price t="2016-02-24" v="5807000000"/>
        <price t="2016-02-25" v="5919000000"/>
        <price t="2016-02-26" v="6096000000"/>
        <price t="2016-02-29" v="6018000000"/>
        <price t="2016-03-01" v="6207000000"/>
        <price t="2016-03-02" v="6225000000"/>
        <price t="2016-03-03" v="6291000000"/>
        <price t="2016-03-04" v="6328000000"/>
        <price t="2016-03-07" v="6356000000"/>
        <price t="2016-03-08" v="6369000000"/>
        <price t="2016-03-09" v="6435000000"/>
        <price t="2016-03-10" v="6216000000"/>
        <price t="2016-03-11" v="6441000000"/>
        <price t="2016-03-14" v="6550000000"/>
        <price t="2016-03-15" v="6497000000"/>
        <price t="2016-03-16" v="6530000000"/>
        <price t="2016-03-17" v="6500000000"/>
        <price t="2016-03-18" v="6648000000"/>
        <price t="2016-03-21" v="6694000000"/>
        <price t="2016-03-22" v="6731000000"/>
        <price t="2016-03-23" v="6734000000"/>
        <price t="2016-03-24" v="6604000000"/>
        <price t="2016-03-29" v="6593000000"/>
        <price t="2016-03-30" v="6712000000"/>
        <price t="2016-03-31" v="6630000000"/>
        <price t="2016-04-01" v="6512000000"/>
        <price t="2016-04-04" v="6498000000"/>
        <price t="2016-04-05" v="6304000000"/>
        <price t="2016-04-06" v="6302000000"/>
        <price t="2016-04-07" v="6201000000"/>
        <price t="2016-04-08" v="6309000000"/>
        <price t="2016-04-11" v="6411000000"/>
        <price t="2016-04-12" v="6483000000"/>
        <price t="2016-04-13" v="6692000000"/>
        <price t="2016-04-14" v="6817000000"/>
        <price t="2016-04-15" v="6826000000"/>
        <price t="2016-04-18" v="6847000000"/>
        <price t="2016-04-19" v="6999000000"/>
        <price t="2016-04-20" v="7110000000"/>
        <price t="2016-04-21" v="7106000000"/>
        <price t="2016-04-22" v="7093000000"/>
        <price t="2016-04-25" v="7033000000"/>
        <price t="2016-04-26" v="7057000000"/>
        <price t="2016-04-27" v="7193000000"/>
        <price t="2016-04-28" v="7274000000"/>
        <price t="2016-04-29" v="7215000000"/>
        <price t="2016-05-02" v="6977000000"/>
        <price t="2016-05-03" v="6811000000"/>
        <price t="2016-05-04" v="6729000000"/>
        <price t="2016-05-05" v="6792000000"/>
        <price t="2016-05-06" v="6840000000"/>
        <price t="2016-05-09" v="6878000000"/>
        <price t="2016-05-10" v="6900000000"/>
        <price t="2016-05-11" v="6841000000"/>
        <price t="2016-05-12" v="6697000000"/>
        <price t="2016-05-13" v="6773000000"/>
        <price t="2016-05-17" v="6769000000"/>
        <price t="2016-05-18" v="6765000000"/>
        <price t="2016-05-19" v="6655000000"/>
        <price t="2016-05-20" v="6729000000"/>
        <price t="2016-05-23" v="6723000000"/>
        <price t="2016-05-24" v="6911000000"/>
        <price t="2016-05-25" v="6976000000"/>
        <price t="2016-05-26" v="7005000000"/>
        <price t="2016-05-27" v="6992000000"/>
        <price t="2016-05-30" v="7008000000"/>
        <price t="2016-05-31" v="6943000000"/>
        <price t="2016-06-01" v="6955000000"/>
        <price t="2016-06-02" v="6954000000"/>
        <price t="2016-06-03" v="6835000000"/>
        <price t="2016-06-06" v="6883000000"/>
        <price t="2016-06-07" v="7069000000"/>
        <price t="2016-06-08" v="7022000000"/>
        <price t="2016-06-09" v="6955000000"/>
        <price t="2016-06-10" v="6777000000"/>
        <price t="2016-06-13" v="6687000000"/>
        <price t="2016-06-14" v="6646000000"/>
        <price t="2016-06-15" v="6798000000"/>
        <price t="2016-06-16" v="6784000000"/>
        <price t="2016-06-17" v="6751000000"/>
        <price t="2016-06-20" v="6971000000"/>
        <price t="2016-06-21" v="6981000000"/>
        <price t="2016-06-22" v="7052000000"/>
        <price t="2016-06-23" v="7187000000"/>
        <price t="2016-06-24" v="6707000000"/>
        <price t="2016-06-27" v="6519000000"/>
        <price t="2016-06-28" v="6581000000"/>
        <price t="2016-06-29" v="6753000000"/>
        <price t="2016-06-30" v="6864000000"/>
        <price t="2016-07-01" v="6946000000"/>
        <price t="2016-07-04" v="6887000000"/>
        <price t="2016-07-05" v="6762000000"/>
        <price t="2016-07-06" v="6605000000"/>
        <price t="2016-07-07" v="6602000000"/>
        <price t="2016-07-08" v="6701000000"/>
        <price t="2016-07-11" v="6881000000"/>
        <price t="2016-07-12" v="6949000000"/>
        <price t="2016-07-13" v="6944000000"/>
        <price t="2016-07-14" v="7194000000"/>
        <price t="2016-07-15" v="7177000000"/>
        <price t="2016-07-18" v="7168000000"/>
        <price t="2016-07-19" v="7135000000"/>
        <price t="2016-07-20" v="7172000000"/>
        <price t="2016-07-21" v="7192000000"/>
        <price t="2016-07-22" v="7151000000"/>
        <price t="2016-07-25" v="7178000000"/>
        <price t="2016-07-26" v="7198000000"/>
        <price t="2016-07-27" v="7058000000"/>
        <price t="2016-07-28" v="7062000000"/>
        <price t="2016-07-29" v="7026000000"/>
        <price t="2016-08-01" v="7035000000"/>
        <price t="2016-08-02" v="6897000000"/>
        <price t="2016-08-03" v="6900000000"/>
        <price t="2016-08-04" v="6893000000"/>
        <price t="2016-08-05" v="6959000000"/>
        <price t="2016-08-08" v="7026000000"/>
        <price t="2016-08-09" v="7225000000"/>
        <price t="2016-08-10" v="7242000000"/>
        <price t="2016-08-11" v="7276000000"/>
        <price t="2016-08-12" v="7297000000"/>
        <price t="2016-08-15" v="7307000000"/>
        <price t="2016-08-16" v="7285000000"/>
        <price t="2016-08-17" v="7208000000"/>
        <price t="2016-08-18" v="7275000000"/>
        <price t="2016-08-19" v="7214000000"/>
        <price t="2016-08-22" v="7151000000"/>
        <price t="2016-08-23" v="7250000000"/>
        <price t="2016-08-24" v="7302000000"/>
        <price t="2016-08-25" v="7245000000"/>
        <price t="2016-08-26" v="7264000000"/>
        <price t="2016-08-29" v="7237000000"/>
        <price t="2016-08-30" v="7330000000"/>
        <price t="2016-08-31" v="7290000000"/>
        <price t="2016-09-01" v="7249000000"/>
        <price t="2016-09-02" v="7310000000"/>
        <price t="2016-09-05" v="7322000000"/>
        <price t="2016-09-06" v="7305000000"/>
        <price t="2016-09-07" v="7429000000"/>
        <price t="2016-09-08" v="7374000000"/>
        <price t="2016-09-09" v="7258000000"/>
        <price t="2016-09-12" v="7142000000"/>
        <price t="2016-09-13" v="7119000000"/>
        <price t="2016-09-14" v="7129000000"/>
        <price t="2016-09-15" v="7160000000"/>
        <price t="2016-09-16" v="7030000000"/>
        <price t="2016-09-19" v="7069000000"/>
        <price t="2016-09-20" v="7109000000"/>
        <price t="2016-09-21" v="7156000000"/>
        <price t="2016-09-22" v="7355000000"/>
        <price t="2016-09-23" v="7331000000"/>
        <price t="2016-09-26" v="7248000000"/>
        <price t="2016-09-27" v="7236000000"/>
        <price t="2016-09-28" v="7306000000"/>
        <price t="2016-09-29" v="7436000000"/>
        <price t="2016-09-30" v="7611000000"/>
        <price t="2016-10-04" v="7758000000"/>
        <price t="2016-10-05" v="7744000000"/>
        <price t="2016-10-06" v="7824000000"/>
        <price t="2016-10-07" v="7815000000"/>
        <price t="2016-10-10" v="7852000000"/>
        <price t="2016-10-11" v="7833000000"/>
        <price t="2016-10-12" v="7833000000"/>
        <price t="2016-10-13" v="7783000000"/>
        <price t="2016-10-14" v="7926000000"/>
        <price t="2016-10-17" v="7828000000"/>
        <price t="2016-10-18" v="7893000000"/>
        <price t="2016-10-19" v="7911000000"/>
        <price t="2016-10-20" v="7964000000"/>
        <price t="2016-10-21" v="7981000000"/>
        <price t="2016-10-24" v="8000000000"/>
        <price t="2016-10-25" v="8044000000"/>
        <price t="2016-10-26" v="7958000000"/>
        <price t="2016-10-27" v="8016000000"/>
        <price t="2016-10-28" v="8052000000"/>
        <price t="2016-10-31" v="8030000000"/>
        <price t="2016-11-01" v="7895000000"/>
        <price t="2016-11-02" v="7810000000"/>
        <price t="2016-11-03" v="7721000000"/>
        <price t="2016-11-04" v="7705000000"/>
        <price t="2016-11-07" v="7838000000"/>
        <price t="2016-11-08" v="7925000000"/>
        <price t="2016-11-09" v="8013000000"/>
        <price t="2016-11-10" v="8135000000"/>
        <price t="2016-11-11" v="8088000000"/>
        <price t="2016-11-14" v="8157000000"/>
        <price t="2016-11-15" v="8157000000"/>
        <price t="2016-11-16" v="8106000000"/>
        <price t="2016-11-17" v="8120000000"/>
        <price t="2016-11-18" v="8040000000"/>
        <price t="2016-11-21" v="8019000000"/>
        <price t="2016-11-22" v="8063000000"/>
        <price t="2016-11-23" v="8015000000"/>
        <price t="2016-11-24" v="8061000000"/>
        <price t="2016-11-25" v="8050000000"/>
        <price t="2016-11-28" v="7881000000"/>
        <price t="2016-11-29" v="7868000000"/>
        <price t="2016-11-30" v="8099000000"/>
        <price t="2016-12-01" v="8106000000"/>
        <price t="2016-12-02" v="8101000000"/>
        <price t="2016-12-05" v="8298000000"/>
        <price t="2016-12-06" v="8314000000"/>
        <price t="2016-12-07" v="8482000000"/>
        <price t="2016-12-08" v="8572000000"/>
        <price t="2016-12-09" v="8538000000"/>
        <price t="2016-12-12" v="8588000000"/>
        <price t="2016-12-13" v="8604000000"/>
        <price t="2016-12-14" v="8582000000"/>
        <price t="2016-12-15" v="8636000000"/>
        <price t="2016-12-16" v="8772000000"/>
        <price t="2016-12-19" v="8768000000"/>
        <price t="2016-12-20" v="8756000000"/>
        <price t="2016-12-21" v="8761000000"/>
        <price t="2016-12-22" v="8781000000"/>
        <price t="2016-12-23" v="8745000000"/>
        <price t="2016-12-27" v="8774000000"/>
        <price t="2016-12-28" v="8800000000"/>
        <price t="2016-12-29" v="8796000000"/>
        <price t="2016-12-30" v="8831000000"/>
        <price t="2017-01-02" v="8870000000"/>
        <price t="2017-01-03" v="8770000000"/>
        <price t="2017-01-04" v="8815000000"/>
        <price t="2017-01-05" v="8779000000"/>
        <price t="2017-01-06" v="8752000000"/>
        <price t="2017-01-09" v="8766000000"/>
        <price t="2017-01-10" v="8810000000"/>
        <price t="2017-01-11" v="8905000000"/>
        <price t="2017-01-12" v="8818000000"/>
        <price t="2017-01-13" v="8906000000"/>
        <price t="2017-01-16" v="8829000000"/>
        <price t="2017-01-17" v="8863000000"/>
        <price t="2017-01-18" v="8905000000"/>
        <price t="2017-01-19" v="8950000000"/>
        <price t="2017-01-20" v="8992000000"/>
        <price t="2017-01-23" v="8901000000"/>
        <price t="2017-01-24" v="8929000000"/>
        <price t="2017-01-25" v="9030000000"/>
        <price t="2017-01-26" v="9080000000"/>
        <price t="2017-01-27" v="9118000000"/>
        <price t="2017-01-30" v="9037000000"/>
        <price t="2017-01-31" v="8912000000"/>
        <price t="2017-02-01" v="8977000000"/>
        <price t="2017-02-02" v="8954000000"/>
        <price t="2017-02-03" v="8907000000"/>
        <price t="2017-02-06" v="8761000000"/>
        <price t="2017-02-07" v="8900000000"/>
        <price t="2017-02-08" v="8755000000"/>
        <price t="2017-02-09" v="8823000000"/>
        <price t="2017-02-10" v="8855000000"/>
        <price t="2017-02-13" v="8979000000"/>
        <price t="2017-02-14" v="8980000000"/>
        <price t="2017-02-15" v="9004000000"/>
        <price t="2017-02-16" v="8939000000"/>
        <price t="2017-02-17" v="8910000000"/>
        <price t="2017-02-20" v="8964000000"/>
        <price t="2017-02-21" v="9026000000"/>
        <price t="2017-02-22" v="9003000000"/>
        <price t="2017-02-23" v="8995000000"/>
        <price t="2017-02-24" v="8736000000"/>
        <price t="2017-02-27" v="8770000000"/>
        <price t="2017-02-28" v="8790000000"/>
        <price t="2017-03-01" v="8981000000"/>
        <price t="2017-03-02" v="9036000000"/>
        <price t="2017-03-03" v="9027000000"/>
        <price t="2017-03-06" v="9008000000"/>
        <price t="2017-03-07" v="9048000000"/>
        <price t="2017-03-08" v="9020000000"/>
        <price t="2017-03-09" v="9023000000"/>
        <price t="2017-03-10" v="8930000000"/>
        <price t="2017-03-13" v="8904000000"/>
        <price t="2017-03-14" v="8895000000"/>
        <price t="2017-03-15" v="8928000000"/>
        <price t="2017-03-16" v="8973000000"/>
        <price t="2017-03-17" v="8931000000"/>
        <price t="2017-03-20" v="8900000000"/>
        <price t="2017-03-21" v="8858000000"/>
        <price t="2017-03-22" v="8870000000"/>
        <price t="2017-03-23" v="8965000000"/>
        <price t="2017-03-24" v="9026000000"/>
        <price t="2017-03-27" v="9003000000"/>
        <price t="2017-03-28" v="9154000000"/>
        <price t="2017-03-29" v="9210000000"/>
        <price t="2017-03-30" v="9300000000"/>
        <price t="2017-03-31" v="9292000000"/>
        <price t="2017-04-03" v="9305000000"/>
        <price t="2017-04-04" v="9382000000"/>
        <price t="2017-04-05" v="9313000000"/>
        <price t="2017-04-06" v="9351000000"/>
        <price t="2017-04-07" v="9327000000"/>
        <price t="2017-04-10" v="9279000000"/>
        <price t="2017-04-11" v="9181000000"/>
        <price t="2017-04-12" v="9145000000"/>
        <price t="2017-04-13" v="9077000000"/>
        <price t="2017-04-18" v="8954000000"/>
        <price t="2017-04-19" v="8876000000"/>
        <price t="2017-04-20" v="8850000000"/>
        <price t="2017-04-21" v="8877000000"/>
        <price t="2017-04-24" v="9253000000"/>
        <price t="2017-04-25" v="9216000000"/>
        <price t="2017-04-26" v="9119000000"/>
        <price t="2017-04-27" v="8998000000"/>
        <price t="2017-04-28" v="8946000000"/>
        <price t="2017-05-02" v="8954000000"/>
        <price t="2017-05-03" v="8953000000"/>
        <price t="2017-05-04" v="9006000000"/>
        <price t="2017-05-05" v="9014000000"/>
        <price t="2017-05-08" v="8924000000"/>
        <price t="2017-05-09" v="8993000000"/>
        <price t="2017-05-10" v="9008000000"/>
        <price t="2017-05-11" v="9011000000"/>
        <price t="2017-05-12" v="8956000000"/>
        <price t="2017-05-15" v="8835000000"/>
        <price t="2017-05-16" v="8733000000"/>
        <price t="2017-05-17" v="8549000000"/>
        <price t="2017-05-18" v="8560000000"/>
        <price t="2017-05-19" v="8574000000"/>
        <price t="2017-05-22" v="8518000000"/>
        <price t="2017-05-23" v="8549000000"/>
        <price t="2017-05-24" v="8460000000"/>
        <price t="2017-05-25" v="8428000000"/>
        <price t="2017-05-26" v="8386000000"/>
        <price t="2017-05-29" v="8470000000"/>
        <price t="2017-05-30" v="8417000000"/>
        <price t="2017-05-31" v="8384000000"/>
        <price t="2017-06-01" v="8383000000"/>
        <price t="2017-06-02" v="8531000000"/>
        <price t="2017-06-06" v="8439000000"/>
        <price t="2017-06-07" v="8390000000"/>
        <price t="2017-06-08" v="8426000000"/>
        <price t="2017-06-09" v="8659000000"/>
        <price t="2017-06-12" v="8602000000"/>
        <price t="2017-06-13" v="8634000000"/>
        <price t="2017-06-14" v="8618000000"/>
        <price t="2017-06-15" v="8493000000"/>
        <price t="2017-06-16" v="8503000000"/>
        <price t="2017-06-19" v="8712000000"/>
        <price t="2017-06-20" v="8655000000"/>
        <price t="2017-06-21" v="8589000000"/>
        <price t="2017-06-22" v="8556000000"/>
        <price t="2017-06-23" v="8498000000"/>
        <price t="2017-06-26" v="8489000000"/>
        <price t="2017-06-27" v="8439000000"/>
        <price t="2017-06-28" v="8392000000"/>
        <price t="2017-06-29" v="8226000000"/>
        <price t="2017-06-30" v="8109000000"/>
        <price t="2017-07-03" v="8257000000"/>
        <price t="2017-07-04" v="8236000000"/>
        <price t="2017-07-05" v="8213000000"/>
        <price t="2017-07-06" v="8134000000"/>
        <price t="2017-07-07" v="8112000000"/>
        <price t="2017-07-10" v="8147000000"/>
        <price t="2017-07-11" v="8182000000"/>
        <price t="2017-07-12" v="8212000000"/>
        <price t="2017-07-13" v="8270000000"/>
        <price t="2017-07-14" v="8372000000"/>
        <price t="2017-07-17" v="8361000000"/>
        <price t="2017-07-18" v="8178000000"/>
        <price t="2017-07-19" v="8172000000"/>
        <price t="2017-07-20" v="8179000000"/>
        <price t="2017-07-21" v="8088000000"/>
        <price t="2017-07-24" v="8092000000"/>
        <price t="2017-07-25" v="8100000000"/>
        <price t="2017-07-26" v="8133000000"/>
        <price t="2017-07-27" v="7974000000"/>
        <price t="2017-07-28" v="7964000000"/>
        <price t="2017-07-31" v="8059000000"/>
        <price t="2017-08-01" v="8125000000"/>
        <price t="2017-08-02" v="8071000000"/>
        <price t="2017-08-03" v="8060000000"/>
        <price t="2017-08-04" v="8211000000"/>
        <price t="2017-08-07" v="8171000000"/>
        <price t="2017-08-08" v="8170000000"/>
        <price t="2017-08-09" v="8064000000"/>
        <price t="2017-08-10" v="7980000000"/>
        <price t="2017-08-11" v="7987000000"/>
        <price t="2017-08-14" v="8095000000"/>
        <price t="2017-08-15" v="8093000000"/>
        <price t="2017-08-16" v="8183000000"/>
        <price t="2017-08-17" v="8148000000"/>
        <price t="2017-08-18" v="8140000000"/>
        <price t="2017-08-21" v="8044000000"/>
        <price t="2017-08-22" v="8222000000"/>
        <price t="2017-08-23" v="8237000000"/>
        <price t="2017-08-24" v="8258000000"/>
        <price t="2017-08-25" v="8230000000"/>
        <price t="2017-08-28" v="8176000000"/>
        <price t="2017-08-29" v="8067000000"/>
        <price t="2017-08-30" v="8148000000"/>
        <price t="2017-08-31" v="8137000000"/>
        <price t="2017-09-01" v="8244000000"/>
        <price t="2017-09-04" v="8224000000"/>
        <price t="2017-09-05" v="8267000000"/>
        <price t="2017-09-06" v="8317000000"/>
        <price t="2017-09-07" v="8390000000"/>
        <price t="2017-09-08" v="8440000000"/>
        <price t="2017-09-11" v="8560000000"/>
        <price t="2017-09-12" v="8604000000"/>
        <price t="2017-09-13" v="8613000000"/>
        <price t="2017-09-14" v="8610000000"/>
        <price t="2017-09-15" v="8620000000"/>
        <price t="2017-09-18" v="8746000000"/>
        <price t="2017-09-19" v="8733000000"/>
        <price t="2017-09-20" v="8785000000"/>
        <price t="2017-09-21" v="8843000000"/>
        <price t="2017-09-22" v="8834000000"/>
        <price t="2017-09-25" v="8863000000"/>
        <price t="2017-09-26" v="8889000000"/>
        <price t="2017-09-27" v="8861000000"/>
        <price t="2017-09-28" v="8912000000"/>
        <price t="2017-09-29" v="9004000000"/>
        <price t="2017-10-02" v="8987000000"/>
        <price t="2017-10-04" v="8957000000"/>
        <price t="2017-10-05" v="9033000000"/>
        <price t="2017-10-06" v="8997000000"/>
        <price t="2017-10-09" v="9021000000"/>
        <price t="2017-10-10" v="9000000000"/>
        <price t="2017-10-11" v="8924000000"/>
        <price t="2017-10-12" v="8931000000"/>
        <price t="2017-10-13" v="8890000000"/>
        <price t="2017-10-16" v="8903000000"/>
        <price t="2017-10-17" v="8931000000"/>
        <price t="2017-10-18" v="9027000000"/>
        <price t="2017-10-19" v="9005000000"/>
        <price t="2017-10-20" v="9045000000"/>
        <price t="2017-10-23" v="9100000000"/>
        <price t="2017-10-24" v="9011000000"/>
        <price t="2017-10-25" v="9105000000"/>
        <price t="2017-10-26" v="9262000000"/>
        <price t="2017-10-27" v="9383000000"/>
        <price t="2017-10-30" v="9362000000"/>
        <price t="2017-11-01" v="9601000000"/>
        <price t="2017-11-02" v="9599000000"/>
        <price t="2017-11-03" v="9701000000"/>
        <price t="2017-11-06" v="9746000000"/>
        <price t="2017-11-07" v="9660000000"/>
        <price t="2017-11-08" v="9667000000"/>
        <price t="2017-11-09" v="9514000000"/>
        <price t="2017-11-10" v="9443000000"/>
        <price t="2017-11-13" v="9382000000"/>
        <price t="2017-11-14" v="9304000000"/>
        <price t="2017-11-15" v="9253000000"/>
        <price t="2017-11-16" v="9257000000"/>
        <price t="2017-11-17" v="9201000000"/>
        <price t="2017-11-20" v="9256000000"/>
        <price t="2017-11-21" v="9357000000"/>
        <price t="2017-11-22" v="9268000000"/>
        <price t="2017-11-23" v="9241000000"/>
        <price t="2017-11-24" v="9510000000"/>
        <price t="2017-11-27" v="9335000000"/>
        <price t="2017-11-28" v="9410000000"/>
        <price t="2017-11-29" v="9363000000"/>
        <price t="2017-11-30" v="9400000000"/>
        <price t="2017-12-01" v="9264000000"/>
        <price t="2017-12-04" v="9430000000"/>
        <price t="2017-12-05" v="9410000000"/>
        <price t="2017-12-06" v="9389000000"/>
        <price t="2017-12-07" v="9307000000"/>
        <price t="2017-12-08" v="9408000000"/>
        <price t="2017-12-11" v="9386000000"/>
        <price t="2017-12-12" v="9421000000"/>
        <price t="2017-12-13" v="9415000000"/>
        <price t="2017-12-14" v="9375000000"/>
        <price t="2017-12-15" v="9367000000"/>
        <price t="2017-12-18" v="9546000000"/>
        <price t="2017-12-19" v="9428000000"/>
        <price t="2017-12-20" v="9313000000"/>
        <price t="2017-12-21" v="9369000000"/>
        <price t="2017-12-22" v="9351000000"/>
        <price t="2017-12-27" v="9359000000"/>
        <price t="2017-12-28" v="9278000000"/>
        <price t="2017-12-29" v="9174000000"/>
        <price t="2018-01-02" v="9131000000"/>
        <price t="2018-01-03" v="9158000000"/>
        <price t="2018-01-04" v="9355000000"/>
        <price t="2018-01-05" v="9485000000"/>
        <price t="2018-01-08" v="9501000000"/>
        <price t="2018-01-09" v="9470000000"/>
        <price t="2018-01-10" v="9328000000"/>
        <price t="2018-01-11" v="9398000000"/>
        <price t="2018-01-12" v="9487000000"/>
        <price t="2018-01-15" v="9411000000"/>
        <price t="2018-01-16" v="9390000000"/>
        <price t="2018-01-17" v="9358000000"/>
        <price t="2018-01-18" v="9615000000"/>
        <price t="2018-01-19" v="9767000000"/>
        <price t="2018-01-22" v="9716000000"/>
        <price t="2018-01-23" v="9727000000"/>
        <price t="2018-01-24" v="9622000000"/>
        <price t="2018-01-25" v="9535000000"/>
        <price t="2018-01-26" v="9529000000"/>
        <price t="2018-01-29" v="9517000000"/>
        <price t="2018-01-30" v="9470000000"/>
        <price t="2018-01-31" v="9432000000"/>
        <price t="2018-02-01" v="9260000000"/>
        <price t="2018-02-02" v="9039000000"/>
        <price t="2018-02-05" v="8994000000"/>
        <price t="2018-02-06" v="8848000000"/>
        <price t="2018-02-07" v="8929000000"/>
        <price t="2018-02-08" v="8634000000"/>
        <price t="2018-02-09" v="8483000000"/>
        <price t="2018-02-12" v="8609000000"/>
        <price t="2018-02-13" v="8562000000"/>
        <price t="2018-02-14" v="8630000000"/>
        <price t="2018-02-15" v="8644000000"/>
        <price t="2018-02-16" v="8674000000"/>
        <price t="2018-02-19" v="8625000000"/>
        <price t="2018-02-20" v="8748000000"/>
        <price t="2018-02-21" v="8749000000"/>
        <price t="2018-02-22" v="8811000000"/>
        <price t="2018-02-23" v="8807000000"/>
        <price t="2018-02-26" v="8886000000"/>
        <price t="2018-02-27" v="8698000000"/>
        <price t="2018-02-28" v="8641000000"/>
        <price t="2018-03-01" v="8497000000"/>
        <price t="2018-03-02" v="8282000000"/>
        <price t="2018-03-05" v="8416000000"/>
        <price t="2018-03-06" v="8348000000"/>
        <price t="2018-03-07" v="8465000000"/>
        <price t="2018-03-08" v="8532000000"/>
        <price t="2018-03-09" v="8499000000"/>
        <price t="2018-03-12" v="8546000000"/>
        <price t="2018-03-13" v="8389000000"/>
        <price t="2018-03-14" v="8330000000"/>
        <price t="2018-03-15" v="8403000000"/>
        <price t="2018-03-16" v="8474000000"/>
        <price t="2018-03-19" v="8360000000"/>
        <price t="2018-03-20" v="8443000000"/>
        <price t="2018-03-21" v="8478000000"/>
        <price t="2018-03-22" v="8251000000"/>
        <price t="2018-03-23" v="8107000000"/>
        <price t="2018-03-26" v="8083000000"/>
        <price t="2018-03-27" v="8250000000"/>
        <price t="2018-03-28" v="8122000000"/>
        <price t="2018-03-29" v="8247000000"/>
        <price t="2018-04-03" v="8189000000"/>
        <price t="2018-04-04" v="8201000000"/>
        <price t="2018-04-05" v="8440000000"/>
        <price t="2018-04-06" v="8399000000"/>
        <price t="2018-04-09" v="8353000000"/>
        <price t="2018-04-10" v="8404000000"/>
        <price t="2018-04-11" v="8298000000"/>
        <price t="2018-04-12" v="8395000000"/>
        <price t="2018-04-13" v="8412000000"/>
        <price t="2018-04-16" v="8419000000"/>
        <price t="2018-04-17" v="8532000000"/>
        <price t="2018-04-18" v="8601000000"/>
        <price t="2018-04-19" v="8607000000"/>
        <price t="2018-04-20" v="8669000000"/>
        <price t="2018-04-23" v="8705000000"/>
        <price t="2018-04-24" v="8640000000"/>
        <price t="2018-04-25" v="8442000000"/>
        <price t="2018-04-26" v="8460000000"/>
        <price t="2018-04-27" v="8607000000"/>
        <price t="2018-04-30" v="8632000000"/>
        <price t="2018-05-02" v="8728000000"/>
        <price t="2018-05-03" v="8579000000"/>
        <price t="2018-05-04" v="8688000000"/>
        <price t="2018-05-07" v="8565000000"/>
        <price t="2018-05-08" v="8589000000"/>
        <price t="2018-05-09" v="8614000000"/>
        <price t="2018-05-10" v="8738000000"/>
        <price t="2018-05-11" v="8687000000"/>
        <price t="2018-05-14" v="8676000000"/>
        <price t="2018-05-15" v="8763000000"/>
        <price t="2018-05-16" v="8858000000"/>
        <price t="2018-05-17" v="8890000000"/>
        <price t="2018-05-18" v="8897000000"/>
        <price t="2018-05-22" v="8980000000"/>
        <price t="2018-05-23" v="8775000000"/>
        <price t="2018-05-24" v="8711000000"/>
        <price t="2018-05-25" v="8764000000"/>
        <price t="2018-05-28" v="8663000000"/>
        <price t="2018-05-29" v="8528000000"/>
        <price t="2018-05-30" v="8594000000"/>
        <price t="2018-05-31" v="8425000000"/>
        <price t="2018-06-01" v="8493000000"/>
        <price t="2018-06-04" v="8502000000"/>
        <price t="2018-06-05" v="8535000000"/>
        <price t="2018-06-06" v="8564000000"/>
        <price t="2018-06-07" v="8529000000"/>
        <price t="2018-06-08" v="8588000000"/>
        <price t="2018-06-11" v="8779000000"/>
        <price t="2018-06-12" v="8745000000"/>
        <price t="2018-06-13" v="8663000000"/>
        <price t="2018-06-14" v="8807000000"/>
        <price t="2018-06-15" v="8750000000"/>
        <price t="2018-06-18" v="8625000000"/>
        <price t="2018-06-19" v="8496000000"/>
        <price t="2018-06-20" v="8509000000"/>
        <price t="2018-06-21" v="8340000000"/>
        <price t="2018-06-22" v="8355000000"/>
        <price t="2018-06-25" v="8116000000"/>
        <price t="2018-06-26" v="8046000000"/>
        <price t="2018-06-27" v="8177000000"/>
        <price t="2018-06-28" v="8092000000"/>
        <price t="2018-06-29" v="8191000000"/>
        <price t="2018-07-02" v="8127000000"/>
        <price t="2018-07-03" v="8158000000"/>
        <price t="2018-07-04" v="8098000000"/>
        <price t="2018-07-05" v="8208000000"/>
        <price t="2018-07-06" v="8231000000"/>
        <price t="2018-07-09" v="8243000000"/>
        <price t="2018-07-10" v="8287000000"/>
        <price t="2018-07-11" v="8099000000"/>
        <price t="2018-07-12" v="8145000000"/>
        <price t="2018-07-13" v="8190000000"/>
        <price t="2018-07-16" v="8159000000"/>
        <price t="2018-07-17" v="8308000000"/>
        <price t="2018-07-18" v="8432000000"/>
        <price t="2018-07-19" v="8390000000"/>
        <price t="2018-07-20" v="8279000000"/>
        <price t="2018-07-23" v="8244000000"/>
        <price t="2018-07-24" v="8421000000"/>
        <price t="2018-07-25" v="8310000000"/>
        <price t="2018-07-26" v="8462000000"/>
        <price t="2018-07-27" v="8234000000"/>
        <price t="2018-07-30" v="8206000000"/>
        <price t="2018-07-31" v="8216000000"/>
        <price t="2018-08-01" v="8254000000"/>
        <price t="2018-08-02" v="8025000000"/>
        <price t="2018-08-03" v="8003000000"/>
        <price t="2018-08-06" v="8049000000"/>
        <price t="2018-08-07" v="8040000000"/>
        <price t="2018-08-08" v="8035000000"/>
        <price t="2018-08-09" v="8056000000"/>
        <price t="2018-08-10" v="7873000000"/>
        <price t="2018-08-13" v="7884000000"/>
        <price t="2018-08-14" v="7893000000"/>
        <price t="2018-08-15" v="7750000000"/>
        <price t="2018-08-16" v="7746000000"/>
        <price t="2018-08-17" v="7757000000"/>
        <price t="2018-08-20" v="7886000000"/>
        <price t="2018-08-21" v="7909000000"/>
        <price t="2018-08-22" v="7949000000"/>
        <price t="2018-08-23" v="7932000000"/>
        <price t="2018-08-24" v="7980000000"/>
        <price t="2018-08-27" v="8073000000"/>
        <price t="2018-08-28" v="8055000000"/>
        <price t="2018-08-29" v="8093000000"/>
        <price t="2018-08-30" v="8082000000"/>
        <price t="2018-08-31" v="7969000000"/>
        <price t="2018-09-03" v="7960000000"/>
        <price t="2018-09-04" v="7827000000"/>
        <price t="2018-09-05" v="7725000000"/>
        <price t="2018-09-06" v="7683000000"/>
        <price t="2018-09-07" v="7694000000"/>
        <price t="2018-09-10" v="7635000000"/>
        <price t="2018-09-11" v="7630000000"/>
        <price t="2018-09-12" v="7716000000"/>
        <price t="2018-09-13" v="7798000000"/>
        <price t="2018-09-14" v="7788000000"/>
        <price t="2018-09-17" v="7787000000"/>
        <price t="2018-09-18" v="7834000000"/>
        <price t="2018-09-19" v="7924000000"/>
        <price t="2018-09-20" v="8032000000"/>
        <price t="2018-09-21" v="8163000000"/>
        <price t="2018-09-24" v="8093000000"/>
        <price t="2018-09-25" v="7983000000"/>
        <price t="2018-09-26" v="7872000000"/>
        <price t="2018-09-27" v="7836000000"/>
        <price t="2018-09-28" v="7655000000"/>
        <price t="2018-10-01" v="7663000000"/>
        <price t="2018-10-02" v="7626000000"/>
        <price t="2018-10-04" v="7534000000"/>
        <price t="2018-10-05" v="7469000000"/>
        <price t="2018-10-08" v="7422000000"/>
        <price t="2018-10-09" v="7329000000"/>
        <price t="2018-10-10" v="7169000000"/>
        <price t="2018-10-11" v="7000000000"/>
        <price t="2018-10-12" v="6902000000"/>
        <price t="2018-10-15" v="6917000000"/>
        <price t="2018-10-16" v="6923000000"/>
        <price t="2018-10-17" v="6902000000"/>
        <price t="2018-10-18" v="6818000000"/>
        <price t="2018-10-19" v="6765000000"/>
        <price t="2018-10-22" v="6749000000"/>
        <price t="2018-10-23" v="6668000000"/>
        <price t="2018-10-24" v="6580000000"/>
        <price t="2018-10-25" v="6666000000"/>
        <price t="2018-10-26" v="6645000000"/>
        <price t="2018-10-29" v="6666000000"/>
        <price t="2018-10-30" v="6618000000"/>
        <price t="2018-10-31" v="6803000000"/>
        <price t="2018-11-01" v="6778000000"/>
        <price t="2018-11-02" v="6951000000"/>
        <price t="2018-11-05" v="6946000000"/>
        <price t="2018-11-06" v="6882000000"/>
        <price t="2018-11-07" v="6933000000"/>
        <price t="2018-11-08" v="6906000000"/>
        <price t="2018-11-09" v="6885000000"/>
        <price t="2018-11-12" v="6782000000"/>
        <price t="2018-11-13" v="6958000000"/>
        <price t="2018-11-14" v="6917000000"/>
        <price t="2018-11-15" v="6965000000"/>
        <price t="2018-11-16" v="6937000000"/>
        <price t="2018-11-19" v="6902000000"/>
        <price t="2018-11-20" v="6616000000"/>
        <price t="2018-11-21" v="6695000000"/>
        <price t="2018-11-22" v="6573000000"/>
        <price t="2018-11-23" v="6570000000"/>
        <price t="2018-11-26" v="6615000000"/>
        <price t="2018-11-27" v="6520000000"/>
        <price t="2018-11-28" v="6519000000"/>
        <price t="2018-11-29" v="6486000000"/>
        <price t="2018-11-30" v="6437000000"/>
        <price t="2018-12-03" v="6534000000"/>
        <price t="2018-12-04" v="6400000000"/>
        <price t="2018-12-05" v="6301000000"/>
        <price t="2018-12-06" v="6095000000"/>
        <price t="2018-12-07" v="6069000000"/>
        <price t="2018-12-10" v="5840000000"/>
        <price t="2018-12-11" v="5888000000"/>
        <price t="2018-12-12" v="5968000000"/>
        <price t="2018-12-13" v="6038000000"/>
        <price t="2018-12-14" v="6010000000"/>
        <price t="2018-12-17" v="5924000000"/>
        <price t="2018-12-18" v="5946000000"/>
        <price t="2018-12-19" v="6034000000"/>
        <price t="2018-12-20" v="5975000000"/>
        <price t="2018-12-21" v="6072000000"/>
        <price t="2018-12-27" v="5967000000"/>
        <price t="2018-12-28" v="6040000000"/>
        <price t="2019-01-02" v="6072000000"/>
        <price t="2019-01-03" v="6002000000"/>
        <price t="2019-01-04" v="6319000000"/>
        <price t="2019-01-07" v="6290000000"/>
        <price t="2019-01-08" v="6322000000"/>
        <price t="2019-01-09" v="6333000000"/>
        <price t="2019-01-10" v="6350000000"/>
        <price t="2019-01-11" v="6303000000"/>
        <price t="2019-01-14" v="6261000000"/>
        <price t="2019-01-15" v="6300000000"/>
        <price t="2019-01-16" v="6287000000"/>
        <price t="2019-01-17" v="6300000000"/>
        <price t="2019-01-18" v="6560000000"/>
        <price t="2019-01-21" v="6515000000"/>
        <price t="2019-01-22" v="6434000000"/>
        <price t="2019-01-23" v="6316000000"/>
        <price t="2019-01-24" v="6349000000"/>
        <price t="2019-01-25" v="6509000000"/>
        <price t="2019-01-28" v="6454000000"/>
        <price t="2019-01-29" v="6524000000"/>
        <price t="2019-01-30" v="6551000000"/>
        <price t="2019-01-31" v="6382000000"/>
        <price t="2019-02-01" v="6449000000"/>
        <price t="2019-02-04" v="6475000000"/>
        <price t="2019-02-05" v="6616000000"/>
        <price t="2019-02-06" v="6585000000"/>
        <price t="2019-02-07" v="6316000000"/>
        <price t="2019-02-08" v="6256000000"/>
        <price t="2019-02-11" v="6331000000"/>
        <price t="2019-02-12" v="6500000000"/>
        <price t="2019-02-13" v="6485000000"/>
        <price t="2019-02-14" v="6452000000"/>
        <price t="2019-02-15" v="6632000000"/>
        <price t="2019-02-18" v="6614000000"/>
        <price t="2019-02-19" v="6586000000"/>
        <price t="2019-02-20" v="6632000000"/>
        <price t="2019-02-21" v="6574000000"/>
        <price t="2019-02-22" v="6525000000"/>
        <price t="2019-02-25" v="6479000000"/>
        <price t="2019-02-26" v="6756000000"/>
        <price t="2019-02-27" v="6728000000"/>
        <price t="2019-02-28" v="6699000000"/>
        <price t="2019-03-01" v="6806000000"/>
        <price t="2019-03-04" v="6831000000"/>
        <price t="2019-03-05" v="6813000000"/>
        <price t="2019-03-06" v="6808000000"/>
        <price t="2019-03-07" v="6706000000"/>
        <price t="2019-03-08" v="6640000000"/>
        <price t="2019-03-11" v="6686000000"/>
        <price t="2019-03-12" v="6680000000"/>
        <price t="2019-03-13" v="6708000000"/>
        <price t="2019-03-14" v="6619000000"/>
        <price t="2019-03-15" v="6751000000"/>
        <price t="2019-03-18" v="6695000000"/>
        <price t="2019-03-19" v="6780000000"/>
        <price t="2019-03-20" v="6750000000"/>
        <price t="2019-03-21" v="6708000000"/>
        <price t="2019-03-22" v="6551000000"/>
        <price t="2019-03-25" v="6532000000"/>
        <price t="2019-03-26" v="6527000000"/>
        <price t="2019-03-27" v="6512000000"/>
        <price t="2019-03-28" v="6554000000"/>
        <price t="2019-03-29" v="6553000000"/>
        <price t="2019-04-01" v="6666000000"/>
        <price t="2019-04-02" v="6718000000"/>
        <price t="2019-04-03" v="6937000000"/>
        <price t="2019-04-04" v="6912000000"/>
        <price t="2019-04-05" v="6946000000"/>
        <price t="2019-04-08" v="6922000000"/>
        <price t="2019-04-09" v="6871000000"/>
        <price t="2019-04-10" v="6883000000"/>
        <price t="2019-04-11" v="6961000000"/>
        <price t="2019-04-12" v="7179000000"/>
        <price t="2019-04-15" v="7215000000"/>
        <price t="2019-04-16" v="7293000000"/>
        <price t="2019-04-17" v="7393000000"/>
        <price t="2019-04-18" v="7416000000"/>
        <price t="2019-04-23" v="7449000000"/>
        <price t="2019-04-24" v="7317000000"/>
        <price t="2019-04-25" v="7276000000"/>
        <price t="2019-04-26" v="7282000000"/>
        <price t="2019-04-29" v="7248000000"/>
        <price t="2019-04-30" v="7249000000"/>
        <price t="2019-05-02" v="7233000000"/>
        <price t="2019-05-03" v="7287000000"/>
        <price t="2019-05-06" v="6900000000"/>
        <price t="2019-05-07" v="6645000000"/>
        <price t="2019-05-08" v="6673000000"/>
        <price t="2019-05-09" v="6552000000"/>
        <price t="2019-05-10" v="6523000000"/>
        <price t="2019-05-13" v="6315000000"/>
        <price t="2019-05-14" v="6314000000"/>
        <price t="2019-05-15" v="6357000000"/>
        <price t="2019-05-16" v="6460000000"/>
        <price t="2019-05-17" v="6356000000"/>
        <price t="2019-05-20" v="6193000000"/>
        <price t="2019-05-21" v="6222000000"/>
        <price t="2019-05-22" v="6204000000"/>
        <price t="2019-05-23" v="6056000000"/>
        <price t="2019-05-24" v="6073000000"/>
        <price t="2019-05-27" v="6099000000"/>
        <price t="2019-05-28" v="5989000000"/>
        <price t="2019-05-29" v="5957000000"/>
        <price t="2019-05-30" v="5982000000"/>
        <price t="2019-05-31" v="5906000000"/>
        <price t="2019-06-03" v="5915000000"/>
        <price t="2019-06-04" v="6132000000"/>
        <price t="2019-06-05" v="6106000000"/>
        <price t="2019-06-06" v="6088000000"/>
        <price t="2019-06-07" v="6128000000"/>
        <price t="2019-06-11" v="6278000000"/>
        <price t="2019-06-12" v="6195000000"/>
        <price t="2019-06-13" v="6164000000"/>
        <price t="2019-06-14" v="6048000000"/>
        <price t="2019-06-17" v="5998000000"/>
        <price t="2019-06-18" v="6159000000"/>
        <price t="2019-06-19" v="6220000000"/>
        <price t="2019-06-20" v="6254000000"/>
        <price t="2019-06-21" v="6269000000"/>
        <price t="2019-06-24" v="6205000000"/>
        <price t="2019-06-25" v="6174000000"/>
        <price t="2019-06-26" v="6212000000"/>
        <price t="2019-06-27" v="6308000000"/>
        <price t="2019-06-28" v="6392000000"/>
        <price t="2019-07-01" v="6396000000"/>
        <price t="2019-07-02" v="6273000000"/>
        <price t="2019-07-03" v="6258000000"/>
        <price t="2019-07-04" v="6268000000"/>
        <price t="2019-07-05" v="6256000000"/>
        <price t="2019-07-08" v="6259000000"/>
        <price t="2019-07-09" v="6051000000"/>
        <price t="2019-07-10" v="6012000000"/>
        <price t="2019-07-11" v="5950000000"/>
        <price t="2019-07-12" v="6022000000"/>
        <price t="2019-07-15" v="6103000000"/>
        <price t="2019-07-16" v="6171000000"/>
        <price t="2019-07-17" v="6084000000"/>
        <price t="2019-07-18" v="6043000000"/>
        <price t="2019-07-19" v="6080000000"/>
        <price t="2019-07-22" v="6126000000"/>
        <price t="2019-07-23" v="6367000000"/>
        <price t="2019-07-24" v="6386000000"/>
        <price t="2019-07-25" v="6276000000"/>
        <price t="2019-07-26" v="6194000000"/>
        <price t="2019-07-29" v="6221000000"/>
        <price t="2019-07-30" v="6044000000"/>
        <price t="2019-07-31" v="6053000000"/>
        <price t="2019-08-01" v="6070000000"/>
        <price t="2019-08-02" v="5821000000"/>
        <price t="2019-08-05" v="5661000000"/>
        <price t="2019-08-06" v="5653000000"/>
        <price t="2019-08-07" v="5678000000"/>
        <price t="2019-08-08" v="5849000000"/>
        <price t="2019-08-09" v="5813000000"/>
        <price t="2019-08-12" v="5800000000"/>
        <price t="2019-08-13" v="5867000000"/>
        <price t="2019-08-14" v="5732000000"/>
        <price t="2019-08-15" v="5620000000"/>
        <price t="2019-08-16" v="5685000000"/>
        <price t="2019-08-19" v="5797000000"/>
        <price t="2019-08-20" v="5785000000"/>
        <price t="2019-08-21" v="5899000000"/>
        <price t="2019-08-22" v="5906000000"/>
        <price t="2019-08-23" v="5807000000"/>
        <price t="2019-08-26" v="5800000000"/>
        <price t="2019-08-27" v="5824000000"/>
        <price t="2019-08-28" v="5848000000"/>
        <price t="2019-08-29" v="5967000000"/>
        <price t="2019-08-30" v="6018000000"/>
        <price t="2019-09-02" v="6001000000"/>
        <price t="2019-09-03" v="5936000000"/>
        <price t="2019-09-04" v="6021000000"/>
        <price t="2019-09-05" v="6101000000"/>
        <price t="2019-09-06" v="6146000000"/>
        <price t="2019-09-09" v="6228000000"/>
        <price t="2019-09-10" v="6387000000"/>
        <price t="2019-09-11" v="6466000000"/>
        <price t="2019-09-12" v="6441000000"/>
        <price t="2019-09-13" v="6575000000"/>
        <price t="2019-09-16" v="6567000000"/>
        <price t="2019-09-17" v="6428000000"/>
        <price t="2019-09-18" v="6402000000"/>
        <price t="2019-09-19" v="6392000000"/>
        <price t="2019-09-20" v="6389000000"/>
        <price t="2019-09-23" v="6342000000"/>
        <price t="2019-09-24" v="6200000000"/>
        <price t="2019-09-25" v="6183000000"/>
        <price t="2019-09-26" v="6199000000"/>
        <price t="2019-09-27" v="6354000000"/>
        <price t="2019-09-30" v="6412000000"/>
        <price t="2019-10-01" v="6325000000"/>
        <price t="2019-10-02" v="6177000000"/>
        <price t="2019-10-04" v="6161000000"/>
        <price t="2019-10-07" v="6240000000"/>
        <price t="2019-10-08" v="6160000000"/>
        <price t="2019-10-09" v="6205000000"/>
        <price t="2019-10-10" v="6298000000"/>
        <price t="2019-10-11" v="6486000000"/>
        <price t="2019-10-14" v="6459000000"/>
        <price t="2019-10-15" v="6546000000"/>
        <price t="2019-10-16" v="6621000000"/>
        <price t="2019-10-17" v="6613000000"/>
        <price t="2019-10-18" v="6631000000"/>
        <price t="2019-10-21" v="6761000000"/>
        <price t="2019-10-22" v="6724000000"/>
        <price t="2019-10-23" v="6779000000"/>
        <price t="2019-10-24" v="7008000000"/>
        <price t="2019-10-25" v="7062000000"/>
        <price t="2019-10-28" v="6999000000"/>
        <price t="2019-10-29" v="7000000000"/>
        <price t="2019-10-30" v="6881000000"/>
        <price t="2019-10-31" v="6823000000"/>
        <price t="2019-11-01" v="6900000000"/>
        <price t="2019-11-04" v="7029000000"/>
        <price t="2019-11-05" v="7103000000"/>
        <price t="2019-11-06" v="7137000000"/>
        <price t="2019-11-07" v="7148000000"/>
        <price t="2019-11-08" v="7098000000"/>
        <price t="2019-11-11" v="7037000000"/>
        <price t="2019-11-12" v="7107000000"/>
        <price t="2019-11-13" v="7005000000"/>
        <price t="2019-11-14" v="7021000000"/>
        <price t="2019-11-15" v="7049000000"/>
        <price t="2019-11-18" v="6986000000"/>
        <price t="2019-11-19" v="6978000000"/>
        <price t="2019-11-20" v="6958000000"/>
        <price t="2019-11-21" v="6945000000"/>
        <price t="2019-11-22" v="6968000000"/>
        <price t="2019-11-25" v="6995000000"/>
        <price t="2019-11-26" v="6919000000"/>
        <price t="2019-11-27" v="6883000000"/>
        <price t="2019-11-28" v="6875000000"/>
        <price t="2019-11-29" v="6822000000"/>
        <price t="2019-12-02" v="6758000000"/>
        <price t="2019-12-03" v="6738000000"/>
        <price t="2019-12-04" v="6835000000"/>
        <price t="2019-12-05" v="6787000000"/>
        <price t="2019-12-06" v="6829000000"/>
        <price t="2019-12-09" v="6779000000"/>
        <price t="2019-12-10" v="6735000000"/>
        <price t="2019-12-11" v="6755000000"/>
        <price t="2019-12-12" v="6809000000"/>
        <price t="2019-12-13" v="6838000000"/>
        <price t="2019-12-16" v="6885000000"/>
        <price t="2019-12-17" v="6725000000"/>
        <price t="2019-12-18" v="6702000000"/>
        <price t="2019-12-19" v="6729000000"/>
        <price t="2019-12-20" v="6794000000"/>
        <price t="2019-12-23" v="6754000000"/>
        <price t="2019-12-27" v="6790000000"/>
        <price t="2019-12-30" v="6735000000"/>
        <price t="2020-01-02" v="6829000000"/>
        <price t="2020-01-03" v="6727000000"/>
        <price t="2020-01-06" v="6627000000"/>
        <price t="2020-01-07" v="6630000000"/>
        <price t="2020-01-08" v="6573000000"/>
        <price t="2020-01-09" v="6631000000"/>
        <price t="2020-01-10" v="6583000000"/>
        <price t="2020-01-13" v="6579000000"/>
        <price t="2020-01-14" v="6476000000"/>
        <price t="2020-01-15" v="6435000000"/>
        <price t="2020-01-16" v="6439000000"/>
        <price t="2020-01-17" v="6452000000"/>
        <price t="2020-01-20" v="6491000000"/>
        <price t="2020-01-21" v="6470000000"/>
        <price t="2020-01-22" v="6416000000"/>
        <price t="2020-01-23" v="6309000000"/>
        <price t="2020-01-24" v="6369000000"/>
        <price t="2020-01-27" v="6213000000"/>
        <price t="2020-01-28" v="6284000000"/>
        <price t="2020-01-29" v="6306000000"/>
        <price t="2020-01-30" v="6200000000"/>
        <price t="2020-01-31" v="6107000000"/>
        <price t="2020-02-03" v="6070000000"/>
        <price t="2020-02-04" v="6199000000"/>
        <price t="2020-02-05" v="6289000000"/>
        <price t="2020-02-06" v="6294000000"/>
        <price t="2020-02-07" v="6244000000"/>
        <price t="2020-02-10" v="6269000000"/>
        <price t="2020-02-11" v="6317000000"/>
        <price t="2020-02-12" v="6386000000"/>
        <price t="2020-02-13" v="6268000000"/>
        <price t="2020-02-14" v="6251000000"/>
        <price t="2020-02-17" v="6187000000"/>
        <price t="2020-02-18" v="6100000000"/>
        <price t="2020-02-19" v="6110000000"/>
        <price t="2020-02-20" v="6140000000"/>
        <price t="2020-02-21" v="6074000000"/>
        <price t="2020-02-24" v="5873000000"/>
        <price t="2020-02-25" v="5759000000"/>
        <price t="2020-02-26" v="5742000000"/>
        <price t="2020-02-27" v="5584000000"/>
        <price t="2020-02-28" v="5308000000"/>
        <price t="2020-03-02" v="5306000000"/>
        <price t="2020-03-03" v="5353000000"/>
        <price t="2020-03-04" v="5418000000"/>
        <price t="2020-03-05" v="5332000000"/>
        <price t="2020-03-06" v="5267000000"/>
        <price t="2020-03-09" v="4710500000"/>
        <price t="2020-03-10" v="4621000000"/>
        <price t="2020-03-11" v="4638000000"/>
        <price t="2020-03-12" v="4091000000"/>
        <price t="2020-03-13" v="4125000000"/>
        <price t="2020-03-16" v="3903500000"/>
        <price t="2020-03-17" v="4106000000"/>
        <price t="2020-03-18" v="3929000000"/>
        <price t="2020-03-19" v="4020500000"/>
        <price t="2020-03-20" v="4079500000"/>
        <price t="2020-03-23" v="3963500000"/>
        <price t="2020-03-24" v="4371500000"/>
        <price t="2020-03-25" v="4284000000"/>
        <price t="2020-03-26" v="4307500000"/>
        <price t="2020-03-27" v="4108500000"/>
        <price t="2020-03-30" v="4245500000"/>
        <price t="2020-03-31" v="4314500000"/>
        <price t="2020-04-01" v="4099000000"/>
        <price t="2020-04-02" v="4158000000"/>
        <price t="2020-04-03" v="4075500000"/>
        <price t="2020-04-06" v="4422500000"/>
        <price t="2020-04-07" v="4606500000"/>
        <price t="2020-04-08" v="4566500000"/>
        <price t="2020-04-09" v="4689500000"/>
        <price t="2020-04-14" v="4655000000"/>
        <price t="2020-04-15" v="4398000000"/>
        <price t="2020-04-16" v="4358500000"/>
        <price t="2020-04-17" v="4557500000"/>
        <price t="2020-04-20" v="4551000000"/>
        <price t="2020-04-21" v="4300000000"/>
        <price t="2020-04-22" v="4407000000"/>
        <price t="2020-04-23" v="4495000000"/>
        <price t="2020-04-24" v="4369500000"/>
        <price t="2020-04-27" v="4542000000"/>
        <price t="2020-04-28" v="4727000000"/>
        <price t="2020-04-29" v="4924500000"/>
        <price t="2020-04-30" v="4668500000"/>
        <price t="2020-05-04" v="4543000000"/>
        <price t="2020-05-05" v="4624500000"/>
        <price t="2020-05-06" v="4481500000"/>
        <price t="2020-05-07" v="4558000000"/>
        <price t="2020-05-08" v="4624000000"/>
        <price t="2020-05-11" v="4524000000"/>
        <price t="2020-05-12" v="4507000000"/>
        <price t="2020-05-13" v="4292000000"/>
        <price t="2020-05-14" v="4221000000"/>
        <price t="2020-05-15" v="4277500000"/>
        <price t="2020-05-18" v="4581000000"/>
        <price t="2020-05-19" v="4577000000"/>
        <price t="2020-05-20" v="4616000000"/>
        <price t="2020-05-21" v="4555500000"/>
        <price t="2020-05-22" v="4536000000"/>
        <price t="2020-05-25" v="4671000000"/>
        <price t="2020-05-26" v="4759000000"/>
        <price t="2020-05-27" v="4975000000"/>
        <price t="2020-05-28" v="5054000000"/>
        <price t="2020-05-29" v="4864500000"/>
        <price t="2020-06-02" v="5192000000"/>
        <price t="2020-06-03" v="5519000000"/>
        <price t="2020-06-04" v="5540000000"/>
        <price t="2020-06-05" v="5743000000"/>
        <price t="2020-06-08" v="5766000000"/>
        <price t="2020-06-09" v="5623000000"/>
        <price t="2020-06-10" v="5520000000"/>
        <price t="2020-06-11" v="5151000000"/>
        <price t="2020-06-12" v="5112000000"/>
        <price t="2020-06-15" v="5101000000"/>
        <price t="2020-06-16" v="5289000000"/>
        <price t="2020-06-17" v="5301000000"/>
        <price t="2020-06-18" v="5401000000"/>
        <price t="2020-06-19" v="5094000000"/>
        <price t="2020-06-22" v="5041000000"/>
        <price t="2020-06-23" v="5150000000"/>
        <price t="2020-06-24" v="4964500000"/>
        <price t="2020-06-25" v="4969500000"/>
        <price t="2020-06-26" v="4869500000"/>
        <price t="2020-06-29" v="5013000000"/>
        <price t="2020-06-30" v="4988000000"/>
        <price t="2020-07-01" v="4932500000"/>
        <price t="2020-07-02" v="5097000000"/>
        <price t="2020-07-03" v="5047000000"/>
        <price t="2020-07-06" v="5081000000"/>
        <price t="2020-07-07" v="5100000000"/>
        <price t="2020-07-08" v="5001000000"/>
        <price t="2020-07-09" v="4961500000"/>
        <price t="2020-07-10" v="5008000000"/>
        <price t="2020-07-13" v="5105000000"/>
        <price t="2020-07-14" v="5111000000"/>
        <price t="2020-07-15" v="5182000000"/>
        <price t="2020-07-16" v="5199000000"/>
        <price t="2020-07-17" v="5205000000"/>
        <price t="2020-07-20" v="5256000000"/>
        <price t="2020-07-21" v="5303000000"/>
        <price t="2020-07-22" v="5361000000"/>
        <price t="2020-07-23" v="5339000000"/>
        <price t="2020-07-24" v="5244000000"/>
        <price t="2020-07-27" v="5186000000"/>
        <price t="2020-07-28" v="5208000000"/>
        <price t="2020-07-29" v="4953000000"/>
        <price t="2020-07-30" v="4764000000"/>
        <price t="2020-07-31" v="4681000000"/>
        <price t="2020-08-03" v="4834000000"/>
        <price t="2020-08-04" v="4798000000"/>
        <price t="2020-08-05" v="4899000000"/>
        <price t="2020-08-06" v="4860500000"/>
        <price t="2020-08-07" v="4835500000"/>
        <price t="2020-08-10" v="4915500000"/>
        <price t="2020-08-11" v="5061000000"/>
        <price t="2020-08-12" v="5147000000"/>
        <price t="2020-08-13" v="5098000000"/>
        <price t="2020-08-14" v="5030000000"/>
        <price t="2020-08-17" v="5031000000"/>
        <price t="2020-08-18" v="5044000000"/>
        <price t="2020-08-19" v="5074000000"/>
        <price t="2020-08-20" v="4976500000"/>
        <price t="2020-08-21" v="4956500000"/>
        <price t="2020-08-24" v="5170000000"/>
        <price t="2020-08-25" v="5178000000"/>
        <price t="2020-08-26" v="5214000000"/>
        <price t="2020-08-27" v="5179000000"/>
        <price t="2020-08-28" v="5132000000"/>
        <price t="2020-08-31" v="5106000000"/>
        <price t="2020-09-01" v="5063000000"/>
        <price t="2020-09-02" v="5138000000"/>
        <price t="2020-09-03" v="5183000000"/>
        <price t="2020-09-04" v="5212000000"/>
        <price t="2020-09-07" v="5317000000"/>
        <price t="2020-09-08" v="5397000000"/>
        <price t="2020-09-09" v="5473000000"/>
        <price t="2020-09-10" v="5451000000"/>
        <price t="2020-09-11" v="5487000000"/>
        <price t="2020-09-14" v="5523000000"/>
        <price t="2020-09-15" v="5491000000"/>
        <price t="2020-09-16" v="5506000000"/>
        <price t="2020-09-17" v="5515000000"/>
        <price t="2020-09-18" v="5419000000"/>
        <price t="2020-09-21" v="5062000000"/>
        <price t="2020-09-22" v="5047000000"/>
        <price t="2020-09-23" v="5028000000"/>
        <price t="2020-09-24" v="4998500000"/>
        <price t="2020-09-25" v="4953000000"/>
        <price t="2020-09-28" v="5182000000"/>
        <price t="2020-09-29" v="5234000000"/>
        <price t="2020-09-30" v="5198000000"/>
        <price t="2020-10-01" v="5137000000"/>
        <price t="2020-10-02" v="5203000000"/>
        <price t="2020-10-05" v="5334000000"/>
        <price t="2020-10-06" v="5395000000"/>
        <price t="2020-10-07" v="5568000000"/>
        <price t="2020-10-08" v="5720000000"/>
        <price t="2020-10-09" v="5504000000"/>
        <price t="2020-10-12" v="5472000000"/>
        <price t="2020-10-13" v="5433000000"/>
        <price t="2020-10-14" v="5447000000"/>
        <price t="2020-10-15" v="5245000000"/>
        <price t="2020-10-16" v="5360000000"/>
        <price t="2020-10-19" v="5321000000"/>
        <price t="2020-10-20" v="5293000000"/>
        <price t="2020-10-21" v="5210000000"/>
        <price t="2020-10-22" v="5179000000"/>
        <price t="2020-10-23" v="5227000000"/>
        <price t="2020-10-26" v="5120000000"/>
        <price t="2020-10-27" v="5033000000"/>
        <price t="2020-10-28" v="4694500000"/>
        <price t="2020-10-29" v="4662500000"/>
        <price t="2020-10-30" v="4707000000"/>
        <price t="2020-11-02" v="4834000000"/>
        <price t="2020-11-03" v="4972500000"/>
        <price t="2020-11-04" v="5007000000"/>
        <price t="2020-11-05" v="5054000000"/>
        <price t="2020-11-06" v="5033000000"/>
        <price t="2020-11-09" v="5573000000"/>
        <price t="2020-11-10" v="5752000000"/>
        <price t="2020-11-11" v="5643000000"/>
        <price t="2020-11-12" v="5561000000"/>
        <price t="2020-11-13" v="5600000000"/>
        <price t="2020-11-16" v="5728000000"/>
        <price t="2020-11-17" v="5796000000"/>
        <price t="2020-11-18" v="5871000000"/>
        <price t="2020-11-19" v="5778000000"/>
        <price t="2020-11-20" v="5765000000"/>
        <price t="2020-11-23" v="5838000000"/>
        <price t="2020-11-24" v="6115000000"/>
        <price t="2020-11-25" v="6021000000"/>
        <price t="2020-11-26" v="6007000000"/>
        <price t="2020-11-27" v="6092000000"/>
        <price t="2020-11-30" v="6133000000"/>
        <price t="2020-12-01" v="6111000000"/>
        <price t="2020-12-02" v="6097000000"/>
        <price t="2020-12-03" v="6066000000"/>
        <price t="2020-12-04" v="6104000000"/>
        <price t="2020-12-07" v="6075000000"/>
        <price t="2020-12-08" v="6162000000"/>
        <price t="2020-12-09" v="6344000000"/>
        <price t="2020-12-10" v="6404000000"/>
        <price t="2020-12-11" v="6311000000"/>
        <price t="2020-12-14" v="6390000000"/>
        <price t="2020-12-15" v="6476000000"/>
        <price t="2020-12-16" v="6420000000"/>
        <price t="2020-12-17" v="6490000000"/>
        <price t="2020-12-18" v="6452000000"/>
        <price t="2020-12-21" v="6353000000"/>
        <price t="2020-12-22" v="6385000000"/>
        <price t="2020-12-23" v="6469000000"/>
        <price t="2020-12-28" v="6522000000"/>
        <price t="2020-12-29" v="6507000000"/>
        <price t="2020-12-30" v="6472000000"/>
        <price t="2021-01-04" v="6489000000"/>
        <price t="2021-01-05" v="6440000000"/>
        <price t="2021-01-06" v="6737000000"/>
        <price t="2021-01-07" v="6841000000"/>
        <price t="2021-01-08" v="6858000000"/>
        <price t="2021-01-11" v="6755000000"/>
        <price t="2021-01-12" v="6790000000"/>
        <price t="2021-01-13" v="6803000000"/>
        <price t="2021-01-14" v="6810000000"/>
        <price t="2021-01-15" v="6729000000"/>
        <price t="2021-01-18" v="6748000000"/>
        <price t="2021-01-19" v="6659000000"/>
        <price t="2021-01-20" v="6736000000"/>
        <price t="2021-01-21" v="6733000000"/>
        <price t="2021-01-22" v="6628000000"/>
        <price t="2021-01-25" v="6453000000"/>
        <price t="2021-01-26" v="6524000000"/>
        <price t="2021-01-27" v="6388000000"/>
        <price t="2021-01-28" v="6453000000"/>
        <price t="2021-01-29" v="6383000000"/>
        <price t="2021-02-01" v="6481000000"/>
        <price t="2021-02-02" v="6543000000"/>
        <price t="2021-02-03" v="6616000000"/>
        <price t="2021-02-04" v="6666000000"/>
        <price t="2021-02-05" v="6681000000"/>
        <price t="2021-02-08" v="6736000000"/>
        <price t="2021-02-09" v="6727000000"/>
        <price t="2021-02-10" v="6715000000"/>
        <price t="2021-02-11" v="6707000000"/>
        <price t="2021-02-12" v="6682000000"/>
        <price t="2021-02-15" v="6740000000"/>
        <price t="2021-02-16" v="6767000000"/>
        <price t="2021-02-17" v="6716000000"/>
        <price t="2021-02-18" v="6703000000"/>
        <price t="2021-02-19" v="6800000000"/>
        <price t="2021-02-22" v="6899000000"/>
        <price t="2021-02-23" v="6832000000"/>
        <price t="2021-02-24" v="6940000000"/>
        <price t="2021-02-25" v="6816000000"/>
        <price t="2021-02-26" v="6773000000"/>
        <price t="2021-03-01" v="6909000000"/>
        <price t="2021-03-02" v="7027000000"/>
        <price t="2021-03-03" v="7114000000"/>
        <price t="2021-03-04" v="7108000000"/>
        <price t="2021-03-05" v="7068000000"/>
        <price t="2021-03-08" v="7261000000"/>
        <price t="2021-03-09" v="7178000000"/>
        <price t="2021-03-10" v="7250000000"/>
        <price t="2021-03-11" v="7219000000"/>
        <price t="2021-03-12" v="7260000000"/>
        <price t="2021-03-15" v="7056000000"/>
        <price t="2021-03-16" v="7009000000"/>
        <price t="2021-03-17" v="7076000000"/>
        <price t="2021-03-18" v="7260000000"/>
        <price t="2021-03-19" v="6997000000"/>
        <price t="2021-03-22" v="6958000000"/>
        <price t="2021-03-23" v="6901000000"/>
        <price t="2021-03-24" v="6998000000"/>
        <price t="2021-03-25" v="7046000000"/>
        <price t="2021-03-26" v="6982000000"/>
        <price t="2021-03-29" v="7003000000"/>
        <price t="2021-03-30" v="7188000000"/>
        <price t="2021-03-31" v="7084000000"/>
        <price t="2021-04-01" v="7105000000"/>
        <price t="2021-04-06" v="7224000000"/>
        <price t="2021-04-07" v="7235000000"/>
        <price t="2021-04-08" v="7145000000"/>
        <price t="2021-04-09" v="7149000000"/>
        <price t="2021-04-12" v="7108000000"/>
        <price t="2021-04-13" v="7114000000"/>
        <price t="2021-04-14" v="7096000000"/>
        <price t="2021-04-15" v="7103000000"/>
        <price t="2021-04-16" v="7245000000"/>
        <price t="2021-04-19" v="7176000000"/>
        <price t="2021-04-20" v="7097000000"/>
        <price t="2021-04-21" v="7112000000"/>
        <price t="2021-04-22" v="7018000000"/>
        <price t="2021-04-23" v="7042000000"/>
        <price t="2021-04-26" v="7135000000"/>
        <price t="2021-04-27" v="7107000000"/>
        <price t="2021-04-28" v="7089000000"/>
        <price t="2021-04-29" v="7052000000"/>
        <price t="2021-04-30" v="6708000000"/>
        <price t="2021-05-03" v="6706000000"/>
        <price t="2021-05-04" v="6683000000"/>
        <price t="2021-05-05" v="6936000000"/>
        <price t="2021-05-06" v="7022000000"/>
        <price t="2021-05-07" v="7038000000"/>
        <price t="2021-05-10" v="7076000000"/>
        <price t="2021-05-11" v="6925000000"/>
        <price t="2021-05-12" v="6913000000"/>
        <price t="2021-05-13" v="6891000000"/>
        <price t="2021-05-14" v="6913000000"/>
        <price t="2021-05-17" v="6916000000"/>
        <price t="2021-05-18" v="6897000000"/>
        <price t="2021-05-19" v="6724000000"/>
        <price t="2021-05-20" v="6764000000"/>
        <price t="2021-05-21" v="6784000000"/>
        <price t="2021-05-25" v="6711000000"/>
        <price t="2021-05-26" v="6675000000"/>
        <price t="2021-05-27" v="6637000000"/>
        <price t="2021-05-28" v="6715000000"/>
        <price t="2021-05-31" v="6666000000"/>
        <price t="2021-06-01" v="6795000000"/>
        <price t="2021-06-02" v="6813000000"/>
        <price t="2021-06-03" v="6835000000"/>
        <price t="2021-06-04" v="6855000000"/>
        <price t="2021-06-07" v="6851000000"/>
        <price t="2021-06-08" v="6825000000"/>
        <price t="2021-06-09" v="6745000000"/>
        <price t="2021-06-10" v="6718000000"/>
        <price t="2021-06-11" v="6751000000"/>
        <price t="2021-06-14" v="6724000000"/>
        <price t="2021-06-15" v="6705000000"/>
        <price t="2021-06-16" v="6647000000"/>
        <price t="2021-06-17" v="6611000000"/>
        <price t="2021-06-18" v="6456000000"/>
        <price t="2021-06-21" v="6569000000"/>
        <price t="2021-06-22" v="6615000000"/>
        <price t="2021-06-23" v="6530000000"/>
        <price t="2021-06-24" v="6561000000"/>
        <price t="2021-06-25" v="6605000000"/>
        <price t="2021-06-28" v="6530000000"/>
        <price t="2021-06-29" v="6683000000"/>
        <price t="2021-06-30" v="6644000000"/>
        <price t="2021-07-01" v="6719000000"/>
        <price t="2021-07-02" v="6718000000"/>
        <price t="2021-07-05" v="6750000000"/>
        <price t="2021-07-06" v="6604000000"/>
        <price t="2021-07-07" v="6640000000"/>
        <price t="2021-07-08" v="6574000000"/>
        <price t="2021-07-09" v="6801000000"/>
        <price t="2021-07-12" v="6810000000"/>
        <price t="2021-07-13" v="6790000000"/>
        <price t="2021-07-14" v="6792000000"/>
        <price t="2021-07-15" v="6740000000"/>
        <price t="2021-07-16" v="6701000000"/>
        <price t="2021-07-19" v="6454000000"/>
        <price t="2021-07-20" v="6540000000"/>
        <price t="2021-07-21" v="6649000000"/>
        <price t="2021-07-22" v="6653000000"/>
        <price t="2021-07-23" v="6702000000"/>
        <price t="2021-07-26" v="6746000000"/>
        <price t="2021-07-27" v="6708000000"/>
        <price t="2021-07-28" v="6641000000"/>
        <price t="2021-07-29" v="6676000000"/>
        <price t="2021-07-30" v="6622000000"/>
        <price t="2021-08-02" v="6608000000"/>
        <price t="2021-08-03" v="6668000000"/>
        <price t="2021-08-04" v="6657000000"/>
        <price t="2021-08-05" v="6708000000"/>
        <price t="2021-08-06" v="6708000000"/>
        <price t="2021-08-09" v="6724000000"/>
        <price t="2021-08-10" v="6748000000"/>
        <price t="2021-08-11" v="6801000000"/>
        <price t="2021-08-12" v="6875000000"/>
        <price t="2021-08-13" v="6916000000"/>
        <price t="2021-08-16" v="6826000000"/>
        <price t="2021-08-17" v="6776000000"/>
        <price t="2021-08-18" v="6802000000"/>
        <price t="2021-08-19" v="6552000000"/>
        <price t="2021-08-20" v="6477000000"/>
        <price t="2021-08-23" v="6521000000"/>
        <price t="2021-08-24" v="6658000000"/>
        <price t="2021-08-25" v="6642000000"/>
        <price t="2021-08-26" v="6597000000"/>
        <price t="2021-08-27" v="6650000000"/>
        <price t="2021-08-30" v="6676000000"/>
        <price t="2021-08-31" v="6552000000"/>
        <price t="2021-09-01" v="6460000000"/>
        <price t="2021-09-02" v="6493000000"/>
        <price t="2021-09-03" v="6481000000"/>
        <price t="2021-09-06" v="6530000000"/>
        <price t="2021-09-07" v="6525000000"/>
        <price t="2021-09-08" v="6491000000"/>
        <price t="2021-09-09" v="6463000000"/>
        <price t="2021-09-10" v="6456000000"/>
        <price t="2021-09-13" v="6561000000"/>
        <price t="2021-09-14" v="6557000000"/>
        <price t="2021-09-15" v="6481000000"/>
        <price t="2021-09-16" v="6509000000"/>
        <price t="2021-09-17" v="6309000000"/>
        <price t="2021-09-20" v="6177000000"/>
        <price t="2021-09-21" v="6239000000"/>
        <price t="2021-09-22" v="6351000000"/>
        <price t="2021-09-23" v="6394000000"/>
        <price t="2021-09-24" v="6379000000"/>
        <price t="2021-09-27" v="6472000000"/>
        <price t="2021-09-28" v="6481000000"/>
        <price t="2021-09-29" v="6583000000"/>
        <price t="2021-09-30" v="6585000000"/>
        <price t="2021-10-01" v="6460000000"/>
        <price t="2021-10-04" v="6453000000"/>
        <price t="2021-10-05" v="6461000000"/>
        <price t="2021-10-06" v="6191000000"/>
        <price t="2021-10-07" v="6334000000"/>
        <price t="2021-10-08" v="6368000000"/>
        <price t="2021-10-11" v="6419000000"/>
        <price t="2021-10-12" v="6455000000"/>
        <price t="2021-10-13" v="6490000000"/>
        <price t="2021-10-14" v="6509000000"/>
        <price t="2021-10-15" v="6500000000"/>
        <price t="2021-10-18" v="6406000000"/>
        <price t="2021-10-19" v="6374000000"/>
        <price t="2021-10-20" v="6348000000"/>
        <price t="2021-10-21" v="6280000000"/>
        <price t="2021-10-22" v="6280000000"/>
        <price t="2021-10-25" v="6320000000"/>
        <price t="2021-10-26" v="6354000000"/>
        <price t="2021-10-27" v="6345000000"/>
        <price t="2021-10-28" v="6255000000"/>
        <price t="2021-10-29" v="6228000000"/>
        <price t="2021-11-01" v="6279000000"/>
        <price t="2021-11-02" v="6221000000"/>
        <price t="2021-11-03" v="6257000000"/>
        <price t="2021-11-04" v="6151000000"/>
        <price t="2021-11-05" v="6208000000"/>
        <price t="2021-11-08" v="6204000000"/>
        <price t="2021-11-09" v="6171000000"/>
        <price t="2021-11-10" v="6195000000"/>
        <price t="2021-11-11" v="6229000000"/>
        <price t="2021-11-12" v="6265000000"/>
        <price t="2021-11-15" v="6237000000"/>
        <price t="2021-11-16" v="6284000000"/>
        <price t="2021-11-17" v="6268000000"/>
        <price t="2021-11-18" v="6263000000"/>
        <price t="2021-11-19" v="6161000000"/>
        <price t="2021-11-22" v="6193000000"/>
        <price t="2021-11-23" v="6295000000"/>
        <price t="2021-11-24" v="6189000000"/>
        <price t="2021-11-25" v="6161000000"/>
        <price t="2021-11-26" v="5791000000"/>
        <price t="2021-11-29" v="5798000000"/>
        <price t="2021-11-30" v="5788000000"/>
        <price t="2021-12-01" v="5926000000"/>
        <price t="2021-12-02" v="5908000000"/>
        <price t="2021-12-03" v="5840000000"/>
        <price t="2021-12-06" v="5959000000"/>
        <price t="2021-12-07" v="6121000000"/>
        <price t="2021-12-08" v="6029000000"/>
        <price t="2021-12-09" v="5989000000"/>
        <price t="2021-12-10" v="5983000000"/>
        <price t="2021-12-13" v="5957000000"/>
        <price t="2021-12-14" v="5957000000"/>
        <price t="2021-12-15" v="5927000000"/>
        <price t="2021-12-16" v="6034000000"/>
        <price t="2021-12-17" v="6019000000"/>
        <price t="2021-12-20" v="5906000000"/>
        <price t="2021-12-21" v="5971000000"/>
        <price t="2021-12-22" v="5995000000"/>
        <price t="2021-12-23" v="6083000000"/>
        <price t="2021-12-27" v="6129000000"/>
        <price t="2021-12-28" v="6170000000"/>
        <price t="2021-12-29" v="6147000000"/>
        <price t="2021-12-30" v="6178000000"/>
        <price t="2022-01-03" v="6258000000"/>
        <price t="2022-01-04" v="6531000000"/>
        <price t="2022-01-05" v="6583000000"/>
        <price t="2022-01-06" v="6581000000"/>
        <price t="2022-01-07" v="6611000000"/>
        <price t="2022-01-10" v="6609000000"/>
        <price t="2022-01-11" v="6669000000"/>
        <price t="2022-01-12" v="6686000000"/>
        <price t="2022-01-13" v="6775000000"/>
        <price t="2022-01-14" v="6811000000"/>
        <price t="2022-01-17" v="6814000000"/>
        <price t="2022-01-18" v="6766000000"/>
        <price t="2022-01-19" v="6780000000"/>
        <price t="2022-01-20" v="6744000000"/>
        <price t="2022-01-21" v="6618000000"/>
        <price t="2022-01-24" v="6426000000"/>
        <price t="2022-01-25" v="6533000000"/>
        <price t="2022-01-26" v="6731000000"/>
        <price t="2022-01-27" v="6845000000"/>
        <price t="2022-01-28" v="6851000000"/>
        <price t="2022-01-31" v="6752000000"/>
        <price t="2022-02-01" v="6796000000"/>
        <price t="2022-02-02" v="6795000000"/>
        <price t="2022-02-03" v="6748000000"/>
        <price t="2022-02-04" v="6671000000"/>
        <price t="2022-02-07" v="6697000000"/>
        <price t="2022-02-08" v="6820000000"/>
        <price t="2022-02-09" v="6862000000"/>
        <price t="2022-02-10" v="6856000000"/>
        <price t="2022-02-11" v="6869000000"/>
        <price t="2022-02-14" v="6645000000"/>
        <price t="2022-02-15" v="6819000000"/>
        <price t="2022-02-16" v="6852000000"/>
        <price t="2022-02-17" v="6785000000"/>
        <price t="2022-02-18" v="6726000000"/>
        <price t="2022-02-21" v="6609000000"/>
        <price t="2022-02-22" v="6527000000"/>
        <price t="2022-02-23" v="6486000000"/>
        <price t="2022-02-24" v="6106000000"/>
        <price t="2022-02-25" v="6043000000"/>
        <price t="2022-02-28" v="5925000000"/>
        <price t="2022-03-01" v="5552000000"/>
        <price t="2022-03-02" v="5729000000"/>
        <price t="2022-03-03" v="5495000000"/>
        <price t="2022-03-04" v="5120000000"/>
        <price t="2022-03-07" v="4877000000"/>
        <price t="2022-03-08" v="4978000000"/>
        <price t="2022-03-09" v="5479000000"/>
        <price t="2022-03-10" v="5321000000"/>
        <price t="2022-03-11" v="5388000000"/>
        <price t="2022-03-14" v="5466000000"/>
        <price t="2022-03-15" v="5382000000"/>
        <price t="2022-03-16" v="5531000000"/>
        <price t="2022-03-17" v="5456000000"/>
        <price t="2022-03-18" v="5402000000"/>
        <price t="2022-03-21" v="5440000000"/>
        <price t="2022-03-22" v="5456000000"/>
        <price t="2022-03-23" v="5325000000"/>
        <price t="2022-03-24" v="5230000000"/>
        <price t="2022-03-25" v="5181000000"/>
        <price t="2022-03-28" v="5265000000"/>
        <price t="2022-03-29" v="5504000000"/>
        <price t="2022-03-30" v="5329000000"/>
        <price t="2022-03-31" v="5176000000"/>
        <price t="2022-04-01" v="5213000000"/>
        <price t="2022-04-04" v="5187000000"/>
        <price t="2022-04-05" v="5113000000"/>
        <price t="2022-04-06" v="5031000000"/>
        <price t="2022-04-07" v="5035000000"/>
        <price t="2022-04-08" v="5136000000"/>
        <price t="2022-04-11" v="5140000000"/>
        <price t="2022-04-12" v="5196000000"/>
        <price t="2022-04-13" v="5134000000"/>
        <price t="2022-04-14" v="5166000000"/>
        <price t="2022-04-19" v="5219000000"/>
        <price t="2022-04-20" v="5292000000"/>
        <price t="2022-04-21" v="5362000000"/>
        <price t="2022-04-22" v="5232000000"/>
        <price t="2022-04-25" v="5173000000"/>
        <price t="2022-04-26" v="5055000000"/>
        <price t="2022-04-27" v="5036000000"/>
        <price t="2022-04-28" v="5081000000"/>
        <price t="2022-04-29" v="5041000000"/>
        <price t="2022-05-02" v="4743500000"/>
        <price t="2022-05-03" v="4751000000"/>
        <price t="2022-05-04" v="4904500000"/>
        <price t="2022-05-05" v="4757500000"/>
        <price t="2022-05-06" v="4743500000"/>
        <price t="2022-05-09" v="4708000000"/>
        <price t="2022-05-10" v="4851000000"/>
        <price t="2022-05-11" v="4960000000"/>
        <price t="2022-05-12" v="4906000000"/>
        <price t="2022-05-13" v="4938000000"/>
        <price t="2022-05-16" v="4929500000"/>
        <price t="2022-05-17" v="5069000000"/>
        <price t="2022-05-18" v="4985500000"/>
        <price t="2022-05-19" v="4886000000"/>
        <price t="2022-05-20" v="4885000000"/>
        <price t="2022-05-23" v="4973500000"/>
        <price t="2022-05-24" v="4875500000"/>
        <price t="2022-05-25" v="4946500000"/>
        <price t="2022-05-26" v="5079000000"/>
        <price t="2022-05-27" v="5111000000"/>
        <price t="2022-05-30" v="5144000000"/>
        <price t="2022-05-31" v="5129000000"/>
        <price t="2022-06-01" v="5173000000"/>
        <price t="2022-06-02" v="5260000000"/>
        <price t="2022-06-03" v="5202000000"/>
        <price t="2022-06-06" v="5252000000"/>
        <price t="2022-06-07" v="5218000000"/>
        <price t="2022-06-08" v="5268000000"/>
        <price t="2022-06-09" v="5187000000"/>
        <price t="2022-06-10" v="4963000000"/>
        <price t="2022-06-13" v="4907500000"/>
        <price t="2022-06-14" v="4839000000"/>
        <price t="2022-06-15" v="4903000000"/>
        <price t="2022-06-16" v="4566500000"/>
        <price t="2022-06-17" v="4530000000"/>
        <price t="2022-06-20" v="4575000000"/>
        <price t="2022-06-21" v="4607500000"/>
        <price t="2022-06-22" v="4340000000"/>
        <price t="2022-06-23" v="4143000000"/>
        <price t="2022-06-24" v="4221500000"/>
        <price t="2022-06-27" v="4281000000"/>
        <price t="2022-06-28" v="4302500000"/>
        <price t="2022-06-29" v="4158000000"/>
        <price t="2022-06-30" v="4152500000"/>
        <price t="2022-07-01" v="4127000000"/>
        <price t="2022-07-04" v="4188500000"/>
        <price t="2022-07-05" v="3932500000"/>
        <price t="2022-07-06" v="3975000000"/>
        <price t="2022-07-07" v="4130000000"/>
        <price t="2022-07-08" v="4291500000"/>
        <price t="2022-07-11" v="4126500000"/>
        <price t="2022-07-12" v="4253000000"/>
        <price t="2022-07-13" v="4145000000"/>
        <price t="2022-07-14" v="4040000000"/>
        <price t="2022-07-15" v="4145500000"/>
        <price t="2022-07-18" v="4272000000"/>
        <price t="2022-07-19" v="4468500000"/>
        <price t="2022-07-20" v="4466500000"/>
        <price t="2022-07-21" v="4367000000"/>
        <price t="2022-07-22" v="4314000000"/>
        <price t="2022-07-25" v="4314000000"/>
        <price t="2022-07-26" v="4218500000"/>
        <price t="2022-07-27" v="4162000000"/>
        <price t="2022-07-28" v="4255000000"/>
        <price t="2022-07-29" v="4341500000"/>
        <price t="2022-08-01" v="4333500000"/>
        <price t="2022-08-02" v="4374000000"/>
        <price t="2022-08-03" v="4387000000"/>
        <price t="2022-08-04" v="4422500000"/>
        <price t="2022-08-05" v="4402000000"/>
        <price t="2022-08-08" v="4480000000"/>
        <price t="2022-08-09" v="4399500000"/>
        <price t="2022-08-10" v="4444500000"/>
        <price t="2022-08-11" v="4342500000"/>
        <price t="2022-08-12" v="4415500000"/>
        <price t="2022-08-15" v="4406000000"/>
        <price t="2022-08-16" v="4475000000"/>
        <price t="2022-08-17" v="4268500000"/>
        <price t="2022-08-18" v="4344000000"/>
        <price t="2022-08-19" v="4303500000"/>
        <price t="2022-08-22" v="4118000000"/>
        <price t="2022-08-23" v="4180500000"/>
        <price t="2022-08-24" v="4160500000"/>
        <price t="2022-08-25" v="4202500000"/>
        <price t="2022-08-26" v="4094000000"/>
        <price t="2022-08-29" v="4224000000"/>
        <price t="2022-08-30" v="4218500000"/>
        <price t="2022-08-31" v="4207000000"/>
        <price t="2022-09-01" v="4130500000"/>
        <price t="2022-09-02" v="4299500000"/>
        <price t="2022-09-05" v="4127000000"/>
        <price t="2022-09-06" v="4205000000"/>
        <price t="2022-09-07" v="4294000000"/>
        <price t="2022-09-08" v="4249500000"/>
        <price t="2022-09-09" v="4348500000"/>
        <price t="2022-09-12" v="4492000000"/>
        <price t="2022-09-13" v="4421000000"/>
        <price t="2022-09-14" v="4277000000"/>
        <price t="2022-09-15" v="4225500000"/>
        <price t="2022-09-16" v="4138500000"/>
        <price t="2022-09-19" v="4239500000"/>
        <price t="2022-09-20" v="4160000000"/>
        <price t="2022-09-21" v="4170000000"/>
        <price t="2022-09-22" v="4100000000"/>
        <price t="2022-09-23" v="3979000000"/>
        <price t="2022-09-26" v="3981000000"/>
        <price t="2022-09-27" v="3949500000"/>
        <price t="2022-09-28" v="3941500000"/>
        <price t="2022-09-29" v="3885000000"/>
        <price t="2022-09-30" v="3960000000"/>
        <price t="2022-10-03" v="4094000000"/>
        <price t="2022-10-04" v="4230000000"/>
        <price t="2022-10-05" v="4191500000"/>
        <price t="2022-10-06" v="4127000000"/>
        <price t="2022-10-07" v="4069500000"/>
        <price t="2022-10-10" v="4319000000"/>
        <price t="2022-10-11" v="4146500000"/>
        <price t="2022-10-12" v="4213500000"/>
        <price t="2022-10-13" v="4296500000"/>
        <price t="2022-10-14" v="4332000000"/>
        <price t="2022-10-17" v="4408000000"/>
        <price t="2022-10-18" v="4493000000"/>
        <price t="2022-10-19" v="4505000000"/>
        <price t="2022-10-20" v="4545000000"/>
        <price t="2022-10-21" v="4608000000"/>
        <price t="2022-10-24" v="4659500000"/>
        <price t="2022-10-25" v="4594500000"/>
        <price t="2022-10-26" v="4550000000"/>
        <price t="2022-10-27" v="4601000000"/>
        <price t="2022-10-28" v="4530000000"/>
        <price t="2022-10-31" v="4543500000"/>
        <price t="2022-11-01" v="4549500000"/>
        <price t="2022-11-02" v="4505500000"/>
        <price t="2022-11-03" v="4453500000"/>
        <price t="2022-11-04" v="4681500000"/>
        <price t="2022-11-07" v="4760500000"/>
        <price t="2022-11-08" v="4830000000"/>
        <price t="2022-11-09" v="4754500000"/>
        <price t="2022-11-10" v="4890500000"/>
        <price t="2022-11-11" v="5068000000"/>
        <price t="2022-11-14" v="5128000000"/>
        <price t="2022-11-15" v="5030000000"/>
        <price t="2022-11-16" v="4957000000"/>
        <price t="2022-11-17" v="4895500000"/>
        <price t="2022-11-18" v="4962500000"/>
        <price t="2022-11-21" v="4867000000"/>
        <price t="2022-11-22" v="4952000000"/>
        <price t="2022-11-23" v="4927000000"/>
        <price t="2022-11-24" v="4988500000"/>
        <price t="2022-11-25" v="4960500000"/>
        <price t="2022-11-28" v="4891000000"/>
        <price t="2022-11-29" v="4906000000"/>
        <price t="2022-11-30" v="4851500000"/>
        <price t="2022-12-01" v="4786000000"/>
        <price t="2022-12-02" v="4873000000"/>
        <price t="2022-12-05" v="4797000000"/>
        <price t="2022-12-06" v="4792500000"/>
        <price t="2022-12-07" v="4742500000"/>
        <price t="2022-12-08" v="4710000000"/>
        <price t="2022-12-09" v="4772000000"/>
        <price t="2022-12-12" v="4670000000"/>
        <price t="2022-12-13" v="4753500000"/>
        <price t="2022-12-14" v="4723000000"/>
        <price t="2022-12-15" v="4581500000"/>
        <price t="2022-12-16" v="4579000000"/>
        <price t="2022-12-19" v="4552000000"/>
        <price t="2022-12-20" v="4580000000"/>
        <price t="2022-12-21" v="4650000000"/>
        <price t="2022-12-22" v="4568500000"/>
        <price t="2022-12-23" v="4623500000"/>
        <price t="2022-12-27" v="4667500000"/>
        <price t="2022-12-28" v="4654500000"/>
        <price t="2022-12-29" v="4676000000"/>
        <price t="2022-12-30" v="4639000000"/>
        <price t="2023-01-02" v="4798500000"/>
        <price t="2023-01-03" v="4889000000"/>
        <price t="2023-01-04" v="5096000000"/>
        <price t="2023-01-05" v="5162000000"/>
        <price t="2023-01-06" v="5281000000"/>
        <price t="2023-01-09" v="5284000000"/>
        <price t="2023-01-10" v="5170000000"/>
        <price t="2023-01-11" v="5217000000"/>
        <price t="2023-01-12" v="5309000000"/>
        <price t="2023-01-13" v="5276000000"/>
        <price t="2023-01-16" v="5300000000"/>
        <price t="2023-01-17" v="5284000000"/>
        <price t="2023-01-18" v="5313000000"/>
        <price t="2023-01-19" v="5218000000"/>
        <price t="2023-01-20" v="5246000000"/>
        <price t="2023-01-23" v="5257000000"/>
        <price t="2023-01-24" v="5304000000"/>
        <price t="2023-01-25" v="5287000000"/>
        <price t="2023-01-26" v="5262000000"/>
        <price t="2023-01-27" v="5279000000"/>
        <price t="2023-01-30" v="5278000000"/>
        <price t="2023-01-31" v="5240000000"/>
        <price t="2023-02-01" v="5274000000"/>
        <price t="2023-02-02" v="5384000000"/>
        <price t="2023-02-03" v="5404000000"/>
        <price t="2023-02-06" v="5295000000"/>
        <price t="2023-02-07" v="5295000000"/>
        <price t="2023-02-08" v="5286000000"/>
        <price t="2023-02-09" v="5285000000"/>
        <price t="2023-02-10" v="5129000000"/>
        <price t="2023-02-13" v="5167000000"/>
        <price t="2023-02-14" v="5106000000"/>
        <price t="2023-02-15" v="5170000000"/>
        <price t="2023-02-16" v="5240000000"/>
        <price t="2023-02-17" v="5224000000"/>
        <price t="2023-02-20" v="5311000000"/>
        <price t="2023-02-21" v="5249000000"/>
        <price t="2023-02-22" v="5236000000"/>
        <price t="2023-02-23" v="5217000000"/>
        <price t="2023-02-24" v="4807000000"/>
        <price t="2023-02-27" v="4789000000"/>
        <price t="2023-02-28" v="4847500000"/>
        <price t="2023-03-01" v="4837500000"/>
        <price t="2023-03-02" v="4832500000"/>
        <price t="2023-03-03" v="4916500000"/>
        <price t="2023-03-06" v="4825500000"/>
        <price t="2023-03-07" v="4801500000"/>
        <price t="2023-03-08" v="4828500000"/>
        <price t="2023-03-09" v="4799000000"/>
        <price t="2023-03-10" v="4754500000"/>
        <price t="2023-03-13" v="4570000000"/>
        <price t="2023-03-14" v="4640500000"/>
        <price t="2023-03-15" v="4453500000"/>
        <price t="2023-03-16" v="4508500000"/>
        <price t="2023-03-17" v="4491500000"/>
        <price t="2023-03-20" v="4540000000"/>
        <price t="2023-03-21" v="4617000000"/>
        <price t="2023-03-22" v="4656000000"/>
        <price t="2023-03-23" v="4637500000"/>
        <price t="2023-03-24" v="4591500000"/>
        <price t="2023-03-27" v="4593000000"/>
        <price t="2023-03-28" v="4638500000"/>
        <price t="2023-03-29" v="4718000000"/>
        <price t="2023-03-30" v="4790000000"/>
        <price t="2023-03-31" v="4836000000"/>
        <price t="2023-04-03" v="4879000000"/>
        <price t="2023-04-04" v="4901000000"/>
        <price t="2023-04-05" v="4836000000"/>
        <price t="2023-04-06" v="4841000000"/>
        <price t="2023-04-11" v="4911000000"/>
        <price t="2023-04-12" v="4942500000"/>
        <price t="2023-04-13" v="4880500000"/>
        <price t="2023-04-14" v="4970500000"/>
        <price t="2023-04-17" v="5006000000"/>
        <price t="2023-04-18" v="5052000000"/>
        <price t="2023-04-19" v="5083000000"/>
        <price t="2023-04-20" v="5061000000"/>
        <price t="2023-04-21" v="4960500000"/>
        <price t="2023-04-24" v="5024000000"/>
        <price t="2023-04-25" v="5016000000"/>
        <price t="2023-04-26" v="5015000000"/>
        <price t="2023-04-27" v="4799500000"/>
        <price t="2023-04-28" v="4685000000"/>
        <price t="2023-05-02" v="4518500000"/>
        <price t="2023-05-03" v="4636000000"/>
        <price t="2023-05-04" v="4589500000"/>
        <price t="2023-05-05" v="4752500000"/>
        <price t="2023-05-08" v="4698000000"/>
        <price t="2023-05-09" v="4684500000"/>
        <price t="2023-05-10" v="4712500000"/>
        <price t="2023-05-11" v="4711000000"/>
        <price t="2023-05-12" v="4710000000"/>
        <price t="2023-05-15" v="4772500000"/>
        <price t="2023-05-16" v="4710500000"/>
        <price t="2023-05-17" v="4692500000"/>
        <price t="2023-05-18" v="4745500000"/>
        <price t="2023-05-19" v="4760500000"/>
        <price t="2023-05-22" v="4728500000"/>
        <price t="2023-05-23" v="4746500000"/>
        <price t="2023-05-24" v="4642500000"/>
        <price t="2023-05-25" v="4591500000"/>
        <price t="2023-05-26" v="4691000000"/>
        <price t="2023-05-29" v="4670500000"/>
        <price t="2023-05-30" v="4598000000"/>
        <price t="2023-05-31" v="4441500000"/>
        <price t="2023-06-01" v="4485000000"/>
        <price t="2023-06-02" v="4679000000"/>
        <price t="2023-06-05" v="4653500000"/>
        <price t="2023-06-06" v="4676000000"/>
        <price t="2023-06-07" v="4645000000"/>
        <price t="2023-06-08" v="4687000000"/>
        <price t="2023-06-09" v="4602500000"/>
        <price t="2023-06-12" v="4629500000"/>
        <price t="2023-06-13" v="4677000000"/>
        <price t="2023-06-14" v="4683500000"/>
        <price t="2023-06-15" v="4635500000"/>
        <price t="2023-06-16" v="4570000000"/>
        <price t="2023-06-19" v="4406500000"/>
        <price t="2023-06-20" v="4265500000"/>
        <price t="2023-06-21" v="4261500000"/>
        <price t="2023-06-22" v="4237500000"/>
        <price t="2023-06-23" v="4223500000"/>
        <price t="2023-06-26" v="4278500000"/>
        <price t="2023-06-27" v="4311000000"/>
        <price t="2023-06-28" v="4407500000"/>
        <price t="2023-06-29" v="4404000000"/>
        <price t="2023-06-30" v="4447000000"/>
        <price t="2023-07-03" v="4473500000"/>
        <price t="2023-07-04" v="4468500000"/>
        <price t="2023-07-05" v="4409000000"/>
        <price t="2023-07-06" v="4307000000"/>
        <price t="2023-07-07" v="4525000000"/>
        <price t="2023-07-10" v="4496500000"/>
        <price t="2023-07-11" v="4557500000"/>
        <price t="2023-07-12" v="4673500000"/>
        <price t="2023-07-13" v="4643000000"/>
        <price t="2023-07-14" v="4536000000"/>
        <price t="2023-07-17" v="4521000000"/>
        <price t="2023-07-18" v="4664000000"/>
        <price t="2023-07-19" v="4707000000"/>
        <price t="2023-07-20" v="4767500000"/>
        <price t="2023-07-21" v="4747000000"/>
        <price t="2023-07-24" v="4733000000"/>
        <price t="2023-07-25" v="4761500000"/>
        <price t="2023-07-26" v="4730000000"/>
        <price t="2023-07-27" v="4790000000"/>
        <price t="2023-07-28" v="4938500000"/>
        <price t="2023-07-31" v="4877000000"/>
        <price t="2023-08-01" v="4866000000"/>
        <price t="2023-08-02" v="4775000000"/>
        <price t="2023-08-03" v="4719000000"/>
        <price t="2023-08-04" v="4713000000"/>
        <price t="2023-08-07" v="4716500000"/>
        <price t="2023-08-08" v="4642500000"/>
        <price t="2023-08-09" v="4656000000"/>
        <price t="2023-08-10" v="4737500000"/>
        <price t="2023-08-11" v="4676000000"/>
        <price t="2023-08-14" v="4636000000"/>
        <price t="2023-08-15" v="4564500000"/>
        <price t="2023-08-16" v="4571000000"/>
        <price t="2023-08-17" v="4574000000"/>
        <price t="2023-08-18" v="4555500000"/>
        <price t="2023-08-21" v="4562500000"/>
        <price t="2023-08-22" v="4586000000"/>
        <price t="2023-08-23" v="4551500000"/>
        <price t="2023-08-24" v="4513500000"/>
        <price t="2023-08-25" v="4502500000"/>
        <price t="2023-08-28" v="4540000000"/>
        <price t="2023-08-29" v="4598000000"/>
        <price t="2023-08-30" v="4625000000"/>
        <price t="2023-08-31" v="4679000000"/>
        <price t="2023-09-01" v="4688500000"/>
        <price t="2023-09-04" v="4661500000"/>
        <price t="2023-09-05" v="4588500000"/>
        <price t="2023-09-06" v="4580500000"/>
        <price t="2023-09-07" v="4511500000"/>
        <price t="2023-09-08" v="4448000000"/>
        <price t="2023-09-11" v="4499500000"/>
        <price t="2023-09-12" v="4428000000"/>
        <price t="2023-09-13" v="4432500000"/>
        <price t="2023-09-14" v="4512000000"/>
        <price t="2023-09-15" v="4625000000"/>
        <price t="2023-09-18" v="4531000000"/>
        <price t="2023-09-19" v="4520000000"/>
        <price t="2023-09-20" v="4568500000"/>
        <price t="2023-09-21" v="4346500000"/>
        <price t="2023-09-22" v="4308500000"/>
        <price t="2023-09-25" v="4278000000"/>
        <price t="2023-09-26" v="4211000000"/>
        <price t="2023-09-27" v="4228000000"/>
        <price t="2023-09-28" v="4264500000"/>
        <price t="2023-09-29" v="4295000000"/>
        <price t="2023-10-02" v="4189000000"/>
        <price t="2023-10-03" v="4176000000"/>
        <price t="2023-10-04" v="4185000000"/>
        <price t="2023-10-05" v="4134500000"/>
        <price t="2023-10-06" v="4182000000"/>
        <price t="2023-10-09" v="4094000000"/>
        <price t="2023-10-10" v="4229500000"/>
        <price t="2023-10-11" v="4250000000"/>
        <price t="2023-10-12" v="4214000000"/>
        <price t="2023-10-13" v="4204000000"/>
        <price t="2023-10-16" v="4252000000"/>
        <price t="2023-10-17" v="4245500000"/>
        <price t="2023-10-18" v="4184000000"/>
        <price t="2023-10-19" v="4143000000"/>
        <price t="2023-10-20" v="4099500000"/>
        <price t="2023-10-23" v="4092000000"/>
        <price t="2023-10-24" v="4095000000"/>
        <price t="2023-10-25" v="4058500000"/>
        <price t="2023-10-26" v="4118500000"/>
        <price t="2023-10-27" v="4146000000"/>
        <price t="2023-10-30" v="4168000000"/>
        <price t="2023-10-31" v="4353500000"/>
        <price t="2023-11-01" v="4228500000"/>
        <price t="2023-11-02" v="4352000000"/>
        <price t="2023-11-03" v="4387000000"/>
        <price t="2023-11-06" v="4316000000"/>
        <price t="2023-11-07" v="4347500000"/>
        <price t="2023-11-08" v="4357500000"/>
        <price t="2023-11-09" v="4448000000"/>
        <price t="2023-11-10" v="4371500000"/>
        <price t="2023-11-13" v="4408500000"/>
        <price t="2023-11-14" v="4475000000"/>
        <price t="2023-11-15" v="4504500000"/>
        <price t="2023-11-16" v="4393000000"/>
        <price t="2023-11-17" v="4428500000"/>
        <price t="2023-11-20" v="4420500000"/>
        <price t="2023-11-21" v="4381000000"/>
        <price t="2023-11-22" v="4372000000"/>
        <price t="2023-11-23" v="4381000000"/>
        <price t="2023-11-24" v="4458000000"/>
        <price t="2023-11-27" v="4319500000"/>
        <price t="2023-11-28" v="4270500000"/>
        <price t="2023-11-29" v="4297500000"/>
        <price t="2023-11-30" v="4268500000"/>
        <price t="2023-12-01" v="4324000000"/>
        <price t="2023-12-04" v="4341000000"/>
        <price t="2023-12-05" v="4360000000"/>
        <price t="2023-12-06" v="4444000000"/>
        <price t="2023-12-07" v="4509500000"/>
        <price t="2023-12-08" v="4519000000"/>
        <price t="2023-12-11" v="4543000000"/>
        <price t="2023-12-12" v="4558500000"/>
        <price t="2023-12-13" v="4760500000"/>
        <price t="2023-12-14" v="4814000000"/>
        <price t="2023-12-15" v="4817500000"/>
        <price t="2023-12-18" v="4827000000"/>
        <price t="2023-12-19" v="4856500000"/>
        <price t="2023-12-20" v="4845000000"/>
        <price t="2023-12-21" v="4847000000"/>
        <price t="2023-12-22" v="4854000000"/>
        <price t="2023-12-27" v="4865000000"/>
        <price t="2023-12-28" v="4858000000"/>
        <price t="2023-12-29" v="4878000000"/>
        <price t="2024-01-02" v="4907000000"/>
        <price t="2024-01-03" v="4776000000"/>
        <price t="2024-01-04" v="4769500000"/>
        <price t="2024-01-05" v="4680000000"/>
        <price t="2024-01-08" v="4675500000"/>
        <price t="2024-01-09" v="4551000000"/>
        <price t="2024-01-10" v="4502000000"/>
        <price t="2024-01-11" v="4483000000"/>
        <price t="2024-01-12" v="4478000000"/>
        <price t="2024-01-15" v="4452500000"/>
        <price t="2024-01-16" v="4425500000"/>
        <price t="2024-01-17" v="4316000000"/>
        <price t="2024-01-18" v="4366000000"/>
        <price t="2024-01-19" v="4305000000"/>
        <price t="2024-01-22" v="4281500000"/>
        <price t="2024-01-23" v="4362000000"/>
        <price t="2024-01-24" v="4378000000"/>
        <price t="2024-01-25" v="4495500000"/>
        <price t="2024-01-26" v="4565500000"/>
        <price t="2024-01-29" v="4506000000"/>
        <price t="2024-01-30" v="4447000000"/>
        <price t="2024-01-31" v="4446000000"/>
        <price t="2024-02-01" v="4413500000"/>
        <price t="2024-02-02" v="4468000000"/>
        <price t="2024-02-05" v="4460500000"/>
        <price t="2024-02-06" v="4535000000"/>
        <price t="2024-02-07" v="4459000000"/>
        <price t="2024-02-08" v="4470500000"/>
        <price t="2024-02-09" v="4402000000"/>
        <price t="2024-02-12" v="4482000000"/>
        <price t="2024-02-13" v="4506000000"/>
        <price t="2024-02-14" v="4557000000"/>
        <price t="2024-02-15" v="4608500000"/>
        <price t="2024-02-16" v="4659000000"/>
        <price t="2024-02-19" v="4577500000"/>
        <price t="2024-02-20" v="4604500000"/>
        <price t="2024-02-21" v="4640500000"/>
        <price t="2024-02-22" v="4684500000"/>
        <price t="2024-02-23" v="4660000000"/>
        <price t="2024-02-26" v="4633000000"/>
      </prices>
      <latest t="2024-02-26" v="4633000000">
        <high>-1</high>
        <low>-1</low>
        <volume>-1</volume>
      </latest>
      <attributes>
        <map/>
      </attributes>
      <events/>
      <property type="FEED" name="PORTFOLIO-REPORT-MARKET">XETR</property>
      <property type="FEED" name="PORTFOLIO-REPORT-MARKETS">[{&quot;marketCode&quot;:&quot;XETR&quot;,&quot;currencyCode&quot;:&quot;EUR&quot;,&quot;symbol&quot;:&quot;BAS&quot;,&quot;firstPriceDate&quot;:&quot;2000-01-03&quot;,&quot;lastPriceDate&quot;:&quot;2024-02-26&quot;}]</property>
      <isRetired>false</isRetired>
      <updatedAt>2024-01-14T13:52:31.418936900Z</updatedAt>
    </security>
    <security>
      <uuid>5cee2708-f4e9-419c-b056-3beed1932e78</uuid>
      <name>NVIDIA</name>
      <currencyCode>USD</currencyCode>
      <tickerSymbol>NVDA</tickerSymbol>
      <feed>YAHOO</feed>
      <prices>
        <price t="2014-02-03" v="387250000"/>
        <price t="2014-02-04" v="389500000"/>
        <price t="2014-02-05" v="386000000"/>
        <price t="2014-02-06" v="391000000"/>
        <price t="2014-02-07" v="396750000"/>
        <price t="2014-02-10" v="398000000"/>
        <price t="2014-02-11" v="406250000"/>
        <price t="2014-02-12" v="420750000"/>
        <price t="2014-02-13" v="434000000"/>
        <price t="2014-02-14" v="447750000"/>
        <price t="2014-02-18" v="447500000"/>
        <price t="2014-02-19" v="453500000"/>
        <price t="2014-02-20" v="469500000"/>
        <price t="2014-02-21" v="466000000"/>
        <price t="2014-02-24" v="472750000"/>
        <price t="2014-02-25" v="468500000"/>
        <price t="2014-02-26" v="467750000"/>
        <price t="2014-02-27" v="462500000"/>
        <price t="2014-02-28" v="459500000"/>
        <price t="2014-03-03" v="457250000"/>
        <price t="2014-03-04" v="462000000"/>
        <price t="2014-03-05" v="466000000"/>
        <price t="2014-03-06" v="459500000"/>
        <price t="2014-03-07" v="459000000"/>
        <price t="2014-03-10" v="452250000"/>
        <price t="2014-03-11" v="456750000"/>
        <price t="2014-03-12" v="458000000"/>
        <price t="2014-03-13" v="443500000"/>
        <price t="2014-03-14" v="445500000"/>
        <price t="2014-03-17" v="445500000"/>
        <price t="2014-03-18" v="456000000"/>
        <price t="2014-03-19" v="464000000"/>
        <price t="2014-03-20" v="464250000"/>
        <price t="2014-03-21" v="463500000"/>
        <price t="2014-03-24" v="461250000"/>
        <price t="2014-03-25" v="461250000"/>
        <price t="2014-03-26" v="450750000"/>
        <price t="2014-03-27" v="444750000"/>
        <price t="2014-03-28" v="447500000"/>
        <price t="2014-03-31" v="447750000"/>
        <price t="2014-04-01" v="466250000"/>
        <price t="2014-04-02" v="463250000"/>
        <price t="2014-04-03" v="468250000"/>
        <price t="2014-04-04" v="453750000"/>
        <price t="2014-04-07" v="455250000"/>
        <price t="2014-04-08" v="471500000"/>
        <price t="2014-04-09" v="471000000"/>
        <price t="2014-04-10" v="459500000"/>
        <price t="2014-04-11" v="453000000"/>
        <price t="2014-04-14" v="458000000"/>
        <price t="2014-04-15" v="461250000"/>
        <price t="2014-04-16" v="462250000"/>
        <price t="2014-04-17" v="464000000"/>
        <price t="2014-04-21" v="467750000"/>
        <price t="2014-04-22" v="471750000"/>
        <price t="2014-04-23" v="477250000"/>
        <price t="2014-04-24" v="481500000"/>
        <price t="2014-04-25" v="468250000"/>
        <price t="2014-04-28" v="466250000"/>
        <price t="2014-04-29" v="467250000"/>
        <price t="2014-04-30" v="461750000"/>
        <price t="2014-05-01" v="464250000"/>
        <price t="2014-05-02" v="460750000"/>
        <price t="2014-05-05" v="465750000"/>
        <price t="2014-05-06" v="456250000"/>
        <price t="2014-05-07" v="456750000"/>
        <price t="2014-05-08" v="462500000"/>
        <price t="2014-05-09" v="451250000"/>
        <price t="2014-05-12" v="464500000"/>
        <price t="2014-05-13" v="457000000"/>
        <price t="2014-05-14" v="452500000"/>
        <price t="2014-05-15" v="450000000"/>
        <price t="2014-05-16" v="449000000"/>
        <price t="2014-05-19" v="463500000"/>
        <price t="2014-05-20" v="456000000"/>
        <price t="2014-05-21" v="456000000"/>
        <price t="2014-05-22" v="458000000"/>
        <price t="2014-05-23" v="462250000"/>
        <price t="2014-05-27" v="470500000"/>
        <price t="2014-05-28" v="474500000"/>
        <price t="2014-05-29" v="473750000"/>
        <price t="2014-05-30" v="475000000"/>
        <price t="2014-06-02" v="473500000"/>
        <price t="2014-06-03" v="471500000"/>
        <price t="2014-06-04" v="472000000"/>
        <price t="2014-06-05" v="474000000"/>
        <price t="2014-06-06" v="475750000"/>
        <price t="2014-06-09" v="476250000"/>
        <price t="2014-06-10" v="478750000"/>
        <price t="2014-06-11" v="485000000"/>
        <price t="2014-06-12" v="488000000"/>
        <price t="2014-06-13" v="488500000"/>
        <price t="2014-06-16" v="487000000"/>
        <price t="2014-06-17" v="490250000"/>
        <price t="2014-06-18" v="489750000"/>
        <price t="2014-06-19" v="478500000"/>
        <price t="2014-06-20" v="473250000"/>
        <price t="2014-06-23" v="467750000"/>
        <price t="2014-06-24" v="460500000"/>
        <price t="2014-06-25" v="465250000"/>
        <price t="2014-06-26" v="459000000"/>
        <price t="2014-06-27" v="459500000"/>
        <price t="2014-06-30" v="463500000"/>
        <price t="2014-07-01" v="468750000"/>
        <price t="2014-07-02" v="467000000"/>
        <price t="2014-07-03" v="471250000"/>
        <price t="2014-07-07" v="467500000"/>
        <price t="2014-07-08" v="463750000"/>
        <price t="2014-07-09" v="477750000"/>
        <price t="2014-07-10" v="475250000"/>
        <price t="2014-07-11" v="476250000"/>
        <price t="2014-07-14" v="482250000"/>
        <price t="2014-07-15" v="484250000"/>
        <price t="2014-07-16" v="483750000"/>
        <price t="2014-07-17" v="482500000"/>
        <price t="2014-07-18" v="461000000"/>
        <price t="2014-07-21" v="463750000"/>
        <price t="2014-07-22" v="461750000"/>
        <price t="2014-07-23" v="452000000"/>
        <price t="2014-07-24" v="452750000"/>
        <price t="2014-07-25" v="444750000"/>
        <price t="2014-07-28" v="443000000"/>
        <price t="2014-07-29" v="444500000"/>
        <price t="2014-07-30" v="452000000"/>
        <price t="2014-07-31" v="437500000"/>
        <price t="2014-08-01" v="442250000"/>
        <price t="2014-08-04" v="441250000"/>
        <price t="2014-08-05" v="441500000"/>
        <price t="2014-08-06" v="441000000"/>
        <price t="2014-08-07" v="436500000"/>
        <price t="2014-08-08" v="475000000"/>
        <price t="2014-08-11" v="472500000"/>
        <price t="2014-08-12" v="472500000"/>
        <price t="2014-08-13" v="475250000"/>
        <price t="2014-08-14" v="470000000"/>
        <price t="2014-08-15" v="476000000"/>
        <price t="2014-08-18" v="482500000"/>
        <price t="2014-08-19" v="484250000"/>
        <price t="2014-08-20" v="481250000"/>
        <price t="2014-08-21" v="476750000"/>
        <price t="2014-08-22" v="477000000"/>
        <price t="2014-08-25" v="477750000"/>
        <price t="2014-08-26" v="486250000"/>
        <price t="2014-08-27" v="480750000"/>
        <price t="2014-08-28" v="484750000"/>
        <price t="2014-08-29" v="486250000"/>
        <price t="2014-09-02" v="487500000"/>
        <price t="2014-09-03" v="492000000"/>
        <price t="2014-09-04" v="500750000"/>
        <price t="2014-09-05" v="499250000"/>
        <price t="2014-09-08" v="494750000"/>
        <price t="2014-09-09" v="488500000"/>
        <price t="2014-09-10" v="490250000"/>
        <price t="2014-09-11" v="485250000"/>
        <price t="2014-09-12" v="478000000"/>
        <price t="2014-09-15" v="471500000"/>
        <price t="2014-09-16" v="478500000"/>
        <price t="2014-09-17" v="478750000"/>
        <price t="2014-09-18" v="486000000"/>
        <price t="2014-09-19" v="477000000"/>
        <price t="2014-09-22" v="472250000"/>
        <price t="2014-09-23" v="470250000"/>
        <price t="2014-09-24" v="473000000"/>
        <price t="2014-09-25" v="462750000"/>
        <price t="2014-09-26" v="463750000"/>
        <price t="2014-09-29" v="463000000"/>
        <price t="2014-09-30" v="461250000"/>
        <price t="2014-10-01" v="456750000"/>
        <price t="2014-10-02" v="454750000"/>
        <price t="2014-10-03" v="455750000"/>
        <price t="2014-10-06" v="453000000"/>
        <price t="2014-10-07" v="448250000"/>
        <price t="2014-10-08" v="456500000"/>
        <price t="2014-10-09" v="447750000"/>
        <price t="2014-10-10" v="421250000"/>
        <price t="2014-10-13" v="419750000"/>
        <price t="2014-10-14" v="429500000"/>
        <price t="2014-10-15" v="436000000"/>
        <price t="2014-10-16" v="436250000"/>
        <price t="2014-10-17" v="435500000"/>
        <price t="2014-10-20" v="439250000"/>
        <price t="2014-10-21" v="458000000"/>
        <price t="2014-10-22" v="447250000"/>
        <price t="2014-10-23" v="457250000"/>
        <price t="2014-10-24" v="462000000"/>
        <price t="2014-10-27" v="462250000"/>
        <price t="2014-10-28" v="473250000"/>
        <price t="2014-10-29" v="470250000"/>
        <price t="2014-10-30" v="467250000"/>
        <price t="2014-10-31" v="488500000"/>
        <price t="2014-11-03" v="496750000"/>
        <price t="2014-11-04" v="503250000"/>
        <price t="2014-11-05" v="503250000"/>
        <price t="2014-11-06" v="505500000"/>
        <price t="2014-11-07" v="494750000"/>
        <price t="2014-11-10" v="500500000"/>
        <price t="2014-11-11" v="494500000"/>
        <price t="2014-11-12" v="491250000"/>
        <price t="2014-11-13" v="488750000"/>
        <price t="2014-11-14" v="494750000"/>
        <price t="2014-11-17" v="492500000"/>
        <price t="2014-11-18" v="504250000"/>
        <price t="2014-11-19" v="500250000"/>
        <price t="2014-11-20" v="508500000"/>
        <price t="2014-11-21" v="511250000"/>
        <price t="2014-11-24" v="514500000"/>
        <price t="2014-11-25" v="514250000"/>
        <price t="2014-11-26" v="523000000"/>
        <price t="2014-11-28" v="524250000"/>
        <price t="2014-12-01" v="514500000"/>
        <price t="2014-12-02" v="515250000"/>
        <price t="2014-12-03" v="528500000"/>
        <price t="2014-12-04" v="523750000"/>
        <price t="2014-12-05" v="526750000"/>
        <price t="2014-12-08" v="520000000"/>
        <price t="2014-12-09" v="518250000"/>
        <price t="2014-12-10" v="506750000"/>
        <price t="2014-12-11" v="506500000"/>
        <price t="2014-12-12" v="490750000"/>
        <price t="2014-12-15" v="489250000"/>
        <price t="2014-12-16" v="483750000"/>
        <price t="2014-12-17" v="503500000"/>
        <price t="2014-12-18" v="505500000"/>
        <price t="2014-12-19" v="510500000"/>
        <price t="2014-12-22" v="519500000"/>
        <price t="2014-12-23" v="516250000"/>
        <price t="2014-12-24" v="514250000"/>
        <price t="2014-12-26" v="514750000"/>
        <price t="2014-12-29" v="514000000"/>
        <price t="2014-12-30" v="509250000"/>
        <price t="2014-12-31" v="501250000"/>
        <price t="2015-01-02" v="503250000"/>
        <price t="2015-01-05" v="494750000"/>
        <price t="2015-01-06" v="479750000"/>
        <price t="2015-01-07" v="478500000"/>
        <price t="2015-01-08" v="496500000"/>
        <price t="2015-01-09" v="498500000"/>
        <price t="2015-01-12" v="492250000"/>
        <price t="2015-01-13" v="491500000"/>
        <price t="2015-01-14" v="493500000"/>
        <price t="2015-01-15" v="490000000"/>
        <price t="2015-01-16" v="499000000"/>
        <price t="2015-01-20" v="500500000"/>
        <price t="2015-01-21" v="507500000"/>
        <price t="2015-01-22" v="516250000"/>
        <price t="2015-01-23" v="517750000"/>
        <price t="2015-01-26" v="515500000"/>
        <price t="2015-01-27" v="490750000"/>
        <price t="2015-01-28" v="482750000"/>
        <price t="2015-01-29" v="494500000"/>
        <price t="2015-01-30" v="480000000"/>
        <price t="2015-02-02" v="490500000"/>
        <price t="2015-02-03" v="502750000"/>
        <price t="2015-02-04" v="504000000"/>
        <price t="2015-02-05" v="512250000"/>
        <price t="2015-02-06" v="510000000"/>
        <price t="2015-02-09" v="509500000"/>
        <price t="2015-02-10" v="523750000"/>
        <price t="2015-02-11" v="520250000"/>
        <price t="2015-02-12" v="557500000"/>
        <price t="2015-02-13" v="557750000"/>
        <price t="2015-02-17" v="559500000"/>
        <price t="2015-02-18" v="553000000"/>
        <price t="2015-02-19" v="554500000"/>
        <price t="2015-02-20" v="558500000"/>
        <price t="2015-02-23" v="554000000"/>
        <price t="2015-02-24" v="557750000"/>
        <price t="2015-02-25" v="553500000"/>
        <price t="2015-02-26" v="555000000"/>
        <price t="2015-02-27" v="551500000"/>
        <price t="2015-03-02" v="565000000"/>
        <price t="2015-03-03" v="554500000"/>
        <price t="2015-03-04" v="560750000"/>
        <price t="2015-03-05" v="571500000"/>
        <price t="2015-03-06" v="563750000"/>
        <price t="2015-03-09" v="565250000"/>
        <price t="2015-03-10" v="575000000"/>
        <price t="2015-03-11" v="572000000"/>
        <price t="2015-03-12" v="566750000"/>
        <price t="2015-03-13" v="567500000"/>
        <price t="2015-03-16" v="574250000"/>
        <price t="2015-03-17" v="581250000"/>
        <price t="2015-03-18" v="571750000"/>
        <price t="2015-03-19" v="580500000"/>
        <price t="2015-03-20" v="586750000"/>
        <price t="2015-03-23" v="567750000"/>
        <price t="2015-03-24" v="560000000"/>
        <price t="2015-03-25" v="526000000"/>
        <price t="2015-03-26" v="524250000"/>
        <price t="2015-03-27" v="534500000"/>
        <price t="2015-03-30" v="536750000"/>
        <price t="2015-03-31" v="523250000"/>
        <price t="2015-04-01" v="525250000"/>
        <price t="2015-04-02" v="526500000"/>
        <price t="2015-04-06" v="541750000"/>
        <price t="2015-04-07" v="546500000"/>
        <price t="2015-04-08" v="550500000"/>
        <price t="2015-04-09" v="563250000"/>
        <price t="2015-04-10" v="569000000"/>
        <price t="2015-04-13" v="563750000"/>
        <price t="2015-04-14" v="559000000"/>
        <price t="2015-04-15" v="565750000"/>
        <price t="2015-04-16" v="562250000"/>
        <price t="2015-04-17" v="555000000"/>
        <price t="2015-04-20" v="552250000"/>
        <price t="2015-04-21" v="551500000"/>
        <price t="2015-04-22" v="557750000"/>
        <price t="2015-04-23" v="555500000"/>
        <price t="2015-04-24" v="550750000"/>
        <price t="2015-04-27" v="555000000"/>
        <price t="2015-04-28" v="557750000"/>
        <price t="2015-04-29" v="553500000"/>
        <price t="2015-04-30" v="555000000"/>
        <price t="2015-05-01" v="568750000"/>
        <price t="2015-05-04" v="565250000"/>
        <price t="2015-05-05" v="550750000"/>
        <price t="2015-05-06" v="552500000"/>
        <price t="2015-05-07" v="562250000"/>
        <price t="2015-05-08" v="520750000"/>
        <price t="2015-05-11" v="515750000"/>
        <price t="2015-05-12" v="520750000"/>
        <price t="2015-05-13" v="523750000"/>
        <price t="2015-05-14" v="532250000"/>
        <price t="2015-05-15" v="532500000"/>
        <price t="2015-05-18" v="531750000"/>
        <price t="2015-05-19" v="526000000"/>
        <price t="2015-05-20" v="526000000"/>
        <price t="2015-05-21" v="522250000"/>
        <price t="2015-05-22" v="521500000"/>
        <price t="2015-05-26" v="518250000"/>
        <price t="2015-05-27" v="546000000"/>
        <price t="2015-05-28" v="553500000"/>
        <price t="2015-05-29" v="553250000"/>
        <price t="2015-06-01" v="559500000"/>
        <price t="2015-06-02" v="548500000"/>
        <price t="2015-06-03" v="542500000"/>
        <price t="2015-06-04" v="552250000"/>
        <price t="2015-06-05" v="556500000"/>
        <price t="2015-06-08" v="543750000"/>
        <price t="2015-06-09" v="546500000"/>
        <price t="2015-06-10" v="536750000"/>
        <price t="2015-06-11" v="542500000"/>
        <price t="2015-06-12" v="527750000"/>
        <price t="2015-06-15" v="526750000"/>
        <price t="2015-06-16" v="533250000"/>
        <price t="2015-06-17" v="539500000"/>
        <price t="2015-06-18" v="548500000"/>
        <price t="2015-06-19" v="546750000"/>
        <price t="2015-06-22" v="544500000"/>
        <price t="2015-06-23" v="530500000"/>
        <price t="2015-06-24" v="525250000"/>
        <price t="2015-06-25" v="529250000"/>
        <price t="2015-06-26" v="518500000"/>
        <price t="2015-06-29" v="503000000"/>
        <price t="2015-06-30" v="502750000"/>
        <price t="2015-07-01" v="510000000"/>
        <price t="2015-07-02" v="510500000"/>
        <price t="2015-07-06" v="504250000"/>
        <price t="2015-07-07" v="494750000"/>
        <price t="2015-07-08" v="491250000"/>
        <price t="2015-07-09" v="485250000"/>
        <price t="2015-07-10" v="493750000"/>
        <price t="2015-07-13" v="497000000"/>
        <price t="2015-07-14" v="497250000"/>
        <price t="2015-07-15" v="493750000"/>
        <price t="2015-07-16" v="504750000"/>
        <price t="2015-07-17" v="501750000"/>
        <price t="2015-07-20" v="492500000"/>
        <price t="2015-07-21" v="494750000"/>
        <price t="2015-07-22" v="485250000"/>
        <price t="2015-07-23" v="491250000"/>
        <price t="2015-07-24" v="485500000"/>
        <price t="2015-07-27" v="482750000"/>
        <price t="2015-07-28" v="493250000"/>
        <price t="2015-07-29" v="499250000"/>
        <price t="2015-07-30" v="500500000"/>
        <price t="2015-07-31" v="498750000"/>
        <price t="2015-08-03" v="507250000"/>
        <price t="2015-08-04" v="509250000"/>
        <price t="2015-08-05" v="514500000"/>
        <price t="2015-08-06" v="511250000"/>
        <price t="2015-08-07" v="574500000"/>
        <price t="2015-08-10" v="594500000"/>
        <price t="2015-08-11" v="591500000"/>
        <price t="2015-08-12" v="593000000"/>
        <price t="2015-08-13" v="588000000"/>
        <price t="2015-08-14" v="588500000"/>
        <price t="2015-08-17" v="584750000"/>
        <price t="2015-08-18" v="577000000"/>
        <price t="2015-08-19" v="574750000"/>
        <price t="2015-08-20" v="554000000"/>
        <price t="2015-08-21" v="536750000"/>
        <price t="2015-08-24" v="517750000"/>
        <price t="2015-08-25" v="507000000"/>
        <price t="2015-08-26" v="545250000"/>
        <price t="2015-08-27" v="565750000"/>
        <price t="2015-08-28" v="568250000"/>
        <price t="2015-08-31" v="562000000"/>
        <price t="2015-09-01" v="539000000"/>
        <price t="2015-09-02" v="555250000"/>
        <price t="2015-09-03" v="556750000"/>
        <price t="2015-09-04" v="543750000"/>
        <price t="2015-09-08" v="567000000"/>
        <price t="2015-09-09" v="555750000"/>
        <price t="2015-09-10" v="564500000"/>
        <price t="2015-09-11" v="566250000"/>
        <price t="2015-09-14" v="567250000"/>
        <price t="2015-09-15" v="573500000"/>
        <price t="2015-09-16" v="577500000"/>
        <price t="2015-09-17" v="582750000"/>
        <price t="2015-09-18" v="582250000"/>
        <price t="2015-09-21" v="588250000"/>
        <price t="2015-09-22" v="572250000"/>
        <price t="2015-09-23" v="575000000"/>
        <price t="2015-09-24" v="586000000"/>
        <price t="2015-09-25" v="590250000"/>
        <price t="2015-09-28" v="582500000"/>
        <price t="2015-09-29" v="592750000"/>
        <price t="2015-09-30" v="616250000"/>
        <price t="2015-10-01" v="604250000"/>
        <price t="2015-10-02" v="620000000"/>
        <price t="2015-10-05" v="635500000"/>
        <price t="2015-10-06" v="643750000"/>
        <price t="2015-10-07" v="650500000"/>
        <price t="2015-10-08" v="654250000"/>
        <price t="2015-10-09" v="651750000"/>
        <price t="2015-10-12" v="658750000"/>
        <price t="2015-10-13" v="660000000"/>
        <price t="2015-10-14" v="684000000"/>
        <price t="2015-10-15" v="685750000"/>
        <price t="2015-10-16" v="696500000"/>
        <price t="2015-10-19" v="695250000"/>
        <price t="2015-10-20" v="694250000"/>
        <price t="2015-10-21" v="685250000"/>
        <price t="2015-10-22" v="710000000"/>
        <price t="2015-10-23" v="714750000"/>
        <price t="2015-10-26" v="711500000"/>
        <price t="2015-10-27" v="711000000"/>
        <price t="2015-10-28" v="716750000"/>
        <price t="2015-10-29" v="692000000"/>
        <price t="2015-10-30" v="709250000"/>
        <price t="2015-11-02" v="717500000"/>
        <price t="2015-11-03" v="712500000"/>
        <price t="2015-11-04" v="700750000"/>
        <price t="2015-11-05" v="692750000"/>
        <price t="2015-11-06" v="788750000"/>
        <price t="2015-11-09" v="785250000"/>
        <price t="2015-11-10" v="770250000"/>
        <price t="2015-11-11" v="762750000"/>
        <price t="2015-11-12" v="760000000"/>
        <price t="2015-11-13" v="745000000"/>
        <price t="2015-11-16" v="760000000"/>
        <price t="2015-11-17" v="760000000"/>
        <price t="2015-11-18" v="775750000"/>
        <price t="2015-11-19" v="778000000"/>
        <price t="2015-11-20" v="784750000"/>
        <price t="2015-11-23" v="773000000"/>
        <price t="2015-11-24" v="779250000"/>
        <price t="2015-11-25" v="778250000"/>
        <price t="2015-11-27" v="784750000"/>
        <price t="2015-11-30" v="793000000"/>
        <price t="2015-12-01" v="818750000"/>
        <price t="2015-12-02" v="812500000"/>
        <price t="2015-12-03" v="810750000"/>
        <price t="2015-12-04" v="843750000"/>
        <price t="2015-12-07" v="827750000"/>
        <price t="2015-12-08" v="839000000"/>
        <price t="2015-12-09" v="817750000"/>
        <price t="2015-12-10" v="824500000"/>
        <price t="2015-12-11" v="812250000"/>
        <price t="2015-12-14" v="814250000"/>
        <price t="2015-12-15" v="824250000"/>
        <price t="2015-12-16" v="829250000"/>
        <price t="2015-12-17" v="816750000"/>
        <price t="2015-12-18" v="803500000"/>
        <price t="2015-12-21" v="822500000"/>
        <price t="2015-12-22" v="823250000"/>
        <price t="2015-12-23" v="826500000"/>
        <price t="2015-12-24" v="829250000"/>
        <price t="2015-12-28" v="828500000"/>
        <price t="2015-12-29" v="842000000"/>
        <price t="2015-12-30" v="834750000"/>
        <price t="2015-12-31" v="824000000"/>
        <price t="2016-01-04" v="809250000"/>
        <price t="2016-01-05" v="822250000"/>
        <price t="2016-01-06" v="788250000"/>
        <price t="2016-01-07" v="757000000"/>
        <price t="2016-01-08" v="740750000"/>
        <price t="2016-01-11" v="742000000"/>
        <price t="2016-01-12" v="754500000"/>
        <price t="2016-01-13" v="731500000"/>
        <price t="2016-01-14" v="716750000"/>
        <price t="2016-01-15" v="677750000"/>
        <price t="2016-01-19" v="683250000"/>
        <price t="2016-01-20" v="687000000"/>
        <price t="2016-01-21" v="695000000"/>
        <price t="2016-01-22" v="711250000"/>
        <price t="2016-01-25" v="710500000"/>
        <price t="2016-01-26" v="717500000"/>
        <price t="2016-01-27" v="709000000"/>
        <price t="2016-01-28" v="701250000"/>
        <price t="2016-01-29" v="732250000"/>
        <price t="2016-02-01" v="732500000"/>
        <price t="2016-02-02" v="701500000"/>
        <price t="2016-02-03" v="705000000"/>
        <price t="2016-02-04" v="705250000"/>
        <price t="2016-02-05" v="660750000"/>
        <price t="2016-02-08" v="630500000"/>
        <price t="2016-02-09" v="637250000"/>
        <price t="2016-02-10" v="635750000"/>
        <price t="2016-02-11" v="632500000"/>
        <price t="2016-02-12" v="643250000"/>
        <price t="2016-02-16" v="674750000"/>
        <price t="2016-02-17" v="691500000"/>
        <price t="2016-02-18" v="751000000"/>
        <price t="2016-02-19" v="761000000"/>
        <price t="2016-02-22" v="788000000"/>
        <price t="2016-02-23" v="790000000"/>
        <price t="2016-02-24" v="795500000"/>
        <price t="2016-02-25" v="797250000"/>
        <price t="2016-02-26" v="792000000"/>
        <price t="2016-02-29" v="784000000"/>
        <price t="2016-03-01" v="818750000"/>
        <price t="2016-03-02" v="823500000"/>
        <price t="2016-03-03" v="816250000"/>
        <price t="2016-03-04" v="813750000"/>
        <price t="2016-03-07" v="808500000"/>
        <price t="2016-03-08" v="793750000"/>
        <price t="2016-03-09" v="793250000"/>
        <price t="2016-03-10" v="792000000"/>
        <price t="2016-03-11" v="805500000"/>
        <price t="2016-03-14" v="807500000"/>
        <price t="2016-03-15" v="803500000"/>
        <price t="2016-03-16" v="827500000"/>
        <price t="2016-03-17" v="820500000"/>
        <price t="2016-03-18" v="845250000"/>
        <price t="2016-03-21" v="847750000"/>
        <price t="2016-03-22" v="846250000"/>
        <price t="2016-03-23" v="860750000"/>
        <price t="2016-03-24" v="862000000"/>
        <price t="2016-03-28" v="870750000"/>
        <price t="2016-03-29" v="884750000"/>
        <price t="2016-03-30" v="894000000"/>
        <price t="2016-03-31" v="890750000"/>
        <price t="2016-04-01" v="903750000"/>
        <price t="2016-04-04" v="895000000"/>
        <price t="2016-04-05" v="893750000"/>
        <price t="2016-04-06" v="895000000"/>
        <price t="2016-04-07" v="885750000"/>
        <price t="2016-04-08" v="891500000"/>
        <price t="2016-04-11" v="897000000"/>
        <price t="2016-04-12" v="896000000"/>
        <price t="2016-04-13" v="918500000"/>
        <price t="2016-04-14" v="921000000"/>
        <price t="2016-04-15" v="928250000"/>
        <price t="2016-04-18" v="924250000"/>
        <price t="2016-04-19" v="907750000"/>
        <price t="2016-04-20" v="911250000"/>
        <price t="2016-04-21" v="910250000"/>
        <price t="2016-04-22" v="906750000"/>
        <price t="2016-04-25" v="911250000"/>
        <price t="2016-04-26" v="912000000"/>
        <price t="2016-04-27" v="932750000"/>
        <price t="2016-04-28" v="905000000"/>
        <price t="2016-04-29" v="888250000"/>
        <price t="2016-05-02" v="900000000"/>
        <price t="2016-05-03" v="889250000"/>
        <price t="2016-05-04" v="869000000"/>
        <price t="2016-05-05" v="874250000"/>
        <price t="2016-05-06" v="883250000"/>
        <price t="2016-05-09" v="882000000"/>
        <price t="2016-05-10" v="899000000"/>
        <price t="2016-05-11" v="901500000"/>
        <price t="2016-05-12" v="889250000"/>
        <price t="2016-05-13" v="1024500000"/>
        <price t="2016-05-16" v="1054750000"/>
        <price t="2016-05-17" v="1057000000"/>
        <price t="2016-05-18" v="1084000000"/>
        <price t="2016-05-19" v="1088750000"/>
        <price t="2016-05-20" v="1108250000"/>
        <price t="2016-05-23" v="1110000000"/>
        <price t="2016-05-24" v="1134000000"/>
        <price t="2016-05-25" v="1129250000"/>
        <price t="2016-05-26" v="1141250000"/>
        <price t="2016-05-27" v="1147500000"/>
        <price t="2016-05-31" v="1168000000"/>
        <price t="2016-06-01" v="1170250000"/>
        <price t="2016-06-02" v="1178500000"/>
        <price t="2016-06-03" v="1162000000"/>
        <price t="2016-06-06" v="1156000000"/>
        <price t="2016-06-07" v="1158250000"/>
        <price t="2016-06-08" v="1154500000"/>
        <price t="2016-06-09" v="1184500000"/>
        <price t="2016-06-10" v="1155000000"/>
        <price t="2016-06-13" v="1169750000"/>
        <price t="2016-06-14" v="1172000000"/>
        <price t="2016-06-15" v="1184000000"/>
        <price t="2016-06-16" v="1188750000"/>
        <price t="2016-06-17" v="1168000000"/>
        <price t="2016-06-20" v="1189000000"/>
        <price t="2016-06-21" v="1181750000"/>
        <price t="2016-06-22" v="1180750000"/>
        <price t="2016-06-23" v="1212250000"/>
        <price t="2016-06-24" v="1143250000"/>
        <price t="2016-06-27" v="1131000000"/>
        <price t="2016-06-28" v="1147500000"/>
        <price t="2016-06-29" v="1166250000"/>
        <price t="2016-06-30" v="1175250000"/>
        <price t="2016-07-01" v="1166500000"/>
        <price t="2016-07-05" v="1183750000"/>
        <price t="2016-07-06" v="1191250000"/>
        <price t="2016-07-07" v="1222250000"/>
        <price t="2016-07-08" v="1271250000"/>
        <price t="2016-07-11" v="1300500000"/>
        <price t="2016-07-12" v="1320000000"/>
        <price t="2016-07-13" v="1319500000"/>
        <price t="2016-07-14" v="1333000000"/>
        <price t="2016-07-15" v="1317500000"/>
        <price t="2016-07-18" v="1324250000"/>
        <price t="2016-07-19" v="1338000000"/>
        <price t="2016-07-20" v="1355500000"/>
        <price t="2016-07-21" v="1330500000"/>
        <price t="2016-07-22" v="1366750000"/>
        <price t="2016-07-25" v="1392000000"/>
        <price t="2016-07-26" v="1415750000"/>
        <price t="2016-07-27" v="1401500000"/>
        <price t="2016-07-28" v="1404500000"/>
        <price t="2016-07-29" v="1427500000"/>
        <price t="2016-08-01" v="1418250000"/>
        <price t="2016-08-02" v="1401000000"/>
        <price t="2016-08-03" v="1404750000"/>
        <price t="2016-08-04" v="1430750000"/>
        <price t="2016-08-05" v="1455000000"/>
        <price t="2016-08-08" v="1468500000"/>
        <price t="2016-08-09" v="1472250000"/>
        <price t="2016-08-10" v="1462750000"/>
        <price t="2016-08-11" v="1492500000"/>
        <price t="2016-08-12" v="1576000000"/>
        <price t="2016-08-15" v="1574500000"/>
        <price t="2016-08-16" v="1565000000"/>
        <price t="2016-08-17" v="1528750000"/>
        <price t="2016-08-18" v="1552500000"/>
        <price t="2016-08-19" v="1556500000"/>
        <price t="2016-08-22" v="1563000000"/>
        <price t="2016-08-23" v="1572750000"/>
        <price t="2016-08-24" v="1548500000"/>
        <price t="2016-08-25" v="1538250000"/>
        <price t="2016-08-26" v="1550750000"/>
        <price t="2016-08-29" v="1549750000"/>
        <price t="2016-08-30" v="1540750000"/>
        <price t="2016-08-31" v="1533500000"/>
        <price t="2016-09-01" v="1578750000"/>
        <price t="2016-09-02" v="1563250000"/>
        <price t="2016-09-06" v="1578000000"/>
        <price t="2016-09-07" v="1554750000"/>
        <price t="2016-09-08" v="1566000000"/>
        <price t="2016-09-09" v="1488000000"/>
        <price t="2016-09-12" v="1518750000"/>
        <price t="2016-09-13" v="1496750000"/>
        <price t="2016-09-14" v="1510000000"/>
        <price t="2016-09-15" v="1567250000"/>
        <price t="2016-09-16" v="1571000000"/>
        <price t="2016-09-19" v="1591750000"/>
        <price t="2016-09-20" v="1577250000"/>
        <price t="2016-09-21" v="1621500000"/>
        <price t="2016-09-22" v="1625500000"/>
        <price t="2016-09-23" v="1623750000"/>
        <price t="2016-09-26" v="1608500000"/>
        <price t="2016-09-27" v="1663500000"/>
        <price t="2016-09-28" v="1669500000"/>
        <price t="2016-09-29" v="1685000000"/>
        <price t="2016-09-30" v="1713000000"/>
        <price t="2016-10-03" v="1711250000"/>
        <price t="2016-10-04" v="1707500000"/>
        <price t="2016-10-05" v="1705750000"/>
        <price t="2016-10-06" v="1683500000"/>
        <price t="2016-10-07" v="1671250000"/>
        <price t="2016-10-10" v="1677500000"/>
        <price t="2016-10-11" v="1653250000"/>
        <price t="2016-10-12" v="1660750000"/>
        <price t="2016-10-13" v="1633750000"/>
        <price t="2016-10-14" v="1649750000"/>
        <price t="2016-10-17" v="1640250000"/>
        <price t="2016-10-18" v="1665250000"/>
        <price t="2016-10-19" v="1661750000"/>
        <price t="2016-10-20" v="1693250000"/>
        <price t="2016-10-21" v="1688500000"/>
        <price t="2016-10-24" v="1767750000"/>
        <price t="2016-10-25" v="1796750000"/>
        <price t="2016-10-26" v="1804000000"/>
        <price t="2016-10-27" v="1767000000"/>
        <price t="2016-10-28" v="1764000000"/>
        <price t="2016-10-31" v="1779000000"/>
        <price t="2016-11-01" v="1726250000"/>
        <price t="2016-11-02" v="1719000000"/>
        <price t="2016-11-03" v="1699000000"/>
        <price t="2016-11-04" v="1689250000"/>
        <price t="2016-11-07" v="1781750000"/>
        <price t="2016-11-08" v="1779000000"/>
        <price t="2016-11-09" v="1749000000"/>
        <price t="2016-11-10" v="1694250000"/>
        <price t="2016-11-11" v="2199250000"/>
        <price t="2016-11-14" v="2091000000"/>
        <price t="2016-11-15" v="2154750000"/>
        <price t="2016-11-16" v="2290750000"/>
        <price t="2016-11-17" v="2309750000"/>
        <price t="2016-11-18" v="2334000000"/>
        <price t="2016-11-21" v="2324500000"/>
        <price t="2016-11-22" v="2341250000"/>
        <price t="2016-11-23" v="2349250000"/>
        <price t="2016-11-25" v="2354000000"/>
        <price t="2016-11-28" v="2352750000"/>
        <price t="2016-11-29" v="2331250000"/>
        <price t="2016-11-30" v="2305000000"/>
        <price t="2016-12-01" v="2191000000"/>
        <price t="2016-12-02" v="2211250000"/>
        <price t="2016-12-05" v="2297000000"/>
        <price t="2016-12-06" v="2334750000"/>
        <price t="2016-12-07" v="2376750000"/>
        <price t="2016-12-08" v="2337000000"/>
        <price t="2016-12-09" v="2295500000"/>
        <price t="2016-12-12" v="2239750000"/>
        <price t="2016-12-13" v="2279250000"/>
        <price t="2016-12-14" v="2411250000"/>
        <price t="2016-12-15" v="2467750000"/>
        <price t="2016-12-16" v="2510250000"/>
        <price t="2016-12-19" v="2540750000"/>
        <price t="2016-12-20" v="2629250000"/>
        <price t="2016-12-21" v="2645750000"/>
        <price t="2016-12-22" v="2677750000"/>
        <price t="2016-12-23" v="2744500000"/>
        <price t="2016-12-27" v="2933000000"/>
        <price t="2016-12-28" v="2731250000"/>
        <price t="2016-12-29" v="2785750000"/>
        <price t="2016-12-30" v="2668500000"/>
        <price t="2017-01-03" v="2550250000"/>
        <price t="2017-01-04" v="2609750000"/>
        <price t="2017-01-05" v="2543500000"/>
        <price t="2017-01-06" v="2577500000"/>
        <price t="2017-01-09" v="2682000000"/>
        <price t="2017-01-10" v="2661750000"/>
        <price t="2017-01-11" v="2629000000"/>
        <price t="2017-01-12" v="2586000000"/>
        <price t="2017-01-13" v="2585750000"/>
        <price t="2017-01-17" v="2527750000"/>
        <price t="2017-01-18" v="2573750000"/>
        <price t="2017-01-19" v="2629000000"/>
        <price t="2017-01-20" v="2600250000"/>
        <price t="2017-01-23" v="2627250000"/>
        <price t="2017-01-24" v="2683250000"/>
        <price t="2017-01-25" v="2694750000"/>
        <price t="2017-01-26" v="2741250000"/>
        <price t="2017-01-27" v="2794250000"/>
        <price t="2017-01-30" v="2750500000"/>
        <price t="2017-01-31" v="2729500000"/>
        <price t="2017-02-01" v="2848750000"/>
        <price t="2017-02-02" v="2884750000"/>
        <price t="2017-02-03" v="2859500000"/>
        <price t="2017-02-06" v="2932750000"/>
        <price t="2017-02-07" v="2978250000"/>
        <price t="2017-02-08" v="2965250000"/>
        <price t="2017-02-09" v="2909500000"/>
        <price t="2017-02-10" v="2840500000"/>
        <price t="2017-02-13" v="2709500000"/>
        <price t="2017-02-14" v="2719500000"/>
        <price t="2017-02-15" v="2725000000"/>
        <price t="2017-02-16" v="2681250000"/>
        <price t="2017-02-17" v="2680750000"/>
        <price t="2017-02-21" v="2776750000"/>
        <price t="2017-02-22" v="2769000000"/>
        <price t="2017-02-23" v="2512250000"/>
        <price t="2017-02-24" v="2536500000"/>
        <price t="2017-02-27" v="2610250000"/>
        <price t="2017-02-28" v="2537000000"/>
        <price t="2017-03-01" v="2569750000"/>
        <price t="2017-03-02" v="2475000000"/>
        <price t="2017-03-03" v="2460750000"/>
        <price t="2017-03-06" v="2441750000"/>
        <price t="2017-03-07" v="2468500000"/>
        <price t="2017-03-08" v="2464000000"/>
        <price t="2017-03-09" v="2463500000"/>
        <price t="2017-03-10" v="2478000000"/>
        <price t="2017-03-13" v="2546250000"/>
        <price t="2017-03-14" v="2544500000"/>
        <price t="2017-03-15" v="2563750000"/>
        <price t="2017-03-16" v="2595250000"/>
        <price t="2017-03-17" v="2651750000"/>
        <price t="2017-03-20" v="2736250000"/>
        <price t="2017-03-21" v="2647750000"/>
        <price t="2017-03-22" v="2701750000"/>
        <price t="2017-03-23" v="2677250000"/>
        <price t="2017-03-24" v="2686750000"/>
        <price t="2017-03-27" v="2706250000"/>
        <price t="2017-03-28" v="2692250000"/>
        <price t="2017-03-29" v="2683500000"/>
        <price t="2017-03-30" v="2735000000"/>
        <price t="2017-03-31" v="2723250000"/>
        <price t="2017-04-03" v="2709500000"/>
        <price t="2017-04-04" v="2519500000"/>
        <price t="2017-04-05" v="2500750000"/>
        <price t="2017-04-06" v="2519000000"/>
        <price t="2017-04-07" v="2508250000"/>
        <price t="2017-04-10" v="2444250000"/>
        <price t="2017-04-11" v="2453000000"/>
        <price t="2017-04-12" v="2432750000"/>
        <price t="2017-04-13" v="2387250000"/>
        <price t="2017-04-17" v="2480750000"/>
        <price t="2017-04-18" v="2482250000"/>
        <price t="2017-04-19" v="2492000000"/>
        <price t="2017-04-20" v="2531500000"/>
        <price t="2017-04-21" v="2542000000"/>
        <price t="2017-04-24" v="2573750000"/>
        <price t="2017-04-25" v="2618500000"/>
        <price t="2017-04-26" v="2600500000"/>
        <price t="2017-04-27" v="2641000000"/>
        <price t="2017-04-28" v="2607500000"/>
        <price t="2017-05-01" v="2666000000"/>
        <price t="2017-05-02" v="2587000000"/>
        <price t="2017-05-03" v="2606250000"/>
        <price t="2017-05-04" v="2596250000"/>
        <price t="2017-05-05" v="2596500000"/>
        <price t="2017-05-08" v="2569250000"/>
        <price t="2017-05-09" v="2573500000"/>
        <price t="2017-05-10" v="3032250000"/>
        <price t="2017-05-11" v="3162500000"/>
        <price t="2017-05-12" v="3197250000"/>
        <price t="2017-05-15" v="3357750000"/>
        <price t="2017-05-16" v="3420250000"/>
        <price t="2017-05-17" v="3193000000"/>
        <price t="2017-05-18" v="3326750000"/>
        <price t="2017-05-19" v="3400000000"/>
        <price t="2017-05-22" v="3472500000"/>
        <price t="2017-05-23" v="3425750000"/>
        <price t="2017-05-24" v="3464250000"/>
        <price t="2017-05-25" v="3456500000"/>
        <price t="2017-05-26" v="3546000000"/>
        <price t="2017-05-30" v="3621750000"/>
        <price t="2017-05-31" v="3608750000"/>
        <price t="2017-06-01" v="3609000000"/>
        <price t="2017-06-02" v="3591000000"/>
        <price t="2017-06-05" v="3700250000"/>
        <price t="2017-06-06" v="3683500000"/>
        <price t="2017-06-07" v="3728000000"/>
        <price t="2017-06-08" v="3998500000"/>
        <price t="2017-06-09" v="3740000000"/>
        <price t="2017-06-12" v="3749250000"/>
        <price t="2017-06-13" v="3785000000"/>
        <price t="2017-06-14" v="3793000000"/>
        <price t="2017-06-15" v="3809250000"/>
        <price t="2017-06-16" v="3790500000"/>
        <price t="2017-06-19" v="3933000000"/>
        <price t="2017-06-20" v="3927250000"/>
        <price t="2017-06-21" v="3986750000"/>
        <price t="2017-06-22" v="3959250000"/>
        <price t="2017-06-23" v="3845750000"/>
        <price t="2017-06-26" v="3803750000"/>
        <price t="2017-06-27" v="3664500000"/>
        <price t="2017-06-28" v="3793750000"/>
        <price t="2017-06-29" v="3667000000"/>
        <price t="2017-06-30" v="3614000000"/>
        <price t="2017-07-03" v="3483250000"/>
        <price t="2017-07-05" v="3576250000"/>
        <price t="2017-07-06" v="3587000000"/>
        <price t="2017-07-07" v="3669000000"/>
        <price t="2017-07-10" v="3842500000"/>
        <price t="2017-07-11" v="3897000000"/>
        <price t="2017-07-12" v="4062750000"/>
        <price t="2017-07-13" v="4015750000"/>
        <price t="2017-07-14" v="4123750000"/>
        <price t="2017-07-17" v="4106250000"/>
        <price t="2017-07-18" v="4149000000"/>
        <price t="2017-07-19" v="4127500000"/>
        <price t="2017-07-20" v="4187500000"/>
        <price t="2017-07-21" v="4202500000"/>
        <price t="2017-07-24" v="4153750000"/>
        <price t="2017-07-25" v="4133750000"/>
        <price t="2017-07-26" v="4181500000"/>
        <price t="2017-07-27" v="4043500000"/>
        <price t="2017-07-28" v="4109750000"/>
        <price t="2017-07-31" v="4062750000"/>
        <price t="2017-08-01" v="4112250000"/>
        <price t="2017-08-02" v="4109750000"/>
        <price t="2017-08-03" v="4162000000"/>
        <price t="2017-08-04" v="4180250000"/>
        <price t="2017-08-07" v="4308750000"/>
        <price t="2017-08-08" v="4257500000"/>
        <price t="2017-08-09" v="4302750000"/>
        <price t="2017-08-10" v="4118500000"/>
        <price t="2017-08-11" v="3899000000"/>
        <price t="2017-08-14" v="4210000000"/>
        <price t="2017-08-15" v="4174500000"/>
        <price t="2017-08-16" v="4128750000"/>
        <price t="2017-08-17" v="4036750000"/>
        <price t="2017-08-18" v="4037500000"/>
        <price t="2017-08-21" v="3978750000"/>
        <price t="2017-08-22" v="4063750000"/>
        <price t="2017-08-23" v="4145000000"/>
        <price t="2017-08-24" v="4129750000"/>
        <price t="2017-08-25" v="4095250000"/>
        <price t="2017-08-28" v="4124250000"/>
        <price t="2017-08-29" v="4117500000"/>
        <price t="2017-08-30" v="4142000000"/>
        <price t="2017-08-31" v="4236000000"/>
        <price t="2017-09-01" v="4261500000"/>
        <price t="2017-09-05" v="4147750000"/>
        <price t="2017-09-06" v="4145250000"/>
        <price t="2017-09-07" v="4164500000"/>
        <price t="2017-09-08" v="4092250000"/>
        <price t="2017-09-11" v="4225000000"/>
        <price t="2017-09-12" v="4240250000"/>
        <price t="2017-09-13" v="4259250000"/>
        <price t="2017-09-14" v="4235000000"/>
        <price t="2017-09-15" v="4502750000"/>
        <price t="2017-09-18" v="4688750000"/>
        <price t="2017-09-19" v="4683750000"/>
        <price t="2017-09-20" v="4646000000"/>
        <price t="2017-09-21" v="4519000000"/>
        <price t="2017-09-22" v="4475000000"/>
        <price t="2017-09-25" v="4275000000"/>
        <price t="2017-09-26" v="4299000000"/>
        <price t="2017-09-27" v="4393250000"/>
        <price t="2017-09-28" v="4392000000"/>
        <price t="2017-09-29" v="4469250000"/>
        <price t="2017-10-02" v="4475000000"/>
        <price t="2017-10-03" v="4484250000"/>
        <price t="2017-10-04" v="4521750000"/>
        <price t="2017-10-05" v="4519250000"/>
        <price t="2017-10-06" v="4532500000"/>
        <price t="2017-10-09" v="4634750000"/>
        <price t="2017-10-10" v="4723250000"/>
        <price t="2017-10-11" v="4773500000"/>
        <price t="2017-10-12" v="4775750000"/>
        <price t="2017-10-13" v="4864750000"/>
        <price t="2017-10-16" v="4948250000"/>
        <price t="2017-10-17" v="4943750000"/>
        <price t="2017-10-18" v="4939500000"/>
        <price t="2017-10-19" v="4945000000"/>
        <price t="2017-10-20" v="4922500000"/>
        <price t="2017-10-23" v="4915500000"/>
        <price t="2017-10-24" v="4967000000"/>
        <price t="2017-10-25" v="4841500000"/>
        <price t="2017-10-26" v="4892250000"/>
        <price t="2017-10-27" v="5046500000"/>
        <price t="2017-10-30" v="5096000000"/>
        <price t="2017-10-31" v="5170250000"/>
        <price t="2017-11-01" v="5180000000"/>
        <price t="2017-11-02" v="5148500000"/>
        <price t="2017-11-03" v="5217250000"/>
        <price t="2017-11-06" v="5240750000"/>
        <price t="2017-11-07" v="5300750000"/>
        <price t="2017-11-08" v="5229000000"/>
        <price t="2017-11-09" v="5133000000"/>
        <price t="2017-11-10" v="5403500000"/>
        <price t="2017-11-13" v="5315750000"/>
        <price t="2017-11-14" v="5354500000"/>
        <price t="2017-11-15" v="5249500000"/>
        <price t="2017-11-16" v="5290250000"/>
        <price t="2017-11-17" v="5284000000"/>
        <price t="2017-11-20" v="5352000000"/>
        <price t="2017-11-21" v="5401250000"/>
        <price t="2017-11-22" v="5373250000"/>
        <price t="2017-11-24" v="5424000000"/>
        <price t="2017-11-27" v="5353500000"/>
        <price t="2017-11-28" v="5267750000"/>
        <price t="2017-11-29" v="4910500000"/>
        <price t="2017-11-30" v="5017750000"/>
        <price t="2017-12-01" v="4942000000"/>
        <price t="2017-12-04" v="4666500000"/>
        <price t="2017-12-05" v="4693500000"/>
        <price t="2017-12-06" v="4731500000"/>
        <price t="2017-12-07" v="4799750000"/>
        <price t="2017-12-08" v="4787250000"/>
        <price t="2017-12-11" v="4866500000"/>
        <price t="2017-12-12" v="4771000000"/>
        <price t="2017-12-13" v="4654500000"/>
        <price t="2017-12-14" v="4661750000"/>
        <price t="2017-12-15" v="4789000000"/>
        <price t="2017-12-18" v="4947500000"/>
        <price t="2017-12-19" v="4902750000"/>
        <price t="2017-12-20" v="4920000000"/>
        <price t="2017-12-21" v="4897250000"/>
        <price t="2017-12-22" v="4881750000"/>
        <price t="2017-12-26" v="4936000000"/>
        <price t="2017-12-27" v="4929250000"/>
        <price t="2017-12-28" v="4935000000"/>
        <price t="2017-12-29" v="4837500000"/>
        <price t="2018-01-02" v="4983750000"/>
        <price t="2018-01-03" v="5311750000"/>
        <price t="2018-01-04" v="5339750000"/>
        <price t="2018-01-05" v="5385000000"/>
        <price t="2018-01-08" v="5550000000"/>
        <price t="2018-01-09" v="5548500000"/>
        <price t="2018-01-10" v="5592000000"/>
        <price t="2018-01-11" v="5602000000"/>
        <price t="2018-01-12" v="5574500000"/>
        <price t="2018-01-16" v="5502750000"/>
        <price t="2018-01-17" v="5618000000"/>
        <price t="2018-01-18" v="5611000000"/>
        <price t="2018-01-19" v="5752750000"/>
        <price t="2018-01-22" v="5842250000"/>
        <price t="2018-01-23" v="5972750000"/>
        <price t="2018-01-24" v="5895000000"/>
        <price t="2018-01-25" v="5908750000"/>
        <price t="2018-01-26" v="6083250000"/>
        <price t="2018-01-29" v="6171250000"/>
        <price t="2018-01-30" v="6068000000"/>
        <price t="2018-01-31" v="6145000000"/>
        <price t="2018-02-01" v="6012500000"/>
        <price t="2018-02-02" v="5838000000"/>
        <price t="2018-02-05" v="5342500000"/>
        <price t="2018-02-06" v="5639500000"/>
        <price t="2018-02-07" v="5720000000"/>
        <price t="2018-02-08" v="5438000000"/>
        <price t="2018-02-09" v="5802000000"/>
        <price t="2018-02-12" v="5700750000"/>
        <price t="2018-02-13" v="5815750000"/>
        <price t="2018-02-14" v="6035500000"/>
        <price t="2018-02-15" v="6162500000"/>
        <price t="2018-02-16" v="6096000000"/>
        <price t="2018-02-20" v="6227000000"/>
        <price t="2018-02-21" v="6037750000"/>
        <price t="2018-02-22" v="6053750000"/>
        <price t="2018-02-23" v="6148250000"/>
        <price t="2018-02-26" v="6164500000"/>
        <price t="2018-02-27" v="6151500000"/>
        <price t="2018-02-28" v="6050000000"/>
        <price t="2018-03-01" v="5805250000"/>
        <price t="2018-03-02" v="5913500000"/>
        <price t="2018-03-05" v="5891250000"/>
        <price t="2018-03-06" v="6054000000"/>
        <price t="2018-03-07" v="6046000000"/>
        <price t="2018-03-08" v="6029500000"/>
        <price t="2018-03-09" v="6133250000"/>
        <price t="2018-03-12" v="6244000000"/>
        <price t="2018-03-13" v="6192750000"/>
        <price t="2018-03-14" v="6218500000"/>
        <price t="2018-03-15" v="6233500000"/>
        <price t="2018-03-16" v="6262000000"/>
        <price t="2018-03-19" v="6025000000"/>
        <price t="2018-03-20" v="6239500000"/>
        <price t="2018-03-21" v="6214000000"/>
        <price t="2018-03-22" v="6046250000"/>
        <price t="2018-03-23" v="5824250000"/>
        <price t="2018-03-26" v="6112000000"/>
        <price t="2018-03-27" v="5638000000"/>
        <price t="2018-03-28" v="5533750000"/>
        <price t="2018-03-29" v="5789750000"/>
        <price t="2018-04-02" v="5526250000"/>
        <price t="2018-04-03" v="5633750000"/>
        <price t="2018-04-04" v="5656000000"/>
        <price t="2018-04-05" v="5534500000"/>
        <price t="2018-04-06" v="5356250000"/>
        <price t="2018-04-09" v="5385250000"/>
        <price t="2018-04-10" v="5697750000"/>
        <price t="2018-04-11" v="5656000000"/>
        <price t="2018-04-12" v="5865000000"/>
        <price t="2018-04-13" v="5787500000"/>
        <price t="2018-04-16" v="5787250000"/>
        <price t="2018-04-17" v="5938500000"/>
        <price t="2018-04-18" v="5909250000"/>
        <price t="2018-04-19" v="5726000000"/>
        <price t="2018-04-20" v="5717750000"/>
        <price t="2018-04-23" v="5597000000"/>
        <price t="2018-04-24" v="5530000000"/>
        <price t="2018-04-25" v="5416500000"/>
        <price t="2018-04-26" v="5630500000"/>
        <price t="2018-04-27" v="5658250000"/>
        <price t="2018-04-30" v="5622500000"/>
        <price t="2018-05-01" v="5678500000"/>
        <price t="2018-05-02" v="5657750000"/>
        <price t="2018-05-03" v="5824750000"/>
        <price t="2018-05-04" v="5976500000"/>
        <price t="2018-05-07" v="6217000000"/>
        <price t="2018-05-08" v="6260000000"/>
        <price t="2018-05-09" v="6394500000"/>
        <price t="2018-05-10" v="6503250000"/>
        <price t="2018-05-11" v="6363250000"/>
        <price t="2018-05-14" v="6384000000"/>
        <price t="2018-05-15" v="6139000000"/>
        <price t="2018-05-16" v="6150250000"/>
        <price t="2018-05-17" v="6192750000"/>
        <price t="2018-05-18" v="6148500000"/>
        <price t="2018-05-21" v="6106000000"/>
        <price t="2018-05-22" v="6067500000"/>
        <price t="2018-05-23" v="6188500000"/>
        <price t="2018-05-24" v="6192250000"/>
        <price t="2018-05-25" v="6232000000"/>
        <price t="2018-05-29" v="6214750000"/>
        <price t="2018-05-30" v="6324750000"/>
        <price t="2018-05-31" v="6304750000"/>
        <price t="2018-06-01" v="6440500000"/>
        <price t="2018-06-04" v="6621250000"/>
        <price t="2018-06-05" v="6626750000"/>
        <price t="2018-06-06" v="6628750000"/>
        <price t="2018-06-07" v="6572500000"/>
        <price t="2018-06-08" v="6557000000"/>
        <price t="2018-06-11" v="6515500000"/>
        <price t="2018-06-12" v="6564500000"/>
        <price t="2018-06-13" v="6560000000"/>
        <price t="2018-06-14" v="6672750000"/>
        <price t="2018-06-15" v="6631500000"/>
        <price t="2018-06-18" v="6627250000"/>
        <price t="2018-06-19" v="6504250000"/>
        <price t="2018-06-20" v="6557750000"/>
        <price t="2018-06-21" v="6427750000"/>
        <price t="2018-06-22" v="6273750000"/>
        <price t="2018-06-25" v="5978000000"/>
        <price t="2018-06-26" v="6049750000"/>
        <price t="2018-06-27" v="5893000000"/>
        <price t="2018-06-28" v="6021500000"/>
        <price t="2018-06-29" v="5922500000"/>
        <price t="2018-07-02" v="6056000000"/>
        <price t="2018-07-03" v="5921000000"/>
        <price t="2018-07-05" v="6068250000"/>
        <price t="2018-07-06" v="6183250000"/>
        <price t="2018-07-09" v="6231250000"/>
        <price t="2018-07-10" v="6331250000"/>
        <price t="2018-07-11" v="6188250000"/>
        <price t="2018-07-12" v="6280750000"/>
        <price t="2018-07-13" v="6233000000"/>
        <price t="2018-07-16" v="6205000000"/>
        <price t="2018-07-17" v="6342250000"/>
        <price t="2018-07-18" v="6292500000"/>
        <price t="2018-07-19" v="6300750000"/>
        <price t="2018-07-20" v="6272250000"/>
        <price t="2018-07-23" v="6235250000"/>
        <price t="2018-07-24" v="6217750000"/>
        <price t="2018-07-25" v="6296750000"/>
        <price t="2018-07-26" v="6371000000"/>
        <price t="2018-07-27" v="6300500000"/>
        <price t="2018-07-30" v="6103250000"/>
        <price t="2018-07-31" v="6121500000"/>
        <price t="2018-08-01" v="6161750000"/>
        <price t="2018-08-02" v="6265500000"/>
        <price t="2018-08-03" v="6302500000"/>
        <price t="2018-08-06" v="6350750000"/>
        <price t="2018-08-07" v="6423750000"/>
        <price t="2018-08-08" v="6460500000"/>
        <price t="2018-08-09" v="6411500000"/>
        <price t="2018-08-10" v="6369750000"/>
        <price t="2018-08-13" v="6403000000"/>
        <price t="2018-08-14" v="6535750000"/>
        <price t="2018-08-15" v="6477000000"/>
        <price t="2018-08-16" v="6436000000"/>
        <price t="2018-08-17" v="6120500000"/>
        <price t="2018-08-20" v="6196000000"/>
        <price t="2018-08-21" v="6333000000"/>
        <price t="2018-08-22" v="6570500000"/>
        <price t="2018-08-23" v="6671000000"/>
        <price t="2018-08-24" v="6805500000"/>
        <price t="2018-08-27" v="6897500000"/>
        <price t="2018-08-28" v="6859500000"/>
        <price t="2018-08-29" v="6962250000"/>
        <price t="2018-08-30" v="6945250000"/>
        <price t="2018-08-31" v="7017000000"/>
        <price t="2018-09-04" v="7092500000"/>
        <price t="2018-09-05" v="6960500000"/>
        <price t="2018-09-06" v="6818000000"/>
        <price t="2018-09-07" v="6796500000"/>
        <price t="2018-09-10" v="6868250000"/>
        <price t="2018-09-11" v="6820000000"/>
        <price t="2018-09-12" v="6705000000"/>
        <price t="2018-09-13" v="6783500000"/>
        <price t="2018-09-14" v="6910750000"/>
        <price t="2018-09-17" v="6848250000"/>
        <price t="2018-09-18" v="6775500000"/>
        <price t="2018-09-19" v="6799500000"/>
        <price t="2018-09-20" v="6657000000"/>
        <price t="2018-09-21" v="6586250000"/>
        <price t="2018-09-24" v="6642500000"/>
        <price t="2018-09-25" v="6710250000"/>
        <price t="2018-09-26" v="6673000000"/>
        <price t="2018-09-27" v="6685000000"/>
        <price t="2018-09-28" v="7025500000"/>
        <price t="2018-10-01" v="7234000000"/>
        <price t="2018-10-02" v="7162000000"/>
        <price t="2018-10-03" v="7168250000"/>
        <price t="2018-10-04" v="6982250000"/>
        <price t="2018-10-05" v="6746500000"/>
        <price t="2018-10-08" v="6644250000"/>
        <price t="2018-10-09" v="6638500000"/>
        <price t="2018-10-10" v="6142250000"/>
        <price t="2018-10-11" v="5878250000"/>
        <price t="2018-10-12" v="6163500000"/>
        <price t="2018-10-15" v="5884500000"/>
        <price t="2018-10-16" v="6145750000"/>
        <price t="2018-10-17" v="6076500000"/>
        <price t="2018-10-18" v="5988250000"/>
        <price t="2018-10-19" v="5729250000"/>
        <price t="2018-10-22" v="5780500000"/>
        <price t="2018-10-23" v="5526500000"/>
        <price t="2018-10-24" v="4985250000"/>
        <price t="2018-10-25" v="5196000000"/>
        <price t="2018-10-26" v="4957250000"/>
        <price t="2018-10-29" v="4640500000"/>
        <price t="2018-10-30" v="5075000000"/>
        <price t="2018-10-31" v="5270750000"/>
        <price t="2018-11-01" v="5452750000"/>
        <price t="2018-11-02" v="5373000000"/>
        <price t="2018-11-05" v="5294250000"/>
        <price t="2018-11-06" v="5276500000"/>
        <price t="2018-11-07" v="5344750000"/>
        <price t="2018-11-08" v="5149750000"/>
        <price t="2018-11-09" v="5141750000"/>
        <price t="2018-11-12" v="4738500000"/>
        <price t="2018-11-13" v="4982750000"/>
        <price t="2018-11-14" v="4929750000"/>
        <price t="2018-11-15" v="5059750000"/>
        <price t="2018-11-16" v="4110750000"/>
        <price t="2018-11-19" v="3617500000"/>
        <price t="2018-11-20" v="3727000000"/>
        <price t="2018-11-21" v="3617750000"/>
        <price t="2018-11-23" v="3625000000"/>
        <price t="2018-11-26" v="3826250000"/>
        <price t="2018-11-27" v="3843250000"/>
        <price t="2018-11-28" v="4001750000"/>
        <price t="2018-11-29" v="3934000000"/>
        <price t="2018-11-30" v="4085750000"/>
        <price t="2018-12-03" v="4251000000"/>
        <price t="2018-12-04" v="3927750000"/>
        <price t="2018-12-06" v="3957250000"/>
        <price t="2018-12-07" v="3690250000"/>
        <price t="2018-12-10" v="3796500000"/>
        <price t="2018-12-11" v="3704750000"/>
        <price t="2018-12-12" v="3722500000"/>
        <price t="2018-12-13" v="3722250000"/>
        <price t="2018-12-14" v="3661250000"/>
        <price t="2018-12-17" v="3589500000"/>
        <price t="2018-12-18" v="3673500000"/>
        <price t="2018-12-19" v="3462750000"/>
        <price t="2018-12-20" v="3377500000"/>
        <price t="2018-12-21" v="3239250000"/>
        <price t="2018-12-24" v="3177000000"/>
        <price t="2018-12-26" v="3327500000"/>
        <price t="2018-12-27" v="3279250000"/>
        <price t="2018-12-28" v="3341250000"/>
        <price t="2018-12-31" v="3337500000"/>
        <price t="2019-01-02" v="3405500000"/>
        <price t="2019-01-03" v="3199750000"/>
        <price t="2019-01-04" v="3404750000"/>
        <price t="2019-01-07" v="3585000000"/>
        <price t="2019-01-08" v="3495750000"/>
        <price t="2019-01-09" v="3564500000"/>
        <price t="2019-01-10" v="3630750000"/>
        <price t="2019-01-11" v="3720750000"/>
        <price t="2019-01-14" v="3761000000"/>
        <price t="2019-01-15" v="3746750000"/>
        <price t="2019-01-16" v="3721000000"/>
        <price t="2019-01-17" v="3793000000"/>
        <price t="2019-01-18" v="3923250000"/>
        <price t="2019-01-22" v="3719250000"/>
        <price t="2019-01-23" v="3732250000"/>
        <price t="2019-01-24" v="3946000000"/>
        <price t="2019-01-25" v="4003750000"/>
        <price t="2019-01-28" v="3450250000"/>
        <price t="2019-01-29" v="3290000000"/>
        <price t="2019-01-30" v="3434750000"/>
        <price t="2019-01-31" v="3593750000"/>
        <price t="2019-02-01" v="3618250000"/>
        <price t="2019-02-04" v="3729500000"/>
        <price t="2019-02-05" v="3748750000"/>
        <price t="2019-02-06" v="3825000000"/>
        <price t="2019-02-07" v="3685500000"/>
        <price t="2019-02-08" v="3704250000"/>
        <price t="2019-02-11" v="3661250000"/>
        <price t="2019-02-12" v="3779250000"/>
        <price t="2019-02-13" v="3822000000"/>
        <price t="2019-02-14" v="3863250000"/>
        <price t="2019-02-15" v="3933500000"/>
        <price t="2019-02-19" v="3916000000"/>
        <price t="2019-02-20" v="3963750000"/>
        <price t="2019-02-21" v="3894250000"/>
        <price t="2019-02-22" v="3979750000"/>
        <price t="2019-02-25" v="3967250000"/>
        <price t="2019-02-26" v="3927500000"/>
        <price t="2019-02-27" v="3885250000"/>
        <price t="2019-02-28" v="3856500000"/>
        <price t="2019-03-01" v="3911250000"/>
        <price t="2019-03-04" v="3919500000"/>
        <price t="2019-03-05" v="3913000000"/>
        <price t="2019-03-06" v="3801250000"/>
        <price t="2019-03-07" v="3731500000"/>
        <price t="2019-03-08" v="3766000000"/>
        <price t="2019-03-11" v="4028500000"/>
        <price t="2019-03-12" v="4063000000"/>
        <price t="2019-03-13" v="4215500000"/>
        <price t="2019-03-14" v="4139000000"/>
        <price t="2019-03-15" v="4245250000"/>
        <price t="2019-03-18" v="4223750000"/>
        <price t="2019-03-19" v="4392750000"/>
        <price t="2019-03-20" v="4360000000"/>
        <price t="2019-03-21" v="4598500000"/>
        <price t="2019-03-22" v="4437500000"/>
        <price t="2019-03-25" v="4344500000"/>
        <price t="2019-03-26" v="4421750000"/>
        <price t="2019-03-27" v="4412500000"/>
        <price t="2019-03-28" v="4431250000"/>
        <price t="2019-03-29" v="4489000000"/>
        <price t="2019-04-01" v="4557000000"/>
        <price t="2019-04-02" v="4575000000"/>
        <price t="2019-04-03" v="4715500000"/>
        <price t="2019-04-04" v="4706500000"/>
        <price t="2019-04-05" v="4773750000"/>
        <price t="2019-04-08" v="4794750000"/>
        <price t="2019-04-09" v="4731500000"/>
        <price t="2019-04-10" v="4802500000"/>
        <price t="2019-04-11" v="4788500000"/>
        <price t="2019-04-12" v="4750250000"/>
        <price t="2019-04-15" v="4617500000"/>
        <price t="2019-04-16" v="4705250000"/>
        <price t="2019-04-17" v="4682250000"/>
        <price t="2019-04-18" v="4657500000"/>
        <price t="2019-04-22" v="4711750000"/>
        <price t="2019-04-23" v="4766750000"/>
        <price t="2019-04-24" v="4779250000"/>
        <price t="2019-04-25" v="4672750000"/>
        <price t="2019-04-26" v="4452250000"/>
        <price t="2019-04-29" v="4483250000"/>
        <price t="2019-04-30" v="4525000000"/>
        <price t="2019-05-01" v="4511750000"/>
        <price t="2019-05-02" v="4579750000"/>
        <price t="2019-05-03" v="4575250000"/>
        <price t="2019-05-06" v="4496250000"/>
        <price t="2019-05-07" v="4327750000"/>
        <price t="2019-05-08" v="4348000000"/>
        <price t="2019-05-09" v="4254750000"/>
        <price t="2019-05-10" v="4220500000"/>
        <price t="2019-05-13" v="3961250000"/>
        <price t="2019-05-14" v="4051000000"/>
        <price t="2019-05-15" v="3989500000"/>
        <price t="2019-05-16" v="4004750000"/>
        <price t="2019-05-17" v="3913250000"/>
        <price t="2019-05-20" v="3793750000"/>
        <price t="2019-05-21" v="3876500000"/>
        <price t="2019-05-22" v="3805000000"/>
        <price t="2019-05-23" v="3683000000"/>
        <price t="2019-05-24" v="3628750000"/>
        <price t="2019-05-28" v="3583250000"/>
        <price t="2019-05-29" v="3508500000"/>
        <price t="2019-05-30" v="3477750000"/>
        <price t="2019-05-31" v="3386500000"/>
        <price t="2019-06-03" v="3344500000"/>
        <price t="2019-06-04" v="3575000000"/>
        <price t="2019-06-05" v="3532000000"/>
        <price t="2019-06-06" v="3594500000"/>
        <price t="2019-06-07" v="3637500000"/>
        <price t="2019-06-10" v="3710750000"/>
        <price t="2019-06-11" v="3768750000"/>
        <price t="2019-06-12" v="3655000000"/>
        <price t="2019-06-13" v="3706500000"/>
        <price t="2019-06-14" v="3616000000"/>
        <price t="2019-06-17" v="3625750000"/>
        <price t="2019-06-18" v="3822000000"/>
        <price t="2019-06-19" v="3828000000"/>
        <price t="2019-06-20" v="3852500000"/>
        <price t="2019-06-21" v="3794000000"/>
        <price t="2019-06-24" v="3816500000"/>
        <price t="2019-06-25" v="3787000000"/>
        <price t="2019-06-26" v="3981500000"/>
        <price t="2019-06-27" v="4080750000"/>
        <price t="2019-06-28" v="4105750000"/>
        <price t="2019-07-01" v="4154250000"/>
        <price t="2019-07-02" v="4055750000"/>
        <price t="2019-07-03" v="4068750000"/>
        <price t="2019-07-05" v="4005750000"/>
        <price t="2019-07-08" v="3930250000"/>
        <price t="2019-07-09" v="3932750000"/>
        <price t="2019-07-10" v="4001500000"/>
        <price t="2019-07-11" v="4157000000"/>
        <price t="2019-07-12" v="4190250000"/>
        <price t="2019-07-15" v="4181750000"/>
        <price t="2019-07-16" v="4177000000"/>
        <price t="2019-07-17" v="4242750000"/>
        <price t="2019-07-18" v="4254500000"/>
        <price t="2019-07-19" v="4211000000"/>
        <price t="2019-07-22" v="4283000000"/>
        <price t="2019-07-23" v="4391500000"/>
        <price t="2019-07-24" v="4466500000"/>
        <price t="2019-07-25" v="4334500000"/>
        <price t="2019-07-26" v="4376750000"/>
        <price t="2019-07-29" v="4370500000"/>
        <price t="2019-07-30" v="4386250000"/>
        <price t="2019-07-31" v="4218000000"/>
        <price t="2019-08-01" v="4123000000"/>
        <price t="2019-08-02" v="4029750000"/>
        <price t="2019-08-05" v="3769750000"/>
        <price t="2019-08-06" v="3808750000"/>
        <price t="2019-08-07" v="3847250000"/>
        <price t="2019-08-08" v="3956500000"/>
        <price t="2019-08-09" v="3854500000"/>
        <price t="2019-08-12" v="3786250000"/>
        <price t="2019-08-13" v="3901250000"/>
        <price t="2019-08-14" v="3751750000"/>
        <price t="2019-08-15" v="3719250000"/>
        <price t="2019-08-16" v="3989000000"/>
        <price t="2019-08-19" v="4269500000"/>
        <price t="2019-08-20" v="4196750000"/>
        <price t="2019-08-21" v="4280750000"/>
        <price t="2019-08-22" v="4287000000"/>
        <price t="2019-08-23" v="4061000000"/>
        <price t="2019-08-26" v="4136250000"/>
        <price t="2019-08-27" v="4045000000"/>
        <price t="2019-08-28" v="4030500000"/>
        <price t="2019-08-29" v="4175000000"/>
        <price t="2019-08-30" v="4187750000"/>
        <price t="2019-09-03" v="4104250000"/>
        <price t="2019-09-04" v="4219000000"/>
        <price t="2019-09-05" v="4493500000"/>
        <price t="2019-09-06" v="4466250000"/>
        <price t="2019-09-09" v="4512500000"/>
        <price t="2019-09-10" v="4579500000"/>
        <price t="2019-09-11" v="4608250000"/>
        <price t="2019-09-12" v="4606750000"/>
        <price t="2019-09-13" v="4548500000"/>
        <price t="2019-09-16" v="4505250000"/>
        <price t="2019-09-17" v="4526750000"/>
        <price t="2019-09-18" v="4499500000"/>
        <price t="2019-09-19" v="4423500000"/>
        <price t="2019-09-20" v="4317250000"/>
        <price t="2019-09-23" v="4371000000"/>
        <price t="2019-09-24" v="4313250000"/>
        <price t="2019-09-25" v="4455750000"/>
        <price t="2019-09-26" v="4433500000"/>
        <price t="2019-09-27" v="4294000000"/>
        <price t="2019-09-30" v="4351750000"/>
        <price t="2019-10-01" v="4350000000"/>
        <price t="2019-10-02" v="4326000000"/>
        <price t="2019-10-03" v="4532750000"/>
        <price t="2019-10-04" v="4549250000"/>
        <price t="2019-10-07" v="4608250000"/>
        <price t="2019-10-08" v="4430750000"/>
        <price t="2019-10-09" v="4517750000"/>
        <price t="2019-10-10" v="4575750000"/>
        <price t="2019-10-11" v="4649750000"/>
        <price t="2019-10-14" v="4663250000"/>
        <price t="2019-10-15" v="4909250000"/>
        <price t="2019-10-16" v="4855250000"/>
        <price t="2019-10-17" v="4857250000"/>
        <price t="2019-10-18" v="4762250000"/>
        <price t="2019-10-21" v="4900250000"/>
        <price t="2019-10-22" v="4890250000"/>
        <price t="2019-10-23" v="4877250000"/>
        <price t="2019-10-24" v="4921500000"/>
        <price t="2019-10-25" v="5113500000"/>
        <price t="2019-10-28" v="5169750000"/>
        <price t="2019-10-29" v="5073000000"/>
        <price t="2019-10-30" v="5075000000"/>
        <price t="2019-10-31" v="5025500000"/>
        <price t="2019-11-01" v="5064750000"/>
        <price t="2019-11-04" v="5262500000"/>
        <price t="2019-11-05" v="5240250000"/>
        <price t="2019-11-06" v="5190750000"/>
        <price t="2019-11-07" v="5208500000"/>
        <price t="2019-11-08" v="5194500000"/>
        <price t="2019-11-11" v="5204500000"/>
        <price t="2019-11-12" v="5240250000"/>
        <price t="2019-11-13" v="5214250000"/>
        <price t="2019-11-14" v="5244750000"/>
        <price t="2019-11-15" v="5104750000"/>
        <price t="2019-11-18" v="5307000000"/>
        <price t="2019-11-19" v="5199750000"/>
        <price t="2019-11-20" v="5279500000"/>
        <price t="2019-11-21" v="5254500000"/>
        <price t="2019-11-22" v="5272250000"/>
        <price t="2019-11-25" v="5530250000"/>
        <price t="2019-11-26" v="5425000000"/>
        <price t="2019-11-27" v="5456000000"/>
        <price t="2019-11-29" v="5418500000"/>
        <price t="2019-12-02" v="5231250000"/>
        <price t="2019-12-03" v="5191500000"/>
        <price t="2019-12-04" v="5235500000"/>
        <price t="2019-12-05" v="5218500000"/>
        <price t="2019-12-06" v="5304250000"/>
        <price t="2019-12-09" v="5304250000"/>
        <price t="2019-12-10" v="5349500000"/>
        <price t="2019-12-11" v="5433500000"/>
        <price t="2019-12-12" v="5601750000"/>
        <price t="2019-12-13" v="5599750000"/>
        <price t="2019-12-16" v="5628750000"/>
        <price t="2019-12-17" v="5707250000"/>
        <price t="2019-12-18" v="5737750000"/>
        <price t="2019-12-19" v="5886500000"/>
        <price t="2019-12-20" v="5984250000"/>
        <price t="2019-12-23" v="5970500000"/>
        <price t="2019-12-24" v="5965500000"/>
        <price t="2019-12-26" v="5979750000"/>
        <price t="2019-12-27" v="5921750000"/>
        <price t="2019-12-30" v="5808000000"/>
        <price t="2019-12-31" v="5882500000"/>
        <price t="2020-01-02" v="5997750000"/>
        <price t="2020-01-03" v="5901750000"/>
        <price t="2020-01-06" v="5926500000"/>
        <price t="2020-01-07" v="5998250000"/>
        <price t="2020-01-08" v="6009500000"/>
        <price t="2020-01-09" v="6075500000"/>
        <price t="2020-01-10" v="6108000000"/>
        <price t="2020-01-13" v="6299500000"/>
        <price t="2020-01-14" v="6182000000"/>
        <price t="2020-01-15" v="6139250000"/>
        <price t="2020-01-16" v="6223250000"/>
        <price t="2020-01-17" v="6232000000"/>
        <price t="2020-01-21" v="6198500000"/>
        <price t="2020-01-22" v="6252750000"/>
        <price t="2020-01-23" v="6321500000"/>
        <price t="2020-01-24" v="6262000000"/>
        <price t="2020-01-27" v="6005000000"/>
        <price t="2020-01-28" v="6199250000"/>
        <price t="2020-01-29" v="6138500000"/>
        <price t="2020-01-30" v="6145250000"/>
        <price t="2020-01-31" v="5910750000"/>
        <price t="2020-02-03" v="6008250000"/>
        <price t="2020-02-04" v="6178250000"/>
        <price t="2020-02-05" v="6269000000"/>
        <price t="2020-02-06" v="6356250000"/>
        <price t="2020-02-07" v="6289750000"/>
        <price t="2020-02-10" v="6574250000"/>
        <price t="2020-02-11" v="6697250000"/>
        <price t="2020-02-12" v="6813500000"/>
        <price t="2020-02-13" v="6769500000"/>
        <price t="2020-02-14" v="7244750000"/>
        <price t="2020-02-18" v="7414250000"/>
        <price t="2020-02-19" v="7867500000"/>
        <price t="2020-02-20" v="7717500000"/>
        <price t="2020-02-21" v="7351750000"/>
        <price t="2020-02-24" v="6832000000"/>
        <price t="2020-02-25" v="6551250000"/>
        <price t="2020-02-26" v="6691250000"/>
        <price t="2020-02-27" v="6315000000"/>
        <price t="2020-02-28" v="6751750000"/>
        <price t="2020-03-02" v="6910750000"/>
        <price t="2020-03-03" v="6647250000"/>
        <price t="2020-03-04" v="7112750000"/>
        <price t="2020-03-05" v="6832250000"/>
        <price t="2020-03-06" v="6651000000"/>
        <price t="2020-03-09" v="6136000000"/>
        <price t="2020-03-10" v="6527000000"/>
        <price t="2020-03-11" v="6161750000"/>
        <price t="2020-03-12" v="5407750000"/>
        <price t="2020-03-13" v="6021000000"/>
        <price t="2020-03-16" v="4910000000"/>
        <price t="2020-03-17" v="5431750000"/>
        <price t="2020-03-18" v="5070500000"/>
        <price t="2020-03-19" v="5324250000"/>
        <price t="2020-03-20" v="5143750000"/>
        <price t="2020-03-23" v="5317250000"/>
        <price t="2020-03-24" v="6229500000"/>
        <price t="2020-03-25" v="6140500000"/>
        <price t="2020-03-26" v="6431000000"/>
        <price t="2020-03-27" v="6318250000"/>
        <price t="2020-03-30" v="6639750000"/>
        <price t="2020-03-31" v="6590000000"/>
        <price t="2020-04-01" v="6076750000"/>
        <price t="2020-04-02" v="6386750000"/>
        <price t="2020-04-03" v="6097750000"/>
        <price t="2020-04-06" v="6710000000"/>
        <price t="2020-04-07" v="6475750000"/>
        <price t="2020-04-08" v="6673750000"/>
        <price t="2020-04-09" v="6573750000"/>
        <price t="2020-04-13" v="6746250000"/>
        <price t="2020-04-14" v="7098750000"/>
        <price t="2020-04-15" v="7021000000"/>
        <price t="2020-04-16" v="7367500000"/>
        <price t="2020-04-17" v="7308000000"/>
        <price t="2020-04-20" v="7176250000"/>
        <price t="2020-04-21" v="6737750000"/>
        <price t="2020-04-22" v="7153750000"/>
        <price t="2020-04-23" v="7100250000"/>
        <price t="2020-04-24" v="7239750000"/>
        <price t="2020-04-27" v="7427000000"/>
        <price t="2020-04-28" v="7284000000"/>
        <price t="2020-04-29" v="7461500000"/>
        <price t="2020-04-30" v="7307000000"/>
        <price t="2020-05-01" v="7069500000"/>
        <price t="2020-05-04" v="7282250000"/>
        <price t="2020-05-05" v="7343500000"/>
        <price t="2020-05-06" v="7444750000"/>
        <price t="2020-05-07" v="7621750000"/>
        <price t="2020-05-08" v="7812500000"/>
        <price t="2020-05-11" v="8065500000"/>
        <price t="2020-05-12" v="7802500000"/>
        <price t="2020-05-13" v="7780000000"/>
        <price t="2020-05-14" v="8030500000"/>
        <price t="2020-05-15" v="8490750000"/>
        <price t="2020-05-18" v="8750250000"/>
        <price t="2020-05-19" v="8805500000"/>
        <price t="2020-05-20" v="8970000000"/>
        <price t="2020-05-21" v="8775250000"/>
        <price t="2020-05-22" v="9026250000"/>
        <price t="2020-05-26" v="8717750000"/>
        <price t="2020-05-27" v="8525250000"/>
        <price t="2020-05-28" v="8487000000"/>
        <price t="2020-05-29" v="8875500000"/>
        <price t="2020-06-01" v="8806250000"/>
        <price t="2020-06-02" v="8825250000"/>
        <price t="2020-06-03" v="8769500000"/>
        <price t="2020-06-04" v="8766500000"/>
        <price t="2020-06-05" v="8920000000"/>
        <price t="2020-06-08" v="8805000000"/>
        <price t="2020-06-09" v="9046000000"/>
        <price t="2020-06-10" v="9366750000"/>
        <price t="2020-06-11" v="8796250000"/>
        <price t="2020-06-12" v="8932500000"/>
        <price t="2020-06-15" v="9173750000"/>
        <price t="2020-06-16" v="9068500000"/>
        <price t="2020-06-17" v="9236000000"/>
        <price t="2020-06-18" v="9218000000"/>
        <price t="2020-06-19" v="9261250000"/>
        <price t="2020-06-22" v="9526750000"/>
        <price t="2020-06-23" v="9450000000"/>
        <price t="2020-06-24" v="9235500000"/>
        <price t="2020-06-25" v="9490000000"/>
        <price t="2020-06-26" v="9155000000"/>
        <price t="2020-06-29" v="9200000000"/>
        <price t="2020-06-30" v="9497750000"/>
        <price t="2020-07-01" v="9530000000"/>
        <price t="2020-07-02" v="9612250000"/>
        <price t="2020-07-06" v="9839250000"/>
        <price t="2020-07-07" v="9871750000"/>
        <price t="2020-07-08" v="10216000000"/>
        <price t="2020-07-09" v="10509000000"/>
        <price t="2020-07-10" v="10479250000"/>
        <price t="2020-07-13" v="10052250000"/>
        <price t="2020-07-14" v="10377000000"/>
        <price t="2020-07-15" v="10227250000"/>
        <price t="2020-07-16" v="10134750000"/>
        <price t="2020-07-17" v="10201500000"/>
        <price t="2020-07-20" v="10510750000"/>
        <price t="2020-07-21" v="10328500000"/>
        <price t="2020-07-22" v="10438750000"/>
        <price t="2020-07-23" v="10129750000"/>
        <price t="2020-07-24" v="10194500000"/>
        <price t="2020-07-27" v="10421500000"/>
        <price t="2020-07-28" v="10215500000"/>
        <price t="2020-07-29" v="10465500000"/>
        <price t="2020-07-30" v="10614000000"/>
        <price t="2020-07-31" v="10614750000"/>
        <price t="2020-08-03" v="11010250000"/>
        <price t="2020-08-04" v="11227750000"/>
        <price t="2020-08-05" v="11286750000"/>
        <price t="2020-08-06" v="11335500000"/>
        <price t="2020-08-07" v="11199500000"/>
        <price t="2020-08-10" v="11165000000"/>
        <price t="2020-08-11" v="10850000000"/>
        <price t="2020-08-12" v="11440250000"/>
        <price t="2020-08-13" v="11443000000"/>
        <price t="2020-08-14" v="11564000000"/>
        <price t="2020-08-17" v="12337000000"/>
        <price t="2020-08-18" v="12260750000"/>
        <price t="2020-08-19" v="12138500000"/>
        <price t="2020-08-20" v="12141000000"/>
        <price t="2020-08-21" v="12683500000"/>
        <price t="2020-08-24" v="12720250000"/>
        <price t="2020-08-25" v="12750000000"/>
        <price t="2020-08-26" v="12773000000"/>
        <price t="2020-08-27" v="12628250000"/>
        <price t="2020-08-28" v="13147750000"/>
        <price t="2020-08-31" v="13374500000"/>
        <price t="2020-09-01" v="13821000000"/>
        <price t="2020-09-02" v="14346500000"/>
        <price t="2020-09-03" v="13015500000"/>
        <price t="2020-09-04" v="12622500000"/>
        <price t="2020-09-08" v="11913000000"/>
        <price t="2020-09-09" v="12715000000"/>
        <price t="2020-09-10" v="12311750000"/>
        <price t="2020-09-11" v="12164500000"/>
        <price t="2020-09-14" v="12872250000"/>
        <price t="2020-09-15" v="12991000000"/>
        <price t="2020-09-16" v="12514500000"/>
        <price t="2020-09-17" v="12463500000"/>
        <price t="2020-09-18" v="12189250000"/>
        <price t="2020-09-21" v="12517250000"/>
        <price t="2020-09-22" v="12637750000"/>
        <price t="2020-09-23" v="12123750000"/>
        <price t="2020-09-24" v="12348000000"/>
        <price t="2020-09-25" v="12873750000"/>
        <price t="2020-09-28" v="13035000000"/>
        <price t="2020-09-29" v="13225750000"/>
        <price t="2020-09-30" v="13530500000"/>
        <price t="2020-10-01" v="13614500000"/>
        <price t="2020-10-02" v="13062250000"/>
        <price t="2020-10-05" v="13642500000"/>
        <price t="2020-10-06" v="13736500000"/>
        <price t="2020-10-07" v="13964000000"/>
        <price t="2020-10-08" v="13838750000"/>
        <price t="2020-10-09" v="13762750000"/>
        <price t="2020-10-12" v="14226000000"/>
        <price t="2020-10-13" v="14248250000"/>
        <price t="2020-10-14" v="14095250000"/>
        <price t="2020-10-15" v="13970000000"/>
        <price t="2020-10-16" v="13811500000"/>
        <price t="2020-10-19" v="13497750000"/>
        <price t="2020-10-20" v="13645500000"/>
        <price t="2020-10-21" v="13524750000"/>
        <price t="2020-10-22" v="13361000000"/>
        <price t="2020-10-23" v="13590250000"/>
        <price t="2020-10-26" v="13141250000"/>
        <price t="2020-10-27" v="13396750000"/>
        <price t="2020-10-28" v="12627000000"/>
        <price t="2020-10-29" v="13024000000"/>
        <price t="2020-10-30" v="12534000000"/>
        <price t="2020-11-02" v="12580750000"/>
        <price t="2020-11-03" v="13019500000"/>
        <price t="2020-11-04" v="13794250000"/>
        <price t="2020-11-05" v="14160000000"/>
        <price t="2020-11-06" v="14562000000"/>
        <price t="2020-11-09" v="13630750000"/>
        <price t="2020-11-10" v="12770000000"/>
        <price t="2020-11-11" v="13418000000"/>
        <price t="2020-11-12" v="13456750000"/>
        <price t="2020-11-13" v="13297000000"/>
        <price t="2020-11-16" v="13515250000"/>
        <price t="2020-11-17" v="13422250000"/>
        <price t="2020-11-18" v="13428750000"/>
        <price t="2020-11-19" v="13440250000"/>
        <price t="2020-11-20" v="13087750000"/>
        <price t="2020-11-23" v="13140000000"/>
        <price t="2020-11-24" v="12957750000"/>
        <price t="2020-11-25" v="13234750000"/>
        <price t="2020-11-27" v="13261250000"/>
        <price t="2020-11-30" v="13401500000"/>
        <price t="2020-12-01" v="13390000000"/>
        <price t="2020-12-02" v="13544500000"/>
        <price t="2020-12-03" v="13396000000"/>
        <price t="2020-12-04" v="13558250000"/>
        <price t="2020-12-07" v="13606750000"/>
        <price t="2020-12-08" v="13350000000"/>
        <price t="2020-12-09" v="12930750000"/>
        <price t="2020-12-10" v="12972250000"/>
        <price t="2020-12-11" v="13013250000"/>
        <price t="2020-12-14" v="13308750000"/>
        <price t="2020-12-15" v="13360500000"/>
        <price t="2020-12-16" v="13242500000"/>
        <price t="2020-12-17" v="13341250000"/>
        <price t="2020-12-18" v="13272000000"/>
        <price t="2020-12-21" v="13332250000"/>
        <price t="2020-12-22" v="13278250000"/>
        <price t="2020-12-23" v="13009250000"/>
        <price t="2020-12-24" v="12993750000"/>
        <price t="2020-12-28" v="12900000000"/>
        <price t="2020-12-29" v="12943250000"/>
        <price t="2020-12-30" v="13145750000"/>
        <price t="2020-12-31" v="13055000000"/>
        <price t="2021-01-04" v="13113500000"/>
        <price t="2021-01-05" v="13404750000"/>
        <price t="2021-01-06" v="12614500000"/>
        <price t="2021-01-07" v="13344000000"/>
        <price t="2021-01-08" v="13276750000"/>
        <price t="2021-01-11" v="13621500000"/>
        <price t="2021-01-12" v="13484750000"/>
        <price t="2021-01-13" v="13531750000"/>
        <price t="2021-01-14" v="13200250000"/>
        <price t="2021-01-15" v="12859500000"/>
        <price t="2021-01-19" v="13025250000"/>
        <price t="2021-01-20" v="13365750000"/>
        <price t="2021-01-21" v="13867500000"/>
        <price t="2021-01-22" v="13712500000"/>
        <price t="2021-01-25" v="13653250000"/>
        <price t="2021-01-26" v="13435250000"/>
        <price t="2021-01-27" v="12917750000"/>
        <price t="2021-01-28" v="13051000000"/>
        <price t="2021-01-29" v="12989750000"/>
        <price t="2021-02-01" v="13237000000"/>
        <price t="2021-02-02" v="13556750000"/>
        <price t="2021-02-03" v="13530500000"/>
        <price t="2021-02-04" v="13664250000"/>
        <price t="2021-02-05" v="13591000000"/>
        <price t="2021-02-08" v="14438750000"/>
        <price t="2021-02-09" v="14263250000"/>
        <price t="2021-02-10" v="14764250000"/>
        <price t="2021-02-11" v="15250750000"/>
        <price t="2021-02-12" v="14961250000"/>
        <price t="2021-02-16" v="15330250000"/>
        <price t="2021-02-17" v="14906000000"/>
        <price t="2021-02-18" v="14829000000"/>
        <price t="2021-02-19" v="14926500000"/>
        <price t="2021-02-22" v="14355750000"/>
        <price t="2021-02-23" v="14142000000"/>
        <price t="2021-02-24" v="14499000000"/>
        <price t="2021-02-25" v="13307500000"/>
        <price t="2021-02-26" v="13714500000"/>
        <price t="2021-03-01" v="13841750000"/>
        <price t="2021-03-02" v="13406250000"/>
        <price t="2021-03-03" v="12804750000"/>
        <price t="2021-03-04" v="12370250000"/>
        <price t="2021-03-05" v="12461500000"/>
        <price t="2021-03-08" v="11593250000"/>
        <price t="2021-03-09" v="12520250000"/>
        <price t="2021-03-10" v="12468250000"/>
        <price t="2021-03-11" v="12993500000"/>
        <price t="2021-03-12" v="12856000000"/>
        <price t="2021-03-15" v="13191250000"/>
        <price t="2021-03-16" v="13291250000"/>
        <price t="2021-03-17" v="13341250000"/>
        <price t="2021-03-18" v="12722500000"/>
        <price t="2021-03-19" v="12845750000"/>
        <price t="2021-03-22" v="13186250000"/>
        <price t="2021-03-23" v="13070750000"/>
        <price t="2021-03-24" v="12643000000"/>
        <price t="2021-03-25" v="12535250000"/>
        <price t="2021-03-26" v="12839250000"/>
        <price t="2021-03-29" v="12948250000"/>
        <price t="2021-03-30" v="12871750000"/>
        <price t="2021-03-31" v="13348250000"/>
        <price t="2021-04-01" v="13811750000"/>
        <price t="2021-04-05" v="13987500000"/>
        <price t="2021-04-06" v="13861500000"/>
        <price t="2021-04-07" v="14143500000"/>
        <price t="2021-04-08" v="14317000000"/>
        <price t="2021-04-09" v="14400000000"/>
        <price t="2021-04-12" v="15209000000"/>
        <price t="2021-04-13" v="15679500000"/>
        <price t="2021-04-14" v="15277000000"/>
        <price t="2021-04-15" v="16137250000"/>
        <price t="2021-04-16" v="15912500000"/>
        <price t="2021-04-19" v="15361750000"/>
        <price t="2021-04-20" v="15171250000"/>
        <price t="2021-04-21" v="15360500000"/>
        <price t="2021-04-22" v="14850250000"/>
        <price t="2021-04-23" v="15265250000"/>
        <price t="2021-04-26" v="15478000000"/>
        <price t="2021-04-27" v="15381750000"/>
        <price t="2021-04-28" v="15276750000"/>
        <price t="2021-04-29" v="15324750000"/>
        <price t="2021-04-30" v="15009500000"/>
        <price t="2021-05-03" v="14836750000"/>
        <price t="2021-05-04" v="14351250000"/>
        <price t="2021-05-05" v="14458500000"/>
        <price t="2021-05-06" v="14523000000"/>
        <price t="2021-05-07" v="14812250000"/>
        <price t="2021-05-10" v="14265750000"/>
        <price t="2021-05-11" v="14306250000"/>
        <price t="2021-05-12" v="13758500000"/>
        <price t="2021-05-13" v="13665250000"/>
        <price t="2021-05-14" v="14243000000"/>
        <price t="2021-05-17" v="14165500000"/>
        <price t="2021-05-18" v="14015750000"/>
        <price t="2021-05-19" v="14065750000"/>
        <price t="2021-05-20" v="14612500000"/>
        <price t="2021-05-21" v="14991750000"/>
        <price t="2021-05-24" v="15612000000"/>
        <price t="2021-05-25" v="15647750000"/>
        <price t="2021-05-26" v="15700000000"/>
        <price t="2021-05-27" v="15488000000"/>
        <price t="2021-05-28" v="16244500000"/>
        <price t="2021-06-01" v="16264500000"/>
        <price t="2021-06-02" v="16778250000"/>
        <price t="2021-06-03" v="16969750000"/>
        <price t="2021-06-04" v="17578250000"/>
        <price t="2021-06-07" v="17619000000"/>
        <price t="2021-06-08" v="17457000000"/>
        <price t="2021-06-09" v="17358250000"/>
        <price t="2021-06-10" v="17425000000"/>
        <price t="2021-06-11" v="17825250000"/>
        <price t="2021-06-14" v="18018750000"/>
        <price t="2021-06-15" v="17788500000"/>
        <price t="2021-06-16" v="17810250000"/>
        <price t="2021-06-17" v="18657250000"/>
        <price t="2021-06-18" v="18638750000"/>
        <price t="2021-06-21" v="18427250000"/>
        <price t="2021-06-22" v="18886750000"/>
        <price t="2021-06-23" v="19057250000"/>
        <price t="2021-06-24" v="19205500000"/>
        <price t="2021-06-25" v="19031000000"/>
        <price t="2021-06-28" v="19985000000"/>
        <price t="2021-06-29" v="20026750000"/>
        <price t="2021-06-30" v="20002500000"/>
        <price t="2021-07-01" v="20212000000"/>
        <price t="2021-07-02" v="20487000000"/>
        <price t="2021-07-06" v="20698500000"/>
        <price t="2021-07-07" v="20371750000"/>
        <price t="2021-07-08" v="19902750000"/>
        <price t="2021-07-09" v="20050250000"/>
        <price t="2021-07-12" v="20512500000"/>
        <price t="2021-07-13" v="20250000000"/>
        <price t="2021-07-14" v="19841500000"/>
        <price t="2021-07-15" v="18966250000"/>
        <price t="2021-07-16" v="18161000000"/>
        <price t="2021-07-19" v="18779750000"/>
        <price t="2021-07-20" v="18612000000"/>
        <price t="2021-07-21" v="19410000000"/>
        <price t="2021-07-22" v="19594000000"/>
        <price t="2021-07-23" v="19558000000"/>
        <price t="2021-07-26" v="19294000000"/>
        <price t="2021-07-27" v="19208000000"/>
        <price t="2021-07-28" v="19503000000"/>
        <price t="2021-07-29" v="19662000000"/>
        <price t="2021-07-30" v="19499000000"/>
        <price t="2021-08-02" v="19750000000"/>
        <price t="2021-08-03" v="19815000000"/>
        <price t="2021-08-04" v="20274000000"/>
        <price t="2021-08-05" v="20637000000"/>
        <price t="2021-08-06" v="20366000000"/>
        <price t="2021-08-09" v="20295000000"/>
        <price t="2021-08-10" v="19936000000"/>
        <price t="2021-08-11" v="19699000000"/>
        <price t="2021-08-12" v="19905000000"/>
        <price t="2021-08-13" v="20188000000"/>
        <price t="2021-08-16" v="19950000000"/>
        <price t="2021-08-17" v="19458000000"/>
        <price t="2021-08-18" v="19040000000"/>
        <price t="2021-08-19" v="19798000000"/>
        <price t="2021-08-20" v="20816000000"/>
        <price t="2021-08-23" v="21958000000"/>
        <price t="2021-08-24" v="21793000000"/>
        <price t="2021-08-25" v="22213000000"/>
        <price t="2021-08-26" v="22068000000"/>
        <price t="2021-08-27" v="22636000000"/>
        <price t="2021-08-30" v="22688000000"/>
        <price t="2021-08-31" v="22385000000"/>
        <price t="2021-09-01" v="22441000000"/>
        <price t="2021-09-02" v="22396000000"/>
        <price t="2021-09-03" v="22843000000"/>
        <price t="2021-09-07" v="22662000000"/>
        <price t="2021-09-08" v="22339000000"/>
        <price t="2021-09-09" v="22177000000"/>
        <price t="2021-09-10" v="22478000000"/>
        <price t="2021-09-13" v="22152000000"/>
        <price t="2021-09-14" v="22242000000"/>
        <price t="2021-09-15" v="22341000000"/>
        <price t="2021-09-16" v="22242000000"/>
        <price t="2021-09-17" v="21900000000"/>
        <price t="2021-09-20" v="21113000000"/>
        <price t="2021-09-21" v="21246000000"/>
        <price t="2021-09-22" v="21941000000"/>
        <price t="2021-09-23" v="22482000000"/>
        <price t="2021-09-24" v="22081000000"/>
        <price t="2021-09-27" v="21660000000"/>
        <price t="2021-09-28" v="20699000000"/>
        <price t="2021-09-29" v="20517000000"/>
        <price t="2021-09-30" v="20716000000"/>
        <price t="2021-10-01" v="20742000000"/>
        <price t="2021-10-04" v="19732000000"/>
        <price t="2021-10-05" v="20451000000"/>
        <price t="2021-10-06" v="20700000000"/>
        <price t="2021-10-07" v="21075000000"/>
        <price t="2021-10-08" v="20831000000"/>
        <price t="2021-10-11" v="20695000000"/>
        <price t="2021-10-12" v="20671000000"/>
        <price t="2021-10-13" v="20939000000"/>
        <price t="2021-10-14" v="21746000000"/>
        <price t="2021-10-15" v="21862000000"/>
        <price t="2021-10-18" v="22222000000"/>
        <price t="2021-10-19" v="22290000000"/>
        <price t="2021-10-20" v="22103000000"/>
        <price t="2021-10-21" v="22692000000"/>
        <price t="2021-10-22" v="22726000000"/>
        <price t="2021-10-25" v="23166000000"/>
        <price t="2021-10-26" v="24717000000"/>
        <price t="2021-10-27" v="24451000000"/>
        <price t="2021-10-28" v="24941000000"/>
        <price t="2021-10-29" v="25567000000"/>
        <price t="2021-11-01" v="25827000000"/>
        <price t="2021-11-02" v="26401000000"/>
        <price t="2021-11-03" v="26598000000"/>
        <price t="2021-11-04" v="29801000000"/>
        <price t="2021-11-05" v="29752000000"/>
        <price t="2021-11-08" v="30804000000"/>
        <price t="2021-11-09" v="30657000000"/>
        <price t="2021-11-10" v="29459000000"/>
        <price t="2021-11-11" v="30390000000"/>
        <price t="2021-11-12" v="30390000000"/>
        <price t="2021-11-15" v="30025000000"/>
        <price t="2021-11-16" v="30203000000"/>
        <price t="2021-11-17" v="29261000000"/>
        <price t="2021-11-18" v="31675000000"/>
        <price t="2021-11-19" v="32985000000"/>
        <price t="2021-11-22" v="31956000000"/>
        <price t="2021-11-23" v="31746000000"/>
        <price t="2021-11-24" v="32674000000"/>
        <price t="2021-11-26" v="31503000000"/>
        <price t="2021-11-29" v="33376000000"/>
        <price t="2021-11-30" v="32676000000"/>
        <price t="2021-12-01" v="31435000000"/>
        <price t="2021-12-02" v="32126000000"/>
        <price t="2021-12-03" v="30693000000"/>
        <price t="2021-12-06" v="30037000000"/>
        <price t="2021-12-07" v="32427000000"/>
        <price t="2021-12-08" v="31826000000"/>
        <price t="2021-12-09" v="30490000000"/>
        <price t="2021-12-10" v="30198000000"/>
        <price t="2021-12-13" v="28161000000"/>
        <price t="2021-12-14" v="28337000000"/>
        <price t="2021-12-15" v="30459000000"/>
        <price t="2021-12-16" v="28387000000"/>
        <price t="2021-12-17" v="27801000000"/>
        <price t="2021-12-20" v="27719000000"/>
        <price t="2021-12-21" v="29075000000"/>
        <price t="2021-12-22" v="29400000000"/>
        <price t="2021-12-23" v="29640000000"/>
        <price t="2021-12-27" v="30945000000"/>
        <price t="2021-12-28" v="30322000000"/>
        <price t="2021-12-29" v="30001000000"/>
        <price t="2021-12-30" v="29586000000"/>
        <price t="2021-12-31" v="29411000000"/>
        <price t="2022-01-03" v="30121000000"/>
        <price t="2022-01-04" v="29290000000"/>
        <price t="2022-01-05" v="27604000000"/>
        <price t="2022-01-06" v="28178000000"/>
        <price t="2022-01-07" v="27247000000"/>
        <price t="2022-01-10" v="27400000000"/>
        <price t="2022-01-11" v="27817000000"/>
        <price t="2022-01-12" v="27999000000"/>
        <price t="2022-01-13" v="26575000000"/>
        <price t="2022-01-14" v="26942000000"/>
        <price t="2022-01-18" v="25903000000"/>
        <price t="2022-01-19" v="25067000000"/>
        <price t="2022-01-20" v="24150000000"/>
        <price t="2022-01-21" v="23374000000"/>
        <price t="2022-01-24" v="23372000000"/>
        <price t="2022-01-25" v="22324000000"/>
        <price t="2022-01-26" v="22772000000"/>
        <price t="2022-01-27" v="21944000000"/>
        <price t="2022-01-28" v="22840000000"/>
        <price t="2022-01-31" v="24486000000"/>
        <price t="2022-02-01" v="24638000000"/>
        <price t="2022-02-02" v="25242000000"/>
        <price t="2022-02-03" v="23948000000"/>
        <price t="2022-02-04" v="24319000000"/>
        <price t="2022-02-07" v="24728000000"/>
        <price t="2022-02-08" v="25108000000"/>
        <price t="2022-02-09" v="26705000000"/>
        <price t="2022-02-10" v="25824000000"/>
        <price t="2022-02-11" v="23949000000"/>
        <price t="2022-02-14" v="24267000000"/>
        <price t="2022-02-15" v="26495000000"/>
        <price t="2022-02-16" v="26511000000"/>
        <price t="2022-02-17" v="24507000000"/>
        <price t="2022-02-18" v="23642000000"/>
        <price t="2022-02-22" v="23390000000"/>
        <price t="2022-02-23" v="22387000000"/>
        <price t="2022-02-24" v="23748000000"/>
        <price t="2022-02-25" v="24157000000"/>
        <price t="2022-02-28" v="24385000000"/>
        <price t="2022-03-01" v="23477000000"/>
        <price t="2022-03-02" v="24220000000"/>
        <price t="2022-03-03" v="23714000000"/>
        <price t="2022-03-04" v="22936000000"/>
        <price t="2022-03-07" v="21352000000"/>
        <price t="2022-03-08" v="21514000000"/>
        <price t="2022-03-09" v="23014000000"/>
        <price t="2022-03-10" v="22658000000"/>
        <price t="2022-03-11" v="22100000000"/>
        <price t="2022-03-14" v="21330000000"/>
        <price t="2022-03-15" v="22973000000"/>
        <price t="2022-03-16" v="24496000000"/>
        <price t="2022-03-17" v="24766000000"/>
        <price t="2022-03-18" v="26453000000"/>
        <price t="2022-03-21" v="26734000000"/>
        <price t="2022-03-22" v="26524000000"/>
        <price t="2022-03-23" v="25634000000"/>
        <price t="2022-03-24" v="28150000000"/>
        <price t="2022-03-25" v="27692000000"/>
        <price t="2022-03-28" v="28219000000"/>
        <price t="2022-03-29" v="28656000000"/>
        <price t="2022-03-30" v="27690000000"/>
        <price t="2022-03-31" v="27286000000"/>
        <price t="2022-04-01" v="26712000000"/>
        <price t="2022-04-04" v="27360000000"/>
        <price t="2022-04-05" v="25931000000"/>
        <price t="2022-04-06" v="24407000000"/>
        <price t="2022-04-07" v="24208000000"/>
        <price t="2022-04-08" v="23119000000"/>
        <price t="2022-04-11" v="21917000000"/>
        <price t="2022-04-12" v="21504000000"/>
        <price t="2022-04-13" v="22203000000"/>
        <price t="2022-04-14" v="21258000000"/>
        <price t="2022-04-18" v="21783000000"/>
        <price t="2022-04-19" v="22198000000"/>
        <price t="2022-04-20" v="21482000000"/>
        <price t="2022-04-21" v="20183000000"/>
        <price t="2022-04-22" v="19515000000"/>
        <price t="2022-04-25" v="19902000000"/>
        <price t="2022-04-26" v="18788000000"/>
        <price t="2022-04-27" v="18415000000"/>
        <price t="2022-04-28" v="19782000000"/>
        <price t="2022-04-29" v="18547000000"/>
        <price t="2022-05-02" v="19533000000"/>
        <price t="2022-05-03" v="19602000000"/>
        <price t="2022-05-04" v="20334000000"/>
        <price t="2022-05-05" v="18844000000"/>
        <price t="2022-05-06" v="18675000000"/>
        <price t="2022-05-09" v="16950000000"/>
        <price t="2022-05-10" v="17595000000"/>
        <price t="2022-05-11" v="16630000000"/>
        <price t="2022-05-12" v="16175000000"/>
        <price t="2022-05-13" v="17706000000"/>
        <price t="2022-05-16" v="17264000000"/>
        <price t="2022-05-17" v="18177000000"/>
        <price t="2022-05-18" v="16938000000"/>
        <price t="2022-05-19" v="17124000000"/>
        <price t="2022-05-20" v="16694000000"/>
        <price t="2022-05-23" v="16898000000"/>
        <price t="2022-05-24" v="16154000000"/>
        <price t="2022-05-25" v="16975000000"/>
        <price t="2022-05-26" v="17851000000"/>
        <price t="2022-05-27" v="18811000000"/>
        <price t="2022-05-31" v="18672000000"/>
        <price t="2022-06-01" v="18320000000"/>
        <price t="2022-06-02" v="19592000000"/>
        <price t="2022-06-03" v="18720000000"/>
        <price t="2022-06-06" v="18786000000"/>
        <price t="2022-06-07" v="18926000000"/>
        <price t="2022-06-08" v="18648000000"/>
        <price t="2022-06-09" v="18048000000"/>
        <price t="2022-06-10" v="16974000000"/>
        <price t="2022-06-13" v="15647000000"/>
        <price t="2022-06-14" v="15836000000"/>
        <price t="2022-06-15" v="16527000000"/>
        <price t="2022-06-16" v="15601000000"/>
        <price t="2022-06-17" v="15880000000"/>
        <price t="2022-06-21" v="16566000000"/>
        <price t="2022-06-22" v="16360000000"/>
        <price t="2022-06-23" v="16225000000"/>
        <price t="2022-06-24" v="17126000000"/>
        <price t="2022-06-27" v="16869000000"/>
        <price t="2022-06-28" v="15982000000"/>
        <price t="2022-06-29" v="15542000000"/>
        <price t="2022-06-30" v="15159000000"/>
        <price t="2022-07-01" v="14523000000"/>
        <price t="2022-07-05" v="14964000000"/>
        <price t="2022-07-06" v="15130000000"/>
        <price t="2022-07-07" v="15858000000"/>
        <price t="2022-07-08" v="15838000000"/>
        <price t="2022-07-11" v="15152000000"/>
        <price t="2022-07-12" v="15082000000"/>
        <price t="2022-07-13" v="15164000000"/>
        <price t="2022-07-14" v="15372000000"/>
        <price t="2022-07-15" v="15762000000"/>
        <price t="2022-07-18" v="16101000000"/>
        <price t="2022-07-19" v="16992000000"/>
        <price t="2022-07-20" v="17807000000"/>
        <price t="2022-07-21" v="18050000000"/>
        <price t="2022-07-22" v="17319000000"/>
        <price t="2022-07-25" v="17024000000"/>
        <price t="2022-07-26" v="16533000000"/>
        <price t="2022-07-27" v="17790000000"/>
        <price t="2022-07-28" v="17984000000"/>
        <price t="2022-07-29" v="18163000000"/>
        <price t="2022-08-01" v="18441000000"/>
        <price t="2022-08-02" v="18526000000"/>
        <price t="2022-08-03" v="18893000000"/>
        <price t="2022-08-04" v="19215000000"/>
        <price t="2022-08-05" v="18989000000"/>
        <price t="2022-08-08" v="17793000000"/>
        <price t="2022-08-09" v="17086000000"/>
        <price t="2022-08-10" v="18097000000"/>
        <price t="2022-08-11" v="17942000000"/>
        <price t="2022-08-12" v="18709000000"/>
        <price t="2022-08-15" v="19032000000"/>
        <price t="2022-08-16" v="18879000000"/>
        <price t="2022-08-17" v="18335000000"/>
        <price t="2022-08-18" v="18773000000"/>
        <price t="2022-08-19" v="17849000000"/>
        <price t="2022-08-22" v="17034000000"/>
        <price t="2022-08-23" v="17181000000"/>
        <price t="2022-08-24" v="17222000000"/>
        <price t="2022-08-25" v="17913000000"/>
        <price t="2022-08-26" v="16260000000"/>
        <price t="2022-08-29" v="15801000000"/>
        <price t="2022-08-30" v="15468000000"/>
        <price t="2022-08-31" v="15094000000"/>
        <price t="2022-09-01" v="13937000000"/>
        <price t="2022-09-02" v="13647000000"/>
        <price t="2022-09-06" v="13465000000"/>
        <price t="2022-09-07" v="13714000000"/>
        <price t="2022-09-08" v="13990000000"/>
        <price t="2022-09-09" v="14387000000"/>
        <price t="2022-09-12" v="14505000000"/>
        <price t="2022-09-13" v="13131000000"/>
        <price t="2022-09-14" v="13128000000"/>
        <price t="2022-09-15" v="12929000000"/>
        <price t="2022-09-16" v="13198000000"/>
        <price t="2022-09-19" v="13382000000"/>
        <price t="2022-09-20" v="13176000000"/>
        <price t="2022-09-21" v="13261000000"/>
        <price t="2022-09-22" v="12561000000"/>
        <price t="2022-09-23" v="12516000000"/>
        <price t="2022-09-26" v="12228000000"/>
        <price t="2022-09-27" v="12413000000"/>
        <price t="2022-09-28" v="12736000000"/>
        <price t="2022-09-29" v="12220000000"/>
        <price t="2022-09-30" v="12139000000"/>
        <price t="2022-10-03" v="12512000000"/>
        <price t="2022-10-04" v="13167000000"/>
        <price t="2022-10-05" v="13209000000"/>
        <price t="2022-10-06" v="13130000000"/>
        <price t="2022-10-07" v="12076000000"/>
        <price t="2022-10-10" v="11670000000"/>
        <price t="2022-10-11" v="11586000000"/>
        <price t="2022-10-12" v="11500000000"/>
        <price t="2022-10-13" v="11960000000"/>
        <price t="2022-10-14" v="11227000000"/>
        <price t="2022-10-17" v="11888000000"/>
        <price t="2022-10-18" v="11967000000"/>
        <price t="2022-10-19" v="12051000000"/>
        <price t="2022-10-20" v="12194000000"/>
        <price t="2022-10-21" v="12466000000"/>
        <price t="2022-10-24" v="12599000000"/>
        <price t="2022-10-25" v="13261000000"/>
        <price t="2022-10-26" v="12896000000"/>
        <price t="2022-10-27" v="13176000000"/>
        <price t="2022-10-28" v="13834000000"/>
        <price t="2022-10-31" v="13497000000"/>
        <price t="2022-11-01" v="13543000000"/>
        <price t="2022-11-02" v="13219000000"/>
        <price t="2022-11-03" v="13421000000"/>
        <price t="2022-11-04" v="14156000000"/>
        <price t="2022-11-07" v="14301000000"/>
        <price t="2022-11-08" v="14602000000"/>
        <price t="2022-11-09" v="13776000000"/>
        <price t="2022-11-10" v="15750000000"/>
        <price t="2022-11-11" v="16327000000"/>
        <price t="2022-11-14" v="16295000000"/>
        <price t="2022-11-15" v="16666000000"/>
        <price t="2022-11-16" v="15910000000"/>
        <price t="2022-11-17" v="15677000000"/>
        <price t="2022-11-18" v="15409000000"/>
        <price t="2022-11-21" v="15317000000"/>
        <price t="2022-11-22" v="16038000000"/>
        <price t="2022-11-23" v="16519000000"/>
        <price t="2022-11-25" v="16270000000"/>
        <price t="2022-11-28" v="15827000000"/>
        <price t="2022-11-29" v="15639000000"/>
        <price t="2022-11-30" v="16923000000"/>
        <price t="2022-12-01" v="17135000000"/>
        <price t="2022-12-02" v="16876000000"/>
        <price t="2022-12-05" v="16610000000"/>
        <price t="2022-12-06" v="15987000000"/>
        <price t="2022-12-07" v="16120000000"/>
        <price t="2022-12-08" v="17169000000"/>
        <price t="2022-12-09" v="17001000000"/>
        <price t="2022-12-12" v="17535000000"/>
        <price t="2022-12-13" v="18072000000"/>
        <price t="2022-12-14" v="17674000000"/>
        <price t="2022-12-15" v="16952000000"/>
        <price t="2022-12-16" v="16571000000"/>
        <price t="2022-12-19" v="16254000000"/>
        <price t="2022-12-20" v="16085000000"/>
        <price t="2022-12-21" v="16501000000"/>
        <price t="2022-12-22" v="15339000000"/>
        <price t="2022-12-23" v="15206000000"/>
        <price t="2022-12-27" v="14121000000"/>
        <price t="2022-12-28" v="14036000000"/>
        <price t="2022-12-29" v="14603000000"/>
        <price t="2022-12-30" v="14614000000"/>
        <price t="2023-01-03" v="14315000000"/>
        <price t="2023-01-04" v="14749000000"/>
        <price t="2023-01-05" v="14265000000"/>
        <price t="2023-01-06" v="14859000000"/>
        <price t="2023-01-09" v="15628000000"/>
        <price t="2023-01-10" v="15909000000"/>
        <price t="2023-01-11" v="16001000000"/>
        <price t="2023-01-12" v="16511000000"/>
        <price t="2023-01-13" v="16899000000"/>
        <price t="2023-01-17" v="17702000000"/>
        <price t="2023-01-18" v="17377000000"/>
        <price t="2023-01-19" v="16765000000"/>
        <price t="2023-01-20" v="17839000000"/>
        <price t="2023-01-23" v="19193000000"/>
        <price t="2023-01-24" v="19265000000"/>
        <price t="2023-01-25" v="19323000000"/>
        <price t="2023-01-26" v="19802000000"/>
        <price t="2023-01-27" v="20365000000"/>
        <price t="2023-01-30" v="19162000000"/>
        <price t="2023-01-31" v="19537000000"/>
        <price t="2023-02-01" v="20943000000"/>
        <price t="2023-02-02" v="21709000000"/>
        <price t="2023-02-03" v="21100000000"/>
        <price t="2023-02-06" v="21089000000"/>
        <price t="2023-02-07" v="22173000000"/>
        <price t="2023-02-08" v="22205000000"/>
        <price t="2023-02-09" v="22337000000"/>
        <price t="2023-02-10" v="21265000000"/>
        <price t="2023-02-13" v="21788000000"/>
        <price t="2023-02-14" v="22971000000"/>
        <price t="2023-02-15" v="22764000000"/>
        <price t="2023-02-16" v="22002000000"/>
        <price t="2023-02-17" v="21388000000"/>
        <price t="2023-02-21" v="20655000000"/>
        <price t="2023-02-22" v="20754000000"/>
        <price t="2023-02-23" v="23664000000"/>
        <price t="2023-02-24" v="23286000000"/>
        <price t="2023-02-27" v="23501000000"/>
        <price t="2023-02-28" v="23216000000"/>
        <price t="2023-03-01" v="22698000000"/>
        <price t="2023-03-02" v="23314000000"/>
        <price t="2023-03-03" v="23890000000"/>
        <price t="2023-03-06" v="23554000000"/>
        <price t="2023-03-07" v="23288000000"/>
        <price t="2023-03-08" v="24181000000"/>
        <price t="2023-03-09" v="23436000000"/>
        <price t="2023-03-10" v="22965000000"/>
        <price t="2023-03-13" v="22966000000"/>
        <price t="2023-03-14" v="24063000000"/>
        <price t="2023-03-15" v="24228000000"/>
        <price t="2023-03-16" v="25541000000"/>
        <price t="2023-03-17" v="25725000000"/>
        <price t="2023-03-20" v="25900000000"/>
        <price t="2023-03-21" v="26199000000"/>
        <price t="2023-03-22" v="26468000000"/>
        <price t="2023-03-23" v="27191000000"/>
        <price t="2023-03-24" v="26779000000"/>
        <price t="2023-03-27" v="26531000000"/>
        <price t="2023-03-28" v="26410000000"/>
        <price t="2023-03-29" v="26984000000"/>
        <price t="2023-03-30" v="27383000000"/>
        <price t="2023-03-31" v="27777000000"/>
        <price t="2023-04-03" v="27965000000"/>
        <price t="2023-04-04" v="27453000000"/>
        <price t="2023-04-05" v="26881000000"/>
        <price t="2023-04-06" v="27037000000"/>
        <price t="2023-04-10" v="27579000000"/>
        <price t="2023-04-11" v="27169000000"/>
        <price t="2023-04-12" v="26495000000"/>
        <price t="2023-04-13" v="26463000000"/>
        <price t="2023-04-14" v="26758000000"/>
        <price t="2023-04-17" v="27002000000"/>
        <price t="2023-04-18" v="27667000000"/>
        <price t="2023-04-19" v="27931000000"/>
        <price t="2023-04-20" v="27104000000"/>
        <price t="2023-04-21" v="27119000000"/>
        <price t="2023-04-24" v="27042000000"/>
        <price t="2023-04-25" v="26241000000"/>
        <price t="2023-04-26" v="26956000000"/>
        <price t="2023-04-27" v="27226000000"/>
        <price t="2023-04-28" v="27749000000"/>
        <price t="2023-05-01" v="28910000000"/>
        <price t="2023-05-02" v="28210000000"/>
        <price t="2023-05-03" v="27802000000"/>
        <price t="2023-05-04" v="27562000000"/>
        <price t="2023-05-05" v="28680000000"/>
        <price t="2023-05-08" v="29151000000"/>
        <price t="2023-05-09" v="28571000000"/>
        <price t="2023-05-10" v="28885000000"/>
        <price t="2023-05-11" v="28578000000"/>
        <price t="2023-05-12" v="28340000000"/>
        <price t="2023-05-15" v="28953000000"/>
        <price t="2023-05-16" v="29213000000"/>
        <price t="2023-05-17" v="30178000000"/>
        <price t="2023-05-18" v="31678000000"/>
        <price t="2023-05-19" v="31264000000"/>
        <price t="2023-05-22" v="31176000000"/>
        <price t="2023-05-23" v="30688000000"/>
        <price t="2023-05-24" v="30538000000"/>
        <price t="2023-05-25" v="37980000000"/>
        <price t="2023-05-26" v="38946000000"/>
        <price t="2023-05-30" v="40111000000"/>
        <price t="2023-05-31" v="37834000000"/>
        <price t="2023-06-01" v="39770000000"/>
        <price t="2023-06-02" v="39327000000"/>
        <price t="2023-06-05" v="39171000000"/>
        <price t="2023-06-06" v="38654000000"/>
        <price t="2023-06-07" v="37475000000"/>
        <price t="2023-06-08" v="38510000000"/>
        <price t="2023-06-09" v="38770000000"/>
        <price t="2023-06-12" v="39482000000"/>
        <price t="2023-06-13" v="41022000000"/>
        <price t="2023-06-14" v="42997000000"/>
        <price t="2023-06-15" v="42653000000"/>
        <price t="2023-06-16" v="42692000000"/>
        <price t="2023-06-20" v="43808000000"/>
        <price t="2023-06-21" v="43045000000"/>
        <price t="2023-06-22" v="43025000000"/>
        <price t="2023-06-23" v="42209000000"/>
        <price t="2023-06-26" v="40632000000"/>
        <price t="2023-06-27" v="41876000000"/>
        <price t="2023-06-28" v="41117000000"/>
        <price t="2023-06-29" v="40822000000"/>
        <price t="2023-06-30" v="42302000000"/>
        <price t="2023-07-03" v="42413000000"/>
        <price t="2023-07-05" v="42317000000"/>
        <price t="2023-07-06" v="42103000000"/>
        <price t="2023-07-07" v="42503000000"/>
        <price t="2023-07-10" v="42180000000"/>
        <price t="2023-07-11" v="42405000000"/>
        <price t="2023-07-12" v="43902000000"/>
        <price t="2023-07-13" v="45977000000"/>
        <price t="2023-07-14" v="45469000000"/>
        <price t="2023-07-17" v="46461000000"/>
        <price t="2023-07-18" v="47494000000"/>
        <price t="2023-07-19" v="47077000000"/>
        <price t="2023-07-20" v="45520000000"/>
        <price t="2023-07-21" v="44309000000"/>
        <price t="2023-07-24" v="44612000000"/>
        <price t="2023-07-25" v="45679000000"/>
        <price t="2023-07-26" v="45452000000"/>
        <price t="2023-07-27" v="45900000000"/>
        <price t="2023-07-28" v="46750000000"/>
        <price t="2023-07-31" v="46729000000"/>
        <price t="2023-08-01" v="46507000000"/>
        <price t="2023-08-02" v="44269000000"/>
        <price t="2023-08-03" v="44515000000"/>
        <price t="2023-08-04" v="44680000000"/>
        <price t="2023-08-07" v="45417000000"/>
        <price t="2023-08-08" v="44664000000"/>
        <price t="2023-08-09" v="42554000000"/>
        <price t="2023-08-10" v="42388000000"/>
        <price t="2023-08-11" v="40855000000"/>
        <price t="2023-08-14" v="43753000000"/>
        <price t="2023-08-15" v="43940000000"/>
        <price t="2023-08-16" v="43486000000"/>
        <price t="2023-08-17" v="43344000000"/>
        <price t="2023-08-18" v="43299000000"/>
        <price t="2023-08-21" v="46967000000"/>
        <price t="2023-08-22" v="45668000000"/>
        <price t="2023-08-23" v="47116000000"/>
        <price t="2023-08-24" v="47163000000"/>
        <price t="2023-08-25" v="46018000000"/>
        <price t="2023-08-28" v="46835000000"/>
        <price t="2023-08-29" v="48784000000"/>
        <price t="2023-08-30" v="49264000000"/>
        <price t="2023-08-31" v="49355000000"/>
        <price t="2023-09-01" v="48509000000"/>
        <price t="2023-09-05" v="48548000000"/>
        <price t="2023-09-06" v="47061000000"/>
        <price t="2023-09-07" v="46241000000"/>
        <price t="2023-09-08" v="45572000000"/>
        <price t="2023-09-11" v="45178000000"/>
        <price t="2023-09-12" v="44870000000"/>
        <price t="2023-09-13" v="45485000000"/>
        <price t="2023-09-14" v="45581000000"/>
        <price t="2023-09-15" v="43900000000"/>
        <price t="2023-09-18" v="43966000000"/>
        <price t="2023-09-19" v="43520000000"/>
        <price t="2023-09-20" v="42239000000"/>
        <price t="2023-09-21" v="41017000000"/>
        <price t="2023-09-22" v="41610000000"/>
        <price t="2023-09-25" v="42222000000"/>
        <price t="2023-09-26" v="41911000000"/>
        <price t="2023-09-27" v="42468000000"/>
        <price t="2023-09-28" v="43089000000"/>
        <price t="2023-09-29" v="43499000000"/>
        <price t="2023-10-02" v="44782000000"/>
        <price t="2023-10-03" v="43517000000"/>
        <price t="2023-10-04" v="44041000000"/>
        <price t="2023-10-05" v="44688000000"/>
        <price t="2023-10-06" v="45762000000"/>
        <price t="2023-10-09" v="45273000000"/>
        <price t="2023-10-10" v="45798000000"/>
        <price t="2023-10-11" v="46806000000"/>
        <price t="2023-10-12" v="46945000000"/>
        <price t="2023-10-13" v="45461000000"/>
        <price t="2023-10-16" v="46095000000"/>
        <price t="2023-10-17" v="43938000000"/>
        <price t="2023-10-18" v="42196000000"/>
        <price t="2023-10-19" v="42101000000"/>
        <price t="2023-10-20" v="41387000000"/>
        <price t="2023-10-23" v="42975000000"/>
        <price t="2023-10-24" v="43663000000"/>
        <price t="2023-10-25" v="41779000000"/>
        <price t="2023-10-26" v="40326000000"/>
        <price t="2023-10-27" v="40500000000"/>
        <price t="2023-10-30" v="41161000000"/>
        <price t="2023-10-31" v="40780000000"/>
        <price t="2023-11-01" v="42325000000"/>
        <price t="2023-11-02" v="43506000000"/>
        <price t="2023-11-03" v="45005000000"/>
        <price t="2023-11-06" v="45751000000"/>
        <price t="2023-11-07" v="45955000000"/>
        <price t="2023-11-08" v="46574000000"/>
        <price t="2023-11-09" v="46950000000"/>
        <price t="2023-11-10" v="48335000000"/>
        <price t="2023-11-13" v="48620000000"/>
        <price t="2023-11-14" v="49656000000"/>
        <price t="2023-11-15" v="48888000000"/>
        <price t="2023-11-16" v="49480000000"/>
        <price t="2023-11-17" v="49298000000"/>
        <price t="2023-11-20" v="50409000000"/>
        <price t="2023-11-21" v="49944000000"/>
        <price t="2023-11-22" v="48716000000"/>
        <price t="2023-11-24" v="47776000000"/>
        <price t="2023-11-27" v="48242000000"/>
        <price t="2023-11-28" v="47821000000"/>
        <price t="2023-11-29" v="48140000000"/>
        <price t="2023-11-30" v="46770000000"/>
        <price t="2023-12-01" v="46765000000"/>
        <price t="2023-12-04" v="45510000000"/>
        <price t="2023-12-05" v="46566000000"/>
        <price t="2023-12-06" v="45503000000"/>
        <price t="2023-12-07" v="46596000000"/>
        <price t="2023-12-08" v="47506000000"/>
        <price t="2023-12-11" v="46627000000"/>
        <price t="2023-12-12" v="47657000000"/>
        <price t="2023-12-13" v="48088000000"/>
        <price t="2023-12-14" v="48350000000"/>
        <price t="2023-12-15" v="48890000000"/>
        <price t="2023-12-18" v="50077000000"/>
        <price t="2023-12-19" v="49604000000"/>
        <price t="2023-12-20" v="48111000000"/>
        <price t="2023-12-21" v="48990000000"/>
        <price t="2023-12-22" v="48830000000"/>
        <price t="2023-12-26" v="49279000000"/>
        <price t="2023-12-27" v="49417000000"/>
        <price t="2023-12-28" v="49522000000"/>
        <price t="2023-12-29" v="49522000000"/>
        <price t="2024-01-02" v="48168000000"/>
        <price t="2024-01-03" v="47569000000"/>
        <price t="2024-01-04" v="47998000000"/>
        <price t="2024-01-05" v="49097000000"/>
        <price t="2024-01-08" v="52253000000"/>
        <price t="2024-01-09" v="53140000000"/>
        <price t="2024-01-10" v="54350000000"/>
        <price t="2024-01-11" v="54822000000"/>
        <price t="2024-01-12" v="54710000000"/>
        <price t="2024-01-16" v="56382000000"/>
        <price t="2024-01-17" v="56053000000"/>
        <price t="2024-01-18" v="57107000000"/>
        <price t="2024-01-19" v="59491000000"/>
        <price t="2024-01-22" v="59654000000"/>
        <price t="2024-01-23" v="59873000000"/>
        <price t="2024-01-24" v="61362000000"/>
        <price t="2024-01-25" v="61617000000"/>
        <price t="2024-01-26" v="61031000000"/>
        <price t="2024-01-29" v="62465000000"/>
        <price t="2024-01-30" v="62774000000"/>
        <price t="2024-01-31" v="61527000000"/>
        <price t="2024-02-01" v="63027000000"/>
        <price t="2024-02-02" v="66160000000"/>
        <price t="2024-02-05" v="69332000000"/>
        <price t="2024-02-06" v="68223000000"/>
        <price t="2024-02-07" v="70099000000"/>
        <price t="2024-02-08" v="69641000000"/>
        <price t="2024-02-09" v="72133000000"/>
        <price t="2024-02-12" v="72248000000"/>
        <price t="2024-02-13" v="72128000000"/>
        <price t="2024-02-14" v="73900000000"/>
        <price t="2024-02-15" v="72658000000"/>
        <price t="2024-02-16" v="72613000000"/>
        <price t="2024-02-20" v="69452000000"/>
        <price t="2024-02-21" v="67472000000"/>
        <price t="2024-02-22" v="78538000000"/>
        <price t="2024-02-23" v="78817000000"/>
        <price t="2024-02-26" v="79092000000"/>
        <price t="2024-02-27" v="78701000000"/>
      </prices>
      <latest t="2024-02-27" v="78701000000">
        <high>-1</high>
        <low>-1</low>
        <volume>-1</volume>
      </latest>
      <attributes>
        <map/>
      </attributes>
      <events/>
      <isRetired>false</isRetired>
      <updatedAt>2024-02-01T14:34:49.830152100Z</updatedAt>
    </security>
  </securities>
  <watchlists/>
  <accounts>
    <account>
      <uuid>a8844383-5b6c-4b59-b786-d48ccafd628b</uuid>
      <name>broker-A (EUR)</name>
      <currencyCode>EUR</currencyCode>
      <isRetired>false</isRetired>
      <transactions>
        <account-transaction>
          <uuid>a7cbb919-dbde-4f17-8a2f-36f1358cd58c</uuid>
          <date>2024-01-13T00:00</date>
          <currencyCode>EUR</currencyCode>
          <amount>174098</amount>
          <security reference="../../../../../securities/security[2]"/>
          <crossEntry class="buysell">
            <portfolio>
              <uuid>ccd0ccf0-d4cd-4c16-8316-2b8727eb514d</uuid>
              <name>broker-A</name>
              <isRetired>false</isRetired>
              <referenceAccount reference="../../../../.."/>
              <transactions>
                <portfolio-transaction>
                  <uuid>6bbca16c-8ff7-4143-88e1-2af4b15b985f</uuid>
                  <date>2024-01-13T00:00</date>
                  <currencyCode>EUR</currencyCode>
                  <amount>174098</amount>
                  <security reference="../../../../../../../../../securities/security[2]"/>
                  <crossEntry class="buysell" reference="../../../.."/>
                  <shares>300000000</shares>
                  <units>
                    <unit type="FEE">
                      <amount currency="EUR" amount="1500"/>
                    </unit>
                    <unit type="TAX">
                      <amount currency="EUR" amount="1000"/>
                    </unit>
                    <unit type="GROSS_VALUE">
                      <amount currency="EUR" amount="171598"/>
                      <forex currency="USD" amount="185961"/>
                      <exchangeRate>0.9227646027</exchangeRate>
                    </unit>
                  </units>
                  <updatedAt>2024-02-27T16:44:56.216036600Z</updatedAt>
                  <type>BUY</type>
                </portfolio-transaction>
              </transactions>
              <attributes>
                <map/>
              </attributes>
              <updatedAt>2023-06-07T17:57:54.777434100Z</updatedAt>
            </portfolio>
            <portfolioTransaction reference="../portfolio/transactions/portfolio-transaction"/>
            <account reference="../../../.."/>
            <accountTransaction reference="../.."/>
          </crossEntry>
          <shares>0</shares>
          <updatedAt>2024-02-27T16:44:56.216036600Z</updatedAt>
          <type>BUY</type>
        </account-transaction>
      </transactions>
      <attributes>
        <map/>
      </attributes>
      <updatedAt>2023-06-07T17:58:03.601398500Z</updatedAt>
    </account>
    <account>
      <uuid>954059d0-d009-47fe-a8e0-4b522a88a2aa</uuid>
      <name>broker-A (USD)</name>
      <currencyCode>USD</currencyCode>
      <isRetired>false</isRetired>
      <transactions>
        <account-transaction>
          <uuid>026ee8e3-16fe-4418-a856-79c0aacc4c82</uuid>
          <date>2024-01-13T00:00</date>
          <currencyCode>USD</currencyCode>
          <amount>1500</amount>
          <security reference="../../../../../securities/security[2]"/>
          <shares>300000000</shares>
          <updatedAt>2024-02-28T00:00:20.757972600Z</updatedAt>
          <type>DIVIDENDS</type>
        </account-transaction>
      </transactions>
      <attributes>
        <map/>
      </attributes>
      <updatedAt>2024-01-13T18:48:11.296788800Z</updatedAt>
    </account>
    <account>
      <uuid>a1ef80f1-b379-4f42-8211-89cacf9a5c21</uuid>
      <name>broker-B (EUR)</name>
      <currencyCode>EUR</currencyCode>
      <isRetired>false</isRetired>
      <transactions/>
      <attributes>
        <map/>
      </attributes>
      <updatedAt>2024-01-13T20:16:10.076875600Z</updatedAt>
    </account>
    <account>
      <uuid>6b80f960-fcef-4bae-ba8e-0163db4962a2</uuid>
      <name>broker-B (USD)</name>
      <currencyCode>USD</currencyCode>
      <isRetired>false</isRetired>
      <transactions/>
      <attributes>
        <map/>
      </attributes>
      <updatedAt>2024-01-13T20:16:30.101652600Z</updatedAt>
    </account>
  </accounts>
  <portfolios>
    <portfolio reference="../../accounts/account/transactions/account-transaction/crossEntry/portfolio"/>
    <portfolio>
      <uuid>4bf19ec7-0129-4aa7-9b16-b1053d435b81</uuid>
      <name>broker-B</name>
      <isRetired>false</isRetired>
      <referenceAccount reference="../../../accounts/account"/>
      <transactions/>
      <attributes>
        <map/>
      </attributes>
      <updatedAt>2024-01-13T10:57:11.323304300Z</updatedAt>
    </portfolio>
  </portfolios>
  <plans/>
  <taxonomies/>
  <dashboards>
    <dashboard name="Dashboard">
      <configuration>
        <entry>
          <string>REPORTING_PERIOD</string>
          <string>L1Y0</string>
        </entry>
      </configuration>
      <columns>
        <column>
          <weight>1</weight>
          <widgets>
            <widget type="HEADING">
              <label>Key Indicators</label>
            </widget>
            <widget type="TTWROR">
              <label>True Time-Weighted Rate of Return (cumulative)</label>
              <configuration/>
            </widget>
            <widget type="IRR">
              <label>Internal Rate of Return (IRR)</label>
              <configuration/>
            </widget>
            <widget type="ABSOLUTE_CHANGE">
              <label>Absolute Change</label>
              <configuration/>
            </widget>
            <widget type="DELTA">
              <label>Delta (for reporting period)</label>
              <configuration/>
            </widget>
            <widget type="HEADING">
              <label>Last Day</label>
            </widget>
            <widget type="TTWROR">
              <label>True Time-Weighted Rate of Return (cumulative)</label>
              <configuration>
                <entry>
                  <string>REPORTING_PERIOD</string>
                  <string>T1</string>
                </entry>
              </configuration>
            </widget>
            <widget type="ABSOLUTE_CHANGE">
              <label>Absolute Change</label>
              <configuration>
                <entry>
                  <string>REPORTING_PERIOD</string>
                  <string>T1</string>
                </entry>
              </configuration>
            </widget>
          </widgets>
        </column>
        <column>
          <weight>1</weight>
          <widgets>
            <widget type="HEADING">
              <label>Risk Indicators</label>
            </widget>
            <widget type="MAXDRAWDOWN">
              <label>Maximum Drawdown</label>
              <configuration/>
            </widget>
            <widget type="MAXDRAWDOWNDURATION">
              <label>Max Drawdown Duration</label>
              <configuration/>
            </widget>
            <widget type="VOLATILITY">
              <label>Volatility</label>
              <configuration/>
            </widget>
            <widget type="SEMIVOLATILITY">
              <label>Semivariance</label>
              <configuration/>
            </widget>
          </widgets>
        </column>
        <column>
          <weight>1</weight>
          <widgets>
            <widget type="HEADING">
              <label>Calculation</label>
            </widget>
            <widget type="CALCULATION">
              <label>Performance Calculation</label>
              <configuration/>
            </widget>
          </widgets>
        </column>
      </columns>
    </dashboard>
  </dashboards>
  <properties>
    <entry>
      <string>security-chart-details</string>
      <string>SCALING_LINEAR,INVESTMENT,DIVIDENDS,EVENTS,SHOW_MAIN_HORIZONTAL_LINES</string>
    </entry>
  </properties>
  <settings>
    <bookmarks>
      <bookmark>
        <label>finance.yahoo.com</label>
        <pattern>http://finance.yahoo.com/quote/{tickerSymbol}</pattern>
      </bookmark>
      <bookmark>
        <label>onvista.de</label>
        <pattern>http://www.onvista.de/suche.html?SEARCH_VALUE={isin}</pattern>
      </bookmark>
      <bookmark>
        <label>finanzen.net</label>
        <pattern>http://www.finanzen.net/suchergebnis.asp?frmAktiensucheTextfeld={isin}</pattern>
      </bookmark>
      <bookmark>
        <label>ariva.de</label>
        <pattern>http://www.ariva.de/{isin}</pattern>
      </bookmark>
      <bookmark>
        <label>justetf.com  (ETF)</label>
        <pattern>https://www.justetf.com/etf-profile.html?isin={isin}</pattern>
      </bookmark>
      <bookmark>
        <label>fondsweb.com</label>
        <pattern>http://www.fondsweb.com/{isin}</pattern>
      </bookmark>
      <bookmark>
        <label>morningstar.de</label>
        <pattern>http://www.morningstar.de/de/funds/SecuritySearchResults.aspx?type=ALL&amp;search={isin}</pattern>
      </bookmark>
      <bookmark>
        <label>extraETF.com (ETF)</label>
        <pattern>https://extraetf.com/etf-profile/{isin}</pattern>
      </bookmark>
      <bookmark>
        <label>alleaktien.de (Share)</label>
        <pattern>https://www.alleaktien.de/quantitativ/{isin}/</pattern>
      </bookmark>
      <bookmark>
        <label>comdirect.de (Share)</label>
        <pattern>https://www.comdirect.de/inf/aktien/{isin}</pattern>
      </bookmark>
      <bookmark>
        <label>comdirect.de (ETF)</label>
        <pattern>https://www.comdirect.de/inf/etfs/{isin}</pattern>
      </bookmark>
      <bookmark>
        <label>divvydiary.com</label>
        <pattern>https://divvydiary.com/symbols/{isin}</pattern>
      </bookmark>
      <bookmark>
        <label>trackingdifferences.com (ETF)</label>
        <pattern>https://www.trackingdifferences.com/ETF/ISIN/{isin}</pattern>
      </bookmark>
      <bookmark>
        <label>tradingview.com</label>
        <pattern>https://www.tradingview.com/chart/?symbol=XETR:{tickerSymbolPrefix}</pattern>
      </bookmark>
      <bookmark>
        <label>cnbc.com (Share)</label>
        <pattern>https://www.cnbc.com/quotes/{tickerSymbolPrefix}</pattern>
      </bookmark>
      <bookmark>
        <label>nasdaq.com (Share)</label>
        <pattern>https://www.nasdaq.com/market-activity/stocks/{tickerSymbolPrefix}</pattern>
      </bookmark>
    </bookmarks>
    <attributeTypes>
      <attribute-type>
        <id>logo</id>
        <name>Logo</name>
        <columnLabel>Logo</columnLabel>
        <target>name.abuchen.portfolio.model.Security</target>
        <type>java.lang.String</type>
        <converterClass>name.abuchen.portfolio.model.AttributeType$ImageConverter</converterClass>
      </attribute-type>
      <attribute-type>
        <id>logo</id>
        <name>Logo</name>
        <columnLabel>Logo</columnLabel>
        <target>name.abuchen.portfolio.model.Account</target>
        <type>java.lang.String</type>
        <converterClass>name.abuchen.portfolio.model.AttributeType$ImageConverter</converterClass>
      </attribute-type>
      <attribute-type>
        <id>logo</id>
        <name>Logo</name>
        <columnLabel>Logo</columnLabel>
        <target>name.abuchen.portfolio.model.Portfolio</target>
        <type>java.lang.String</type>
        <converterClass>name.abuchen.portfolio.model.AttributeType$ImageConverter</converterClass>
      </attribute-type>
      <attribute-type>
        <id>logo</id>
        <name>Logo</name>
        <columnLabel>Logo</columnLabel>
        <target>name.abuchen.portfolio.model.InvestmentPlan</target>
        <type>java.lang.String</type>
        <converterClass>name.abuchen.portfolio.model.AttributeType$ImageConverter</converterClass>
      </attribute-type>
      <attribute-type>
        <id>ter</id>
        <name>Total Expense Ratio (TER)</name>
        <columnLabel>TER</columnLabel>
        <source>ter</source>
        <target>name.abuchen.portfolio.model.Security</target>
        <type>java.lang.Double</type>
        <converterClass>name.abuchen.portfolio.model.AttributeType$PercentConverter</converterClass>
      </attribute-type>
      <attribute-type>
        <id>aum</id>
        <name>Assets under Management</name>
        <columnLabel>AUM</columnLabel>
        <target>name.abuchen.portfolio.model.Security</target>
        <type>java.lang.Long</type>
        <converterClass>name.abuchen.portfolio.model.AttributeType$AmountPlainConverter</converterClass>
      </attribute-type>
      <attribute-type>
        <id>vendor</id>
        <name>Vendor</name>
        <columnLabel>Vendor</columnLabel>
        <source>vendor</source>
        <target>name.abuchen.portfolio.model.Security</target>
        <type>java.lang.String</type>
        <converterClass>name.abuchen.portfolio.model.AttributeType$StringConverter</converterClass>
      </attribute-type>
      <attribute-type>
        <id>acquisitionFee</id>
        <name>Acquisition Fee (percentage)</name>
        <columnLabel>Acquisition Fee</columnLabel>
        <target>name.abuchen.portfolio.model.Security</target>
        <type>java.lang.Double</type>
        <converterClass>name.abuchen.portfolio.model.AttributeType$PercentConverter</converterClass>
      </attribute-type>
      <attribute-type>
        <id>managementFee</id>
        <name>Management Fee (percentage)</name>
        <columnLabel>Management Fee</columnLabel>
        <target>name.abuchen.portfolio.model.Security</target>
        <type>java.lang.Double</type>
        <converterClass>name.abuchen.portfolio.model.AttributeType$PercentConverter</converterClass>
      </attribute-type>
    </attributeTypes>
    <configurationSets>
      <entry>
        <string>StatementOfAssetsHistoryView-PICKER</string>
        <config-set>
          <configurations>
            <config>
              <uuid>6a5bd133-1dd6-439d-a4dd-f1038913cad2</uuid>
              <name>Standard</name>
              <data>Client-totals;#000000;SOLID;false;2,Client-transferals;#808080;SOLID;false;2</data>
            </config>
          </configurations>
        </config-set>
      </entry>
      <entry>
        <string>ReturnsVolatilityChartView-PICKER</string>
        <config-set>
          <configurations>
            <config>
              <uuid>6c2d3073-1d95-4f1f-b51f-03dfac0891dd</uuid>
              <name>Standard</name>
              <data>Client-totals;#000000;SOLID;false;2</data>
            </config>
          </configurations>
        </config-set>
      </entry>
      <entry>
        <string>name.abuchen.portfolio.ui.views.SecuritiesPerformanceView</string>
        <config-set>
          <configurations>
            <config>
              <uuid>3580a087-a144-41e6-b45e-351eb5535064</uuid>
              <name>Standard</name>
              <data>{&quot;items&quot;:[{&quot;id&quot;:&quot;shares&quot;,&quot;width&quot;:87},{&quot;id&quot;:&quot;name&quot;,&quot;sortDirection&quot;:1024,&quot;width&quot;:114},{&quot;id&quot;:&quot;pv&quot;,&quot;width&quot;:235},{&quot;id&quot;:&quot;pp&quot;,&quot;width&quot;:228},{&quot;id&quot;:&quot;quote&quot;,&quot;width&quot;:103},{&quot;id&quot;:&quot;5&quot;,&quot;width&quot;:104},{&quot;id&quot;:&quot;changeonpreviousamount&quot;,&quot;width&quot;:120},{&quot;id&quot;:&quot;mv&quot;,&quot;width&quot;:160},{&quot;id&quot;:&quot;sumdiv&quot;,&quot;width&quot;:130},{&quot;id&quot;:&quot;izf&quot;,&quot;width&quot;:177},{&quot;id&quot;:&quot;delta&quot;,&quot;width&quot;:143},{&quot;id&quot;:&quot;fees&quot;,&quot;width&quot;:80}]}</data>
            </config>
          </configurations>
        </config-set>
      </entry>
      <entry>
        <string>PerformanceChartView-PICKER</string>
        <config-set>
          <configurations>
            <config>
              <uuid>7600e16d-0168-49d1-aadb-18c66a64bc8f</uuid>
              <name>Standard</name>
              <data>Client-totals;#000000;SOLID;false;2</data>
            </config>
          </configurations>
        </config-set>
      </entry>
      <entry>
        <string>name.abuchen.portfolio.ui.views.SecuritiesTable</string>
        <config-set>
          <configurations>
            <config>
              <uuid>ace4b28f-3207-4dc2-95fa-edc3936851f9</uuid>
              <name>Standard</name>
              <data>{&quot;items&quot;:[{&quot;id&quot;:&quot;0&quot;,&quot;sortDirection&quot;:128,&quot;width&quot;:400},{&quot;id&quot;:&quot;note&quot;,&quot;width&quot;:200},{&quot;id&quot;:&quot;1&quot;,&quot;width&quot;:100},{&quot;id&quot;:&quot;2&quot;,&quot;width&quot;:111},{&quot;id&quot;:&quot;7&quot;,&quot;width&quot;:97},{&quot;id&quot;:&quot;4&quot;,&quot;width&quot;:102},{&quot;id&quot;:&quot;5&quot;,&quot;width&quot;:80},{&quot;id&quot;:&quot;changeonpreviousamount&quot;,&quot;width&quot;:136},{&quot;id&quot;:&quot;9&quot;,&quot;width&quot;:164},{&quot;id&quot;:&quot;10&quot;,&quot;width&quot;:171},{&quot;id&quot;:&quot;q-date-first-historic&quot;,&quot;width&quot;:167}]}</data>
            </config>
          </configurations>
        </config-set>
      </entry>
      <entry>
        <string>reporting-periods</string>
        <config-set>
          <configurations>
            <config>
              <uuid></uuid>
              <name></name>
              <data>L1Y0</data>
            </config>
            <config>
              <uuid></uuid>
              <name></name>
              <data>L2Y0</data>
            </config>
            <config>
              <uuid></uuid>
              <name></name>
              <data>L3Y0</data>
            </config>
            <config>
              <uuid></uuid>
              <name></name>
              <data>F2022-06-12_2023-06-12</data>
            </config>
            <config>
              <uuid></uuid>
              <name></name>
              <data>F2020-06-12_2023-06-12</data>
            </config>
            <config>
              <uuid></uuid>
              <name></name>
              <data>F2021-06-12_2023-06-12</data>
            </config>
          </configurations>
        </config-set>
      </entry>
      <entry>
        <string>name.abuchen.portfolio.ui.views.StatementOfAssetsViewer</string>
        <config-set>
          <configurations>
            <config>
              <uuid>5626df9e-7f9b-47e2-b7f4-07557fdf6e55</uuid>
              <name>Standard</name>
              <data>{&quot;items&quot;:[{&quot;id&quot;:&quot;0&quot;,&quot;width&quot;:80},{&quot;id&quot;:&quot;1&quot;,&quot;width&quot;:300},{&quot;id&quot;:&quot;2&quot;,&quot;width&quot;:121},{&quot;id&quot;:&quot;4&quot;,&quot;width&quot;:112},{&quot;id&quot;:&quot;5&quot;,&quot;width&quot;:222},{&quot;id&quot;:&quot;6&quot;,&quot;width&quot;:239},{&quot;id&quot;:&quot;note&quot;,&quot;width&quot;:200}]}</data>
            </config>
          </configurations>
        </config-set>
      </entry>
      <entry>
        <string>client-filter-definitions</string>
        <config-set>
          <configurations/>
        </config-set>
      </entry>
      <entry>
        <string>client-filter-selection</string>
        <config-set>
          <configurations>
            <config>
              <uuid>PaymentsViewModel</uuid>
              <name></name>
              <data></data>
            </config>
          </configurations>
        </config-set>
      </entry>
    </configurationSets>
  </settings>
</client>