<client>
  <version>59</version>
  <baseCurrency>EUR</baseCurrency>
  <securities>
    <security>
      <uuid>0152978e-2ea2-436f-b07a-0333b988ea8b</uuid>
      <name>share-1</name>
      <currencyCode>EUR</currencyCode>
      <tickerSymbol></tickerSymbol>
      <feed>MANUAL</feed>
      <prices>
        <price t="2024-03-01" v="1000000000"/>
        <price t="2024-03-02" v="1000000000"/>
        <price t="2024-03-03" v="1000000000"/>
        <price t="2024-03-04" v="1100000000"/>
        <price t="2024-03-05" v="1200000000"/>
      </prices>
      <latest t="2024-03-18" v="2166000000">
        <high>-1</high>
        <low>-1</low>
        <volume>-1</volume>
      </latest>
      <attributes>
        <map/>
      </attributes>
      <events/>
      <isRetired>false</isRetired>
      <updatedAt>2024-03-18T15:44:55.934099400Z</updatedAt>
    </security>
    <security>
      <uuid>245661d8-6510-40d7-96cc-3f05f7a679ad</uuid>
      <name>share-3</name>
      <currencyCode>EUR</currencyCode>
      <tickerSymbol></tickerSymbol>
      <feed>MANUAL</feed>
      <prices>
        <price t="2024-03-01" v="1200000000"/>
        <price t="2024-03-02" v="1200000000"/>
        <price t="2024-03-03" v="1200000000"/>
        <price t="2024-03-04" v="1300000000"/>
        <price t="2024-03-05" v="1250000000"/>
      </prices>
      <latest t="2024-03-18" v="1358500000">
        <high>-1</high>
        <low>-1</low>
        <volume>-1</volume>
      </latest>
      <attributes>
        <map/>
      </attributes>
      <events/>
      <isRetired>false</isRetired>
      <updatedAt>2024-03-18T15:45:11.866939100Z</updatedAt>
    </security>
    <security>
      <uuid>f63d87ad-768e-4444-95e6-f4a8b1788b52</uuid>
      <name>share-2</name>
      <currencyCode>USD</currencyCode>
      <tickerSymbol></tickerSymbol>
      <feed>MANUAL</feed>
      <prices>
        <price t="2024-03-01" v="1500000000"/>
        <price t="2024-03-02" v="1500000000"/>
        <price t="2024-03-03" v="1500000000"/>
        <price t="2024-03-04" v="1300000000"/>
        <price t="2024-03-05" v="1500000000"/>
      </prices>
      <latest t="2024-03-15" v="49246000000">
        <high>-1</high>
        <low>-1</low>
        <volume>-1</volume>
      </latest>
      <attributes>
        <map/>
      </attributes>
      <events/>
      <isRetired>false</isRetired>
      <updatedAt>2024-03-18T15:45:03.939324Z</updatedAt>
    </security>
  </securities>
  <watchlists/>
  <accounts>
    <account>
      <uuid>a8844383-5b6c-4b59-b786-d48ccafd628b</uuid>
      <name>broker-A (EUR)</name>
      <currencyCode>EUR</currencyCode>
      <isRetired>false</isRetired>
      <transactions>
        <account-transaction>
          <uuid>6de7af2d-3c02-4d4c-969a-c29f2be8b515</uuid>
          <date>2024-03-01T12:00</date>
          <currencyCode>EUR</currencyCode>
          <amount>10500</amount>
          <security reference="../../../../../securities/security"/>
          <crossEntry class="buysell">
            <portfolio>
              <uuid>ccd0ccf0-d4cd-4c16-8316-2b8727eb514d</uuid>
              <name>broker-A</name>
              <isRetired>false</isRetired>
              <referenceAccount reference="../../../../.."/>
              <transactions>
                <portfolio-transaction>
                  <uuid>50825493-fd93-4069-a381-c6fe1fac4438</uuid>
                  <date>2024-03-01T12:00</date>
                  <currencyCode>EUR</currencyCode>
                  <amount>10500</amount>
                  <security reference="../../../../../../../../../securities/security"/>
                  <crossEntry class="buysell" reference="../../../.."/>
                  <shares>1000000000</shares>
                  <note>2</note>
                  <units>
                    <unit type="FEE">
                      <amount currency="EUR" amount="300"/>
                    </unit>
                    <unit type="TAX">
                      <amount currency="EUR" amount="200"/>
                    </unit>
                  </units>
                  <updatedAt>2024-03-05T16:45:26.710096200Z</updatedAt>
                  <type>BUY</type>
                </portfolio-transaction>
                <portfolio-transaction>
                  <uuid>85f60d5c-31be-499a-a28c-72e9e4318071</uuid>
                  <date>2024-03-05T00:00</date>
                  <currencyCode>EUR</currencyCode>
                  <amount>4900</amount>
                  <security reference="../../../../../../../../../securities/security"/>
                  <crossEntry class="buysell">
                    <portfolio reference="../../../.."/>
                    <portfolioTransaction reference="../.."/>
                    <account reference="../../../../../../../.."/>
                    <accountTransaction>
                      <uuid>6fdf2e07-f62d-4b08-aa5f-582e4cf8d50e</uuid>
                      <date>2024-03-05T00:00</date>
                      <currencyCode>EUR</currencyCode>
                      <amount>4900</amount>
                      <security reference="../../../../../../../../../../../securities/security"/>
                      <crossEntry class="buysell" reference="../.."/>
                      <shares>0</shares>
                      <note>6</note>
                      <updatedAt>2024-03-18T10:34:49.343871100Z</updatedAt>
                      <type>SELL</type>
                    </accountTransaction>
                  </crossEntry>
                  <shares>500000000</shares>
                  <note>6</note>
                  <units>
                    <unit type="FEE">
                      <amount currency="EUR" amount="500"/>
                    </unit>
                    <unit type="TAX">
                      <amount currency="EUR" amount="600"/>
                    </unit>
                  </units>
                  <updatedAt>2024-03-18T10:34:49.343871100Z</updatedAt>
                  <type>SELL</type>
                </portfolio-transaction>
                <portfolio-transaction>
                  <uuid>607463fa-a5c3-4547-9a07-ffe1c5deeb6e</uuid>
                  <date>2024-03-03T12:00</date>
                  <currencyCode>USD</currencyCode>
                  <amount>7800</amount>
                  <security reference="../../../../../../../../../securities/security[3]"/>
                  <crossEntry class="buysell">
                    <portfolio reference="../../../.."/>
                    <portfolioTransaction reference="../.."/>
                    <account>
                      <uuid>d7438544-1835-47a1-8e30-2fcc9ca3c308</uuid>
                      <name>broker-A (USD)</name>
                      <currencyCode>USD</currencyCode>
                      <isRetired>false</isRetired>
                      <transactions>
                        <account-transaction>
                          <uuid>d4491717-d326-4199-867b-1986929c281c</uuid>
                          <date>2024-03-03T12:00</date>
                          <currencyCode>USD</currencyCode>
                          <amount>7800</amount>
                          <security reference="../../../../../../../../../../../../../securities/security[3]"/>
                          <crossEntry class="buysell" reference="../../../.."/>
                          <shares>0</shares>
                          <note>4</note>
                          <updatedAt>2024-03-18T15:36:43.968416900Z</updatedAt>
                          <type>BUY</type>
                        </account-transaction>
                        <account-transaction>
                          <uuid>210c8a1a-53e6-40bf-be6b-4f2f005ab259</uuid>
                          <date>2024-03-03T00:00</date>
                          <currencyCode>USD</currencyCode>
                          <amount>8110</amount>
                          <crossEntry class="account-transfer">
                            <accountFrom reference="../../../../../../../../../../../.."/>
                            <transactionFrom>
                              <uuid>555ae223-1166-4fcc-b04d-10e5b39f8453</uuid>
                              <date>2024-03-03T00:00</date>
                              <currencyCode>EUR</currencyCode>
                              <amount>7500</amount>
                              <crossEntry class="account-transfer" reference="../.."/>
                              <shares>0</shares>
                              <note>3</note>
                              <units>
                                <unit type="GROSS_VALUE">
                                  <amount currency="EUR" amount="7500"/>
                                  <forex currency="USD" amount="8110"/>
                                  <exchangeRate>0.9248127254</exchangeRate>
                                </unit>
                              </units>
                              <updatedAt>2024-03-18T10:34:38.735018300Z</updatedAt>
                              <type>TRANSFER_OUT</type>
                            </transactionFrom>
                            <accountTo reference="../../../.."/>
                            <transactionTo reference="../.."/>
                          </crossEntry>
                          <shares>0</shares>
                          <note>3</note>
                          <updatedAt>2024-03-18T10:34:38.735018300Z</updatedAt>
                          <type>TRANSFER_IN</type>
                        </account-transaction>
                      </transactions>
                      <attributes>
                        <map/>
                      </attributes>
                      <updatedAt>2023-12-03T09:41:23.891899100Z</updatedAt>
                    </account>
                    <accountTransaction reference="../account/transactions/account-transaction"/>
                  </crossEntry>
                  <shares>500000000</shares>
                  <note>4</note>
                  <units>
                    <unit type="FEE">
                      <amount currency="USD" amount="100"/>
                    </unit>
                    <unit type="TAX">
                      <amount currency="USD" amount="200"/>
                    </unit>
                  </units>
                  <updatedAt>2024-03-18T15:36:43.968416900Z</updatedAt>
                  <type>BUY</type>
                </portfolio-transaction>
              </transactions>
              <attributes>
                <map/>
              </attributes>
              <updatedAt>2023-06-07T17:57:54.777434100Z</updatedAt>
            </portfolio>
            <portfolioTransaction reference="../portfolio/transactions/portfolio-transaction"/>
            <account reference="../../../.."/>
            <accountTransaction reference="../.."/>
          </crossEntry>
          <shares>0</shares>
          <note>2</note>
          <updatedAt>2024-03-05T16:45:26.710096200Z</updatedAt>
          <type>BUY</type>
        </account-transaction>
        <account-transaction>
          <uuid>517ead2f-ec89-4f99-a477-5a83fcbd297a</uuid>
          <date>2024-03-01T00:00</date>
          <currencyCode>EUR</currencyCode>
          <amount>30000</amount>
          <shares>0</shares>
          <note>1</note>
          <updatedAt>2024-03-18T10:34:34.896980300Z</updatedAt>
          <type>DEPOSIT</type>
        </account-transaction>
        <account-transaction reference="../account-transaction/crossEntry/portfolio/transactions/portfolio-transaction[3]/crossEntry/account/transactions/account-transaction[2]/crossEntry/transactionFrom"/>
        <account-transaction>
          <uuid>b1e88740-a392-4a87-afaf-ab7e3c35968c</uuid>
          <date>2024-03-04T00:00</date>
          <currencyCode>EUR</currencyCode>
          <amount>800</amount>
          <security reference="../../../../../securities/security"/>
          <shares>1000000000</shares>
          <note>5</note>
          <units>
            <unit type="FEE">
              <amount currency="EUR" amount="200"/>
            </unit>
            <unit type="TAX">
              <amount currency="EUR" amount="500"/>
            </unit>
          </units>
          <updatedAt>2024-03-18T10:34:46.750864Z</updatedAt>
          <type>DIVIDENDS</type>
        </account-transaction>
        <account-transaction reference="../account-transaction/crossEntry/portfolio/transactions/portfolio-transaction[2]/crossEntry/accountTransaction"/>
      </transactions>
      <attributes>
        <map/>
      </attributes>
      <updatedAt>2023-06-07T17:58:03.601398500Z</updatedAt>
    </account>
    <account reference="../account/transactions/account-transaction/crossEntry/portfolio/transactions/portfolio-transaction[3]/crossEntry/account"/>
  </accounts>
  <portfolios>
    <portfolio reference="../../accounts/account/transactions/account-transaction/crossEntry/portfolio"/>
  </portfolios>
  <plans/>
  <taxonomies/>
  <dashboards>
    <dashboard name="Dashboard">
      <configuration>
        <entry>
          <string>REPORTING_PERIOD</string>
          <string>L1Y0</string>
        </entry>
      </configuration>
      <columns>
        <column>
          <weight>1</weight>
          <widgets>
            <widget type="HEADING">
              <label>Key Indicators</label>
            </widget>
            <widget type="TTWROR">
              <label>True Time-Weighted Rate of Return (cumulative)</label>
              <configuration/>
            </widget>
            <widget type="IRR">
              <label>Internal Rate of Return (IRR)</label>
              <configuration/>
            </widget>
            <widget type="ABSOLUTE_CHANGE">
              <label>Absolute Change</label>
              <configuration/>
            </widget>
            <widget type="DELTA">
              <label>Delta (for reporting period)</label>
              <configuration/>
            </widget>
            <widget type="HEADING">
              <label>Last Day</label>
            </widget>
            <widget type="TTWROR">
              <label>True Time-Weighted Rate of Return (cumulative)</label>
              <configuration>
                <entry>
                  <string>REPORTING_PERIOD</string>
                  <string>T1</string>
                </entry>
              </configuration>
            </widget>
            <widget type="ABSOLUTE_CHANGE">
              <label>Absolute Change</label>
              <configuration>
                <entry>
                  <string>REPORTING_PERIOD</string>
                  <string>T1</string>
                </entry>
              </configuration>
            </widget>
          </widgets>
        </column>
        <column>
          <weight>1</weight>
          <widgets>
            <widget type="HEADING">
              <label>Risk Indicators</label>
            </widget>
            <widget type="MAXDRAWDOWN">
              <label>Maximum Drawdown</label>
              <configuration>
                <entry>
                  <string>REPORTING_PERIOD</string>
                  <string>F2020-06-12_2023-06-12</string>
                </entry>
              </configuration>
            </widget>
            <widget type="MAXDRAWDOWNDURATION">
              <label>Max Drawdown Duration</label>
              <configuration>
                <entry>
                  <string>REPORTING_PERIOD</string>
                  <string>F2020-06-12_2023-06-12</string>
                </entry>
              </configuration>
            </widget>
            <widget type="VOLATILITY">
              <label>Volatility</label>
              <configuration>
                <entry>
                  <string>REPORTING_PERIOD</string>
                  <string>F2020-06-12_2023-06-12</string>
                </entry>
              </configuration>
            </widget>
            <widget type="SEMIVOLATILITY">
              <label>Semivariance</label>
              <configuration>
                <entry>
                  <string>REPORTING_PERIOD</string>
                  <string>F2020-06-12_2023-06-12</string>
                </entry>
              </configuration>
            </widget>
          </widgets>
        </column>
        <column>
          <weight>1</weight>
          <widgets>
            <widget type="HEADING">
              <label>Calculation</label>
            </widget>
            <widget type="CALCULATION">
              <label>Performance Calculation</label>
              <configuration/>
            </widget>
          </widgets>
        </column>
      </columns>
    </dashboard>
  </dashboards>
  <properties>
    <entry>
      <string>security-chart-details</string>
      <string>SCALING_LINEAR,INVESTMENT,DIVIDENDS,EVENTS,SHOW_MAIN_HORIZONTAL_LINES</string>
    </entry>
  </properties>
  <settings>
    <bookmarks>
      <bookmark>
        <label>finance.yahoo.com</label>
        <pattern>http://finance.yahoo.com/quote/{tickerSymbol}</pattern>
      </bookmark>
      <bookmark>
        <label>onvista.de</label>
        <pattern>http://www.onvista.de/suche.html?SEARCH_VALUE={isin}</pattern>
      </bookmark>
      <bookmark>
        <label>finanzen.net</label>
        <pattern>http://www.finanzen.net/suchergebnis.asp?frmAktiensucheTextfeld={isin}</pattern>
      </bookmark>
      <bookmark>
        <label>ariva.de</label>
        <pattern>http://www.ariva.de/{isin}</pattern>
      </bookmark>
      <bookmark>
        <label>justetf.com  (ETF)</label>
        <pattern>https://www.justetf.com/etf-profile.html?isin={isin}</pattern>
      </bookmark>
      <bookmark>
        <label>fondsweb.com</label>
        <pattern>http://www.fondsweb.com/{isin}</pattern>
      </bookmark>
      <bookmark>
        <label>morningstar.de</label>
        <pattern>http://www.morningstar.de/de/funds/SecuritySearchResults.aspx?type=ALL&amp;search={isin}</pattern>
      </bookmark>
      <bookmark>
        <label>extraETF.com (ETF)</label>
        <pattern>https://extraetf.com/etf-profile/{isin}</pattern>
      </bookmark>
      <bookmark>
        <label>alleaktien.de (Share)</label>
        <pattern>https://www.alleaktien.de/quantitativ/{isin}/</pattern>
      </bookmark>
      <bookmark>
        <label>comdirect.de (Share)</label>
        <pattern>https://www.comdirect.de/inf/aktien/{isin}</pattern>
      </bookmark>
      <bookmark>
        <label>comdirect.de (ETF)</label>
        <pattern>https://www.comdirect.de/inf/etfs/{isin}</pattern>
      </bookmark>
      <bookmark>
        <label>divvydiary.com</label>
        <pattern>https://divvydiary.com/symbols/{isin}</pattern>
      </bookmark>
      <bookmark>
        <label>trackingdifferences.com (ETF)</label>
        <pattern>https://www.trackingdifferences.com/ETF/ISIN/{isin}</pattern>
      </bookmark>
      <bookmark>
        <label>tradingview.com</label>
        <pattern>https://www.tradingview.com/chart/?symbol=XETR:{tickerSymbolPrefix}</pattern>
      </bookmark>
      <bookmark>
        <label>cnbc.com (Share)</label>
        <pattern>https://www.cnbc.com/quotes/{tickerSymbolPrefix}</pattern>
      </bookmark>
      <bookmark>
        <label>nasdaq.com (Share)</label>
        <pattern>https://www.nasdaq.com/market-activity/stocks/{tickerSymbolPrefix}</pattern>
      </bookmark>
    </bookmarks>
    <attributeTypes>
      <attribute-type>
        <id>logo</id>
        <name>Logo</name>
        <columnLabel>Logo</columnLabel>
        <target>name.abuchen.portfolio.model.Security</target>
        <type>java.lang.String</type>
        <converterClass>name.abuchen.portfolio.model.AttributeType$ImageConverter</converterClass>
      </attribute-type>
      <attribute-type>
        <id>logo</id>
        <name>Logo</name>
        <columnLabel>Logo</columnLabel>
        <target>name.abuchen.portfolio.model.Account</target>
        <type>java.lang.String</type>
        <converterClass>name.abuchen.portfolio.model.AttributeType$ImageConverter</converterClass>
      </attribute-type>
      <attribute-type>
        <id>logo</id>
        <name>Logo</name>
        <columnLabel>Logo</columnLabel>
        <target>name.abuchen.portfolio.model.Portfolio</target>
        <type>java.lang.String</type>
        <converterClass>name.abuchen.portfolio.model.AttributeType$ImageConverter</converterClass>
      </attribute-type>
      <attribute-type>
        <id>logo</id>
        <name>Logo</name>
        <columnLabel>Logo</columnLabel>
        <target>name.abuchen.portfolio.model.InvestmentPlan</target>
        <type>java.lang.String</type>
        <converterClass>name.abuchen.portfolio.model.AttributeType$ImageConverter</converterClass>
      </attribute-type>
      <attribute-type>
        <id>ter</id>
        <name>Total Expense Ratio (TER)</name>
        <columnLabel>TER</columnLabel>
        <source>ter</source>
        <target>name.abuchen.portfolio.model.Security</target>
        <type>java.lang.Double</type>
        <converterClass>name.abuchen.portfolio.model.AttributeType$PercentConverter</converterClass>
      </attribute-type>
      <attribute-type>
        <id>aum</id>
        <name>Assets under Management</name>
        <columnLabel>AUM</columnLabel>
        <target>name.abuchen.portfolio.model.Security</target>
        <type>java.lang.Long</type>
        <converterClass>name.abuchen.portfolio.model.AttributeType$AmountPlainConverter</converterClass>
      </attribute-type>
      <attribute-type>
        <id>vendor</id>
        <name>Vendor</name>
        <columnLabel>Vendor</columnLabel>
        <source>vendor</source>
        <target>name.abuchen.portfolio.model.Security</target>
        <type>java.lang.String</type>
        <converterClass>name.abuchen.portfolio.model.AttributeType$StringConverter</converterClass>
      </attribute-type>
      <attribute-type>
        <id>acquisitionFee</id>
        <name>Acquisition Fee (percentage)</name>
        <columnLabel>Acquisition Fee</columnLabel>
        <target>name.abuchen.portfolio.model.Security</target>
        <type>java.lang.Double</type>
        <converterClass>name.abuchen.portfolio.model.AttributeType$PercentConverter</converterClass>
      </attribute-type>
      <attribute-type>
        <id>managementFee</id>
        <name>Management Fee (percentage)</name>
        <columnLabel>Management Fee</columnLabel>
        <target>name.abuchen.portfolio.model.Security</target>
        <type>java.lang.Double</type>
        <converterClass>name.abuchen.portfolio.model.AttributeType$PercentConverter</converterClass>
      </attribute-type>
    </attributeTypes>
    <configurationSets>
      <entry>
        <string>StatementOfAssetsHistoryView-PICKER</string>
        <config-set>
          <configurations>
            <config>
              <uuid>ec4dc660-8854-43ad-80d4-31584fe10e19</uuid>
              <name>Standard</name>
              <data>Client-totals;#000000;SOLID;false;2,Client-transferals;#808080;SOLID;false;2</data>
            </config>
          </configurations>
        </config-set>
      </entry>
      <entry>
        <string>ReturnsVolatilityChartView-PICKER</string>
        <config-set>
          <configurations>
            <config>
              <uuid>6c2d3073-1d95-4f1f-b51f-03dfac0891dd</uuid>
              <name>Standard</name>
              <data>Client-totals;#000000;SOLID;false;2</data>
            </config>
          </configurations>
        </config-set>
      </entry>
      <entry>
        <string>name.abuchen.portfolio.ui.views.SecuritiesPerformanceView</string>
        <config-set>
          <configurations>
            <config>
              <uuid>3580a087-a144-41e6-b45e-351eb5535064</uuid>
              <name>Standard</name>
              <data>{&quot;items&quot;:[{&quot;id&quot;:&quot;shares&quot;,&quot;width&quot;:109},{&quot;id&quot;:&quot;name&quot;,&quot;sortDirection&quot;:128,&quot;width&quot;:114},{&quot;id&quot;:&quot;pv&quot;,&quot;width&quot;:122},{&quot;id&quot;:&quot;pp&quot;,&quot;width&quot;:228},{&quot;id&quot;:&quot;quote&quot;,&quot;width&quot;:103},{&quot;id&quot;:&quot;5&quot;,&quot;width&quot;:104},{&quot;id&quot;:&quot;changeonpreviousamount&quot;,&quot;width&quot;:120},{&quot;id&quot;:&quot;mv&quot;,&quot;width&quot;:160},{&quot;id&quot;:&quot;sumdiv&quot;,&quot;width&quot;:130},{&quot;id&quot;:&quot;izf&quot;,&quot;width&quot;:177},{&quot;id&quot;:&quot;delta&quot;,&quot;width&quot;:143},{&quot;id&quot;:&quot;twror&quot;,&quot;width&quot;:104}]}</data>
            </config>
          </configurations>
        </config-set>
      </entry>
      <entry>
        <string>PerformanceChartView-PICKER</string>
        <config-set>
          <configurations>
            <config>
              <uuid>7600e16d-0168-49d1-aadb-18c66a64bc8f</uuid>
              <name>Standard</name>
              <data>Client-totals;#000000;SOLID;false;2,Security0152978e-2ea2-436f-b07a-0333b988ea8b;#e2797c;SOLID;false;2,Securityf63d87ad-768e-4444-95e6-f4a8b1788b52;#e2a079;SOLID;false;2</data>
            </config>
          </configurations>
        </config-set>
      </entry>
      <entry>
        <string>name.abuchen.portfolio.ui.views.SecuritiesTable</string>
        <config-set>
          <configurations>
            <config>
              <uuid>ace4b28f-3207-4dc2-95fa-edc3936851f9</uuid>
              <name>Standard</name>
              <data>{&quot;items&quot;:[{&quot;id&quot;:&quot;0&quot;,&quot;sortDirection&quot;:128,&quot;width&quot;:114},{&quot;id&quot;:&quot;4&quot;,&quot;width&quot;:149},{&quot;id&quot;:&quot;5&quot;,&quot;width&quot;:137},{&quot;id&quot;:&quot;changeonpreviousamount&quot;,&quot;width&quot;:109},{&quot;id&quot;:&quot;9&quot;,&quot;width&quot;:145},{&quot;id&quot;:&quot;10&quot;,&quot;width&quot;:140},{&quot;id&quot;:&quot;q-date-first-historic&quot;,&quot;width&quot;:132}]}</data>
            </config>
          </configurations>
        </config-set>
      </entry>
      <entry>
        <string>reporting-periods</string>
        <config-set>
          <configurations>
            <config>
              <uuid></uuid>
              <name></name>
              <data>F2022-06-12_2023-06-12</data>
            </config>
            <config>
              <uuid></uuid>
              <name></name>
              <data>F2021-06-12_2023-06-12</data>
            </config>
            <config>
              <uuid></uuid>
              <name></name>
              <data>F2020-06-12_2023-06-12</data>
            </config>
            <config>
              <uuid></uuid>
              <name></name>
              <data>L1Y0</data>
            </config>
            <config>
              <uuid></uuid>
              <name></name>
              <data>L2Y0</data>
            </config>
            <config>
              <uuid></uuid>
              <name></name>
              <data>L3Y0</data>
            </config>
            <config>
              <uuid></uuid>
              <name></name>
              <data>P</data>
            </config>
            <config>
              <uuid></uuid>
              <name></name>
              <data>F2023-06-11_2023-06-12</data>
            </config>
            <config>
              <uuid></uuid>
              <name></name>
              <data>F2024-02-28_2024-03-05</data>
            </config>
          </configurations>
        </config-set>
      </entry>
      <entry>
        <string>name.abuchen.portfolio.ui.views.StatementOfAssetsViewer</string>
        <config-set>
          <configurations>
            <config>
              <uuid>5626df9e-7f9b-47e2-b7f4-07557fdf6e55</uuid>
              <name>Standard</name>
              <data>{&quot;items&quot;:[{&quot;id&quot;:&quot;0&quot;,&quot;width&quot;:80},{&quot;id&quot;:&quot;1&quot;,&quot;width&quot;:300},{&quot;id&quot;:&quot;2&quot;,&quot;width&quot;:121},{&quot;id&quot;:&quot;4&quot;,&quot;width&quot;:112},{&quot;id&quot;:&quot;5&quot;,&quot;width&quot;:222},{&quot;id&quot;:&quot;6&quot;,&quot;width&quot;:239},{&quot;id&quot;:&quot;note&quot;,&quot;width&quot;:200}]}</data>
            </config>
          </configurations>
        </config-set>
      </entry>
      <entry>
        <string>client-filter-definitions</string>
        <config-set>
          <configurations/>
        </config-set>
      </entry>
      <entry>
        <string>client-filter-selection</string>
        <config-set>
          <configurations>
            <config>
              <uuid>PaymentsViewModel</uuid>
              <name></name>
              <data></data>
            </config>
            <config>
              <uuid>AllTransactionsView</uuid>
              <name></name>
              <data></data>
            </config>
            <config>
              <uuid>StatementOfAssetsView</uuid>
              <name></name>
              <data></data>
            </config>
          </configurations>
        </config-set>
      </entry>
    </configurationSets>
  </settings>
</client>